ARM GAS  C:\Users\MARCUS~1\AppData\Local\Temp\ccTnmAEx.s 			page 1


   1              		.syntax unified
   2              		.cpu cortex-m3
   3              		.fpu softvfp
   4              		.eabi_attribute 20, 1
   5              		.eabi_attribute 21, 1
   6              		.eabi_attribute 23, 3
   7              		.eabi_attribute 24, 1
   8              		.eabi_attribute 25, 1
   9              		.eabi_attribute 26, 1
  10              		.eabi_attribute 30, 1
  11              		.eabi_attribute 34, 1
  12              		.eabi_attribute 18, 4
  13              		.thumb
  14              		.syntax unified
  15              		.file	"ShiftReg_GREEN_PM.c"
  16              		.text
  17              	.Ltext0:
  18              		.cfi_sections	.debug_frame
  19              		.section	.text.ShiftReg_GREEN_SaveConfig,"ax",%progbits
  20              		.align	2
  21              		.global	ShiftReg_GREEN_SaveConfig
  22              		.thumb
  23              		.thumb_func
  24              		.type	ShiftReg_GREEN_SaveConfig, %function
  25              	ShiftReg_GREEN_SaveConfig:
  26              	.LFB0:
  27              		.file 1 "Generated_Source\\PSoC5\\ShiftReg_GREEN_PM.c"
   1:Generated_Source\PSoC5/ShiftReg_GREEN_PM.c **** /*******************************************************************************
   2:Generated_Source\PSoC5/ShiftReg_GREEN_PM.c **** * File Name: ShiftReg_GREEN_PM.c
   3:Generated_Source\PSoC5/ShiftReg_GREEN_PM.c **** * Version 2.30
   4:Generated_Source\PSoC5/ShiftReg_GREEN_PM.c **** *
   5:Generated_Source\PSoC5/ShiftReg_GREEN_PM.c **** * Description:
   6:Generated_Source\PSoC5/ShiftReg_GREEN_PM.c **** *  This file provides the API source code for sleep mode support for Shift
   7:Generated_Source\PSoC5/ShiftReg_GREEN_PM.c **** *  Register component.
   8:Generated_Source\PSoC5/ShiftReg_GREEN_PM.c **** *
   9:Generated_Source\PSoC5/ShiftReg_GREEN_PM.c **** * Note:
  10:Generated_Source\PSoC5/ShiftReg_GREEN_PM.c **** *
  11:Generated_Source\PSoC5/ShiftReg_GREEN_PM.c **** ********************************************************************************
  12:Generated_Source\PSoC5/ShiftReg_GREEN_PM.c **** * Copyright 2008-2013, Cypress Semiconductor Corporation.  All rights reserved.
  13:Generated_Source\PSoC5/ShiftReg_GREEN_PM.c **** * You may use this file only in accordance with the license, terms, conditions,
  14:Generated_Source\PSoC5/ShiftReg_GREEN_PM.c **** * disclaimers, and limitations in the end user license agreement accompanying
  15:Generated_Source\PSoC5/ShiftReg_GREEN_PM.c **** * the software package with which this file was provided.
  16:Generated_Source\PSoC5/ShiftReg_GREEN_PM.c **** *******************************************************************************/
  17:Generated_Source\PSoC5/ShiftReg_GREEN_PM.c **** 
  18:Generated_Source\PSoC5/ShiftReg_GREEN_PM.c **** #include "ShiftReg_GREEN.h"
  19:Generated_Source\PSoC5/ShiftReg_GREEN_PM.c **** 
  20:Generated_Source\PSoC5/ShiftReg_GREEN_PM.c **** static ShiftReg_GREEN_BACKUP_STRUCT ShiftReg_GREEN_backup =
  21:Generated_Source\PSoC5/ShiftReg_GREEN_PM.c **** {
  22:Generated_Source\PSoC5/ShiftReg_GREEN_PM.c ****     ShiftReg_GREEN_DISABLED,
  23:Generated_Source\PSoC5/ShiftReg_GREEN_PM.c **** 
  24:Generated_Source\PSoC5/ShiftReg_GREEN_PM.c ****     ((uint8) ShiftReg_GREEN_DEFAULT_A0),
  25:Generated_Source\PSoC5/ShiftReg_GREEN_PM.c ****     ((uint8) ShiftReg_GREEN_DEFAULT_A1),
  26:Generated_Source\PSoC5/ShiftReg_GREEN_PM.c **** 
  27:Generated_Source\PSoC5/ShiftReg_GREEN_PM.c ****     #if(CY_UDB_V0)
  28:Generated_Source\PSoC5/ShiftReg_GREEN_PM.c ****         ((uint8) ShiftReg_GREEN_INT_SRC),
  29:Generated_Source\PSoC5/ShiftReg_GREEN_PM.c ****     #endif /* (CY_UDB_V0) */
  30:Generated_Source\PSoC5/ShiftReg_GREEN_PM.c **** };
ARM GAS  C:\Users\MARCUS~1\AppData\Local\Temp\ccTnmAEx.s 			page 2


  31:Generated_Source\PSoC5/ShiftReg_GREEN_PM.c **** 
  32:Generated_Source\PSoC5/ShiftReg_GREEN_PM.c **** 
  33:Generated_Source\PSoC5/ShiftReg_GREEN_PM.c **** /*******************************************************************************
  34:Generated_Source\PSoC5/ShiftReg_GREEN_PM.c **** * Function Name: ShiftReg_GREEN_SaveConfig
  35:Generated_Source\PSoC5/ShiftReg_GREEN_PM.c **** ********************************************************************************
  36:Generated_Source\PSoC5/ShiftReg_GREEN_PM.c **** *
  37:Generated_Source\PSoC5/ShiftReg_GREEN_PM.c **** * Summary:
  38:Generated_Source\PSoC5/ShiftReg_GREEN_PM.c **** *  Saves Shift Register configuration.
  39:Generated_Source\PSoC5/ShiftReg_GREEN_PM.c **** *
  40:Generated_Source\PSoC5/ShiftReg_GREEN_PM.c **** * Parameters:
  41:Generated_Source\PSoC5/ShiftReg_GREEN_PM.c **** *  None.
  42:Generated_Source\PSoC5/ShiftReg_GREEN_PM.c **** *
  43:Generated_Source\PSoC5/ShiftReg_GREEN_PM.c **** * Return:
  44:Generated_Source\PSoC5/ShiftReg_GREEN_PM.c **** *  None.
  45:Generated_Source\PSoC5/ShiftReg_GREEN_PM.c **** *
  46:Generated_Source\PSoC5/ShiftReg_GREEN_PM.c **** * Reentrant:
  47:Generated_Source\PSoC5/ShiftReg_GREEN_PM.c **** *  No.
  48:Generated_Source\PSoC5/ShiftReg_GREEN_PM.c **** *
  49:Generated_Source\PSoC5/ShiftReg_GREEN_PM.c **** *******************************************************************************/
  50:Generated_Source\PSoC5/ShiftReg_GREEN_PM.c **** void ShiftReg_GREEN_SaveConfig(void) 
  51:Generated_Source\PSoC5/ShiftReg_GREEN_PM.c **** {
  28              		.loc 1 51 0
  29              		.cfi_startproc
  30              		@ args = 0, pretend = 0, frame = 0
  31              		@ frame_needed = 0, uses_anonymous_args = 0
  32              		@ link register save eliminated.
  52:Generated_Source\PSoC5/ShiftReg_GREEN_PM.c ****     /* Store working registers A0 and A1 */
  53:Generated_Source\PSoC5/ShiftReg_GREEN_PM.c ****     ShiftReg_GREEN_backup.saveSrA0Reg   = CY_GET_REG8(ShiftReg_GREEN_SHIFT_REG_LSB_PTR);
  33              		.loc 1 53 0
  34 0000 034B     		ldr	r3, .L2
  35 0002 1A78     		ldrb	r2, [r3]	@ zero_extendqisi2
  36 0004 034B     		ldr	r3, .L2+4
  37 0006 5A70     		strb	r2, [r3, #1]
  54:Generated_Source\PSoC5/ShiftReg_GREEN_PM.c ****     ShiftReg_GREEN_backup.saveSrA1Reg   = CY_GET_REG8(ShiftReg_GREEN_SHIFT_REG_VALUE_LSB_PTR);
  38              		.loc 1 54 0
  39 0008 034A     		ldr	r2, .L2+8
  40 000a 1278     		ldrb	r2, [r2]	@ zero_extendqisi2
  41 000c 9A70     		strb	r2, [r3, #2]
  42 000e 7047     		bx	lr
  43              	.L3:
  44              		.align	2
  45              	.L2:
  46 0010 09650040 		.word	1073767689
  47 0014 00000000 		.word	.LANCHOR0
  48 0018 19650040 		.word	1073767705
  49              		.cfi_endproc
  50              	.LFE0:
  51              		.size	ShiftReg_GREEN_SaveConfig, .-ShiftReg_GREEN_SaveConfig
  52              		.section	.text.ShiftReg_GREEN_RestoreConfig,"ax",%progbits
  53              		.align	2
  54              		.global	ShiftReg_GREEN_RestoreConfig
  55              		.thumb
  56              		.thumb_func
  57              		.type	ShiftReg_GREEN_RestoreConfig, %function
  58              	ShiftReg_GREEN_RestoreConfig:
  59              	.LFB1:
  55:Generated_Source\PSoC5/ShiftReg_GREEN_PM.c **** 
ARM GAS  C:\Users\MARCUS~1\AppData\Local\Temp\ccTnmAEx.s 			page 3


  56:Generated_Source\PSoC5/ShiftReg_GREEN_PM.c ****     #if(CY_UDB_V0)
  57:Generated_Source\PSoC5/ShiftReg_GREEN_PM.c ****         ShiftReg_GREEN_backup.saveSrIntMask = ShiftReg_GREEN_SR_STATUS_MASK;
  58:Generated_Source\PSoC5/ShiftReg_GREEN_PM.c ****     #endif /* (CY_UDB_V0) */
  59:Generated_Source\PSoC5/ShiftReg_GREEN_PM.c **** }
  60:Generated_Source\PSoC5/ShiftReg_GREEN_PM.c **** 
  61:Generated_Source\PSoC5/ShiftReg_GREEN_PM.c **** 
  62:Generated_Source\PSoC5/ShiftReg_GREEN_PM.c **** /*******************************************************************************
  63:Generated_Source\PSoC5/ShiftReg_GREEN_PM.c **** * Function Name: ShiftReg_GREEN_RestoreConfig
  64:Generated_Source\PSoC5/ShiftReg_GREEN_PM.c **** ********************************************************************************
  65:Generated_Source\PSoC5/ShiftReg_GREEN_PM.c **** *
  66:Generated_Source\PSoC5/ShiftReg_GREEN_PM.c **** * Summary:
  67:Generated_Source\PSoC5/ShiftReg_GREEN_PM.c **** *  Restores Shift Register configuration.
  68:Generated_Source\PSoC5/ShiftReg_GREEN_PM.c **** *
  69:Generated_Source\PSoC5/ShiftReg_GREEN_PM.c **** * Parameters:
  70:Generated_Source\PSoC5/ShiftReg_GREEN_PM.c **** *  None.
  71:Generated_Source\PSoC5/ShiftReg_GREEN_PM.c **** *
  72:Generated_Source\PSoC5/ShiftReg_GREEN_PM.c **** * Return:
  73:Generated_Source\PSoC5/ShiftReg_GREEN_PM.c **** *  None.
  74:Generated_Source\PSoC5/ShiftReg_GREEN_PM.c **** *
  75:Generated_Source\PSoC5/ShiftReg_GREEN_PM.c **** *******************************************************************************/
  76:Generated_Source\PSoC5/ShiftReg_GREEN_PM.c **** void ShiftReg_GREEN_RestoreConfig(void) 
  77:Generated_Source\PSoC5/ShiftReg_GREEN_PM.c **** {
  60              		.loc 1 77 0
  61              		.cfi_startproc
  62              		@ args = 0, pretend = 0, frame = 0
  63              		@ frame_needed = 0, uses_anonymous_args = 0
  64              		@ link register save eliminated.
  78:Generated_Source\PSoC5/ShiftReg_GREEN_PM.c ****     /* Restore working registers A0 and A1 */
  79:Generated_Source\PSoC5/ShiftReg_GREEN_PM.c ****     CY_SET_REG8(ShiftReg_GREEN_SHIFT_REG_LSB_PTR, ShiftReg_GREEN_backup.saveSrA0Reg);
  65              		.loc 1 79 0
  66 0000 034B     		ldr	r3, .L5
  67 0002 5978     		ldrb	r1, [r3, #1]	@ zero_extendqisi2
  68 0004 034A     		ldr	r2, .L5+4
  69 0006 1170     		strb	r1, [r2]
  80:Generated_Source\PSoC5/ShiftReg_GREEN_PM.c ****     CY_SET_REG8(ShiftReg_GREEN_SHIFT_REG_VALUE_LSB_PTR, ShiftReg_GREEN_backup.saveSrA1Reg);
  70              		.loc 1 80 0
  71 0008 9A78     		ldrb	r2, [r3, #2]	@ zero_extendqisi2
  72 000a 034B     		ldr	r3, .L5+8
  73 000c 1A70     		strb	r2, [r3]
  74 000e 7047     		bx	lr
  75              	.L6:
  76              		.align	2
  77              	.L5:
  78 0010 00000000 		.word	.LANCHOR0
  79 0014 09650040 		.word	1073767689
  80 0018 19650040 		.word	1073767705
  81              		.cfi_endproc
  82              	.LFE1:
  83              		.size	ShiftReg_GREEN_RestoreConfig, .-ShiftReg_GREEN_RestoreConfig
  84              		.section	.text.ShiftReg_GREEN_Sleep,"ax",%progbits
  85              		.align	2
  86              		.global	ShiftReg_GREEN_Sleep
  87              		.thumb
  88              		.thumb_func
  89              		.type	ShiftReg_GREEN_Sleep, %function
  90              	ShiftReg_GREEN_Sleep:
  91              	.LFB2:
ARM GAS  C:\Users\MARCUS~1\AppData\Local\Temp\ccTnmAEx.s 			page 4


  81:Generated_Source\PSoC5/ShiftReg_GREEN_PM.c **** 
  82:Generated_Source\PSoC5/ShiftReg_GREEN_PM.c ****     #if(CY_UDB_V0)
  83:Generated_Source\PSoC5/ShiftReg_GREEN_PM.c ****         ShiftReg_GREEN_SR_STATUS_MASK = ((uint8) ShiftReg_GREEN_backup.saveSrIntMask);
  84:Generated_Source\PSoC5/ShiftReg_GREEN_PM.c ****     #endif /* (CY_UDB_V0) */
  85:Generated_Source\PSoC5/ShiftReg_GREEN_PM.c **** }
  86:Generated_Source\PSoC5/ShiftReg_GREEN_PM.c **** 
  87:Generated_Source\PSoC5/ShiftReg_GREEN_PM.c **** 
  88:Generated_Source\PSoC5/ShiftReg_GREEN_PM.c **** /*******************************************************************************
  89:Generated_Source\PSoC5/ShiftReg_GREEN_PM.c **** * Function Name: ShiftReg_GREEN_Sleep
  90:Generated_Source\PSoC5/ShiftReg_GREEN_PM.c **** ********************************************************************************
  91:Generated_Source\PSoC5/ShiftReg_GREEN_PM.c **** *
  92:Generated_Source\PSoC5/ShiftReg_GREEN_PM.c **** * Summary:
  93:Generated_Source\PSoC5/ShiftReg_GREEN_PM.c **** *  Prepare the component to enter a Sleep mode.
  94:Generated_Source\PSoC5/ShiftReg_GREEN_PM.c **** *
  95:Generated_Source\PSoC5/ShiftReg_GREEN_PM.c **** * Parameters:
  96:Generated_Source\PSoC5/ShiftReg_GREEN_PM.c **** *  None.
  97:Generated_Source\PSoC5/ShiftReg_GREEN_PM.c **** *
  98:Generated_Source\PSoC5/ShiftReg_GREEN_PM.c **** * Return:
  99:Generated_Source\PSoC5/ShiftReg_GREEN_PM.c **** *  None.
 100:Generated_Source\PSoC5/ShiftReg_GREEN_PM.c **** *
 101:Generated_Source\PSoC5/ShiftReg_GREEN_PM.c **** * Reentrant:
 102:Generated_Source\PSoC5/ShiftReg_GREEN_PM.c **** *  No.
 103:Generated_Source\PSoC5/ShiftReg_GREEN_PM.c **** *
 104:Generated_Source\PSoC5/ShiftReg_GREEN_PM.c **** *******************************************************************************/
 105:Generated_Source\PSoC5/ShiftReg_GREEN_PM.c **** void ShiftReg_GREEN_Sleep(void) 
 106:Generated_Source\PSoC5/ShiftReg_GREEN_PM.c **** {
  92              		.loc 1 106 0
  93              		.cfi_startproc
  94              		@ args = 0, pretend = 0, frame = 0
  95              		@ frame_needed = 0, uses_anonymous_args = 0
  96 0000 08B5     		push	{r3, lr}
  97              		.cfi_def_cfa_offset 8
  98              		.cfi_offset 3, -8
  99              		.cfi_offset 14, -4
 107:Generated_Source\PSoC5/ShiftReg_GREEN_PM.c ****     ShiftReg_GREEN_backup.enableState = ((uint8) ShiftReg_GREEN_IS_ENABLED);
 100              		.loc 1 107 0
 101 0002 054B     		ldr	r3, .L9
 102 0004 1B78     		ldrb	r3, [r3]	@ zero_extendqisi2
 103 0006 03F00103 		and	r3, r3, #1
 104 000a 044A     		ldr	r2, .L9+4
 105 000c 1370     		strb	r3, [r2]
 108:Generated_Source\PSoC5/ShiftReg_GREEN_PM.c **** 
 109:Generated_Source\PSoC5/ShiftReg_GREEN_PM.c ****     ShiftReg_GREEN_Stop();
 106              		.loc 1 109 0
 107 000e FFF7FEFF 		bl	ShiftReg_GREEN_Stop
 108              	.LVL0:
 110:Generated_Source\PSoC5/ShiftReg_GREEN_PM.c ****     ShiftReg_GREEN_SaveConfig();
 109              		.loc 1 110 0
 110 0012 FFF7FEFF 		bl	ShiftReg_GREEN_SaveConfig
 111              	.LVL1:
 112 0016 08BD     		pop	{r3, pc}
 113              	.L10:
 114              		.align	2
 115              	.L9:
 116 0018 79640040 		.word	1073767545
 117 001c 00000000 		.word	.LANCHOR0
 118              		.cfi_endproc
ARM GAS  C:\Users\MARCUS~1\AppData\Local\Temp\ccTnmAEx.s 			page 5


 119              	.LFE2:
 120              		.size	ShiftReg_GREEN_Sleep, .-ShiftReg_GREEN_Sleep
 121              		.section	.text.ShiftReg_GREEN_Wakeup,"ax",%progbits
 122              		.align	2
 123              		.global	ShiftReg_GREEN_Wakeup
 124              		.thumb
 125              		.thumb_func
 126              		.type	ShiftReg_GREEN_Wakeup, %function
 127              	ShiftReg_GREEN_Wakeup:
 128              	.LFB3:
 111:Generated_Source\PSoC5/ShiftReg_GREEN_PM.c **** }
 112:Generated_Source\PSoC5/ShiftReg_GREEN_PM.c **** 
 113:Generated_Source\PSoC5/ShiftReg_GREEN_PM.c **** 
 114:Generated_Source\PSoC5/ShiftReg_GREEN_PM.c **** /*******************************************************************************
 115:Generated_Source\PSoC5/ShiftReg_GREEN_PM.c **** * Function Name: ShiftReg_GREEN_Wakeup
 116:Generated_Source\PSoC5/ShiftReg_GREEN_PM.c **** ********************************************************************************
 117:Generated_Source\PSoC5/ShiftReg_GREEN_PM.c **** *
 118:Generated_Source\PSoC5/ShiftReg_GREEN_PM.c **** * Summary:
 119:Generated_Source\PSoC5/ShiftReg_GREEN_PM.c **** *  Restores and enables the user configuration.
 120:Generated_Source\PSoC5/ShiftReg_GREEN_PM.c **** *
 121:Generated_Source\PSoC5/ShiftReg_GREEN_PM.c **** * Parameters:
 122:Generated_Source\PSoC5/ShiftReg_GREEN_PM.c **** *  None.
 123:Generated_Source\PSoC5/ShiftReg_GREEN_PM.c **** *
 124:Generated_Source\PSoC5/ShiftReg_GREEN_PM.c **** * Return:
 125:Generated_Source\PSoC5/ShiftReg_GREEN_PM.c **** *  None.
 126:Generated_Source\PSoC5/ShiftReg_GREEN_PM.c **** *
 127:Generated_Source\PSoC5/ShiftReg_GREEN_PM.c **** *******************************************************************************/
 128:Generated_Source\PSoC5/ShiftReg_GREEN_PM.c **** void ShiftReg_GREEN_Wakeup(void) 
 129:Generated_Source\PSoC5/ShiftReg_GREEN_PM.c **** {
 129              		.loc 1 129 0
 130              		.cfi_startproc
 131              		@ args = 0, pretend = 0, frame = 0
 132              		@ frame_needed = 0, uses_anonymous_args = 0
 133 0000 08B5     		push	{r3, lr}
 134              		.cfi_def_cfa_offset 8
 135              		.cfi_offset 3, -8
 136              		.cfi_offset 14, -4
 130:Generated_Source\PSoC5/ShiftReg_GREEN_PM.c ****     ShiftReg_GREEN_RestoreConfig();
 137              		.loc 1 130 0
 138 0002 FFF7FEFF 		bl	ShiftReg_GREEN_RestoreConfig
 139              	.LVL2:
 131:Generated_Source\PSoC5/ShiftReg_GREEN_PM.c **** 
 132:Generated_Source\PSoC5/ShiftReg_GREEN_PM.c ****     if(0u != ShiftReg_GREEN_backup.enableState)
 140              		.loc 1 132 0
 141 0006 034B     		ldr	r3, .L14
 142 0008 1B78     		ldrb	r3, [r3]	@ zero_extendqisi2
 143 000a 0BB1     		cbz	r3, .L11
 133:Generated_Source\PSoC5/ShiftReg_GREEN_PM.c ****     {
 134:Generated_Source\PSoC5/ShiftReg_GREEN_PM.c ****         ShiftReg_GREEN_Enable();
 144              		.loc 1 134 0
 145 000c FFF7FEFF 		bl	ShiftReg_GREEN_Enable
 146              	.LVL3:
 147              	.L11:
 148 0010 08BD     		pop	{r3, pc}
 149              	.L15:
 150 0012 00BF     		.align	2
 151              	.L14:
ARM GAS  C:\Users\MARCUS~1\AppData\Local\Temp\ccTnmAEx.s 			page 6


 152 0014 00000000 		.word	.LANCHOR0
 153              		.cfi_endproc
 154              	.LFE3:
 155              		.size	ShiftReg_GREEN_Wakeup, .-ShiftReg_GREEN_Wakeup
 156              		.bss
 157              		.align	2
 158              		.set	.LANCHOR0,. + 0
 159              		.type	ShiftReg_GREEN_backup, %object
 160              		.size	ShiftReg_GREEN_backup, 3
 161              	ShiftReg_GREEN_backup:
 162 0000 000000   		.space	3
 163              		.text
 164              	.Letext0:
 165              		.file 2 "Generated_Source\\PSoC5\\cytypes.h"
 166              		.file 3 "Generated_Source\\PSoC5\\ShiftReg_GREEN.h"
 167              		.section	.debug_info,"",%progbits
 168              	.Ldebug_info0:
 169 0000 79010000 		.4byte	0x179
 170 0004 0400     		.2byte	0x4
 171 0006 00000000 		.4byte	.Ldebug_abbrev0
 172 000a 04       		.byte	0x4
 173 000b 01       		.uleb128 0x1
 174 000c BB000000 		.4byte	.LASF26
 175 0010 0C       		.byte	0xc
 176 0011 37020000 		.4byte	.LASF27
 177 0015 00000000 		.4byte	.LASF28
 178 0019 00000000 		.4byte	.Ldebug_ranges0+0
 179 001d 00000000 		.4byte	0
 180 0021 00000000 		.4byte	.Ldebug_line0
 181 0025 02       		.uleb128 0x2
 182 0026 01       		.byte	0x1
 183 0027 06       		.byte	0x6
 184 0028 98020000 		.4byte	.LASF0
 185 002c 02       		.uleb128 0x2
 186 002d 01       		.byte	0x1
 187 002e 08       		.byte	0x8
 188 002f AD000000 		.4byte	.LASF1
 189 0033 02       		.uleb128 0x2
 190 0034 02       		.byte	0x2
 191 0035 05       		.byte	0x5
 192 0036 2D020000 		.4byte	.LASF2
 193 003a 02       		.uleb128 0x2
 194 003b 02       		.byte	0x2
 195 003c 07       		.byte	0x7
 196 003d 5E000000 		.4byte	.LASF3
 197 0041 02       		.uleb128 0x2
 198 0042 04       		.byte	0x4
 199 0043 05       		.byte	0x5
 200 0044 77020000 		.4byte	.LASF4
 201 0048 02       		.uleb128 0x2
 202 0049 04       		.byte	0x4
 203 004a 07       		.byte	0x7
 204 004b 4E010000 		.4byte	.LASF5
 205 004f 02       		.uleb128 0x2
 206 0050 08       		.byte	0x8
 207 0051 05       		.byte	0x5
 208 0052 CD010000 		.4byte	.LASF6
ARM GAS  C:\Users\MARCUS~1\AppData\Local\Temp\ccTnmAEx.s 			page 7


 209 0056 02       		.uleb128 0x2
 210 0057 08       		.byte	0x8
 211 0058 07       		.byte	0x7
 212 0059 7A010000 		.4byte	.LASF7
 213 005d 03       		.uleb128 0x3
 214 005e 04       		.byte	0x4
 215 005f 05       		.byte	0x5
 216 0060 696E7400 		.ascii	"int\000"
 217 0064 02       		.uleb128 0x2
 218 0065 04       		.byte	0x4
 219 0066 07       		.byte	0x7
 220 0067 6D010000 		.4byte	.LASF8
 221 006b 04       		.uleb128 0x4
 222 006c 60010000 		.4byte	.LASF12
 223 0070 02       		.byte	0x2
 224 0071 E401     		.2byte	0x1e4
 225 0073 2C000000 		.4byte	0x2c
 226 0077 02       		.uleb128 0x2
 227 0078 04       		.byte	0x4
 228 0079 04       		.byte	0x4
 229 007a 91000000 		.4byte	.LASF9
 230 007e 02       		.uleb128 0x2
 231 007f 08       		.byte	0x8
 232 0080 04       		.byte	0x4
 233 0081 66010000 		.4byte	.LASF10
 234 0085 02       		.uleb128 0x2
 235 0086 01       		.byte	0x1
 236 0087 08       		.byte	0x8
 237 0088 DB010000 		.4byte	.LASF11
 238 008c 04       		.uleb128 0x4
 239 008d 49010000 		.4byte	.LASF13
 240 0091 02       		.byte	0x2
 241 0092 8E02     		.2byte	0x28e
 242 0094 98000000 		.4byte	0x98
 243 0098 05       		.uleb128 0x5
 244 0099 6B000000 		.4byte	0x6b
 245 009d 02       		.uleb128 0x2
 246 009e 08       		.byte	0x8
 247 009f 04       		.byte	0x4
 248 00a0 8C020000 		.4byte	.LASF14
 249 00a4 02       		.uleb128 0x2
 250 00a5 04       		.byte	0x4
 251 00a6 07       		.byte	0x7
 252 00a7 C4010000 		.4byte	.LASF15
 253 00ab 06       		.uleb128 0x6
 254 00ac 03       		.byte	0x3
 255 00ad 03       		.byte	0x3
 256 00ae 2A       		.byte	0x2a
 257 00af D8000000 		.4byte	0xd8
 258 00b3 07       		.uleb128 0x7
 259 00b4 80020000 		.4byte	.LASF16
 260 00b8 03       		.byte	0x3
 261 00b9 2C       		.byte	0x2c
 262 00ba 6B000000 		.4byte	0x6b
 263 00be 00       		.byte	0
 264 00bf 07       		.uleb128 0x7
 265 00c0 A4020000 		.4byte	.LASF17
ARM GAS  C:\Users\MARCUS~1\AppData\Local\Temp\ccTnmAEx.s 			page 8


 266 00c4 03       		.byte	0x3
 267 00c5 2E       		.byte	0x2e
 268 00c6 6B000000 		.4byte	0x6b
 269 00ca 01       		.byte	0x1
 270 00cb 07       		.uleb128 0x7
 271 00cc 71000000 		.4byte	.LASF18
 272 00d0 03       		.byte	0x3
 273 00d1 2F       		.byte	0x2f
 274 00d2 6B000000 		.4byte	0x6b
 275 00d6 02       		.byte	0x2
 276 00d7 00       		.byte	0
 277 00d8 08       		.uleb128 0x8
 278 00d9 91010000 		.4byte	.LASF19
 279 00dd 03       		.byte	0x3
 280 00de 35       		.byte	0x35
 281 00df AB000000 		.4byte	0xab
 282 00e3 09       		.uleb128 0x9
 283 00e4 F6010000 		.4byte	.LASF20
 284 00e8 01       		.byte	0x1
 285 00e9 32       		.byte	0x32
 286 00ea 00000000 		.4byte	.LFB0
 287 00ee 1C000000 		.4byte	.LFE0-.LFB0
 288 00f2 01       		.uleb128 0x1
 289 00f3 9C       		.byte	0x9c
 290 00f4 09       		.uleb128 0x9
 291 00f5 10020000 		.4byte	.LASF21
 292 00f9 01       		.byte	0x1
 293 00fa 4C       		.byte	0x4c
 294 00fb 00000000 		.4byte	.LFB1
 295 00ff 1C000000 		.4byte	.LFE1-.LFB1
 296 0103 01       		.uleb128 0x1
 297 0104 9C       		.byte	0x9c
 298 0105 0A       		.uleb128 0xa
 299 0106 62020000 		.4byte	.LASF22
 300 010a 01       		.byte	0x1
 301 010b 69       		.byte	0x69
 302 010c 00000000 		.4byte	.LFB2
 303 0110 20000000 		.4byte	.LFE2-.LFB2
 304 0114 01       		.uleb128 0x1
 305 0115 9C       		.byte	0x9c
 306 0116 2D010000 		.4byte	0x12d
 307 011a 0B       		.uleb128 0xb
 308 011b 12000000 		.4byte	.LVL0
 309 011f 66010000 		.4byte	0x166
 310 0123 0B       		.uleb128 0xb
 311 0124 16000000 		.4byte	.LVL1
 312 0128 E3000000 		.4byte	0xe3
 313 012c 00       		.byte	0
 314 012d 0A       		.uleb128 0xa
 315 012e E0010000 		.4byte	.LASF23
 316 0132 01       		.byte	0x1
 317 0133 80       		.byte	0x80
 318 0134 00000000 		.4byte	.LFB3
 319 0138 18000000 		.4byte	.LFE3-.LFB3
 320 013c 01       		.uleb128 0x1
 321 013d 9C       		.byte	0x9c
 322 013e 55010000 		.4byte	0x155
ARM GAS  C:\Users\MARCUS~1\AppData\Local\Temp\ccTnmAEx.s 			page 9


 323 0142 0B       		.uleb128 0xb
 324 0143 06000000 		.4byte	.LVL2
 325 0147 F4000000 		.4byte	0xf4
 326 014b 0B       		.uleb128 0xb
 327 014c 10000000 		.4byte	.LVL3
 328 0150 71010000 		.4byte	0x171
 329 0154 00       		.byte	0
 330 0155 0C       		.uleb128 0xc
 331 0156 AE010000 		.4byte	.LASF29
 332 015a 01       		.byte	0x1
 333 015b 14       		.byte	0x14
 334 015c D8000000 		.4byte	0xd8
 335 0160 05       		.uleb128 0x5
 336 0161 03       		.byte	0x3
 337 0162 00000000 		.4byte	ShiftReg_GREEN_backup
 338 0166 0D       		.uleb128 0xd
 339 0167 7D000000 		.4byte	.LASF24
 340 016b 7D000000 		.4byte	.LASF24
 341 016f 03       		.byte	0x3
 342 0170 3D       		.byte	0x3d
 343 0171 0D       		.uleb128 0xd
 344 0172 97000000 		.4byte	.LASF25
 345 0176 97000000 		.4byte	.LASF25
 346 017a 03       		.byte	0x3
 347 017b 3F       		.byte	0x3f
 348 017c 00       		.byte	0
 349              		.section	.debug_abbrev,"",%progbits
 350              	.Ldebug_abbrev0:
 351 0000 01       		.uleb128 0x1
 352 0001 11       		.uleb128 0x11
 353 0002 01       		.byte	0x1
 354 0003 25       		.uleb128 0x25
 355 0004 0E       		.uleb128 0xe
 356 0005 13       		.uleb128 0x13
 357 0006 0B       		.uleb128 0xb
 358 0007 03       		.uleb128 0x3
 359 0008 0E       		.uleb128 0xe
 360 0009 1B       		.uleb128 0x1b
 361 000a 0E       		.uleb128 0xe
 362 000b 55       		.uleb128 0x55
 363 000c 17       		.uleb128 0x17
 364 000d 11       		.uleb128 0x11
 365 000e 01       		.uleb128 0x1
 366 000f 10       		.uleb128 0x10
 367 0010 17       		.uleb128 0x17
 368 0011 00       		.byte	0
 369 0012 00       		.byte	0
 370 0013 02       		.uleb128 0x2
 371 0014 24       		.uleb128 0x24
 372 0015 00       		.byte	0
 373 0016 0B       		.uleb128 0xb
 374 0017 0B       		.uleb128 0xb
 375 0018 3E       		.uleb128 0x3e
 376 0019 0B       		.uleb128 0xb
 377 001a 03       		.uleb128 0x3
 378 001b 0E       		.uleb128 0xe
 379 001c 00       		.byte	0
ARM GAS  C:\Users\MARCUS~1\AppData\Local\Temp\ccTnmAEx.s 			page 10


 380 001d 00       		.byte	0
 381 001e 03       		.uleb128 0x3
 382 001f 24       		.uleb128 0x24
 383 0020 00       		.byte	0
 384 0021 0B       		.uleb128 0xb
 385 0022 0B       		.uleb128 0xb
 386 0023 3E       		.uleb128 0x3e
 387 0024 0B       		.uleb128 0xb
 388 0025 03       		.uleb128 0x3
 389 0026 08       		.uleb128 0x8
 390 0027 00       		.byte	0
 391 0028 00       		.byte	0
 392 0029 04       		.uleb128 0x4
 393 002a 16       		.uleb128 0x16
 394 002b 00       		.byte	0
 395 002c 03       		.uleb128 0x3
 396 002d 0E       		.uleb128 0xe
 397 002e 3A       		.uleb128 0x3a
 398 002f 0B       		.uleb128 0xb
 399 0030 3B       		.uleb128 0x3b
 400 0031 05       		.uleb128 0x5
 401 0032 49       		.uleb128 0x49
 402 0033 13       		.uleb128 0x13
 403 0034 00       		.byte	0
 404 0035 00       		.byte	0
 405 0036 05       		.uleb128 0x5
 406 0037 35       		.uleb128 0x35
 407 0038 00       		.byte	0
 408 0039 49       		.uleb128 0x49
 409 003a 13       		.uleb128 0x13
 410 003b 00       		.byte	0
 411 003c 00       		.byte	0
 412 003d 06       		.uleb128 0x6
 413 003e 13       		.uleb128 0x13
 414 003f 01       		.byte	0x1
 415 0040 0B       		.uleb128 0xb
 416 0041 0B       		.uleb128 0xb
 417 0042 3A       		.uleb128 0x3a
 418 0043 0B       		.uleb128 0xb
 419 0044 3B       		.uleb128 0x3b
 420 0045 0B       		.uleb128 0xb
 421 0046 01       		.uleb128 0x1
 422 0047 13       		.uleb128 0x13
 423 0048 00       		.byte	0
 424 0049 00       		.byte	0
 425 004a 07       		.uleb128 0x7
 426 004b 0D       		.uleb128 0xd
 427 004c 00       		.byte	0
 428 004d 03       		.uleb128 0x3
 429 004e 0E       		.uleb128 0xe
 430 004f 3A       		.uleb128 0x3a
 431 0050 0B       		.uleb128 0xb
 432 0051 3B       		.uleb128 0x3b
 433 0052 0B       		.uleb128 0xb
 434 0053 49       		.uleb128 0x49
 435 0054 13       		.uleb128 0x13
 436 0055 38       		.uleb128 0x38
ARM GAS  C:\Users\MARCUS~1\AppData\Local\Temp\ccTnmAEx.s 			page 11


 437 0056 0B       		.uleb128 0xb
 438 0057 00       		.byte	0
 439 0058 00       		.byte	0
 440 0059 08       		.uleb128 0x8
 441 005a 16       		.uleb128 0x16
 442 005b 00       		.byte	0
 443 005c 03       		.uleb128 0x3
 444 005d 0E       		.uleb128 0xe
 445 005e 3A       		.uleb128 0x3a
 446 005f 0B       		.uleb128 0xb
 447 0060 3B       		.uleb128 0x3b
 448 0061 0B       		.uleb128 0xb
 449 0062 49       		.uleb128 0x49
 450 0063 13       		.uleb128 0x13
 451 0064 00       		.byte	0
 452 0065 00       		.byte	0
 453 0066 09       		.uleb128 0x9
 454 0067 2E       		.uleb128 0x2e
 455 0068 00       		.byte	0
 456 0069 3F       		.uleb128 0x3f
 457 006a 19       		.uleb128 0x19
 458 006b 03       		.uleb128 0x3
 459 006c 0E       		.uleb128 0xe
 460 006d 3A       		.uleb128 0x3a
 461 006e 0B       		.uleb128 0xb
 462 006f 3B       		.uleb128 0x3b
 463 0070 0B       		.uleb128 0xb
 464 0071 27       		.uleb128 0x27
 465 0072 19       		.uleb128 0x19
 466 0073 11       		.uleb128 0x11
 467 0074 01       		.uleb128 0x1
 468 0075 12       		.uleb128 0x12
 469 0076 06       		.uleb128 0x6
 470 0077 40       		.uleb128 0x40
 471 0078 18       		.uleb128 0x18
 472 0079 9742     		.uleb128 0x2117
 473 007b 19       		.uleb128 0x19
 474 007c 00       		.byte	0
 475 007d 00       		.byte	0
 476 007e 0A       		.uleb128 0xa
 477 007f 2E       		.uleb128 0x2e
 478 0080 01       		.byte	0x1
 479 0081 3F       		.uleb128 0x3f
 480 0082 19       		.uleb128 0x19
 481 0083 03       		.uleb128 0x3
 482 0084 0E       		.uleb128 0xe
 483 0085 3A       		.uleb128 0x3a
 484 0086 0B       		.uleb128 0xb
 485 0087 3B       		.uleb128 0x3b
 486 0088 0B       		.uleb128 0xb
 487 0089 27       		.uleb128 0x27
 488 008a 19       		.uleb128 0x19
 489 008b 11       		.uleb128 0x11
 490 008c 01       		.uleb128 0x1
 491 008d 12       		.uleb128 0x12
 492 008e 06       		.uleb128 0x6
 493 008f 40       		.uleb128 0x40
ARM GAS  C:\Users\MARCUS~1\AppData\Local\Temp\ccTnmAEx.s 			page 12


 494 0090 18       		.uleb128 0x18
 495 0091 9742     		.uleb128 0x2117
 496 0093 19       		.uleb128 0x19
 497 0094 01       		.uleb128 0x1
 498 0095 13       		.uleb128 0x13
 499 0096 00       		.byte	0
 500 0097 00       		.byte	0
 501 0098 0B       		.uleb128 0xb
 502 0099 898201   		.uleb128 0x4109
 503 009c 00       		.byte	0
 504 009d 11       		.uleb128 0x11
 505 009e 01       		.uleb128 0x1
 506 009f 31       		.uleb128 0x31
 507 00a0 13       		.uleb128 0x13
 508 00a1 00       		.byte	0
 509 00a2 00       		.byte	0
 510 00a3 0C       		.uleb128 0xc
 511 00a4 34       		.uleb128 0x34
 512 00a5 00       		.byte	0
 513 00a6 03       		.uleb128 0x3
 514 00a7 0E       		.uleb128 0xe
 515 00a8 3A       		.uleb128 0x3a
 516 00a9 0B       		.uleb128 0xb
 517 00aa 3B       		.uleb128 0x3b
 518 00ab 0B       		.uleb128 0xb
 519 00ac 49       		.uleb128 0x49
 520 00ad 13       		.uleb128 0x13
 521 00ae 02       		.uleb128 0x2
 522 00af 18       		.uleb128 0x18
 523 00b0 00       		.byte	0
 524 00b1 00       		.byte	0
 525 00b2 0D       		.uleb128 0xd
 526 00b3 2E       		.uleb128 0x2e
 527 00b4 00       		.byte	0
 528 00b5 3F       		.uleb128 0x3f
 529 00b6 19       		.uleb128 0x19
 530 00b7 3C       		.uleb128 0x3c
 531 00b8 19       		.uleb128 0x19
 532 00b9 6E       		.uleb128 0x6e
 533 00ba 0E       		.uleb128 0xe
 534 00bb 03       		.uleb128 0x3
 535 00bc 0E       		.uleb128 0xe
 536 00bd 3A       		.uleb128 0x3a
 537 00be 0B       		.uleb128 0xb
 538 00bf 3B       		.uleb128 0x3b
 539 00c0 0B       		.uleb128 0xb
 540 00c1 00       		.byte	0
 541 00c2 00       		.byte	0
 542 00c3 00       		.byte	0
 543              		.section	.debug_aranges,"",%progbits
 544 0000 34000000 		.4byte	0x34
 545 0004 0200     		.2byte	0x2
 546 0006 00000000 		.4byte	.Ldebug_info0
 547 000a 04       		.byte	0x4
 548 000b 00       		.byte	0
 549 000c 0000     		.2byte	0
 550 000e 0000     		.2byte	0
ARM GAS  C:\Users\MARCUS~1\AppData\Local\Temp\ccTnmAEx.s 			page 13


 551 0010 00000000 		.4byte	.LFB0
 552 0014 1C000000 		.4byte	.LFE0-.LFB0
 553 0018 00000000 		.4byte	.LFB1
 554 001c 1C000000 		.4byte	.LFE1-.LFB1
 555 0020 00000000 		.4byte	.LFB2
 556 0024 20000000 		.4byte	.LFE2-.LFB2
 557 0028 00000000 		.4byte	.LFB3
 558 002c 18000000 		.4byte	.LFE3-.LFB3
 559 0030 00000000 		.4byte	0
 560 0034 00000000 		.4byte	0
 561              		.section	.debug_ranges,"",%progbits
 562              	.Ldebug_ranges0:
 563 0000 00000000 		.4byte	.LFB0
 564 0004 1C000000 		.4byte	.LFE0
 565 0008 00000000 		.4byte	.LFB1
 566 000c 1C000000 		.4byte	.LFE1
 567 0010 00000000 		.4byte	.LFB2
 568 0014 20000000 		.4byte	.LFE2
 569 0018 00000000 		.4byte	.LFB3
 570 001c 18000000 		.4byte	.LFE3
 571 0020 00000000 		.4byte	0
 572 0024 00000000 		.4byte	0
 573              		.section	.debug_line,"",%progbits
 574              	.Ldebug_line0:
 575 0000 B1000000 		.section	.debug_str,"MS",%progbits,1
 575      02006200 
 575      00000201 
 575      FB0E0D00 
 575      01010101 
 576              	.LASF28:
 577 0000 433A5C55 		.ascii	"C:\\Users\\Marcus Gasberg\\Documents\\PSoC Creator\\"
 577      73657273 
 577      5C4D6172 
 577      63757320 
 577      47617362 
 578 002f 50726F6A 		.ascii	"Projects\\BeerPongTable_LED_Demo\\Design01.cydsn\000"
 578      65637473 
 578      5C426565 
 578      72506F6E 
 578      67546162 
 579              	.LASF3:
 580 005e 73686F72 		.ascii	"short unsigned int\000"
 580      7420756E 
 580      7369676E 
 580      65642069 
 580      6E7400
 581              	.LASF18:
 582 0071 73617665 		.ascii	"saveSrA1Reg\000"
 582      53724131 
 582      52656700 
 583              	.LASF24:
 584 007d 53686966 		.ascii	"ShiftReg_GREEN_Stop\000"
 584      74526567 
 584      5F475245 
 584      454E5F53 
 584      746F7000 
 585              	.LASF9:
ARM GAS  C:\Users\MARCUS~1\AppData\Local\Temp\ccTnmAEx.s 			page 14


 586 0091 666C6F61 		.ascii	"float\000"
 586      7400
 587              	.LASF25:
 588 0097 53686966 		.ascii	"ShiftReg_GREEN_Enable\000"
 588      74526567 
 588      5F475245 
 588      454E5F45 
 588      6E61626C 
 589              	.LASF1:
 590 00ad 756E7369 		.ascii	"unsigned char\000"
 590      676E6564 
 590      20636861 
 590      7200
 591              	.LASF26:
 592 00bb 474E5520 		.ascii	"GNU C11 5.4.1 20160609 (release) [ARM/embedded-5-br"
 592      43313120 
 592      352E342E 
 592      31203230 
 592      31363036 
 593 00ee 616E6368 		.ascii	"anch revision 237715] -mcpu=cortex-m3 -mthumb -g -O"
 593      20726576 
 593      6973696F 
 593      6E203233 
 593      37373135 
 594 0121 67202D66 		.ascii	"g -ffunction-sections -ffat-lto-objects\000"
 594      66756E63 
 594      74696F6E 
 594      2D736563 
 594      74696F6E 
 595              	.LASF13:
 596 0149 72656738 		.ascii	"reg8\000"
 596      00
 597              	.LASF5:
 598 014e 6C6F6E67 		.ascii	"long unsigned int\000"
 598      20756E73 
 598      69676E65 
 598      6420696E 
 598      7400
 599              	.LASF12:
 600 0160 75696E74 		.ascii	"uint8\000"
 600      3800
 601              	.LASF10:
 602 0166 646F7562 		.ascii	"double\000"
 602      6C6500
 603              	.LASF8:
 604 016d 756E7369 		.ascii	"unsigned int\000"
 604      676E6564 
 604      20696E74 
 604      00
 605              	.LASF7:
 606 017a 6C6F6E67 		.ascii	"long long unsigned int\000"
 606      206C6F6E 
 606      6720756E 
 606      7369676E 
 606      65642069 
 607              	.LASF19:
 608 0191 53686966 		.ascii	"ShiftReg_GREEN_BACKUP_STRUCT\000"
ARM GAS  C:\Users\MARCUS~1\AppData\Local\Temp\ccTnmAEx.s 			page 15


 608      74526567 
 608      5F475245 
 608      454E5F42 
 608      41434B55 
 609              	.LASF29:
 610 01ae 53686966 		.ascii	"ShiftReg_GREEN_backup\000"
 610      74526567 
 610      5F475245 
 610      454E5F62 
 610      61636B75 
 611              	.LASF15:
 612 01c4 73697A65 		.ascii	"sizetype\000"
 612      74797065 
 612      00
 613              	.LASF6:
 614 01cd 6C6F6E67 		.ascii	"long long int\000"
 614      206C6F6E 
 614      6720696E 
 614      7400
 615              	.LASF11:
 616 01db 63686172 		.ascii	"char\000"
 616      00
 617              	.LASF23:
 618 01e0 53686966 		.ascii	"ShiftReg_GREEN_Wakeup\000"
 618      74526567 
 618      5F475245 
 618      454E5F57 
 618      616B6575 
 619              	.LASF20:
 620 01f6 53686966 		.ascii	"ShiftReg_GREEN_SaveConfig\000"
 620      74526567 
 620      5F475245 
 620      454E5F53 
 620      61766543 
 621              	.LASF21:
 622 0210 53686966 		.ascii	"ShiftReg_GREEN_RestoreConfig\000"
 622      74526567 
 622      5F475245 
 622      454E5F52 
 622      6573746F 
 623              	.LASF2:
 624 022d 73686F72 		.ascii	"short int\000"
 624      7420696E 
 624      7400
 625              	.LASF27:
 626 0237 47656E65 		.ascii	"Generated_Source\\PSoC5\\ShiftReg_GREEN_PM.c\000"
 626      72617465 
 626      645F536F 
 626      75726365 
 626      5C50536F 
 627              	.LASF22:
 628 0262 53686966 		.ascii	"ShiftReg_GREEN_Sleep\000"
 628      74526567 
 628      5F475245 
 628      454E5F53 
 628      6C656570 
 629              	.LASF4:
ARM GAS  C:\Users\MARCUS~1\AppData\Local\Temp\ccTnmAEx.s 			page 16


 630 0277 6C6F6E67 		.ascii	"long int\000"
 630      20696E74 
 630      00
 631              	.LASF16:
 632 0280 656E6162 		.ascii	"enableState\000"
 632      6C655374 
 632      61746500 
 633              	.LASF14:
 634 028c 6C6F6E67 		.ascii	"long double\000"
 634      20646F75 
 634      626C6500 
 635              	.LASF0:
 636 0298 7369676E 		.ascii	"signed char\000"
 636      65642063 
 636      68617200 
 637              	.LASF17:
 638 02a4 73617665 		.ascii	"saveSrA0Reg\000"
 638      53724130 
 638      52656700 
 639              		.ident	"GCC: (GNU Tools for ARM Embedded Processors) 5.4.1 20160609 (release) [ARM/embedded-5-bran
