ARM GAS  C:\Users\nikol\AppData\Local\Temp\ccY02Dqq.s 			page 1


   1              		.syntax unified
   2              		.cpu cortex-m3
   3              		.fpu softvfp
   4              		.eabi_attribute 20, 1
   5              		.eabi_attribute 21, 1
   6              		.eabi_attribute 23, 3
   7              		.eabi_attribute 24, 1
   8              		.eabi_attribute 25, 1
   9              		.eabi_attribute 26, 1
  10              		.eabi_attribute 30, 1
  11              		.eabi_attribute 34, 1
  12              		.eabi_attribute 18, 4
  13              		.thumb
  14              		.syntax unified
  15              		.file	"CupSensor_1_CupSensorUnit.c"
  16              		.text
  17              	.Ltext0:
  18              		.cfi_sections	.debug_frame
  19              		.section	.text.CupSensorUnit_init,"ax",%progbits
  20              		.align	2
  21              		.global	CupSensorUnit_init
  22              		.thumb
  23              		.thumb_func
  24              		.type	CupSensorUnit_init, %function
  25              	CupSensorUnit_init:
  26              	.LFB64:
  27              		.file 1 "Generated_Source\\PSoC5\\CupSensor_1_CupSensorUnit.c"
   1:Generated_Source\PSoC5/CupSensor_1_CupSensorUnit.c **** /* ========================================
   2:Generated_Source\PSoC5/CupSensor_1_CupSensorUnit.c ****  *
   3:Generated_Source\PSoC5/CupSensor_1_CupSensorUnit.c ****  * Copyright YOUR COMPANY, THE YEAR
   4:Generated_Source\PSoC5/CupSensor_1_CupSensorUnit.c ****  * All Rights Reserved
   5:Generated_Source\PSoC5/CupSensor_1_CupSensorUnit.c ****  * UNPUBLISHED, LICENSED SOFTWARE.
   6:Generated_Source\PSoC5/CupSensor_1_CupSensorUnit.c ****  *
   7:Generated_Source\PSoC5/CupSensor_1_CupSensorUnit.c ****  * CONFIDENTIAL AND PROPRIETARY INFORMATION
   8:Generated_Source\PSoC5/CupSensor_1_CupSensorUnit.c ****  * WHICH IS THE PROPERTY OF your company.
   9:Generated_Source\PSoC5/CupSensor_1_CupSensorUnit.c ****  *
  10:Generated_Source\PSoC5/CupSensor_1_CupSensorUnit.c ****  * ========================================
  11:Generated_Source\PSoC5/CupSensor_1_CupSensorUnit.c **** */
  12:Generated_Source\PSoC5/CupSensor_1_CupSensorUnit.c **** 
  13:Generated_Source\PSoC5/CupSensor_1_CupSensorUnit.c **** #include <project.h>
  14:Generated_Source\PSoC5/CupSensor_1_CupSensorUnit.c **** 
  15:Generated_Source\PSoC5/CupSensor_1_CupSensorUnit.c **** void CupSensorUnit_init(struct CupSensorUnit* sensorUnit, uint16_t bufferSize, uint16_t averageSize
  16:Generated_Source\PSoC5/CupSensor_1_CupSensorUnit.c **** {
  28              		.loc 1 16 0
  29              		.cfi_startproc
  30              		@ args = 0, pretend = 0, frame = 0
  31              		@ frame_needed = 0, uses_anonymous_args = 0
  32              	.LVL0:
  33 0000 38B5     		push	{r3, r4, r5, lr}
  34              		.cfi_def_cfa_offset 16
  35              		.cfi_offset 3, -16
  36              		.cfi_offset 4, -12
  37              		.cfi_offset 5, -8
  38              		.cfi_offset 14, -4
  39 0002 0446     		mov	r4, r0
  40 0004 0D46     		mov	r5, r1
  17:Generated_Source\PSoC5/CupSensor_1_CupSensorUnit.c ****     CircularBuffer_init(&(sensorUnit->averageBuffer), averageSize);
ARM GAS  C:\Users\nikol\AppData\Local\Temp\ccY02Dqq.s 			page 2


  41              		.loc 1 17 0
  42 0006 1146     		mov	r1, r2
  43              	.LVL1:
  44 0008 00F22440 		addw	r0, r0, #1060
  45              	.LVL2:
  46 000c FFF7FEFF 		bl	CircularBuffer_init
  47              	.LVL3:
  18:Generated_Source\PSoC5/CupSensor_1_CupSensorUnit.c ****     CircularBuffer_init(&(sensorUnit->buffer), bufferSize);
  48              		.loc 1 18 0
  49 0010 2946     		mov	r1, r5
  50 0012 04F11000 		add	r0, r4, #16
  51 0016 FFF7FEFF 		bl	CircularBuffer_init
  52              	.LVL4:
  19:Generated_Source\PSoC5/CupSensor_1_CupSensorUnit.c ****     sensorUnit->state = NOT_PLACED;
  53              		.loc 1 19 0
  54 001a 0023     		movs	r3, #0
  55 001c 2370     		strb	r3, [r4]
  20:Generated_Source\PSoC5/CupSensor_1_CupSensorUnit.c ****     
  21:Generated_Source\PSoC5/CupSensor_1_CupSensorUnit.c ****     sensorUnit->baseline = -1;
  56              		.loc 1 21 0
  57 001e 4FF6FF73 		movw	r3, #65535
  58 0022 6380     		strh	r3, [r4, #2]	@ movhi
  22:Generated_Source\PSoC5/CupSensor_1_CupSensorUnit.c ****     sensorUnit->placed_baseline = -1;
  59              		.loc 1 22 0
  60 0024 A380     		strh	r3, [r4, #4]	@ movhi
  61 0026 38BD     		pop	{r3, r4, r5, pc}
  62              		.cfi_endproc
  63              	.LFE64:
  64              		.size	CupSensorUnit_init, .-CupSensorUnit_init
  65              		.global	__aeabi_fcmpge
  66              		.global	__aeabi_f2iz
  67              		.global	__aeabi_fcmpeq
  68              		.global	__aeabi_i2f
  69              		.global	__aeabi_fsub
  70              		.section	.text.CupSensorUnit_calculateBaselines,"ax",%progbits
  71              		.align	2
  72              		.global	CupSensorUnit_calculateBaselines
  73              		.thumb
  74              		.thumb_func
  75              		.type	CupSensorUnit_calculateBaselines, %function
  76              	CupSensorUnit_calculateBaselines:
  77              	.LFB65:
  23:Generated_Source\PSoC5/CupSensor_1_CupSensorUnit.c **** 
  24:Generated_Source\PSoC5/CupSensor_1_CupSensorUnit.c **** }
  25:Generated_Source\PSoC5/CupSensor_1_CupSensorUnit.c **** 
  26:Generated_Source\PSoC5/CupSensor_1_CupSensorUnit.c **** void CupSensorUnit_calculateBaselines(struct CupSensorUnit* sensorUnit)
  27:Generated_Source\PSoC5/CupSensor_1_CupSensorUnit.c **** {
  78              		.loc 1 27 0
  79              		.cfi_startproc
  80              		@ args = 0, pretend = 0, frame = 0
  81              		@ frame_needed = 0, uses_anonymous_args = 0
  82              	.LVL5:
  83 0000 38B5     		push	{r3, r4, r5, lr}
  84              		.cfi_def_cfa_offset 16
  85              		.cfi_offset 3, -16
  86              		.cfi_offset 4, -12
  87              		.cfi_offset 5, -8
ARM GAS  C:\Users\nikol\AppData\Local\Temp\ccY02Dqq.s 			page 3


  88              		.cfi_offset 14, -4
  89 0002 0446     		mov	r4, r0
  28:Generated_Source\PSoC5/CupSensor_1_CupSensorUnit.c ****     switch (sensorUnit->state)
  90              		.loc 1 28 0
  91 0004 0378     		ldrb	r3, [r0]	@ zero_extendqisi2
  92 0006 13B1     		cbz	r3, .L5
  93 0008 022B     		cmp	r3, #2
  94 000a 12D0     		beq	.L6
  95 000c 38BD     		pop	{r3, r4, r5, pc}
  96              	.L5:
  29:Generated_Source\PSoC5/CupSensor_1_CupSensorUnit.c ****     {
  30:Generated_Source\PSoC5/CupSensor_1_CupSensorUnit.c ****         case NOT_PLACED:
  31:Generated_Source\PSoC5/CupSensor_1_CupSensorUnit.c ****         {
  32:Generated_Source\PSoC5/CupSensor_1_CupSensorUnit.c ****             if (sensorUnit->averageBuffer.reset == 0)
  97              		.loc 1 32 0
  98 000e 90F92E38 		ldrsb	r3, [r0, #2094]
  99 0012 53B9     		cbnz	r3, .L7
  33:Generated_Source\PSoC5/CupSensor_1_CupSensorUnit.c ****             {
  34:Generated_Source\PSoC5/CupSensor_1_CupSensorUnit.c ****                 if(sensorUnit->averageBuffer.average >= 0)
 100              		.loc 1 34 0
 101 0014 D0F82858 		ldr	r5, [r0, #2088]	@ float
 102 0018 0021     		movs	r1, #0
 103 001a 2846     		mov	r0, r5
 104              	.LVL6:
 105 001c FFF7FEFF 		bl	__aeabi_fcmpge
 106              	.LVL7:
 107 0020 18B1     		cbz	r0, .L7
  35:Generated_Source\PSoC5/CupSensor_1_CupSensorUnit.c ****                 {
  36:Generated_Source\PSoC5/CupSensor_1_CupSensorUnit.c ****                     sensorUnit->baseline = sensorUnit->averageBuffer.average;
 108              		.loc 1 36 0
 109 0022 2846     		mov	r0, r5
 110 0024 FFF7FEFF 		bl	__aeabi_f2iz
 111              	.LVL8:
 112 0028 6080     		strh	r0, [r4, #2]	@ movhi
 113              	.L7:
  37:Generated_Source\PSoC5/CupSensor_1_CupSensorUnit.c ****                 }
  38:Generated_Source\PSoC5/CupSensor_1_CupSensorUnit.c ****             }
  39:Generated_Source\PSoC5/CupSensor_1_CupSensorUnit.c ****             sensorUnit->placed_baseline = -1;
 114              		.loc 1 39 0
 115 002a 4FF6FF73 		movw	r3, #65535
 116 002e A380     		strh	r3, [r4, #4]	@ movhi
  40:Generated_Source\PSoC5/CupSensor_1_CupSensorUnit.c ****         }    
  41:Generated_Source\PSoC5/CupSensor_1_CupSensorUnit.c ****         break;
 117              		.loc 1 41 0
 118 0030 38BD     		pop	{r3, r4, r5, pc}
 119              	.LVL9:
 120              	.L6:
  42:Generated_Source\PSoC5/CupSensor_1_CupSensorUnit.c ****         
  43:Generated_Source\PSoC5/CupSensor_1_CupSensorUnit.c ****         case PLACED:
  44:Generated_Source\PSoC5/CupSensor_1_CupSensorUnit.c ****         {
  45:Generated_Source\PSoC5/CupSensor_1_CupSensorUnit.c ****             if (sensorUnit->averageBuffer.reset == 0 || sensorUnit->averageBuffer.index > 70)
 121              		.loc 1 45 0
 122 0032 90F92E38 		ldrsb	r3, [r0, #2094]
 123 0036 1BB1     		cbz	r3, .L9
 124              		.loc 1 45 0 is_stmt 0 discriminator 1
 125 0038 B0F82438 		ldrh	r3, [r0, #2084]
 126 003c 462B     		cmp	r3, #70
ARM GAS  C:\Users\nikol\AppData\Local\Temp\ccY02Dqq.s 			page 4


 127 003e 12D9     		bls	.L10
 128              	.L9:
  46:Generated_Source\PSoC5/CupSensor_1_CupSensorUnit.c ****             {
  47:Generated_Source\PSoC5/CupSensor_1_CupSensorUnit.c ****                 if(sensorUnit->averageBuffer.average)
 129              		.loc 1 47 0 is_stmt 1
 130 0040 D4F82858 		ldr	r5, [r4, #2088]	@ float
 131 0044 0021     		movs	r1, #0
 132 0046 2846     		mov	r0, r5
 133              	.LVL10:
 134 0048 FFF7FEFF 		bl	__aeabi_fcmpeq
 135              	.LVL11:
 136 004c 70B9     		cbnz	r0, .L3
  48:Generated_Source\PSoC5/CupSensor_1_CupSensorUnit.c ****                 {
  49:Generated_Source\PSoC5/CupSensor_1_CupSensorUnit.c ****                     sensorUnit->placed_baseline = sensorUnit->averageBuffer.average - sensorUnit->b
 137              		.loc 1 49 0
 138 004e B4F90200 		ldrsh	r0, [r4, #2]
 139 0052 FFF7FEFF 		bl	__aeabi_i2f
 140              	.LVL12:
 141 0056 0146     		mov	r1, r0
 142 0058 2846     		mov	r0, r5
 143 005a FFF7FEFF 		bl	__aeabi_fsub
 144              	.LVL13:
 145 005e FFF7FEFF 		bl	__aeabi_f2iz
 146              	.LVL14:
 147 0062 A080     		strh	r0, [r4, #4]	@ movhi
 148 0064 38BD     		pop	{r3, r4, r5, pc}
 149              	.LVL15:
 150              	.L10:
  50:Generated_Source\PSoC5/CupSensor_1_CupSensorUnit.c ****                 }
  51:Generated_Source\PSoC5/CupSensor_1_CupSensorUnit.c ****             }
  52:Generated_Source\PSoC5/CupSensor_1_CupSensorUnit.c ****             else
  53:Generated_Source\PSoC5/CupSensor_1_CupSensorUnit.c ****             {
  54:Generated_Source\PSoC5/CupSensor_1_CupSensorUnit.c ****                 sensorUnit->placed_baseline = -1;
 151              		.loc 1 54 0
 152 0066 4FF6FF73 		movw	r3, #65535
 153 006a 8380     		strh	r3, [r0, #4]	@ movhi
 154              	.LVL16:
 155              	.L3:
 156 006c 38BD     		pop	{r3, r4, r5, pc}
 157              		.cfi_endproc
 158              	.LFE65:
 159              		.size	CupSensorUnit_calculateBaselines, .-CupSensorUnit_calculateBaselines
 160              		.global	__aeabi_fmul
 161              		.global	__aeabi_fcmpgt
 162 006e 00BF     		.section	.text.CupSensorUnit_updateState,"ax",%progbits
 163              		.align	2
 164              		.global	CupSensorUnit_updateState
 165              		.thumb
 166              		.thumb_func
 167              		.type	CupSensorUnit_updateState, %function
 168              	CupSensorUnit_updateState:
 169              	.LFB66:
  55:Generated_Source\PSoC5/CupSensor_1_CupSensorUnit.c ****             }
  56:Generated_Source\PSoC5/CupSensor_1_CupSensorUnit.c ****         }
  57:Generated_Source\PSoC5/CupSensor_1_CupSensorUnit.c ****         break;
  58:Generated_Source\PSoC5/CupSensor_1_CupSensorUnit.c ****         default:
  59:Generated_Source\PSoC5/CupSensor_1_CupSensorUnit.c ****         break;
ARM GAS  C:\Users\nikol\AppData\Local\Temp\ccY02Dqq.s 			page 5


  60:Generated_Source\PSoC5/CupSensor_1_CupSensorUnit.c ****     }
  61:Generated_Source\PSoC5/CupSensor_1_CupSensorUnit.c **** }
  62:Generated_Source\PSoC5/CupSensor_1_CupSensorUnit.c **** 
  63:Generated_Source\PSoC5/CupSensor_1_CupSensorUnit.c **** 
  64:Generated_Source\PSoC5/CupSensor_1_CupSensorUnit.c **** uint8_t CupSensorUnit_updateState(struct CupSensorUnit* sensorUnit)
  65:Generated_Source\PSoC5/CupSensor_1_CupSensorUnit.c **** {
 170              		.loc 1 65 0
 171              		.cfi_startproc
 172              		@ args = 0, pretend = 0, frame = 8
 173              		@ frame_needed = 0, uses_anonymous_args = 0
 174              	.LVL17:
 175 0000 2DE9F043 		push	{r4, r5, r6, r7, r8, r9, lr}
 176              		.cfi_def_cfa_offset 28
 177              		.cfi_offset 4, -28
 178              		.cfi_offset 5, -24
 179              		.cfi_offset 6, -20
 180              		.cfi_offset 7, -16
 181              		.cfi_offset 8, -12
 182              		.cfi_offset 9, -8
 183              		.cfi_offset 14, -4
 184 0004 83B0     		sub	sp, sp, #12
 185              		.cfi_def_cfa_offset 40
 186 0006 0446     		mov	r4, r0
  66:Generated_Source\PSoC5/CupSensor_1_CupSensorUnit.c ****     CUP_STATE oldState = sensorUnit->state;
 187              		.loc 1 66 0
 188 0008 0578     		ldrb	r5, [r0]	@ zero_extendqisi2
 189              	.LVL18:
  67:Generated_Source\PSoC5/CupSensor_1_CupSensorUnit.c ****     uint8_t lastReading;
  68:Generated_Source\PSoC5/CupSensor_1_CupSensorUnit.c ****     int8_t error = CircularBuffer_getLastReading(&(sensorUnit->averageBuffer), &lastReading);
 190              		.loc 1 68 0
 191 000a 00F22446 		addw	r6, r0, #1060
 192 000e 0DF10701 		add	r1, sp, #7
 193 0012 3046     		mov	r0, r6
 194              	.LVL19:
 195 0014 FFF7FEFF 		bl	CircularBuffer_getLastReading
 196              	.LVL20:
  69:Generated_Source\PSoC5/CupSensor_1_CupSensorUnit.c ****     if(error == 0){
 197              		.loc 1 69 0
 198 0018 0028     		cmp	r0, #0
 199 001a 61D1     		bne	.L16
  70:Generated_Source\PSoC5/CupSensor_1_CupSensorUnit.c ****         if ((sensorUnit->baseline > 0))
 200              		.loc 1 70 0
 201 001c B4F90230 		ldrsh	r3, [r4, #2]
 202 0020 002B     		cmp	r3, #0
 203 0022 5DDD     		ble	.L16
  71:Generated_Source\PSoC5/CupSensor_1_CupSensorUnit.c ****         {
  72:Generated_Source\PSoC5/CupSensor_1_CupSensorUnit.c ****             switch (sensorUnit->state)
 204              		.loc 1 72 0
 205 0024 2278     		ldrb	r2, [r4]	@ zero_extendqisi2
 206 0026 042A     		cmp	r2, #4
 207 0028 5AD8     		bhi	.L16
 208 002a DFE802F0 		tbb	[pc, r2]
 209              	.L18:
 210 002e 03       		.byte	(.L17-.L18)/2
 211 002f 0F       		.byte	(.L19-.L18)/2
 212 0030 24       		.byte	(.L20-.L18)/2
 213 0031 59       		.byte	(.L16-.L18)/2
ARM GAS  C:\Users\nikol\AppData\Local\Temp\ccY02Dqq.s 			page 6


 214 0032 4E       		.byte	(.L21-.L18)/2
 215 0033 00       		.p2align 1
 216              	.L17:
  73:Generated_Source\PSoC5/CupSensor_1_CupSensorUnit.c ****             {
  74:Generated_Source\PSoC5/CupSensor_1_CupSensorUnit.c ****                 case NOT_PLACED:
  75:Generated_Source\PSoC5/CupSensor_1_CupSensorUnit.c ****                 {
  76:Generated_Source\PSoC5/CupSensor_1_CupSensorUnit.c ****                     if((lastReading - sensorUnit->baseline) > sensorUnit->placed_trigger)
 217              		.loc 1 76 0
 218 0034 9DF80700 		ldrb	r0, [sp, #7]	@ zero_extendqisi2
 219              	.LVL21:
 220 0038 C31A     		subs	r3, r0, r3
 221 003a A279     		ldrb	r2, [r4, #6]	@ zero_extendqisi2
 222 003c 9342     		cmp	r3, r2
 223 003e 4FDD     		ble	.L16
  77:Generated_Source\PSoC5/CupSensor_1_CupSensorUnit.c ****                     {
  78:Generated_Source\PSoC5/CupSensor_1_CupSensorUnit.c ****                         sensorUnit->state = VALIDATING_PLACED;
 224              		.loc 1 78 0
 225 0040 0123     		movs	r3, #1
 226 0042 2370     		strb	r3, [r4]
  79:Generated_Source\PSoC5/CupSensor_1_CupSensorUnit.c ****                         CircularBuffer_resetBuffer(&(sensorUnit->averageBuffer));
 227              		.loc 1 79 0
 228 0044 3046     		mov	r0, r6
 229 0046 FFF7FEFF 		bl	CircularBuffer_resetBuffer
 230              	.LVL22:
 231 004a 49E0     		b	.L16
 232              	.LVL23:
 233              	.L19:
  80:Generated_Source\PSoC5/CupSensor_1_CupSensorUnit.c ****                     }
  81:Generated_Source\PSoC5/CupSensor_1_CupSensorUnit.c ****                 }
  82:Generated_Source\PSoC5/CupSensor_1_CupSensorUnit.c ****                 break;
  83:Generated_Source\PSoC5/CupSensor_1_CupSensorUnit.c ****                 case VALIDATING_PLACED:
  84:Generated_Source\PSoC5/CupSensor_1_CupSensorUnit.c ****                 {
  85:Generated_Source\PSoC5/CupSensor_1_CupSensorUnit.c ****                     if((lastReading - sensorUnit->baseline) < sensorUnit->removed_trigger)
 234              		.loc 1 85 0
 235 004c 9DF80700 		ldrb	r0, [sp, #7]	@ zero_extendqisi2
 236              	.LVL24:
 237 0050 C31A     		subs	r3, r0, r3
 238 0052 E279     		ldrb	r2, [r4, #7]	@ zero_extendqisi2
 239 0054 9342     		cmp	r3, r2
 240 0056 04DA     		bge	.L22
  86:Generated_Source\PSoC5/CupSensor_1_CupSensorUnit.c ****                     {
  87:Generated_Source\PSoC5/CupSensor_1_CupSensorUnit.c ****                         sensorUnit->state = NOT_PLACED;
 241              		.loc 1 87 0
 242 0058 0023     		movs	r3, #0
 243 005a 2370     		strb	r3, [r4]
  88:Generated_Source\PSoC5/CupSensor_1_CupSensorUnit.c ****                         CircularBuffer_resetBuffer(&(sensorUnit->averageBuffer));
 244              		.loc 1 88 0
 245 005c 3046     		mov	r0, r6
 246 005e FFF7FEFF 		bl	CircularBuffer_resetBuffer
 247              	.LVL25:
 248              	.L22:
  89:Generated_Source\PSoC5/CupSensor_1_CupSensorUnit.c ****                     }
  90:Generated_Source\PSoC5/CupSensor_1_CupSensorUnit.c ****                     if(sensorUnit->averageBuffer.index >= 20)
 249              		.loc 1 90 0
 250 0062 B4F82438 		ldrh	r3, [r4, #2084]
 251 0066 132B     		cmp	r3, #19
 252 0068 3AD9     		bls	.L16
ARM GAS  C:\Users\nikol\AppData\Local\Temp\ccY02Dqq.s 			page 7


  91:Generated_Source\PSoC5/CupSensor_1_CupSensorUnit.c ****                     {
  92:Generated_Source\PSoC5/CupSensor_1_CupSensorUnit.c ****                         sensorUnit->state = PLACED;
 253              		.loc 1 92 0
 254 006a 0223     		movs	r3, #2
 255 006c 2370     		strb	r3, [r4]
  93:Generated_Source\PSoC5/CupSensor_1_CupSensorUnit.c ****                         CircularBuffer_resetBuffer(&(sensorUnit->averageBuffer));    
 256              		.loc 1 93 0
 257 006e 3046     		mov	r0, r6
 258 0070 FFF7FEFF 		bl	CircularBuffer_resetBuffer
 259              	.LVL26:
 260 0074 34E0     		b	.L16
 261              	.LVL27:
 262              	.L20:
  94:Generated_Source\PSoC5/CupSensor_1_CupSensorUnit.c ****                     }
  95:Generated_Source\PSoC5/CupSensor_1_CupSensorUnit.c ****                 }
  96:Generated_Source\PSoC5/CupSensor_1_CupSensorUnit.c ****                 break;
  97:Generated_Source\PSoC5/CupSensor_1_CupSensorUnit.c ****                 
  98:Generated_Source\PSoC5/CupSensor_1_CupSensorUnit.c ****                 case PLACED:
  99:Generated_Source\PSoC5/CupSensor_1_CupSensorUnit.c ****                 {
 100:Generated_Source\PSoC5/CupSensor_1_CupSensorUnit.c ****                     if(((lastReading - sensorUnit->baseline) > (sensorUnit->hit_trigger * sensorUni
 263              		.loc 1 100 0
 264 0076 9DF80700 		ldrb	r0, [sp, #7]	@ zero_extendqisi2
 265              	.LVL28:
 266 007a C01A     		subs	r0, r0, r3
 267 007c FFF7FEFF 		bl	__aeabi_i2f
 268              	.LVL29:
 269 0080 8046     		mov	r8, r0
 270 0082 D4F80890 		ldr	r9, [r4, #8]	@ float
 271 0086 B4F90470 		ldrsh	r7, [r4, #4]
 272 008a 3846     		mov	r0, r7
 273 008c FFF7FEFF 		bl	__aeabi_i2f
 274              	.LVL30:
 275 0090 4946     		mov	r1, r9
 276 0092 FFF7FEFF 		bl	__aeabi_fmul
 277              	.LVL31:
 278 0096 0146     		mov	r1, r0
 279 0098 4046     		mov	r0, r8
 280 009a FFF7FEFF 		bl	__aeabi_fcmpgt
 281              	.LVL32:
 282 009e 30B1     		cbz	r0, .L23
 283              		.loc 1 100 0 is_stmt 0 discriminator 1
 284 00a0 002F     		cmp	r7, #0
 285 00a2 04DD     		ble	.L23
 101:Generated_Source\PSoC5/CupSensor_1_CupSensorUnit.c ****                     {
 102:Generated_Source\PSoC5/CupSensor_1_CupSensorUnit.c ****                         sensorUnit->state = HIT;
 286              		.loc 1 102 0 is_stmt 1
 287 00a4 0423     		movs	r3, #4
 288 00a6 2370     		strb	r3, [r4]
 103:Generated_Source\PSoC5/CupSensor_1_CupSensorUnit.c ****                         CircularBuffer_resetBuffer(&(sensorUnit->averageBuffer));
 289              		.loc 1 103 0
 290 00a8 3046     		mov	r0, r6
 291 00aa FFF7FEFF 		bl	CircularBuffer_resetBuffer
 292              	.LVL33:
 293              	.L23:
 104:Generated_Source\PSoC5/CupSensor_1_CupSensorUnit.c ****                     }
 105:Generated_Source\PSoC5/CupSensor_1_CupSensorUnit.c ****                     if((lastReading - sensorUnit->baseline) < sensorUnit->removed_trigger)
 294              		.loc 1 105 0
ARM GAS  C:\Users\nikol\AppData\Local\Temp\ccY02Dqq.s 			page 8


 295 00ae B4F90220 		ldrsh	r2, [r4, #2]
 296 00b2 9DF80730 		ldrb	r3, [sp, #7]	@ zero_extendqisi2
 297 00b6 9B1A     		subs	r3, r3, r2
 298 00b8 E279     		ldrb	r2, [r4, #7]	@ zero_extendqisi2
 299 00ba 9342     		cmp	r3, r2
 300 00bc 10DA     		bge	.L16
 106:Generated_Source\PSoC5/CupSensor_1_CupSensorUnit.c ****                     {
 107:Generated_Source\PSoC5/CupSensor_1_CupSensorUnit.c ****                         sensorUnit->state = NOT_PLACED;
 301              		.loc 1 107 0
 302 00be 0023     		movs	r3, #0
 303 00c0 2370     		strb	r3, [r4]
 108:Generated_Source\PSoC5/CupSensor_1_CupSensorUnit.c ****                         CircularBuffer_resetBuffer(&(sensorUnit->averageBuffer));
 304              		.loc 1 108 0
 305 00c2 3046     		mov	r0, r6
 306 00c4 FFF7FEFF 		bl	CircularBuffer_resetBuffer
 307              	.LVL34:
 308 00c8 0AE0     		b	.L16
 309              	.LVL35:
 310              	.L21:
 109:Generated_Source\PSoC5/CupSensor_1_CupSensorUnit.c ****                     }
 110:Generated_Source\PSoC5/CupSensor_1_CupSensorUnit.c ****                 }
 111:Generated_Source\PSoC5/CupSensor_1_CupSensorUnit.c ****                 break;
 112:Generated_Source\PSoC5/CupSensor_1_CupSensorUnit.c ****                 case HIT:
 113:Generated_Source\PSoC5/CupSensor_1_CupSensorUnit.c ****                 {
 114:Generated_Source\PSoC5/CupSensor_1_CupSensorUnit.c ****                     if((lastReading - sensorUnit->baseline) < sensorUnit->removed_trigger)
 311              		.loc 1 114 0
 312 00ca 9DF80700 		ldrb	r0, [sp, #7]	@ zero_extendqisi2
 313              	.LVL36:
 314 00ce C31A     		subs	r3, r0, r3
 315 00d0 E279     		ldrb	r2, [r4, #7]	@ zero_extendqisi2
 316 00d2 9342     		cmp	r3, r2
 317 00d4 04DA     		bge	.L16
 115:Generated_Source\PSoC5/CupSensor_1_CupSensorUnit.c ****                     {
 116:Generated_Source\PSoC5/CupSensor_1_CupSensorUnit.c ****                         sensorUnit->state = NOT_PLACED;
 318              		.loc 1 116 0
 319 00d6 0023     		movs	r3, #0
 320 00d8 2370     		strb	r3, [r4]
 117:Generated_Source\PSoC5/CupSensor_1_CupSensorUnit.c ****                         CircularBuffer_resetBuffer(&(sensorUnit->averageBuffer));
 321              		.loc 1 117 0
 322 00da 3046     		mov	r0, r6
 323 00dc FFF7FEFF 		bl	CircularBuffer_resetBuffer
 324              	.LVL37:
 325              	.L16:
 118:Generated_Source\PSoC5/CupSensor_1_CupSensorUnit.c ****                     }
 119:Generated_Source\PSoC5/CupSensor_1_CupSensorUnit.c ****                 }
 120:Generated_Source\PSoC5/CupSensor_1_CupSensorUnit.c ****                 break;
 121:Generated_Source\PSoC5/CupSensor_1_CupSensorUnit.c ****             }
 122:Generated_Source\PSoC5/CupSensor_1_CupSensorUnit.c ****         }
 123:Generated_Source\PSoC5/CupSensor_1_CupSensorUnit.c ****     }
 124:Generated_Source\PSoC5/CupSensor_1_CupSensorUnit.c ****     if(oldState == sensorUnit->state)
 326              		.loc 1 124 0
 327 00e0 2378     		ldrb	r3, [r4]	@ zero_extendqisi2
 328 00e2 9D42     		cmp	r5, r3
 329 00e4 04D0     		beq	.L26
 125:Generated_Source\PSoC5/CupSensor_1_CupSensorUnit.c ****     {
 126:Generated_Source\PSoC5/CupSensor_1_CupSensorUnit.c ****         return 0;    
 127:Generated_Source\PSoC5/CupSensor_1_CupSensorUnit.c ****     }
ARM GAS  C:\Users\nikol\AppData\Local\Temp\ccY02Dqq.s 			page 9


 128:Generated_Source\PSoC5/CupSensor_1_CupSensorUnit.c ****     else
 129:Generated_Source\PSoC5/CupSensor_1_CupSensorUnit.c ****     {
 130:Generated_Source\PSoC5/CupSensor_1_CupSensorUnit.c ****         if(oldState == VALIDATING_PLACED && sensorUnit->state == NOT_PLACED)
 330              		.loc 1 130 0
 331 00e6 012D     		cmp	r5, #1
 332 00e8 04D1     		bne	.L27
 333              		.loc 1 130 0 is_stmt 0 discriminator 1
 334 00ea 2BB1     		cbz	r3, .L28
 131:Generated_Source\PSoC5/CupSensor_1_CupSensorUnit.c ****         {
 132:Generated_Source\PSoC5/CupSensor_1_CupSensorUnit.c ****             return 0;    
 133:Generated_Source\PSoC5/CupSensor_1_CupSensorUnit.c ****         }
 134:Generated_Source\PSoC5/CupSensor_1_CupSensorUnit.c ****         else
 135:Generated_Source\PSoC5/CupSensor_1_CupSensorUnit.c ****         {
 136:Generated_Source\PSoC5/CupSensor_1_CupSensorUnit.c ****             return 1;   
 335              		.loc 1 136 0 is_stmt 1
 336 00ec 0120     		movs	r0, #1
 337 00ee 04E0     		b	.L25
 338              	.L26:
 126:Generated_Source\PSoC5/CupSensor_1_CupSensorUnit.c ****     }
 339              		.loc 1 126 0
 340 00f0 0020     		movs	r0, #0
 341 00f2 02E0     		b	.L25
 342              	.L27:
 343              		.loc 1 136 0
 344 00f4 0120     		movs	r0, #1
 345 00f6 00E0     		b	.L25
 346              	.L28:
 132:Generated_Source\PSoC5/CupSensor_1_CupSensorUnit.c ****         }
 347              		.loc 1 132 0
 348 00f8 0020     		movs	r0, #0
 349              	.L25:
 137:Generated_Source\PSoC5/CupSensor_1_CupSensorUnit.c ****         }
 138:Generated_Source\PSoC5/CupSensor_1_CupSensorUnit.c ****     }
 139:Generated_Source\PSoC5/CupSensor_1_CupSensorUnit.c **** }
 350              		.loc 1 139 0
 351 00fa 03B0     		add	sp, sp, #12
 352              		.cfi_def_cfa_offset 28
 353              		@ sp needed
 354 00fc BDE8F083 		pop	{r4, r5, r6, r7, r8, r9, pc}
 355              		.cfi_endproc
 356              	.LFE66:
 357              		.size	CupSensorUnit_updateState, .-CupSensorUnit_updateState
 358              		.section	.text.CupSensorUnit_insertReading,"ax",%progbits
 359              		.align	2
 360              		.global	CupSensorUnit_insertReading
 361              		.thumb
 362              		.thumb_func
 363              		.type	CupSensorUnit_insertReading, %function
 364              	CupSensorUnit_insertReading:
 365              	.LFB67:
 140:Generated_Source\PSoC5/CupSensor_1_CupSensorUnit.c **** 
 141:Generated_Source\PSoC5/CupSensor_1_CupSensorUnit.c **** uint8_t CupSensorUnit_insertReading(struct CupSensorUnit* sensorUnit, uint8_t reading)
 142:Generated_Source\PSoC5/CupSensor_1_CupSensorUnit.c **** {
 366              		.loc 1 142 0
 367              		.cfi_startproc
 368              		@ args = 0, pretend = 0, frame = 0
 369              		@ frame_needed = 0, uses_anonymous_args = 0
ARM GAS  C:\Users\nikol\AppData\Local\Temp\ccY02Dqq.s 			page 10


 370              	.LVL38:
 371 0000 38B5     		push	{r3, r4, r5, lr}
 372              		.cfi_def_cfa_offset 16
 373              		.cfi_offset 3, -16
 374              		.cfi_offset 4, -12
 375              		.cfi_offset 5, -8
 376              		.cfi_offset 14, -4
 377 0002 0446     		mov	r4, r0
 143:Generated_Source\PSoC5/CupSensor_1_CupSensorUnit.c ****     
 144:Generated_Source\PSoC5/CupSensor_1_CupSensorUnit.c ****     CircularBuffer_insertReading(&(sensorUnit->averageBuffer), reading);
 378              		.loc 1 144 0
 379 0004 00F22445 		addw	r5, r0, #1060
 380 0008 2846     		mov	r0, r5
 381              	.LVL39:
 382 000a FFF7FEFF 		bl	CircularBuffer_insertReading
 383              	.LVL40:
 145:Generated_Source\PSoC5/CupSensor_1_CupSensorUnit.c ****     CircularBuffer_calculateMinMax(&(sensorUnit->averageBuffer));
 384              		.loc 1 145 0
 385 000e 2846     		mov	r0, r5
 386 0010 FFF7FEFF 		bl	CircularBuffer_calculateMinMax
 387              	.LVL41:
 146:Generated_Source\PSoC5/CupSensor_1_CupSensorUnit.c ****     uint8_t stateChanged = CupSensorUnit_updateState(sensorUnit);
 388              		.loc 1 146 0
 389 0014 2046     		mov	r0, r4
 390 0016 FFF7FEFF 		bl	CupSensorUnit_updateState
 391              	.LVL42:
 392 001a 0546     		mov	r5, r0
 393              	.LVL43:
 147:Generated_Source\PSoC5/CupSensor_1_CupSensorUnit.c ****     CupSensorUnit_calculateBaselines(sensorUnit);
 394              		.loc 1 147 0
 395 001c 2046     		mov	r0, r4
 396 001e FFF7FEFF 		bl	CupSensorUnit_calculateBaselines
 397              	.LVL44:
 148:Generated_Source\PSoC5/CupSensor_1_CupSensorUnit.c ****     return stateChanged;
 149:Generated_Source\PSoC5/CupSensor_1_CupSensorUnit.c **** 
 150:Generated_Source\PSoC5/CupSensor_1_CupSensorUnit.c ****     
 151:Generated_Source\PSoC5/CupSensor_1_CupSensorUnit.c **** }
 398              		.loc 1 151 0
 399 0022 2846     		mov	r0, r5
 400 0024 38BD     		pop	{r3, r4, r5, pc}
 401              		.cfi_endproc
 402              	.LFE67:
 403              		.size	CupSensorUnit_insertReading, .-CupSensorUnit_insertReading
 404 0026 00BF     		.text
 405              	.Letext0:
 406              		.file 2 "c:\\program files (x86)\\cypress\\psoc creator\\4.2\\psoc creator\\import\\gnu\\arm\\5.4.
 407              		.file 3 "c:\\program files (x86)\\cypress\\psoc creator\\4.2\\psoc creator\\import\\gnu\\arm\\5.4.
 408              		.file 4 "Generated_Source\\PSoC5/CupSensor_1_CircularBuffer.h"
 409              		.file 5 "Generated_Source\\PSoC5/CupSensor_1_CupSensorUnit.h"
 410              		.file 6 "Generated_Source\\PSoC5/core_cm3.h"
 411              		.section	.debug_info,"",%progbits
 412              	.Ldebug_info0:
 413 0000 99040000 		.4byte	0x499
 414 0004 0400     		.2byte	0x4
 415 0006 00000000 		.4byte	.Ldebug_abbrev0
 416 000a 04       		.byte	0x4
 417 000b 01       		.uleb128 0x1
ARM GAS  C:\Users\nikol\AppData\Local\Temp\ccY02Dqq.s 			page 11


 418 000c 75030000 		.4byte	.LASF64
 419 0010 0C       		.byte	0xc
 420 0011 B6000000 		.4byte	.LASF65
 421 0015 03040000 		.4byte	.LASF66
 422 0019 00000000 		.4byte	.Ldebug_ranges0+0
 423 001d 00000000 		.4byte	0
 424 0021 00000000 		.4byte	.Ldebug_line0
 425 0025 02       		.uleb128 0x2
 426 0026 5F020000 		.4byte	.LASF0
 427 002a 02       		.byte	0x2
 428 002b 1B       		.byte	0x1b
 429 002c 30000000 		.4byte	0x30
 430 0030 03       		.uleb128 0x3
 431 0031 01       		.byte	0x1
 432 0032 06       		.byte	0x6
 433 0033 B1010000 		.4byte	.LASF2
 434 0037 02       		.uleb128 0x2
 435 0038 6B040000 		.4byte	.LASF1
 436 003c 02       		.byte	0x2
 437 003d 1D       		.byte	0x1d
 438 003e 42000000 		.4byte	0x42
 439 0042 03       		.uleb128 0x3
 440 0043 01       		.byte	0x1
 441 0044 08       		.byte	0x8
 442 0045 82010000 		.4byte	.LASF3
 443 0049 02       		.uleb128 0x2
 444 004a 00000000 		.4byte	.LASF4
 445 004e 02       		.byte	0x2
 446 004f 29       		.byte	0x29
 447 0050 54000000 		.4byte	0x54
 448 0054 03       		.uleb128 0x3
 449 0055 02       		.byte	0x2
 450 0056 05       		.byte	0x5
 451 0057 1F000000 		.4byte	.LASF5
 452 005b 02       		.uleb128 0x2
 453 005c 66000000 		.4byte	.LASF6
 454 0060 02       		.byte	0x2
 455 0061 2B       		.byte	0x2b
 456 0062 66000000 		.4byte	0x66
 457 0066 03       		.uleb128 0x3
 458 0067 02       		.byte	0x2
 459 0068 07       		.byte	0x7
 460 0069 4C020000 		.4byte	.LASF7
 461 006d 02       		.uleb128 0x2
 462 006e 27030000 		.4byte	.LASF8
 463 0072 02       		.byte	0x2
 464 0073 3F       		.byte	0x3f
 465 0074 78000000 		.4byte	0x78
 466 0078 03       		.uleb128 0x3
 467 0079 04       		.byte	0x4
 468 007a 05       		.byte	0x5
 469 007b 06010000 		.4byte	.LASF9
 470 007f 02       		.uleb128 0x2
 471 0080 3E000000 		.4byte	.LASF10
 472 0084 02       		.byte	0x2
 473 0085 41       		.byte	0x41
 474 0086 8A000000 		.4byte	0x8a
ARM GAS  C:\Users\nikol\AppData\Local\Temp\ccY02Dqq.s 			page 12


 475 008a 03       		.uleb128 0x3
 476 008b 04       		.byte	0x4
 477 008c 07       		.byte	0x7
 478 008d FC010000 		.4byte	.LASF11
 479 0091 03       		.uleb128 0x3
 480 0092 08       		.byte	0x8
 481 0093 05       		.byte	0x5
 482 0094 E9000000 		.4byte	.LASF12
 483 0098 03       		.uleb128 0x3
 484 0099 08       		.byte	0x8
 485 009a 07       		.byte	0x7
 486 009b BD010000 		.4byte	.LASF13
 487 009f 04       		.uleb128 0x4
 488 00a0 04       		.byte	0x4
 489 00a1 05       		.byte	0x5
 490 00a2 696E7400 		.ascii	"int\000"
 491 00a6 03       		.uleb128 0x3
 492 00a7 04       		.byte	0x4
 493 00a8 07       		.byte	0x7
 494 00a9 E6010000 		.4byte	.LASF14
 495 00ad 02       		.uleb128 0x2
 496 00ae 0A000000 		.4byte	.LASF15
 497 00b2 03       		.byte	0x3
 498 00b3 14       		.byte	0x14
 499 00b4 25000000 		.4byte	0x25
 500 00b8 02       		.uleb128 0x2
 501 00b9 31030000 		.4byte	.LASF16
 502 00bd 03       		.byte	0x3
 503 00be 18       		.byte	0x18
 504 00bf 37000000 		.4byte	0x37
 505 00c3 02       		.uleb128 0x2
 506 00c4 98020000 		.4byte	.LASF17
 507 00c8 03       		.byte	0x3
 508 00c9 20       		.byte	0x20
 509 00ca 49000000 		.4byte	0x49
 510 00ce 02       		.uleb128 0x2
 511 00cf F3010000 		.4byte	.LASF18
 512 00d3 03       		.byte	0x3
 513 00d4 24       		.byte	0x24
 514 00d5 5B000000 		.4byte	0x5b
 515 00d9 02       		.uleb128 0x2
 516 00da 90020000 		.4byte	.LASF19
 517 00de 03       		.byte	0x3
 518 00df 2C       		.byte	0x2c
 519 00e0 6D000000 		.4byte	0x6d
 520 00e4 02       		.uleb128 0x2
 521 00e5 D4010000 		.4byte	.LASF20
 522 00e9 03       		.byte	0x3
 523 00ea 30       		.byte	0x30
 524 00eb 7F000000 		.4byte	0x7f
 525 00ef 03       		.uleb128 0x3
 526 00f0 04       		.byte	0x4
 527 00f1 04       		.byte	0x4
 528 00f2 B0000000 		.4byte	.LASF21
 529 00f6 03       		.uleb128 0x3
 530 00f7 08       		.byte	0x8
 531 00f8 04       		.byte	0x4
ARM GAS  C:\Users\nikol\AppData\Local\Temp\ccY02Dqq.s 			page 13


 532 00f9 E1020000 		.4byte	.LASF22
 533 00fd 03       		.uleb128 0x3
 534 00fe 01       		.byte	0x1
 535 00ff 08       		.byte	0x8
 536 0100 68020000 		.4byte	.LASF23
 537 0104 03       		.uleb128 0x3
 538 0105 08       		.byte	0x8
 539 0106 04       		.byte	0x4
 540 0107 76010000 		.4byte	.LASF24
 541 010b 03       		.uleb128 0x3
 542 010c 04       		.byte	0x4
 543 010d 07       		.byte	0x7
 544 010e 29000000 		.4byte	.LASF25
 545 0112 05       		.uleb128 0x5
 546 0113 F7000000 		.4byte	.LASF36
 547 0117 1404     		.2byte	0x414
 548 0119 04       		.byte	0x4
 549 011a 14       		.byte	0x14
 550 011b 87010000 		.4byte	0x187
 551 011f 06       		.uleb128 0x6
 552 0120 A6020000 		.4byte	.LASF26
 553 0124 04       		.byte	0x4
 554 0125 15       		.byte	0x15
 555 0126 87010000 		.4byte	0x187
 556 012a 00       		.byte	0
 557 012b 07       		.uleb128 0x7
 558 012c 9E000000 		.4byte	.LASF27
 559 0130 04       		.byte	0x4
 560 0131 16       		.byte	0x16
 561 0132 CE000000 		.4byte	0xce
 562 0136 0004     		.2byte	0x400
 563 0138 07       		.uleb128 0x7
 564 0139 17000000 		.4byte	.LASF28
 565 013d 04       		.byte	0x4
 566 013e 17       		.byte	0x17
 567 013f EF000000 		.4byte	0xef
 568 0143 0404     		.2byte	0x404
 569 0145 08       		.uleb128 0x8
 570 0146 6D696E00 		.ascii	"min\000"
 571 014a 04       		.byte	0x4
 572 014b 18       		.byte	0x18
 573 014c B8000000 		.4byte	0xb8
 574 0150 0804     		.2byte	0x408
 575 0152 08       		.uleb128 0x8
 576 0153 6D617800 		.ascii	"max\000"
 577 0157 04       		.byte	0x4
 578 0158 19       		.byte	0x19
 579 0159 B8000000 		.4byte	0xb8
 580 015d 0904     		.2byte	0x409
 581 015f 07       		.uleb128 0x7
 582 0160 A0020000 		.4byte	.LASF29
 583 0164 04       		.byte	0x4
 584 0165 1A       		.byte	0x1a
 585 0166 AD000000 		.4byte	0xad
 586 016a 0A04     		.2byte	0x40a
 587 016c 08       		.uleb128 0x8
 588 016d 73756D00 		.ascii	"sum\000"
ARM GAS  C:\Users\nikol\AppData\Local\Temp\ccY02Dqq.s 			page 14


 589 0171 04       		.byte	0x4
 590 0172 1B       		.byte	0x1b
 591 0173 E4000000 		.4byte	0xe4
 592 0177 0C04     		.2byte	0x40c
 593 0179 07       		.uleb128 0x7
 594 017a 04030000 		.4byte	.LASF30
 595 017e 04       		.byte	0x4
 596 017f 1C       		.byte	0x1c
 597 0180 CE000000 		.4byte	0xce
 598 0184 1004     		.2byte	0x410
 599 0186 00       		.byte	0
 600 0187 09       		.uleb128 0x9
 601 0188 B8000000 		.4byte	0xb8
 602 018c 98010000 		.4byte	0x198
 603 0190 0A       		.uleb128 0xa
 604 0191 0B010000 		.4byte	0x10b
 605 0195 FF03     		.2byte	0x3ff
 606 0197 00       		.byte	0
 607 0198 0B       		.uleb128 0xb
 608 0199 01       		.byte	0x1
 609 019a 42000000 		.4byte	0x42
 610 019e 05       		.byte	0x5
 611 019f 14       		.byte	0x14
 612 01a0 C3010000 		.4byte	0x1c3
 613 01a4 0C       		.uleb128 0xc
 614 01a5 71000000 		.4byte	.LASF31
 615 01a9 00       		.byte	0
 616 01aa 0C       		.uleb128 0xc
 617 01ab 8C000000 		.4byte	.LASF32
 618 01af 01       		.byte	0x1
 619 01b0 0C       		.uleb128 0xc
 620 01b1 7C000000 		.4byte	.LASF33
 621 01b5 02       		.byte	0x2
 622 01b6 0C       		.uleb128 0xc
 623 01b7 0E020000 		.4byte	.LASF34
 624 01bb 03       		.byte	0x3
 625 01bc 0D       		.uleb128 0xd
 626 01bd 48495400 		.ascii	"HIT\000"
 627 01c1 04       		.byte	0x4
 628 01c2 00       		.byte	0
 629 01c3 02       		.uleb128 0x2
 630 01c4 61040000 		.4byte	.LASF35
 631 01c8 05       		.byte	0x5
 632 01c9 1A       		.byte	0x1a
 633 01ca 98010000 		.4byte	0x198
 634 01ce 05       		.uleb128 0x5
 635 01cf 39030000 		.4byte	.LASF37
 636 01d3 3808     		.2byte	0x838
 637 01d5 05       		.byte	0x5
 638 01d6 1C       		.byte	0x1c
 639 01d7 49020000 		.4byte	0x249
 640 01db 06       		.uleb128 0x6
 641 01dc 11000000 		.4byte	.LASF38
 642 01e0 05       		.byte	0x5
 643 01e1 1D       		.byte	0x1d
 644 01e2 C3010000 		.4byte	0x1c3
 645 01e6 00       		.byte	0
ARM GAS  C:\Users\nikol\AppData\Local\Temp\ccY02Dqq.s 			page 15


 646 01e7 06       		.uleb128 0x6
 647 01e8 83000000 		.4byte	.LASF39
 648 01ec 05       		.byte	0x5
 649 01ed 1E       		.byte	0x1e
 650 01ee C3000000 		.4byte	0xc3
 651 01f2 02       		.byte	0x2
 652 01f3 06       		.uleb128 0x6
 653 01f4 C6020000 		.4byte	.LASF40
 654 01f8 05       		.byte	0x5
 655 01f9 1F       		.byte	0x1f
 656 01fa C3000000 		.4byte	0xc3
 657 01fe 04       		.byte	0x4
 658 01ff 06       		.uleb128 0x6
 659 0200 6D020000 		.4byte	.LASF41
 660 0204 05       		.byte	0x5
 661 0205 20       		.byte	0x20
 662 0206 B8000000 		.4byte	0xb8
 663 020a 06       		.byte	0x6
 664 020b 06       		.uleb128 0x6
 665 020c 1D020000 		.4byte	.LASF42
 666 0210 05       		.byte	0x5
 667 0211 21       		.byte	0x21
 668 0212 B8000000 		.4byte	0xb8
 669 0216 07       		.byte	0x7
 670 0217 06       		.uleb128 0x6
 671 0218 A4000000 		.4byte	.LASF43
 672 021c 05       		.byte	0x5
 673 021d 22       		.byte	0x22
 674 021e EF000000 		.4byte	0xef
 675 0222 08       		.byte	0x8
 676 0223 06       		.uleb128 0x6
 677 0224 7C020000 		.4byte	.LASF44
 678 0228 05       		.byte	0x5
 679 0229 23       		.byte	0x23
 680 022a EF000000 		.4byte	0xef
 681 022e 0C       		.byte	0xc
 682 022f 06       		.uleb128 0x6
 683 0230 B7020000 		.4byte	.LASF45
 684 0234 05       		.byte	0x5
 685 0235 24       		.byte	0x24
 686 0236 12010000 		.4byte	0x112
 687 023a 10       		.byte	0x10
 688 023b 07       		.uleb128 0x7
 689 023c 0F010000 		.4byte	.LASF46
 690 0240 05       		.byte	0x5
 691 0241 25       		.byte	0x25
 692 0242 12010000 		.4byte	0x112
 693 0246 2404     		.2byte	0x424
 694 0248 00       		.byte	0
 695 0249 0E       		.uleb128 0xe
 696 024a 14030000 		.4byte	.LASF50
 697 024e 01       		.byte	0x1
 698 024f 0F       		.byte	0xf
 699 0250 00000000 		.4byte	.LFB64
 700 0254 28000000 		.4byte	.LFE64-.LFB64
 701 0258 01       		.uleb128 0x1
 702 0259 9C       		.byte	0x9c
ARM GAS  C:\Users\nikol\AppData\Local\Temp\ccY02Dqq.s 			page 16


 703 025a B7020000 		.4byte	0x2b7
 704 025e 0F       		.uleb128 0xf
 705 025f D6020000 		.4byte	.LASF47
 706 0263 01       		.byte	0x1
 707 0264 0F       		.byte	0xf
 708 0265 B7020000 		.4byte	0x2b7
 709 0269 00000000 		.4byte	.LLST0
 710 026d 0F       		.uleb128 0xf
 711 026e 09030000 		.4byte	.LASF48
 712 0272 01       		.byte	0x1
 713 0273 0F       		.byte	0xf
 714 0274 CE000000 		.4byte	0xce
 715 0278 1E000000 		.4byte	.LLST1
 716 027c 0F       		.uleb128 0xf
 717 027d 32000000 		.4byte	.LASF49
 718 0281 01       		.byte	0x1
 719 0282 0F       		.byte	0xf
 720 0283 CE000000 		.4byte	0xce
 721 0287 3F000000 		.4byte	.LLST2
 722 028b 10       		.uleb128 0x10
 723 028c 10000000 		.4byte	.LVL3
 724 0290 65040000 		.4byte	0x465
 725 0294 A0020000 		.4byte	0x2a0
 726 0298 11       		.uleb128 0x11
 727 0299 01       		.uleb128 0x1
 728 029a 50       		.byte	0x50
 729 029b 03       		.uleb128 0x3
 730 029c 74       		.byte	0x74
 731 029d A408     		.sleb128 1060
 732 029f 00       		.byte	0
 733 02a0 12       		.uleb128 0x12
 734 02a1 1A000000 		.4byte	.LVL4
 735 02a5 65040000 		.4byte	0x465
 736 02a9 11       		.uleb128 0x11
 737 02aa 01       		.uleb128 0x1
 738 02ab 50       		.byte	0x50
 739 02ac 02       		.uleb128 0x2
 740 02ad 74       		.byte	0x74
 741 02ae 10       		.sleb128 16
 742 02af 11       		.uleb128 0x11
 743 02b0 01       		.uleb128 0x1
 744 02b1 51       		.byte	0x51
 745 02b2 02       		.uleb128 0x2
 746 02b3 75       		.byte	0x75
 747 02b4 00       		.sleb128 0
 748 02b5 00       		.byte	0
 749 02b6 00       		.byte	0
 750 02b7 13       		.uleb128 0x13
 751 02b8 04       		.byte	0x4
 752 02b9 CE010000 		.4byte	0x1ce
 753 02bd 14       		.uleb128 0x14
 754 02be 90010000 		.4byte	.LASF51
 755 02c2 01       		.byte	0x1
 756 02c3 1A       		.byte	0x1a
 757 02c4 00000000 		.4byte	.LFB65
 758 02c8 6E000000 		.4byte	.LFE65-.LFB65
 759 02cc 01       		.uleb128 0x1
ARM GAS  C:\Users\nikol\AppData\Local\Temp\ccY02Dqq.s 			page 17


 760 02cd 9C       		.byte	0x9c
 761 02ce E2020000 		.4byte	0x2e2
 762 02d2 0F       		.uleb128 0xf
 763 02d3 D6020000 		.4byte	.LASF47
 764 02d7 01       		.byte	0x1
 765 02d8 1A       		.byte	0x1a
 766 02d9 B7020000 		.4byte	0x2b7
 767 02dd 60000000 		.4byte	.LLST3
 768 02e1 00       		.byte	0
 769 02e2 15       		.uleb128 0x15
 770 02e3 31010000 		.4byte	.LASF55
 771 02e7 01       		.byte	0x1
 772 02e8 40       		.byte	0x40
 773 02e9 B8000000 		.4byte	0xb8
 774 02ed 00000000 		.4byte	.LFB66
 775 02f1 00010000 		.4byte	.LFE66-.LFB66
 776 02f5 01       		.uleb128 0x1
 777 02f6 9C       		.byte	0x9c
 778 02f7 C3030000 		.4byte	0x3c3
 779 02fb 0F       		.uleb128 0xf
 780 02fc D6020000 		.4byte	.LASF47
 781 0300 01       		.byte	0x1
 782 0301 40       		.byte	0x40
 783 0302 B7020000 		.4byte	0x2b7
 784 0306 AA000000 		.4byte	.LLST4
 785 030a 16       		.uleb128 0x16
 786 030b DD010000 		.4byte	.LASF52
 787 030f 01       		.byte	0x1
 788 0310 42       		.byte	0x42
 789 0311 C3010000 		.4byte	0x1c3
 790 0315 01       		.uleb128 0x1
 791 0316 55       		.byte	0x55
 792 0317 16       		.uleb128 0x16
 793 0318 AB020000 		.4byte	.LASF53
 794 031c 01       		.byte	0x1
 795 031d 43       		.byte	0x43
 796 031e B8000000 		.4byte	0xb8
 797 0322 02       		.uleb128 0x2
 798 0323 91       		.byte	0x91
 799 0324 5F       		.sleb128 -33
 800 0325 17       		.uleb128 0x17
 801 0326 47030000 		.4byte	.LASF54
 802 032a 01       		.byte	0x1
 803 032b 44       		.byte	0x44
 804 032c AD000000 		.4byte	0xad
 805 0330 C8000000 		.4byte	.LLST5
 806 0334 10       		.uleb128 0x10
 807 0335 18000000 		.4byte	.LVL20
 808 0339 70040000 		.4byte	0x470
 809 033d 4E030000 		.4byte	0x34e
 810 0341 11       		.uleb128 0x11
 811 0342 01       		.uleb128 0x1
 812 0343 50       		.byte	0x50
 813 0344 02       		.uleb128 0x2
 814 0345 76       		.byte	0x76
 815 0346 00       		.sleb128 0
 816 0347 11       		.uleb128 0x11
ARM GAS  C:\Users\nikol\AppData\Local\Temp\ccY02Dqq.s 			page 18


 817 0348 01       		.uleb128 0x1
 818 0349 51       		.byte	0x51
 819 034a 02       		.uleb128 0x2
 820 034b 91       		.byte	0x91
 821 034c 5F       		.sleb128 -33
 822 034d 00       		.byte	0
 823 034e 10       		.uleb128 0x10
 824 034f 4A000000 		.4byte	.LVL22
 825 0353 7B040000 		.4byte	0x47b
 826 0357 62030000 		.4byte	0x362
 827 035b 11       		.uleb128 0x11
 828 035c 01       		.uleb128 0x1
 829 035d 50       		.byte	0x50
 830 035e 02       		.uleb128 0x2
 831 035f 76       		.byte	0x76
 832 0360 00       		.sleb128 0
 833 0361 00       		.byte	0
 834 0362 10       		.uleb128 0x10
 835 0363 62000000 		.4byte	.LVL25
 836 0367 7B040000 		.4byte	0x47b
 837 036b 76030000 		.4byte	0x376
 838 036f 11       		.uleb128 0x11
 839 0370 01       		.uleb128 0x1
 840 0371 50       		.byte	0x50
 841 0372 02       		.uleb128 0x2
 842 0373 76       		.byte	0x76
 843 0374 00       		.sleb128 0
 844 0375 00       		.byte	0
 845 0376 10       		.uleb128 0x10
 846 0377 74000000 		.4byte	.LVL26
 847 037b 7B040000 		.4byte	0x47b
 848 037f 8A030000 		.4byte	0x38a
 849 0383 11       		.uleb128 0x11
 850 0384 01       		.uleb128 0x1
 851 0385 50       		.byte	0x50
 852 0386 02       		.uleb128 0x2
 853 0387 76       		.byte	0x76
 854 0388 00       		.sleb128 0
 855 0389 00       		.byte	0
 856 038a 10       		.uleb128 0x10
 857 038b AE000000 		.4byte	.LVL33
 858 038f 7B040000 		.4byte	0x47b
 859 0393 9E030000 		.4byte	0x39e
 860 0397 11       		.uleb128 0x11
 861 0398 01       		.uleb128 0x1
 862 0399 50       		.byte	0x50
 863 039a 02       		.uleb128 0x2
 864 039b 76       		.byte	0x76
 865 039c 00       		.sleb128 0
 866 039d 00       		.byte	0
 867 039e 10       		.uleb128 0x10
 868 039f C8000000 		.4byte	.LVL34
 869 03a3 7B040000 		.4byte	0x47b
 870 03a7 B2030000 		.4byte	0x3b2
 871 03ab 11       		.uleb128 0x11
 872 03ac 01       		.uleb128 0x1
 873 03ad 50       		.byte	0x50
ARM GAS  C:\Users\nikol\AppData\Local\Temp\ccY02Dqq.s 			page 19


 874 03ae 02       		.uleb128 0x2
 875 03af 76       		.byte	0x76
 876 03b0 00       		.sleb128 0
 877 03b1 00       		.byte	0
 878 03b2 12       		.uleb128 0x12
 879 03b3 E0000000 		.4byte	.LVL37
 880 03b7 7B040000 		.4byte	0x47b
 881 03bb 11       		.uleb128 0x11
 882 03bc 01       		.uleb128 0x1
 883 03bd 50       		.byte	0x50
 884 03be 02       		.uleb128 0x2
 885 03bf 76       		.byte	0x76
 886 03c0 00       		.sleb128 0
 887 03c1 00       		.byte	0
 888 03c2 00       		.byte	0
 889 03c3 18       		.uleb128 0x18
 890 03c4 E8020000 		.4byte	.LASF56
 891 03c8 01       		.byte	0x1
 892 03c9 8D       		.byte	0x8d
 893 03ca B8000000 		.4byte	0xb8
 894 03ce 00000000 		.4byte	.LFB67
 895 03d2 26000000 		.4byte	.LFE67-.LFB67
 896 03d6 01       		.uleb128 0x1
 897 03d7 9C       		.byte	0x9c
 898 03d8 54040000 		.4byte	0x454
 899 03dc 0F       		.uleb128 0xf
 900 03dd D6020000 		.4byte	.LASF47
 901 03e1 01       		.byte	0x1
 902 03e2 8D       		.byte	0x8d
 903 03e3 B7020000 		.4byte	0x2b7
 904 03e7 FC000000 		.4byte	.LLST6
 905 03eb 0F       		.uleb128 0xf
 906 03ec BE020000 		.4byte	.LASF57
 907 03f0 01       		.byte	0x1
 908 03f1 8D       		.byte	0x8d
 909 03f2 B8000000 		.4byte	0xb8
 910 03f6 1A010000 		.4byte	.LLST7
 911 03fa 16       		.uleb128 0x16
 912 03fb 69010000 		.4byte	.LASF58
 913 03ff 01       		.byte	0x1
 914 0400 92       		.byte	0x92
 915 0401 B8000000 		.4byte	0xb8
 916 0405 01       		.uleb128 0x1
 917 0406 55       		.byte	0x55
 918 0407 10       		.uleb128 0x10
 919 0408 0E000000 		.4byte	.LVL40
 920 040c 86040000 		.4byte	0x486
 921 0410 1B040000 		.4byte	0x41b
 922 0414 11       		.uleb128 0x11
 923 0415 01       		.uleb128 0x1
 924 0416 50       		.byte	0x50
 925 0417 02       		.uleb128 0x2
 926 0418 75       		.byte	0x75
 927 0419 00       		.sleb128 0
 928 041a 00       		.byte	0
 929 041b 10       		.uleb128 0x10
 930 041c 14000000 		.4byte	.LVL41
ARM GAS  C:\Users\nikol\AppData\Local\Temp\ccY02Dqq.s 			page 20


 931 0420 91040000 		.4byte	0x491
 932 0424 2F040000 		.4byte	0x42f
 933 0428 11       		.uleb128 0x11
 934 0429 01       		.uleb128 0x1
 935 042a 50       		.byte	0x50
 936 042b 02       		.uleb128 0x2
 937 042c 75       		.byte	0x75
 938 042d 00       		.sleb128 0
 939 042e 00       		.byte	0
 940 042f 10       		.uleb128 0x10
 941 0430 1A000000 		.4byte	.LVL42
 942 0434 E2020000 		.4byte	0x2e2
 943 0438 43040000 		.4byte	0x443
 944 043c 11       		.uleb128 0x11
 945 043d 01       		.uleb128 0x1
 946 043e 50       		.byte	0x50
 947 043f 02       		.uleb128 0x2
 948 0440 74       		.byte	0x74
 949 0441 00       		.sleb128 0
 950 0442 00       		.byte	0
 951 0443 12       		.uleb128 0x12
 952 0444 22000000 		.4byte	.LVL44
 953 0448 BD020000 		.4byte	0x2bd
 954 044c 11       		.uleb128 0x11
 955 044d 01       		.uleb128 0x1
 956 044e 50       		.byte	0x50
 957 044f 02       		.uleb128 0x2
 958 0450 74       		.byte	0x74
 959 0451 00       		.sleb128 0
 960 0452 00       		.byte	0
 961 0453 00       		.byte	0
 962 0454 19       		.uleb128 0x19
 963 0455 68030000 		.4byte	.LASF67
 964 0459 06       		.byte	0x6
 965 045a 1207     		.2byte	0x712
 966 045c 60040000 		.4byte	0x460
 967 0460 1A       		.uleb128 0x1a
 968 0461 D9000000 		.4byte	0xd9
 969 0465 1B       		.uleb128 0x1b
 970 0466 1D010000 		.4byte	.LASF59
 971 046a 1D010000 		.4byte	.LASF59
 972 046e 04       		.byte	0x4
 973 046f 23       		.byte	0x23
 974 0470 1B       		.uleb128 0x1b
 975 0471 4B010000 		.4byte	.LASF60
 976 0475 4B010000 		.4byte	.LASF60
 977 0479 04       		.byte	0x4
 978 047a 21       		.byte	0x21
 979 047b 1B       		.uleb128 0x1b
 980 047c 4D030000 		.4byte	.LASF61
 981 0480 4D030000 		.4byte	.LASF61
 982 0484 04       		.byte	0x4
 983 0485 25       		.byte	0x25
 984 0486 1B       		.uleb128 0x1b
 985 0487 49000000 		.4byte	.LASF62
 986 048b 49000000 		.4byte	.LASF62
 987 048f 04       		.byte	0x4
ARM GAS  C:\Users\nikol\AppData\Local\Temp\ccY02Dqq.s 			page 21


 988 0490 1F       		.byte	0x1f
 989 0491 1B       		.uleb128 0x1b
 990 0492 2D020000 		.4byte	.LASF63
 991 0496 2D020000 		.4byte	.LASF63
 992 049a 04       		.byte	0x4
 993 049b 27       		.byte	0x27
 994 049c 00       		.byte	0
 995              		.section	.debug_abbrev,"",%progbits
 996              	.Ldebug_abbrev0:
 997 0000 01       		.uleb128 0x1
 998 0001 11       		.uleb128 0x11
 999 0002 01       		.byte	0x1
 1000 0003 25       		.uleb128 0x25
 1001 0004 0E       		.uleb128 0xe
 1002 0005 13       		.uleb128 0x13
 1003 0006 0B       		.uleb128 0xb
 1004 0007 03       		.uleb128 0x3
 1005 0008 0E       		.uleb128 0xe
 1006 0009 1B       		.uleb128 0x1b
 1007 000a 0E       		.uleb128 0xe
 1008 000b 55       		.uleb128 0x55
 1009 000c 17       		.uleb128 0x17
 1010 000d 11       		.uleb128 0x11
 1011 000e 01       		.uleb128 0x1
 1012 000f 10       		.uleb128 0x10
 1013 0010 17       		.uleb128 0x17
 1014 0011 00       		.byte	0
 1015 0012 00       		.byte	0
 1016 0013 02       		.uleb128 0x2
 1017 0014 16       		.uleb128 0x16
 1018 0015 00       		.byte	0
 1019 0016 03       		.uleb128 0x3
 1020 0017 0E       		.uleb128 0xe
 1021 0018 3A       		.uleb128 0x3a
 1022 0019 0B       		.uleb128 0xb
 1023 001a 3B       		.uleb128 0x3b
 1024 001b 0B       		.uleb128 0xb
 1025 001c 49       		.uleb128 0x49
 1026 001d 13       		.uleb128 0x13
 1027 001e 00       		.byte	0
 1028 001f 00       		.byte	0
 1029 0020 03       		.uleb128 0x3
 1030 0021 24       		.uleb128 0x24
 1031 0022 00       		.byte	0
 1032 0023 0B       		.uleb128 0xb
 1033 0024 0B       		.uleb128 0xb
 1034 0025 3E       		.uleb128 0x3e
 1035 0026 0B       		.uleb128 0xb
 1036 0027 03       		.uleb128 0x3
 1037 0028 0E       		.uleb128 0xe
 1038 0029 00       		.byte	0
 1039 002a 00       		.byte	0
 1040 002b 04       		.uleb128 0x4
 1041 002c 24       		.uleb128 0x24
 1042 002d 00       		.byte	0
 1043 002e 0B       		.uleb128 0xb
 1044 002f 0B       		.uleb128 0xb
ARM GAS  C:\Users\nikol\AppData\Local\Temp\ccY02Dqq.s 			page 22


 1045 0030 3E       		.uleb128 0x3e
 1046 0031 0B       		.uleb128 0xb
 1047 0032 03       		.uleb128 0x3
 1048 0033 08       		.uleb128 0x8
 1049 0034 00       		.byte	0
 1050 0035 00       		.byte	0
 1051 0036 05       		.uleb128 0x5
 1052 0037 13       		.uleb128 0x13
 1053 0038 01       		.byte	0x1
 1054 0039 03       		.uleb128 0x3
 1055 003a 0E       		.uleb128 0xe
 1056 003b 0B       		.uleb128 0xb
 1057 003c 05       		.uleb128 0x5
 1058 003d 3A       		.uleb128 0x3a
 1059 003e 0B       		.uleb128 0xb
 1060 003f 3B       		.uleb128 0x3b
 1061 0040 0B       		.uleb128 0xb
 1062 0041 01       		.uleb128 0x1
 1063 0042 13       		.uleb128 0x13
 1064 0043 00       		.byte	0
 1065 0044 00       		.byte	0
 1066 0045 06       		.uleb128 0x6
 1067 0046 0D       		.uleb128 0xd
 1068 0047 00       		.byte	0
 1069 0048 03       		.uleb128 0x3
 1070 0049 0E       		.uleb128 0xe
 1071 004a 3A       		.uleb128 0x3a
 1072 004b 0B       		.uleb128 0xb
 1073 004c 3B       		.uleb128 0x3b
 1074 004d 0B       		.uleb128 0xb
 1075 004e 49       		.uleb128 0x49
 1076 004f 13       		.uleb128 0x13
 1077 0050 38       		.uleb128 0x38
 1078 0051 0B       		.uleb128 0xb
 1079 0052 00       		.byte	0
 1080 0053 00       		.byte	0
 1081 0054 07       		.uleb128 0x7
 1082 0055 0D       		.uleb128 0xd
 1083 0056 00       		.byte	0
 1084 0057 03       		.uleb128 0x3
 1085 0058 0E       		.uleb128 0xe
 1086 0059 3A       		.uleb128 0x3a
 1087 005a 0B       		.uleb128 0xb
 1088 005b 3B       		.uleb128 0x3b
 1089 005c 0B       		.uleb128 0xb
 1090 005d 49       		.uleb128 0x49
 1091 005e 13       		.uleb128 0x13
 1092 005f 38       		.uleb128 0x38
 1093 0060 05       		.uleb128 0x5
 1094 0061 00       		.byte	0
 1095 0062 00       		.byte	0
 1096 0063 08       		.uleb128 0x8
 1097 0064 0D       		.uleb128 0xd
 1098 0065 00       		.byte	0
 1099 0066 03       		.uleb128 0x3
 1100 0067 08       		.uleb128 0x8
 1101 0068 3A       		.uleb128 0x3a
ARM GAS  C:\Users\nikol\AppData\Local\Temp\ccY02Dqq.s 			page 23


 1102 0069 0B       		.uleb128 0xb
 1103 006a 3B       		.uleb128 0x3b
 1104 006b 0B       		.uleb128 0xb
 1105 006c 49       		.uleb128 0x49
 1106 006d 13       		.uleb128 0x13
 1107 006e 38       		.uleb128 0x38
 1108 006f 05       		.uleb128 0x5
 1109 0070 00       		.byte	0
 1110 0071 00       		.byte	0
 1111 0072 09       		.uleb128 0x9
 1112 0073 01       		.uleb128 0x1
 1113 0074 01       		.byte	0x1
 1114 0075 49       		.uleb128 0x49
 1115 0076 13       		.uleb128 0x13
 1116 0077 01       		.uleb128 0x1
 1117 0078 13       		.uleb128 0x13
 1118 0079 00       		.byte	0
 1119 007a 00       		.byte	0
 1120 007b 0A       		.uleb128 0xa
 1121 007c 21       		.uleb128 0x21
 1122 007d 00       		.byte	0
 1123 007e 49       		.uleb128 0x49
 1124 007f 13       		.uleb128 0x13
 1125 0080 2F       		.uleb128 0x2f
 1126 0081 05       		.uleb128 0x5
 1127 0082 00       		.byte	0
 1128 0083 00       		.byte	0
 1129 0084 0B       		.uleb128 0xb
 1130 0085 04       		.uleb128 0x4
 1131 0086 01       		.byte	0x1
 1132 0087 0B       		.uleb128 0xb
 1133 0088 0B       		.uleb128 0xb
 1134 0089 49       		.uleb128 0x49
 1135 008a 13       		.uleb128 0x13
 1136 008b 3A       		.uleb128 0x3a
 1137 008c 0B       		.uleb128 0xb
 1138 008d 3B       		.uleb128 0x3b
 1139 008e 0B       		.uleb128 0xb
 1140 008f 01       		.uleb128 0x1
 1141 0090 13       		.uleb128 0x13
 1142 0091 00       		.byte	0
 1143 0092 00       		.byte	0
 1144 0093 0C       		.uleb128 0xc
 1145 0094 28       		.uleb128 0x28
 1146 0095 00       		.byte	0
 1147 0096 03       		.uleb128 0x3
 1148 0097 0E       		.uleb128 0xe
 1149 0098 1C       		.uleb128 0x1c
 1150 0099 0B       		.uleb128 0xb
 1151 009a 00       		.byte	0
 1152 009b 00       		.byte	0
 1153 009c 0D       		.uleb128 0xd
 1154 009d 28       		.uleb128 0x28
 1155 009e 00       		.byte	0
 1156 009f 03       		.uleb128 0x3
 1157 00a0 08       		.uleb128 0x8
 1158 00a1 1C       		.uleb128 0x1c
ARM GAS  C:\Users\nikol\AppData\Local\Temp\ccY02Dqq.s 			page 24


 1159 00a2 0B       		.uleb128 0xb
 1160 00a3 00       		.byte	0
 1161 00a4 00       		.byte	0
 1162 00a5 0E       		.uleb128 0xe
 1163 00a6 2E       		.uleb128 0x2e
 1164 00a7 01       		.byte	0x1
 1165 00a8 3F       		.uleb128 0x3f
 1166 00a9 19       		.uleb128 0x19
 1167 00aa 03       		.uleb128 0x3
 1168 00ab 0E       		.uleb128 0xe
 1169 00ac 3A       		.uleb128 0x3a
 1170 00ad 0B       		.uleb128 0xb
 1171 00ae 3B       		.uleb128 0x3b
 1172 00af 0B       		.uleb128 0xb
 1173 00b0 27       		.uleb128 0x27
 1174 00b1 19       		.uleb128 0x19
 1175 00b2 11       		.uleb128 0x11
 1176 00b3 01       		.uleb128 0x1
 1177 00b4 12       		.uleb128 0x12
 1178 00b5 06       		.uleb128 0x6
 1179 00b6 40       		.uleb128 0x40
 1180 00b7 18       		.uleb128 0x18
 1181 00b8 9742     		.uleb128 0x2117
 1182 00ba 19       		.uleb128 0x19
 1183 00bb 01       		.uleb128 0x1
 1184 00bc 13       		.uleb128 0x13
 1185 00bd 00       		.byte	0
 1186 00be 00       		.byte	0
 1187 00bf 0F       		.uleb128 0xf
 1188 00c0 05       		.uleb128 0x5
 1189 00c1 00       		.byte	0
 1190 00c2 03       		.uleb128 0x3
 1191 00c3 0E       		.uleb128 0xe
 1192 00c4 3A       		.uleb128 0x3a
 1193 00c5 0B       		.uleb128 0xb
 1194 00c6 3B       		.uleb128 0x3b
 1195 00c7 0B       		.uleb128 0xb
 1196 00c8 49       		.uleb128 0x49
 1197 00c9 13       		.uleb128 0x13
 1198 00ca 02       		.uleb128 0x2
 1199 00cb 17       		.uleb128 0x17
 1200 00cc 00       		.byte	0
 1201 00cd 00       		.byte	0
 1202 00ce 10       		.uleb128 0x10
 1203 00cf 898201   		.uleb128 0x4109
 1204 00d2 01       		.byte	0x1
 1205 00d3 11       		.uleb128 0x11
 1206 00d4 01       		.uleb128 0x1
 1207 00d5 31       		.uleb128 0x31
 1208 00d6 13       		.uleb128 0x13
 1209 00d7 01       		.uleb128 0x1
 1210 00d8 13       		.uleb128 0x13
 1211 00d9 00       		.byte	0
 1212 00da 00       		.byte	0
 1213 00db 11       		.uleb128 0x11
 1214 00dc 8A8201   		.uleb128 0x410a
 1215 00df 00       		.byte	0
ARM GAS  C:\Users\nikol\AppData\Local\Temp\ccY02Dqq.s 			page 25


 1216 00e0 02       		.uleb128 0x2
 1217 00e1 18       		.uleb128 0x18
 1218 00e2 9142     		.uleb128 0x2111
 1219 00e4 18       		.uleb128 0x18
 1220 00e5 00       		.byte	0
 1221 00e6 00       		.byte	0
 1222 00e7 12       		.uleb128 0x12
 1223 00e8 898201   		.uleb128 0x4109
 1224 00eb 01       		.byte	0x1
 1225 00ec 11       		.uleb128 0x11
 1226 00ed 01       		.uleb128 0x1
 1227 00ee 31       		.uleb128 0x31
 1228 00ef 13       		.uleb128 0x13
 1229 00f0 00       		.byte	0
 1230 00f1 00       		.byte	0
 1231 00f2 13       		.uleb128 0x13
 1232 00f3 0F       		.uleb128 0xf
 1233 00f4 00       		.byte	0
 1234 00f5 0B       		.uleb128 0xb
 1235 00f6 0B       		.uleb128 0xb
 1236 00f7 49       		.uleb128 0x49
 1237 00f8 13       		.uleb128 0x13
 1238 00f9 00       		.byte	0
 1239 00fa 00       		.byte	0
 1240 00fb 14       		.uleb128 0x14
 1241 00fc 2E       		.uleb128 0x2e
 1242 00fd 01       		.byte	0x1
 1243 00fe 3F       		.uleb128 0x3f
 1244 00ff 19       		.uleb128 0x19
 1245 0100 03       		.uleb128 0x3
 1246 0101 0E       		.uleb128 0xe
 1247 0102 3A       		.uleb128 0x3a
 1248 0103 0B       		.uleb128 0xb
 1249 0104 3B       		.uleb128 0x3b
 1250 0105 0B       		.uleb128 0xb
 1251 0106 27       		.uleb128 0x27
 1252 0107 19       		.uleb128 0x19
 1253 0108 11       		.uleb128 0x11
 1254 0109 01       		.uleb128 0x1
 1255 010a 12       		.uleb128 0x12
 1256 010b 06       		.uleb128 0x6
 1257 010c 40       		.uleb128 0x40
 1258 010d 18       		.uleb128 0x18
 1259 010e 9642     		.uleb128 0x2116
 1260 0110 19       		.uleb128 0x19
 1261 0111 01       		.uleb128 0x1
 1262 0112 13       		.uleb128 0x13
 1263 0113 00       		.byte	0
 1264 0114 00       		.byte	0
 1265 0115 15       		.uleb128 0x15
 1266 0116 2E       		.uleb128 0x2e
 1267 0117 01       		.byte	0x1
 1268 0118 3F       		.uleb128 0x3f
 1269 0119 19       		.uleb128 0x19
 1270 011a 03       		.uleb128 0x3
 1271 011b 0E       		.uleb128 0xe
 1272 011c 3A       		.uleb128 0x3a
ARM GAS  C:\Users\nikol\AppData\Local\Temp\ccY02Dqq.s 			page 26


 1273 011d 0B       		.uleb128 0xb
 1274 011e 3B       		.uleb128 0x3b
 1275 011f 0B       		.uleb128 0xb
 1276 0120 27       		.uleb128 0x27
 1277 0121 19       		.uleb128 0x19
 1278 0122 49       		.uleb128 0x49
 1279 0123 13       		.uleb128 0x13
 1280 0124 11       		.uleb128 0x11
 1281 0125 01       		.uleb128 0x1
 1282 0126 12       		.uleb128 0x12
 1283 0127 06       		.uleb128 0x6
 1284 0128 40       		.uleb128 0x40
 1285 0129 18       		.uleb128 0x18
 1286 012a 9642     		.uleb128 0x2116
 1287 012c 19       		.uleb128 0x19
 1288 012d 01       		.uleb128 0x1
 1289 012e 13       		.uleb128 0x13
 1290 012f 00       		.byte	0
 1291 0130 00       		.byte	0
 1292 0131 16       		.uleb128 0x16
 1293 0132 34       		.uleb128 0x34
 1294 0133 00       		.byte	0
 1295 0134 03       		.uleb128 0x3
 1296 0135 0E       		.uleb128 0xe
 1297 0136 3A       		.uleb128 0x3a
 1298 0137 0B       		.uleb128 0xb
 1299 0138 3B       		.uleb128 0x3b
 1300 0139 0B       		.uleb128 0xb
 1301 013a 49       		.uleb128 0x49
 1302 013b 13       		.uleb128 0x13
 1303 013c 02       		.uleb128 0x2
 1304 013d 18       		.uleb128 0x18
 1305 013e 00       		.byte	0
 1306 013f 00       		.byte	0
 1307 0140 17       		.uleb128 0x17
 1308 0141 34       		.uleb128 0x34
 1309 0142 00       		.byte	0
 1310 0143 03       		.uleb128 0x3
 1311 0144 0E       		.uleb128 0xe
 1312 0145 3A       		.uleb128 0x3a
 1313 0146 0B       		.uleb128 0xb
 1314 0147 3B       		.uleb128 0x3b
 1315 0148 0B       		.uleb128 0xb
 1316 0149 49       		.uleb128 0x49
 1317 014a 13       		.uleb128 0x13
 1318 014b 02       		.uleb128 0x2
 1319 014c 17       		.uleb128 0x17
 1320 014d 00       		.byte	0
 1321 014e 00       		.byte	0
 1322 014f 18       		.uleb128 0x18
 1323 0150 2E       		.uleb128 0x2e
 1324 0151 01       		.byte	0x1
 1325 0152 3F       		.uleb128 0x3f
 1326 0153 19       		.uleb128 0x19
 1327 0154 03       		.uleb128 0x3
 1328 0155 0E       		.uleb128 0xe
 1329 0156 3A       		.uleb128 0x3a
ARM GAS  C:\Users\nikol\AppData\Local\Temp\ccY02Dqq.s 			page 27


 1330 0157 0B       		.uleb128 0xb
 1331 0158 3B       		.uleb128 0x3b
 1332 0159 0B       		.uleb128 0xb
 1333 015a 27       		.uleb128 0x27
 1334 015b 19       		.uleb128 0x19
 1335 015c 49       		.uleb128 0x49
 1336 015d 13       		.uleb128 0x13
 1337 015e 11       		.uleb128 0x11
 1338 015f 01       		.uleb128 0x1
 1339 0160 12       		.uleb128 0x12
 1340 0161 06       		.uleb128 0x6
 1341 0162 40       		.uleb128 0x40
 1342 0163 18       		.uleb128 0x18
 1343 0164 9742     		.uleb128 0x2117
 1344 0166 19       		.uleb128 0x19
 1345 0167 01       		.uleb128 0x1
 1346 0168 13       		.uleb128 0x13
 1347 0169 00       		.byte	0
 1348 016a 00       		.byte	0
 1349 016b 19       		.uleb128 0x19
 1350 016c 34       		.uleb128 0x34
 1351 016d 00       		.byte	0
 1352 016e 03       		.uleb128 0x3
 1353 016f 0E       		.uleb128 0xe
 1354 0170 3A       		.uleb128 0x3a
 1355 0171 0B       		.uleb128 0xb
 1356 0172 3B       		.uleb128 0x3b
 1357 0173 05       		.uleb128 0x5
 1358 0174 49       		.uleb128 0x49
 1359 0175 13       		.uleb128 0x13
 1360 0176 3F       		.uleb128 0x3f
 1361 0177 19       		.uleb128 0x19
 1362 0178 3C       		.uleb128 0x3c
 1363 0179 19       		.uleb128 0x19
 1364 017a 00       		.byte	0
 1365 017b 00       		.byte	0
 1366 017c 1A       		.uleb128 0x1a
 1367 017d 35       		.uleb128 0x35
 1368 017e 00       		.byte	0
 1369 017f 49       		.uleb128 0x49
 1370 0180 13       		.uleb128 0x13
 1371 0181 00       		.byte	0
 1372 0182 00       		.byte	0
 1373 0183 1B       		.uleb128 0x1b
 1374 0184 2E       		.uleb128 0x2e
 1375 0185 00       		.byte	0
 1376 0186 3F       		.uleb128 0x3f
 1377 0187 19       		.uleb128 0x19
 1378 0188 3C       		.uleb128 0x3c
 1379 0189 19       		.uleb128 0x19
 1380 018a 6E       		.uleb128 0x6e
 1381 018b 0E       		.uleb128 0xe
 1382 018c 03       		.uleb128 0x3
 1383 018d 0E       		.uleb128 0xe
 1384 018e 3A       		.uleb128 0x3a
 1385 018f 0B       		.uleb128 0xb
 1386 0190 3B       		.uleb128 0x3b
ARM GAS  C:\Users\nikol\AppData\Local\Temp\ccY02Dqq.s 			page 28


 1387 0191 0B       		.uleb128 0xb
 1388 0192 00       		.byte	0
 1389 0193 00       		.byte	0
 1390 0194 00       		.byte	0
 1391              		.section	.debug_loc,"",%progbits
 1392              	.Ldebug_loc0:
 1393              	.LLST0:
 1394 0000 00000000 		.4byte	.LVL0
 1395 0004 0C000000 		.4byte	.LVL2
 1396 0008 0100     		.2byte	0x1
 1397 000a 50       		.byte	0x50
 1398 000b 0C000000 		.4byte	.LVL2
 1399 000f 28000000 		.4byte	.LFE64
 1400 0013 0100     		.2byte	0x1
 1401 0015 54       		.byte	0x54
 1402 0016 00000000 		.4byte	0
 1403 001a 00000000 		.4byte	0
 1404              	.LLST1:
 1405 001e 00000000 		.4byte	.LVL0
 1406 0022 08000000 		.4byte	.LVL1
 1407 0026 0100     		.2byte	0x1
 1408 0028 51       		.byte	0x51
 1409 0029 08000000 		.4byte	.LVL1
 1410 002d 28000000 		.4byte	.LFE64
 1411 0031 0400     		.2byte	0x4
 1412 0033 F3       		.byte	0xf3
 1413 0034 01       		.uleb128 0x1
 1414 0035 51       		.byte	0x51
 1415 0036 9F       		.byte	0x9f
 1416 0037 00000000 		.4byte	0
 1417 003b 00000000 		.4byte	0
 1418              	.LLST2:
 1419 003f 00000000 		.4byte	.LVL0
 1420 0043 0F000000 		.4byte	.LVL3-1
 1421 0047 0100     		.2byte	0x1
 1422 0049 52       		.byte	0x52
 1423 004a 0F000000 		.4byte	.LVL3-1
 1424 004e 28000000 		.4byte	.LFE64
 1425 0052 0400     		.2byte	0x4
 1426 0054 F3       		.byte	0xf3
 1427 0055 01       		.uleb128 0x1
 1428 0056 52       		.byte	0x52
 1429 0057 9F       		.byte	0x9f
 1430 0058 00000000 		.4byte	0
 1431 005c 00000000 		.4byte	0
 1432              	.LLST3:
 1433 0060 00000000 		.4byte	.LVL5
 1434 0064 1C000000 		.4byte	.LVL6
 1435 0068 0100     		.2byte	0x1
 1436 006a 50       		.byte	0x50
 1437 006b 1C000000 		.4byte	.LVL6
 1438 006f 32000000 		.4byte	.LVL9
 1439 0073 0100     		.2byte	0x1
 1440 0075 54       		.byte	0x54
 1441 0076 32000000 		.4byte	.LVL9
 1442 007a 48000000 		.4byte	.LVL10
 1443 007e 0100     		.2byte	0x1
ARM GAS  C:\Users\nikol\AppData\Local\Temp\ccY02Dqq.s 			page 29


 1444 0080 50       		.byte	0x50
 1445 0081 48000000 		.4byte	.LVL10
 1446 0085 66000000 		.4byte	.LVL15
 1447 0089 0100     		.2byte	0x1
 1448 008b 54       		.byte	0x54
 1449 008c 66000000 		.4byte	.LVL15
 1450 0090 6C000000 		.4byte	.LVL16
 1451 0094 0100     		.2byte	0x1
 1452 0096 50       		.byte	0x50
 1453 0097 6C000000 		.4byte	.LVL16
 1454 009b 6E000000 		.4byte	.LFE65
 1455 009f 0100     		.2byte	0x1
 1456 00a1 54       		.byte	0x54
 1457 00a2 00000000 		.4byte	0
 1458 00a6 00000000 		.4byte	0
 1459              	.LLST4:
 1460 00aa 00000000 		.4byte	.LVL17
 1461 00ae 14000000 		.4byte	.LVL19
 1462 00b2 0100     		.2byte	0x1
 1463 00b4 50       		.byte	0x50
 1464 00b5 14000000 		.4byte	.LVL19
 1465 00b9 00010000 		.4byte	.LFE66
 1466 00bd 0100     		.2byte	0x1
 1467 00bf 54       		.byte	0x54
 1468 00c0 00000000 		.4byte	0
 1469 00c4 00000000 		.4byte	0
 1470              	.LLST5:
 1471 00c8 18000000 		.4byte	.LVL20
 1472 00cc 38000000 		.4byte	.LVL21
 1473 00d0 0100     		.2byte	0x1
 1474 00d2 50       		.byte	0x50
 1475 00d3 4C000000 		.4byte	.LVL23
 1476 00d7 50000000 		.4byte	.LVL24
 1477 00db 0100     		.2byte	0x1
 1478 00dd 50       		.byte	0x50
 1479 00de 76000000 		.4byte	.LVL27
 1480 00e2 7A000000 		.4byte	.LVL28
 1481 00e6 0100     		.2byte	0x1
 1482 00e8 50       		.byte	0x50
 1483 00e9 CA000000 		.4byte	.LVL35
 1484 00ed CE000000 		.4byte	.LVL36
 1485 00f1 0100     		.2byte	0x1
 1486 00f3 50       		.byte	0x50
 1487 00f4 00000000 		.4byte	0
 1488 00f8 00000000 		.4byte	0
 1489              	.LLST6:
 1490 00fc 00000000 		.4byte	.LVL38
 1491 0100 0A000000 		.4byte	.LVL39
 1492 0104 0100     		.2byte	0x1
 1493 0106 50       		.byte	0x50
 1494 0107 0A000000 		.4byte	.LVL39
 1495 010b 26000000 		.4byte	.LFE67
 1496 010f 0100     		.2byte	0x1
 1497 0111 54       		.byte	0x54
 1498 0112 00000000 		.4byte	0
 1499 0116 00000000 		.4byte	0
 1500              	.LLST7:
ARM GAS  C:\Users\nikol\AppData\Local\Temp\ccY02Dqq.s 			page 30


 1501 011a 00000000 		.4byte	.LVL38
 1502 011e 0D000000 		.4byte	.LVL40-1
 1503 0122 0100     		.2byte	0x1
 1504 0124 51       		.byte	0x51
 1505 0125 0D000000 		.4byte	.LVL40-1
 1506 0129 26000000 		.4byte	.LFE67
 1507 012d 0400     		.2byte	0x4
 1508 012f F3       		.byte	0xf3
 1509 0130 01       		.uleb128 0x1
 1510 0131 51       		.byte	0x51
 1511 0132 9F       		.byte	0x9f
 1512 0133 00000000 		.4byte	0
 1513 0137 00000000 		.4byte	0
 1514              		.section	.debug_aranges,"",%progbits
 1515 0000 34000000 		.4byte	0x34
 1516 0004 0200     		.2byte	0x2
 1517 0006 00000000 		.4byte	.Ldebug_info0
 1518 000a 04       		.byte	0x4
 1519 000b 00       		.byte	0
 1520 000c 0000     		.2byte	0
 1521 000e 0000     		.2byte	0
 1522 0010 00000000 		.4byte	.LFB64
 1523 0014 28000000 		.4byte	.LFE64-.LFB64
 1524 0018 00000000 		.4byte	.LFB65
 1525 001c 6E000000 		.4byte	.LFE65-.LFB65
 1526 0020 00000000 		.4byte	.LFB66
 1527 0024 00010000 		.4byte	.LFE66-.LFB66
 1528 0028 00000000 		.4byte	.LFB67
 1529 002c 26000000 		.4byte	.LFE67-.LFB67
 1530 0030 00000000 		.4byte	0
 1531 0034 00000000 		.4byte	0
 1532              		.section	.debug_ranges,"",%progbits
 1533              	.Ldebug_ranges0:
 1534 0000 00000000 		.4byte	.LFB64
 1535 0004 28000000 		.4byte	.LFE64
 1536 0008 00000000 		.4byte	.LFB65
 1537 000c 6E000000 		.4byte	.LFE65
 1538 0010 00000000 		.4byte	.LFB66
 1539 0014 00010000 		.4byte	.LFE66
 1540 0018 00000000 		.4byte	.LFB67
 1541 001c 26000000 		.4byte	.LFE67
 1542 0020 00000000 		.4byte	0
 1543 0024 00000000 		.4byte	0
 1544              		.section	.debug_line,"",%progbits
 1545              	.Ldebug_line0:
 1546 0000 23020000 		.section	.debug_str,"MS",%progbits,1
 1546      02009301 
 1546      00000201 
 1546      FB0E0D00 
 1546      01010101 
 1547              	.LASF4:
 1548 0000 5F5F696E 		.ascii	"__int16_t\000"
 1548      7431365F 
 1548      7400
 1549              	.LASF15:
 1550 000a 696E7438 		.ascii	"int8_t\000"
 1550      5F7400
ARM GAS  C:\Users\nikol\AppData\Local\Temp\ccY02Dqq.s 			page 31


 1551              	.LASF38:
 1552 0011 73746174 		.ascii	"state\000"
 1552      6500
 1553              	.LASF28:
 1554 0017 61766572 		.ascii	"average\000"
 1554      61676500 
 1555              	.LASF5:
 1556 001f 73686F72 		.ascii	"short int\000"
 1556      7420696E 
 1556      7400
 1557              	.LASF25:
 1558 0029 73697A65 		.ascii	"sizetype\000"
 1558      74797065 
 1558      00
 1559              	.LASF49:
 1560 0032 61766572 		.ascii	"averageSize\000"
 1560      61676553 
 1560      697A6500 
 1561              	.LASF10:
 1562 003e 5F5F7569 		.ascii	"__uint32_t\000"
 1562      6E743332 
 1562      5F7400
 1563              	.LASF62:
 1564 0049 43697263 		.ascii	"CircularBuffer_insertReading\000"
 1564      756C6172 
 1564      42756666 
 1564      65725F69 
 1564      6E736572 
 1565              	.LASF6:
 1566 0066 5F5F7569 		.ascii	"__uint16_t\000"
 1566      6E743136 
 1566      5F7400
 1567              	.LASF31:
 1568 0071 4E4F545F 		.ascii	"NOT_PLACED\000"
 1568      504C4143 
 1568      454400
 1569              	.LASF33:
 1570 007c 504C4143 		.ascii	"PLACED\000"
 1570      454400
 1571              	.LASF39:
 1572 0083 62617365 		.ascii	"baseline\000"
 1572      6C696E65 
 1572      00
 1573              	.LASF32:
 1574 008c 56414C49 		.ascii	"VALIDATING_PLACED\000"
 1574      44415449 
 1574      4E475F50 
 1574      4C414345 
 1574      4400
 1575              	.LASF27:
 1576 009e 696E6465 		.ascii	"index\000"
 1576      7800
 1577              	.LASF43:
 1578 00a4 6869745F 		.ascii	"hit_trigger\000"
 1578      74726967 
 1578      67657200 
 1579              	.LASF21:
ARM GAS  C:\Users\nikol\AppData\Local\Temp\ccY02Dqq.s 			page 32


 1580 00b0 666C6F61 		.ascii	"float\000"
 1580      7400
 1581              	.LASF65:
 1582 00b6 47656E65 		.ascii	"Generated_Source\\PSoC5\\CupSensor_1_CupSensorUnit."
 1582      72617465 
 1582      645F536F 
 1582      75726365 
 1582      5C50536F 
 1583 00e7 6300     		.ascii	"c\000"
 1584              	.LASF12:
 1585 00e9 6C6F6E67 		.ascii	"long long int\000"
 1585      206C6F6E 
 1585      6720696E 
 1585      7400
 1586              	.LASF36:
 1587 00f7 43697263 		.ascii	"CircularBuffer\000"
 1587      756C6172 
 1587      42756666 
 1587      657200
 1588              	.LASF9:
 1589 0106 6C6F6E67 		.ascii	"long int\000"
 1589      20696E74 
 1589      00
 1590              	.LASF46:
 1591 010f 61766572 		.ascii	"averageBuffer\000"
 1591      61676542 
 1591      75666665 
 1591      7200
 1592              	.LASF59:
 1593 011d 43697263 		.ascii	"CircularBuffer_init\000"
 1593      756C6172 
 1593      42756666 
 1593      65725F69 
 1593      6E697400 
 1594              	.LASF55:
 1595 0131 43757053 		.ascii	"CupSensorUnit_updateState\000"
 1595      656E736F 
 1595      72556E69 
 1595      745F7570 
 1595      64617465 
 1596              	.LASF60:
 1597 014b 43697263 		.ascii	"CircularBuffer_getLastReading\000"
 1597      756C6172 
 1597      42756666 
 1597      65725F67 
 1597      65744C61 
 1598              	.LASF58:
 1599 0169 73746174 		.ascii	"stateChanged\000"
 1599      65436861 
 1599      6E676564 
 1599      00
 1600              	.LASF24:
 1601 0176 6C6F6E67 		.ascii	"long double\000"
 1601      20646F75 
 1601      626C6500 
 1602              	.LASF3:
 1603 0182 756E7369 		.ascii	"unsigned char\000"
ARM GAS  C:\Users\nikol\AppData\Local\Temp\ccY02Dqq.s 			page 33


 1603      676E6564 
 1603      20636861 
 1603      7200
 1604              	.LASF51:
 1605 0190 43757053 		.ascii	"CupSensorUnit_calculateBaselines\000"
 1605      656E736F 
 1605      72556E69 
 1605      745F6361 
 1605      6C63756C 
 1606              	.LASF2:
 1607 01b1 7369676E 		.ascii	"signed char\000"
 1607      65642063 
 1607      68617200 
 1608              	.LASF13:
 1609 01bd 6C6F6E67 		.ascii	"long long unsigned int\000"
 1609      206C6F6E 
 1609      6720756E 
 1609      7369676E 
 1609      65642069 
 1610              	.LASF20:
 1611 01d4 75696E74 		.ascii	"uint32_t\000"
 1611      33325F74 
 1611      00
 1612              	.LASF52:
 1613 01dd 6F6C6453 		.ascii	"oldState\000"
 1613      74617465 
 1613      00
 1614              	.LASF14:
 1615 01e6 756E7369 		.ascii	"unsigned int\000"
 1615      676E6564 
 1615      20696E74 
 1615      00
 1616              	.LASF18:
 1617 01f3 75696E74 		.ascii	"uint16_t\000"
 1617      31365F74 
 1617      00
 1618              	.LASF11:
 1619 01fc 6C6F6E67 		.ascii	"long unsigned int\000"
 1619      20756E73 
 1619      69676E65 
 1619      6420696E 
 1619      7400
 1620              	.LASF34:
 1621 020e 56414C49 		.ascii	"VALIDATING_HIT\000"
 1621      44415449 
 1621      4E475F48 
 1621      495400
 1622              	.LASF42:
 1623 021d 72656D6F 		.ascii	"removed_trigger\000"
 1623      7665645F 
 1623      74726967 
 1623      67657200 
 1624              	.LASF63:
 1625 022d 43697263 		.ascii	"CircularBuffer_calculateMinMax\000"
 1625      756C6172 
 1625      42756666 
 1625      65725F63 
ARM GAS  C:\Users\nikol\AppData\Local\Temp\ccY02Dqq.s 			page 34


 1625      616C6375 
 1626              	.LASF7:
 1627 024c 73686F72 		.ascii	"short unsigned int\000"
 1627      7420756E 
 1627      7369676E 
 1627      65642069 
 1627      6E7400
 1628              	.LASF0:
 1629 025f 5F5F696E 		.ascii	"__int8_t\000"
 1629      74385F74 
 1629      00
 1630              	.LASF23:
 1631 0268 63686172 		.ascii	"char\000"
 1631      00
 1632              	.LASF41:
 1633 026d 706C6163 		.ascii	"placed_trigger\000"
 1633      65645F74 
 1633      72696767 
 1633      657200
 1634              	.LASF44:
 1635 027c 6869745F 		.ascii	"hit_lower_threshold\000"
 1635      6C6F7765 
 1635      725F7468 
 1635      72657368 
 1635      6F6C6400 
 1636              	.LASF19:
 1637 0290 696E7433 		.ascii	"int32_t\000"
 1637      325F7400 
 1638              	.LASF17:
 1639 0298 696E7431 		.ascii	"int16_t\000"
 1639      365F7400 
 1640              	.LASF29:
 1641 02a0 72657365 		.ascii	"reset\000"
 1641      7400
 1642              	.LASF26:
 1643 02a6 64617461 		.ascii	"data\000"
 1643      00
 1644              	.LASF53:
 1645 02ab 6C617374 		.ascii	"lastReading\000"
 1645      52656164 
 1645      696E6700 
 1646              	.LASF45:
 1647 02b7 62756666 		.ascii	"buffer\000"
 1647      657200
 1648              	.LASF57:
 1649 02be 72656164 		.ascii	"reading\000"
 1649      696E6700 
 1650              	.LASF40:
 1651 02c6 706C6163 		.ascii	"placed_baseline\000"
 1651      65645F62 
 1651      6173656C 
 1651      696E6500 
 1652              	.LASF47:
 1653 02d6 73656E73 		.ascii	"sensorUnit\000"
 1653      6F72556E 
 1653      697400
 1654              	.LASF22:
ARM GAS  C:\Users\nikol\AppData\Local\Temp\ccY02Dqq.s 			page 35


 1655 02e1 646F7562 		.ascii	"double\000"
 1655      6C6500
 1656              	.LASF56:
 1657 02e8 43757053 		.ascii	"CupSensorUnit_insertReading\000"
 1657      656E736F 
 1657      72556E69 
 1657      745F696E 
 1657      73657274 
 1658              	.LASF30:
 1659 0304 73697A65 		.ascii	"size\000"
 1659      00
 1660              	.LASF48:
 1661 0309 62756666 		.ascii	"bufferSize\000"
 1661      65725369 
 1661      7A6500
 1662              	.LASF50:
 1663 0314 43757053 		.ascii	"CupSensorUnit_init\000"
 1663      656E736F 
 1663      72556E69 
 1663      745F696E 
 1663      697400
 1664              	.LASF8:
 1665 0327 5F5F696E 		.ascii	"__int32_t\000"
 1665      7433325F 
 1665      7400
 1666              	.LASF16:
 1667 0331 75696E74 		.ascii	"uint8_t\000"
 1667      385F7400 
 1668              	.LASF37:
 1669 0339 43757053 		.ascii	"CupSensorUnit\000"
 1669      656E736F 
 1669      72556E69 
 1669      7400
 1670              	.LASF54:
 1671 0347 6572726F 		.ascii	"error\000"
 1671      7200
 1672              	.LASF61:
 1673 034d 43697263 		.ascii	"CircularBuffer_resetBuffer\000"
 1673      756C6172 
 1673      42756666 
 1673      65725F72 
 1673      65736574 
 1674              	.LASF67:
 1675 0368 49544D5F 		.ascii	"ITM_RxBuffer\000"
 1675      52784275 
 1675      66666572 
 1675      00
 1676              	.LASF64:
 1677 0375 474E5520 		.ascii	"GNU C11 5.4.1 20160609 (release) [ARM/embedded-5-br"
 1677      43313120 
 1677      352E342E 
 1677      31203230 
 1677      31363036 
 1678 03a8 616E6368 		.ascii	"anch revision 237715] -mcpu=cortex-m3 -mthumb -g -O"
 1678      20726576 
 1678      6973696F 
 1678      6E203233 
ARM GAS  C:\Users\nikol\AppData\Local\Temp\ccY02Dqq.s 			page 36


 1678      37373135 
 1679 03db 67202D66 		.ascii	"g -ffunction-sections -ffat-lto-objects\000"
 1679      66756E63 
 1679      74696F6E 
 1679      2D736563 
 1679      74696F6E 
 1680              	.LASF66:
 1681 0403 433A5C55 		.ascii	"C:\\Users\\nikol\\Documents\\git\\3. Semester\\PRJ3"
 1681      73657273 
 1681      5C6E696B 
 1681      6F6C5C44 
 1681      6F63756D 
 1682 0430 5C706C61 		.ascii	"\\player_side_app\\CupSensor_IF\\CupSensor_IF.cydsn"
 1682      7965725F 
 1682      73696465 
 1682      5F617070 
 1682      5C437570 
 1683 0460 00       		.ascii	"\000"
 1684              	.LASF35:
 1685 0461 4355505F 		.ascii	"CUP_STATE\000"
 1685      53544154 
 1685      4500
 1686              	.LASF1:
 1687 046b 5F5F7569 		.ascii	"__uint8_t\000"
 1687      6E74385F 
 1687      7400
 1688              		.ident	"GCC: (GNU Tools for ARM Embedded Processors) 5.4.1 20160609 (release) [ARM/embedded-5-bran
