ARM GAS  C:\Users\nikol\AppData\Local\Temp\ccXM349t.s 			page 1


   1              		.syntax unified
   2              		.cpu cortex-m3
   3              		.fpu softvfp
   4              		.eabi_attribute 20, 1
   5              		.eabi_attribute 21, 1
   6              		.eabi_attribute 23, 3
   7              		.eabi_attribute 24, 1
   8              		.eabi_attribute 25, 1
   9              		.eabi_attribute 26, 1
  10              		.eabi_attribute 30, 1
  11              		.eabi_attribute 34, 1
  12              		.eabi_attribute 18, 4
  13              		.thumb
  14              		.syntax unified
  15              		.file	"CupSensor_1_Mixer.c"
  16              		.text
  17              	.Ltext0:
  18              		.cfi_sections	.debug_frame
  19              		.section	.text.CupSensor_1_Mixer_Enable,"ax",%progbits
  20              		.align	2
  21              		.global	CupSensor_1_Mixer_Enable
  22              		.thumb
  23              		.thumb_func
  24              		.type	CupSensor_1_Mixer_Enable, %function
  25              	CupSensor_1_Mixer_Enable:
  26              	.LFB1:
  27              		.file 1 "Generated_Source\\PSoC5\\CupSensor_1_Mixer.c"
   1:Generated_Source\PSoC5/CupSensor_1_Mixer.c **** /*******************************************************************************
   2:Generated_Source\PSoC5/CupSensor_1_Mixer.c **** * File Name: CupSensor_1_Mixer.c  
   3:Generated_Source\PSoC5/CupSensor_1_Mixer.c **** * Version 2.0
   4:Generated_Source\PSoC5/CupSensor_1_Mixer.c **** *
   5:Generated_Source\PSoC5/CupSensor_1_Mixer.c **** * Description:
   6:Generated_Source\PSoC5/CupSensor_1_Mixer.c **** *  This file provides the source code to the API for the MIXER Component.
   7:Generated_Source\PSoC5/CupSensor_1_Mixer.c **** *
   8:Generated_Source\PSoC5/CupSensor_1_Mixer.c **** * Note:
   9:Generated_Source\PSoC5/CupSensor_1_Mixer.c **** *
  10:Generated_Source\PSoC5/CupSensor_1_Mixer.c **** *******************************************************************************
  11:Generated_Source\PSoC5/CupSensor_1_Mixer.c **** * Copyright 2008-2012, Cypress Semiconductor Corporation.  All rights reserved.
  12:Generated_Source\PSoC5/CupSensor_1_Mixer.c **** * You may use this file only in accordance with the license, terms, conditions, 
  13:Generated_Source\PSoC5/CupSensor_1_Mixer.c **** * disclaimers, and limitations in the end user license agreement accompanying 
  14:Generated_Source\PSoC5/CupSensor_1_Mixer.c **** * the software package with which this file was provided.
  15:Generated_Source\PSoC5/CupSensor_1_Mixer.c **** *******************************************************************************/
  16:Generated_Source\PSoC5/CupSensor_1_Mixer.c **** 
  17:Generated_Source\PSoC5/CupSensor_1_Mixer.c **** #include "CupSensor_1_Mixer.h"
  18:Generated_Source\PSoC5/CupSensor_1_Mixer.c **** 
  19:Generated_Source\PSoC5/CupSensor_1_Mixer.c **** #if (!CY_PSOC5A)
  20:Generated_Source\PSoC5/CupSensor_1_Mixer.c ****     #if (CYDEV_VARIABLE_VDDA == 1u)
  21:Generated_Source\PSoC5/CupSensor_1_Mixer.c ****         #include "CyScBoostClk.h"
  22:Generated_Source\PSoC5/CupSensor_1_Mixer.c ****     #endif /* (CYDEV_VARIABLE_VDDA == 1u) */
  23:Generated_Source\PSoC5/CupSensor_1_Mixer.c **** #endif /* (!CY_PSOC5A) */
  24:Generated_Source\PSoC5/CupSensor_1_Mixer.c **** 
  25:Generated_Source\PSoC5/CupSensor_1_Mixer.c **** #if (CupSensor_1_Mixer_LO_SOURCE == CupSensor_1_Mixer_LO_SOURCE_INTERNAL)
  26:Generated_Source\PSoC5/CupSensor_1_Mixer.c ****     #include "CupSensor_1_Mixer_aclk.h"
  27:Generated_Source\PSoC5/CupSensor_1_Mixer.c **** #endif /* CupSensor_1_Mixer_LO_SOURCE */
  28:Generated_Source\PSoC5/CupSensor_1_Mixer.c **** 
  29:Generated_Source\PSoC5/CupSensor_1_Mixer.c **** /* Fixed configuration of SC Block only performed once */
  30:Generated_Source\PSoC5/CupSensor_1_Mixer.c **** uint8 CupSensor_1_Mixer_initVar = 0u;
ARM GAS  C:\Users\nikol\AppData\Local\Temp\ccXM349t.s 			page 2


  31:Generated_Source\PSoC5/CupSensor_1_Mixer.c **** 
  32:Generated_Source\PSoC5/CupSensor_1_Mixer.c **** /* Only for PSoC5A */
  33:Generated_Source\PSoC5/CupSensor_1_Mixer.c **** #if (CY_PSOC5A)
  34:Generated_Source\PSoC5/CupSensor_1_Mixer.c ****     static CupSensor_1_Mixer_backupStruct CupSensor_1_Mixer_P5backup;
  35:Generated_Source\PSoC5/CupSensor_1_Mixer.c **** #endif /* CY_PSOC5A */
  36:Generated_Source\PSoC5/CupSensor_1_Mixer.c **** 
  37:Generated_Source\PSoC5/CupSensor_1_Mixer.c **** 
  38:Generated_Source\PSoC5/CupSensor_1_Mixer.c **** /*******************************************************************************
  39:Generated_Source\PSoC5/CupSensor_1_Mixer.c **** * Function Name: CupSensor_1_Mixer_Init
  40:Generated_Source\PSoC5/CupSensor_1_Mixer.c **** ********************************************************************************
  41:Generated_Source\PSoC5/CupSensor_1_Mixer.c **** *
  42:Generated_Source\PSoC5/CupSensor_1_Mixer.c **** * Summary:
  43:Generated_Source\PSoC5/CupSensor_1_Mixer.c **** *  Initialize component's parameters to the parameters set by user in the 
  44:Generated_Source\PSoC5/CupSensor_1_Mixer.c **** *  customizer of the component placed onto schematic. Usually called in 
  45:Generated_Source\PSoC5/CupSensor_1_Mixer.c **** *  CupSensor_1_Mixer_Start().
  46:Generated_Source\PSoC5/CupSensor_1_Mixer.c **** *
  47:Generated_Source\PSoC5/CupSensor_1_Mixer.c **** * Parameters:  
  48:Generated_Source\PSoC5/CupSensor_1_Mixer.c **** *  void
  49:Generated_Source\PSoC5/CupSensor_1_Mixer.c **** *
  50:Generated_Source\PSoC5/CupSensor_1_Mixer.c **** * Return: 
  51:Generated_Source\PSoC5/CupSensor_1_Mixer.c **** *  void
  52:Generated_Source\PSoC5/CupSensor_1_Mixer.c **** *
  53:Generated_Source\PSoC5/CupSensor_1_Mixer.c **** *******************************************************************************/
  54:Generated_Source\PSoC5/CupSensor_1_Mixer.c **** void CupSensor_1_Mixer_Init(void) 
  55:Generated_Source\PSoC5/CupSensor_1_Mixer.c **** {
  56:Generated_Source\PSoC5/CupSensor_1_Mixer.c ****     float LOf = CupSensor_1_Mixer_LO_CLOCK_FREQ;
  57:Generated_Source\PSoC5/CupSensor_1_Mixer.c ****     
  58:Generated_Source\PSoC5/CupSensor_1_Mixer.c ****     /* Configure SC Block based on selected Mixer type */
  59:Generated_Source\PSoC5/CupSensor_1_Mixer.c ****     /* Continuous Time (up) mixer */
  60:Generated_Source\PSoC5/CupSensor_1_Mixer.c ****     #if (CupSensor_1_Mixer_MIXER_TYPE == CupSensor_1_Mixer_CTMIXER) 
  61:Generated_Source\PSoC5/CupSensor_1_Mixer.c ****         /* SC Block mode -  - SCxx_CR0[3:1] */
  62:Generated_Source\PSoC5/CupSensor_1_Mixer.c ****         CupSensor_1_Mixer_CR0_REG = CupSensor_1_Mixer_MODE_CTMIXER;   
  63:Generated_Source\PSoC5/CupSensor_1_Mixer.c **** 
  64:Generated_Source\PSoC5/CupSensor_1_Mixer.c ****         /* SC Block CR1 */ 
  65:Generated_Source\PSoC5/CupSensor_1_Mixer.c ****         CupSensor_1_Mixer_CR1_REG = (CupSensor_1_Mixer_COMP_4P35PF  |
  66:Generated_Source\PSoC5/CupSensor_1_Mixer.c ****                                 CupSensor_1_Mixer_DIV2_DISABLE |
  67:Generated_Source\PSoC5/CupSensor_1_Mixer.c ****                                 CupSensor_1_Mixer_GAIN_0DB);                                 
  68:Generated_Source\PSoC5/CupSensor_1_Mixer.c **** 
  69:Generated_Source\PSoC5/CupSensor_1_Mixer.c ****         /* 
  70:Generated_Source\PSoC5/CupSensor_1_Mixer.c ****             Set SC Block resistor values based on Local Oscillator being above 
  71:Generated_Source\PSoC5/CupSensor_1_Mixer.c ****             or below 100kHz - controled by r20_40 (Rmix) bit for CT mode mixer
  72:Generated_Source\PSoC5/CupSensor_1_Mixer.c ****             and SC Block
  73:Generated_Source\PSoC5/CupSensor_1_Mixer.c ****         */
  74:Generated_Source\PSoC5/CupSensor_1_Mixer.c **** 
  75:Generated_Source\PSoC5/CupSensor_1_Mixer.c ****         if (LOf < CupSensor_1_Mixer_LO_CLOCK_FREQ_100_KHz)
  76:Generated_Source\PSoC5/CupSensor_1_Mixer.c ****         {
  77:Generated_Source\PSoC5/CupSensor_1_Mixer.c ****             CupSensor_1_Mixer_CR2_REG = (CupSensor_1_Mixer_BIAS_LOW |
  78:Generated_Source\PSoC5/CupSensor_1_Mixer.c **** 										CupSensor_1_Mixer_REDC_01 |
  79:Generated_Source\PSoC5/CupSensor_1_Mixer.c **** 										CupSensor_1_Mixer_GNDVREF_DI |
  80:Generated_Source\PSoC5/CupSensor_1_Mixer.c **** 										CupSensor_1_Mixer_R20_40B_40K);
  81:Generated_Source\PSoC5/CupSensor_1_Mixer.c ****         }
  82:Generated_Source\PSoC5/CupSensor_1_Mixer.c ****         else
  83:Generated_Source\PSoC5/CupSensor_1_Mixer.c ****         {
  84:Generated_Source\PSoC5/CupSensor_1_Mixer.c ****             CupSensor_1_Mixer_CR2_REG = (CupSensor_1_Mixer_BIAS_LOW |
  85:Generated_Source\PSoC5/CupSensor_1_Mixer.c **** 										CupSensor_1_Mixer_REDC_01 |
  86:Generated_Source\PSoC5/CupSensor_1_Mixer.c **** 										CupSensor_1_Mixer_GNDVREF_DI |
  87:Generated_Source\PSoC5/CupSensor_1_Mixer.c **** 										CupSensor_1_Mixer_R20_40B_20K);
ARM GAS  C:\Users\nikol\AppData\Local\Temp\ccXM349t.s 			page 3


  88:Generated_Source\PSoC5/CupSensor_1_Mixer.c ****         }
  89:Generated_Source\PSoC5/CupSensor_1_Mixer.c ****     #else
  90:Generated_Source\PSoC5/CupSensor_1_Mixer.c ****         /* Discrete Time (down) mixer */
  91:Generated_Source\PSoC5/CupSensor_1_Mixer.c ****         /* SC Block mode -  - SCxx_CR0[3:1] */
  92:Generated_Source\PSoC5/CupSensor_1_Mixer.c ****         CupSensor_1_Mixer_CR0_REG = CupSensor_1_Mixer_MODE_DTMIXER;       
  93:Generated_Source\PSoC5/CupSensor_1_Mixer.c **** 
  94:Generated_Source\PSoC5/CupSensor_1_Mixer.c ****         /* SC Block CR1 */ 
  95:Generated_Source\PSoC5/CupSensor_1_Mixer.c ****         CupSensor_1_Mixer_CR1_REG = (CupSensor_1_Mixer_COMP_4P35PF  |
  96:Generated_Source\PSoC5/CupSensor_1_Mixer.c ****                                 CupSensor_1_Mixer_DIV2_ENABLE |
  97:Generated_Source\PSoC5/CupSensor_1_Mixer.c ****                                 CupSensor_1_Mixer_GAIN_0DB);
  98:Generated_Source\PSoC5/CupSensor_1_Mixer.c **** 
  99:Generated_Source\PSoC5/CupSensor_1_Mixer.c ****         /* 
 100:Generated_Source\PSoC5/CupSensor_1_Mixer.c ****             Set SC Block resistor values based on Local Oscillator beign above 
 101:Generated_Source\PSoC5/CupSensor_1_Mixer.c ****             or below 100kHz - set r20_40 (input resitance) and rval (feedback) 
 102:Generated_Source\PSoC5/CupSensor_1_Mixer.c ****             resistor values seperately for DT mode and SC Block
 103:Generated_Source\PSoC5/CupSensor_1_Mixer.c ****         */
 104:Generated_Source\PSoC5/CupSensor_1_Mixer.c ****         if (LOf < CupSensor_1_Mixer_LO_CLOCK_FREQ_100_KHz)
 105:Generated_Source\PSoC5/CupSensor_1_Mixer.c ****         {
 106:Generated_Source\PSoC5/CupSensor_1_Mixer.c ****             CupSensor_1_Mixer_CR2_REG = (CupSensor_1_Mixer_BIAS_LOW |
 107:Generated_Source\PSoC5/CupSensor_1_Mixer.c **** 										CupSensor_1_Mixer_GNDVREF_DI |
 108:Generated_Source\PSoC5/CupSensor_1_Mixer.c **** 										CupSensor_1_Mixer_R20_40B_40K |
 109:Generated_Source\PSoC5/CupSensor_1_Mixer.c **** 										CupSensor_1_Mixer_RVAL_40K); 
 110:Generated_Source\PSoC5/CupSensor_1_Mixer.c ****         }
 111:Generated_Source\PSoC5/CupSensor_1_Mixer.c ****         else
 112:Generated_Source\PSoC5/CupSensor_1_Mixer.c ****         {
 113:Generated_Source\PSoC5/CupSensor_1_Mixer.c ****             CupSensor_1_Mixer_CR2_REG = (CupSensor_1_Mixer_BIAS_LOW |
 114:Generated_Source\PSoC5/CupSensor_1_Mixer.c **** 										CupSensor_1_Mixer_GNDVREF_DI |
 115:Generated_Source\PSoC5/CupSensor_1_Mixer.c **** 										CupSensor_1_Mixer_R20_40B_20K |
 116:Generated_Source\PSoC5/CupSensor_1_Mixer.c **** 										CupSensor_1_Mixer_RVAL_20K);
 117:Generated_Source\PSoC5/CupSensor_1_Mixer.c ****         }
 118:Generated_Source\PSoC5/CupSensor_1_Mixer.c ****     #endif /* end if - Mixer Type */
 119:Generated_Source\PSoC5/CupSensor_1_Mixer.c **** 
 120:Generated_Source\PSoC5/CupSensor_1_Mixer.c ****     /* Enable SC Block clocking */
 121:Generated_Source\PSoC5/CupSensor_1_Mixer.c ****     CupSensor_1_Mixer_CLK_REG |= CupSensor_1_Mixer_CLK_EN;
 122:Generated_Source\PSoC5/CupSensor_1_Mixer.c **** 
 123:Generated_Source\PSoC5/CupSensor_1_Mixer.c ****     /* Set default power */
 124:Generated_Source\PSoC5/CupSensor_1_Mixer.c ****     CupSensor_1_Mixer_SetPower(CupSensor_1_Mixer_INIT_POWER);
 125:Generated_Source\PSoC5/CupSensor_1_Mixer.c ****     
 126:Generated_Source\PSoC5/CupSensor_1_Mixer.c ****     /* Set 50 % Duty cycle for LO clock if LO source is internal */
 127:Generated_Source\PSoC5/CupSensor_1_Mixer.c ****     #if(CupSensor_1_Mixer_LO_SOURCE == CupSensor_1_Mixer_LO_SOURCE_INTERNAL)
 128:Generated_Source\PSoC5/CupSensor_1_Mixer.c ****         CupSensor_1_Mixer_aclk_SetMode(CYCLK_DUTY);
 129:Generated_Source\PSoC5/CupSensor_1_Mixer.c ****     #endif /* CupSensor_1_Mixer_LO_SOURCE == CupSensor_1_Mixer_LO_SOURCE_INTERNAL */
 130:Generated_Source\PSoC5/CupSensor_1_Mixer.c **** 
 131:Generated_Source\PSoC5/CupSensor_1_Mixer.c **** }
 132:Generated_Source\PSoC5/CupSensor_1_Mixer.c **** 
 133:Generated_Source\PSoC5/CupSensor_1_Mixer.c **** 
 134:Generated_Source\PSoC5/CupSensor_1_Mixer.c **** /*******************************************************************************
 135:Generated_Source\PSoC5/CupSensor_1_Mixer.c **** * Function Name: CupSensor_1_Mixer_Enable
 136:Generated_Source\PSoC5/CupSensor_1_Mixer.c **** ********************************************************************************
 137:Generated_Source\PSoC5/CupSensor_1_Mixer.c **** *  
 138:Generated_Source\PSoC5/CupSensor_1_Mixer.c **** * Summary: 
 139:Generated_Source\PSoC5/CupSensor_1_Mixer.c **** *  Enables the Mixer block operation
 140:Generated_Source\PSoC5/CupSensor_1_Mixer.c **** *
 141:Generated_Source\PSoC5/CupSensor_1_Mixer.c **** * Parameters:  
 142:Generated_Source\PSoC5/CupSensor_1_Mixer.c **** *  void
 143:Generated_Source\PSoC5/CupSensor_1_Mixer.c **** *
 144:Generated_Source\PSoC5/CupSensor_1_Mixer.c **** * Return: 
ARM GAS  C:\Users\nikol\AppData\Local\Temp\ccXM349t.s 			page 4


 145:Generated_Source\PSoC5/CupSensor_1_Mixer.c **** *  void
 146:Generated_Source\PSoC5/CupSensor_1_Mixer.c **** *
 147:Generated_Source\PSoC5/CupSensor_1_Mixer.c **** *******************************************************************************/
 148:Generated_Source\PSoC5/CupSensor_1_Mixer.c **** void CupSensor_1_Mixer_Enable(void) 
 149:Generated_Source\PSoC5/CupSensor_1_Mixer.c **** {
  28              		.loc 1 149 0
  29              		.cfi_startproc
  30              		@ args = 0, pretend = 0, frame = 0
  31              		@ frame_needed = 0, uses_anonymous_args = 0
  32              		@ link register save eliminated.
 150:Generated_Source\PSoC5/CupSensor_1_Mixer.c ****     /* This is to restore the value of register CR1 and CR2 which is saved 
 151:Generated_Source\PSoC5/CupSensor_1_Mixer.c ****       in prior to the modifications in stop() API */
 152:Generated_Source\PSoC5/CupSensor_1_Mixer.c ****     #if (CY_PSOC5A)
 153:Generated_Source\PSoC5/CupSensor_1_Mixer.c ****         if(CupSensor_1_Mixer_P5backup.enableState == 1u)
 154:Generated_Source\PSoC5/CupSensor_1_Mixer.c ****         {
 155:Generated_Source\PSoC5/CupSensor_1_Mixer.c ****             CupSensor_1_Mixer_CR1_REG = CupSensor_1_Mixer_P5backup.scCR1Reg;
 156:Generated_Source\PSoC5/CupSensor_1_Mixer.c ****             CupSensor_1_Mixer_CR2_REG = CupSensor_1_Mixer_P5backup.scCR2Reg;
 157:Generated_Source\PSoC5/CupSensor_1_Mixer.c ****             CupSensor_1_Mixer_P5backup.enableState = 0u;
 158:Generated_Source\PSoC5/CupSensor_1_Mixer.c ****         }
 159:Generated_Source\PSoC5/CupSensor_1_Mixer.c ****     #endif /* CY_PSOC5A */
 160:Generated_Source\PSoC5/CupSensor_1_Mixer.c ****     
 161:Generated_Source\PSoC5/CupSensor_1_Mixer.c ****     /* Enable power to SC block in active mode */
 162:Generated_Source\PSoC5/CupSensor_1_Mixer.c ****     CupSensor_1_Mixer_PM_ACT_CFG_REG |= CupSensor_1_Mixer_ACT_PWR_EN;
  33              		.loc 1 162 0
  34 0000 084A     		ldr	r2, .L2
  35 0002 1378     		ldrb	r3, [r2]	@ zero_extendqisi2
  36 0004 43F00403 		orr	r3, r3, #4
  37 0008 1370     		strb	r3, [r2]
 163:Generated_Source\PSoC5/CupSensor_1_Mixer.c **** 
 164:Generated_Source\PSoC5/CupSensor_1_Mixer.c ****     /* Enable power to SC block in Alternative active mode */
 165:Generated_Source\PSoC5/CupSensor_1_Mixer.c ****     CupSensor_1_Mixer_PM_STBY_CFG_REG |= CupSensor_1_Mixer_STBY_PWR_EN;
  38              		.loc 1 165 0
  39 000a 1032     		adds	r2, r2, #16
  40 000c 1378     		ldrb	r3, [r2]	@ zero_extendqisi2
  41 000e 43F00403 		orr	r3, r3, #4
  42 0012 1370     		strb	r3, [r2]
 166:Generated_Source\PSoC5/CupSensor_1_Mixer.c ****     
 167:Generated_Source\PSoC5/CupSensor_1_Mixer.c ****     /* Enable LO_Internal clock if LO source is choosen as internal */
 168:Generated_Source\PSoC5/CupSensor_1_Mixer.c ****     #if(CupSensor_1_Mixer_LO_SOURCE == CupSensor_1_Mixer_LO_SOURCE_INTERNAL)
 169:Generated_Source\PSoC5/CupSensor_1_Mixer.c ****         /* Enable power to the LO clock */
 170:Generated_Source\PSoC5/CupSensor_1_Mixer.c ****         CupSensor_1_Mixer_PWRMGR_ACLK_REG |= CupSensor_1_Mixer_ACT_PWR_ACLK_EN;        
 171:Generated_Source\PSoC5/CupSensor_1_Mixer.c ****         CupSensor_1_Mixer_STBY_PWRMGR_ACLK_REG |= CupSensor_1_Mixer_STBY_PWR_ACLK_EN;
 172:Generated_Source\PSoC5/CupSensor_1_Mixer.c ****         /* Enable the clock */
 173:Generated_Source\PSoC5/CupSensor_1_Mixer.c ****         CupSensor_1_Mixer_aclk_Enable();        
 174:Generated_Source\PSoC5/CupSensor_1_Mixer.c ****     #endif /* CupSensor_1_Mixer_LO_SOURCE == CupSensor_1_Mixer_LO_SOURCE_INTERNAL */
 175:Generated_Source\PSoC5/CupSensor_1_Mixer.c **** 
 176:Generated_Source\PSoC5/CupSensor_1_Mixer.c ****     CupSensor_1_Mixer_PUMP_CR1_REG |= CupSensor_1_Mixer_PUMP_CR1_SC_CLKSEL;
  43              		.loc 1 176 0
  44 0014 02F5A552 		add	r2, r2, #5280
  45 0018 1E32     		adds	r2, r2, #30
  46 001a 1378     		ldrb	r3, [r2]	@ zero_extendqisi2
  47 001c 43F08003 		orr	r3, r3, #128
  48 0020 1370     		strb	r3, [r2]
  49 0022 7047     		bx	lr
  50              	.L3:
  51              		.align	2
  52              	.L2:
ARM GAS  C:\Users\nikol\AppData\Local\Temp\ccXM349t.s 			page 5


  53 0024 A9430040 		.word	1073759145
  54              		.cfi_endproc
  55              	.LFE1:
  56              		.size	CupSensor_1_Mixer_Enable, .-CupSensor_1_Mixer_Enable
  57              		.section	.text.CupSensor_1_Mixer_Stop,"ax",%progbits
  58              		.align	2
  59              		.global	CupSensor_1_Mixer_Stop
  60              		.thumb
  61              		.thumb_func
  62              		.type	CupSensor_1_Mixer_Stop, %function
  63              	CupSensor_1_Mixer_Stop:
  64              	.LFB3:
 177:Generated_Source\PSoC5/CupSensor_1_Mixer.c ****     
 178:Generated_Source\PSoC5/CupSensor_1_Mixer.c ****     #if (!CY_PSOC5A)
 179:Generated_Source\PSoC5/CupSensor_1_Mixer.c ****         #if (CYDEV_VARIABLE_VDDA == 1u)
 180:Generated_Source\PSoC5/CupSensor_1_Mixer.c ****             if(CyScPumpEnabled == 1u)
 181:Generated_Source\PSoC5/CupSensor_1_Mixer.c ****             {
 182:Generated_Source\PSoC5/CupSensor_1_Mixer.c ****                 CupSensor_1_Mixer_BSTCLK_REG &= (uint8)(~CupSensor_1_Mixer_BST_CLK_INDEX_MASK);
 183:Generated_Source\PSoC5/CupSensor_1_Mixer.c ****                 CupSensor_1_Mixer_BSTCLK_REG |= CupSensor_1_Mixer_BST_CLK_EN | CyScBoostClk__INDEX;
 184:Generated_Source\PSoC5/CupSensor_1_Mixer.c ****                 CupSensor_1_Mixer_SC_MISC_REG |= CupSensor_1_Mixer_PUMP_FORCE;
 185:Generated_Source\PSoC5/CupSensor_1_Mixer.c ****                 CyScBoostClk_Start();
 186:Generated_Source\PSoC5/CupSensor_1_Mixer.c ****             }
 187:Generated_Source\PSoC5/CupSensor_1_Mixer.c ****             else
 188:Generated_Source\PSoC5/CupSensor_1_Mixer.c ****             {
 189:Generated_Source\PSoC5/CupSensor_1_Mixer.c ****                 CupSensor_1_Mixer_BSTCLK_REG &= (uint8)(~CupSensor_1_Mixer_BST_CLK_EN);
 190:Generated_Source\PSoC5/CupSensor_1_Mixer.c ****                 CupSensor_1_Mixer_SC_MISC_REG &= (uint8)(~CupSensor_1_Mixer_PUMP_FORCE);
 191:Generated_Source\PSoC5/CupSensor_1_Mixer.c ****             }
 192:Generated_Source\PSoC5/CupSensor_1_Mixer.c ****         #endif /* (CYDEV_VARIABLE_VDDA == 1u) */
 193:Generated_Source\PSoC5/CupSensor_1_Mixer.c ****     #endif /* (!CY_PSOC5A) */
 194:Generated_Source\PSoC5/CupSensor_1_Mixer.c **** }
 195:Generated_Source\PSoC5/CupSensor_1_Mixer.c **** 
 196:Generated_Source\PSoC5/CupSensor_1_Mixer.c **** 
 197:Generated_Source\PSoC5/CupSensor_1_Mixer.c **** /*******************************************************************************
 198:Generated_Source\PSoC5/CupSensor_1_Mixer.c **** * Function Name: CupSensor_1_Mixer_Start
 199:Generated_Source\PSoC5/CupSensor_1_Mixer.c **** ********************************************************************************
 200:Generated_Source\PSoC5/CupSensor_1_Mixer.c **** *
 201:Generated_Source\PSoC5/CupSensor_1_Mixer.c **** * Summary:
 202:Generated_Source\PSoC5/CupSensor_1_Mixer.c **** *  The start function initializes the SC block control registers based on the
 203:Generated_Source\PSoC5/CupSensor_1_Mixer.c **** *  Mixer type selected and and enables power to the SC block
 204:Generated_Source\PSoC5/CupSensor_1_Mixer.c **** *
 205:Generated_Source\PSoC5/CupSensor_1_Mixer.c **** * Parameters:  
 206:Generated_Source\PSoC5/CupSensor_1_Mixer.c **** *  void
 207:Generated_Source\PSoC5/CupSensor_1_Mixer.c **** *
 208:Generated_Source\PSoC5/CupSensor_1_Mixer.c **** * Return: 
 209:Generated_Source\PSoC5/CupSensor_1_Mixer.c **** *  void 
 210:Generated_Source\PSoC5/CupSensor_1_Mixer.c **** *
 211:Generated_Source\PSoC5/CupSensor_1_Mixer.c **** * Global variables:
 212:Generated_Source\PSoC5/CupSensor_1_Mixer.c **** *  CupSensor_1_Mixer_initVar:  Used to check the initial configuration,
 213:Generated_Source\PSoC5/CupSensor_1_Mixer.c **** *  modified when this function is called for the first time.
 214:Generated_Source\PSoC5/CupSensor_1_Mixer.c **** *
 215:Generated_Source\PSoC5/CupSensor_1_Mixer.c **** * Theory: 
 216:Generated_Source\PSoC5/CupSensor_1_Mixer.c **** *  Full initialization of the SC Block configuration registers is only perfomed 
 217:Generated_Source\PSoC5/CupSensor_1_Mixer.c **** *  the first time the routine executes - global variable 
 218:Generated_Source\PSoC5/CupSensor_1_Mixer.c **** *  CupSensor_1_Mixer_initVar is used indicate that the static configuration has 
 219:Generated_Source\PSoC5/CupSensor_1_Mixer.c **** *  been completed.
 220:Generated_Source\PSoC5/CupSensor_1_Mixer.c **** *
 221:Generated_Source\PSoC5/CupSensor_1_Mixer.c **** *******************************************************************************/
ARM GAS  C:\Users\nikol\AppData\Local\Temp\ccXM349t.s 			page 6


 222:Generated_Source\PSoC5/CupSensor_1_Mixer.c **** void CupSensor_1_Mixer_Start(void) 
 223:Generated_Source\PSoC5/CupSensor_1_Mixer.c **** {
 224:Generated_Source\PSoC5/CupSensor_1_Mixer.c ****     /* If not Initialized then initialize all required hardware and software */
 225:Generated_Source\PSoC5/CupSensor_1_Mixer.c ****     if(CupSensor_1_Mixer_initVar == 0u)
 226:Generated_Source\PSoC5/CupSensor_1_Mixer.c ****     {
 227:Generated_Source\PSoC5/CupSensor_1_Mixer.c ****         CupSensor_1_Mixer_Init();
 228:Generated_Source\PSoC5/CupSensor_1_Mixer.c ****         CupSensor_1_Mixer_initVar = 1u;
 229:Generated_Source\PSoC5/CupSensor_1_Mixer.c ****     }
 230:Generated_Source\PSoC5/CupSensor_1_Mixer.c ****     /* Enable the power to the block */
 231:Generated_Source\PSoC5/CupSensor_1_Mixer.c ****     CupSensor_1_Mixer_Enable();
 232:Generated_Source\PSoC5/CupSensor_1_Mixer.c ****     
 233:Generated_Source\PSoC5/CupSensor_1_Mixer.c **** }
 234:Generated_Source\PSoC5/CupSensor_1_Mixer.c **** 
 235:Generated_Source\PSoC5/CupSensor_1_Mixer.c **** 
 236:Generated_Source\PSoC5/CupSensor_1_Mixer.c **** /*******************************************************************************
 237:Generated_Source\PSoC5/CupSensor_1_Mixer.c **** * Function Name: CupSensor_1_Mixer_Stop
 238:Generated_Source\PSoC5/CupSensor_1_Mixer.c **** ********************************************************************************
 239:Generated_Source\PSoC5/CupSensor_1_Mixer.c **** *
 240:Generated_Source\PSoC5/CupSensor_1_Mixer.c **** * Summary:
 241:Generated_Source\PSoC5/CupSensor_1_Mixer.c **** *  Disables power to SC block.
 242:Generated_Source\PSoC5/CupSensor_1_Mixer.c **** *
 243:Generated_Source\PSoC5/CupSensor_1_Mixer.c **** * Parameters:  
 244:Generated_Source\PSoC5/CupSensor_1_Mixer.c **** *  void 
 245:Generated_Source\PSoC5/CupSensor_1_Mixer.c **** *
 246:Generated_Source\PSoC5/CupSensor_1_Mixer.c **** * Return: 
 247:Generated_Source\PSoC5/CupSensor_1_Mixer.c **** *  void 
 248:Generated_Source\PSoC5/CupSensor_1_Mixer.c **** *
 249:Generated_Source\PSoC5/CupSensor_1_Mixer.c **** *******************************************************************************/
 250:Generated_Source\PSoC5/CupSensor_1_Mixer.c **** void CupSensor_1_Mixer_Stop(void) 
 251:Generated_Source\PSoC5/CupSensor_1_Mixer.c **** {       
  65              		.loc 1 251 0
  66              		.cfi_startproc
  67              		@ args = 0, pretend = 0, frame = 0
  68              		@ frame_needed = 0, uses_anonymous_args = 0
  69              		@ link register save eliminated.
 252:Generated_Source\PSoC5/CupSensor_1_Mixer.c ****     /* Disble power to the Amp in Active mode template */
 253:Generated_Source\PSoC5/CupSensor_1_Mixer.c ****     CupSensor_1_Mixer_PM_ACT_CFG_REG &= (uint8)(~CupSensor_1_Mixer_ACT_PWR_EN);
  70              		.loc 1 253 0
  71 0000 054A     		ldr	r2, .L5
  72 0002 1378     		ldrb	r3, [r2]	@ zero_extendqisi2
  73 0004 03F0FB03 		and	r3, r3, #251
  74 0008 1370     		strb	r3, [r2]
 254:Generated_Source\PSoC5/CupSensor_1_Mixer.c **** 
 255:Generated_Source\PSoC5/CupSensor_1_Mixer.c ****     /* Disble power to the Amp in Alternative Active mode template */
 256:Generated_Source\PSoC5/CupSensor_1_Mixer.c ****     CupSensor_1_Mixer_PM_STBY_CFG_REG &= (uint8)(~CupSensor_1_Mixer_STBY_PWR_EN);
  75              		.loc 1 256 0
  76 000a 1032     		adds	r2, r2, #16
  77 000c 1378     		ldrb	r3, [r2]	@ zero_extendqisi2
  78 000e 03F0FB03 		and	r3, r3, #251
  79 0012 1370     		strb	r3, [r2]
  80 0014 7047     		bx	lr
  81              	.L6:
  82 0016 00BF     		.align	2
  83              	.L5:
  84 0018 A9430040 		.word	1073759145
  85              		.cfi_endproc
  86              	.LFE3:
ARM GAS  C:\Users\nikol\AppData\Local\Temp\ccXM349t.s 			page 7


  87              		.size	CupSensor_1_Mixer_Stop, .-CupSensor_1_Mixer_Stop
  88              		.section	.text.CupSensor_1_Mixer_SetPower,"ax",%progbits
  89              		.align	2
  90              		.global	CupSensor_1_Mixer_SetPower
  91              		.thumb
  92              		.thumb_func
  93              		.type	CupSensor_1_Mixer_SetPower, %function
  94              	CupSensor_1_Mixer_SetPower:
  95              	.LFB4:
 257:Generated_Source\PSoC5/CupSensor_1_Mixer.c ****     
 258:Generated_Source\PSoC5/CupSensor_1_Mixer.c ****     #if (!CY_PSOC5A)
 259:Generated_Source\PSoC5/CupSensor_1_Mixer.c ****         #if (CYDEV_VARIABLE_VDDA == 1u)
 260:Generated_Source\PSoC5/CupSensor_1_Mixer.c ****             CupSensor_1_Mixer_BSTCLK_REG &= (uint8)(~CupSensor_1_Mixer_BST_CLK_EN);
 261:Generated_Source\PSoC5/CupSensor_1_Mixer.c ****             /* Disable pumps only if there aren't any SC block in use */
 262:Generated_Source\PSoC5/CupSensor_1_Mixer.c ****             if ((CupSensor_1_Mixer_PM_ACT_CFG_REG & CupSensor_1_Mixer_PM_ACT_CFG_MASK) == 0u)
 263:Generated_Source\PSoC5/CupSensor_1_Mixer.c ****             {
 264:Generated_Source\PSoC5/CupSensor_1_Mixer.c ****                 CupSensor_1_Mixer_SC_MISC_REG &= (uint8)(~CupSensor_1_Mixer_PUMP_FORCE);
 265:Generated_Source\PSoC5/CupSensor_1_Mixer.c ****                 CupSensor_1_Mixer_PUMP_CR1_REG &= (uint8)(~CupSensor_1_Mixer_PUMP_CR1_SC_CLKSEL);
 266:Generated_Source\PSoC5/CupSensor_1_Mixer.c ****                 CyScBoostClk_Stop();
 267:Generated_Source\PSoC5/CupSensor_1_Mixer.c ****             }
 268:Generated_Source\PSoC5/CupSensor_1_Mixer.c ****         #endif /* CYDEV_VARIABLE_VDDA == 1u */
 269:Generated_Source\PSoC5/CupSensor_1_Mixer.c ****     #endif /* (CY_PSOC3 || CY_PSOC5LP) */
 270:Generated_Source\PSoC5/CupSensor_1_Mixer.c ****     
 271:Generated_Source\PSoC5/CupSensor_1_Mixer.c ****     /* This sets Sample and hold in zero current mode and output routes are valid */
 272:Generated_Source\PSoC5/CupSensor_1_Mixer.c ****     #if (CY_PSOC5A)
 273:Generated_Source\PSoC5/CupSensor_1_Mixer.c ****         CupSensor_1_Mixer_P5backup.scCR1Reg = CupSensor_1_Mixer_CR1_REG;
 274:Generated_Source\PSoC5/CupSensor_1_Mixer.c ****         CupSensor_1_Mixer_P5backup.scCR2Reg = CupSensor_1_Mixer_CR2_REG;
 275:Generated_Source\PSoC5/CupSensor_1_Mixer.c ****         CupSensor_1_Mixer_CR1_REG = 0x00u;
 276:Generated_Source\PSoC5/CupSensor_1_Mixer.c ****         CupSensor_1_Mixer_CR2_REG = 0x00u;
 277:Generated_Source\PSoC5/CupSensor_1_Mixer.c ****         CupSensor_1_Mixer_P5backup.enableState = 1u;
 278:Generated_Source\PSoC5/CupSensor_1_Mixer.c ****     #endif /* CY_PSOC5A */  
 279:Generated_Source\PSoC5/CupSensor_1_Mixer.c ****     
 280:Generated_Source\PSoC5/CupSensor_1_Mixer.c ****     /* Disable aclk */
 281:Generated_Source\PSoC5/CupSensor_1_Mixer.c ****     #if(CupSensor_1_Mixer_LO_SOURCE == CupSensor_1_Mixer_LO_SOURCE_INTERNAL)
 282:Generated_Source\PSoC5/CupSensor_1_Mixer.c ****         /* Disable power to clock */
 283:Generated_Source\PSoC5/CupSensor_1_Mixer.c ****         CupSensor_1_Mixer_PWRMGR_ACLK_REG &= (uint8)(~CupSensor_1_Mixer_ACT_PWR_ACLK_EN);
 284:Generated_Source\PSoC5/CupSensor_1_Mixer.c ****         CupSensor_1_Mixer_STBY_PWRMGR_ACLK_REG &= (uint8)(~CupSensor_1_Mixer_STBY_PWR_ACLK_EN);
 285:Generated_Source\PSoC5/CupSensor_1_Mixer.c ****         /* Disable the clock */
 286:Generated_Source\PSoC5/CupSensor_1_Mixer.c ****         CupSensor_1_Mixer_aclk_Disable();
 287:Generated_Source\PSoC5/CupSensor_1_Mixer.c ****     #endif /* CupSensor_1_Mixer_LO_SOURCE == CupSensor_1_Mixer_LO_SOURCE_INTERNAL */
 288:Generated_Source\PSoC5/CupSensor_1_Mixer.c **** }
 289:Generated_Source\PSoC5/CupSensor_1_Mixer.c **** 
 290:Generated_Source\PSoC5/CupSensor_1_Mixer.c **** 
 291:Generated_Source\PSoC5/CupSensor_1_Mixer.c **** /*******************************************************************************
 292:Generated_Source\PSoC5/CupSensor_1_Mixer.c **** * Function Name: CupSensor_1_Mixer_SetPower
 293:Generated_Source\PSoC5/CupSensor_1_Mixer.c **** ********************************************************************************
 294:Generated_Source\PSoC5/CupSensor_1_Mixer.c **** *
 295:Generated_Source\PSoC5/CupSensor_1_Mixer.c **** * Summary:
 296:Generated_Source\PSoC5/CupSensor_1_Mixer.c **** *  Set the drive power of the MIXER
 297:Generated_Source\PSoC5/CupSensor_1_Mixer.c **** *
 298:Generated_Source\PSoC5/CupSensor_1_Mixer.c **** * Parameters:  
 299:Generated_Source\PSoC5/CupSensor_1_Mixer.c **** *  power:  Sets power level between (0) and (3) high power
 300:Generated_Source\PSoC5/CupSensor_1_Mixer.c **** *
 301:Generated_Source\PSoC5/CupSensor_1_Mixer.c **** * Return: 
 302:Generated_Source\PSoC5/CupSensor_1_Mixer.c **** *  void 
 303:Generated_Source\PSoC5/CupSensor_1_Mixer.c **** *
 304:Generated_Source\PSoC5/CupSensor_1_Mixer.c **** *******************************************************************************/
ARM GAS  C:\Users\nikol\AppData\Local\Temp\ccXM349t.s 			page 8


 305:Generated_Source\PSoC5/CupSensor_1_Mixer.c **** void CupSensor_1_Mixer_SetPower(uint8 power) 
 306:Generated_Source\PSoC5/CupSensor_1_Mixer.c **** {
  96              		.loc 1 306 0
  97              		.cfi_startproc
  98              		@ args = 0, pretend = 0, frame = 0
  99              		@ frame_needed = 0, uses_anonymous_args = 0
 100              		@ link register save eliminated.
 101              	.LVL0:
 307:Generated_Source\PSoC5/CupSensor_1_Mixer.c ****     uint8 tmpCR;
 308:Generated_Source\PSoC5/CupSensor_1_Mixer.c **** 
 309:Generated_Source\PSoC5/CupSensor_1_Mixer.c ****     /* Sets drive bits in SC Block Control Register 1:  SCxx_CR[1:0] */    
 310:Generated_Source\PSoC5/CupSensor_1_Mixer.c ****     tmpCR = CupSensor_1_Mixer_CR1_REG & (uint8)(~CupSensor_1_Mixer_DRIVE_MASK);
 102              		.loc 1 310 0
 103 0000 044A     		ldr	r2, .L8
 104 0002 1378     		ldrb	r3, [r2]	@ zero_extendqisi2
 105 0004 03F0FC03 		and	r3, r3, #252
 106              	.LVL1:
 311:Generated_Source\PSoC5/CupSensor_1_Mixer.c ****     tmpCR |= (power & CupSensor_1_Mixer_DRIVE_MASK);
 107              		.loc 1 311 0
 108 0008 00F00300 		and	r0, r0, #3
 109              	.LVL2:
 110 000c 1843     		orrs	r0, r0, r3
 111              	.LVL3:
 312:Generated_Source\PSoC5/CupSensor_1_Mixer.c ****     CupSensor_1_Mixer_CR1_REG = tmpCR;  
 112              		.loc 1 312 0
 113 000e 1070     		strb	r0, [r2]
 114 0010 7047     		bx	lr
 115              	.L9:
 116 0012 00BF     		.align	2
 117              	.L8:
 118 0014 09580040 		.word	1073764361
 119              		.cfi_endproc
 120              	.LFE4:
 121              		.size	CupSensor_1_Mixer_SetPower, .-CupSensor_1_Mixer_SetPower
 122              		.section	.text.CupSensor_1_Mixer_Init,"ax",%progbits
 123              		.align	2
 124              		.global	CupSensor_1_Mixer_Init
 125              		.thumb
 126              		.thumb_func
 127              		.type	CupSensor_1_Mixer_Init, %function
 128              	CupSensor_1_Mixer_Init:
 129              	.LFB0:
  55:Generated_Source\PSoC5/CupSensor_1_Mixer.c ****     float LOf = CupSensor_1_Mixer_LO_CLOCK_FREQ;
 130              		.loc 1 55 0
 131              		.cfi_startproc
 132              		@ args = 0, pretend = 0, frame = 0
 133              		@ frame_needed = 0, uses_anonymous_args = 0
 134 0000 08B5     		push	{r3, lr}
 135              		.cfi_def_cfa_offset 8
 136              		.cfi_offset 3, -8
 137              		.cfi_offset 14, -4
 138              	.LVL4:
  62:Generated_Source\PSoC5/CupSensor_1_Mixer.c **** 
 139              		.loc 1 62 0
 140 0002 0422     		movs	r2, #4
 141 0004 084B     		ldr	r3, .L12
 142 0006 1A70     		strb	r2, [r3]
ARM GAS  C:\Users\nikol\AppData\Local\Temp\ccXM349t.s 			page 9


  65:Generated_Source\PSoC5/CupSensor_1_Mixer.c ****                                 CupSensor_1_Mixer_DIV2_DISABLE |
 143              		.loc 1 65 0
 144 0008 0822     		movs	r2, #8
 145 000a 0133     		adds	r3, r3, #1
 146 000c 1A70     		strb	r2, [r3]
  77:Generated_Source\PSoC5/CupSensor_1_Mixer.c **** 										CupSensor_1_Mixer_REDC_01 |
 147              		.loc 1 77 0
 148 000e 0522     		movs	r2, #5
 149 0010 0133     		adds	r3, r3, #1
 150 0012 1A70     		strb	r2, [r3]
 121:Generated_Source\PSoC5/CupSensor_1_Mixer.c **** 
 151              		.loc 1 121 0
 152 0014 054A     		ldr	r2, .L12+4
 153 0016 1378     		ldrb	r3, [r2]	@ zero_extendqisi2
 154 0018 43F00803 		orr	r3, r3, #8
 155 001c 1370     		strb	r3, [r2]
 124:Generated_Source\PSoC5/CupSensor_1_Mixer.c ****     
 156              		.loc 1 124 0
 157 001e 0320     		movs	r0, #3
 158 0020 FFF7FEFF 		bl	CupSensor_1_Mixer_SetPower
 159              	.LVL5:
 160 0024 08BD     		pop	{r3, pc}
 161              	.L13:
 162 0026 00BF     		.align	2
 163              	.L12:
 164 0028 08580040 		.word	1073764360
 165 002c 2B5A0040 		.word	1073764907
 166              		.cfi_endproc
 167              	.LFE0:
 168              		.size	CupSensor_1_Mixer_Init, .-CupSensor_1_Mixer_Init
 169              		.section	.text.CupSensor_1_Mixer_Start,"ax",%progbits
 170              		.align	2
 171              		.global	CupSensor_1_Mixer_Start
 172              		.thumb
 173              		.thumb_func
 174              		.type	CupSensor_1_Mixer_Start, %function
 175              	CupSensor_1_Mixer_Start:
 176              	.LFB2:
 223:Generated_Source\PSoC5/CupSensor_1_Mixer.c ****     /* If not Initialized then initialize all required hardware and software */
 177              		.loc 1 223 0
 178              		.cfi_startproc
 179              		@ args = 0, pretend = 0, frame = 0
 180              		@ frame_needed = 0, uses_anonymous_args = 0
 181 0000 08B5     		push	{r3, lr}
 182              		.cfi_def_cfa_offset 8
 183              		.cfi_offset 3, -8
 184              		.cfi_offset 14, -4
 225:Generated_Source\PSoC5/CupSensor_1_Mixer.c ****     {
 185              		.loc 1 225 0
 186 0002 054B     		ldr	r3, .L17
 187 0004 1B78     		ldrb	r3, [r3]	@ zero_extendqisi2
 188 0006 23B9     		cbnz	r3, .L15
 227:Generated_Source\PSoC5/CupSensor_1_Mixer.c ****         CupSensor_1_Mixer_initVar = 1u;
 189              		.loc 1 227 0
 190 0008 FFF7FEFF 		bl	CupSensor_1_Mixer_Init
 191              	.LVL6:
 228:Generated_Source\PSoC5/CupSensor_1_Mixer.c ****     }
ARM GAS  C:\Users\nikol\AppData\Local\Temp\ccXM349t.s 			page 10


 192              		.loc 1 228 0
 193 000c 0122     		movs	r2, #1
 194 000e 024B     		ldr	r3, .L17
 195 0010 1A70     		strb	r2, [r3]
 196              	.L15:
 231:Generated_Source\PSoC5/CupSensor_1_Mixer.c ****     
 197              		.loc 1 231 0
 198 0012 FFF7FEFF 		bl	CupSensor_1_Mixer_Enable
 199              	.LVL7:
 200 0016 08BD     		pop	{r3, pc}
 201              	.L18:
 202              		.align	2
 203              	.L17:
 204 0018 00000000 		.word	.LANCHOR0
 205              		.cfi_endproc
 206              	.LFE2:
 207              		.size	CupSensor_1_Mixer_Start, .-CupSensor_1_Mixer_Start
 208              		.global	CupSensor_1_Mixer_initVar
 209              		.bss
 210              		.set	.LANCHOR0,. + 0
 211              		.type	CupSensor_1_Mixer_initVar, %object
 212              		.size	CupSensor_1_Mixer_initVar, 1
 213              	CupSensor_1_Mixer_initVar:
 214 0000 00       		.space	1
 215              		.text
 216              	.Letext0:
 217              		.file 2 "Generated_Source\\PSoC5\\cytypes.h"
 218              		.section	.debug_info,"",%progbits
 219              	.Ldebug_info0:
 220 0000 6F010000 		.4byte	0x16f
 221 0004 0400     		.2byte	0x4
 222 0006 00000000 		.4byte	.Ldebug_abbrev0
 223 000a 04       		.byte	0x4
 224 000b 01       		.uleb128 0x1
 225 000c 46000000 		.4byte	.LASF22
 226 0010 0C       		.byte	0xc
 227 0011 1B000000 		.4byte	.LASF23
 228 0015 03020000 		.4byte	.LASF24
 229 0019 00000000 		.4byte	.Ldebug_ranges0+0
 230 001d 00000000 		.4byte	0
 231 0021 00000000 		.4byte	.Ldebug_line0
 232 0025 02       		.uleb128 0x2
 233 0026 01       		.byte	0x1
 234 0027 06       		.byte	0x6
 235 0028 BC010000 		.4byte	.LASF0
 236 002c 02       		.uleb128 0x2
 237 002d 01       		.byte	0x1
 238 002e 08       		.byte	0x8
 239 002f 3E010000 		.4byte	.LASF1
 240 0033 02       		.uleb128 0x2
 241 0034 02       		.byte	0x2
 242 0035 05       		.byte	0x5
 243 0036 EC000000 		.4byte	.LASF2
 244 003a 02       		.uleb128 0x2
 245 003b 02       		.byte	0x2
 246 003c 07       		.byte	0x7
 247 003d A9010000 		.4byte	.LASF3
ARM GAS  C:\Users\nikol\AppData\Local\Temp\ccXM349t.s 			page 11


 248 0041 02       		.uleb128 0x2
 249 0042 04       		.byte	0x4
 250 0043 05       		.byte	0x5
 251 0044 68010000 		.4byte	.LASF4
 252 0048 02       		.uleb128 0x2
 253 0049 04       		.byte	0x4
 254 004a 07       		.byte	0x7
 255 004b DA000000 		.4byte	.LASF5
 256 004f 02       		.uleb128 0x2
 257 0050 08       		.byte	0x8
 258 0051 05       		.byte	0x5
 259 0052 00000000 		.4byte	.LASF6
 260 0056 02       		.uleb128 0x2
 261 0057 08       		.byte	0x8
 262 0058 07       		.byte	0x7
 263 0059 F6000000 		.4byte	.LASF7
 264 005d 03       		.uleb128 0x3
 265 005e 04       		.byte	0x4
 266 005f 05       		.byte	0x5
 267 0060 696E7400 		.ascii	"int\000"
 268 0064 02       		.uleb128 0x2
 269 0065 04       		.byte	0x4
 270 0066 07       		.byte	0x7
 271 0067 0E000000 		.4byte	.LASF8
 272 006b 04       		.uleb128 0x4
 273 006c D4000000 		.4byte	.LASF12
 274 0070 02       		.byte	0x2
 275 0071 E401     		.2byte	0x1e4
 276 0073 2C000000 		.4byte	0x2c
 277 0077 02       		.uleb128 0x2
 278 0078 04       		.byte	0x4
 279 0079 04       		.byte	0x4
 280 007a F8010000 		.4byte	.LASF9
 281 007e 02       		.uleb128 0x2
 282 007f 08       		.byte	0x8
 283 0080 04       		.byte	0x4
 284 0081 A2010000 		.4byte	.LASF10
 285 0085 02       		.uleb128 0x2
 286 0086 01       		.byte	0x1
 287 0087 08       		.byte	0x8
 288 0088 4C010000 		.4byte	.LASF11
 289 008c 04       		.uleb128 0x4
 290 008d FE010000 		.4byte	.LASF13
 291 0091 02       		.byte	0x2
 292 0092 8E02     		.2byte	0x28e
 293 0094 98000000 		.4byte	0x98
 294 0098 05       		.uleb128 0x5
 295 0099 6B000000 		.4byte	0x6b
 296 009d 02       		.uleb128 0x2
 297 009e 08       		.byte	0x8
 298 009f 04       		.byte	0x4
 299 00a0 C8010000 		.4byte	.LASF14
 300 00a4 02       		.uleb128 0x2
 301 00a5 04       		.byte	0x4
 302 00a6 07       		.byte	0x7
 303 00a7 D4010000 		.4byte	.LASF15
 304 00ab 06       		.uleb128 0x6
ARM GAS  C:\Users\nikol\AppData\Local\Temp\ccXM349t.s 			page 12


 305 00ac 25010000 		.4byte	.LASF16
 306 00b0 01       		.byte	0x1
 307 00b1 94       		.byte	0x94
 308 00b2 00000000 		.4byte	.LFB1
 309 00b6 28000000 		.4byte	.LFE1-.LFB1
 310 00ba 01       		.uleb128 0x1
 311 00bb 9C       		.byte	0x9c
 312 00bc 06       		.uleb128 0x6
 313 00bd 51010000 		.4byte	.LASF17
 314 00c1 01       		.byte	0x1
 315 00c2 FA       		.byte	0xfa
 316 00c3 00000000 		.4byte	.LFB3
 317 00c7 1C000000 		.4byte	.LFE3-.LFB3
 318 00cb 01       		.uleb128 0x1
 319 00cc 9C       		.byte	0x9c
 320 00cd 07       		.uleb128 0x7
 321 00ce DD010000 		.4byte	.LASF18
 322 00d2 01       		.byte	0x1
 323 00d3 3101     		.2byte	0x131
 324 00d5 00000000 		.4byte	.LFB4
 325 00d9 18000000 		.4byte	.LFE4-.LFB4
 326 00dd 01       		.uleb128 0x1
 327 00de 9C       		.byte	0x9c
 328 00df 04010000 		.4byte	0x104
 329 00e3 08       		.uleb128 0x8
 330 00e4 67020000 		.4byte	.LASF25
 331 00e8 01       		.byte	0x1
 332 00e9 3101     		.2byte	0x131
 333 00eb 6B000000 		.4byte	0x6b
 334 00ef 00000000 		.4byte	.LLST0
 335 00f3 09       		.uleb128 0x9
 336 00f4 61020000 		.4byte	.LASF20
 337 00f8 01       		.byte	0x1
 338 00f9 3301     		.2byte	0x133
 339 00fb 6B000000 		.4byte	0x6b
 340 00ff 21000000 		.4byte	.LLST1
 341 0103 00       		.byte	0
 342 0104 0A       		.uleb128 0xa
 343 0105 71010000 		.4byte	.LASF19
 344 0109 01       		.byte	0x1
 345 010a 36       		.byte	0x36
 346 010b 00000000 		.4byte	.LFB0
 347 010f 30000000 		.4byte	.LFE0-.LFB0
 348 0113 01       		.uleb128 0x1
 349 0114 9C       		.byte	0x9c
 350 0115 39010000 		.4byte	0x139
 351 0119 0B       		.uleb128 0xb
 352 011a 4C4F6600 		.ascii	"LOf\000"
 353 011e 01       		.byte	0x1
 354 011f 38       		.byte	0x38
 355 0120 77000000 		.4byte	0x77
 356 0124 04       		.byte	0x4
 357 0125 00002041 		.4byte	0x41200000
 358 0129 0C       		.uleb128 0xc
 359 012a 24000000 		.4byte	.LVL5
 360 012e CD000000 		.4byte	0xcd
 361 0132 0D       		.uleb128 0xd
ARM GAS  C:\Users\nikol\AppData\Local\Temp\ccXM349t.s 			page 13


 362 0133 01       		.uleb128 0x1
 363 0134 50       		.byte	0x50
 364 0135 01       		.uleb128 0x1
 365 0136 33       		.byte	0x33
 366 0137 00       		.byte	0
 367 0138 00       		.byte	0
 368 0139 0A       		.uleb128 0xa
 369 013a 0D010000 		.4byte	.LASF21
 370 013e 01       		.byte	0x1
 371 013f DE       		.byte	0xde
 372 0140 00000000 		.4byte	.LFB2
 373 0144 1C000000 		.4byte	.LFE2-.LFB2
 374 0148 01       		.uleb128 0x1
 375 0149 9C       		.byte	0x9c
 376 014a 61010000 		.4byte	0x161
 377 014e 0E       		.uleb128 0xe
 378 014f 0C000000 		.4byte	.LVL6
 379 0153 04010000 		.4byte	0x104
 380 0157 0E       		.uleb128 0xe
 381 0158 16000000 		.4byte	.LVL7
 382 015c AB000000 		.4byte	0xab
 383 0160 00       		.byte	0
 384 0161 0F       		.uleb128 0xf
 385 0162 88010000 		.4byte	.LASF26
 386 0166 01       		.byte	0x1
 387 0167 1E       		.byte	0x1e
 388 0168 6B000000 		.4byte	0x6b
 389 016c 05       		.uleb128 0x5
 390 016d 03       		.byte	0x3
 391 016e 00000000 		.4byte	CupSensor_1_Mixer_initVar
 392 0172 00       		.byte	0
 393              		.section	.debug_abbrev,"",%progbits
 394              	.Ldebug_abbrev0:
 395 0000 01       		.uleb128 0x1
 396 0001 11       		.uleb128 0x11
 397 0002 01       		.byte	0x1
 398 0003 25       		.uleb128 0x25
 399 0004 0E       		.uleb128 0xe
 400 0005 13       		.uleb128 0x13
 401 0006 0B       		.uleb128 0xb
 402 0007 03       		.uleb128 0x3
 403 0008 0E       		.uleb128 0xe
 404 0009 1B       		.uleb128 0x1b
 405 000a 0E       		.uleb128 0xe
 406 000b 55       		.uleb128 0x55
 407 000c 17       		.uleb128 0x17
 408 000d 11       		.uleb128 0x11
 409 000e 01       		.uleb128 0x1
 410 000f 10       		.uleb128 0x10
 411 0010 17       		.uleb128 0x17
 412 0011 00       		.byte	0
 413 0012 00       		.byte	0
 414 0013 02       		.uleb128 0x2
 415 0014 24       		.uleb128 0x24
 416 0015 00       		.byte	0
 417 0016 0B       		.uleb128 0xb
 418 0017 0B       		.uleb128 0xb
ARM GAS  C:\Users\nikol\AppData\Local\Temp\ccXM349t.s 			page 14


 419 0018 3E       		.uleb128 0x3e
 420 0019 0B       		.uleb128 0xb
 421 001a 03       		.uleb128 0x3
 422 001b 0E       		.uleb128 0xe
 423 001c 00       		.byte	0
 424 001d 00       		.byte	0
 425 001e 03       		.uleb128 0x3
 426 001f 24       		.uleb128 0x24
 427 0020 00       		.byte	0
 428 0021 0B       		.uleb128 0xb
 429 0022 0B       		.uleb128 0xb
 430 0023 3E       		.uleb128 0x3e
 431 0024 0B       		.uleb128 0xb
 432 0025 03       		.uleb128 0x3
 433 0026 08       		.uleb128 0x8
 434 0027 00       		.byte	0
 435 0028 00       		.byte	0
 436 0029 04       		.uleb128 0x4
 437 002a 16       		.uleb128 0x16
 438 002b 00       		.byte	0
 439 002c 03       		.uleb128 0x3
 440 002d 0E       		.uleb128 0xe
 441 002e 3A       		.uleb128 0x3a
 442 002f 0B       		.uleb128 0xb
 443 0030 3B       		.uleb128 0x3b
 444 0031 05       		.uleb128 0x5
 445 0032 49       		.uleb128 0x49
 446 0033 13       		.uleb128 0x13
 447 0034 00       		.byte	0
 448 0035 00       		.byte	0
 449 0036 05       		.uleb128 0x5
 450 0037 35       		.uleb128 0x35
 451 0038 00       		.byte	0
 452 0039 49       		.uleb128 0x49
 453 003a 13       		.uleb128 0x13
 454 003b 00       		.byte	0
 455 003c 00       		.byte	0
 456 003d 06       		.uleb128 0x6
 457 003e 2E       		.uleb128 0x2e
 458 003f 00       		.byte	0
 459 0040 3F       		.uleb128 0x3f
 460 0041 19       		.uleb128 0x19
 461 0042 03       		.uleb128 0x3
 462 0043 0E       		.uleb128 0xe
 463 0044 3A       		.uleb128 0x3a
 464 0045 0B       		.uleb128 0xb
 465 0046 3B       		.uleb128 0x3b
 466 0047 0B       		.uleb128 0xb
 467 0048 27       		.uleb128 0x27
 468 0049 19       		.uleb128 0x19
 469 004a 11       		.uleb128 0x11
 470 004b 01       		.uleb128 0x1
 471 004c 12       		.uleb128 0x12
 472 004d 06       		.uleb128 0x6
 473 004e 40       		.uleb128 0x40
 474 004f 18       		.uleb128 0x18
 475 0050 9742     		.uleb128 0x2117
ARM GAS  C:\Users\nikol\AppData\Local\Temp\ccXM349t.s 			page 15


 476 0052 19       		.uleb128 0x19
 477 0053 00       		.byte	0
 478 0054 00       		.byte	0
 479 0055 07       		.uleb128 0x7
 480 0056 2E       		.uleb128 0x2e
 481 0057 01       		.byte	0x1
 482 0058 3F       		.uleb128 0x3f
 483 0059 19       		.uleb128 0x19
 484 005a 03       		.uleb128 0x3
 485 005b 0E       		.uleb128 0xe
 486 005c 3A       		.uleb128 0x3a
 487 005d 0B       		.uleb128 0xb
 488 005e 3B       		.uleb128 0x3b
 489 005f 05       		.uleb128 0x5
 490 0060 27       		.uleb128 0x27
 491 0061 19       		.uleb128 0x19
 492 0062 11       		.uleb128 0x11
 493 0063 01       		.uleb128 0x1
 494 0064 12       		.uleb128 0x12
 495 0065 06       		.uleb128 0x6
 496 0066 40       		.uleb128 0x40
 497 0067 18       		.uleb128 0x18
 498 0068 9742     		.uleb128 0x2117
 499 006a 19       		.uleb128 0x19
 500 006b 01       		.uleb128 0x1
 501 006c 13       		.uleb128 0x13
 502 006d 00       		.byte	0
 503 006e 00       		.byte	0
 504 006f 08       		.uleb128 0x8
 505 0070 05       		.uleb128 0x5
 506 0071 00       		.byte	0
 507 0072 03       		.uleb128 0x3
 508 0073 0E       		.uleb128 0xe
 509 0074 3A       		.uleb128 0x3a
 510 0075 0B       		.uleb128 0xb
 511 0076 3B       		.uleb128 0x3b
 512 0077 05       		.uleb128 0x5
 513 0078 49       		.uleb128 0x49
 514 0079 13       		.uleb128 0x13
 515 007a 02       		.uleb128 0x2
 516 007b 17       		.uleb128 0x17
 517 007c 00       		.byte	0
 518 007d 00       		.byte	0
 519 007e 09       		.uleb128 0x9
 520 007f 34       		.uleb128 0x34
 521 0080 00       		.byte	0
 522 0081 03       		.uleb128 0x3
 523 0082 0E       		.uleb128 0xe
 524 0083 3A       		.uleb128 0x3a
 525 0084 0B       		.uleb128 0xb
 526 0085 3B       		.uleb128 0x3b
 527 0086 05       		.uleb128 0x5
 528 0087 49       		.uleb128 0x49
 529 0088 13       		.uleb128 0x13
 530 0089 02       		.uleb128 0x2
 531 008a 17       		.uleb128 0x17
 532 008b 00       		.byte	0
ARM GAS  C:\Users\nikol\AppData\Local\Temp\ccXM349t.s 			page 16


 533 008c 00       		.byte	0
 534 008d 0A       		.uleb128 0xa
 535 008e 2E       		.uleb128 0x2e
 536 008f 01       		.byte	0x1
 537 0090 3F       		.uleb128 0x3f
 538 0091 19       		.uleb128 0x19
 539 0092 03       		.uleb128 0x3
 540 0093 0E       		.uleb128 0xe
 541 0094 3A       		.uleb128 0x3a
 542 0095 0B       		.uleb128 0xb
 543 0096 3B       		.uleb128 0x3b
 544 0097 0B       		.uleb128 0xb
 545 0098 27       		.uleb128 0x27
 546 0099 19       		.uleb128 0x19
 547 009a 11       		.uleb128 0x11
 548 009b 01       		.uleb128 0x1
 549 009c 12       		.uleb128 0x12
 550 009d 06       		.uleb128 0x6
 551 009e 40       		.uleb128 0x40
 552 009f 18       		.uleb128 0x18
 553 00a0 9742     		.uleb128 0x2117
 554 00a2 19       		.uleb128 0x19
 555 00a3 01       		.uleb128 0x1
 556 00a4 13       		.uleb128 0x13
 557 00a5 00       		.byte	0
 558 00a6 00       		.byte	0
 559 00a7 0B       		.uleb128 0xb
 560 00a8 34       		.uleb128 0x34
 561 00a9 00       		.byte	0
 562 00aa 03       		.uleb128 0x3
 563 00ab 08       		.uleb128 0x8
 564 00ac 3A       		.uleb128 0x3a
 565 00ad 0B       		.uleb128 0xb
 566 00ae 3B       		.uleb128 0x3b
 567 00af 0B       		.uleb128 0xb
 568 00b0 49       		.uleb128 0x49
 569 00b1 13       		.uleb128 0x13
 570 00b2 1C       		.uleb128 0x1c
 571 00b3 0A       		.uleb128 0xa
 572 00b4 00       		.byte	0
 573 00b5 00       		.byte	0
 574 00b6 0C       		.uleb128 0xc
 575 00b7 898201   		.uleb128 0x4109
 576 00ba 01       		.byte	0x1
 577 00bb 11       		.uleb128 0x11
 578 00bc 01       		.uleb128 0x1
 579 00bd 31       		.uleb128 0x31
 580 00be 13       		.uleb128 0x13
 581 00bf 00       		.byte	0
 582 00c0 00       		.byte	0
 583 00c1 0D       		.uleb128 0xd
 584 00c2 8A8201   		.uleb128 0x410a
 585 00c5 00       		.byte	0
 586 00c6 02       		.uleb128 0x2
 587 00c7 18       		.uleb128 0x18
 588 00c8 9142     		.uleb128 0x2111
 589 00ca 18       		.uleb128 0x18
ARM GAS  C:\Users\nikol\AppData\Local\Temp\ccXM349t.s 			page 17


 590 00cb 00       		.byte	0
 591 00cc 00       		.byte	0
 592 00cd 0E       		.uleb128 0xe
 593 00ce 898201   		.uleb128 0x4109
 594 00d1 00       		.byte	0
 595 00d2 11       		.uleb128 0x11
 596 00d3 01       		.uleb128 0x1
 597 00d4 31       		.uleb128 0x31
 598 00d5 13       		.uleb128 0x13
 599 00d6 00       		.byte	0
 600 00d7 00       		.byte	0
 601 00d8 0F       		.uleb128 0xf
 602 00d9 34       		.uleb128 0x34
 603 00da 00       		.byte	0
 604 00db 03       		.uleb128 0x3
 605 00dc 0E       		.uleb128 0xe
 606 00dd 3A       		.uleb128 0x3a
 607 00de 0B       		.uleb128 0xb
 608 00df 3B       		.uleb128 0x3b
 609 00e0 0B       		.uleb128 0xb
 610 00e1 49       		.uleb128 0x49
 611 00e2 13       		.uleb128 0x13
 612 00e3 3F       		.uleb128 0x3f
 613 00e4 19       		.uleb128 0x19
 614 00e5 02       		.uleb128 0x2
 615 00e6 18       		.uleb128 0x18
 616 00e7 00       		.byte	0
 617 00e8 00       		.byte	0
 618 00e9 00       		.byte	0
 619              		.section	.debug_loc,"",%progbits
 620              	.Ldebug_loc0:
 621              	.LLST0:
 622 0000 00000000 		.4byte	.LVL0
 623 0004 0C000000 		.4byte	.LVL2
 624 0008 0100     		.2byte	0x1
 625 000a 50       		.byte	0x50
 626 000b 0C000000 		.4byte	.LVL2
 627 000f 18000000 		.4byte	.LFE4
 628 0013 0400     		.2byte	0x4
 629 0015 F3       		.byte	0xf3
 630 0016 01       		.uleb128 0x1
 631 0017 50       		.byte	0x50
 632 0018 9F       		.byte	0x9f
 633 0019 00000000 		.4byte	0
 634 001d 00000000 		.4byte	0
 635              	.LLST1:
 636 0021 08000000 		.4byte	.LVL1
 637 0025 0E000000 		.4byte	.LVL3
 638 0029 0100     		.2byte	0x1
 639 002b 53       		.byte	0x53
 640 002c 0E000000 		.4byte	.LVL3
 641 0030 18000000 		.4byte	.LFE4
 642 0034 0100     		.2byte	0x1
 643 0036 50       		.byte	0x50
 644 0037 00000000 		.4byte	0
 645 003b 00000000 		.4byte	0
 646              		.section	.debug_aranges,"",%progbits
ARM GAS  C:\Users\nikol\AppData\Local\Temp\ccXM349t.s 			page 18


 647 0000 3C000000 		.4byte	0x3c
 648 0004 0200     		.2byte	0x2
 649 0006 00000000 		.4byte	.Ldebug_info0
 650 000a 04       		.byte	0x4
 651 000b 00       		.byte	0
 652 000c 0000     		.2byte	0
 653 000e 0000     		.2byte	0
 654 0010 00000000 		.4byte	.LFB1
 655 0014 28000000 		.4byte	.LFE1-.LFB1
 656 0018 00000000 		.4byte	.LFB3
 657 001c 1C000000 		.4byte	.LFE3-.LFB3
 658 0020 00000000 		.4byte	.LFB4
 659 0024 18000000 		.4byte	.LFE4-.LFB4
 660 0028 00000000 		.4byte	.LFB0
 661 002c 30000000 		.4byte	.LFE0-.LFB0
 662 0030 00000000 		.4byte	.LFB2
 663 0034 1C000000 		.4byte	.LFE2-.LFB2
 664 0038 00000000 		.4byte	0
 665 003c 00000000 		.4byte	0
 666              		.section	.debug_ranges,"",%progbits
 667              	.Ldebug_ranges0:
 668 0000 00000000 		.4byte	.LFB1
 669 0004 28000000 		.4byte	.LFE1
 670 0008 00000000 		.4byte	.LFB3
 671 000c 1C000000 		.4byte	.LFE3
 672 0010 00000000 		.4byte	.LFB4
 673 0014 18000000 		.4byte	.LFE4
 674 0018 00000000 		.4byte	.LFB0
 675 001c 30000000 		.4byte	.LFE0
 676 0020 00000000 		.4byte	.LFB2
 677 0024 1C000000 		.4byte	.LFE2
 678 0028 00000000 		.4byte	0
 679 002c 00000000 		.4byte	0
 680              		.section	.debug_line,"",%progbits
 681              	.Ldebug_line0:
 682 0000 BC000000 		.section	.debug_str,"MS",%progbits,1
 682      02004E00 
 682      00000201 
 682      FB0E0D00 
 682      01010101 
 683              	.LASF6:
 684 0000 6C6F6E67 		.ascii	"long long int\000"
 684      206C6F6E 
 684      6720696E 
 684      7400
 685              	.LASF8:
 686 000e 756E7369 		.ascii	"unsigned int\000"
 686      676E6564 
 686      20696E74 
 686      00
 687              	.LASF23:
 688 001b 47656E65 		.ascii	"Generated_Source\\PSoC5\\CupSensor_1_Mixer.c\000"
 688      72617465 
 688      645F536F 
 688      75726365 
 688      5C50536F 
 689              	.LASF22:
ARM GAS  C:\Users\nikol\AppData\Local\Temp\ccXM349t.s 			page 19


 690 0046 474E5520 		.ascii	"GNU C11 5.4.1 20160609 (release) [ARM/embedded-5-br"
 690      43313120 
 690      352E342E 
 690      31203230 
 690      31363036 
 691 0079 616E6368 		.ascii	"anch revision 237715] -mcpu=cortex-m3 -mthumb -g -O"
 691      20726576 
 691      6973696F 
 691      6E203233 
 691      37373135 
 692 00ac 67202D66 		.ascii	"g -ffunction-sections -ffat-lto-objects\000"
 692      66756E63 
 692      74696F6E 
 692      2D736563 
 692      74696F6E 
 693              	.LASF12:
 694 00d4 75696E74 		.ascii	"uint8\000"
 694      3800
 695              	.LASF5:
 696 00da 6C6F6E67 		.ascii	"long unsigned int\000"
 696      20756E73 
 696      69676E65 
 696      6420696E 
 696      7400
 697              	.LASF2:
 698 00ec 73686F72 		.ascii	"short int\000"
 698      7420696E 
 698      7400
 699              	.LASF7:
 700 00f6 6C6F6E67 		.ascii	"long long unsigned int\000"
 700      206C6F6E 
 700      6720756E 
 700      7369676E 
 700      65642069 
 701              	.LASF21:
 702 010d 43757053 		.ascii	"CupSensor_1_Mixer_Start\000"
 702      656E736F 
 702      725F315F 
 702      4D697865 
 702      725F5374 
 703              	.LASF16:
 704 0125 43757053 		.ascii	"CupSensor_1_Mixer_Enable\000"
 704      656E736F 
 704      725F315F 
 704      4D697865 
 704      725F456E 
 705              	.LASF1:
 706 013e 756E7369 		.ascii	"unsigned char\000"
 706      676E6564 
 706      20636861 
 706      7200
 707              	.LASF11:
 708 014c 63686172 		.ascii	"char\000"
 708      00
 709              	.LASF17:
 710 0151 43757053 		.ascii	"CupSensor_1_Mixer_Stop\000"
 710      656E736F 
ARM GAS  C:\Users\nikol\AppData\Local\Temp\ccXM349t.s 			page 20


 710      725F315F 
 710      4D697865 
 710      725F5374 
 711              	.LASF4:
 712 0168 6C6F6E67 		.ascii	"long int\000"
 712      20696E74 
 712      00
 713              	.LASF19:
 714 0171 43757053 		.ascii	"CupSensor_1_Mixer_Init\000"
 714      656E736F 
 714      725F315F 
 714      4D697865 
 714      725F496E 
 715              	.LASF26:
 716 0188 43757053 		.ascii	"CupSensor_1_Mixer_initVar\000"
 716      656E736F 
 716      725F315F 
 716      4D697865 
 716      725F696E 
 717              	.LASF10:
 718 01a2 646F7562 		.ascii	"double\000"
 718      6C6500
 719              	.LASF3:
 720 01a9 73686F72 		.ascii	"short unsigned int\000"
 720      7420756E 
 720      7369676E 
 720      65642069 
 720      6E7400
 721              	.LASF0:
 722 01bc 7369676E 		.ascii	"signed char\000"
 722      65642063 
 722      68617200 
 723              	.LASF14:
 724 01c8 6C6F6E67 		.ascii	"long double\000"
 724      20646F75 
 724      626C6500 
 725              	.LASF15:
 726 01d4 73697A65 		.ascii	"sizetype\000"
 726      74797065 
 726      00
 727              	.LASF18:
 728 01dd 43757053 		.ascii	"CupSensor_1_Mixer_SetPower\000"
 728      656E736F 
 728      725F315F 
 728      4D697865 
 728      725F5365 
 729              	.LASF9:
 730 01f8 666C6F61 		.ascii	"float\000"
 730      7400
 731              	.LASF13:
 732 01fe 72656738 		.ascii	"reg8\000"
 732      00
 733              	.LASF24:
 734 0203 433A5C55 		.ascii	"C:\\Users\\nikol\\Documents\\git\\3. Semester\\PRJ3"
 734      73657273 
 734      5C6E696B 
 734      6F6C5C44 
ARM GAS  C:\Users\nikol\AppData\Local\Temp\ccXM349t.s 			page 21


 734      6F63756D 
 735 0230 5C706C61 		.ascii	"\\player_side_app\\CupSensor_IF\\CupSensor_IF.cydsn"
 735      7965725F 
 735      73696465 
 735      5F617070 
 735      5C437570 
 736 0260 00       		.ascii	"\000"
 737              	.LASF20:
 738 0261 746D7043 		.ascii	"tmpCR\000"
 738      5200
 739              	.LASF25:
 740 0267 706F7765 		.ascii	"power\000"
 740      7200
 741              		.ident	"GCC: (GNU Tools for ARM Embedded Processors) 5.4.1 20160609 (release) [ARM/embedded-5-bran
