ARM GAS  C:\Users\nikol\AppData\Local\Temp\cch68Goy.s 			page 1


   1              		.syntax unified
   2              		.cpu cortex-m3
   3              		.fpu softvfp
   4              		.eabi_attribute 20, 1
   5              		.eabi_attribute 21, 1
   6              		.eabi_attribute 23, 3
   7              		.eabi_attribute 24, 1
   8              		.eabi_attribute 25, 1
   9              		.eabi_attribute 26, 1
  10              		.eabi_attribute 30, 1
  11              		.eabi_attribute 34, 1
  12              		.eabi_attribute 18, 4
  13              		.thumb
  14              		.syntax unified
  15              		.file	"CupSensor_1_Filter_Coefficients.c"
  16              		.text
  17              	.Ltext0:
  18              		.cfi_sections	.debug_frame
  19              		.global	CupSensor_1_Filter_ChannelABiquadCoefficients
  20              		.section	.rodata
  21              		.align	2
  22              		.type	CupSensor_1_Filter_ChannelABiquadCoefficients, %object
  23              		.size	CupSensor_1_Filter_ChannelABiquadCoefficients, 60
  24              	CupSensor_1_Filter_ChannelABiquadCoefficients:
  25 0000 E9       		.byte	-23
  26 0001 42       		.byte	66
  27 0002 06       		.byte	6
  28 0003 00       		.byte	0
  29 0004 D3       		.byte	-45
  30 0005 85       		.byte	-123
  31 0006 0C       		.byte	12
  32 0007 00       		.byte	0
  33 0008 E9       		.byte	-23
  34 0009 42       		.byte	66
  35 000a 06       		.byte	6
  36 000b 00       		.byte	0
  37 000c AA       		.byte	-86
  38 000d 59       		.byte	89
  39 000e E8       		.byte	-24
  40 000f 00       		.byte	0
  41 0010 C1       		.byte	-63
  42 0011 77       		.byte	119
  43 0012 F3       		.byte	-13
  44 0013 00       		.byte	0
  45 0014 13       		.byte	19
  46 0015 D5       		.byte	-43
  47 0016 15       		.byte	21
  48 0017 00       		.byte	0
  49 0018 26       		.byte	38
  50 0019 AA       		.byte	-86
  51 001a 2B       		.byte	43
  52 001b 00       		.byte	0
  53 001c 13       		.byte	19
  54 001d D5       		.byte	-43
  55 001e 15       		.byte	21
  56 001f 00       		.byte	0
  57 0020 66       		.byte	102
ARM GAS  C:\Users\nikol\AppData\Local\Temp\cch68Goy.s 			page 2


  58 0021 62       		.byte	98
  59 0022 EB       		.byte	-21
  60 0023 00       		.byte	0
  61 0024 53       		.byte	83
  62 0025 49       		.byte	73
  63 0026 FD       		.byte	-3
  64 0027 00       		.byte	0
  65 0028 42       		.byte	66
  66 0029 9D       		.byte	-99
  67 002a 21       		.byte	33
  68 002b 00       		.byte	0
  69 002c 84       		.byte	-124
  70 002d 3A       		.byte	58
  71 002e 43       		.byte	67
  72 002f 00       		.byte	0
  73 0030 42       		.byte	66
  74 0031 9D       		.byte	-99
  75 0032 21       		.byte	33
  76 0033 00       		.byte	0
  77 0034 4A       		.byte	74
  78 0035 42       		.byte	66
  79 0036 E0       		.byte	-32
  80 0037 00       		.byte	0
  81 0038 A4       		.byte	-92
  82 0039 48       		.byte	72
  83 003a D9       		.byte	-39
  84 003b 00       		.byte	0
  85              		.text
  86              	.Letext0:
  87              		.file 1 "Generated_Source\\PSoC5\\cytypes.h"
  88              		.file 2 "Generated_Source\\PSoC5\\CupSensor_1_Filter_Coefficients.c"
  89              		.section	.debug_info,"",%progbits
  90              	.Ldebug_info0:
  91 0000 BA000000 		.4byte	0xba
  92 0004 0400     		.2byte	0x4
  93 0006 00000000 		.4byte	.Ldebug_abbrev0
  94 000a 04       		.byte	0x4
  95 000b 01       		.uleb128 0x1
  96 000c 1B000000 		.4byte	.LASF14
  97 0010 0C       		.byte	0xc
  98 0011 2C010000 		.4byte	.LASF15
  99 0015 9D010000 		.4byte	.LASF16
 100 0019 00000000 		.4byte	.Ldebug_line0
 101 001d 02       		.uleb128 0x2
 102 001e 04       		.byte	0x4
 103 001f 05       		.byte	0x5
 104 0020 696E7400 		.ascii	"int\000"
 105 0024 03       		.uleb128 0x3
 106 0025 04       		.byte	0x4
 107 0026 07       		.byte	0x7
 108 0027 0E000000 		.4byte	.LASF0
 109 002b 03       		.uleb128 0x3
 110 002c 08       		.byte	0x8
 111 002d 05       		.byte	0x5
 112 002e 00000000 		.4byte	.LASF1
 113 0032 03       		.uleb128 0x3
 114 0033 08       		.byte	0x8
ARM GAS  C:\Users\nikol\AppData\Local\Temp\cch68Goy.s 			page 3


 115 0034 04       		.byte	0x4
 116 0035 20010000 		.4byte	.LASF2
 117 0039 03       		.uleb128 0x3
 118 003a 01       		.byte	0x1
 119 003b 06       		.byte	0x6
 120 003c 14010000 		.4byte	.LASF3
 121 0040 03       		.uleb128 0x3
 122 0041 01       		.byte	0x1
 123 0042 08       		.byte	0x8
 124 0043 DE000000 		.4byte	.LASF4
 125 0047 03       		.uleb128 0x3
 126 0048 02       		.byte	0x2
 127 0049 05       		.byte	0x5
 128 004a 93010000 		.4byte	.LASF5
 129 004e 03       		.uleb128 0x3
 130 004f 02       		.byte	0x2
 131 0050 07       		.byte	0x7
 132 0051 01010000 		.4byte	.LASF6
 133 0055 03       		.uleb128 0x3
 134 0056 04       		.byte	0x4
 135 0057 05       		.byte	0x5
 136 0058 F1000000 		.4byte	.LASF7
 137 005c 03       		.uleb128 0x3
 138 005d 04       		.byte	0x4
 139 005e 07       		.byte	0x7
 140 005f AF000000 		.4byte	.LASF8
 141 0063 03       		.uleb128 0x3
 142 0064 08       		.byte	0x8
 143 0065 07       		.byte	0x7
 144 0066 C1000000 		.4byte	.LASF9
 145 006a 03       		.uleb128 0x3
 146 006b 04       		.byte	0x4
 147 006c 07       		.byte	0x7
 148 006d FB010000 		.4byte	.LASF10
 149 0071 03       		.uleb128 0x3
 150 0072 01       		.byte	0x1
 151 0073 08       		.byte	0x8
 152 0074 EC000000 		.4byte	.LASF11
 153 0078 04       		.uleb128 0x4
 154 0079 A9000000 		.4byte	.LASF17
 155 007d 01       		.byte	0x1
 156 007e E401     		.2byte	0x1e4
 157 0080 40000000 		.4byte	0x40
 158 0084 03       		.uleb128 0x3
 159 0085 04       		.byte	0x4
 160 0086 04       		.byte	0x4
 161 0087 D8000000 		.4byte	.LASF12
 162 008b 03       		.uleb128 0x3
 163 008c 08       		.byte	0x8
 164 008d 04       		.byte	0x4
 165 008e FA000000 		.4byte	.LASF13
 166 0092 05       		.uleb128 0x5
 167 0093 A2000000 		.4byte	0xa2
 168 0097 A2000000 		.4byte	0xa2
 169 009b 06       		.uleb128 0x6
 170 009c 6A000000 		.4byte	0x6a
 171 00a0 3B       		.byte	0x3b
ARM GAS  C:\Users\nikol\AppData\Local\Temp\cch68Goy.s 			page 4


 172 00a1 00       		.byte	0
 173 00a2 07       		.uleb128 0x7
 174 00a3 78000000 		.4byte	0x78
 175 00a7 08       		.uleb128 0x8
 176 00a8 65010000 		.4byte	.LASF18
 177 00ac 02       		.byte	0x2
 178 00ad 11       		.byte	0x11
 179 00ae B8000000 		.4byte	0xb8
 180 00b2 05       		.uleb128 0x5
 181 00b3 03       		.byte	0x3
 182 00b4 00000000 		.4byte	CupSensor_1_Filter_ChannelABiquadCoefficients
 183 00b8 07       		.uleb128 0x7
 184 00b9 92000000 		.4byte	0x92
 185 00bd 00       		.byte	0
 186              		.section	.debug_abbrev,"",%progbits
 187              	.Ldebug_abbrev0:
 188 0000 01       		.uleb128 0x1
 189 0001 11       		.uleb128 0x11
 190 0002 01       		.byte	0x1
 191 0003 25       		.uleb128 0x25
 192 0004 0E       		.uleb128 0xe
 193 0005 13       		.uleb128 0x13
 194 0006 0B       		.uleb128 0xb
 195 0007 03       		.uleb128 0x3
 196 0008 0E       		.uleb128 0xe
 197 0009 1B       		.uleb128 0x1b
 198 000a 0E       		.uleb128 0xe
 199 000b 10       		.uleb128 0x10
 200 000c 17       		.uleb128 0x17
 201 000d 00       		.byte	0
 202 000e 00       		.byte	0
 203 000f 02       		.uleb128 0x2
 204 0010 24       		.uleb128 0x24
 205 0011 00       		.byte	0
 206 0012 0B       		.uleb128 0xb
 207 0013 0B       		.uleb128 0xb
 208 0014 3E       		.uleb128 0x3e
 209 0015 0B       		.uleb128 0xb
 210 0016 03       		.uleb128 0x3
 211 0017 08       		.uleb128 0x8
 212 0018 00       		.byte	0
 213 0019 00       		.byte	0
 214 001a 03       		.uleb128 0x3
 215 001b 24       		.uleb128 0x24
 216 001c 00       		.byte	0
 217 001d 0B       		.uleb128 0xb
 218 001e 0B       		.uleb128 0xb
 219 001f 3E       		.uleb128 0x3e
 220 0020 0B       		.uleb128 0xb
 221 0021 03       		.uleb128 0x3
 222 0022 0E       		.uleb128 0xe
 223 0023 00       		.byte	0
 224 0024 00       		.byte	0
 225 0025 04       		.uleb128 0x4
 226 0026 16       		.uleb128 0x16
 227 0027 00       		.byte	0
 228 0028 03       		.uleb128 0x3
ARM GAS  C:\Users\nikol\AppData\Local\Temp\cch68Goy.s 			page 5


 229 0029 0E       		.uleb128 0xe
 230 002a 3A       		.uleb128 0x3a
 231 002b 0B       		.uleb128 0xb
 232 002c 3B       		.uleb128 0x3b
 233 002d 05       		.uleb128 0x5
 234 002e 49       		.uleb128 0x49
 235 002f 13       		.uleb128 0x13
 236 0030 00       		.byte	0
 237 0031 00       		.byte	0
 238 0032 05       		.uleb128 0x5
 239 0033 01       		.uleb128 0x1
 240 0034 01       		.byte	0x1
 241 0035 49       		.uleb128 0x49
 242 0036 13       		.uleb128 0x13
 243 0037 01       		.uleb128 0x1
 244 0038 13       		.uleb128 0x13
 245 0039 00       		.byte	0
 246 003a 00       		.byte	0
 247 003b 06       		.uleb128 0x6
 248 003c 21       		.uleb128 0x21
 249 003d 00       		.byte	0
 250 003e 49       		.uleb128 0x49
 251 003f 13       		.uleb128 0x13
 252 0040 2F       		.uleb128 0x2f
 253 0041 0B       		.uleb128 0xb
 254 0042 00       		.byte	0
 255 0043 00       		.byte	0
 256 0044 07       		.uleb128 0x7
 257 0045 26       		.uleb128 0x26
 258 0046 00       		.byte	0
 259 0047 49       		.uleb128 0x49
 260 0048 13       		.uleb128 0x13
 261 0049 00       		.byte	0
 262 004a 00       		.byte	0
 263 004b 08       		.uleb128 0x8
 264 004c 34       		.uleb128 0x34
 265 004d 00       		.byte	0
 266 004e 03       		.uleb128 0x3
 267 004f 0E       		.uleb128 0xe
 268 0050 3A       		.uleb128 0x3a
 269 0051 0B       		.uleb128 0xb
 270 0052 3B       		.uleb128 0x3b
 271 0053 0B       		.uleb128 0xb
 272 0054 49       		.uleb128 0x49
 273 0055 13       		.uleb128 0x13
 274 0056 3F       		.uleb128 0x3f
 275 0057 19       		.uleb128 0x19
 276 0058 02       		.uleb128 0x2
 277 0059 18       		.uleb128 0x18
 278 005a 00       		.byte	0
 279 005b 00       		.byte	0
 280 005c 00       		.byte	0
 281              		.section	.debug_aranges,"",%progbits
 282 0000 14000000 		.4byte	0x14
 283 0004 0200     		.2byte	0x2
 284 0006 00000000 		.4byte	.Ldebug_info0
 285 000a 04       		.byte	0x4
ARM GAS  C:\Users\nikol\AppData\Local\Temp\cch68Goy.s 			page 6


 286 000b 00       		.byte	0
 287 000c 0000     		.2byte	0
 288 000e 0000     		.2byte	0
 289 0010 00000000 		.4byte	0
 290 0014 00000000 		.4byte	0
 291              		.section	.debug_line,"",%progbits
 292              	.Ldebug_line0:
 293 0000 62000000 		.section	.debug_str,"MS",%progbits,1
 293      02005C00 
 293      00000201 
 293      FB0E0D00 
 293      01010101 
 294              	.LASF1:
 295 0000 6C6F6E67 		.ascii	"long long int\000"
 295      206C6F6E 
 295      6720696E 
 295      7400
 296              	.LASF0:
 297 000e 756E7369 		.ascii	"unsigned int\000"
 297      676E6564 
 297      20696E74 
 297      00
 298              	.LASF14:
 299 001b 474E5520 		.ascii	"GNU C11 5.4.1 20160609 (release) [ARM/embedded-5-br"
 299      43313120 
 299      352E342E 
 299      31203230 
 299      31363036 
 300 004e 616E6368 		.ascii	"anch revision 237715] -mcpu=cortex-m3 -mthumb -g -O"
 300      20726576 
 300      6973696F 
 300      6E203233 
 300      37373135 
 301 0081 67202D66 		.ascii	"g -ffunction-sections -ffat-lto-objects\000"
 301      66756E63 
 301      74696F6E 
 301      2D736563 
 301      74696F6E 
 302              	.LASF17:
 303 00a9 75696E74 		.ascii	"uint8\000"
 303      3800
 304              	.LASF8:
 305 00af 6C6F6E67 		.ascii	"long unsigned int\000"
 305      20756E73 
 305      69676E65 
 305      6420696E 
 305      7400
 306              	.LASF9:
 307 00c1 6C6F6E67 		.ascii	"long long unsigned int\000"
 307      206C6F6E 
 307      6720756E 
 307      7369676E 
 307      65642069 
 308              	.LASF12:
 309 00d8 666C6F61 		.ascii	"float\000"
 309      7400
 310              	.LASF4:
ARM GAS  C:\Users\nikol\AppData\Local\Temp\cch68Goy.s 			page 7


 311 00de 756E7369 		.ascii	"unsigned char\000"
 311      676E6564 
 311      20636861 
 311      7200
 312              	.LASF11:
 313 00ec 63686172 		.ascii	"char\000"
 313      00
 314              	.LASF7:
 315 00f1 6C6F6E67 		.ascii	"long int\000"
 315      20696E74 
 315      00
 316              	.LASF13:
 317 00fa 646F7562 		.ascii	"double\000"
 317      6C6500
 318              	.LASF6:
 319 0101 73686F72 		.ascii	"short unsigned int\000"
 319      7420756E 
 319      7369676E 
 319      65642069 
 319      6E7400
 320              	.LASF3:
 321 0114 7369676E 		.ascii	"signed char\000"
 321      65642063 
 321      68617200 
 322              	.LASF2:
 323 0120 6C6F6E67 		.ascii	"long double\000"
 323      20646F75 
 323      626C6500 
 324              	.LASF15:
 325 012c 47656E65 		.ascii	"Generated_Source\\PSoC5\\CupSensor_1_Filter_Coeffic"
 325      72617465 
 325      645F536F 
 325      75726365 
 325      5C50536F 
 326 015d 69656E74 		.ascii	"ients.c\000"
 326      732E6300 
 327              	.LASF18:
 328 0165 43757053 		.ascii	"CupSensor_1_Filter_ChannelABiquadCoefficients\000"
 328      656E736F 
 328      725F315F 
 328      46696C74 
 328      65725F43 
 329              	.LASF5:
 330 0193 73686F72 		.ascii	"short int\000"
 330      7420696E 
 330      7400
 331              	.LASF16:
 332 019d 433A5C55 		.ascii	"C:\\Users\\nikol\\Documents\\git\\3. Semester\\PRJ3"
 332      73657273 
 332      5C6E696B 
 332      6F6C5C44 
 332      6F63756D 
 333 01ca 5C706C61 		.ascii	"\\player_side_app\\CupSensor_IF\\CupSensor_IF.cydsn"
 333      7965725F 
 333      73696465 
 333      5F617070 
 333      5C437570 
ARM GAS  C:\Users\nikol\AppData\Local\Temp\cch68Goy.s 			page 8


 334 01fa 00       		.ascii	"\000"
 335              	.LASF10:
 336 01fb 73697A65 		.ascii	"sizetype\000"
 336      74797065 
 336      00
 337              		.ident	"GCC: (GNU Tools for ARM Embedded Processors) 5.4.1 20160609 (release) [ARM/embedded-5-bran
