ARM GAS  C:\Users\nikol\AppData\Local\Temp\ccEtKc9W.s 			page 1


   1              		.syntax unified
   2              		.cpu cortex-m3
   3              		.fpu softvfp
   4              		.eabi_attribute 20, 1
   5              		.eabi_attribute 21, 1
   6              		.eabi_attribute 23, 3
   7              		.eabi_attribute 24, 1
   8              		.eabi_attribute 25, 1
   9              		.eabi_attribute 26, 1
  10              		.eabi_attribute 30, 1
  11              		.eabi_attribute 34, 1
  12              		.eabi_attribute 18, 4
  13              		.thumb
  14              		.syntax unified
  15              		.file	"main.c"
  16              		.text
  17              	.Ltext0:
  18              		.cfi_sections	.debug_frame
  19              		.section	.text.updateHitStatus,"ax",%progbits
  20              		.align	2
  21              		.global	updateHitStatus
  22              		.thumb
  23              		.thumb_func
  24              		.type	updateHitStatus, %function
  25              	updateHitStatus:
  26              	.LFB64:
  27              		.file 1 "main.c"
   1:main.c        **** /* ========================================
   2:main.c        ****  *
   3:main.c        ****  * Copyright YOUR COMPANY, THE YEAR
   4:main.c        ****  * All Rights Reserved
   5:main.c        ****  * UNPUBLISHED, LICENSED SOFTWARE.
   6:main.c        ****  *
   7:main.c        ****  * CONFIDENTIAL AND PROPRIETARY INFORMATION
   8:main.c        ****  * WHICH IS THE PROPERTY OF your company.
   9:main.c        ****  *
  10:main.c        ****  * ========================================
  11:main.c        **** */
  12:main.c        **** #include "project.h"
  13:main.c        **** #include "CupSensor_IF.h"
  14:main.c        **** 
  15:main.c        **** //uint8_t cupStatus = -1;
  16:main.c        **** 
  17:main.c        **** int placedCount = 0;
  18:main.c        **** int removedCount = 0;
  19:main.c        **** int hitCount = 0;
  20:main.c        **** char buffer[255];
  21:main.c        **** 
  22:main.c        **** uint8_t oldHitStatus = 0;
  23:main.c        **** uint8_t oldCupStatus = 0;
  24:main.c        **** 
  25:main.c        **** //Testing one sensor
  26:main.c        **** /*
  27:main.c        **** void updateCupStatus(uint8_t status)
  28:main.c        **** {
  29:main.c        ****     if((status & 1) && (oldCupStatus & 1) == 0){
  30:main.c        ****         placedCount++;
ARM GAS  C:\Users\nikol\AppData\Local\Temp\ccEtKc9W.s 			page 2


  31:main.c        ****     }
  32:main.c        ****     else if((!(status & 1)) && (oldCupStatus & 1))
  33:main.c        ****     {
  34:main.c        ****         removedCount++;
  35:main.c        ****     }
  36:main.c        ****     oldCupStatus = status;
  37:main.c        ****     //snprintf(buffer,254,"removedCount: %d, placedCount: %d, hitCount: %d\r\n", removedCount, plac
  38:main.c        ****     snprintf(buffer,254,"cupStatus: 0x%x\r\n",status);
  39:main.c        ****     
  40:main.c        ****     UART_PutString(buffer);
  41:main.c        ****    
  42:main.c        **** }
  43:main.c        **** 
  44:main.c        **** 
  45:main.c        **** 
  46:main.c        **** void updateHitStatus(uint8_t status)
  47:main.c        **** {
  48:main.c        ****        
  49:main.c        ****     if((status & 1) && (oldHitStatus & 1) == 0){
  50:main.c        ****         hitCount++;
  51:main.c        ****     }
  52:main.c        ****     oldHitStatus = status;
  53:main.c        ****     snprintf(buffer,254,"removedCount: %d, placedCount: %d, hitCount: %d\r\n", removedCount, placed
  54:main.c        ****     snprintf(buffer,254,"hitStatus: 0x%x\r\n",status);
  55:main.c        ****     UART_PutString(buffer);
  56:main.c        **** }
  57:main.c        **** 
  58:main.c        **** void updateCupStatus(uint8_t status)
  59:main.c        **** {
  60:main.c        ****     if((status & 1) && (oldCupStatus & 1) == 0){
  61:main.c        ****         placedCount++;
  62:main.c        ****     }
  63:main.c        ****     else if((!(status & 1)) && (oldCupStatus & 1))
  64:main.c        ****     {
  65:main.c        ****         removedCount++;
  66:main.c        ****     }
  67:main.c        ****     oldCupStatus = status;
  68:main.c        ****     //snprintf(buffer,254,"removedCount: %d, placedCount: %d, hitCount: %d\r\n", removedCount, plac
  69:main.c        ****     snprintf(buffer,254,"cupStatus: 0x%x\r\n",status);
  70:main.c        ****     
  71:main.c        ****     UART_PutString(buffer);
  72:main.c        ****    
  73:main.c        **** }*/
  74:main.c        **** 
  75:main.c        **** 
  76:main.c        **** //Testing more sensors
  77:main.c        **** void updateHitStatus(uint8_t status)
  78:main.c        **** {
  28              		.loc 1 78 0
  29              		.cfi_startproc
  30              		@ args = 0, pretend = 0, frame = 0
  31              		@ frame_needed = 0, uses_anonymous_args = 0
  32              	.LVL0:
  33              	.LBB2:
  79:main.c        ****     for (int bitNumber = 0; bitNumber < 6; bitNumber++){
  34              		.loc 1 79 0
  35 0000 0023     		movs	r3, #0
ARM GAS  C:\Users\nikol\AppData\Local\Temp\ccEtKc9W.s 			page 3


  36 0002 0FE0     		b	.L2
  37              	.LVL1:
  38              	.L4:
  80:main.c        ****         if((status & 1<<bitNumber) && !(oldHitStatus & 1<<bitNumber)){
  39              		.loc 1 80 0
  40 0004 40FA03F2 		asr	r2, r0, r3
  41 0008 12F0010F 		tst	r2, #1
  42 000c 09D0     		beq	.L3
  43              		.loc 1 80 0 is_stmt 0 discriminator 1
  44 000e 104A     		ldr	r2, .L6
  45 0010 1278     		ldrb	r2, [r2]	@ zero_extendqisi2
  46 0012 1A41     		asrs	r2, r2, r3
  47 0014 12F0010F 		tst	r2, #1
  48 0018 03D1     		bne	.L3
  81:main.c        ****             hitCount++;
  49              		.loc 1 81 0 is_stmt 1
  50 001a 0D49     		ldr	r1, .L6
  51 001c 4A68     		ldr	r2, [r1, #4]
  52 001e 0132     		adds	r2, r2, #1
  53 0020 4A60     		str	r2, [r1, #4]
  54              	.L3:
  79:main.c        ****     for (int bitNumber = 0; bitNumber < 6; bitNumber++){
  55              		.loc 1 79 0 discriminator 2
  56 0022 0133     		adds	r3, r3, #1
  57              	.LVL2:
  58              	.L2:
  79:main.c        ****     for (int bitNumber = 0; bitNumber < 6; bitNumber++){
  59              		.loc 1 79 0 is_stmt 0 discriminator 1
  60 0024 052B     		cmp	r3, #5
  61 0026 EDDD     		ble	.L4
  62              	.LBE2:
  78:main.c        ****     for (int bitNumber = 0; bitNumber < 6; bitNumber++){
  63              		.loc 1 78 0 is_stmt 1
  64 0028 10B5     		push	{r4, lr}
  65              		.cfi_def_cfa_offset 8
  66              		.cfi_offset 4, -8
  67              		.cfi_offset 14, -4
  68 002a 82B0     		sub	sp, sp, #8
  69              		.cfi_def_cfa_offset 16
  82:main.c        ****         }
  83:main.c        ****     }
  84:main.c        ****     oldHitStatus = status;
  70              		.loc 1 84 0
  71 002c 084A     		ldr	r2, .L6
  72 002e 1070     		strb	r0, [r2]
  85:main.c        ****     snprintf(buffer,254,"removedCount: %d, placedCount: %d, hitCount: %d\r\n", removedCount, placed
  73              		.loc 1 85 0
  74 0030 9368     		ldr	r3, [r2, #8]
  75              	.LVL3:
  76 0032 084C     		ldr	r4, .L6+4
  77 0034 5168     		ldr	r1, [r2, #4]
  78 0036 0191     		str	r1, [sp, #4]
  79 0038 D268     		ldr	r2, [r2, #12]
  80 003a 0092     		str	r2, [sp]
  81 003c 064A     		ldr	r2, .L6+8
  82 003e FE21     		movs	r1, #254
  83 0040 2046     		mov	r0, r4
ARM GAS  C:\Users\nikol\AppData\Local\Temp\ccEtKc9W.s 			page 4


  84              	.LVL4:
  85 0042 FFF7FEFF 		bl	snprintf
  86              	.LVL5:
  86:main.c        ****     UART_PutString(buffer);
  87              		.loc 1 86 0
  88 0046 2046     		mov	r0, r4
  89 0048 FFF7FEFF 		bl	UART_PutString
  90              	.LVL6:
  87:main.c        **** }
  91              		.loc 1 87 0
  92 004c 02B0     		add	sp, sp, #8
  93              		.cfi_def_cfa_offset 8
  94              		@ sp needed
  95 004e 10BD     		pop	{r4, pc}
  96              	.L7:
  97              		.align	2
  98              	.L6:
  99 0050 00000000 		.word	.LANCHOR0
 100 0054 00000000 		.word	buffer
 101 0058 00000000 		.word	.LC0
 102              		.cfi_endproc
 103              	.LFE64:
 104              		.size	updateHitStatus, .-updateHitStatus
 105              		.section	.text.updateCupStatus,"ax",%progbits
 106              		.align	2
 107              		.global	updateCupStatus
 108              		.thumb
 109              		.thumb_func
 110              		.type	updateCupStatus, %function
 111              	updateCupStatus:
 112              	.LFB65:
  88:main.c        **** 
  89:main.c        **** void updateCupStatus(uint8_t status)
  90:main.c        **** {
 113              		.loc 1 90 0
 114              		.cfi_startproc
 115              		@ args = 0, pretend = 0, frame = 0
 116              		@ frame_needed = 0, uses_anonymous_args = 0
 117              	.LVL7:
 118              	.LBB3:
  91:main.c        ****     for (int bitNumber = 0; bitNumber < 6; bitNumber++){
 119              		.loc 1 91 0
 120 0000 0023     		movs	r3, #0
 121 0002 1BE0     		b	.L9
 122              	.LVL8:
 123              	.L12:
  92:main.c        ****         if((status & 1<<bitNumber) && !(oldCupStatus & 1<<bitNumber)){
 124              		.loc 1 92 0
 125 0004 40FA03F2 		asr	r2, r0, r3
 126 0008 12F00102 		ands	r2, r2, #1
 127 000c 0AD0     		beq	.L10
 128              		.loc 1 92 0 is_stmt 0 discriminator 1
 129 000e 1649     		ldr	r1, .L14
 130 0010 097C     		ldrb	r1, [r1, #16]	@ zero_extendqisi2
 131 0012 1941     		asrs	r1, r1, r3
 132 0014 11F0010F 		tst	r1, #1
 133 0018 04D1     		bne	.L10
ARM GAS  C:\Users\nikol\AppData\Local\Temp\ccEtKc9W.s 			page 5


  93:main.c        ****             placedCount++;
 134              		.loc 1 93 0 is_stmt 1
 135 001a 1349     		ldr	r1, .L14
 136 001c CA68     		ldr	r2, [r1, #12]
 137 001e 0132     		adds	r2, r2, #1
 138 0020 CA60     		str	r2, [r1, #12]
 139 0022 0AE0     		b	.L11
 140              	.L10:
  94:main.c        ****         }
  95:main.c        ****         else if((!(status & 1<<bitNumber)) && (oldCupStatus & 1<<bitNumber))
 141              		.loc 1 95 0
 142 0024 4AB9     		cbnz	r2, .L11
 143              		.loc 1 95 0 is_stmt 0 discriminator 1
 144 0026 104A     		ldr	r2, .L14
 145 0028 127C     		ldrb	r2, [r2, #16]	@ zero_extendqisi2
 146 002a 1A41     		asrs	r2, r2, r3
 147 002c 12F0010F 		tst	r2, #1
 148 0030 03D0     		beq	.L11
  96:main.c        ****         {
  97:main.c        ****             removedCount++;
 149              		.loc 1 97 0 is_stmt 1
 150 0032 0D49     		ldr	r1, .L14
 151 0034 8A68     		ldr	r2, [r1, #8]
 152 0036 0132     		adds	r2, r2, #1
 153 0038 8A60     		str	r2, [r1, #8]
 154              	.L11:
  91:main.c        ****         if((status & 1<<bitNumber) && !(oldCupStatus & 1<<bitNumber)){
 155              		.loc 1 91 0 discriminator 2
 156 003a 0133     		adds	r3, r3, #1
 157              	.LVL9:
 158              	.L9:
  91:main.c        ****         if((status & 1<<bitNumber) && !(oldCupStatus & 1<<bitNumber)){
 159              		.loc 1 91 0 is_stmt 0 discriminator 1
 160 003c 052B     		cmp	r3, #5
 161 003e E1DD     		ble	.L12
 162              	.LBE3:
  90:main.c        ****     for (int bitNumber = 0; bitNumber < 6; bitNumber++){
 163              		.loc 1 90 0 is_stmt 1
 164 0040 10B5     		push	{r4, lr}
 165              		.cfi_def_cfa_offset 8
 166              		.cfi_offset 4, -8
 167              		.cfi_offset 14, -4
 168 0042 82B0     		sub	sp, sp, #8
 169              		.cfi_def_cfa_offset 16
  98:main.c        ****         }
  99:main.c        ****     }
 100:main.c        ****     oldCupStatus = status;
 170              		.loc 1 100 0
 171 0044 084A     		ldr	r2, .L14
 172 0046 1074     		strb	r0, [r2, #16]
 101:main.c        ****     snprintf(buffer,254,"removedCount: %d, placedCount: %d, hitCount: %d\r\n", removedCount, placed
 173              		.loc 1 101 0
 174 0048 9368     		ldr	r3, [r2, #8]
 175              	.LVL10:
 176 004a 084C     		ldr	r4, .L14+4
 177 004c 5168     		ldr	r1, [r2, #4]
 178 004e 0191     		str	r1, [sp, #4]
ARM GAS  C:\Users\nikol\AppData\Local\Temp\ccEtKc9W.s 			page 6


 179 0050 D268     		ldr	r2, [r2, #12]
 180 0052 0092     		str	r2, [sp]
 181 0054 064A     		ldr	r2, .L14+8
 182 0056 FE21     		movs	r1, #254
 183 0058 2046     		mov	r0, r4
 184              	.LVL11:
 185 005a FFF7FEFF 		bl	snprintf
 186              	.LVL12:
 102:main.c        ****     
 103:main.c        ****     UART_PutString(buffer);
 187              		.loc 1 103 0
 188 005e 2046     		mov	r0, r4
 189 0060 FFF7FEFF 		bl	UART_PutString
 190              	.LVL13:
 104:main.c        ****    
 105:main.c        **** }
 191              		.loc 1 105 0
 192 0064 02B0     		add	sp, sp, #8
 193              		.cfi_def_cfa_offset 8
 194              		@ sp needed
 195 0066 10BD     		pop	{r4, pc}
 196              	.L15:
 197              		.align	2
 198              	.L14:
 199 0068 00000000 		.word	.LANCHOR0
 200 006c 00000000 		.word	buffer
 201 0070 00000000 		.word	.LC0
 202              		.cfi_endproc
 203              	.LFE65:
 204              		.size	updateCupStatus, .-updateCupStatus
 205              		.section	.text.main,"ax",%progbits
 206              		.align	2
 207              		.global	main
 208              		.thumb
 209              		.thumb_func
 210              		.type	main, %function
 211              	main:
 212              	.LFB66:
 106:main.c        **** 
 107:main.c        **** 
 108:main.c        **** int main(void)
 109:main.c        **** {
 213              		.loc 1 109 0
 214              		.cfi_startproc
 215              		@ Volatile: function does not return.
 216              		@ args = 0, pretend = 0, frame = 0
 217              		@ frame_needed = 0, uses_anonymous_args = 0
 218 0000 08B5     		push	{r3, lr}
 219              		.cfi_def_cfa_offset 8
 220              		.cfi_offset 3, -8
 221              		.cfi_offset 14, -4
 110:main.c        ****     CyGlobalIntEnable; /* Enable global interrupts. */
 222              		.loc 1 110 0
 223              		.syntax unified
 224              	@ 110 "main.c" 1
 225 0002 62B6     		CPSIE   i
 226              	@ 0 "" 2
ARM GAS  C:\Users\nikol\AppData\Local\Temp\ccEtKc9W.s 			page 7


 111:main.c        **** 
 112:main.c        ****     CupSensor_IF_init();
 227              		.loc 1 112 0
 228              		.thumb
 229              		.syntax unified
 230 0004 FFF7FEFF 		bl	CupSensor_IF_init
 231              	.LVL14:
 113:main.c        ****     UART_Start();
 232              		.loc 1 113 0
 233 0008 FFF7FEFF 		bl	UART_Start
 234              	.LVL15:
 114:main.c        ****     UART_PutString("CupSensor_IF Test Program started\r\n");
 235              		.loc 1 114 0
 236 000c 0148     		ldr	r0, .L19
 237 000e FFF7FEFF 		bl	UART_PutString
 238              	.LVL16:
 239              	.L17:
 240 0012 FEE7     		b	.L17
 241              	.L20:
 242              		.align	2
 243              	.L19:
 244 0014 34000000 		.word	.LC1
 245              		.cfi_endproc
 246              	.LFE66:
 247              		.size	main, .-main
 248              		.global	oldCupStatus
 249              		.global	oldHitStatus
 250              		.comm	buffer,255,4
 251              		.global	hitCount
 252              		.global	removedCount
 253              		.global	placedCount
 254              		.section	.rodata.str1.4,"aMS",%progbits,1
 255              		.align	2
 256              	.LC0:
 257 0000 72656D6F 		.ascii	"removedCount: %d, placedCount: %d, hitCount: %d\015"
 257      76656443 
 257      6F756E74 
 257      3A202564 
 257      2C20706C 
 258 0030 0A00     		.ascii	"\012\000"
 259 0032 0000     		.space	2
 260              	.LC1:
 261 0034 43757053 		.ascii	"CupSensor_IF Test Program started\015\012\000"
 261      656E736F 
 261      725F4946 
 261      20546573 
 261      74205072 
 262              		.bss
 263              		.align	2
 264              		.set	.LANCHOR0,. + 0
 265              		.type	oldHitStatus, %object
 266              		.size	oldHitStatus, 1
 267              	oldHitStatus:
 268 0000 00       		.space	1
 269 0001 000000   		.space	3
 270              		.type	hitCount, %object
 271              		.size	hitCount, 4
ARM GAS  C:\Users\nikol\AppData\Local\Temp\ccEtKc9W.s 			page 8


 272              	hitCount:
 273 0004 00000000 		.space	4
 274              		.type	removedCount, %object
 275              		.size	removedCount, 4
 276              	removedCount:
 277 0008 00000000 		.space	4
 278              		.type	placedCount, %object
 279              		.size	placedCount, 4
 280              	placedCount:
 281 000c 00000000 		.space	4
 282              		.type	oldCupStatus, %object
 283              		.size	oldCupStatus, 1
 284              	oldCupStatus:
 285 0010 00       		.space	1
 286              		.text
 287              	.Letext0:
 288              		.file 2 "c:\\program files (x86)\\cypress\\psoc creator\\4.2\\psoc creator\\import\\gnu\\arm\\5.4.
 289              		.file 3 "c:\\program files (x86)\\cypress\\psoc creator\\4.2\\psoc creator\\import\\gnu\\arm\\5.4.
 290              		.file 4 "Generated_Source\\PSoC5/core_cm3.h"
 291              		.file 5 "c:\\program files (x86)\\cypress\\psoc creator\\4.2\\psoc creator\\import\\gnu\\arm\\5.4.
 292              		.file 6 "Generated_Source\\PSoC5/UART.h"
 293              		.file 7 "CupSensor_IF.h"
 294              		.section	.debug_info,"",%progbits
 295              	.Ldebug_info0:
 296 0000 93020000 		.4byte	0x293
 297 0004 0400     		.2byte	0x4
 298 0006 00000000 		.4byte	.Ldebug_abbrev0
 299 000a 04       		.byte	0x4
 300 000b 01       		.uleb128 0x1
 301 000c DB000000 		.4byte	.LASF33
 302 0010 0C       		.byte	0xc
 303 0011 2F020000 		.4byte	.LASF34
 304 0015 56000000 		.4byte	.LASF35
 305 0019 00000000 		.4byte	.Ldebug_ranges0+0
 306 001d 00000000 		.4byte	0
 307 0021 00000000 		.4byte	.Ldebug_line0
 308 0025 02       		.uleb128 0x2
 309 0026 01       		.byte	0x1
 310 0027 06       		.byte	0x6
 311 0028 C1000000 		.4byte	.LASF0
 312 002c 03       		.uleb128 0x3
 313 002d 00000000 		.4byte	.LASF4
 314 0031 02       		.byte	0x2
 315 0032 1D       		.byte	0x1d
 316 0033 37000000 		.4byte	0x37
 317 0037 02       		.uleb128 0x2
 318 0038 01       		.byte	0x1
 319 0039 08       		.byte	0x8
 320 003a CD000000 		.4byte	.LASF1
 321 003e 02       		.uleb128 0x2
 322 003f 02       		.byte	0x2
 323 0040 05       		.byte	0x5
 324 0041 3B020000 		.4byte	.LASF2
 325 0045 02       		.uleb128 0x2
 326 0046 02       		.byte	0x2
 327 0047 07       		.byte	0x7
 328 0048 8B010000 		.4byte	.LASF3
ARM GAS  C:\Users\nikol\AppData\Local\Temp\ccEtKc9W.s 			page 9


 329 004c 03       		.uleb128 0x3
 330 004d 26000000 		.4byte	.LASF5
 331 0051 02       		.byte	0x2
 332 0052 3F       		.byte	0x3f
 333 0053 57000000 		.4byte	0x57
 334 0057 02       		.uleb128 0x2
 335 0058 04       		.byte	0x4
 336 0059 05       		.byte	0x5
 337 005a 4C020000 		.4byte	.LASF6
 338 005e 02       		.uleb128 0x2
 339 005f 04       		.byte	0x4
 340 0060 07       		.byte	0x7
 341 0061 79010000 		.4byte	.LASF7
 342 0065 02       		.uleb128 0x2
 343 0066 08       		.byte	0x8
 344 0067 05       		.byte	0x5
 345 0068 21020000 		.4byte	.LASF8
 346 006c 02       		.uleb128 0x2
 347 006d 08       		.byte	0x8
 348 006e 07       		.byte	0x7
 349 006f F1010000 		.4byte	.LASF9
 350 0073 04       		.uleb128 0x4
 351 0074 04       		.byte	0x4
 352 0075 05       		.byte	0x5
 353 0076 696E7400 		.ascii	"int\000"
 354 007a 02       		.uleb128 0x2
 355 007b 04       		.byte	0x4
 356 007c 07       		.byte	0x7
 357 007d D8010000 		.4byte	.LASF10
 358 0081 03       		.uleb128 0x3
 359 0082 08020000 		.4byte	.LASF11
 360 0086 03       		.byte	0x3
 361 0087 18       		.byte	0x18
 362 0088 2C000000 		.4byte	0x2c
 363 008c 03       		.uleb128 0x3
 364 008d 10020000 		.4byte	.LASF12
 365 0091 03       		.byte	0x3
 366 0092 2C       		.byte	0x2c
 367 0093 4C000000 		.4byte	0x4c
 368 0097 02       		.uleb128 0x2
 369 0098 04       		.byte	0x4
 370 0099 04       		.byte	0x4
 371 009a BB000000 		.4byte	.LASF13
 372 009e 02       		.uleb128 0x2
 373 009f 08       		.byte	0x8
 374 00a0 04       		.byte	0x4
 375 00a1 4F000000 		.4byte	.LASF14
 376 00a5 02       		.uleb128 0x2
 377 00a6 01       		.byte	0x1
 378 00a7 08       		.byte	0x8
 379 00a8 36020000 		.4byte	.LASF15
 380 00ac 02       		.uleb128 0x2
 381 00ad 08       		.byte	0x8
 382 00ae 04       		.byte	0x4
 383 00af 55020000 		.4byte	.LASF16
 384 00b3 02       		.uleb128 0x2
 385 00b4 04       		.byte	0x4
ARM GAS  C:\Users\nikol\AppData\Local\Temp\ccEtKc9W.s 			page 10


 386 00b5 07       		.byte	0x7
 387 00b6 18020000 		.4byte	.LASF17
 388 00ba 05       		.uleb128 0x5
 389 00bb 69010000 		.4byte	.LASF18
 390 00bf 01       		.byte	0x1
 391 00c0 4D       		.byte	0x4d
 392 00c1 00000000 		.4byte	.LFB64
 393 00c5 5C000000 		.4byte	.LFE64-.LFB64
 394 00c9 01       		.uleb128 0x1
 395 00ca 9C       		.byte	0x9c
 396 00cb 2F010000 		.4byte	0x12f
 397 00cf 06       		.uleb128 0x6
 398 00d0 B4000000 		.4byte	.LASF20
 399 00d4 01       		.byte	0x1
 400 00d5 4D       		.byte	0x4d
 401 00d6 81000000 		.4byte	0x81
 402 00da 00000000 		.4byte	.LLST0
 403 00de 07       		.uleb128 0x7
 404 00df 00000000 		.4byte	.LBB2
 405 00e3 28000000 		.4byte	.LBE2-.LBB2
 406 00e7 FB000000 		.4byte	0xfb
 407 00eb 08       		.uleb128 0x8
 408 00ec 0A000000 		.4byte	.LASF21
 409 00f0 01       		.byte	0x1
 410 00f1 4F       		.byte	0x4f
 411 00f2 73000000 		.4byte	0x73
 412 00f6 30000000 		.4byte	.LLST1
 413 00fa 00       		.byte	0
 414 00fb 09       		.uleb128 0x9
 415 00fc 46000000 		.4byte	.LVL5
 416 0100 6A020000 		.4byte	0x26a
 417 0104 1E010000 		.4byte	0x11e
 418 0108 0A       		.uleb128 0xa
 419 0109 01       		.uleb128 0x1
 420 010a 50       		.byte	0x50
 421 010b 02       		.uleb128 0x2
 422 010c 74       		.byte	0x74
 423 010d 00       		.sleb128 0
 424 010e 0A       		.uleb128 0xa
 425 010f 01       		.uleb128 0x1
 426 0110 51       		.byte	0x51
 427 0111 02       		.uleb128 0x2
 428 0112 08       		.byte	0x8
 429 0113 FE       		.byte	0xfe
 430 0114 0A       		.uleb128 0xa
 431 0115 01       		.uleb128 0x1
 432 0116 52       		.byte	0x52
 433 0117 05       		.uleb128 0x5
 434 0118 03       		.byte	0x3
 435 0119 00000000 		.4byte	.LC0
 436 011d 00       		.byte	0
 437 011e 0B       		.uleb128 0xb
 438 011f 4C000000 		.4byte	.LVL6
 439 0123 75020000 		.4byte	0x275
 440 0127 0A       		.uleb128 0xa
 441 0128 01       		.uleb128 0x1
 442 0129 50       		.byte	0x50
ARM GAS  C:\Users\nikol\AppData\Local\Temp\ccEtKc9W.s 			page 11


 443 012a 02       		.uleb128 0x2
 444 012b 74       		.byte	0x74
 445 012c 00       		.sleb128 0
 446 012d 00       		.byte	0
 447 012e 00       		.byte	0
 448 012f 05       		.uleb128 0x5
 449 0130 B6010000 		.4byte	.LASF19
 450 0134 01       		.byte	0x1
 451 0135 59       		.byte	0x59
 452 0136 00000000 		.4byte	.LFB65
 453 013a 74000000 		.4byte	.LFE65-.LFB65
 454 013e 01       		.uleb128 0x1
 455 013f 9C       		.byte	0x9c
 456 0140 A4010000 		.4byte	0x1a4
 457 0144 06       		.uleb128 0x6
 458 0145 B4000000 		.4byte	.LASF20
 459 0149 01       		.byte	0x1
 460 014a 59       		.byte	0x59
 461 014b 81000000 		.4byte	0x81
 462 014f 4F000000 		.4byte	.LLST2
 463 0153 07       		.uleb128 0x7
 464 0154 00000000 		.4byte	.LBB3
 465 0158 40000000 		.4byte	.LBE3-.LBB3
 466 015c 70010000 		.4byte	0x170
 467 0160 08       		.uleb128 0x8
 468 0161 0A000000 		.4byte	.LASF21
 469 0165 01       		.byte	0x1
 470 0166 5B       		.byte	0x5b
 471 0167 73000000 		.4byte	0x73
 472 016b 7F000000 		.4byte	.LLST3
 473 016f 00       		.byte	0
 474 0170 09       		.uleb128 0x9
 475 0171 5E000000 		.4byte	.LVL12
 476 0175 6A020000 		.4byte	0x26a
 477 0179 93010000 		.4byte	0x193
 478 017d 0A       		.uleb128 0xa
 479 017e 01       		.uleb128 0x1
 480 017f 50       		.byte	0x50
 481 0180 02       		.uleb128 0x2
 482 0181 74       		.byte	0x74
 483 0182 00       		.sleb128 0
 484 0183 0A       		.uleb128 0xa
 485 0184 01       		.uleb128 0x1
 486 0185 51       		.byte	0x51
 487 0186 02       		.uleb128 0x2
 488 0187 08       		.byte	0x8
 489 0188 FE       		.byte	0xfe
 490 0189 0A       		.uleb128 0xa
 491 018a 01       		.uleb128 0x1
 492 018b 52       		.byte	0x52
 493 018c 05       		.uleb128 0x5
 494 018d 03       		.byte	0x3
 495 018e 00000000 		.4byte	.LC0
 496 0192 00       		.byte	0
 497 0193 0B       		.uleb128 0xb
 498 0194 64000000 		.4byte	.LVL13
 499 0198 75020000 		.4byte	0x275
ARM GAS  C:\Users\nikol\AppData\Local\Temp\ccEtKc9W.s 			page 12


 500 019c 0A       		.uleb128 0xa
 501 019d 01       		.uleb128 0x1
 502 019e 50       		.byte	0x50
 503 019f 02       		.uleb128 0x2
 504 01a0 74       		.byte	0x74
 505 01a1 00       		.sleb128 0
 506 01a2 00       		.byte	0
 507 01a3 00       		.byte	0
 508 01a4 0C       		.uleb128 0xc
 509 01a5 C6010000 		.4byte	.LASF36
 510 01a9 01       		.byte	0x1
 511 01aa 6C       		.byte	0x6c
 512 01ab 73000000 		.4byte	0x73
 513 01af 00000000 		.4byte	.LFB66
 514 01b3 18000000 		.4byte	.LFE66-.LFB66
 515 01b7 01       		.uleb128 0x1
 516 01b8 9C       		.byte	0x9c
 517 01b9 E3010000 		.4byte	0x1e3
 518 01bd 0D       		.uleb128 0xd
 519 01be 08000000 		.4byte	.LVL14
 520 01c2 80020000 		.4byte	0x280
 521 01c6 0D       		.uleb128 0xd
 522 01c7 0C000000 		.4byte	.LVL15
 523 01cb 8B020000 		.4byte	0x28b
 524 01cf 0B       		.uleb128 0xb
 525 01d0 12000000 		.4byte	.LVL16
 526 01d4 75020000 		.4byte	0x275
 527 01d8 0A       		.uleb128 0xa
 528 01d9 01       		.uleb128 0x1
 529 01da 50       		.byte	0x50
 530 01db 05       		.uleb128 0x5
 531 01dc 03       		.byte	0x3
 532 01dd 34000000 		.4byte	.LC1
 533 01e1 00       		.byte	0
 534 01e2 00       		.byte	0
 535 01e3 0E       		.uleb128 0xe
 536 01e4 A9010000 		.4byte	.LASF22
 537 01e8 04       		.byte	0x4
 538 01e9 1207     		.2byte	0x712
 539 01eb EF010000 		.4byte	0x1ef
 540 01ef 0F       		.uleb128 0xf
 541 01f0 8C000000 		.4byte	0x8c
 542 01f4 10       		.uleb128 0x10
 543 01f5 E5010000 		.4byte	.LASF23
 544 01f9 01       		.byte	0x1
 545 01fa 11       		.byte	0x11
 546 01fb 73000000 		.4byte	0x73
 547 01ff 05       		.uleb128 0x5
 548 0200 03       		.byte	0x3
 549 0201 00000000 		.4byte	placedCount
 550 0205 10       		.uleb128 0x10
 551 0206 39000000 		.4byte	.LASF24
 552 020a 01       		.byte	0x1
 553 020b 12       		.byte	0x12
 554 020c 73000000 		.4byte	0x73
 555 0210 05       		.uleb128 0x5
 556 0211 03       		.byte	0x3
ARM GAS  C:\Users\nikol\AppData\Local\Temp\ccEtKc9W.s 			page 13


 557 0212 00000000 		.4byte	removedCount
 558 0216 10       		.uleb128 0x10
 559 0217 46000000 		.4byte	.LASF25
 560 021b 01       		.byte	0x1
 561 021c 13       		.byte	0x13
 562 021d 73000000 		.4byte	0x73
 563 0221 05       		.uleb128 0x5
 564 0222 03       		.byte	0x3
 565 0223 00000000 		.4byte	hitCount
 566 0227 11       		.uleb128 0x11
 567 0228 A5000000 		.4byte	0xa5
 568 022c 37020000 		.4byte	0x237
 569 0230 12       		.uleb128 0x12
 570 0231 B3000000 		.4byte	0xb3
 571 0235 FE       		.byte	0xfe
 572 0236 00       		.byte	0
 573 0237 10       		.uleb128 0x10
 574 0238 45020000 		.4byte	.LASF26
 575 023c 01       		.byte	0x1
 576 023d 14       		.byte	0x14
 577 023e 27020000 		.4byte	0x227
 578 0242 05       		.uleb128 0x5
 579 0243 03       		.byte	0x3
 580 0244 00000000 		.4byte	buffer
 581 0248 10       		.uleb128 0x10
 582 0249 CB010000 		.4byte	.LASF27
 583 024d 01       		.byte	0x1
 584 024e 16       		.byte	0x16
 585 024f 81000000 		.4byte	0x81
 586 0253 05       		.uleb128 0x5
 587 0254 03       		.byte	0x3
 588 0255 00000000 		.4byte	oldHitStatus
 589 0259 10       		.uleb128 0x10
 590 025a 61020000 		.4byte	.LASF28
 591 025e 01       		.byte	0x1
 592 025f 17       		.byte	0x17
 593 0260 81000000 		.4byte	0x81
 594 0264 05       		.uleb128 0x5
 595 0265 03       		.byte	0x3
 596 0266 00000000 		.4byte	oldCupStatus
 597 026a 13       		.uleb128 0x13
 598 026b 30000000 		.4byte	.LASF29
 599 026f 30000000 		.4byte	.LASF29
 600 0273 05       		.byte	0x5
 601 0274 FD       		.byte	0xfd
 602 0275 13       		.uleb128 0x13
 603 0276 6E020000 		.4byte	.LASF30
 604 027a 6E020000 		.4byte	.LASF30
 605 027e 06       		.byte	0x6
 606 027f 8B       		.byte	0x8b
 607 0280 13       		.uleb128 0x13
 608 0281 14000000 		.4byte	.LASF31
 609 0285 14000000 		.4byte	.LASF31
 610 0289 07       		.byte	0x7
 611 028a 10       		.byte	0x10
 612 028b 13       		.uleb128 0x13
 613 028c 9E010000 		.4byte	.LASF32
ARM GAS  C:\Users\nikol\AppData\Local\Temp\ccEtKc9W.s 			page 14


 614 0290 9E010000 		.4byte	.LASF32
 615 0294 06       		.byte	0x6
 616 0295 54       		.byte	0x54
 617 0296 00       		.byte	0
 618              		.section	.debug_abbrev,"",%progbits
 619              	.Ldebug_abbrev0:
 620 0000 01       		.uleb128 0x1
 621 0001 11       		.uleb128 0x11
 622 0002 01       		.byte	0x1
 623 0003 25       		.uleb128 0x25
 624 0004 0E       		.uleb128 0xe
 625 0005 13       		.uleb128 0x13
 626 0006 0B       		.uleb128 0xb
 627 0007 03       		.uleb128 0x3
 628 0008 0E       		.uleb128 0xe
 629 0009 1B       		.uleb128 0x1b
 630 000a 0E       		.uleb128 0xe
 631 000b 55       		.uleb128 0x55
 632 000c 17       		.uleb128 0x17
 633 000d 11       		.uleb128 0x11
 634 000e 01       		.uleb128 0x1
 635 000f 10       		.uleb128 0x10
 636 0010 17       		.uleb128 0x17
 637 0011 00       		.byte	0
 638 0012 00       		.byte	0
 639 0013 02       		.uleb128 0x2
 640 0014 24       		.uleb128 0x24
 641 0015 00       		.byte	0
 642 0016 0B       		.uleb128 0xb
 643 0017 0B       		.uleb128 0xb
 644 0018 3E       		.uleb128 0x3e
 645 0019 0B       		.uleb128 0xb
 646 001a 03       		.uleb128 0x3
 647 001b 0E       		.uleb128 0xe
 648 001c 00       		.byte	0
 649 001d 00       		.byte	0
 650 001e 03       		.uleb128 0x3
 651 001f 16       		.uleb128 0x16
 652 0020 00       		.byte	0
 653 0021 03       		.uleb128 0x3
 654 0022 0E       		.uleb128 0xe
 655 0023 3A       		.uleb128 0x3a
 656 0024 0B       		.uleb128 0xb
 657 0025 3B       		.uleb128 0x3b
 658 0026 0B       		.uleb128 0xb
 659 0027 49       		.uleb128 0x49
 660 0028 13       		.uleb128 0x13
 661 0029 00       		.byte	0
 662 002a 00       		.byte	0
 663 002b 04       		.uleb128 0x4
 664 002c 24       		.uleb128 0x24
 665 002d 00       		.byte	0
 666 002e 0B       		.uleb128 0xb
 667 002f 0B       		.uleb128 0xb
 668 0030 3E       		.uleb128 0x3e
 669 0031 0B       		.uleb128 0xb
 670 0032 03       		.uleb128 0x3
ARM GAS  C:\Users\nikol\AppData\Local\Temp\ccEtKc9W.s 			page 15


 671 0033 08       		.uleb128 0x8
 672 0034 00       		.byte	0
 673 0035 00       		.byte	0
 674 0036 05       		.uleb128 0x5
 675 0037 2E       		.uleb128 0x2e
 676 0038 01       		.byte	0x1
 677 0039 3F       		.uleb128 0x3f
 678 003a 19       		.uleb128 0x19
 679 003b 03       		.uleb128 0x3
 680 003c 0E       		.uleb128 0xe
 681 003d 3A       		.uleb128 0x3a
 682 003e 0B       		.uleb128 0xb
 683 003f 3B       		.uleb128 0x3b
 684 0040 0B       		.uleb128 0xb
 685 0041 27       		.uleb128 0x27
 686 0042 19       		.uleb128 0x19
 687 0043 11       		.uleb128 0x11
 688 0044 01       		.uleb128 0x1
 689 0045 12       		.uleb128 0x12
 690 0046 06       		.uleb128 0x6
 691 0047 40       		.uleb128 0x40
 692 0048 18       		.uleb128 0x18
 693 0049 9742     		.uleb128 0x2117
 694 004b 19       		.uleb128 0x19
 695 004c 01       		.uleb128 0x1
 696 004d 13       		.uleb128 0x13
 697 004e 00       		.byte	0
 698 004f 00       		.byte	0
 699 0050 06       		.uleb128 0x6
 700 0051 05       		.uleb128 0x5
 701 0052 00       		.byte	0
 702 0053 03       		.uleb128 0x3
 703 0054 0E       		.uleb128 0xe
 704 0055 3A       		.uleb128 0x3a
 705 0056 0B       		.uleb128 0xb
 706 0057 3B       		.uleb128 0x3b
 707 0058 0B       		.uleb128 0xb
 708 0059 49       		.uleb128 0x49
 709 005a 13       		.uleb128 0x13
 710 005b 02       		.uleb128 0x2
 711 005c 17       		.uleb128 0x17
 712 005d 00       		.byte	0
 713 005e 00       		.byte	0
 714 005f 07       		.uleb128 0x7
 715 0060 0B       		.uleb128 0xb
 716 0061 01       		.byte	0x1
 717 0062 11       		.uleb128 0x11
 718 0063 01       		.uleb128 0x1
 719 0064 12       		.uleb128 0x12
 720 0065 06       		.uleb128 0x6
 721 0066 01       		.uleb128 0x1
 722 0067 13       		.uleb128 0x13
 723 0068 00       		.byte	0
 724 0069 00       		.byte	0
 725 006a 08       		.uleb128 0x8
 726 006b 34       		.uleb128 0x34
 727 006c 00       		.byte	0
ARM GAS  C:\Users\nikol\AppData\Local\Temp\ccEtKc9W.s 			page 16


 728 006d 03       		.uleb128 0x3
 729 006e 0E       		.uleb128 0xe
 730 006f 3A       		.uleb128 0x3a
 731 0070 0B       		.uleb128 0xb
 732 0071 3B       		.uleb128 0x3b
 733 0072 0B       		.uleb128 0xb
 734 0073 49       		.uleb128 0x49
 735 0074 13       		.uleb128 0x13
 736 0075 02       		.uleb128 0x2
 737 0076 17       		.uleb128 0x17
 738 0077 00       		.byte	0
 739 0078 00       		.byte	0
 740 0079 09       		.uleb128 0x9
 741 007a 898201   		.uleb128 0x4109
 742 007d 01       		.byte	0x1
 743 007e 11       		.uleb128 0x11
 744 007f 01       		.uleb128 0x1
 745 0080 31       		.uleb128 0x31
 746 0081 13       		.uleb128 0x13
 747 0082 01       		.uleb128 0x1
 748 0083 13       		.uleb128 0x13
 749 0084 00       		.byte	0
 750 0085 00       		.byte	0
 751 0086 0A       		.uleb128 0xa
 752 0087 8A8201   		.uleb128 0x410a
 753 008a 00       		.byte	0
 754 008b 02       		.uleb128 0x2
 755 008c 18       		.uleb128 0x18
 756 008d 9142     		.uleb128 0x2111
 757 008f 18       		.uleb128 0x18
 758 0090 00       		.byte	0
 759 0091 00       		.byte	0
 760 0092 0B       		.uleb128 0xb
 761 0093 898201   		.uleb128 0x4109
 762 0096 01       		.byte	0x1
 763 0097 11       		.uleb128 0x11
 764 0098 01       		.uleb128 0x1
 765 0099 31       		.uleb128 0x31
 766 009a 13       		.uleb128 0x13
 767 009b 00       		.byte	0
 768 009c 00       		.byte	0
 769 009d 0C       		.uleb128 0xc
 770 009e 2E       		.uleb128 0x2e
 771 009f 01       		.byte	0x1
 772 00a0 3F       		.uleb128 0x3f
 773 00a1 19       		.uleb128 0x19
 774 00a2 03       		.uleb128 0x3
 775 00a3 0E       		.uleb128 0xe
 776 00a4 3A       		.uleb128 0x3a
 777 00a5 0B       		.uleb128 0xb
 778 00a6 3B       		.uleb128 0x3b
 779 00a7 0B       		.uleb128 0xb
 780 00a8 27       		.uleb128 0x27
 781 00a9 19       		.uleb128 0x19
 782 00aa 49       		.uleb128 0x49
 783 00ab 13       		.uleb128 0x13
 784 00ac 8701     		.uleb128 0x87
ARM GAS  C:\Users\nikol\AppData\Local\Temp\ccEtKc9W.s 			page 17


 785 00ae 19       		.uleb128 0x19
 786 00af 11       		.uleb128 0x11
 787 00b0 01       		.uleb128 0x1
 788 00b1 12       		.uleb128 0x12
 789 00b2 06       		.uleb128 0x6
 790 00b3 40       		.uleb128 0x40
 791 00b4 18       		.uleb128 0x18
 792 00b5 9742     		.uleb128 0x2117
 793 00b7 19       		.uleb128 0x19
 794 00b8 01       		.uleb128 0x1
 795 00b9 13       		.uleb128 0x13
 796 00ba 00       		.byte	0
 797 00bb 00       		.byte	0
 798 00bc 0D       		.uleb128 0xd
 799 00bd 898201   		.uleb128 0x4109
 800 00c0 00       		.byte	0
 801 00c1 11       		.uleb128 0x11
 802 00c2 01       		.uleb128 0x1
 803 00c3 31       		.uleb128 0x31
 804 00c4 13       		.uleb128 0x13
 805 00c5 00       		.byte	0
 806 00c6 00       		.byte	0
 807 00c7 0E       		.uleb128 0xe
 808 00c8 34       		.uleb128 0x34
 809 00c9 00       		.byte	0
 810 00ca 03       		.uleb128 0x3
 811 00cb 0E       		.uleb128 0xe
 812 00cc 3A       		.uleb128 0x3a
 813 00cd 0B       		.uleb128 0xb
 814 00ce 3B       		.uleb128 0x3b
 815 00cf 05       		.uleb128 0x5
 816 00d0 49       		.uleb128 0x49
 817 00d1 13       		.uleb128 0x13
 818 00d2 3F       		.uleb128 0x3f
 819 00d3 19       		.uleb128 0x19
 820 00d4 3C       		.uleb128 0x3c
 821 00d5 19       		.uleb128 0x19
 822 00d6 00       		.byte	0
 823 00d7 00       		.byte	0
 824 00d8 0F       		.uleb128 0xf
 825 00d9 35       		.uleb128 0x35
 826 00da 00       		.byte	0
 827 00db 49       		.uleb128 0x49
 828 00dc 13       		.uleb128 0x13
 829 00dd 00       		.byte	0
 830 00de 00       		.byte	0
 831 00df 10       		.uleb128 0x10
 832 00e0 34       		.uleb128 0x34
 833 00e1 00       		.byte	0
 834 00e2 03       		.uleb128 0x3
 835 00e3 0E       		.uleb128 0xe
 836 00e4 3A       		.uleb128 0x3a
 837 00e5 0B       		.uleb128 0xb
 838 00e6 3B       		.uleb128 0x3b
 839 00e7 0B       		.uleb128 0xb
 840 00e8 49       		.uleb128 0x49
 841 00e9 13       		.uleb128 0x13
ARM GAS  C:\Users\nikol\AppData\Local\Temp\ccEtKc9W.s 			page 18


 842 00ea 3F       		.uleb128 0x3f
 843 00eb 19       		.uleb128 0x19
 844 00ec 02       		.uleb128 0x2
 845 00ed 18       		.uleb128 0x18
 846 00ee 00       		.byte	0
 847 00ef 00       		.byte	0
 848 00f0 11       		.uleb128 0x11
 849 00f1 01       		.uleb128 0x1
 850 00f2 01       		.byte	0x1
 851 00f3 49       		.uleb128 0x49
 852 00f4 13       		.uleb128 0x13
 853 00f5 01       		.uleb128 0x1
 854 00f6 13       		.uleb128 0x13
 855 00f7 00       		.byte	0
 856 00f8 00       		.byte	0
 857 00f9 12       		.uleb128 0x12
 858 00fa 21       		.uleb128 0x21
 859 00fb 00       		.byte	0
 860 00fc 49       		.uleb128 0x49
 861 00fd 13       		.uleb128 0x13
 862 00fe 2F       		.uleb128 0x2f
 863 00ff 0B       		.uleb128 0xb
 864 0100 00       		.byte	0
 865 0101 00       		.byte	0
 866 0102 13       		.uleb128 0x13
 867 0103 2E       		.uleb128 0x2e
 868 0104 00       		.byte	0
 869 0105 3F       		.uleb128 0x3f
 870 0106 19       		.uleb128 0x19
 871 0107 3C       		.uleb128 0x3c
 872 0108 19       		.uleb128 0x19
 873 0109 6E       		.uleb128 0x6e
 874 010a 0E       		.uleb128 0xe
 875 010b 03       		.uleb128 0x3
 876 010c 0E       		.uleb128 0xe
 877 010d 3A       		.uleb128 0x3a
 878 010e 0B       		.uleb128 0xb
 879 010f 3B       		.uleb128 0x3b
 880 0110 0B       		.uleb128 0xb
 881 0111 00       		.byte	0
 882 0112 00       		.byte	0
 883 0113 00       		.byte	0
 884              		.section	.debug_loc,"",%progbits
 885              	.Ldebug_loc0:
 886              	.LLST0:
 887 0000 00000000 		.4byte	.LVL0
 888 0004 42000000 		.4byte	.LVL4
 889 0008 0100     		.2byte	0x1
 890 000a 50       		.byte	0x50
 891 000b 42000000 		.4byte	.LVL4
 892 000f 45000000 		.4byte	.LVL5-1
 893 0013 0500     		.2byte	0x5
 894 0015 03       		.byte	0x3
 895 0016 00000000 		.4byte	oldHitStatus
 896 001a 45000000 		.4byte	.LVL5-1
 897 001e 5C000000 		.4byte	.LFE64
 898 0022 0400     		.2byte	0x4
ARM GAS  C:\Users\nikol\AppData\Local\Temp\ccEtKc9W.s 			page 19


 899 0024 F3       		.byte	0xf3
 900 0025 01       		.uleb128 0x1
 901 0026 50       		.byte	0x50
 902 0027 9F       		.byte	0x9f
 903 0028 00000000 		.4byte	0
 904 002c 00000000 		.4byte	0
 905              	.LLST1:
 906 0030 00000000 		.4byte	.LVL0
 907 0034 04000000 		.4byte	.LVL1
 908 0038 0200     		.2byte	0x2
 909 003a 30       		.byte	0x30
 910 003b 9F       		.byte	0x9f
 911 003c 04000000 		.4byte	.LVL1
 912 0040 32000000 		.4byte	.LVL3
 913 0044 0100     		.2byte	0x1
 914 0046 53       		.byte	0x53
 915 0047 00000000 		.4byte	0
 916 004b 00000000 		.4byte	0
 917              	.LLST2:
 918 004f 00000000 		.4byte	.LVL7
 919 0053 5A000000 		.4byte	.LVL11
 920 0057 0100     		.2byte	0x1
 921 0059 50       		.byte	0x50
 922 005a 5A000000 		.4byte	.LVL11
 923 005e 5D000000 		.4byte	.LVL12-1
 924 0062 0500     		.2byte	0x5
 925 0064 03       		.byte	0x3
 926 0065 00000000 		.4byte	oldCupStatus
 927 0069 5D000000 		.4byte	.LVL12-1
 928 006d 74000000 		.4byte	.LFE65
 929 0071 0400     		.2byte	0x4
 930 0073 F3       		.byte	0xf3
 931 0074 01       		.uleb128 0x1
 932 0075 50       		.byte	0x50
 933 0076 9F       		.byte	0x9f
 934 0077 00000000 		.4byte	0
 935 007b 00000000 		.4byte	0
 936              	.LLST3:
 937 007f 00000000 		.4byte	.LVL7
 938 0083 04000000 		.4byte	.LVL8
 939 0087 0200     		.2byte	0x2
 940 0089 30       		.byte	0x30
 941 008a 9F       		.byte	0x9f
 942 008b 04000000 		.4byte	.LVL8
 943 008f 4A000000 		.4byte	.LVL10
 944 0093 0100     		.2byte	0x1
 945 0095 53       		.byte	0x53
 946 0096 00000000 		.4byte	0
 947 009a 00000000 		.4byte	0
 948              		.section	.debug_aranges,"",%progbits
 949 0000 2C000000 		.4byte	0x2c
 950 0004 0200     		.2byte	0x2
 951 0006 00000000 		.4byte	.Ldebug_info0
 952 000a 04       		.byte	0x4
 953 000b 00       		.byte	0
 954 000c 0000     		.2byte	0
 955 000e 0000     		.2byte	0
ARM GAS  C:\Users\nikol\AppData\Local\Temp\ccEtKc9W.s 			page 20


 956 0010 00000000 		.4byte	.LFB64
 957 0014 5C000000 		.4byte	.LFE64-.LFB64
 958 0018 00000000 		.4byte	.LFB65
 959 001c 74000000 		.4byte	.LFE65-.LFB65
 960 0020 00000000 		.4byte	.LFB66
 961 0024 18000000 		.4byte	.LFE66-.LFB66
 962 0028 00000000 		.4byte	0
 963 002c 00000000 		.4byte	0
 964              		.section	.debug_ranges,"",%progbits
 965              	.Ldebug_ranges0:
 966 0000 00000000 		.4byte	.LFB64
 967 0004 5C000000 		.4byte	.LFE64
 968 0008 00000000 		.4byte	.LFB65
 969 000c 74000000 		.4byte	.LFE65
 970 0010 00000000 		.4byte	.LFB66
 971 0014 18000000 		.4byte	.LFE66
 972 0018 00000000 		.4byte	0
 973 001c 00000000 		.4byte	0
 974              		.section	.debug_line,"",%progbits
 975              	.Ldebug_line0:
 976 0000 4B020000 		.section	.debug_str,"MS",%progbits,1
 976      0200CE01 
 976      00000201 
 976      FB0E0D00 
 976      01010101 
 977              	.LASF4:
 978 0000 5F5F7569 		.ascii	"__uint8_t\000"
 978      6E74385F 
 978      7400
 979              	.LASF21:
 980 000a 6269744E 		.ascii	"bitNumber\000"
 980      756D6265 
 980      7200
 981              	.LASF31:
 982 0014 43757053 		.ascii	"CupSensor_IF_init\000"
 982      656E736F 
 982      725F4946 
 982      5F696E69 
 982      7400
 983              	.LASF5:
 984 0026 5F5F696E 		.ascii	"__int32_t\000"
 984      7433325F 
 984      7400
 985              	.LASF29:
 986 0030 736E7072 		.ascii	"snprintf\000"
 986      696E7466 
 986      00
 987              	.LASF24:
 988 0039 72656D6F 		.ascii	"removedCount\000"
 988      76656443 
 988      6F756E74 
 988      00
 989              	.LASF25:
 990 0046 68697443 		.ascii	"hitCount\000"
 990      6F756E74 
 990      00
 991              	.LASF14:
ARM GAS  C:\Users\nikol\AppData\Local\Temp\ccEtKc9W.s 			page 21


 992 004f 646F7562 		.ascii	"double\000"
 992      6C6500
 993              	.LASF35:
 994 0056 433A5C55 		.ascii	"C:\\Users\\nikol\\Documents\\git\\3. Semester\\PRJ3"
 994      73657273 
 994      5C6E696B 
 994      6F6C5C44 
 994      6F63756D 
 995 0083 5C706C61 		.ascii	"\\player_side_app\\CupSensor_IF\\CupSensor_IF.cydsn"
 995      7965725F 
 995      73696465 
 995      5F617070 
 995      5C437570 
 996 00b3 00       		.ascii	"\000"
 997              	.LASF20:
 998 00b4 73746174 		.ascii	"status\000"
 998      757300
 999              	.LASF13:
 1000 00bb 666C6F61 		.ascii	"float\000"
 1000      7400
 1001              	.LASF0:
 1002 00c1 7369676E 		.ascii	"signed char\000"
 1002      65642063 
 1002      68617200 
 1003              	.LASF1:
 1004 00cd 756E7369 		.ascii	"unsigned char\000"
 1004      676E6564 
 1004      20636861 
 1004      7200
 1005              	.LASF33:
 1006 00db 474E5520 		.ascii	"GNU C11 5.4.1 20160609 (release) [ARM/embedded-5-br"
 1006      43313120 
 1006      352E342E 
 1006      31203230 
 1006      31363036 
 1007 010e 616E6368 		.ascii	"anch revision 237715] -mcpu=cortex-m3 -mthumb -g -O"
 1007      20726576 
 1007      6973696F 
 1007      6E203233 
 1007      37373135 
 1008 0141 67202D66 		.ascii	"g -ffunction-sections -ffat-lto-objects\000"
 1008      66756E63 
 1008      74696F6E 
 1008      2D736563 
 1008      74696F6E 
 1009              	.LASF18:
 1010 0169 75706461 		.ascii	"updateHitStatus\000"
 1010      74654869 
 1010      74537461 
 1010      74757300 
 1011              	.LASF7:
 1012 0179 6C6F6E67 		.ascii	"long unsigned int\000"
 1012      20756E73 
 1012      69676E65 
 1012      6420696E 
 1012      7400
 1013              	.LASF3:
ARM GAS  C:\Users\nikol\AppData\Local\Temp\ccEtKc9W.s 			page 22


 1014 018b 73686F72 		.ascii	"short unsigned int\000"
 1014      7420756E 
 1014      7369676E 
 1014      65642069 
 1014      6E7400
 1015              	.LASF32:
 1016 019e 55415254 		.ascii	"UART_Start\000"
 1016      5F537461 
 1016      727400
 1017              	.LASF22:
 1018 01a9 49544D5F 		.ascii	"ITM_RxBuffer\000"
 1018      52784275 
 1018      66666572 
 1018      00
 1019              	.LASF19:
 1020 01b6 75706461 		.ascii	"updateCupStatus\000"
 1020      74654375 
 1020      70537461 
 1020      74757300 
 1021              	.LASF36:
 1022 01c6 6D61696E 		.ascii	"main\000"
 1022      00
 1023              	.LASF27:
 1024 01cb 6F6C6448 		.ascii	"oldHitStatus\000"
 1024      69745374 
 1024      61747573 
 1024      00
 1025              	.LASF10:
 1026 01d8 756E7369 		.ascii	"unsigned int\000"
 1026      676E6564 
 1026      20696E74 
 1026      00
 1027              	.LASF23:
 1028 01e5 706C6163 		.ascii	"placedCount\000"
 1028      6564436F 
 1028      756E7400 
 1029              	.LASF9:
 1030 01f1 6C6F6E67 		.ascii	"long long unsigned int\000"
 1030      206C6F6E 
 1030      6720756E 
 1030      7369676E 
 1030      65642069 
 1031              	.LASF11:
 1032 0208 75696E74 		.ascii	"uint8_t\000"
 1032      385F7400 
 1033              	.LASF12:
 1034 0210 696E7433 		.ascii	"int32_t\000"
 1034      325F7400 
 1035              	.LASF17:
 1036 0218 73697A65 		.ascii	"sizetype\000"
 1036      74797065 
 1036      00
 1037              	.LASF8:
 1038 0221 6C6F6E67 		.ascii	"long long int\000"
 1038      206C6F6E 
 1038      6720696E 
 1038      7400
ARM GAS  C:\Users\nikol\AppData\Local\Temp\ccEtKc9W.s 			page 23


 1039              	.LASF34:
 1040 022f 6D61696E 		.ascii	"main.c\000"
 1040      2E6300
 1041              	.LASF15:
 1042 0236 63686172 		.ascii	"char\000"
 1042      00
 1043              	.LASF2:
 1044 023b 73686F72 		.ascii	"short int\000"
 1044      7420696E 
 1044      7400
 1045              	.LASF26:
 1046 0245 62756666 		.ascii	"buffer\000"
 1046      657200
 1047              	.LASF6:
 1048 024c 6C6F6E67 		.ascii	"long int\000"
 1048      20696E74 
 1048      00
 1049              	.LASF16:
 1050 0255 6C6F6E67 		.ascii	"long double\000"
 1050      20646F75 
 1050      626C6500 
 1051              	.LASF28:
 1052 0261 6F6C6443 		.ascii	"oldCupStatus\000"
 1052      75705374 
 1052      61747573 
 1052      00
 1053              	.LASF30:
 1054 026e 55415254 		.ascii	"UART_PutString\000"
 1054      5F507574 
 1054      53747269 
 1054      6E6700
 1055              		.ident	"GCC: (GNU Tools for ARM Embedded Processors) 5.4.1 20160609 (release) [ARM/embedded-5-bran
