ARM GAS  C:\Users\MARCUS~1\AppData\Local\Temp\ccogNCbe.s 			page 1


   1              		.syntax unified
   2              		.cpu cortex-m3
   3              		.fpu softvfp
   4              		.eabi_attribute 20, 1
   5              		.eabi_attribute 21, 1
   6              		.eabi_attribute 23, 3
   7              		.eabi_attribute 24, 1
   8              		.eabi_attribute 25, 1
   9              		.eabi_attribute 26, 1
  10              		.eabi_attribute 30, 1
  11              		.eabi_attribute 34, 1
  12              		.eabi_attribute 18, 4
  13              		.thumb
  14              		.syntax unified
  15              		.file	"CupLight_IF.c"
  16              		.text
  17              	.Ltext0:
  18              		.cfi_sections	.debug_frame
  19              		.section	.text.controlLight,"ax",%progbits
  20              		.align	2
  21              		.global	controlLight
  22              		.thumb
  23              		.thumb_func
  24              		.type	controlLight, %function
  25              	controlLight:
  26              	.LFB63:
  27              		.file 1 "CupLight_IF.c"
   1:CupLight_IF.c **** /* ========================================
   2:CupLight_IF.c ****  *
   3:CupLight_IF.c ****  * Copyright YOUR COMPANY, THE YEAR
   4:CupLight_IF.c ****  * All Rights Reserved
   5:CupLight_IF.c ****  * UNPUBLISHED, LICENSED SOFTWARE.
   6:CupLight_IF.c ****  *
   7:CupLight_IF.c ****  * CONFIDENTIAL AND PROPRIETARY INFORMATION
   8:CupLight_IF.c ****  * WHICH IS THE PROPERTY OF your company.
   9:CupLight_IF.c ****  *
  10:CupLight_IF.c ****  * ========================================
  11:CupLight_IF.c **** */
  12:CupLight_IF.c **** #include "CupLight_IF.h"
  13:CupLight_IF.c **** 
  14:CupLight_IF.c **** void controlLight(uint8_t nr, color_t color)
  15:CupLight_IF.c **** {
  28              		.loc 1 15 0
  29              		.cfi_startproc
  30              		@ args = 0, pretend = 0, frame = 8
  31              		@ frame_needed = 0, uses_anonymous_args = 0
  32              	.LVL0:
  33 0000 10B5     		push	{r4, lr}
  34              		.cfi_def_cfa_offset 8
  35              		.cfi_offset 4, -8
  36              		.cfi_offset 14, -4
  37 0002 82B0     		sub	sp, sp, #8
  38              		.cfi_def_cfa_offset 16
  39 0004 0191     		str	r1, [sp, #4]
  16:CupLight_IF.c ****     if (nr < NUMLEDS)
  40              		.loc 1 16 0
  41 0006 0228     		cmp	r0, #2
ARM GAS  C:\Users\MARCUS~1\AppData\Local\Temp\ccogNCbe.s 			page 2


  42 0008 19D8     		bhi	.L1
  43              	.LBB2:
  17:CupLight_IF.c ****     {
  18:CupLight_IF.c ****         uint8_t shiftRegPos = 3*nr;
  44              		.loc 1 18 0
  45 000a 00EB4000 		add	r0, r0, r0, lsl #1
  46              	.LVL1:
  47 000e C4B2     		uxtb	r4, r0
  48              	.LVL2:
  19:CupLight_IF.c ****         setPin(shiftRegPos,~color.Red);
  49              		.loc 1 19 0
  50 0010 9DF80410 		ldrb	r1, [sp, #4]	@ zero_extendqisi2
  51 0014 C943     		mvns	r1, r1
  52 0016 C9B2     		uxtb	r1, r1
  53 0018 2046     		mov	r0, r4
  54 001a FFF7FEFF 		bl	setPin
  55              	.LVL3:
  20:CupLight_IF.c ****         setPin(shiftRegPos+1,~color.Green);
  56              		.loc 1 20 0
  57 001e 9DF80510 		ldrb	r1, [sp, #5]	@ zero_extendqisi2
  58 0022 C943     		mvns	r1, r1
  59 0024 601C     		adds	r0, r4, #1
  60 0026 C9B2     		uxtb	r1, r1
  61 0028 C0B2     		uxtb	r0, r0
  62 002a FFF7FEFF 		bl	setPin
  63              	.LVL4:
  21:CupLight_IF.c ****         setPin(shiftRegPos+2,~color.Blue);
  64              		.loc 1 21 0
  65 002e 9DF80610 		ldrb	r1, [sp, #6]	@ zero_extendqisi2
  66 0032 C943     		mvns	r1, r1
  67 0034 A01C     		adds	r0, r4, #2
  68 0036 C9B2     		uxtb	r1, r1
  69 0038 C0B2     		uxtb	r0, r0
  70 003a FFF7FEFF 		bl	setPin
  71              	.LVL5:
  72              	.L1:
  73              	.LBE2:
  22:CupLight_IF.c ****     }
  23:CupLight_IF.c **** }
  74              		.loc 1 23 0
  75 003e 02B0     		add	sp, sp, #8
  76              		.cfi_def_cfa_offset 8
  77              		@ sp needed
  78 0040 10BD     		pop	{r4, pc}
  79              		.cfi_endproc
  80              	.LFE63:
  81              		.size	controlLight, .-controlLight
  82 0042 00BF     		.section	.text.controlAllLights,"ax",%progbits
  83              		.align	2
  84              		.global	controlAllLights
  85              		.thumb
  86              		.thumb_func
  87              		.type	controlAllLights, %function
  88              	controlAllLights:
  89              	.LFB64:
  24:CupLight_IF.c **** 
  25:CupLight_IF.c **** void controlAllLights(color_t color)
ARM GAS  C:\Users\MARCUS~1\AppData\Local\Temp\ccogNCbe.s 			page 3


  26:CupLight_IF.c **** {
  90              		.loc 1 26 0
  91              		.cfi_startproc
  92              		@ args = 0, pretend = 0, frame = 8
  93              		@ frame_needed = 0, uses_anonymous_args = 0
  94 0000 10B5     		push	{r4, lr}
  95              		.cfi_def_cfa_offset 8
  96              		.cfi_offset 4, -8
  97              		.cfi_offset 14, -4
  98 0002 82B0     		sub	sp, sp, #8
  99              		.cfi_def_cfa_offset 16
 100 0004 0190     		str	r0, [sp, #4]
 101              	.LVL6:
 102              	.LBB3:
  27:CupLight_IF.c ****     for (uint8_t i = 0; i < NUMLEDS; i++){
 103              		.loc 1 27 0
 104 0006 0024     		movs	r4, #0
 105 0008 05E0     		b	.L5
 106              	.LVL7:
 107              	.L6:
  28:CupLight_IF.c ****          controlLight(i,color);
 108              		.loc 1 28 0 discriminator 3
 109 000a 0199     		ldr	r1, [sp, #4]
 110 000c 2046     		mov	r0, r4
 111 000e FFF7FEFF 		bl	controlLight
 112              	.LVL8:
  27:CupLight_IF.c ****     for (uint8_t i = 0; i < NUMLEDS; i++){
 113              		.loc 1 27 0 discriminator 3
 114 0012 0134     		adds	r4, r4, #1
 115              	.LVL9:
 116 0014 E4B2     		uxtb	r4, r4
 117              	.LVL10:
 118              	.L5:
  27:CupLight_IF.c ****     for (uint8_t i = 0; i < NUMLEDS; i++){
 119              		.loc 1 27 0 is_stmt 0 discriminator 1
 120 0016 022C     		cmp	r4, #2
 121 0018 F7D9     		bls	.L6
 122              	.LBE3:
  29:CupLight_IF.c ****     }
  30:CupLight_IF.c **** }
 123              		.loc 1 30 0 is_stmt 1
 124 001a 02B0     		add	sp, sp, #8
 125              		.cfi_def_cfa_offset 8
 126              		@ sp needed
 127 001c 10BD     		pop	{r4, pc}
 128              		.cfi_endproc
 129              	.LFE64:
 130              		.size	controlAllLights, .-controlAllLights
 131 001e 00BF     		.section	.text.blinkLight,"ax",%progbits
 132              		.align	2
 133              		.global	blinkLight
 134              		.thumb
 135              		.thumb_func
 136              		.type	blinkLight, %function
 137              	blinkLight:
 138              	.LFB65:
  31:CupLight_IF.c **** 
ARM GAS  C:\Users\MARCUS~1\AppData\Local\Temp\ccogNCbe.s 			page 4


  32:CupLight_IF.c **** void blinkLight(uint8_t nr, color_t color1, color_t color2, uint64_t interval, uint64_t duration)
  33:CupLight_IF.c **** {
 139              		.loc 1 33 0
 140              		.cfi_startproc
 141              		@ args = 16, pretend = 0, frame = 8
 142              		@ frame_needed = 0, uses_anonymous_args = 0
 143              	.LVL11:
 144 0000 2DE9F041 		push	{r4, r5, r6, r7, r8, lr}
 145              		.cfi_def_cfa_offset 24
 146              		.cfi_offset 4, -24
 147              		.cfi_offset 5, -20
 148              		.cfi_offset 6, -16
 149              		.cfi_offset 7, -12
 150              		.cfi_offset 8, -8
 151              		.cfi_offset 14, -4
 152 0004 82B0     		sub	sp, sp, #8
 153              		.cfi_def_cfa_offset 32
 154 0006 8046     		mov	r8, r0
 155 0008 0191     		str	r1, [sp, #4]
 156 000a 0092     		str	r2, [sp]
 157 000c 089D     		ldr	r5, [sp, #32]
 158 000e DDE90A67 		ldrd	r6, [sp, #40]
 159              	.LVL12:
 160              	.LBB4:
  34:CupLight_IF.c ****     for (uint32_t i = 0; i < duration; i+=2*interval){
 161              		.loc 1 34 0
 162 0012 0024     		movs	r4, #0
 163 0014 0FE0     		b	.L9
 164              	.LVL13:
 165              	.L10:
  35:CupLight_IF.c ****         controlLight(nr,color1);
 166              		.loc 1 35 0 discriminator 3
 167 0016 0199     		ldr	r1, [sp, #4]
 168 0018 4046     		mov	r0, r8
 169 001a FFF7FEFF 		bl	controlLight
 170              	.LVL14:
  36:CupLight_IF.c ****         CyDelay(interval);
 171              		.loc 1 36 0 discriminator 3
 172 001e 2846     		mov	r0, r5
 173 0020 FFF7FEFF 		bl	CyDelay
 174              	.LVL15:
  37:CupLight_IF.c ****         controlLight(nr,color2);
 175              		.loc 1 37 0 discriminator 3
 176 0024 0099     		ldr	r1, [sp]
 177 0026 4046     		mov	r0, r8
 178 0028 FFF7FEFF 		bl	controlLight
 179              	.LVL16:
  38:CupLight_IF.c ****         CyDelay(interval);
 180              		.loc 1 38 0 discriminator 3
 181 002c 2846     		mov	r0, r5
 182 002e FFF7FEFF 		bl	CyDelay
 183              	.LVL17:
  34:CupLight_IF.c ****         controlLight(nr,color1);
 184              		.loc 1 34 0 discriminator 3
 185 0032 04EB4504 		add	r4, r4, r5, lsl #1
 186              	.LVL18:
 187              	.L9:
ARM GAS  C:\Users\MARCUS~1\AppData\Local\Temp\ccogNCbe.s 			page 5


  34:CupLight_IF.c ****         controlLight(nr,color1);
 188              		.loc 1 34 0 is_stmt 0 discriminator 1
 189 0036 0023     		movs	r3, #0
 190 0038 BB42     		cmp	r3, r7
 191 003a 08BF     		it	eq
 192 003c B442     		cmpeq	r4, r6
 193 003e EAD3     		bcc	.L10
 194              	.LBE4:
  39:CupLight_IF.c ****     }
  40:CupLight_IF.c **** }
 195              		.loc 1 40 0 is_stmt 1
 196 0040 02B0     		add	sp, sp, #8
 197              		.cfi_def_cfa_offset 24
 198              		@ sp needed
 199 0042 BDE8F081 		pop	{r4, r5, r6, r7, r8, pc}
 200              		.cfi_endproc
 201              	.LFE65:
 202              		.size	blinkLight, .-blinkLight
 203              		.text
 204              	.Letext0:
 205              		.file 2 "f:\\marcus\\software\\psoc creator\\4.2\\psoc creator\\import\\gnu\\arm\\5.4.1\\arm-none-
 206              		.file 3 "f:\\marcus\\software\\psoc creator\\4.2\\psoc creator\\import\\gnu\\arm\\5.4.1\\arm-none-
 207              		.file 4 "CupLight_IF.h"
 208              		.file 5 "ShiftRegPWM.h"
 209              		.file 6 "Generated_Source\\PSoC5/CyLib.h"
 210              		.file 7 "Generated_Source\\PSoC5/core_cm3.h"
 211              		.section	.debug_info,"",%progbits
 212              	.Ldebug_info0:
 213 0000 F7020000 		.4byte	0x2f7
 214 0004 0400     		.2byte	0x4
 215 0006 00000000 		.4byte	.Ldebug_abbrev0
 216 000a 04       		.byte	0x4
 217 000b 01       		.uleb128 0x1
 218 000c 4E000000 		.4byte	.LASF36
 219 0010 0C       		.byte	0xc
 220 0011 19020000 		.4byte	.LASF37
 221 0015 13010000 		.4byte	.LASF38
 222 0019 00000000 		.4byte	.Ldebug_ranges0+0
 223 001d 00000000 		.4byte	0
 224 0021 00000000 		.4byte	.Ldebug_line0
 225 0025 02       		.uleb128 0x2
 226 0026 01       		.byte	0x1
 227 0027 06       		.byte	0x6
 228 0028 63020000 		.4byte	.LASF0
 229 002c 03       		.uleb128 0x3
 230 002d 00000000 		.4byte	.LASF4
 231 0031 02       		.byte	0x2
 232 0032 1D       		.byte	0x1d
 233 0033 37000000 		.4byte	0x37
 234 0037 02       		.uleb128 0x2
 235 0038 01       		.byte	0x1
 236 0039 08       		.byte	0x8
 237 003a 40000000 		.4byte	.LASF1
 238 003e 02       		.uleb128 0x2
 239 003f 02       		.byte	0x2
 240 0040 05       		.byte	0x5
 241 0041 27020000 		.4byte	.LASF2
ARM GAS  C:\Users\MARCUS~1\AppData\Local\Temp\ccogNCbe.s 			page 6


 242 0045 02       		.uleb128 0x2
 243 0046 02       		.byte	0x2
 244 0047 07       		.byte	0x7
 245 0048 EE000000 		.4byte	.LASF3
 246 004c 03       		.uleb128 0x3
 247 004d 0A000000 		.4byte	.LASF5
 248 0051 02       		.byte	0x2
 249 0052 3F       		.byte	0x3f
 250 0053 57000000 		.4byte	0x57
 251 0057 02       		.uleb128 0x2
 252 0058 04       		.byte	0x4
 253 0059 05       		.byte	0x5
 254 005a 4E020000 		.4byte	.LASF6
 255 005e 03       		.uleb128 0x3
 256 005f 83010000 		.4byte	.LASF7
 257 0063 02       		.byte	0x2
 258 0064 41       		.byte	0x41
 259 0065 69000000 		.4byte	0x69
 260 0069 02       		.uleb128 0x2
 261 006a 04       		.byte	0x4
 262 006b 07       		.byte	0x7
 263 006c DC000000 		.4byte	.LASF8
 264 0070 02       		.uleb128 0x2
 265 0071 08       		.byte	0x8
 266 0072 05       		.byte	0x5
 267 0073 FF010000 		.4byte	.LASF9
 268 0077 03       		.uleb128 0x3
 269 0078 31020000 		.4byte	.LASF10
 270 007c 02       		.byte	0x2
 271 007d 5B       		.byte	0x5b
 272 007e 82000000 		.4byte	0x82
 273 0082 02       		.uleb128 0x2
 274 0083 08       		.byte	0x8
 275 0084 07       		.byte	0x7
 276 0085 A7010000 		.4byte	.LASF11
 277 0089 04       		.uleb128 0x4
 278 008a 04       		.byte	0x4
 279 008b 05       		.byte	0x5
 280 008c 696E7400 		.ascii	"int\000"
 281 0090 02       		.uleb128 0x2
 282 0091 04       		.byte	0x4
 283 0092 07       		.byte	0x7
 284 0093 94010000 		.4byte	.LASF12
 285 0097 03       		.uleb128 0x3
 286 0098 BE010000 		.4byte	.LASF13
 287 009c 03       		.byte	0x3
 288 009d 18       		.byte	0x18
 289 009e 2C000000 		.4byte	0x2c
 290 00a2 03       		.uleb128 0x3
 291 00a3 DD010000 		.4byte	.LASF14
 292 00a7 03       		.byte	0x3
 293 00a8 2C       		.byte	0x2c
 294 00a9 4C000000 		.4byte	0x4c
 295 00ad 03       		.uleb128 0x3
 296 00ae 45020000 		.4byte	.LASF15
 297 00b2 03       		.byte	0x3
 298 00b3 30       		.byte	0x30
ARM GAS  C:\Users\MARCUS~1\AppData\Local\Temp\ccogNCbe.s 			page 7


 299 00b4 5E000000 		.4byte	0x5e
 300 00b8 03       		.uleb128 0x3
 301 00b9 24000000 		.4byte	.LASF16
 302 00bd 03       		.byte	0x3
 303 00be 3C       		.byte	0x3c
 304 00bf 77000000 		.4byte	0x77
 305 00c3 02       		.uleb128 0x2
 306 00c4 04       		.byte	0x4
 307 00c5 04       		.byte	0x4
 308 00c6 3A000000 		.4byte	.LASF17
 309 00ca 02       		.uleb128 0x2
 310 00cb 08       		.byte	0x8
 311 00cc 04       		.byte	0x4
 312 00cd 1D000000 		.4byte	.LASF18
 313 00d1 02       		.uleb128 0x2
 314 00d2 01       		.byte	0x1
 315 00d3 08       		.byte	0x8
 316 00d4 0D020000 		.4byte	.LASF19
 317 00d8 02       		.uleb128 0x2
 318 00d9 08       		.byte	0x8
 319 00da 04       		.byte	0x4
 320 00db 57020000 		.4byte	.LASF20
 321 00df 02       		.uleb128 0x2
 322 00e0 04       		.byte	0x4
 323 00e1 07       		.byte	0x7
 324 00e2 E5010000 		.4byte	.LASF21
 325 00e6 05       		.uleb128 0x5
 326 00e7 8E010000 		.4byte	.LASF25
 327 00eb 03       		.byte	0x3
 328 00ec 04       		.byte	0x4
 329 00ed 11       		.byte	0x11
 330 00ee 17010000 		.4byte	0x117
 331 00f2 06       		.uleb128 0x6
 332 00f3 52656400 		.ascii	"Red\000"
 333 00f7 04       		.byte	0x4
 334 00f8 13       		.byte	0x13
 335 00f9 97000000 		.4byte	0x97
 336 00fd 00       		.byte	0
 337 00fe 07       		.uleb128 0x7
 338 00ff A1010000 		.4byte	.LASF22
 339 0103 04       		.byte	0x4
 340 0104 14       		.byte	0x14
 341 0105 97000000 		.4byte	0x97
 342 0109 01       		.byte	0x1
 343 010a 07       		.uleb128 0x7
 344 010b 0E010000 		.4byte	.LASF23
 345 010f 04       		.byte	0x4
 346 0110 15       		.byte	0x15
 347 0111 97000000 		.4byte	0x97
 348 0115 02       		.byte	0x2
 349 0116 00       		.byte	0
 350 0117 03       		.uleb128 0x3
 351 0118 77020000 		.4byte	.LASF24
 352 011c 04       		.byte	0x4
 353 011d 16       		.byte	0x16
 354 011e E6000000 		.4byte	0xe6
 355 0122 08       		.uleb128 0x8
ARM GAS  C:\Users\MARCUS~1\AppData\Local\Temp\ccogNCbe.s 			page 8


 356 0123 2D000000 		.4byte	.LASF26
 357 0127 01       		.byte	0x1
 358 0128 0E       		.byte	0xe
 359 0129 00000000 		.4byte	.LFB63
 360 012d 42000000 		.4byte	.LFE63-.LFB63
 361 0131 01       		.uleb128 0x1
 362 0132 9C       		.byte	0x9c
 363 0133 C9010000 		.4byte	0x1c9
 364 0137 09       		.uleb128 0x9
 365 0138 6E7200   		.ascii	"nr\000"
 366 013b 01       		.byte	0x1
 367 013c 0E       		.byte	0xe
 368 013d 97000000 		.4byte	0x97
 369 0141 00000000 		.4byte	.LLST0
 370 0145 0A       		.uleb128 0xa
 371 0146 8E010000 		.4byte	.LASF25
 372 014a 01       		.byte	0x1
 373 014b 0E       		.byte	0xe
 374 014c 17010000 		.4byte	0x117
 375 0150 02       		.uleb128 0x2
 376 0151 91       		.byte	0x91
 377 0152 74       		.sleb128 -12
 378 0153 0B       		.uleb128 0xb
 379 0154 0A000000 		.4byte	.LBB2
 380 0158 34000000 		.4byte	.LBE2-.LBB2
 381 015c 0C       		.uleb128 0xc
 382 015d D1010000 		.4byte	.LASF28
 383 0161 01       		.byte	0x1
 384 0162 12       		.byte	0x12
 385 0163 97000000 		.4byte	0x97
 386 0167 21000000 		.4byte	.LLST1
 387 016b 0D       		.uleb128 0xd
 388 016c 1E000000 		.4byte	.LVL3
 389 0170 E4020000 		.4byte	0x2e4
 390 0174 8B010000 		.4byte	0x18b
 391 0178 0E       		.uleb128 0xe
 392 0179 01       		.uleb128 0x1
 393 017a 50       		.byte	0x50
 394 017b 02       		.uleb128 0x2
 395 017c 74       		.byte	0x74
 396 017d 00       		.sleb128 0
 397 017e 0E       		.uleb128 0xe
 398 017f 01       		.uleb128 0x1
 399 0180 51       		.byte	0x51
 400 0181 08       		.uleb128 0x8
 401 0182 91       		.byte	0x91
 402 0183 74       		.sleb128 -12
 403 0184 94       		.byte	0x94
 404 0185 01       		.byte	0x1
 405 0186 08       		.byte	0x8
 406 0187 FF       		.byte	0xff
 407 0188 1A       		.byte	0x1a
 408 0189 20       		.byte	0x20
 409 018a 00       		.byte	0
 410 018b 0D       		.uleb128 0xd
 411 018c 2E000000 		.4byte	.LVL4
 412 0190 E4020000 		.4byte	0x2e4
ARM GAS  C:\Users\MARCUS~1\AppData\Local\Temp\ccogNCbe.s 			page 9


 413 0194 AB010000 		.4byte	0x1ab
 414 0198 0E       		.uleb128 0xe
 415 0199 01       		.uleb128 0x1
 416 019a 50       		.byte	0x50
 417 019b 02       		.uleb128 0x2
 418 019c 74       		.byte	0x74
 419 019d 01       		.sleb128 1
 420 019e 0E       		.uleb128 0xe
 421 019f 01       		.uleb128 0x1
 422 01a0 51       		.byte	0x51
 423 01a1 08       		.uleb128 0x8
 424 01a2 91       		.byte	0x91
 425 01a3 75       		.sleb128 -11
 426 01a4 94       		.byte	0x94
 427 01a5 01       		.byte	0x1
 428 01a6 08       		.byte	0x8
 429 01a7 FF       		.byte	0xff
 430 01a8 1A       		.byte	0x1a
 431 01a9 20       		.byte	0x20
 432 01aa 00       		.byte	0
 433 01ab 0F       		.uleb128 0xf
 434 01ac 3E000000 		.4byte	.LVL5
 435 01b0 E4020000 		.4byte	0x2e4
 436 01b4 0E       		.uleb128 0xe
 437 01b5 01       		.uleb128 0x1
 438 01b6 50       		.byte	0x50
 439 01b7 02       		.uleb128 0x2
 440 01b8 74       		.byte	0x74
 441 01b9 02       		.sleb128 2
 442 01ba 0E       		.uleb128 0xe
 443 01bb 01       		.uleb128 0x1
 444 01bc 51       		.byte	0x51
 445 01bd 08       		.uleb128 0x8
 446 01be 91       		.byte	0x91
 447 01bf 76       		.sleb128 -10
 448 01c0 94       		.byte	0x94
 449 01c1 01       		.byte	0x1
 450 01c2 08       		.byte	0x8
 451 01c3 FF       		.byte	0xff
 452 01c4 1A       		.byte	0x1a
 453 01c5 20       		.byte	0x20
 454 01c6 00       		.byte	0
 455 01c7 00       		.byte	0
 456 01c8 00       		.byte	0
 457 01c9 08       		.uleb128 0x8
 458 01ca EE010000 		.4byte	.LASF27
 459 01ce 01       		.byte	0x1
 460 01cf 19       		.byte	0x19
 461 01d0 00000000 		.4byte	.LFB64
 462 01d4 1E000000 		.4byte	.LFE64-.LFB64
 463 01d8 01       		.uleb128 0x1
 464 01d9 9C       		.byte	0x9c
 465 01da 14020000 		.4byte	0x214
 466 01de 0A       		.uleb128 0xa
 467 01df 8E010000 		.4byte	.LASF25
 468 01e3 01       		.byte	0x1
 469 01e4 19       		.byte	0x19
ARM GAS  C:\Users\MARCUS~1\AppData\Local\Temp\ccogNCbe.s 			page 10


 470 01e5 17010000 		.4byte	0x117
 471 01e9 02       		.uleb128 0x2
 472 01ea 91       		.byte	0x91
 473 01eb 74       		.sleb128 -12
 474 01ec 0B       		.uleb128 0xb
 475 01ed 06000000 		.4byte	.LBB3
 476 01f1 14000000 		.4byte	.LBE3-.LBB3
 477 01f5 10       		.uleb128 0x10
 478 01f6 6900     		.ascii	"i\000"
 479 01f8 01       		.byte	0x1
 480 01f9 1B       		.byte	0x1b
 481 01fa 97000000 		.4byte	0x97
 482 01fe 34000000 		.4byte	.LLST2
 483 0202 0F       		.uleb128 0xf
 484 0203 12000000 		.4byte	.LVL8
 485 0207 22010000 		.4byte	0x122
 486 020b 0E       		.uleb128 0xe
 487 020c 01       		.uleb128 0x1
 488 020d 50       		.byte	0x50
 489 020e 02       		.uleb128 0x2
 490 020f 74       		.byte	0x74
 491 0210 00       		.sleb128 0
 492 0211 00       		.byte	0
 493 0212 00       		.byte	0
 494 0213 00       		.byte	0
 495 0214 08       		.uleb128 0x8
 496 0215 C6010000 		.4byte	.LASF29
 497 0219 01       		.byte	0x1
 498 021a 20       		.byte	0x20
 499 021b 00000000 		.4byte	.LFB65
 500 021f 46000000 		.4byte	.LFE65-.LFB65
 501 0223 01       		.uleb128 0x1
 502 0224 9C       		.byte	0x9c
 503 0225 D3020000 		.4byte	0x2d3
 504 0229 09       		.uleb128 0x9
 505 022a 6E7200   		.ascii	"nr\000"
 506 022d 01       		.byte	0x1
 507 022e 20       		.byte	0x20
 508 022f 97000000 		.4byte	0x97
 509 0233 5E000000 		.4byte	.LLST3
 510 0237 0A       		.uleb128 0xa
 511 0238 75010000 		.4byte	.LASF30
 512 023c 01       		.byte	0x1
 513 023d 20       		.byte	0x20
 514 023e 17010000 		.4byte	0x117
 515 0242 02       		.uleb128 0x2
 516 0243 91       		.byte	0x91
 517 0244 64       		.sleb128 -28
 518 0245 0A       		.uleb128 0xa
 519 0246 7C010000 		.4byte	.LASF31
 520 024a 01       		.byte	0x1
 521 024b 20       		.byte	0x20
 522 024c 17010000 		.4byte	0x117
 523 0250 02       		.uleb128 0x2
 524 0251 91       		.byte	0x91
 525 0252 60       		.sleb128 -32
 526 0253 0A       		.uleb128 0xa
ARM GAS  C:\Users\MARCUS~1\AppData\Local\Temp\ccogNCbe.s 			page 11


 527 0254 3C020000 		.4byte	.LASF32
 528 0258 01       		.byte	0x1
 529 0259 20       		.byte	0x20
 530 025a B8000000 		.4byte	0xb8
 531 025e 02       		.uleb128 0x2
 532 025f 91       		.byte	0x91
 533 0260 00       		.sleb128 0
 534 0261 0A       		.uleb128 0xa
 535 0262 14000000 		.4byte	.LASF33
 536 0266 01       		.byte	0x1
 537 0267 20       		.byte	0x20
 538 0268 B8000000 		.4byte	0xb8
 539 026c 02       		.uleb128 0x2
 540 026d 91       		.byte	0x91
 541 026e 08       		.sleb128 8
 542 026f 0B       		.uleb128 0xb
 543 0270 12000000 		.4byte	.LBB4
 544 0274 2E000000 		.4byte	.LBE4-.LBB4
 545 0278 10       		.uleb128 0x10
 546 0279 6900     		.ascii	"i\000"
 547 027b 01       		.byte	0x1
 548 027c 22       		.byte	0x22
 549 027d AD000000 		.4byte	0xad
 550 0281 7F000000 		.4byte	.LLST4
 551 0285 0D       		.uleb128 0xd
 552 0286 1E000000 		.4byte	.LVL14
 553 028a 22010000 		.4byte	0x122
 554 028e 99020000 		.4byte	0x299
 555 0292 0E       		.uleb128 0xe
 556 0293 01       		.uleb128 0x1
 557 0294 50       		.byte	0x50
 558 0295 02       		.uleb128 0x2
 559 0296 78       		.byte	0x78
 560 0297 00       		.sleb128 0
 561 0298 00       		.byte	0
 562 0299 0D       		.uleb128 0xd
 563 029a 24000000 		.4byte	.LVL15
 564 029e EF020000 		.4byte	0x2ef
 565 02a2 AD020000 		.4byte	0x2ad
 566 02a6 0E       		.uleb128 0xe
 567 02a7 01       		.uleb128 0x1
 568 02a8 50       		.byte	0x50
 569 02a9 02       		.uleb128 0x2
 570 02aa 75       		.byte	0x75
 571 02ab 00       		.sleb128 0
 572 02ac 00       		.byte	0
 573 02ad 0D       		.uleb128 0xd
 574 02ae 2C000000 		.4byte	.LVL16
 575 02b2 22010000 		.4byte	0x122
 576 02b6 C1020000 		.4byte	0x2c1
 577 02ba 0E       		.uleb128 0xe
 578 02bb 01       		.uleb128 0x1
 579 02bc 50       		.byte	0x50
 580 02bd 02       		.uleb128 0x2
 581 02be 78       		.byte	0x78
 582 02bf 00       		.sleb128 0
 583 02c0 00       		.byte	0
ARM GAS  C:\Users\MARCUS~1\AppData\Local\Temp\ccogNCbe.s 			page 12


 584 02c1 0F       		.uleb128 0xf
 585 02c2 32000000 		.4byte	.LVL17
 586 02c6 EF020000 		.4byte	0x2ef
 587 02ca 0E       		.uleb128 0xe
 588 02cb 01       		.uleb128 0x1
 589 02cc 50       		.byte	0x50
 590 02cd 02       		.uleb128 0x2
 591 02ce 75       		.byte	0x75
 592 02cf 00       		.sleb128 0
 593 02d0 00       		.byte	0
 594 02d1 00       		.byte	0
 595 02d2 00       		.byte	0
 596 02d3 11       		.uleb128 0x11
 597 02d4 01010000 		.4byte	.LASF39
 598 02d8 07       		.byte	0x7
 599 02d9 1207     		.2byte	0x712
 600 02db DF020000 		.4byte	0x2df
 601 02df 12       		.uleb128 0x12
 602 02e0 A2000000 		.4byte	0xa2
 603 02e4 13       		.uleb128 0x13
 604 02e5 12020000 		.4byte	.LASF34
 605 02e9 12020000 		.4byte	.LASF34
 606 02ed 05       		.byte	0x5
 607 02ee 18       		.byte	0x18
 608 02ef 13       		.uleb128 0x13
 609 02f0 6F020000 		.4byte	.LASF35
 610 02f4 6F020000 		.4byte	.LASF35
 611 02f8 06       		.byte	0x6
 612 02f9 76       		.byte	0x76
 613 02fa 00       		.byte	0
 614              		.section	.debug_abbrev,"",%progbits
 615              	.Ldebug_abbrev0:
 616 0000 01       		.uleb128 0x1
 617 0001 11       		.uleb128 0x11
 618 0002 01       		.byte	0x1
 619 0003 25       		.uleb128 0x25
 620 0004 0E       		.uleb128 0xe
 621 0005 13       		.uleb128 0x13
 622 0006 0B       		.uleb128 0xb
 623 0007 03       		.uleb128 0x3
 624 0008 0E       		.uleb128 0xe
 625 0009 1B       		.uleb128 0x1b
 626 000a 0E       		.uleb128 0xe
 627 000b 55       		.uleb128 0x55
 628 000c 17       		.uleb128 0x17
 629 000d 11       		.uleb128 0x11
 630 000e 01       		.uleb128 0x1
 631 000f 10       		.uleb128 0x10
 632 0010 17       		.uleb128 0x17
 633 0011 00       		.byte	0
 634 0012 00       		.byte	0
 635 0013 02       		.uleb128 0x2
 636 0014 24       		.uleb128 0x24
 637 0015 00       		.byte	0
 638 0016 0B       		.uleb128 0xb
 639 0017 0B       		.uleb128 0xb
 640 0018 3E       		.uleb128 0x3e
ARM GAS  C:\Users\MARCUS~1\AppData\Local\Temp\ccogNCbe.s 			page 13


 641 0019 0B       		.uleb128 0xb
 642 001a 03       		.uleb128 0x3
 643 001b 0E       		.uleb128 0xe
 644 001c 00       		.byte	0
 645 001d 00       		.byte	0
 646 001e 03       		.uleb128 0x3
 647 001f 16       		.uleb128 0x16
 648 0020 00       		.byte	0
 649 0021 03       		.uleb128 0x3
 650 0022 0E       		.uleb128 0xe
 651 0023 3A       		.uleb128 0x3a
 652 0024 0B       		.uleb128 0xb
 653 0025 3B       		.uleb128 0x3b
 654 0026 0B       		.uleb128 0xb
 655 0027 49       		.uleb128 0x49
 656 0028 13       		.uleb128 0x13
 657 0029 00       		.byte	0
 658 002a 00       		.byte	0
 659 002b 04       		.uleb128 0x4
 660 002c 24       		.uleb128 0x24
 661 002d 00       		.byte	0
 662 002e 0B       		.uleb128 0xb
 663 002f 0B       		.uleb128 0xb
 664 0030 3E       		.uleb128 0x3e
 665 0031 0B       		.uleb128 0xb
 666 0032 03       		.uleb128 0x3
 667 0033 08       		.uleb128 0x8
 668 0034 00       		.byte	0
 669 0035 00       		.byte	0
 670 0036 05       		.uleb128 0x5
 671 0037 13       		.uleb128 0x13
 672 0038 01       		.byte	0x1
 673 0039 03       		.uleb128 0x3
 674 003a 0E       		.uleb128 0xe
 675 003b 0B       		.uleb128 0xb
 676 003c 0B       		.uleb128 0xb
 677 003d 3A       		.uleb128 0x3a
 678 003e 0B       		.uleb128 0xb
 679 003f 3B       		.uleb128 0x3b
 680 0040 0B       		.uleb128 0xb
 681 0041 01       		.uleb128 0x1
 682 0042 13       		.uleb128 0x13
 683 0043 00       		.byte	0
 684 0044 00       		.byte	0
 685 0045 06       		.uleb128 0x6
 686 0046 0D       		.uleb128 0xd
 687 0047 00       		.byte	0
 688 0048 03       		.uleb128 0x3
 689 0049 08       		.uleb128 0x8
 690 004a 3A       		.uleb128 0x3a
 691 004b 0B       		.uleb128 0xb
 692 004c 3B       		.uleb128 0x3b
 693 004d 0B       		.uleb128 0xb
 694 004e 49       		.uleb128 0x49
 695 004f 13       		.uleb128 0x13
 696 0050 38       		.uleb128 0x38
 697 0051 0B       		.uleb128 0xb
ARM GAS  C:\Users\MARCUS~1\AppData\Local\Temp\ccogNCbe.s 			page 14


 698 0052 00       		.byte	0
 699 0053 00       		.byte	0
 700 0054 07       		.uleb128 0x7
 701 0055 0D       		.uleb128 0xd
 702 0056 00       		.byte	0
 703 0057 03       		.uleb128 0x3
 704 0058 0E       		.uleb128 0xe
 705 0059 3A       		.uleb128 0x3a
 706 005a 0B       		.uleb128 0xb
 707 005b 3B       		.uleb128 0x3b
 708 005c 0B       		.uleb128 0xb
 709 005d 49       		.uleb128 0x49
 710 005e 13       		.uleb128 0x13
 711 005f 38       		.uleb128 0x38
 712 0060 0B       		.uleb128 0xb
 713 0061 00       		.byte	0
 714 0062 00       		.byte	0
 715 0063 08       		.uleb128 0x8
 716 0064 2E       		.uleb128 0x2e
 717 0065 01       		.byte	0x1
 718 0066 3F       		.uleb128 0x3f
 719 0067 19       		.uleb128 0x19
 720 0068 03       		.uleb128 0x3
 721 0069 0E       		.uleb128 0xe
 722 006a 3A       		.uleb128 0x3a
 723 006b 0B       		.uleb128 0xb
 724 006c 3B       		.uleb128 0x3b
 725 006d 0B       		.uleb128 0xb
 726 006e 27       		.uleb128 0x27
 727 006f 19       		.uleb128 0x19
 728 0070 11       		.uleb128 0x11
 729 0071 01       		.uleb128 0x1
 730 0072 12       		.uleb128 0x12
 731 0073 06       		.uleb128 0x6
 732 0074 40       		.uleb128 0x40
 733 0075 18       		.uleb128 0x18
 734 0076 9742     		.uleb128 0x2117
 735 0078 19       		.uleb128 0x19
 736 0079 01       		.uleb128 0x1
 737 007a 13       		.uleb128 0x13
 738 007b 00       		.byte	0
 739 007c 00       		.byte	0
 740 007d 09       		.uleb128 0x9
 741 007e 05       		.uleb128 0x5
 742 007f 00       		.byte	0
 743 0080 03       		.uleb128 0x3
 744 0081 08       		.uleb128 0x8
 745 0082 3A       		.uleb128 0x3a
 746 0083 0B       		.uleb128 0xb
 747 0084 3B       		.uleb128 0x3b
 748 0085 0B       		.uleb128 0xb
 749 0086 49       		.uleb128 0x49
 750 0087 13       		.uleb128 0x13
 751 0088 02       		.uleb128 0x2
 752 0089 17       		.uleb128 0x17
 753 008a 00       		.byte	0
 754 008b 00       		.byte	0
ARM GAS  C:\Users\MARCUS~1\AppData\Local\Temp\ccogNCbe.s 			page 15


 755 008c 0A       		.uleb128 0xa
 756 008d 05       		.uleb128 0x5
 757 008e 00       		.byte	0
 758 008f 03       		.uleb128 0x3
 759 0090 0E       		.uleb128 0xe
 760 0091 3A       		.uleb128 0x3a
 761 0092 0B       		.uleb128 0xb
 762 0093 3B       		.uleb128 0x3b
 763 0094 0B       		.uleb128 0xb
 764 0095 49       		.uleb128 0x49
 765 0096 13       		.uleb128 0x13
 766 0097 02       		.uleb128 0x2
 767 0098 18       		.uleb128 0x18
 768 0099 00       		.byte	0
 769 009a 00       		.byte	0
 770 009b 0B       		.uleb128 0xb
 771 009c 0B       		.uleb128 0xb
 772 009d 01       		.byte	0x1
 773 009e 11       		.uleb128 0x11
 774 009f 01       		.uleb128 0x1
 775 00a0 12       		.uleb128 0x12
 776 00a1 06       		.uleb128 0x6
 777 00a2 00       		.byte	0
 778 00a3 00       		.byte	0
 779 00a4 0C       		.uleb128 0xc
 780 00a5 34       		.uleb128 0x34
 781 00a6 00       		.byte	0
 782 00a7 03       		.uleb128 0x3
 783 00a8 0E       		.uleb128 0xe
 784 00a9 3A       		.uleb128 0x3a
 785 00aa 0B       		.uleb128 0xb
 786 00ab 3B       		.uleb128 0x3b
 787 00ac 0B       		.uleb128 0xb
 788 00ad 49       		.uleb128 0x49
 789 00ae 13       		.uleb128 0x13
 790 00af 02       		.uleb128 0x2
 791 00b0 17       		.uleb128 0x17
 792 00b1 00       		.byte	0
 793 00b2 00       		.byte	0
 794 00b3 0D       		.uleb128 0xd
 795 00b4 898201   		.uleb128 0x4109
 796 00b7 01       		.byte	0x1
 797 00b8 11       		.uleb128 0x11
 798 00b9 01       		.uleb128 0x1
 799 00ba 31       		.uleb128 0x31
 800 00bb 13       		.uleb128 0x13
 801 00bc 01       		.uleb128 0x1
 802 00bd 13       		.uleb128 0x13
 803 00be 00       		.byte	0
 804 00bf 00       		.byte	0
 805 00c0 0E       		.uleb128 0xe
 806 00c1 8A8201   		.uleb128 0x410a
 807 00c4 00       		.byte	0
 808 00c5 02       		.uleb128 0x2
 809 00c6 18       		.uleb128 0x18
 810 00c7 9142     		.uleb128 0x2111
 811 00c9 18       		.uleb128 0x18
ARM GAS  C:\Users\MARCUS~1\AppData\Local\Temp\ccogNCbe.s 			page 16


 812 00ca 00       		.byte	0
 813 00cb 00       		.byte	0
 814 00cc 0F       		.uleb128 0xf
 815 00cd 898201   		.uleb128 0x4109
 816 00d0 01       		.byte	0x1
 817 00d1 11       		.uleb128 0x11
 818 00d2 01       		.uleb128 0x1
 819 00d3 31       		.uleb128 0x31
 820 00d4 13       		.uleb128 0x13
 821 00d5 00       		.byte	0
 822 00d6 00       		.byte	0
 823 00d7 10       		.uleb128 0x10
 824 00d8 34       		.uleb128 0x34
 825 00d9 00       		.byte	0
 826 00da 03       		.uleb128 0x3
 827 00db 08       		.uleb128 0x8
 828 00dc 3A       		.uleb128 0x3a
 829 00dd 0B       		.uleb128 0xb
 830 00de 3B       		.uleb128 0x3b
 831 00df 0B       		.uleb128 0xb
 832 00e0 49       		.uleb128 0x49
 833 00e1 13       		.uleb128 0x13
 834 00e2 02       		.uleb128 0x2
 835 00e3 17       		.uleb128 0x17
 836 00e4 00       		.byte	0
 837 00e5 00       		.byte	0
 838 00e6 11       		.uleb128 0x11
 839 00e7 34       		.uleb128 0x34
 840 00e8 00       		.byte	0
 841 00e9 03       		.uleb128 0x3
 842 00ea 0E       		.uleb128 0xe
 843 00eb 3A       		.uleb128 0x3a
 844 00ec 0B       		.uleb128 0xb
 845 00ed 3B       		.uleb128 0x3b
 846 00ee 05       		.uleb128 0x5
 847 00ef 49       		.uleb128 0x49
 848 00f0 13       		.uleb128 0x13
 849 00f1 3F       		.uleb128 0x3f
 850 00f2 19       		.uleb128 0x19
 851 00f3 3C       		.uleb128 0x3c
 852 00f4 19       		.uleb128 0x19
 853 00f5 00       		.byte	0
 854 00f6 00       		.byte	0
 855 00f7 12       		.uleb128 0x12
 856 00f8 35       		.uleb128 0x35
 857 00f9 00       		.byte	0
 858 00fa 49       		.uleb128 0x49
 859 00fb 13       		.uleb128 0x13
 860 00fc 00       		.byte	0
 861 00fd 00       		.byte	0
 862 00fe 13       		.uleb128 0x13
 863 00ff 2E       		.uleb128 0x2e
 864 0100 00       		.byte	0
 865 0101 3F       		.uleb128 0x3f
 866 0102 19       		.uleb128 0x19
 867 0103 3C       		.uleb128 0x3c
 868 0104 19       		.uleb128 0x19
ARM GAS  C:\Users\MARCUS~1\AppData\Local\Temp\ccogNCbe.s 			page 17


 869 0105 6E       		.uleb128 0x6e
 870 0106 0E       		.uleb128 0xe
 871 0107 03       		.uleb128 0x3
 872 0108 0E       		.uleb128 0xe
 873 0109 3A       		.uleb128 0x3a
 874 010a 0B       		.uleb128 0xb
 875 010b 3B       		.uleb128 0x3b
 876 010c 0B       		.uleb128 0xb
 877 010d 00       		.byte	0
 878 010e 00       		.byte	0
 879 010f 00       		.byte	0
 880              		.section	.debug_loc,"",%progbits
 881              	.Ldebug_loc0:
 882              	.LLST0:
 883 0000 00000000 		.4byte	.LVL0
 884 0004 0E000000 		.4byte	.LVL1
 885 0008 0100     		.2byte	0x1
 886 000a 50       		.byte	0x50
 887 000b 0E000000 		.4byte	.LVL1
 888 000f 42000000 		.4byte	.LFE63
 889 0013 0400     		.2byte	0x4
 890 0015 F3       		.byte	0xf3
 891 0016 01       		.uleb128 0x1
 892 0017 50       		.byte	0x50
 893 0018 9F       		.byte	0x9f
 894 0019 00000000 		.4byte	0
 895 001d 00000000 		.4byte	0
 896              	.LLST1:
 897 0021 10000000 		.4byte	.LVL2
 898 0025 3E000000 		.4byte	.LVL5
 899 0029 0100     		.2byte	0x1
 900 002b 54       		.byte	0x54
 901 002c 00000000 		.4byte	0
 902 0030 00000000 		.4byte	0
 903              	.LLST2:
 904 0034 06000000 		.4byte	.LVL6
 905 0038 0A000000 		.4byte	.LVL7
 906 003c 0200     		.2byte	0x2
 907 003e 30       		.byte	0x30
 908 003f 9F       		.byte	0x9f
 909 0040 0A000000 		.4byte	.LVL7
 910 0044 14000000 		.4byte	.LVL9
 911 0048 0100     		.2byte	0x1
 912 004a 54       		.byte	0x54
 913 004b 16000000 		.4byte	.LVL10
 914 004f 1E000000 		.4byte	.LFE64
 915 0053 0100     		.2byte	0x1
 916 0055 54       		.byte	0x54
 917 0056 00000000 		.4byte	0
 918 005a 00000000 		.4byte	0
 919              	.LLST3:
 920 005e 00000000 		.4byte	.LVL11
 921 0062 16000000 		.4byte	.LVL13
 922 0066 0100     		.2byte	0x1
 923 0068 50       		.byte	0x50
 924 0069 16000000 		.4byte	.LVL13
 925 006d 46000000 		.4byte	.LFE65
ARM GAS  C:\Users\MARCUS~1\AppData\Local\Temp\ccogNCbe.s 			page 18


 926 0071 0400     		.2byte	0x4
 927 0073 F3       		.byte	0xf3
 928 0074 01       		.uleb128 0x1
 929 0075 50       		.byte	0x50
 930 0076 9F       		.byte	0x9f
 931 0077 00000000 		.4byte	0
 932 007b 00000000 		.4byte	0
 933              	.LLST4:
 934 007f 12000000 		.4byte	.LVL12
 935 0083 16000000 		.4byte	.LVL13
 936 0087 0200     		.2byte	0x2
 937 0089 30       		.byte	0x30
 938 008a 9F       		.byte	0x9f
 939 008b 16000000 		.4byte	.LVL13
 940 008f 46000000 		.4byte	.LFE65
 941 0093 0100     		.2byte	0x1
 942 0095 54       		.byte	0x54
 943 0096 00000000 		.4byte	0
 944 009a 00000000 		.4byte	0
 945              		.section	.debug_aranges,"",%progbits
 946 0000 2C000000 		.4byte	0x2c
 947 0004 0200     		.2byte	0x2
 948 0006 00000000 		.4byte	.Ldebug_info0
 949 000a 04       		.byte	0x4
 950 000b 00       		.byte	0
 951 000c 0000     		.2byte	0
 952 000e 0000     		.2byte	0
 953 0010 00000000 		.4byte	.LFB63
 954 0014 42000000 		.4byte	.LFE63-.LFB63
 955 0018 00000000 		.4byte	.LFB64
 956 001c 1E000000 		.4byte	.LFE64-.LFB64
 957 0020 00000000 		.4byte	.LFB65
 958 0024 46000000 		.4byte	.LFE65-.LFB65
 959 0028 00000000 		.4byte	0
 960 002c 00000000 		.4byte	0
 961              		.section	.debug_ranges,"",%progbits
 962              	.Ldebug_ranges0:
 963 0000 00000000 		.4byte	.LFB63
 964 0004 42000000 		.4byte	.LFE63
 965 0008 00000000 		.4byte	.LFB64
 966 000c 1E000000 		.4byte	.LFE64
 967 0010 00000000 		.4byte	.LFB65
 968 0014 46000000 		.4byte	.LFE65
 969 0018 00000000 		.4byte	0
 970 001c 00000000 		.4byte	0
 971              		.section	.debug_line,"",%progbits
 972              	.Ldebug_line0:
 973 0000 C9010000 		.section	.debug_str,"MS",%progbits,1
 973      02005B01 
 973      00000201 
 973      FB0E0D00 
 973      01010101 
 974              	.LASF4:
 975 0000 5F5F7569 		.ascii	"__uint8_t\000"
 975      6E74385F 
 975      7400
 976              	.LASF5:
ARM GAS  C:\Users\MARCUS~1\AppData\Local\Temp\ccogNCbe.s 			page 19


 977 000a 5F5F696E 		.ascii	"__int32_t\000"
 977      7433325F 
 977      7400
 978              	.LASF33:
 979 0014 64757261 		.ascii	"duration\000"
 979      74696F6E 
 979      00
 980              	.LASF18:
 981 001d 646F7562 		.ascii	"double\000"
 981      6C6500
 982              	.LASF16:
 983 0024 75696E74 		.ascii	"uint64_t\000"
 983      36345F74 
 983      00
 984              	.LASF26:
 985 002d 636F6E74 		.ascii	"controlLight\000"
 985      726F6C4C 
 985      69676874 
 985      00
 986              	.LASF17:
 987 003a 666C6F61 		.ascii	"float\000"
 987      7400
 988              	.LASF1:
 989 0040 756E7369 		.ascii	"unsigned char\000"
 989      676E6564 
 989      20636861 
 989      7200
 990              	.LASF36:
 991 004e 474E5520 		.ascii	"GNU C11 5.4.1 20160609 (release) [ARM/embedded-5-br"
 991      43313120 
 991      352E342E 
 991      31203230 
 991      31363036 
 992 0081 616E6368 		.ascii	"anch revision 237715] -mcpu=cortex-m3 -mthumb -g -O"
 992      20726576 
 992      6973696F 
 992      6E203233 
 992      37373135 
 993 00b4 67202D66 		.ascii	"g -ffunction-sections -ffat-lto-objects\000"
 993      66756E63 
 993      74696F6E 
 993      2D736563 
 993      74696F6E 
 994              	.LASF8:
 995 00dc 6C6F6E67 		.ascii	"long unsigned int\000"
 995      20756E73 
 995      69676E65 
 995      6420696E 
 995      7400
 996              	.LASF3:
 997 00ee 73686F72 		.ascii	"short unsigned int\000"
 997      7420756E 
 997      7369676E 
 997      65642069 
 997      6E7400
 998              	.LASF39:
 999 0101 49544D5F 		.ascii	"ITM_RxBuffer\000"
ARM GAS  C:\Users\MARCUS~1\AppData\Local\Temp\ccogNCbe.s 			page 20


 999      52784275 
 999      66666572 
 999      00
 1000              	.LASF23:
 1001 010e 426C7565 		.ascii	"Blue\000"
 1001      00
 1002              	.LASF38:
 1003 0113 433A5C55 		.ascii	"C:\\Users\\Marcus Gasberg\\Documents\\GitHub\\playe"
 1003      73657273 
 1003      5C4D6172 
 1003      63757320 
 1003      47617362 
 1004 0141 725F7369 		.ascii	"r_side_app\\CupLight_IF_w_ShiftPWM\\ShiftRegPWM.cyd"
 1004      64655F61 
 1004      70705C43 
 1004      75704C69 
 1004      6768745F 
 1005 0172 736E00   		.ascii	"sn\000"
 1006              	.LASF30:
 1007 0175 636F6C6F 		.ascii	"color1\000"
 1007      723100
 1008              	.LASF31:
 1009 017c 636F6C6F 		.ascii	"color2\000"
 1009      723200
 1010              	.LASF7:
 1011 0183 5F5F7569 		.ascii	"__uint32_t\000"
 1011      6E743332 
 1011      5F7400
 1012              	.LASF25:
 1013 018e 636F6C6F 		.ascii	"color\000"
 1013      7200
 1014              	.LASF12:
 1015 0194 756E7369 		.ascii	"unsigned int\000"
 1015      676E6564 
 1015      20696E74 
 1015      00
 1016              	.LASF22:
 1017 01a1 47726565 		.ascii	"Green\000"
 1017      6E00
 1018              	.LASF11:
 1019 01a7 6C6F6E67 		.ascii	"long long unsigned int\000"
 1019      206C6F6E 
 1019      6720756E 
 1019      7369676E 
 1019      65642069 
 1020              	.LASF13:
 1021 01be 75696E74 		.ascii	"uint8_t\000"
 1021      385F7400 
 1022              	.LASF29:
 1023 01c6 626C696E 		.ascii	"blinkLight\000"
 1023      6B4C6967 
 1023      687400
 1024              	.LASF28:
 1025 01d1 73686966 		.ascii	"shiftRegPos\000"
 1025      74526567 
 1025      506F7300 
 1026              	.LASF14:
ARM GAS  C:\Users\MARCUS~1\AppData\Local\Temp\ccogNCbe.s 			page 21


 1027 01dd 696E7433 		.ascii	"int32_t\000"
 1027      325F7400 
 1028              	.LASF21:
 1029 01e5 73697A65 		.ascii	"sizetype\000"
 1029      74797065 
 1029      00
 1030              	.LASF27:
 1031 01ee 636F6E74 		.ascii	"controlAllLights\000"
 1031      726F6C41 
 1031      6C6C4C69 
 1031      67687473 
 1031      00
 1032              	.LASF9:
 1033 01ff 6C6F6E67 		.ascii	"long long int\000"
 1033      206C6F6E 
 1033      6720696E 
 1033      7400
 1034              	.LASF19:
 1035 020d 63686172 		.ascii	"char\000"
 1035      00
 1036              	.LASF34:
 1037 0212 73657450 		.ascii	"setPin\000"
 1037      696E00
 1038              	.LASF37:
 1039 0219 4375704C 		.ascii	"CupLight_IF.c\000"
 1039      69676874 
 1039      5F49462E 
 1039      6300
 1040              	.LASF2:
 1041 0227 73686F72 		.ascii	"short int\000"
 1041      7420696E 
 1041      7400
 1042              	.LASF10:
 1043 0231 5F5F7569 		.ascii	"__uint64_t\000"
 1043      6E743634 
 1043      5F7400
 1044              	.LASF32:
 1045 023c 696E7465 		.ascii	"interval\000"
 1045      7276616C 
 1045      00
 1046              	.LASF15:
 1047 0245 75696E74 		.ascii	"uint32_t\000"
 1047      33325F74 
 1047      00
 1048              	.LASF6:
 1049 024e 6C6F6E67 		.ascii	"long int\000"
 1049      20696E74 
 1049      00
 1050              	.LASF20:
 1051 0257 6C6F6E67 		.ascii	"long double\000"
 1051      20646F75 
 1051      626C6500 
 1052              	.LASF0:
 1053 0263 7369676E 		.ascii	"signed char\000"
 1053      65642063 
 1053      68617200 
 1054              	.LASF35:
ARM GAS  C:\Users\MARCUS~1\AppData\Local\Temp\ccogNCbe.s 			page 22


 1055 026f 43794465 		.ascii	"CyDelay\000"
 1055      6C617900 
 1056              	.LASF24:
 1057 0277 636F6C6F 		.ascii	"color_t\000"
 1057      725F7400 
 1058              		.ident	"GCC: (GNU Tools for ARM Embedded Processors) 5.4.1 20160609 (release) [ARM/embedded-5-bran
