ARM GAS  C:\Users\MARCUS~1\AppData\Local\Temp\ccyFsSDB.s 			page 1


   1              		.syntax unified
   2              		.cpu cortex-m3
   3              		.fpu softvfp
   4              		.eabi_attribute 20, 1
   5              		.eabi_attribute 21, 1
   6              		.eabi_attribute 23, 3
   7              		.eabi_attribute 24, 1
   8              		.eabi_attribute 25, 1
   9              		.eabi_attribute 26, 1
  10              		.eabi_attribute 30, 1
  11              		.eabi_attribute 34, 1
  12              		.eabi_attribute 18, 4
  13              		.thumb
  14              		.syntax unified
  15              		.file	"cymetadata.c"
  16              		.text
  17              	.Ltext0:
  18              		.cfi_sections	.debug_frame
  19              		.global	cy_metadata
  20              		.global	cy_meta_flashprotect
  21              		.global	cy_meta_wonvl
  22              		.global	cy_meta_custnvl
  23              		.global	cy_meta_configecc
  24              		.section	.cyconfigecc,"a",%progbits
  25              		.align	2
  26              		.type	cy_meta_configecc, %object
  27              		.size	cy_meta_configecc, 1444
  28              	cy_meta_configecc:
  29 0000 02       		.byte	2
  30 0001 4F       		.byte	79
  31 0002 00       		.byte	0
  32 0003 40       		.byte	64
  33 0004 02       		.byte	2
  34 0005 52       		.byte	82
  35 0006 00       		.byte	0
  36 0007 40       		.byte	64
  37 0008 01       		.byte	1
  38 0009 64       		.byte	100
  39 000a 00       		.byte	0
  40 000b 40       		.byte	64
  41 000c 03       		.byte	3
  42 000d 65       		.byte	101
  43 000e 00       		.byte	0
  44 000f 40       		.byte	64
  45 0010 04       		.byte	4
  46 0011 02       		.byte	2
  47 0012 01       		.byte	1
  48 0013 40       		.byte	64
  49 0014 02       		.byte	2
  50 0015 03       		.byte	3
  51 0016 01       		.byte	1
  52 0017 40       		.byte	64
  53 0018 02       		.byte	2
  54 0019 05       		.byte	5
  55 001a 01       		.byte	1
  56 001b 40       		.byte	64
  57 001c 59       		.byte	89
ARM GAS  C:\Users\MARCUS~1\AppData\Local\Temp\ccyFsSDB.s 			page 2


  58 001d 08       		.byte	8
  59 001e 01       		.byte	1
  60 001f 40       		.byte	64
  61 0020 3B       		.byte	59
  62 0021 09       		.byte	9
  63 0022 01       		.byte	1
  64 0023 40       		.byte	64
  65 0024 5A       		.byte	90
  66 0025 0A       		.byte	10
  67 0026 01       		.byte	1
  68 0027 40       		.byte	64
  69 0028 37       		.byte	55
  70 0029 0B       		.byte	11
  71 002a 01       		.byte	1
  72 002b 40       		.byte	64
  73 002c 01       		.byte	1
  74 002d 0D       		.byte	13
  75 002e 01       		.byte	1
  76 002f 40       		.byte	64
  77 0030 01       		.byte	1
  78 0031 15       		.byte	21
  79 0032 01       		.byte	1
  80 0033 40       		.byte	64
  81 0034 13       		.byte	19
  82 0035 18       		.byte	24
  83 0036 01       		.byte	1
  84 0037 40       		.byte	64
  85 0038 3B       		.byte	59
  86 0039 19       		.byte	25
  87 003a 01       		.byte	1
  88 003b 40       		.byte	64
  89 003c 4C       		.byte	76
  90 003d 1A       		.byte	26
  91 003e 01       		.byte	1
  92 003f 40       		.byte	64
  93 0040 44       		.byte	68
  94 0041 1B       		.byte	27
  95 0042 01       		.byte	1
  96 0043 40       		.byte	64
  97 0044 03       		.byte	3
  98 0045 40       		.byte	64
  99 0046 01       		.byte	1
 100 0047 40       		.byte	64
 101 0048 06       		.byte	6
 102 0049 41       		.byte	65
 103 004a 01       		.byte	1
 104 004b 40       		.byte	64
 105 004c 07       		.byte	7
 106 004d 42       		.byte	66
 107 004e 01       		.byte	1
 108 004f 40       		.byte	64
 109 0050 01       		.byte	1
 110 0051 43       		.byte	67
 111 0052 01       		.byte	1
 112 0053 40       		.byte	64
 113 0054 04       		.byte	4
 114 0055 45       		.byte	69
ARM GAS  C:\Users\MARCUS~1\AppData\Local\Temp\ccyFsSDB.s 			page 3


 115 0056 01       		.byte	1
 116 0057 40       		.byte	64
 117 0058 04       		.byte	4
 118 0059 46       		.byte	70
 119 005a 01       		.byte	1
 120 005b 40       		.byte	64
 121 005c 01       		.byte	1
 122 005d 48       		.byte	72
 123 005e 01       		.byte	1
 124 005f 40       		.byte	64
 125 0060 03       		.byte	3
 126 0061 49       		.byte	73
 127 0062 01       		.byte	1
 128 0063 40       		.byte	64
 129 0064 03       		.byte	3
 130 0065 4C       		.byte	76
 131 0066 01       		.byte	1
 132 0067 40       		.byte	64
 133 0068 07       		.byte	7
 134 0069 4D       		.byte	77
 135 006a 01       		.byte	1
 136 006b 40       		.byte	64
 137 006c 04       		.byte	4
 138 006d 50       		.byte	80
 139 006e 01       		.byte	1
 140 006f 40       		.byte	64
 141 0070 01       		.byte	1
 142 0071 51       		.byte	81
 143 0072 01       		.byte	1
 144 0073 40       		.byte	64
 145 0074 01       		.byte	1
 146 0075 80       		.byte	-128
 147 0076 0A       		.byte	10
 148 0077 4B       		.byte	75
 149 0078 10       		.byte	16
 150 0079 01       		.byte	1
 151 007a 11       		.byte	17
 152 007b 01       		.byte	1
 153 007c 8A       		.byte	-118
 154 007d 0F       		.byte	15
 155 007e 89       		.byte	-119
 156 007f 72       		.byte	114
 157 0080 8A       		.byte	-118
 158 0081 38       		.byte	56
 159 0082 8B       		.byte	-117
 160 0083 0F       		.byte	15
 161 0084 B8       		.byte	-72
 162 0085 80       		.byte	-128
 163 0086 BE       		.byte	-66
 164 0087 40       		.byte	64
 165 0088 D8       		.byte	-40
 166 0089 04       		.byte	4
 167 008a DF       		.byte	-33
 168 008b 01       		.byte	1
 169 008c 1A       		.byte	26
 170 008d 02       		.byte	2
 171 008e E6       		.byte	-26
ARM GAS  C:\Users\MARCUS~1\AppData\Local\Temp\ccyFsSDB.s 			page 4


 172 008f 02       		.byte	2
 173 0090 AE       		.byte	-82
 174 0091 01       		.byte	1
 175 0092 EC       		.byte	-20
 176 0093 20       		.byte	32
 177 0094 00       		.byte	0
 178 0095 12       		.byte	18
 179 0096 02       		.byte	2
 180 0097 64       		.byte	100
 181 0098 03       		.byte	3
 182 0099 20       		.byte	32
 183 009a 04       		.byte	4
 184 009b 01       		.byte	1
 185 009c 05       		.byte	5
 186 009d DC       		.byte	-36
 187 009e 06       		.byte	6
 188 009f 32       		.byte	50
 189 00a0 07       		.byte	7
 190 00a1 22       		.byte	34
 191 00a2 0C       		.byte	12
 192 00a3 4D       		.byte	77
 193 00a4 0E       		.byte	14
 194 00a5 80       		.byte	-128
 195 00a6 12       		.byte	18
 196 00a7 80       		.byte	-128
 197 00a8 14       		.byte	20
 198 00a9 10       		.byte	16
 199 00aa 15       		.byte	21
 200 00ab 10       		.byte	16
 201 00ac 16       		.byte	22
 202 00ad 60       		.byte	96
 203 00ae 17       		.byte	23
 204 00af AC       		.byte	-84
 205 00b0 18       		.byte	24
 206 00b1 72       		.byte	114
 207 00b2 19       		.byte	25
 208 00b3 0C       		.byte	12
 209 00b4 1A       		.byte	26
 210 00b5 08       		.byte	8
 211 00b6 1B       		.byte	27
 212 00b7 71       		.byte	113
 213 00b8 1C       		.byte	28
 214 00b9 02       		.byte	2
 215 00ba 1E       		.byte	30
 216 00bb 0D       		.byte	13
 217 00bc 1F       		.byte	31
 218 00bd 03       		.byte	3
 219 00be 20       		.byte	32
 220 00bf CD       		.byte	-51
 221 00c0 24       		.byte	36
 222 00c1 8D       		.byte	-115
 223 00c2 25       		.byte	37
 224 00c3 14       		.byte	20
 225 00c4 26       		.byte	38
 226 00c5 40       		.byte	64
 227 00c6 28       		.byte	40
 228 00c7 CD       		.byte	-51
ARM GAS  C:\Users\MARCUS~1\AppData\Local\Temp\ccyFsSDB.s 			page 5


 229 00c8 29       		.byte	41
 230 00c9 10       		.byte	16
 231 00ca 2B       		.byte	43
 232 00cb 40       		.byte	64
 233 00cc 2C       		.byte	44
 234 00cd CD       		.byte	-51
 235 00ce 2D       		.byte	45
 236 00cf 09       		.byte	9
 237 00d0 2F       		.byte	47
 238 00d1 D0       		.byte	-48
 239 00d2 32       		.byte	50
 240 00d3 70       		.byte	112
 241 00d4 34       		.byte	52
 242 00d5 80       		.byte	-128
 243 00d6 35       		.byte	53
 244 00d7 E0       		.byte	-32
 245 00d8 36       		.byte	54
 246 00d9 0F       		.byte	15
 247 00da 37       		.byte	55
 248 00db 1F       		.byte	31
 249 00dc 3A       		.byte	58
 250 00dd 88       		.byte	-120
 251 00de 3B       		.byte	59
 252 00df 20       		.byte	32
 253 00e0 3E       		.byte	62
 254 00e1 10       		.byte	16
 255 00e2 40       		.byte	64
 256 00e3 03       		.byte	3
 257 00e4 47       		.byte	71
 258 00e5 04       		.byte	4
 259 00e6 49       		.byte	73
 260 00e7 FF       		.byte	-1
 261 00e8 4A       		.byte	74
 262 00e9 07       		.byte	7
 263 00ea 4B       		.byte	75
 264 00eb FF       		.byte	-1
 265 00ec 4C       		.byte	76
 266 00ed 40       		.byte	64
 267 00ee 4D       		.byte	77
 268 00ef 20       		.byte	32
 269 00f0 4E       		.byte	78
 270 00f1 F0       		.byte	-16
 271 00f2 4F       		.byte	79
 272 00f3 05       		.byte	5
 273 00f4 50       		.byte	80
 274 00f5 08       		.byte	8
 275 00f6 54       		.byte	84
 276 00f7 40       		.byte	64
 277 00f8 58       		.byte	88
 278 00f9 04       		.byte	4
 279 00fa 59       		.byte	89
 280 00fb 04       		.byte	4
 281 00fc 5A       		.byte	90
 282 00fd 04       		.byte	4
 283 00fe 5B       		.byte	91
 284 00ff 04       		.byte	4
 285 0100 5C       		.byte	92
ARM GAS  C:\Users\MARCUS~1\AppData\Local\Temp\ccyFsSDB.s 			page 6


 286 0101 10       		.byte	16
 287 0102 5D       		.byte	93
 288 0103 01       		.byte	1
 289 0104 5F       		.byte	95
 290 0105 01       		.byte	1
 291 0106 60       		.byte	96
 292 0107 40       		.byte	64
 293 0108 61       		.byte	97
 294 0109 A8       		.byte	-88
 295 010a 62       		.byte	98
 296 010b 40       		.byte	64
 297 010c 63       		.byte	99
 298 010d 20       		.byte	32
 299 010e 80       		.byte	-128
 300 010f 05       		.byte	5
 301 0110 82       		.byte	-126
 302 0111 0A       		.byte	10
 303 0112 84       		.byte	-124
 304 0113 03       		.byte	3
 305 0114 85       		.byte	-123
 306 0115 01       		.byte	1
 307 0116 86       		.byte	-122
 308 0117 04       		.byte	4
 309 0118 87       		.byte	-121
 310 0119 0A       		.byte	10
 311 011a 8C       		.byte	-116
 312 011b 0E       		.byte	14
 313 011c 8D       		.byte	-115
 314 011d 0E       		.byte	14
 315 011e 8F       		.byte	-113
 316 011f 01       		.byte	1
 317 0120 91       		.byte	-111
 318 0121 04       		.byte	4
 319 0122 98       		.byte	-104
 320 0123 04       		.byte	4
 321 0124 99       		.byte	-103
 322 0125 04       		.byte	4
 323 0126 9A       		.byte	-102
 324 0127 09       		.byte	9
 325 0128 9B       		.byte	-101
 326 0129 08       		.byte	8
 327 012a 9D       		.byte	-99
 328 012b 10       		.byte	16
 329 012c B0       		.byte	-80
 330 012d 0F       		.byte	15
 331 012e B1       		.byte	-79
 332 012f 08       		.byte	8
 333 0130 B3       		.byte	-77
 334 0131 10       		.byte	16
 335 0132 B5       		.byte	-75
 336 0133 07       		.byte	7
 337 0134 B8       		.byte	-72
 338 0135 02       		.byte	2
 339 0136 BB       		.byte	-69
 340 0137 20       		.byte	32
 341 0138 BF       		.byte	-65
 342 0139 05       		.byte	5
ARM GAS  C:\Users\MARCUS~1\AppData\Local\Temp\ccyFsSDB.s 			page 7


 343 013a D4       		.byte	-44
 344 013b 09       		.byte	9
 345 013c D6       		.byte	-42
 346 013d 04       		.byte	4
 347 013e D8       		.byte	-40
 348 013f 04       		.byte	4
 349 0140 D9       		.byte	-39
 350 0141 04       		.byte	4
 351 0142 DB       		.byte	-37
 352 0143 04       		.byte	4
 353 0144 DF       		.byte	-33
 354 0145 01       		.byte	1
 355 0146 00       		.byte	0
 356 0147 44       		.byte	68
 357 0148 01       		.byte	1
 358 0149 02       		.byte	2
 359 014a 04       		.byte	4
 360 014b 04       		.byte	4
 361 014c 05       		.byte	5
 362 014d 02       		.byte	2
 363 014e 07       		.byte	7
 364 014f 01       		.byte	1
 365 0150 09       		.byte	9
 366 0151 20       		.byte	32
 367 0152 0C       		.byte	12
 368 0153 01       		.byte	1
 369 0154 0D       		.byte	13
 370 0155 20       		.byte	32
 371 0156 0E       		.byte	14
 372 0157 12       		.byte	18
 373 0158 0F       		.byte	15
 374 0159 80       		.byte	-128
 375 015a 17       		.byte	23
 376 015b 66       		.byte	102
 377 015c 18       		.byte	24
 378 015d 40       		.byte	64
 379 015e 1E       		.byte	30
 380 015f 12       		.byte	18
 381 0160 1F       		.byte	31
 382 0161 10       		.byte	16
 383 0162 21       		.byte	33
 384 0163 20       		.byte	32
 385 0164 22       		.byte	34
 386 0165 04       		.byte	4
 387 0166 23       		.byte	35
 388 0167 80       		.byte	-128
 389 0168 26       		.byte	38
 390 0169 90       		.byte	-112
 391 016a 2C       		.byte	44
 392 016b 08       		.byte	8
 393 016c 2E       		.byte	46
 394 016d 08       		.byte	8
 395 016e 2F       		.byte	47
 396 016f 01       		.byte	1
 397 0170 31       		.byte	49
 398 0171 20       		.byte	32
 399 0172 32       		.byte	50
ARM GAS  C:\Users\MARCUS~1\AppData\Local\Temp\ccyFsSDB.s 			page 8


 400 0173 80       		.byte	-128
 401 0174 33       		.byte	51
 402 0175 02       		.byte	2
 403 0176 35       		.byte	53
 404 0177 04       		.byte	4
 405 0178 36       		.byte	54
 406 0179 90       		.byte	-112
 407 017a 38       		.byte	56
 408 017b 84       		.byte	-124
 409 017c 3E       		.byte	62
 410 017d 04       		.byte	4
 411 017e 3F       		.byte	63
 412 017f 02       		.byte	2
 413 0180 45       		.byte	69
 414 0181 08       		.byte	8
 415 0182 4F       		.byte	79
 416 0183 02       		.byte	2
 417 0184 54       		.byte	84
 418 0185 08       		.byte	8
 419 0186 56       		.byte	86
 420 0187 04       		.byte	4
 421 0188 59       		.byte	89
 422 0189 08       		.byte	8
 423 018a 5A       		.byte	90
 424 018b 01       		.byte	1
 425 018c 5B       		.byte	91
 426 018d 90       		.byte	-112
 427 018e 61       		.byte	97
 428 018f 40       		.byte	64
 429 0190 63       		.byte	99
 430 0191 40       		.byte	64
 431 0192 64       		.byte	100
 432 0193 01       		.byte	1
 433 0194 66       		.byte	102
 434 0195 20       		.byte	32
 435 0196 67       		.byte	103
 436 0197 20       		.byte	32
 437 0198 90       		.byte	-112
 438 0199 84       		.byte	-124
 439 019a 92       		.byte	-110
 440 019b 01       		.byte	1
 441 019c 96       		.byte	-106
 442 019d 10       		.byte	16
 443 019e 97       		.byte	-105
 444 019f 40       		.byte	64
 445 01a0 99       		.byte	-103
 446 01a1 4A       		.byte	74
 447 01a2 9A       		.byte	-102
 448 01a3 20       		.byte	32
 449 01a4 9B       		.byte	-101
 450 01a5 67       		.byte	103
 451 01a6 A3       		.byte	-93
 452 01a7 42       		.byte	66
 453 01a8 A5       		.byte	-91
 454 01a9 20       		.byte	32
 455 01aa C0       		.byte	-64
 456 01ab BD       		.byte	-67
ARM GAS  C:\Users\MARCUS~1\AppData\Local\Temp\ccyFsSDB.s 			page 9


 457 01ac C2       		.byte	-62
 458 01ad F2       		.byte	-14
 459 01ae C4       		.byte	-60
 460 01af F0       		.byte	-16
 461 01b0 CA       		.byte	-54
 462 01b1 70       		.byte	112
 463 01b2 CC       		.byte	-52
 464 01b3 7D       		.byte	125
 465 01b4 CE       		.byte	-50
 466 01b5 CA       		.byte	-54
 467 01b6 D0       		.byte	-48
 468 01b7 40       		.byte	64
 469 01b8 D6       		.byte	-42
 470 01b9 0F       		.byte	15
 471 01ba D8       		.byte	-40
 472 01bb 79       		.byte	121
 473 01bc 00       		.byte	0
 474 01bd 21       		.byte	33
 475 01be 02       		.byte	2
 476 01bf 18       		.byte	24
 477 01c0 04       		.byte	4
 478 01c1 33       		.byte	51
 479 01c2 05       		.byte	5
 480 01c3 02       		.byte	2
 481 01c4 06       		.byte	6
 482 01c5 04       		.byte	4
 483 01c6 07       		.byte	7
 484 01c7 0D       		.byte	13
 485 01c8 0B       		.byte	11
 486 01c9 20       		.byte	32
 487 01ca 0C       		.byte	12
 488 01cb 02       		.byte	2
 489 01cc 0D       		.byte	13
 490 01cd 05       		.byte	5
 491 01ce 0F       		.byte	15
 492 01cf 3A       		.byte	58
 493 01d0 14       		.byte	20
 494 01d1 18       		.byte	24
 495 01d2 15       		.byte	21
 496 01d3 13       		.byte	19
 497 01d4 17       		.byte	23
 498 01d5 0C       		.byte	12
 499 01d6 18       		.byte	24
 500 01d7 3C       		.byte	60
 501 01d8 19       		.byte	25
 502 01d9 09       		.byte	9
 503 01da 1A       		.byte	26
 504 01db 03       		.byte	3
 505 01dc 1B       		.byte	27
 506 01dd 36       		.byte	54
 507 01de 1C       		.byte	28
 508 01df 1A       		.byte	26
 509 01e0 20       		.byte	32
 510 01e1 1A       		.byte	26
 511 01e2 24       		.byte	36
 512 01e3 18       		.byte	24
 513 01e4 26       		.byte	38
ARM GAS  C:\Users\MARCUS~1\AppData\Local\Temp\ccyFsSDB.s 			page 10


 514 01e5 02       		.byte	2
 515 01e6 28       		.byte	40
 516 01e7 02       		.byte	2
 517 01e8 2A       		.byte	42
 518 01e9 18       		.byte	24
 519 01ea 2C       		.byte	44
 520 01eb 18       		.byte	24
 521 01ec 2E       		.byte	46
 522 01ed 02       		.byte	2
 523 01ee 30       		.byte	48
 524 01ef 0F       		.byte	15
 525 01f0 33       		.byte	51
 526 01f1 0F       		.byte	15
 527 01f2 34       		.byte	52
 528 01f3 13       		.byte	19
 529 01f4 35       		.byte	53
 530 01f5 30       		.byte	48
 531 01f6 36       		.byte	54
 532 01f7 20       		.byte	32
 533 01f8 3A       		.byte	58
 534 01f9 02       		.byte	2
 535 01fa 3B       		.byte	59
 536 01fb 08       		.byte	8
 537 01fc 3E       		.byte	62
 538 01fd 40       		.byte	64
 539 01fe 56       		.byte	86
 540 01ff 02       		.byte	2
 541 0200 57       		.byte	87
 542 0201 28       		.byte	40
 543 0202 58       		.byte	88
 544 0203 04       		.byte	4
 545 0204 59       		.byte	89
 546 0205 04       		.byte	4
 547 0206 5B       		.byte	91
 548 0207 04       		.byte	4
 549 0208 5F       		.byte	95
 550 0209 01       		.byte	1
 551 020a 80       		.byte	-128
 552 020b 0A       		.byte	10
 553 020c 82       		.byte	-126
 554 020d 10       		.byte	16
 555 020e 84       		.byte	-124
 556 020f 07       		.byte	7
 557 0210 86       		.byte	-122
 558 0211 38       		.byte	56
 559 0212 88       		.byte	-120
 560 0213 60       		.byte	96
 561 0214 8C       		.byte	-116
 562 0215 84       		.byte	-124
 563 0216 90       		.byte	-112
 564 0217 01       		.byte	1
 565 0218 94       		.byte	-108
 566 0219 04       		.byte	4
 567 021a 98       		.byte	-104
 568 021b 56       		.byte	86
 569 021c 9A       		.byte	-102
 570 021d 09       		.byte	9
ARM GAS  C:\Users\MARCUS~1\AppData\Local\Temp\ccyFsSDB.s 			page 11


 571 021e 9C       		.byte	-100
 572 021f 04       		.byte	4
 573 0220 9E       		.byte	-98
 574 0221 80       		.byte	-128
 575 0222 A0       		.byte	-96
 576 0223 84       		.byte	-124
 577 0224 A4       		.byte	-92
 578 0225 80       		.byte	-128
 579 0226 A6       		.byte	-90
 580 0227 04       		.byte	4
 581 0228 A8       		.byte	-88
 582 0229 84       		.byte	-124
 583 022a B0       		.byte	-80
 584 022b 7F       		.byte	127
 585 022c B2       		.byte	-78
 586 022d 80       		.byte	-128
 587 022e B6       		.byte	-74
 588 022f 80       		.byte	-128
 589 0230 B8       		.byte	-72
 590 0231 02       		.byte	2
 591 0232 BE       		.byte	-66
 592 0233 44       		.byte	68
 593 0234 C0       		.byte	-64
 594 0235 42       		.byte	66
 595 0236 C1       		.byte	-63
 596 0237 06       		.byte	6
 597 0238 C2       		.byte	-62
 598 0239 30       		.byte	48
 599 023a C4       		.byte	-60
 600 023b 05       		.byte	5
 601 023c C5       		.byte	-59
 602 023d 0E       		.byte	14
 603 023e C6       		.byte	-58
 604 023f FD       		.byte	-3
 605 0240 C7       		.byte	-57
 606 0241 CB       		.byte	-53
 607 0242 C8       		.byte	-56
 608 0243 3D       		.byte	61
 609 0244 C9       		.byte	-55
 610 0245 FF       		.byte	-1
 611 0246 CA       		.byte	-54
 612 0247 FF       		.byte	-1
 613 0248 CB       		.byte	-53
 614 0249 FF       		.byte	-1
 615 024a CC       		.byte	-52
 616 024b 22       		.byte	34
 617 024c CE       		.byte	-50
 618 024d F0       		.byte	-16
 619 024e CF       		.byte	-49
 620 024f 08       		.byte	8
 621 0250 D0       		.byte	-48
 622 0251 04       		.byte	4
 623 0252 D8       		.byte	-40
 624 0253 04       		.byte	4
 625 0254 DA       		.byte	-38
 626 0255 04       		.byte	4
 627 0256 DF       		.byte	-33
ARM GAS  C:\Users\MARCUS~1\AppData\Local\Temp\ccyFsSDB.s 			page 12


 628 0257 01       		.byte	1
 629 0258 E2       		.byte	-30
 630 0259 C0       		.byte	-64
 631 025a E4       		.byte	-28
 632 025b 40       		.byte	64
 633 025c E5       		.byte	-27
 634 025d 01       		.byte	1
 635 025e E6       		.byte	-26
 636 025f 10       		.byte	16
 637 0260 E7       		.byte	-25
 638 0261 11       		.byte	17
 639 0262 E8       		.byte	-24
 640 0263 C0       		.byte	-64
 641 0264 E9       		.byte	-23
 642 0265 01       		.byte	1
 643 0266 EB       		.byte	-21
 644 0267 11       		.byte	17
 645 0268 EC       		.byte	-20
 646 0269 40       		.byte	64
 647 026a ED       		.byte	-19
 648 026b 01       		.byte	1
 649 026c EE       		.byte	-18
 650 026d 40       		.byte	64
 651 026e EF       		.byte	-17
 652 026f 01       		.byte	1
 653 0270 00       		.byte	0
 654 0271 04       		.byte	4
 655 0272 01       		.byte	1
 656 0273 02       		.byte	2
 657 0274 03       		.byte	3
 658 0275 02       		.byte	2
 659 0276 04       		.byte	4
 660 0277 04       		.byte	4
 661 0278 05       		.byte	5
 662 0279 02       		.byte	2
 663 027a 06       		.byte	6
 664 027b 08       		.byte	8
 665 027c 07       		.byte	7
 666 027d 02       		.byte	2
 667 027e 09       		.byte	9
 668 027f 20       		.byte	32
 669 0280 0A       		.byte	10
 670 0281 12       		.byte	18
 671 0282 0D       		.byte	13
 672 0283 60       		.byte	96
 673 0284 0E       		.byte	14
 674 0285 90       		.byte	-112
 675 0286 10       		.byte	16
 676 0287 2A       		.byte	42
 677 0288 13       		.byte	19
 678 0289 02       		.byte	2
 679 028a 15       		.byte	21
 680 028b 02       		.byte	2
 681 028c 17       		.byte	23
 682 028d 28       		.byte	40
 683 028e 18       		.byte	24
 684 028f 84       		.byte	-124
ARM GAS  C:\Users\MARCUS~1\AppData\Local\Temp\ccyFsSDB.s 			page 13


 685 0290 19       		.byte	25
 686 0291 42       		.byte	66
 687 0292 1A       		.byte	26
 688 0293 08       		.byte	8
 689 0294 1D       		.byte	29
 690 0295 08       		.byte	8
 691 0296 1E       		.byte	30
 692 0297 81       		.byte	-127
 693 0298 21       		.byte	33
 694 0299 14       		.byte	20
 695 029a 22       		.byte	34
 696 029b 08       		.byte	8
 697 029c 31       		.byte	49
 698 029d 20       		.byte	32
 699 029e 32       		.byte	50
 700 029f 04       		.byte	4
 701 02a0 38       		.byte	56
 702 02a1 80       		.byte	-128
 703 02a2 39       		.byte	57
 704 02a3 28       		.byte	40
 705 02a4 3A       		.byte	58
 706 02a5 80       		.byte	-128
 707 02a6 45       		.byte	69
 708 02a7 28       		.byte	40
 709 02a8 46       		.byte	70
 710 02a9 80       		.byte	-128
 711 02aa 4D       		.byte	77
 712 02ab 08       		.byte	8
 713 02ac 4E       		.byte	78
 714 02ad 06       		.byte	6
 715 02ae 56       		.byte	86
 716 02af 28       		.byte	40
 717 02b0 57       		.byte	87
 718 02b1 42       		.byte	66
 719 02b2 62       		.byte	98
 720 02b3 08       		.byte	8
 721 02b4 68       		.byte	104
 722 02b5 2A       		.byte	42
 723 02b6 69       		.byte	105
 724 02b7 82       		.byte	-126
 725 02b8 6A       		.byte	106
 726 02b9 02       		.byte	2
 727 02ba 6B       		.byte	107
 728 02bb 6D       		.byte	109
 729 02bc 73       		.byte	115
 730 02bd 02       		.byte	2
 731 02be 85       		.byte	-123
 732 02bf 10       		.byte	16
 733 02c0 86       		.byte	-122
 734 02c1 40       		.byte	64
 735 02c2 97       		.byte	-105
 736 02c3 40       		.byte	64
 737 02c4 A2       		.byte	-94
 738 02c5 02       		.byte	2
 739 02c6 B2       		.byte	-78
 740 02c7 02       		.byte	2
 741 02c8 C0       		.byte	-64
ARM GAS  C:\Users\MARCUS~1\AppData\Local\Temp\ccyFsSDB.s 			page 14


 742 02c9 FD       		.byte	-3
 743 02ca C2       		.byte	-62
 744 02cb F7       		.byte	-9
 745 02cc C4       		.byte	-60
 746 02cd 7F       		.byte	127
 747 02ce CC       		.byte	-52
 748 02cf 06       		.byte	6
 749 02d0 CE       		.byte	-50
 750 02d1 0E       		.byte	14
 751 02d2 D0       		.byte	-48
 752 02d3 E0       		.byte	-32
 753 02d4 D2       		.byte	-46
 754 02d5 30       		.byte	48
 755 02d6 D8       		.byte	-40
 756 02d7 02       		.byte	2
 757 02d8 E0       		.byte	-32
 758 02d9 02       		.byte	2
 759 02da E4       		.byte	-28
 760 02db 02       		.byte	2
 761 02dc EC       		.byte	-20
 762 02dd 20       		.byte	32
 763 02de 87       		.byte	-121
 764 02df 40       		.byte	64
 765 02e0 E2       		.byte	-30
 766 02e1 02       		.byte	2
 767 02e2 02       		.byte	2
 768 02e3 0C       		.byte	12
 769 02e4 04       		.byte	4
 770 02e5 71       		.byte	113
 771 02e6 06       		.byte	6
 772 02e7 06       		.byte	6
 773 02e8 14       		.byte	20
 774 02e9 71       		.byte	113
 775 02ea 16       		.byte	22
 776 02eb 0E       		.byte	14
 777 02ec 18       		.byte	24
 778 02ed 2C       		.byte	44
 779 02ee 1A       		.byte	26
 780 02ef 43       		.byte	67
 781 02f0 1C       		.byte	28
 782 02f1 80       		.byte	-128
 783 02f2 1E       		.byte	30
 784 02f3 13       		.byte	19
 785 02f4 2A       		.byte	42
 786 02f5 08       		.byte	8
 787 02f6 30       		.byte	48
 788 02f7 C0       		.byte	-64
 789 02f8 32       		.byte	50
 790 02f9 30       		.byte	48
 791 02fa 34       		.byte	52
 792 02fb 0F       		.byte	15
 793 02fc 38       		.byte	56
 794 02fd 0A       		.byte	10
 795 02fe 3A       		.byte	58
 796 02ff 20       		.byte	32
 797 0300 3E       		.byte	62
 798 0301 04       		.byte	4
ARM GAS  C:\Users\MARCUS~1\AppData\Local\Temp\ccyFsSDB.s 			page 15


 799 0302 58       		.byte	88
 800 0303 04       		.byte	4
 801 0304 5C       		.byte	92
 802 0305 01       		.byte	1
 803 0306 5F       		.byte	95
 804 0307 01       		.byte	1
 805 0308 00       		.byte	0
 806 0309 10       		.byte	16
 807 030a 01       		.byte	1
 808 030b 04       		.byte	4
 809 030c 05       		.byte	5
 810 030d 05       		.byte	5
 811 030e 06       		.byte	6
 812 030f 20       		.byte	32
 813 0310 0A       		.byte	10
 814 0311 04       		.byte	4
 815 0312 0B       		.byte	11
 816 0313 22       		.byte	34
 817 0314 0C       		.byte	12
 818 0315 44       		.byte	68
 819 0316 0E       		.byte	14
 820 0317 24       		.byte	36
 821 0318 0F       		.byte	15
 822 0319 02       		.byte	2
 823 031a 10       		.byte	16
 824 031b 44       		.byte	68
 825 031c 12       		.byte	18
 826 031d 20       		.byte	32
 827 031e 16       		.byte	22
 828 031f 04       		.byte	4
 829 0320 18       		.byte	24
 830 0321 10       		.byte	16
 831 0322 19       		.byte	25
 832 0323 14       		.byte	20
 833 0324 1A       		.byte	26
 834 0325 40       		.byte	64
 835 0326 1D       		.byte	29
 836 0327 09       		.byte	9
 837 0328 1E       		.byte	30
 838 0329 04       		.byte	4
 839 032a 1F       		.byte	31
 840 032b 01       		.byte	1
 841 032c 20       		.byte	32
 842 032d 41       		.byte	65
 843 032e 22       		.byte	34
 844 032f 25       		.byte	37
 845 0330 28       		.byte	40
 846 0331 20       		.byte	32
 847 0332 29       		.byte	41
 848 0333 20       		.byte	32
 849 0334 2B       		.byte	43
 850 0335 80       		.byte	-128
 851 0336 30       		.byte	48
 852 0337 01       		.byte	1
 853 0338 32       		.byte	50
 854 0339 19       		.byte	25
 855 033a 33       		.byte	51
ARM GAS  C:\Users\MARCUS~1\AppData\Local\Temp\ccyFsSDB.s 			page 16


 856 033b 40       		.byte	64
 857 033c 38       		.byte	56
 858 033d 28       		.byte	40
 859 033e 39       		.byte	57
 860 033f 80       		.byte	-128
 861 0340 3A       		.byte	58
 862 0341 02       		.byte	2
 863 0342 40       		.byte	64
 864 0343 41       		.byte	65
 865 0344 41       		.byte	65
 866 0345 10       		.byte	16
 867 0346 42       		.byte	66
 868 0347 10       		.byte	16
 869 0348 4A       		.byte	74
 870 0349 01       		.byte	1
 871 034a 4B       		.byte	75
 872 034b 04       		.byte	4
 873 034c 53       		.byte	83
 874 034d 10       		.byte	16
 875 034e 5A       		.byte	90
 876 034f 08       		.byte	8
 877 0350 68       		.byte	104
 878 0351 28       		.byte	40
 879 0352 69       		.byte	105
 880 0353 40       		.byte	64
 881 0354 70       		.byte	112
 882 0355 14       		.byte	20
 883 0356 72       		.byte	114
 884 0357 02       		.byte	2
 885 0358 96       		.byte	-106
 886 0359 04       		.byte	4
 887 035a 97       		.byte	-105
 888 035b 02       		.byte	2
 889 035c 9A       		.byte	-102
 890 035d 04       		.byte	4
 891 035e 9D       		.byte	-99
 892 035f 04       		.byte	4
 893 0360 9E       		.byte	-98
 894 0361 08       		.byte	8
 895 0362 A2       		.byte	-94
 896 0363 10       		.byte	16
 897 0364 A3       		.byte	-93
 898 0365 01       		.byte	1
 899 0366 A5       		.byte	-91
 900 0367 08       		.byte	8
 901 0368 B2       		.byte	-78
 902 0369 04       		.byte	4
 903 036a B7       		.byte	-73
 904 036b 12       		.byte	18
 905 036c C0       		.byte	-64
 906 036d 36       		.byte	54
 907 036e C2       		.byte	-62
 908 036f E7       		.byte	-25
 909 0370 C4       		.byte	-60
 910 0371 4E       		.byte	78
 911 0372 CA       		.byte	-54
 912 0373 07       		.byte	7
ARM GAS  C:\Users\MARCUS~1\AppData\Local\Temp\ccyFsSDB.s 			page 17


 913 0374 CC       		.byte	-52
 914 0375 0F       		.byte	15
 915 0376 CE       		.byte	-50
 916 0377 0F       		.byte	15
 917 0378 D0       		.byte	-48
 918 0379 0F       		.byte	15
 919 037a D2       		.byte	-46
 920 037b 08       		.byte	8
 921 037c D6       		.byte	-42
 922 037d 02       		.byte	2
 923 037e 00       		.byte	0
 924 037f 0E       		.byte	14
 925 0380 01       		.byte	1
 926 0381 10       		.byte	16
 927 0382 02       		.byte	2
 928 0383 30       		.byte	48
 929 0384 04       		.byte	4
 930 0385 A4       		.byte	-92
 931 0386 05       		.byte	5
 932 0387 18       		.byte	24
 933 0388 06       		.byte	6
 934 0389 48       		.byte	72
 935 038a 09       		.byte	9
 936 038b 08       		.byte	8
 937 038c 0A       		.byte	10
 938 038d 06       		.byte	6
 939 038e 0D       		.byte	13
 940 038f 1C       		.byte	28
 941 0390 0F       		.byte	15
 942 0391 C1       		.byte	-63
 943 0392 10       		.byte	16
 944 0393 06       		.byte	6
 945 0394 13       		.byte	19
 946 0395 04       		.byte	4
 947 0396 15       		.byte	21
 948 0397 5C       		.byte	92
 949 0398 16       		.byte	22
 950 0399 06       		.byte	6
 951 039a 17       		.byte	23
 952 039b 82       		.byte	-126
 953 039c 18       		.byte	24
 954 039d 52       		.byte	82
 955 039e 1A       		.byte	26
 956 039f 88       		.byte	-120
 957 03a0 1B       		.byte	27
 958 03a1 C3       		.byte	-61
 959 03a2 1D       		.byte	29
 960 03a3 DF       		.byte	-33
 961 03a4 1E       		.byte	30
 962 03a5 06       		.byte	6
 963 03a6 20       		.byte	32
 964 03a7 06       		.byte	6
 965 03a8 24       		.byte	36
 966 03a9 F9       		.byte	-7
 967 03aa 25       		.byte	37
 968 03ab 04       		.byte	4
 969 03ac 27       		.byte	39
ARM GAS  C:\Users\MARCUS~1\AppData\Local\Temp\ccyFsSDB.s 			page 18


 970 03ad 20       		.byte	32
 971 03ae 28       		.byte	40
 972 03af F9       		.byte	-7
 973 03b0 2C       		.byte	44
 974 03b1 01       		.byte	1
 975 03b2 2D       		.byte	45
 976 03b3 C7       		.byte	-57
 977 03b4 2F       		.byte	47
 978 03b5 18       		.byte	24
 979 03b6 30       		.byte	48
 980 03b7 06       		.byte	6
 981 03b8 31       		.byte	49
 982 03b9 20       		.byte	32
 983 03ba 32       		.byte	50
 984 03bb 01       		.byte	1
 985 03bc 33       		.byte	51
 986 03bd 1F       		.byte	31
 987 03be 34       		.byte	52
 988 03bf C0       		.byte	-64
 989 03c0 35       		.byte	53
 990 03c1 58       		.byte	88
 991 03c2 36       		.byte	54
 992 03c3 38       		.byte	56
 993 03c4 37       		.byte	55
 994 03c5 98       		.byte	-104
 995 03c6 3B       		.byte	59
 996 03c7 88       		.byte	-120
 997 03c8 54       		.byte	84
 998 03c9 18       		.byte	24
 999 03ca 56       		.byte	86
 1000 03cb 04       		.byte	4
 1001 03cc 58       		.byte	88
 1002 03cd 04       		.byte	4
 1003 03ce 59       		.byte	89
 1004 03cf 04       		.byte	4
 1005 03d0 5B       		.byte	91
 1006 03d1 04       		.byte	4
 1007 03d2 5C       		.byte	92
 1008 03d3 11       		.byte	17
 1009 03d4 5D       		.byte	93
 1010 03d5 10       		.byte	16
 1011 03d6 5F       		.byte	95
 1012 03d7 01       		.byte	1
 1013 03d8 87       		.byte	-121
 1014 03d9 01       		.byte	1
 1015 03da 90       		.byte	-112
 1016 03db 01       		.byte	1
 1017 03dc 97       		.byte	-105
 1018 03dd 01       		.byte	1
 1019 03de B4       		.byte	-76
 1020 03df 01       		.byte	1
 1021 03e0 B7       		.byte	-73
 1022 03e1 01       		.byte	1
 1023 03e2 BB       		.byte	-69
 1024 03e3 02       		.byte	2
 1025 03e4 BE       		.byte	-66
 1026 03e5 10       		.byte	16
ARM GAS  C:\Users\MARCUS~1\AppData\Local\Temp\ccyFsSDB.s 			page 19


 1027 03e6 BF       		.byte	-65
 1028 03e7 40       		.byte	64
 1029 03e8 C0       		.byte	-64
 1030 03e9 34       		.byte	52
 1031 03ea C1       		.byte	-63
 1032 03eb 02       		.byte	2
 1033 03ec C5       		.byte	-59
 1034 03ed 0C       		.byte	12
 1035 03ee C6       		.byte	-58
 1036 03ef 0E       		.byte	14
 1037 03f0 C7       		.byte	-57
 1038 03f1 0B       		.byte	11
 1039 03f2 C8       		.byte	-56
 1040 03f3 15       		.byte	21
 1041 03f4 C9       		.byte	-55
 1042 03f5 FF       		.byte	-1
 1043 03f6 CA       		.byte	-54
 1044 03f7 FF       		.byte	-1
 1045 03f8 CB       		.byte	-53
 1046 03f9 FF       		.byte	-1
 1047 03fa CE       		.byte	-50
 1048 03fb F0       		.byte	-16
 1049 03fc CF       		.byte	-49
 1050 03fd 44       		.byte	68
 1051 03fe D0       		.byte	-48
 1052 03ff 0C       		.byte	12
 1053 0400 D4       		.byte	-44
 1054 0401 01       		.byte	1
 1055 0402 D8       		.byte	-40
 1056 0403 04       		.byte	4
 1057 0404 D9       		.byte	-39
 1058 0405 04       		.byte	4
 1059 0406 DA       		.byte	-38
 1060 0407 04       		.byte	4
 1061 0408 DB       		.byte	-37
 1062 0409 04       		.byte	4
 1063 040a DC       		.byte	-36
 1064 040b 10       		.byte	16
 1065 040c DD       		.byte	-35
 1066 040d 11       		.byte	17
 1067 040e DF       		.byte	-33
 1068 040f 01       		.byte	1
 1069 0410 E6       		.byte	-26
 1070 0411 C0       		.byte	-64
 1071 0412 EA       		.byte	-22
 1072 0413 40       		.byte	64
 1073 0414 EB       		.byte	-21
 1074 0415 02       		.byte	2
 1075 0416 00       		.byte	0
 1076 0417 04       		.byte	4
 1077 0418 02       		.byte	2
 1078 0419 08       		.byte	8
 1079 041a 03       		.byte	3
 1080 041b 80       		.byte	-128
 1081 041c 08       		.byte	8
 1082 041d 21       		.byte	33
 1083 041e 09       		.byte	9
ARM GAS  C:\Users\MARCUS~1\AppData\Local\Temp\ccyFsSDB.s 			page 20


 1084 041f 80       		.byte	-128
 1085 0420 0A       		.byte	10
 1086 0421 10       		.byte	16
 1087 0422 0F       		.byte	15
 1088 0423 80       		.byte	-128
 1089 0424 10       		.byte	16
 1090 0425 28       		.byte	40
 1091 0426 11       		.byte	17
 1092 0427 42       		.byte	66
 1093 0428 18       		.byte	24
 1094 0429 04       		.byte	4
 1095 042a 19       		.byte	25
 1096 042b 21       		.byte	33
 1097 042c 1A       		.byte	26
 1098 042d 30       		.byte	48
 1099 042e 1B       		.byte	27
 1100 042f 80       		.byte	-128
 1101 0430 1E       		.byte	30
 1102 0431 08       		.byte	8
 1103 0432 21       		.byte	33
 1104 0433 D0       		.byte	-48
 1105 0434 22       		.byte	34
 1106 0435 09       		.byte	9
 1107 0436 23       		.byte	35
 1108 0437 08       		.byte	8
 1109 0438 25       		.byte	37
 1110 0439 01       		.byte	1
 1111 043a 26       		.byte	38
 1112 043b 81       		.byte	-127
 1113 043c 27       		.byte	39
 1114 043d 40       		.byte	64
 1115 043e 28       		.byte	40
 1116 043f 21       		.byte	33
 1117 0440 32       		.byte	50
 1118 0441 19       		.byte	25
 1119 0442 33       		.byte	51
 1120 0443 40       		.byte	64
 1121 0444 37       		.byte	55
 1122 0445 08       		.byte	8
 1123 0446 38       		.byte	56
 1124 0447 28       		.byte	40
 1125 0448 39       		.byte	57
 1126 0449 80       		.byte	-128
 1127 044a 3A       		.byte	58
 1128 044b 02       		.byte	2
 1129 044c 3F       		.byte	63
 1130 044d 04       		.byte	4
 1131 044e 44       		.byte	68
 1132 044f 44       		.byte	68
 1133 0450 46       		.byte	70
 1134 0451 20       		.byte	32
 1135 0452 4D       		.byte	77
 1136 0453 04       		.byte	4
 1137 0454 56       		.byte	86
 1138 0455 08       		.byte	8
 1139 0456 57       		.byte	87
 1140 0457 40       		.byte	64
ARM GAS  C:\Users\MARCUS~1\AppData\Local\Temp\ccyFsSDB.s 			page 21


 1141 0458 59       		.byte	89
 1142 0459 01       		.byte	1
 1143 045a 5D       		.byte	93
 1144 045b 01       		.byte	1
 1145 045c 5E       		.byte	94
 1146 045d 68       		.byte	104
 1147 045e 61       		.byte	97
 1148 045f 10       		.byte	16
 1149 0460 62       		.byte	98
 1150 0461 82       		.byte	-126
 1151 0462 79       		.byte	121
 1152 0463 05       		.byte	5
 1153 0464 7A       		.byte	122
 1154 0465 10       		.byte	16
 1155 0466 7B       		.byte	123
 1156 0467 40       		.byte	64
 1157 0468 86       		.byte	-122
 1158 0469 02       		.byte	2
 1159 046a 8C       		.byte	-116
 1160 046b 20       		.byte	32
 1161 046c 90       		.byte	-112
 1162 046d 28       		.byte	40
 1163 046e 91       		.byte	-111
 1164 046f 40       		.byte	64
 1165 0470 92       		.byte	-110
 1166 0471 40       		.byte	64
 1167 0472 93       		.byte	-109
 1168 0473 04       		.byte	4
 1169 0474 95       		.byte	-107
 1170 0475 A4       		.byte	-92
 1171 0476 96       		.byte	-106
 1172 0477 30       		.byte	48
 1173 0478 98       		.byte	-104
 1174 0479 45       		.byte	69
 1175 047a 99       		.byte	-103
 1176 047b 10       		.byte	16
 1177 047c 9A       		.byte	-102
 1178 047d 22       		.byte	34
 1179 047e 9C       		.byte	-100
 1180 047f 20       		.byte	32
 1181 0480 9D       		.byte	-99
 1182 0481 20       		.byte	32
 1183 0482 9E       		.byte	-98
 1184 0483 08       		.byte	8
 1185 0484 9F       		.byte	-97
 1186 0485 40       		.byte	64
 1187 0486 A0       		.byte	-96
 1188 0487 28       		.byte	40
 1189 0488 A6       		.byte	-90
 1190 0489 09       		.byte	9
 1191 048a A7       		.byte	-89
 1192 048b 80       		.byte	-128
 1193 048c C0       		.byte	-64
 1194 048d 0E       		.byte	14
 1195 048e C2       		.byte	-62
 1196 048f 1F       		.byte	31
 1197 0490 C4       		.byte	-60
ARM GAS  C:\Users\MARCUS~1\AppData\Local\Temp\ccyFsSDB.s 			page 22


 1198 0491 0F       		.byte	15
 1199 0492 CA       		.byte	-54
 1200 0493 0A       		.byte	10
 1201 0494 CC       		.byte	-52
 1202 0495 4F       		.byte	79
 1203 0496 CE       		.byte	-50
 1204 0497 4F       		.byte	79
 1205 0498 D0       		.byte	-48
 1206 0499 E0       		.byte	-32
 1207 049a D6       		.byte	-42
 1208 049b F1       		.byte	-15
 1209 049c D8       		.byte	-40
 1210 049d 0D       		.byte	13
 1211 049e 30       		.byte	48
 1212 049f 10       		.byte	16
 1213 04a0 37       		.byte	55
 1214 04a1 80       		.byte	-128
 1215 04a2 CC       		.byte	-52
 1216 04a3 30       		.byte	48
 1217 04a4 02       		.byte	2
 1218 04a5 10       		.byte	16
 1219 04a6 84       		.byte	-124
 1220 04a7 10       		.byte	16
 1221 04a8 9C       		.byte	-100
 1222 04a9 10       		.byte	16
 1223 04aa 9F       		.byte	-97
 1224 04ab 80       		.byte	-128
 1225 04ac C0       		.byte	-64
 1226 04ad 10       		.byte	16
 1227 04ae E6       		.byte	-26
 1228 04af 40       		.byte	64
 1229 04b0 5B       		.byte	91
 1230 04b1 02       		.byte	2
 1231 04b2 9B       		.byte	-101
 1232 04b3 02       		.byte	2
 1233 04b4 9F       		.byte	-97
 1234 04b5 80       		.byte	-128
 1235 04b6 AF       		.byte	-81
 1236 04b7 02       		.byte	2
 1237 04b8 B2       		.byte	-78
 1238 04b9 10       		.byte	16
 1239 04ba D6       		.byte	-42
 1240 04bb 40       		.byte	64
 1241 04bc EE       		.byte	-18
 1242 04bd 40       		.byte	64
 1243 04be 9F       		.byte	-97
 1244 04bf 80       		.byte	-128
 1245 04c0 52       		.byte	82
 1246 04c1 20       		.byte	32
 1247 04c2 5F       		.byte	95
 1248 04c3 80       		.byte	-128
 1249 04c4 D4       		.byte	-44
 1250 04c5 04       		.byte	4
 1251 04c6 D6       		.byte	-42
 1252 04c7 04       		.byte	4
 1253 04c8 86       		.byte	-122
 1254 04c9 20       		.byte	32
ARM GAS  C:\Users\MARCUS~1\AppData\Local\Temp\ccyFsSDB.s 			page 23


 1255 04ca 87       		.byte	-121
 1256 04cb 80       		.byte	-128
 1257 04cc 9F       		.byte	-97
 1258 04cd 80       		.byte	-128
 1259 04ce A6       		.byte	-90
 1260 04cf 20       		.byte	32
 1261 04d0 9F       		.byte	-97
 1262 04d1 80       		.byte	-128
 1263 04d2 87       		.byte	-121
 1264 04d3 80       		.byte	-128
 1265 04d4 9F       		.byte	-97
 1266 04d5 80       		.byte	-128
 1267 04d6 E2       		.byte	-30
 1268 04d7 40       		.byte	64
 1269 04d8 A0       		.byte	-96
 1270 04d9 01       		.byte	1
 1271 04da B0       		.byte	-80
 1272 04db 01       		.byte	1
 1273 04dc E8       		.byte	-24
 1274 04dd 01       		.byte	1
 1275 04de 12       		.byte	18
 1276 04df 80       		.byte	-128
 1277 04e0 74       		.byte	116
 1278 04e1 01       		.byte	1
 1279 04e2 8E       		.byte	-114
 1280 04e3 80       		.byte	-128
 1281 04e4 A0       		.byte	-96
 1282 04e5 01       		.byte	1
 1283 04e6 C4       		.byte	-60
 1284 04e7 08       		.byte	8
 1285 04e8 DE       		.byte	-34
 1286 04e9 04       		.byte	4
 1287 04ea E2       		.byte	-30
 1288 04eb 02       		.byte	2
 1289 04ec 00       		.byte	0
 1290 04ed 03       		.byte	3
 1291 04ee 0C       		.byte	12
 1292 04ef 03       		.byte	3
 1293 04f0 10       		.byte	16
 1294 04f1 02       		.byte	2
 1295 04f2 1C       		.byte	28
 1296 04f3 02       		.byte	2
 1297 04f4 00       		.byte	0
 1298 04f5 0F       		.byte	15
 1299 04f6 00       		.byte	0
 1300 04f7 00       		.byte	0
 1301 04f8 80       		.byte	-128
 1302 04f9 80       		.byte	-128
 1303 04fa 00       		.byte	0
 1304 04fb 00       		.byte	0
 1305 04fc 40       		.byte	64
 1306 04fd 00       		.byte	0
 1307 04fe 00       		.byte	0
 1308 04ff 00       		.byte	0
 1309 0500 00       		.byte	0
 1310 0501 08       		.byte	8
 1311 0502 00       		.byte	0
ARM GAS  C:\Users\MARCUS~1\AppData\Local\Temp\ccyFsSDB.s 			page 24


 1312 0503 00       		.byte	0
 1313 0504 03       		.byte	3
 1314 0505 0C       		.byte	12
 1315 0506 14       		.byte	20
 1316 0507 00       		.byte	0
 1317 0508 13       		.byte	19
 1318 0509 04       		.byte	4
 1319 050a 0C       		.byte	12
 1320 050b 00       		.byte	0
 1321 050c 00       		.byte	0
 1322 050d 4F       		.byte	79
 1323 050e 00       		.byte	0
 1324 050f 80       		.byte	-128
 1325 0510 00       		.byte	0
 1326 0511 C3       		.byte	-61
 1327 0512 00       		.byte	0
 1328 0513 0C       		.byte	12
 1329 0514 00       		.byte	0
 1330 0515 4C       		.byte	76
 1331 0516 20       		.byte	32
 1332 0517 83       		.byte	-125
 1333 0518 0A       		.byte	10
 1334 0519 00       		.byte	0
 1335 051a 14       		.byte	20
 1336 051b 03       		.byte	3
 1337 051c 00       		.byte	0
 1338 051d CF       		.byte	-49
 1339 051e 08       		.byte	8
 1340 051f 00       		.byte	0
 1341 0520 00       		.byte	0
 1342 0521 03       		.byte	3
 1343 0522 15       		.byte	21
 1344 0523 10       		.byte	16
 1345 0524 00       		.byte	0
 1346 0525 01       		.byte	1
 1347 0526 20       		.byte	32
 1348 0527 20       		.byte	32
 1349 0528 13       		.byte	19
 1350 0529 02       		.byte	2
 1351 052a 04       		.byte	4
 1352 052b 20       		.byte	32
 1353 052c 00       		.byte	0
 1354 052d 00       		.byte	0
 1355 052e 00       		.byte	0
 1356 052f 00       		.byte	0
 1357 0530 10       		.byte	16
 1358 0531 0F       		.byte	15
 1359 0532 0F       		.byte	15
 1360 0533 40       		.byte	64
 1361 0534 20       		.byte	32
 1362 0535 80       		.byte	-128
 1363 0536 00       		.byte	0
 1364 0537 30       		.byte	48
 1365 0538 00       		.byte	0
 1366 0539 20       		.byte	32
 1367 053a 08       		.byte	8
 1368 053b 02       		.byte	2
ARM GAS  C:\Users\MARCUS~1\AppData\Local\Temp\ccyFsSDB.s 			page 25


 1369 053c 00       		.byte	0
 1370 053d 00       		.byte	0
 1371 053e 11       		.byte	17
 1372 053f 44       		.byte	68
 1373 0540 43       		.byte	67
 1374 0541 05       		.byte	5
 1375 0542 02       		.byte	2
 1376 0543 00       		.byte	0
 1377 0544 01       		.byte	1
 1378 0545 0C       		.byte	12
 1379 0546 E0       		.byte	-32
 1380 0547 00       		.byte	0
 1381 0548 09       		.byte	9
 1382 0549 FF       		.byte	-1
 1383 054a FF       		.byte	-1
 1384 054b FF       		.byte	-1
 1385 054c 62       		.byte	98
 1386 054d A0       		.byte	-96
 1387 054e F0       		.byte	-16
 1388 054f 41       		.byte	65
 1389 0550 0C       		.byte	12
 1390 0551 00       		.byte	0
 1391 0552 00       		.byte	0
 1392 0553 00       		.byte	0
 1393 0554 00       		.byte	0
 1394 0555 00       		.byte	0
 1395 0556 02       		.byte	2
 1396 0557 12       		.byte	18
 1397 0558 04       		.byte	4
 1398 0559 04       		.byte	4
 1399 055a 04       		.byte	4
 1400 055b 04       		.byte	4
 1401 055c 11       		.byte	17
 1402 055d 11       		.byte	17
 1403 055e 00       		.byte	0
 1404 055f 01       		.byte	1
 1405 0560 00       		.byte	0
 1406 0561 00       		.byte	0
 1407 0562 00       		.byte	0
 1408 0563 00       		.byte	0
 1409 0564 00       		.byte	0
 1410 0565 00       		.byte	0
 1411 0566 40       		.byte	64
 1412 0567 02       		.byte	2
 1413 0568 00       		.byte	0
 1414 0569 10       		.byte	16
 1415 056a 30       		.byte	48
 1416 056b 10       		.byte	16
 1417 056c 00       		.byte	0
 1418 056d 10       		.byte	16
 1419 056e 10       		.byte	16
 1420 056f 12       		.byte	18
 1421 0570 00       		.byte	0
 1422 0571 00       		.byte	0
 1423 0572 00       		.byte	0
 1424 0573 00       		.byte	0
 1425 0574 00       		.byte	0
ARM GAS  C:\Users\MARCUS~1\AppData\Local\Temp\ccyFsSDB.s 			page 26


 1426 0575 00       		.byte	0
 1427 0576 00       		.byte	0
 1428 0577 00       		.byte	0
 1429 0578 00       		.byte	0
 1430 0579 00       		.byte	0
 1431 057a 00       		.byte	0
 1432 057b 00       		.byte	0
 1433 057c 00       		.byte	0
 1434 057d 00       		.byte	0
 1435 057e 00       		.byte	0
 1436 057f 00       		.byte	0
 1437 0580 01       		.byte	1
 1438 0581 00       		.byte	0
 1439 0582 00       		.byte	0
 1440 0583 00       		.byte	0
 1441 0584 00       		.byte	0
 1442 0585 00       		.byte	0
 1443 0586 00       		.byte	0
 1444 0587 00       		.byte	0
 1445 0588 80       		.byte	-128
 1446 0589 00       		.byte	0
 1447 058a 40       		.byte	64
 1448 058b 80       		.byte	-128
 1449 058c 80       		.byte	-128
 1450 058d 00       		.byte	0
 1451 058e 80       		.byte	-128
 1452 058f 00       		.byte	0
 1453 0590 00       		.byte	0
 1454 0591 00       		.byte	0
 1455 0592 00       		.byte	0
 1456 0593 00       		.byte	0
 1457 0594 00       		.byte	0
 1458 0595 1B       		.byte	27
 1459 0596 1B       		.byte	27
 1460 0597 00       		.byte	0
 1461 0598 00       		.byte	0
 1462 0599 00       		.byte	0
 1463 059a 00       		.byte	0
 1464 059b 00       		.byte	0
 1465 059c 00       		.byte	0
 1466 059d 07       		.byte	7
 1467 059e 07       		.byte	7
 1468 059f 00       		.byte	0
 1469 05a0 05       		.byte	5
 1470 05a1 00       		.byte	0
 1471 05a2 00       		.byte	0
 1472 05a3 00       		.byte	0
 1473              		.section	.cywolatch,"a",%progbits
 1474              		.align	2
 1475              		.type	cy_meta_wonvl, %object
 1476              		.size	cy_meta_wonvl, 4
 1477              	cy_meta_wonvl:
 1478 0000 BC       		.byte	-68
 1479 0001 90       		.byte	-112
 1480 0002 AC       		.byte	-84
 1481 0003 AF       		.byte	-81
 1482              		.section	.cycustnvl,"a",%progbits
ARM GAS  C:\Users\MARCUS~1\AppData\Local\Temp\ccyFsSDB.s 			page 27


 1483              		.align	2
 1484              		.type	cy_meta_custnvl, %object
 1485              		.size	cy_meta_custnvl, 4
 1486              	cy_meta_custnvl:
 1487 0000 00       		.byte	0
 1488 0001 00       		.byte	0
 1489 0002 40       		.byte	64
 1490 0003 05       		.byte	5
 1491              		.section	.cymeta,"a",%progbits
 1492              		.align	2
 1493              		.type	cy_metadata, %object
 1494              		.size	cy_metadata, 12
 1495              	cy_metadata:
 1496 0000 00       		.byte	0
 1497 0001 01       		.byte	1
 1498 0002 2E       		.byte	46
 1499 0003 16       		.byte	22
 1500 0004 10       		.byte	16
 1501 0005 69       		.byte	105
 1502 0006 00       		.byte	0
 1503 0007 01       		.byte	1
 1504 0008 00       		.byte	0
 1505 0009 00       		.byte	0
 1506 000a 00       		.byte	0
 1507 000b 00       		.byte	0
 1508              		.section	.cyflashprotect,"a",%progbits
 1509              		.align	2
 1510              		.type	cy_meta_flashprotect, %object
 1511              		.size	cy_meta_flashprotect, 256
 1512              	cy_meta_flashprotect:
 1513 0000 00000000 		.space	256
 1513      00000000 
 1513      00000000 
 1513      00000000 
 1513      00000000 
 1514              		.text
 1515              	.Letext0:
 1516              		.file 1 "f:\\marcus\\software\\psoc creator\\4.2\\psoc creator\\import\\gnu\\arm\\5.4.1\\arm-none-
 1517              		.file 2 "f:\\marcus\\software\\psoc creator\\4.2\\psoc creator\\import\\gnu\\arm\\5.4.1\\arm-none-
 1518              		.file 3 "Generated_Source\\PSoC5\\cymetadata.c"
 1519              		.section	.debug_info,"",%progbits
 1520              	.Ldebug_info0:
 1521 0000 32010000 		.4byte	0x132
 1522 0004 0400     		.2byte	0x4
 1523 0006 00000000 		.4byte	.Ldebug_abbrev0
 1524 000a 04       		.byte	0x4
 1525 000b 01       		.uleb128 0x1
 1526 000c 24000000 		.4byte	.LASF17
 1527 0010 0C       		.byte	0xc
 1528 0011 E0010000 		.4byte	.LASF18
 1529 0015 D7000000 		.4byte	.LASF19
 1530 0019 00000000 		.4byte	.Ldebug_line0
 1531 001d 02       		.uleb128 0x2
 1532 001e 01       		.byte	0x1
 1533 001f 06       		.byte	0x6
 1534 0020 D4010000 		.4byte	.LASF0
 1535 0024 03       		.uleb128 0x3
ARM GAS  C:\Users\MARCUS~1\AppData\Local\Temp\ccyFsSDB.s 			page 28


 1536 0025 00000000 		.4byte	.LASF9
 1537 0029 01       		.byte	0x1
 1538 002a 1D       		.byte	0x1d
 1539 002b 2F000000 		.4byte	0x2f
 1540 002f 02       		.uleb128 0x2
 1541 0030 01       		.byte	0x1
 1542 0031 08       		.byte	0x8
 1543 0032 16000000 		.4byte	.LASF1
 1544 0036 02       		.uleb128 0x2
 1545 0037 02       		.byte	0x2
 1546 0038 05       		.byte	0x5
 1547 0039 C1010000 		.4byte	.LASF2
 1548 003d 02       		.uleb128 0x2
 1549 003e 02       		.byte	0x2
 1550 003f 07       		.byte	0x7
 1551 0040 C4000000 		.4byte	.LASF3
 1552 0044 02       		.uleb128 0x2
 1553 0045 04       		.byte	0x4
 1554 0046 05       		.byte	0x5
 1555 0047 CB010000 		.4byte	.LASF4
 1556 004b 02       		.uleb128 0x2
 1557 004c 04       		.byte	0x4
 1558 004d 07       		.byte	0x7
 1559 004e B2000000 		.4byte	.LASF5
 1560 0052 02       		.uleb128 0x2
 1561 0053 08       		.byte	0x8
 1562 0054 05       		.byte	0x5
 1563 0055 B3010000 		.4byte	.LASF6
 1564 0059 02       		.uleb128 0x2
 1565 005a 08       		.byte	0x8
 1566 005b 07       		.byte	0x7
 1567 005c 68010000 		.4byte	.LASF7
 1568 0060 04       		.uleb128 0x4
 1569 0061 04       		.byte	0x4
 1570 0062 05       		.byte	0x5
 1571 0063 696E7400 		.ascii	"int\000"
 1572 0067 02       		.uleb128 0x2
 1573 0068 04       		.byte	0x4
 1574 0069 07       		.byte	0x7
 1575 006a 5B010000 		.4byte	.LASF8
 1576 006e 03       		.uleb128 0x3
 1577 006f 7F010000 		.4byte	.LASF10
 1578 0073 02       		.byte	0x2
 1579 0074 18       		.byte	0x18
 1580 0075 24000000 		.4byte	0x24
 1581 0079 05       		.uleb128 0x5
 1582 007a 91000000 		.4byte	0x91
 1583 007e 8A000000 		.4byte	0x8a
 1584 0082 06       		.uleb128 0x6
 1585 0083 8A000000 		.4byte	0x8a
 1586 0087 A305     		.2byte	0x5a3
 1587 0089 00       		.byte	0
 1588 008a 02       		.uleb128 0x2
 1589 008b 04       		.byte	0x4
 1590 008c 07       		.byte	0x7
 1591 008d AA010000 		.4byte	.LASF11
 1592 0091 07       		.uleb128 0x7
ARM GAS  C:\Users\MARCUS~1\AppData\Local\Temp\ccyFsSDB.s 			page 29


 1593 0092 6E000000 		.4byte	0x6e
 1594 0096 08       		.uleb128 0x8
 1595 0097 49010000 		.4byte	.LASF12
 1596 009b 03       		.byte	0x3
 1597 009c 1F       		.byte	0x1f
 1598 009d A7000000 		.4byte	0xa7
 1599 00a1 05       		.uleb128 0x5
 1600 00a2 03       		.byte	0x3
 1601 00a3 00000000 		.4byte	cy_meta_configecc
 1602 00a7 07       		.uleb128 0x7
 1603 00a8 79000000 		.4byte	0x79
 1604 00ac 05       		.uleb128 0x5
 1605 00ad 91000000 		.4byte	0x91
 1606 00b1 BC000000 		.4byte	0xbc
 1607 00b5 09       		.uleb128 0x9
 1608 00b6 8A000000 		.4byte	0x8a
 1609 00ba 03       		.byte	0x3
 1610 00bb 00       		.byte	0
 1611 00bc 08       		.uleb128 0x8
 1612 00bd 39010000 		.4byte	.LASF13
 1613 00c1 03       		.byte	0x3
 1614 00c2 E1       		.byte	0xe1
 1615 00c3 CD000000 		.4byte	0xcd
 1616 00c7 05       		.uleb128 0x5
 1617 00c8 03       		.byte	0x3
 1618 00c9 00000000 		.4byte	cy_meta_custnvl
 1619 00cd 07       		.uleb128 0x7
 1620 00ce AC000000 		.4byte	0xac
 1621 00d2 08       		.uleb128 0x8
 1622 00d3 9C010000 		.4byte	.LASF14
 1623 00d7 03       		.byte	0x3
 1624 00d8 EF       		.byte	0xef
 1625 00d9 E3000000 		.4byte	0xe3
 1626 00dd 05       		.uleb128 0x5
 1627 00de 03       		.byte	0x3
 1628 00df 00000000 		.4byte	cy_meta_wonvl
 1629 00e3 07       		.uleb128 0x7
 1630 00e4 AC000000 		.4byte	0xac
 1631 00e8 05       		.uleb128 0x5
 1632 00e9 91000000 		.4byte	0x91
 1633 00ed F8000000 		.4byte	0xf8
 1634 00f1 09       		.uleb128 0x9
 1635 00f2 8A000000 		.4byte	0x8a
 1636 00f6 FF       		.byte	0xff
 1637 00f7 00       		.byte	0
 1638 00f8 08       		.uleb128 0x8
 1639 00f9 87010000 		.4byte	.LASF15
 1640 00fd 03       		.byte	0x3
 1641 00fe FD       		.byte	0xfd
 1642 00ff 09010000 		.4byte	0x109
 1643 0103 05       		.uleb128 0x5
 1644 0104 03       		.byte	0x3
 1645 0105 00000000 		.4byte	cy_meta_flashprotect
 1646 0109 07       		.uleb128 0x7
 1647 010a E8000000 		.4byte	0xe8
 1648 010e 05       		.uleb128 0x5
 1649 010f 91000000 		.4byte	0x91
ARM GAS  C:\Users\MARCUS~1\AppData\Local\Temp\ccyFsSDB.s 			page 30


 1650 0113 1E010000 		.4byte	0x11e
 1651 0117 09       		.uleb128 0x9
 1652 0118 8A000000 		.4byte	0x8a
 1653 011c 0B       		.byte	0xb
 1654 011d 00       		.byte	0
 1655 011e 0A       		.uleb128 0xa
 1656 011f 0A000000 		.4byte	.LASF16
 1657 0123 03       		.byte	0x3
 1658 0124 2A01     		.2byte	0x12a
 1659 0126 30010000 		.4byte	0x130
 1660 012a 05       		.uleb128 0x5
 1661 012b 03       		.byte	0x3
 1662 012c 00000000 		.4byte	cy_metadata
 1663 0130 07       		.uleb128 0x7
 1664 0131 0E010000 		.4byte	0x10e
 1665 0135 00       		.byte	0
 1666              		.section	.debug_abbrev,"",%progbits
 1667              	.Ldebug_abbrev0:
 1668 0000 01       		.uleb128 0x1
 1669 0001 11       		.uleb128 0x11
 1670 0002 01       		.byte	0x1
 1671 0003 25       		.uleb128 0x25
 1672 0004 0E       		.uleb128 0xe
 1673 0005 13       		.uleb128 0x13
 1674 0006 0B       		.uleb128 0xb
 1675 0007 03       		.uleb128 0x3
 1676 0008 0E       		.uleb128 0xe
 1677 0009 1B       		.uleb128 0x1b
 1678 000a 0E       		.uleb128 0xe
 1679 000b 10       		.uleb128 0x10
 1680 000c 17       		.uleb128 0x17
 1681 000d 00       		.byte	0
 1682 000e 00       		.byte	0
 1683 000f 02       		.uleb128 0x2
 1684 0010 24       		.uleb128 0x24
 1685 0011 00       		.byte	0
 1686 0012 0B       		.uleb128 0xb
 1687 0013 0B       		.uleb128 0xb
 1688 0014 3E       		.uleb128 0x3e
 1689 0015 0B       		.uleb128 0xb
 1690 0016 03       		.uleb128 0x3
 1691 0017 0E       		.uleb128 0xe
 1692 0018 00       		.byte	0
 1693 0019 00       		.byte	0
 1694 001a 03       		.uleb128 0x3
 1695 001b 16       		.uleb128 0x16
 1696 001c 00       		.byte	0
 1697 001d 03       		.uleb128 0x3
 1698 001e 0E       		.uleb128 0xe
 1699 001f 3A       		.uleb128 0x3a
 1700 0020 0B       		.uleb128 0xb
 1701 0021 3B       		.uleb128 0x3b
 1702 0022 0B       		.uleb128 0xb
 1703 0023 49       		.uleb128 0x49
 1704 0024 13       		.uleb128 0x13
 1705 0025 00       		.byte	0
 1706 0026 00       		.byte	0
ARM GAS  C:\Users\MARCUS~1\AppData\Local\Temp\ccyFsSDB.s 			page 31


 1707 0027 04       		.uleb128 0x4
 1708 0028 24       		.uleb128 0x24
 1709 0029 00       		.byte	0
 1710 002a 0B       		.uleb128 0xb
 1711 002b 0B       		.uleb128 0xb
 1712 002c 3E       		.uleb128 0x3e
 1713 002d 0B       		.uleb128 0xb
 1714 002e 03       		.uleb128 0x3
 1715 002f 08       		.uleb128 0x8
 1716 0030 00       		.byte	0
 1717 0031 00       		.byte	0
 1718 0032 05       		.uleb128 0x5
 1719 0033 01       		.uleb128 0x1
 1720 0034 01       		.byte	0x1
 1721 0035 49       		.uleb128 0x49
 1722 0036 13       		.uleb128 0x13
 1723 0037 01       		.uleb128 0x1
 1724 0038 13       		.uleb128 0x13
 1725 0039 00       		.byte	0
 1726 003a 00       		.byte	0
 1727 003b 06       		.uleb128 0x6
 1728 003c 21       		.uleb128 0x21
 1729 003d 00       		.byte	0
 1730 003e 49       		.uleb128 0x49
 1731 003f 13       		.uleb128 0x13
 1732 0040 2F       		.uleb128 0x2f
 1733 0041 05       		.uleb128 0x5
 1734 0042 00       		.byte	0
 1735 0043 00       		.byte	0
 1736 0044 07       		.uleb128 0x7
 1737 0045 26       		.uleb128 0x26
 1738 0046 00       		.byte	0
 1739 0047 49       		.uleb128 0x49
 1740 0048 13       		.uleb128 0x13
 1741 0049 00       		.byte	0
 1742 004a 00       		.byte	0
 1743 004b 08       		.uleb128 0x8
 1744 004c 34       		.uleb128 0x34
 1745 004d 00       		.byte	0
 1746 004e 03       		.uleb128 0x3
 1747 004f 0E       		.uleb128 0xe
 1748 0050 3A       		.uleb128 0x3a
 1749 0051 0B       		.uleb128 0xb
 1750 0052 3B       		.uleb128 0x3b
 1751 0053 0B       		.uleb128 0xb
 1752 0054 49       		.uleb128 0x49
 1753 0055 13       		.uleb128 0x13
 1754 0056 3F       		.uleb128 0x3f
 1755 0057 19       		.uleb128 0x19
 1756 0058 02       		.uleb128 0x2
 1757 0059 18       		.uleb128 0x18
 1758 005a 00       		.byte	0
 1759 005b 00       		.byte	0
 1760 005c 09       		.uleb128 0x9
 1761 005d 21       		.uleb128 0x21
 1762 005e 00       		.byte	0
 1763 005f 49       		.uleb128 0x49
ARM GAS  C:\Users\MARCUS~1\AppData\Local\Temp\ccyFsSDB.s 			page 32


 1764 0060 13       		.uleb128 0x13
 1765 0061 2F       		.uleb128 0x2f
 1766 0062 0B       		.uleb128 0xb
 1767 0063 00       		.byte	0
 1768 0064 00       		.byte	0
 1769 0065 0A       		.uleb128 0xa
 1770 0066 34       		.uleb128 0x34
 1771 0067 00       		.byte	0
 1772 0068 03       		.uleb128 0x3
 1773 0069 0E       		.uleb128 0xe
 1774 006a 3A       		.uleb128 0x3a
 1775 006b 0B       		.uleb128 0xb
 1776 006c 3B       		.uleb128 0x3b
 1777 006d 05       		.uleb128 0x5
 1778 006e 49       		.uleb128 0x49
 1779 006f 13       		.uleb128 0x13
 1780 0070 3F       		.uleb128 0x3f
 1781 0071 19       		.uleb128 0x19
 1782 0072 02       		.uleb128 0x2
 1783 0073 18       		.uleb128 0x18
 1784 0074 00       		.byte	0
 1785 0075 00       		.byte	0
 1786 0076 00       		.byte	0
 1787              		.section	.debug_aranges,"",%progbits
 1788 0000 14000000 		.4byte	0x14
 1789 0004 0200     		.2byte	0x2
 1790 0006 00000000 		.4byte	.Ldebug_info0
 1791 000a 04       		.byte	0x4
 1792 000b 00       		.byte	0
 1793 000c 0000     		.2byte	0
 1794 000e 0000     		.2byte	0
 1795 0010 00000000 		.4byte	0
 1796 0014 00000000 		.4byte	0
 1797              		.section	.debug_line,"",%progbits
 1798              	.Ldebug_line0:
 1799 0000 25010000 		.section	.debug_str,"MS",%progbits,1
 1799      02001F01 
 1799      00000201 
 1799      FB0E0D00 
 1799      01010101 
 1800              	.LASF9:
 1801 0000 5F5F7569 		.ascii	"__uint8_t\000"
 1801      6E74385F 
 1801      7400
 1802              	.LASF16:
 1803 000a 63795F6D 		.ascii	"cy_metadata\000"
 1803      65746164 
 1803      61746100 
 1804              	.LASF1:
 1805 0016 756E7369 		.ascii	"unsigned char\000"
 1805      676E6564 
 1805      20636861 
 1805      7200
 1806              	.LASF17:
 1807 0024 474E5520 		.ascii	"GNU C11 5.4.1 20160609 (release) [ARM/embedded-5-br"
 1807      43313120 
 1807      352E342E 
ARM GAS  C:\Users\MARCUS~1\AppData\Local\Temp\ccyFsSDB.s 			page 33


 1807      31203230 
 1807      31363036 
 1808 0057 616E6368 		.ascii	"anch revision 237715] -mcpu=cortex-m3 -mthumb -g -O"
 1808      20726576 
 1808      6973696F 
 1808      6E203233 
 1808      37373135 
 1809 008a 67202D66 		.ascii	"g -ffunction-sections -ffat-lto-objects\000"
 1809      66756E63 
 1809      74696F6E 
 1809      2D736563 
 1809      74696F6E 
 1810              	.LASF5:
 1811 00b2 6C6F6E67 		.ascii	"long unsigned int\000"
 1811      20756E73 
 1811      69676E65 
 1811      6420696E 
 1811      7400
 1812              	.LASF3:
 1813 00c4 73686F72 		.ascii	"short unsigned int\000"
 1813      7420756E 
 1813      7369676E 
 1813      65642069 
 1813      6E7400
 1814              	.LASF19:
 1815 00d7 433A5C55 		.ascii	"C:\\Users\\Marcus Gasberg\\Documents\\GitHub\\playe"
 1815      73657273 
 1815      5C4D6172 
 1815      63757320 
 1815      47617362 
 1816 0105 725F7369 		.ascii	"r_side_app\\CupLight_IF_w_ShiftPWM\\ShiftRegPWM.cyd"
 1816      64655F61 
 1816      70705C43 
 1816      75704C69 
 1816      6768745F 
 1817 0136 736E00   		.ascii	"sn\000"
 1818              	.LASF13:
 1819 0139 63795F6D 		.ascii	"cy_meta_custnvl\000"
 1819      6574615F 
 1819      63757374 
 1819      6E766C00 
 1820              	.LASF12:
 1821 0149 63795F6D 		.ascii	"cy_meta_configecc\000"
 1821      6574615F 
 1821      636F6E66 
 1821      69676563 
 1821      6300
 1822              	.LASF8:
 1823 015b 756E7369 		.ascii	"unsigned int\000"
 1823      676E6564 
 1823      20696E74 
 1823      00
 1824              	.LASF7:
 1825 0168 6C6F6E67 		.ascii	"long long unsigned int\000"
 1825      206C6F6E 
 1825      6720756E 
 1825      7369676E 
ARM GAS  C:\Users\MARCUS~1\AppData\Local\Temp\ccyFsSDB.s 			page 34


 1825      65642069 
 1826              	.LASF10:
 1827 017f 75696E74 		.ascii	"uint8_t\000"
 1827      385F7400 
 1828              	.LASF15:
 1829 0187 63795F6D 		.ascii	"cy_meta_flashprotect\000"
 1829      6574615F 
 1829      666C6173 
 1829      6870726F 
 1829      74656374 
 1830              	.LASF14:
 1831 019c 63795F6D 		.ascii	"cy_meta_wonvl\000"
 1831      6574615F 
 1831      776F6E76 
 1831      6C00
 1832              	.LASF11:
 1833 01aa 73697A65 		.ascii	"sizetype\000"
 1833      74797065 
 1833      00
 1834              	.LASF6:
 1835 01b3 6C6F6E67 		.ascii	"long long int\000"
 1835      206C6F6E 
 1835      6720696E 
 1835      7400
 1836              	.LASF2:
 1837 01c1 73686F72 		.ascii	"short int\000"
 1837      7420696E 
 1837      7400
 1838              	.LASF4:
 1839 01cb 6C6F6E67 		.ascii	"long int\000"
 1839      20696E74 
 1839      00
 1840              	.LASF0:
 1841 01d4 7369676E 		.ascii	"signed char\000"
 1841      65642063 
 1841      68617200 
 1842              	.LASF18:
 1843 01e0 47656E65 		.ascii	"Generated_Source\\PSoC5\\cymetadata.c\000"
 1843      72617465 
 1843      645F536F 
 1843      75726365 
 1843      5C50536F 
 1844              		.ident	"GCC: (GNU Tools for ARM Embedded Processors) 5.4.1 20160609 (release) [ARM/embedded-5-bran
