ARM GAS  C:\Users\MARCUS~1\AppData\Local\Temp\cczETmt8.s 			page 1


   1              		.syntax unified
   2              		.cpu cortex-m3
   3              		.fpu softvfp
   4              		.eabi_attribute 20, 1
   5              		.eabi_attribute 21, 1
   6              		.eabi_attribute 23, 3
   7              		.eabi_attribute 24, 1
   8              		.eabi_attribute 25, 1
   9              		.eabi_attribute 26, 1
  10              		.eabi_attribute 30, 1
  11              		.eabi_attribute 34, 1
  12              		.eabi_attribute 18, 4
  13              		.thumb
  14              		.syntax unified
  15              		.file	"rgb_led.c"
  16              		.text
  17              	.Ltext0:
  18              		.cfi_sections	.debug_frame
  19              		.section	.text.initRGBLED,"ax",%progbits
  20              		.align	2
  21              		.global	initRGBLED
  22              		.thumb
  23              		.thumb_func
  24              		.type	initRGBLED, %function
  25              	initRGBLED:
  26              	.LFB63:
  27              		.file 1 "rgb_led.c"
   1:rgb_led.c     ****               /* ========================================
   2:rgb_led.c     ****  *
   3:rgb_led.c     ****  * Copyright YOUR COMPANY, THE YEAR
   4:rgb_led.c     ****  * All Rights Reserved
   5:rgb_led.c     ****  * UNPUBLISHED, LICENSED SOFTWARE.
   6:rgb_led.c     ****  *
   7:rgb_led.c     ****  * CONFIDENTIAL AND PROPRIETARY INFORMATION
   8:rgb_led.c     ****  * WHICH IS THE PROPERTY OF your company.
   9:rgb_led.c     ****  *
  10:rgb_led.c     ****  * ========================================
  11:rgb_led.c     **** */
  12:rgb_led.c     **** #include "rgb_led.h"
  13:rgb_led.c     **** 
  14:rgb_led.c     **** void initRGBLED()
  15:rgb_led.c     **** {
  28              		.loc 1 15 0
  29              		.cfi_startproc
  30              		@ args = 0, pretend = 0, frame = 0
  31              		@ frame_needed = 0, uses_anonymous_args = 0
  32 0000 08B5     		push	{r3, lr}
  33              		.cfi_def_cfa_offset 8
  34              		.cfi_offset 3, -8
  35              		.cfi_offset 14, -4
  16:rgb_led.c     ****     //Init colors and brightness pwm
  17:rgb_led.c     ****     PWM_RED_Start();
  36              		.loc 1 17 0
  37 0002 FFF7FEFF 		bl	PWM_RED_Start
  38              	.LVL0:
  18:rgb_led.c     ****     PWM_GREEN_Start();
  39              		.loc 1 18 0
ARM GAS  C:\Users\MARCUS~1\AppData\Local\Temp\cczETmt8.s 			page 2


  40 0006 FFF7FEFF 		bl	PWM_GREEN_Start
  41              	.LVL1:
  19:rgb_led.c     ****     PWM_BLUE_Start();
  42              		.loc 1 19 0
  43 000a FFF7FEFF 		bl	PWM_BLUE_Start
  44              	.LVL2:
  45 000e 08BD     		pop	{r3, pc}
  46              		.cfi_endproc
  47              	.LFE63:
  48              		.size	initRGBLED, .-initRGBLED
  49              		.section	.text.setRed,"ax",%progbits
  50              		.align	2
  51              		.global	setRed
  52              		.thumb
  53              		.thumb_func
  54              		.type	setRed, %function
  55              	setRed:
  56              	.LFB65:
  20:rgb_led.c     **** }
  21:rgb_led.c     **** 
  22:rgb_led.c     **** 
  23:rgb_led.c     **** void setColor(color_t color)
  24:rgb_led.c     **** {
  25:rgb_led.c     ****     setRed(color.red);
  26:rgb_led.c     ****     setGreen(color.green);
  27:rgb_led.c     ****     setBlue(color.blue);
  28:rgb_led.c     **** }
  29:rgb_led.c     **** 
  30:rgb_led.c     **** void setRed(uint8_t R)
  31:rgb_led.c     **** {
  57              		.loc 1 31 0
  58              		.cfi_startproc
  59              		@ args = 0, pretend = 0, frame = 0
  60              		@ frame_needed = 0, uses_anonymous_args = 0
  61              	.LVL3:
  62 0000 08B5     		push	{r3, lr}
  63              		.cfi_def_cfa_offset 8
  64              		.cfi_offset 3, -8
  65              		.cfi_offset 14, -4
  66              	.LVL4:
  32:rgb_led.c     ****     uint8_t red = R>=0 && R<=255 ? R : getRed(); //Bound Check
  33:rgb_led.c     ****     PWM_RED_WriteCompare(red);
  67              		.loc 1 33 0
  68 0002 FFF7FEFF 		bl	PWM_RED_WriteCompare
  69              	.LVL5:
  70 0006 08BD     		pop	{r3, pc}
  71              		.cfi_endproc
  72              	.LFE65:
  73              		.size	setRed, .-setRed
  74              		.section	.text.setGreen,"ax",%progbits
  75              		.align	2
  76              		.global	setGreen
  77              		.thumb
  78              		.thumb_func
  79              		.type	setGreen, %function
  80              	setGreen:
  81              	.LFB66:
ARM GAS  C:\Users\MARCUS~1\AppData\Local\Temp\cczETmt8.s 			page 3


  34:rgb_led.c     **** }
  35:rgb_led.c     **** 
  36:rgb_led.c     **** void setGreen(uint8_t G)
  37:rgb_led.c     **** {
  82              		.loc 1 37 0
  83              		.cfi_startproc
  84              		@ args = 0, pretend = 0, frame = 0
  85              		@ frame_needed = 0, uses_anonymous_args = 0
  86              	.LVL6:
  87 0000 08B5     		push	{r3, lr}
  88              		.cfi_def_cfa_offset 8
  89              		.cfi_offset 3, -8
  90              		.cfi_offset 14, -4
  91              	.LVL7:
  38:rgb_led.c     ****     uint8_t green = G>=0 && G<=255 ? G : getGreen(); //Bound Check
  39:rgb_led.c     ****     PWM_GREEN_WriteCompare(green);
  92              		.loc 1 39 0
  93 0002 FFF7FEFF 		bl	PWM_GREEN_WriteCompare
  94              	.LVL8:
  95 0006 08BD     		pop	{r3, pc}
  96              		.cfi_endproc
  97              	.LFE66:
  98              		.size	setGreen, .-setGreen
  99              		.section	.text.setBlue,"ax",%progbits
 100              		.align	2
 101              		.global	setBlue
 102              		.thumb
 103              		.thumb_func
 104              		.type	setBlue, %function
 105              	setBlue:
 106              	.LFB67:
  40:rgb_led.c     **** }
  41:rgb_led.c     **** 
  42:rgb_led.c     **** void setBlue(uint8_t B)
  43:rgb_led.c     **** {
 107              		.loc 1 43 0
 108              		.cfi_startproc
 109              		@ args = 0, pretend = 0, frame = 0
 110              		@ frame_needed = 0, uses_anonymous_args = 0
 111              	.LVL9:
 112 0000 08B5     		push	{r3, lr}
 113              		.cfi_def_cfa_offset 8
 114              		.cfi_offset 3, -8
 115              		.cfi_offset 14, -4
 116              	.LVL10:
  44:rgb_led.c     ****     uint8_t blue = B>=0 && B<=255 ? B : getBlue(); //Bound Check
  45:rgb_led.c     ****     PWM_BLUE_WriteCompare(blue);
 117              		.loc 1 45 0
 118 0002 FFF7FEFF 		bl	PWM_BLUE_WriteCompare
 119              	.LVL11:
 120 0006 08BD     		pop	{r3, pc}
 121              		.cfi_endproc
 122              	.LFE67:
 123              		.size	setBlue, .-setBlue
 124              		.section	.text.setColor,"ax",%progbits
 125              		.align	2
 126              		.global	setColor
ARM GAS  C:\Users\MARCUS~1\AppData\Local\Temp\cczETmt8.s 			page 4


 127              		.thumb
 128              		.thumb_func
 129              		.type	setColor, %function
 130              	setColor:
 131              	.LFB64:
  24:rgb_led.c     ****     setRed(color.red);
 132              		.loc 1 24 0
 133              		.cfi_startproc
 134              		@ args = 0, pretend = 0, frame = 8
 135              		@ frame_needed = 0, uses_anonymous_args = 0
 136 0000 00B5     		push	{lr}
 137              		.cfi_def_cfa_offset 4
 138              		.cfi_offset 14, -4
 139 0002 83B0     		sub	sp, sp, #12
 140              		.cfi_def_cfa_offset 16
 141 0004 0190     		str	r0, [sp, #4]
  25:rgb_led.c     ****     setGreen(color.green);
 142              		.loc 1 25 0
 143 0006 C0B2     		uxtb	r0, r0
 144 0008 FFF7FEFF 		bl	setRed
 145              	.LVL12:
  26:rgb_led.c     ****     setBlue(color.blue);
 146              		.loc 1 26 0
 147 000c 9DF80500 		ldrb	r0, [sp, #5]	@ zero_extendqisi2
 148 0010 FFF7FEFF 		bl	setGreen
 149              	.LVL13:
  27:rgb_led.c     **** }
 150              		.loc 1 27 0
 151 0014 9DF80600 		ldrb	r0, [sp, #6]	@ zero_extendqisi2
 152 0018 FFF7FEFF 		bl	setBlue
 153              	.LVL14:
  28:rgb_led.c     **** 
 154              		.loc 1 28 0
 155 001c 03B0     		add	sp, sp, #12
 156              		.cfi_def_cfa_offset 4
 157              		@ sp needed
 158 001e 5DF804FB 		ldr	pc, [sp], #4
 159              		.cfi_endproc
 160              	.LFE64:
 161              		.size	setColor, .-setColor
 162 0022 00BF     		.section	.text.getRed,"ax",%progbits
 163              		.align	2
 164              		.global	getRed
 165              		.thumb
 166              		.thumb_func
 167              		.type	getRed, %function
 168              	getRed:
 169              	.LFB68:
  46:rgb_led.c     **** }
  47:rgb_led.c     **** 
  48:rgb_led.c     **** uint8_t getRed(void)
  49:rgb_led.c     **** {
 170              		.loc 1 49 0
 171              		.cfi_startproc
 172              		@ args = 0, pretend = 0, frame = 0
 173              		@ frame_needed = 0, uses_anonymous_args = 0
 174 0000 08B5     		push	{r3, lr}
ARM GAS  C:\Users\MARCUS~1\AppData\Local\Temp\cczETmt8.s 			page 5


 175              		.cfi_def_cfa_offset 8
 176              		.cfi_offset 3, -8
 177              		.cfi_offset 14, -4
  50:rgb_led.c     ****     return PWM_RED_ReadCompare();
 178              		.loc 1 50 0
 179 0002 FFF7FEFF 		bl	PWM_RED_ReadCompare
 180              	.LVL15:
  51:rgb_led.c     **** }
 181              		.loc 1 51 0
 182 0006 C0B2     		uxtb	r0, r0
 183 0008 08BD     		pop	{r3, pc}
 184              		.cfi_endproc
 185              	.LFE68:
 186              		.size	getRed, .-getRed
 187              		.section	.text.getGreen,"ax",%progbits
 188              		.align	2
 189              		.global	getGreen
 190              		.thumb
 191              		.thumb_func
 192              		.type	getGreen, %function
 193              	getGreen:
 194              	.LFB69:
  52:rgb_led.c     **** 
  53:rgb_led.c     **** uint8_t getGreen(void)
  54:rgb_led.c     **** {
 195              		.loc 1 54 0
 196              		.cfi_startproc
 197              		@ args = 0, pretend = 0, frame = 0
 198              		@ frame_needed = 0, uses_anonymous_args = 0
 199 0000 08B5     		push	{r3, lr}
 200              		.cfi_def_cfa_offset 8
 201              		.cfi_offset 3, -8
 202              		.cfi_offset 14, -4
  55:rgb_led.c     ****     return PWM_GREEN_ReadCompare();
 203              		.loc 1 55 0
 204 0002 FFF7FEFF 		bl	PWM_GREEN_ReadCompare
 205              	.LVL16:
  56:rgb_led.c     **** }
 206              		.loc 1 56 0
 207 0006 C0B2     		uxtb	r0, r0
 208 0008 08BD     		pop	{r3, pc}
 209              		.cfi_endproc
 210              	.LFE69:
 211              		.size	getGreen, .-getGreen
 212              		.section	.text.getBlue,"ax",%progbits
 213              		.align	2
 214              		.global	getBlue
 215              		.thumb
 216              		.thumb_func
 217              		.type	getBlue, %function
 218              	getBlue:
 219              	.LFB70:
  57:rgb_led.c     **** uint8_t getBlue(void)
  58:rgb_led.c     **** {
 220              		.loc 1 58 0
 221              		.cfi_startproc
 222              		@ args = 0, pretend = 0, frame = 0
ARM GAS  C:\Users\MARCUS~1\AppData\Local\Temp\cczETmt8.s 			page 6


 223              		@ frame_needed = 0, uses_anonymous_args = 0
 224 0000 08B5     		push	{r3, lr}
 225              		.cfi_def_cfa_offset 8
 226              		.cfi_offset 3, -8
 227              		.cfi_offset 14, -4
  59:rgb_led.c     ****     return PWM_BLUE_ReadCompare();
 228              		.loc 1 59 0
 229 0002 FFF7FEFF 		bl	PWM_BLUE_ReadCompare
 230              	.LVL17:
  60:rgb_led.c     **** }
 231              		.loc 1 60 0
 232 0006 C0B2     		uxtb	r0, r0
 233 0008 08BD     		pop	{r3, pc}
 234              		.cfi_endproc
 235              	.LFE70:
 236              		.size	getBlue, .-getBlue
 237              		.text
 238              	.Letext0:
 239              		.file 2 "f:\\marcus\\software\\psoc creator\\4.2\\psoc creator\\import\\gnu\\arm\\5.4.1\\arm-none-
 240              		.file 3 "f:\\marcus\\software\\psoc creator\\4.2\\psoc creator\\import\\gnu\\arm\\5.4.1\\arm-none-
 241              		.file 4 "rgb_led.h"
 242              		.file 5 "Generated_Source\\PSoC5/core_cm3.h"
 243              		.section	.debug_info,"",%progbits
 244              	.Ldebug_info0:
 245 0000 AD030000 		.4byte	0x3ad
 246 0004 0400     		.2byte	0x4
 247 0006 00000000 		.4byte	.Ldebug_abbrev0
 248 000a 04       		.byte	0x4
 249 000b 01       		.uleb128 0x1
 250 000c 87000000 		.4byte	.LASF38
 251 0010 0C       		.byte	0xc
 252 0011 14000000 		.4byte	.LASF39
 253 0015 15010000 		.4byte	.LASF40
 254 0019 00000000 		.4byte	.Ldebug_ranges0+0
 255 001d 00000000 		.4byte	0
 256 0021 00000000 		.4byte	.Ldebug_line0
 257 0025 02       		.uleb128 0x2
 258 0026 01       		.byte	0x1
 259 0027 06       		.byte	0x6
 260 0028 25020000 		.4byte	.LASF0
 261 002c 03       		.uleb128 0x3
 262 002d 27000000 		.4byte	.LASF4
 263 0031 02       		.byte	0x2
 264 0032 1D       		.byte	0x1d
 265 0033 37000000 		.4byte	0x37
 266 0037 02       		.uleb128 0x2
 267 0038 01       		.byte	0x1
 268 0039 08       		.byte	0x8
 269 003a 79000000 		.4byte	.LASF1
 270 003e 02       		.uleb128 0x2
 271 003f 02       		.byte	0x2
 272 0040 05       		.byte	0x5
 273 0041 63020000 		.4byte	.LASF2
 274 0045 02       		.uleb128 0x2
 275 0046 02       		.byte	0x2
 276 0047 07       		.byte	0x7
 277 0048 6E010000 		.4byte	.LASF3
ARM GAS  C:\Users\MARCUS~1\AppData\Local\Temp\cczETmt8.s 			page 7


 278 004c 03       		.uleb128 0x3
 279 004d 31000000 		.4byte	.LASF5
 280 0051 02       		.byte	0x2
 281 0052 3F       		.byte	0x3f
 282 0053 57000000 		.4byte	0x57
 283 0057 02       		.uleb128 0x2
 284 0058 04       		.byte	0x4
 285 0059 05       		.byte	0x5
 286 005a 99020000 		.4byte	.LASF6
 287 005e 02       		.uleb128 0x2
 288 005f 04       		.byte	0x4
 289 0060 07       		.byte	0x7
 290 0061 53010000 		.4byte	.LASF7
 291 0065 02       		.uleb128 0x2
 292 0066 08       		.byte	0x8
 293 0067 05       		.byte	0x5
 294 0068 50020000 		.4byte	.LASF8
 295 006c 02       		.uleb128 0x2
 296 006d 08       		.byte	0x8
 297 006e 07       		.byte	0x7
 298 006f E1010000 		.4byte	.LASF9
 299 0073 04       		.uleb128 0x4
 300 0074 04       		.byte	0x4
 301 0075 05       		.byte	0x5
 302 0076 696E7400 		.ascii	"int\000"
 303 007a 02       		.uleb128 0x2
 304 007b 04       		.byte	0x4
 305 007c 07       		.byte	0x7
 306 007d D4010000 		.4byte	.LASF10
 307 0081 03       		.uleb128 0x3
 308 0082 F8010000 		.4byte	.LASF11
 309 0086 03       		.byte	0x3
 310 0087 18       		.byte	0x18
 311 0088 2C000000 		.4byte	0x2c
 312 008c 03       		.uleb128 0x3
 313 008d 31020000 		.4byte	.LASF12
 314 0091 03       		.byte	0x3
 315 0092 2C       		.byte	0x2c
 316 0093 4C000000 		.4byte	0x4c
 317 0097 02       		.uleb128 0x2
 318 0098 04       		.byte	0x4
 319 0099 04       		.byte	0x4
 320 009a 6C000000 		.4byte	.LASF13
 321 009e 02       		.uleb128 0x2
 322 009f 08       		.byte	0x8
 323 00a0 04       		.byte	0x4
 324 00a1 59000000 		.4byte	.LASF14
 325 00a5 02       		.uleb128 0x2
 326 00a6 01       		.byte	0x1
 327 00a7 08       		.byte	0x8
 328 00a8 5E020000 		.4byte	.LASF15
 329 00ac 02       		.uleb128 0x2
 330 00ad 08       		.byte	0x8
 331 00ae 04       		.byte	0x4
 332 00af A2020000 		.4byte	.LASF16
 333 00b3 02       		.uleb128 0x2
 334 00b4 04       		.byte	0x4
ARM GAS  C:\Users\MARCUS~1\AppData\Local\Temp\cczETmt8.s 			page 8


 335 00b5 07       		.byte	0x7
 336 00b6 39020000 		.4byte	.LASF17
 337 00ba 05       		.uleb128 0x5
 338 00bb CE010000 		.4byte	.LASF31
 339 00bf 03       		.byte	0x3
 340 00c0 04       		.byte	0x4
 341 00c1 18       		.byte	0x18
 342 00c2 EB000000 		.4byte	0xeb
 343 00c6 06       		.uleb128 0x6
 344 00c7 72656400 		.ascii	"red\000"
 345 00cb 04       		.byte	0x4
 346 00cc 1A       		.byte	0x1a
 347 00cd 81000000 		.4byte	0x81
 348 00d1 00       		.byte	0
 349 00d2 07       		.uleb128 0x7
 350 00d3 81010000 		.4byte	.LASF18
 351 00d7 04       		.byte	0x4
 352 00d8 1B       		.byte	0x1b
 353 00d9 81000000 		.4byte	0x81
 354 00dd 01       		.byte	0x1
 355 00de 07       		.uleb128 0x7
 356 00df 60000000 		.4byte	.LASF19
 357 00e3 04       		.byte	0x4
 358 00e4 1C       		.byte	0x1c
 359 00e5 81000000 		.4byte	0x81
 360 00e9 02       		.byte	0x2
 361 00ea 00       		.byte	0
 362 00eb 03       		.uleb128 0x3
 363 00ec 94010000 		.4byte	.LASF20
 364 00f0 04       		.byte	0x4
 365 00f1 1D       		.byte	0x1d
 366 00f2 BA000000 		.4byte	0xba
 367 00f6 08       		.uleb128 0x8
 368 00f7 AC010000 		.4byte	.LASF41
 369 00fb 01       		.byte	0x1
 370 00fc 0E       		.byte	0xe
 371 00fd 00000000 		.4byte	.LFB63
 372 0101 10000000 		.4byte	.LFE63-.LFB63
 373 0105 01       		.uleb128 0x1
 374 0106 9C       		.byte	0x9c
 375 0107 5A010000 		.4byte	0x15a
 376 010b 09       		.uleb128 0x9
 377 010c 42020000 		.4byte	.LASF21
 378 0110 01       		.byte	0x1
 379 0111 11       		.byte	0x11
 380 0112 73000000 		.4byte	0x73
 381 0116 1C010000 		.4byte	0x11c
 382 011a 0A       		.uleb128 0xa
 383 011b 00       		.byte	0
 384 011c 09       		.uleb128 0x9
 385 011d 00020000 		.4byte	.LASF22
 386 0121 01       		.byte	0x1
 387 0122 12       		.byte	0x12
 388 0123 73000000 		.4byte	0x73
 389 0127 2D010000 		.4byte	0x12d
 390 012b 0A       		.uleb128 0xa
 391 012c 00       		.byte	0
ARM GAS  C:\Users\MARCUS~1\AppData\Local\Temp\cczETmt8.s 			page 9


 392 012d 09       		.uleb128 0x9
 393 012e AE020000 		.4byte	.LASF23
 394 0132 01       		.byte	0x1
 395 0133 13       		.byte	0x13
 396 0134 73000000 		.4byte	0x73
 397 0138 3E010000 		.4byte	0x13e
 398 013c 0A       		.uleb128 0xa
 399 013d 00       		.byte	0
 400 013e 0B       		.uleb128 0xb
 401 013f 06000000 		.4byte	.LVL0
 402 0143 4D030000 		.4byte	0x34d
 403 0147 0B       		.uleb128 0xb
 404 0148 0A000000 		.4byte	.LVL1
 405 014c 58030000 		.4byte	0x358
 406 0150 0B       		.uleb128 0xb
 407 0151 0E000000 		.4byte	.LVL2
 408 0155 63030000 		.4byte	0x363
 409 0159 00       		.byte	0
 410 015a 0C       		.uleb128 0xc
 411 015b 65000000 		.4byte	.LASF25
 412 015f 01       		.byte	0x1
 413 0160 1E       		.byte	0x1e
 414 0161 00000000 		.4byte	.LFB65
 415 0165 08000000 		.4byte	.LFE65-.LFB65
 416 0169 01       		.uleb128 0x1
 417 016a 9C       		.byte	0x9c
 418 016b A6010000 		.4byte	0x1a6
 419 016f 0D       		.uleb128 0xd
 420 0170 5200     		.ascii	"R\000"
 421 0172 01       		.byte	0x1
 422 0173 1E       		.byte	0x1e
 423 0174 81000000 		.4byte	0x81
 424 0178 00000000 		.4byte	.LLST0
 425 017c 0E       		.uleb128 0xe
 426 017d 72656400 		.ascii	"red\000"
 427 0181 01       		.byte	0x1
 428 0182 20       		.byte	0x20
 429 0183 81000000 		.4byte	0x81
 430 0187 21000000 		.4byte	.LLST1
 431 018b 09       		.uleb128 0x9
 432 018c 44000000 		.4byte	.LASF24
 433 0190 01       		.byte	0x1
 434 0191 21       		.byte	0x21
 435 0192 73000000 		.4byte	0x73
 436 0196 9C010000 		.4byte	0x19c
 437 019a 0A       		.uleb128 0xa
 438 019b 00       		.byte	0
 439 019c 0B       		.uleb128 0xb
 440 019d 06000000 		.4byte	.LVL5
 441 01a1 6E030000 		.4byte	0x36e
 442 01a5 00       		.byte	0
 443 01a6 0C       		.uleb128 0xc
 444 01a7 1E000000 		.4byte	.LASF26
 445 01ab 01       		.byte	0x1
 446 01ac 24       		.byte	0x24
 447 01ad 00000000 		.4byte	.LFB66
 448 01b1 08000000 		.4byte	.LFE66-.LFB66
ARM GAS  C:\Users\MARCUS~1\AppData\Local\Temp\cczETmt8.s 			page 10


 449 01b5 01       		.uleb128 0x1
 450 01b6 9C       		.byte	0x9c
 451 01b7 F2010000 		.4byte	0x1f2
 452 01bb 0D       		.uleb128 0xd
 453 01bc 4700     		.ascii	"G\000"
 454 01be 01       		.byte	0x1
 455 01bf 24       		.byte	0x24
 456 01c0 81000000 		.4byte	0x81
 457 01c4 34000000 		.4byte	.LLST2
 458 01c8 0F       		.uleb128 0xf
 459 01c9 81010000 		.4byte	.LASF18
 460 01cd 01       		.byte	0x1
 461 01ce 26       		.byte	0x26
 462 01cf 81000000 		.4byte	0x81
 463 01d3 55000000 		.4byte	.LLST3
 464 01d7 09       		.uleb128 0x9
 465 01d8 B7010000 		.4byte	.LASF27
 466 01dc 01       		.byte	0x1
 467 01dd 27       		.byte	0x27
 468 01de 73000000 		.4byte	0x73
 469 01e2 E8010000 		.4byte	0x1e8
 470 01e6 0A       		.uleb128 0xa
 471 01e7 00       		.byte	0
 472 01e8 0B       		.uleb128 0xb
 473 01e9 06000000 		.4byte	.LVL8
 474 01ed 79030000 		.4byte	0x379
 475 01f1 00       		.byte	0
 476 01f2 0C       		.uleb128 0xc
 477 01f3 A4010000 		.4byte	.LASF28
 478 01f7 01       		.byte	0x1
 479 01f8 2A       		.byte	0x2a
 480 01f9 00000000 		.4byte	.LFB67
 481 01fd 08000000 		.4byte	.LFE67-.LFB67
 482 0201 01       		.uleb128 0x1
 483 0202 9C       		.byte	0x9c
 484 0203 3E020000 		.4byte	0x23e
 485 0207 0D       		.uleb128 0xd
 486 0208 4200     		.ascii	"B\000"
 487 020a 01       		.byte	0x1
 488 020b 2A       		.byte	0x2a
 489 020c 81000000 		.4byte	0x81
 490 0210 68000000 		.4byte	.LLST4
 491 0214 0F       		.uleb128 0xf
 492 0215 60000000 		.4byte	.LASF19
 493 0219 01       		.byte	0x1
 494 021a 2C       		.byte	0x2c
 495 021b 81000000 		.4byte	0x81
 496 021f 89000000 		.4byte	.LLST5
 497 0223 09       		.uleb128 0x9
 498 0224 83020000 		.4byte	.LASF29
 499 0228 01       		.byte	0x1
 500 0229 2D       		.byte	0x2d
 501 022a 73000000 		.4byte	0x73
 502 022e 34020000 		.4byte	0x234
 503 0232 0A       		.uleb128 0xa
 504 0233 00       		.byte	0
 505 0234 0B       		.uleb128 0xb
ARM GAS  C:\Users\MARCUS~1\AppData\Local\Temp\cczETmt8.s 			page 11


 506 0235 06000000 		.4byte	.LVL11
 507 0239 84030000 		.4byte	0x384
 508 023d 00       		.byte	0
 509 023e 0C       		.uleb128 0xc
 510 023f 3B000000 		.4byte	.LASF30
 511 0243 01       		.byte	0x1
 512 0244 17       		.byte	0x17
 513 0245 00000000 		.4byte	.LFB64
 514 0249 22000000 		.4byte	.LFE64-.LFB64
 515 024d 01       		.uleb128 0x1
 516 024e 9C       		.byte	0x9c
 517 024f A0020000 		.4byte	0x2a0
 518 0253 10       		.uleb128 0x10
 519 0254 CE010000 		.4byte	.LASF31
 520 0258 01       		.byte	0x1
 521 0259 17       		.byte	0x17
 522 025a EB000000 		.4byte	0xeb
 523 025e 02       		.uleb128 0x2
 524 025f 91       		.byte	0x91
 525 0260 74       		.sleb128 -12
 526 0261 11       		.uleb128 0x11
 527 0262 0C000000 		.4byte	.LVL12
 528 0266 5A010000 		.4byte	0x15a
 529 026a 77020000 		.4byte	0x277
 530 026e 12       		.uleb128 0x12
 531 026f 01       		.uleb128 0x1
 532 0270 50       		.byte	0x50
 533 0271 04       		.uleb128 0x4
 534 0272 91       		.byte	0x91
 535 0273 74       		.sleb128 -12
 536 0274 94       		.byte	0x94
 537 0275 01       		.byte	0x1
 538 0276 00       		.byte	0
 539 0277 11       		.uleb128 0x11
 540 0278 14000000 		.4byte	.LVL13
 541 027c A6010000 		.4byte	0x1a6
 542 0280 8D020000 		.4byte	0x28d
 543 0284 12       		.uleb128 0x12
 544 0285 01       		.uleb128 0x1
 545 0286 50       		.byte	0x50
 546 0287 04       		.uleb128 0x4
 547 0288 91       		.byte	0x91
 548 0289 75       		.sleb128 -11
 549 028a 94       		.byte	0x94
 550 028b 01       		.byte	0x1
 551 028c 00       		.byte	0
 552 028d 13       		.uleb128 0x13
 553 028e 1C000000 		.4byte	.LVL14
 554 0292 F2010000 		.4byte	0x1f2
 555 0296 12       		.uleb128 0x12
 556 0297 01       		.uleb128 0x1
 557 0298 50       		.byte	0x50
 558 0299 04       		.uleb128 0x4
 559 029a 91       		.byte	0x91
 560 029b 76       		.sleb128 -10
 561 029c 94       		.byte	0x94
 562 029d 01       		.byte	0x1
ARM GAS  C:\Users\MARCUS~1\AppData\Local\Temp\cczETmt8.s 			page 12


 563 029e 00       		.byte	0
 564 029f 00       		.byte	0
 565 02a0 14       		.uleb128 0x14
 566 02a1 72000000 		.4byte	.LASF33
 567 02a5 01       		.byte	0x1
 568 02a6 30       		.byte	0x30
 569 02a7 81000000 		.4byte	0x81
 570 02ab 00000000 		.4byte	.LFB68
 571 02af 0A000000 		.4byte	.LFE68-.LFB68
 572 02b3 01       		.uleb128 0x1
 573 02b4 9C       		.byte	0x9c
 574 02b5 D4020000 		.4byte	0x2d4
 575 02b9 09       		.uleb128 0x9
 576 02ba 00000000 		.4byte	.LASF32
 577 02be 01       		.byte	0x1
 578 02bf 32       		.byte	0x32
 579 02c0 73000000 		.4byte	0x73
 580 02c4 CA020000 		.4byte	0x2ca
 581 02c8 0A       		.uleb128 0xa
 582 02c9 00       		.byte	0
 583 02ca 0B       		.uleb128 0xb
 584 02cb 06000000 		.4byte	.LVL15
 585 02cf 8F030000 		.4byte	0x38f
 586 02d3 00       		.byte	0
 587 02d4 14       		.uleb128 0x14
 588 02d5 65010000 		.4byte	.LASF34
 589 02d9 01       		.byte	0x1
 590 02da 35       		.byte	0x35
 591 02db 81000000 		.4byte	0x81
 592 02df 00000000 		.4byte	.LFB69
 593 02e3 0A000000 		.4byte	.LFE69-.LFB69
 594 02e7 01       		.uleb128 0x1
 595 02e8 9C       		.byte	0x9c
 596 02e9 08030000 		.4byte	0x308
 597 02ed 09       		.uleb128 0x9
 598 02ee 6D020000 		.4byte	.LASF35
 599 02f2 01       		.byte	0x1
 600 02f3 37       		.byte	0x37
 601 02f4 73000000 		.4byte	0x73
 602 02f8 FE020000 		.4byte	0x2fe
 603 02fc 0A       		.uleb128 0xa
 604 02fd 00       		.byte	0
 605 02fe 0B       		.uleb128 0xb
 606 02ff 06000000 		.4byte	.LVL16
 607 0303 9A030000 		.4byte	0x39a
 608 0307 00       		.byte	0
 609 0308 14       		.uleb128 0x14
 610 0309 9C010000 		.4byte	.LASF36
 611 030d 01       		.byte	0x1
 612 030e 39       		.byte	0x39
 613 030f 81000000 		.4byte	0x81
 614 0313 00000000 		.4byte	.LFB70
 615 0317 0A000000 		.4byte	.LFE70-.LFB70
 616 031b 01       		.uleb128 0x1
 617 031c 9C       		.byte	0x9c
 618 031d 3C030000 		.4byte	0x33c
 619 0321 09       		.uleb128 0x9
ARM GAS  C:\Users\MARCUS~1\AppData\Local\Temp\cczETmt8.s 			page 13


 620 0322 10020000 		.4byte	.LASF37
 621 0326 01       		.byte	0x1
 622 0327 3B       		.byte	0x3b
 623 0328 73000000 		.4byte	0x73
 624 032c 32030000 		.4byte	0x332
 625 0330 0A       		.uleb128 0xa
 626 0331 00       		.byte	0
 627 0332 0B       		.uleb128 0xb
 628 0333 06000000 		.4byte	.LVL17
 629 0337 A5030000 		.4byte	0x3a5
 630 033b 00       		.byte	0
 631 033c 15       		.uleb128 0x15
 632 033d 87010000 		.4byte	.LASF42
 633 0341 05       		.byte	0x5
 634 0342 1207     		.2byte	0x712
 635 0344 48030000 		.4byte	0x348
 636 0348 16       		.uleb128 0x16
 637 0349 8C000000 		.4byte	0x8c
 638 034d 17       		.uleb128 0x17
 639 034e 42020000 		.4byte	.LASF21
 640 0352 42020000 		.4byte	.LASF21
 641 0356 01       		.byte	0x1
 642 0357 11       		.byte	0x11
 643 0358 17       		.uleb128 0x17
 644 0359 00020000 		.4byte	.LASF22
 645 035d 00020000 		.4byte	.LASF22
 646 0361 01       		.byte	0x1
 647 0362 12       		.byte	0x12
 648 0363 17       		.uleb128 0x17
 649 0364 AE020000 		.4byte	.LASF23
 650 0368 AE020000 		.4byte	.LASF23
 651 036c 01       		.byte	0x1
 652 036d 13       		.byte	0x13
 653 036e 17       		.uleb128 0x17
 654 036f 44000000 		.4byte	.LASF24
 655 0373 44000000 		.4byte	.LASF24
 656 0377 01       		.byte	0x1
 657 0378 21       		.byte	0x21
 658 0379 17       		.uleb128 0x17
 659 037a B7010000 		.4byte	.LASF27
 660 037e B7010000 		.4byte	.LASF27
 661 0382 01       		.byte	0x1
 662 0383 27       		.byte	0x27
 663 0384 17       		.uleb128 0x17
 664 0385 83020000 		.4byte	.LASF29
 665 0389 83020000 		.4byte	.LASF29
 666 038d 01       		.byte	0x1
 667 038e 2D       		.byte	0x2d
 668 038f 17       		.uleb128 0x17
 669 0390 00000000 		.4byte	.LASF32
 670 0394 00000000 		.4byte	.LASF32
 671 0398 01       		.byte	0x1
 672 0399 32       		.byte	0x32
 673 039a 17       		.uleb128 0x17
 674 039b 6D020000 		.4byte	.LASF35
 675 039f 6D020000 		.4byte	.LASF35
 676 03a3 01       		.byte	0x1
ARM GAS  C:\Users\MARCUS~1\AppData\Local\Temp\cczETmt8.s 			page 14


 677 03a4 37       		.byte	0x37
 678 03a5 17       		.uleb128 0x17
 679 03a6 10020000 		.4byte	.LASF37
 680 03aa 10020000 		.4byte	.LASF37
 681 03ae 01       		.byte	0x1
 682 03af 3B       		.byte	0x3b
 683 03b0 00       		.byte	0
 684              		.section	.debug_abbrev,"",%progbits
 685              	.Ldebug_abbrev0:
 686 0000 01       		.uleb128 0x1
 687 0001 11       		.uleb128 0x11
 688 0002 01       		.byte	0x1
 689 0003 25       		.uleb128 0x25
 690 0004 0E       		.uleb128 0xe
 691 0005 13       		.uleb128 0x13
 692 0006 0B       		.uleb128 0xb
 693 0007 03       		.uleb128 0x3
 694 0008 0E       		.uleb128 0xe
 695 0009 1B       		.uleb128 0x1b
 696 000a 0E       		.uleb128 0xe
 697 000b 55       		.uleb128 0x55
 698 000c 17       		.uleb128 0x17
 699 000d 11       		.uleb128 0x11
 700 000e 01       		.uleb128 0x1
 701 000f 10       		.uleb128 0x10
 702 0010 17       		.uleb128 0x17
 703 0011 00       		.byte	0
 704 0012 00       		.byte	0
 705 0013 02       		.uleb128 0x2
 706 0014 24       		.uleb128 0x24
 707 0015 00       		.byte	0
 708 0016 0B       		.uleb128 0xb
 709 0017 0B       		.uleb128 0xb
 710 0018 3E       		.uleb128 0x3e
 711 0019 0B       		.uleb128 0xb
 712 001a 03       		.uleb128 0x3
 713 001b 0E       		.uleb128 0xe
 714 001c 00       		.byte	0
 715 001d 00       		.byte	0
 716 001e 03       		.uleb128 0x3
 717 001f 16       		.uleb128 0x16
 718 0020 00       		.byte	0
 719 0021 03       		.uleb128 0x3
 720 0022 0E       		.uleb128 0xe
 721 0023 3A       		.uleb128 0x3a
 722 0024 0B       		.uleb128 0xb
 723 0025 3B       		.uleb128 0x3b
 724 0026 0B       		.uleb128 0xb
 725 0027 49       		.uleb128 0x49
 726 0028 13       		.uleb128 0x13
 727 0029 00       		.byte	0
 728 002a 00       		.byte	0
 729 002b 04       		.uleb128 0x4
 730 002c 24       		.uleb128 0x24
 731 002d 00       		.byte	0
 732 002e 0B       		.uleb128 0xb
 733 002f 0B       		.uleb128 0xb
ARM GAS  C:\Users\MARCUS~1\AppData\Local\Temp\cczETmt8.s 			page 15


 734 0030 3E       		.uleb128 0x3e
 735 0031 0B       		.uleb128 0xb
 736 0032 03       		.uleb128 0x3
 737 0033 08       		.uleb128 0x8
 738 0034 00       		.byte	0
 739 0035 00       		.byte	0
 740 0036 05       		.uleb128 0x5
 741 0037 13       		.uleb128 0x13
 742 0038 01       		.byte	0x1
 743 0039 03       		.uleb128 0x3
 744 003a 0E       		.uleb128 0xe
 745 003b 0B       		.uleb128 0xb
 746 003c 0B       		.uleb128 0xb
 747 003d 3A       		.uleb128 0x3a
 748 003e 0B       		.uleb128 0xb
 749 003f 3B       		.uleb128 0x3b
 750 0040 0B       		.uleb128 0xb
 751 0041 01       		.uleb128 0x1
 752 0042 13       		.uleb128 0x13
 753 0043 00       		.byte	0
 754 0044 00       		.byte	0
 755 0045 06       		.uleb128 0x6
 756 0046 0D       		.uleb128 0xd
 757 0047 00       		.byte	0
 758 0048 03       		.uleb128 0x3
 759 0049 08       		.uleb128 0x8
 760 004a 3A       		.uleb128 0x3a
 761 004b 0B       		.uleb128 0xb
 762 004c 3B       		.uleb128 0x3b
 763 004d 0B       		.uleb128 0xb
 764 004e 49       		.uleb128 0x49
 765 004f 13       		.uleb128 0x13
 766 0050 38       		.uleb128 0x38
 767 0051 0B       		.uleb128 0xb
 768 0052 00       		.byte	0
 769 0053 00       		.byte	0
 770 0054 07       		.uleb128 0x7
 771 0055 0D       		.uleb128 0xd
 772 0056 00       		.byte	0
 773 0057 03       		.uleb128 0x3
 774 0058 0E       		.uleb128 0xe
 775 0059 3A       		.uleb128 0x3a
 776 005a 0B       		.uleb128 0xb
 777 005b 3B       		.uleb128 0x3b
 778 005c 0B       		.uleb128 0xb
 779 005d 49       		.uleb128 0x49
 780 005e 13       		.uleb128 0x13
 781 005f 38       		.uleb128 0x38
 782 0060 0B       		.uleb128 0xb
 783 0061 00       		.byte	0
 784 0062 00       		.byte	0
 785 0063 08       		.uleb128 0x8
 786 0064 2E       		.uleb128 0x2e
 787 0065 01       		.byte	0x1
 788 0066 3F       		.uleb128 0x3f
 789 0067 19       		.uleb128 0x19
 790 0068 03       		.uleb128 0x3
ARM GAS  C:\Users\MARCUS~1\AppData\Local\Temp\cczETmt8.s 			page 16


 791 0069 0E       		.uleb128 0xe
 792 006a 3A       		.uleb128 0x3a
 793 006b 0B       		.uleb128 0xb
 794 006c 3B       		.uleb128 0x3b
 795 006d 0B       		.uleb128 0xb
 796 006e 11       		.uleb128 0x11
 797 006f 01       		.uleb128 0x1
 798 0070 12       		.uleb128 0x12
 799 0071 06       		.uleb128 0x6
 800 0072 40       		.uleb128 0x40
 801 0073 18       		.uleb128 0x18
 802 0074 9742     		.uleb128 0x2117
 803 0076 19       		.uleb128 0x19
 804 0077 01       		.uleb128 0x1
 805 0078 13       		.uleb128 0x13
 806 0079 00       		.byte	0
 807 007a 00       		.byte	0
 808 007b 09       		.uleb128 0x9
 809 007c 2E       		.uleb128 0x2e
 810 007d 01       		.byte	0x1
 811 007e 3F       		.uleb128 0x3f
 812 007f 19       		.uleb128 0x19
 813 0080 03       		.uleb128 0x3
 814 0081 0E       		.uleb128 0xe
 815 0082 3A       		.uleb128 0x3a
 816 0083 0B       		.uleb128 0xb
 817 0084 3B       		.uleb128 0x3b
 818 0085 0B       		.uleb128 0xb
 819 0086 49       		.uleb128 0x49
 820 0087 13       		.uleb128 0x13
 821 0088 3C       		.uleb128 0x3c
 822 0089 19       		.uleb128 0x19
 823 008a 01       		.uleb128 0x1
 824 008b 13       		.uleb128 0x13
 825 008c 00       		.byte	0
 826 008d 00       		.byte	0
 827 008e 0A       		.uleb128 0xa
 828 008f 18       		.uleb128 0x18
 829 0090 00       		.byte	0
 830 0091 00       		.byte	0
 831 0092 00       		.byte	0
 832 0093 0B       		.uleb128 0xb
 833 0094 898201   		.uleb128 0x4109
 834 0097 00       		.byte	0
 835 0098 11       		.uleb128 0x11
 836 0099 01       		.uleb128 0x1
 837 009a 31       		.uleb128 0x31
 838 009b 13       		.uleb128 0x13
 839 009c 00       		.byte	0
 840 009d 00       		.byte	0
 841 009e 0C       		.uleb128 0xc
 842 009f 2E       		.uleb128 0x2e
 843 00a0 01       		.byte	0x1
 844 00a1 3F       		.uleb128 0x3f
 845 00a2 19       		.uleb128 0x19
 846 00a3 03       		.uleb128 0x3
 847 00a4 0E       		.uleb128 0xe
ARM GAS  C:\Users\MARCUS~1\AppData\Local\Temp\cczETmt8.s 			page 17


 848 00a5 3A       		.uleb128 0x3a
 849 00a6 0B       		.uleb128 0xb
 850 00a7 3B       		.uleb128 0x3b
 851 00a8 0B       		.uleb128 0xb
 852 00a9 27       		.uleb128 0x27
 853 00aa 19       		.uleb128 0x19
 854 00ab 11       		.uleb128 0x11
 855 00ac 01       		.uleb128 0x1
 856 00ad 12       		.uleb128 0x12
 857 00ae 06       		.uleb128 0x6
 858 00af 40       		.uleb128 0x40
 859 00b0 18       		.uleb128 0x18
 860 00b1 9742     		.uleb128 0x2117
 861 00b3 19       		.uleb128 0x19
 862 00b4 01       		.uleb128 0x1
 863 00b5 13       		.uleb128 0x13
 864 00b6 00       		.byte	0
 865 00b7 00       		.byte	0
 866 00b8 0D       		.uleb128 0xd
 867 00b9 05       		.uleb128 0x5
 868 00ba 00       		.byte	0
 869 00bb 03       		.uleb128 0x3
 870 00bc 08       		.uleb128 0x8
 871 00bd 3A       		.uleb128 0x3a
 872 00be 0B       		.uleb128 0xb
 873 00bf 3B       		.uleb128 0x3b
 874 00c0 0B       		.uleb128 0xb
 875 00c1 49       		.uleb128 0x49
 876 00c2 13       		.uleb128 0x13
 877 00c3 02       		.uleb128 0x2
 878 00c4 17       		.uleb128 0x17
 879 00c5 00       		.byte	0
 880 00c6 00       		.byte	0
 881 00c7 0E       		.uleb128 0xe
 882 00c8 34       		.uleb128 0x34
 883 00c9 00       		.byte	0
 884 00ca 03       		.uleb128 0x3
 885 00cb 08       		.uleb128 0x8
 886 00cc 3A       		.uleb128 0x3a
 887 00cd 0B       		.uleb128 0xb
 888 00ce 3B       		.uleb128 0x3b
 889 00cf 0B       		.uleb128 0xb
 890 00d0 49       		.uleb128 0x49
 891 00d1 13       		.uleb128 0x13
 892 00d2 02       		.uleb128 0x2
 893 00d3 17       		.uleb128 0x17
 894 00d4 00       		.byte	0
 895 00d5 00       		.byte	0
 896 00d6 0F       		.uleb128 0xf
 897 00d7 34       		.uleb128 0x34
 898 00d8 00       		.byte	0
 899 00d9 03       		.uleb128 0x3
 900 00da 0E       		.uleb128 0xe
 901 00db 3A       		.uleb128 0x3a
 902 00dc 0B       		.uleb128 0xb
 903 00dd 3B       		.uleb128 0x3b
 904 00de 0B       		.uleb128 0xb
ARM GAS  C:\Users\MARCUS~1\AppData\Local\Temp\cczETmt8.s 			page 18


 905 00df 49       		.uleb128 0x49
 906 00e0 13       		.uleb128 0x13
 907 00e1 02       		.uleb128 0x2
 908 00e2 17       		.uleb128 0x17
 909 00e3 00       		.byte	0
 910 00e4 00       		.byte	0
 911 00e5 10       		.uleb128 0x10
 912 00e6 05       		.uleb128 0x5
 913 00e7 00       		.byte	0
 914 00e8 03       		.uleb128 0x3
 915 00e9 0E       		.uleb128 0xe
 916 00ea 3A       		.uleb128 0x3a
 917 00eb 0B       		.uleb128 0xb
 918 00ec 3B       		.uleb128 0x3b
 919 00ed 0B       		.uleb128 0xb
 920 00ee 49       		.uleb128 0x49
 921 00ef 13       		.uleb128 0x13
 922 00f0 02       		.uleb128 0x2
 923 00f1 18       		.uleb128 0x18
 924 00f2 00       		.byte	0
 925 00f3 00       		.byte	0
 926 00f4 11       		.uleb128 0x11
 927 00f5 898201   		.uleb128 0x4109
 928 00f8 01       		.byte	0x1
 929 00f9 11       		.uleb128 0x11
 930 00fa 01       		.uleb128 0x1
 931 00fb 31       		.uleb128 0x31
 932 00fc 13       		.uleb128 0x13
 933 00fd 01       		.uleb128 0x1
 934 00fe 13       		.uleb128 0x13
 935 00ff 00       		.byte	0
 936 0100 00       		.byte	0
 937 0101 12       		.uleb128 0x12
 938 0102 8A8201   		.uleb128 0x410a
 939 0105 00       		.byte	0
 940 0106 02       		.uleb128 0x2
 941 0107 18       		.uleb128 0x18
 942 0108 9142     		.uleb128 0x2111
 943 010a 18       		.uleb128 0x18
 944 010b 00       		.byte	0
 945 010c 00       		.byte	0
 946 010d 13       		.uleb128 0x13
 947 010e 898201   		.uleb128 0x4109
 948 0111 01       		.byte	0x1
 949 0112 11       		.uleb128 0x11
 950 0113 01       		.uleb128 0x1
 951 0114 31       		.uleb128 0x31
 952 0115 13       		.uleb128 0x13
 953 0116 00       		.byte	0
 954 0117 00       		.byte	0
 955 0118 14       		.uleb128 0x14
 956 0119 2E       		.uleb128 0x2e
 957 011a 01       		.byte	0x1
 958 011b 3F       		.uleb128 0x3f
 959 011c 19       		.uleb128 0x19
 960 011d 03       		.uleb128 0x3
 961 011e 0E       		.uleb128 0xe
ARM GAS  C:\Users\MARCUS~1\AppData\Local\Temp\cczETmt8.s 			page 19


 962 011f 3A       		.uleb128 0x3a
 963 0120 0B       		.uleb128 0xb
 964 0121 3B       		.uleb128 0x3b
 965 0122 0B       		.uleb128 0xb
 966 0123 27       		.uleb128 0x27
 967 0124 19       		.uleb128 0x19
 968 0125 49       		.uleb128 0x49
 969 0126 13       		.uleb128 0x13
 970 0127 11       		.uleb128 0x11
 971 0128 01       		.uleb128 0x1
 972 0129 12       		.uleb128 0x12
 973 012a 06       		.uleb128 0x6
 974 012b 40       		.uleb128 0x40
 975 012c 18       		.uleb128 0x18
 976 012d 9742     		.uleb128 0x2117
 977 012f 19       		.uleb128 0x19
 978 0130 01       		.uleb128 0x1
 979 0131 13       		.uleb128 0x13
 980 0132 00       		.byte	0
 981 0133 00       		.byte	0
 982 0134 15       		.uleb128 0x15
 983 0135 34       		.uleb128 0x34
 984 0136 00       		.byte	0
 985 0137 03       		.uleb128 0x3
 986 0138 0E       		.uleb128 0xe
 987 0139 3A       		.uleb128 0x3a
 988 013a 0B       		.uleb128 0xb
 989 013b 3B       		.uleb128 0x3b
 990 013c 05       		.uleb128 0x5
 991 013d 49       		.uleb128 0x49
 992 013e 13       		.uleb128 0x13
 993 013f 3F       		.uleb128 0x3f
 994 0140 19       		.uleb128 0x19
 995 0141 3C       		.uleb128 0x3c
 996 0142 19       		.uleb128 0x19
 997 0143 00       		.byte	0
 998 0144 00       		.byte	0
 999 0145 16       		.uleb128 0x16
 1000 0146 35       		.uleb128 0x35
 1001 0147 00       		.byte	0
 1002 0148 49       		.uleb128 0x49
 1003 0149 13       		.uleb128 0x13
 1004 014a 00       		.byte	0
 1005 014b 00       		.byte	0
 1006 014c 17       		.uleb128 0x17
 1007 014d 2E       		.uleb128 0x2e
 1008 014e 00       		.byte	0
 1009 014f 3F       		.uleb128 0x3f
 1010 0150 19       		.uleb128 0x19
 1011 0151 3C       		.uleb128 0x3c
 1012 0152 19       		.uleb128 0x19
 1013 0153 6E       		.uleb128 0x6e
 1014 0154 0E       		.uleb128 0xe
 1015 0155 03       		.uleb128 0x3
 1016 0156 0E       		.uleb128 0xe
 1017 0157 3A       		.uleb128 0x3a
 1018 0158 0B       		.uleb128 0xb
ARM GAS  C:\Users\MARCUS~1\AppData\Local\Temp\cczETmt8.s 			page 20


 1019 0159 3B       		.uleb128 0x3b
 1020 015a 0B       		.uleb128 0xb
 1021 015b 00       		.byte	0
 1022 015c 00       		.byte	0
 1023 015d 00       		.byte	0
 1024              		.section	.debug_loc,"",%progbits
 1025              	.Ldebug_loc0:
 1026              	.LLST0:
 1027 0000 00000000 		.4byte	.LVL3
 1028 0004 05000000 		.4byte	.LVL5-1
 1029 0008 0100     		.2byte	0x1
 1030 000a 50       		.byte	0x50
 1031 000b 05000000 		.4byte	.LVL5-1
 1032 000f 08000000 		.4byte	.LFE65
 1033 0013 0400     		.2byte	0x4
 1034 0015 F3       		.byte	0xf3
 1035 0016 01       		.uleb128 0x1
 1036 0017 50       		.byte	0x50
 1037 0018 9F       		.byte	0x9f
 1038 0019 00000000 		.4byte	0
 1039 001d 00000000 		.4byte	0
 1040              	.LLST1:
 1041 0021 02000000 		.4byte	.LVL4
 1042 0025 05000000 		.4byte	.LVL5-1
 1043 0029 0100     		.2byte	0x1
 1044 002b 50       		.byte	0x50
 1045 002c 00000000 		.4byte	0
 1046 0030 00000000 		.4byte	0
 1047              	.LLST2:
 1048 0034 00000000 		.4byte	.LVL6
 1049 0038 05000000 		.4byte	.LVL8-1
 1050 003c 0100     		.2byte	0x1
 1051 003e 50       		.byte	0x50
 1052 003f 05000000 		.4byte	.LVL8-1
 1053 0043 08000000 		.4byte	.LFE66
 1054 0047 0400     		.2byte	0x4
 1055 0049 F3       		.byte	0xf3
 1056 004a 01       		.uleb128 0x1
 1057 004b 50       		.byte	0x50
 1058 004c 9F       		.byte	0x9f
 1059 004d 00000000 		.4byte	0
 1060 0051 00000000 		.4byte	0
 1061              	.LLST3:
 1062 0055 02000000 		.4byte	.LVL7
 1063 0059 05000000 		.4byte	.LVL8-1
 1064 005d 0100     		.2byte	0x1
 1065 005f 50       		.byte	0x50
 1066 0060 00000000 		.4byte	0
 1067 0064 00000000 		.4byte	0
 1068              	.LLST4:
 1069 0068 00000000 		.4byte	.LVL9
 1070 006c 05000000 		.4byte	.LVL11-1
 1071 0070 0100     		.2byte	0x1
 1072 0072 50       		.byte	0x50
 1073 0073 05000000 		.4byte	.LVL11-1
 1074 0077 08000000 		.4byte	.LFE67
 1075 007b 0400     		.2byte	0x4
ARM GAS  C:\Users\MARCUS~1\AppData\Local\Temp\cczETmt8.s 			page 21


 1076 007d F3       		.byte	0xf3
 1077 007e 01       		.uleb128 0x1
 1078 007f 50       		.byte	0x50
 1079 0080 9F       		.byte	0x9f
 1080 0081 00000000 		.4byte	0
 1081 0085 00000000 		.4byte	0
 1082              	.LLST5:
 1083 0089 02000000 		.4byte	.LVL10
 1084 008d 05000000 		.4byte	.LVL11-1
 1085 0091 0100     		.2byte	0x1
 1086 0093 50       		.byte	0x50
 1087 0094 00000000 		.4byte	0
 1088 0098 00000000 		.4byte	0
 1089              		.section	.debug_aranges,"",%progbits
 1090 0000 54000000 		.4byte	0x54
 1091 0004 0200     		.2byte	0x2
 1092 0006 00000000 		.4byte	.Ldebug_info0
 1093 000a 04       		.byte	0x4
 1094 000b 00       		.byte	0
 1095 000c 0000     		.2byte	0
 1096 000e 0000     		.2byte	0
 1097 0010 00000000 		.4byte	.LFB63
 1098 0014 10000000 		.4byte	.LFE63-.LFB63
 1099 0018 00000000 		.4byte	.LFB65
 1100 001c 08000000 		.4byte	.LFE65-.LFB65
 1101 0020 00000000 		.4byte	.LFB66
 1102 0024 08000000 		.4byte	.LFE66-.LFB66
 1103 0028 00000000 		.4byte	.LFB67
 1104 002c 08000000 		.4byte	.LFE67-.LFB67
 1105 0030 00000000 		.4byte	.LFB64
 1106 0034 22000000 		.4byte	.LFE64-.LFB64
 1107 0038 00000000 		.4byte	.LFB68
 1108 003c 0A000000 		.4byte	.LFE68-.LFB68
 1109 0040 00000000 		.4byte	.LFB69
 1110 0044 0A000000 		.4byte	.LFE69-.LFB69
 1111 0048 00000000 		.4byte	.LFB70
 1112 004c 0A000000 		.4byte	.LFE70-.LFB70
 1113 0050 00000000 		.4byte	0
 1114 0054 00000000 		.4byte	0
 1115              		.section	.debug_ranges,"",%progbits
 1116              	.Ldebug_ranges0:
 1117 0000 00000000 		.4byte	.LFB63
 1118 0004 10000000 		.4byte	.LFE63
 1119 0008 00000000 		.4byte	.LFB65
 1120 000c 08000000 		.4byte	.LFE65
 1121 0010 00000000 		.4byte	.LFB66
 1122 0014 08000000 		.4byte	.LFE66
 1123 0018 00000000 		.4byte	.LFB67
 1124 001c 08000000 		.4byte	.LFE67
 1125 0020 00000000 		.4byte	.LFB64
 1126 0024 22000000 		.4byte	.LFE64
 1127 0028 00000000 		.4byte	.LFB68
 1128 002c 0A000000 		.4byte	.LFE68
 1129 0030 00000000 		.4byte	.LFB69
 1130 0034 0A000000 		.4byte	.LFE69
 1131 0038 00000000 		.4byte	.LFB70
 1132 003c 0A000000 		.4byte	.LFE70
ARM GAS  C:\Users\MARCUS~1\AppData\Local\Temp\cczETmt8.s 			page 22


 1133 0040 00000000 		.4byte	0
 1134 0044 00000000 		.4byte	0
 1135              		.section	.debug_line,"",%progbits
 1136              	.Ldebug_line0:
 1137 0000 C5010000 		.section	.debug_str,"MS",%progbits,1
 1137      02003701 
 1137      00000201 
 1137      FB0E0D00 
 1137      01010101 
 1138              	.LASF32:
 1139 0000 50574D5F 		.ascii	"PWM_RED_ReadCompare\000"
 1139      5245445F 
 1139      52656164 
 1139      436F6D70 
 1139      61726500 
 1140              	.LASF39:
 1141 0014 7267625F 		.ascii	"rgb_led.c\000"
 1141      6C65642E 
 1141      6300
 1142              	.LASF26:
 1143 001e 73657447 		.ascii	"setGreen\000"
 1143      7265656E 
 1143      00
 1144              	.LASF4:
 1145 0027 5F5F7569 		.ascii	"__uint8_t\000"
 1145      6E74385F 
 1145      7400
 1146              	.LASF5:
 1147 0031 5F5F696E 		.ascii	"__int32_t\000"
 1147      7433325F 
 1147      7400
 1148              	.LASF30:
 1149 003b 73657443 		.ascii	"setColor\000"
 1149      6F6C6F72 
 1149      00
 1150              	.LASF24:
 1151 0044 50574D5F 		.ascii	"PWM_RED_WriteCompare\000"
 1151      5245445F 
 1151      57726974 
 1151      65436F6D 
 1151      70617265 
 1152              	.LASF14:
 1153 0059 646F7562 		.ascii	"double\000"
 1153      6C6500
 1154              	.LASF19:
 1155 0060 626C7565 		.ascii	"blue\000"
 1155      00
 1156              	.LASF25:
 1157 0065 73657452 		.ascii	"setRed\000"
 1157      656400
 1158              	.LASF13:
 1159 006c 666C6F61 		.ascii	"float\000"
 1159      7400
 1160              	.LASF33:
 1161 0072 67657452 		.ascii	"getRed\000"
 1161      656400
 1162              	.LASF1:
ARM GAS  C:\Users\MARCUS~1\AppData\Local\Temp\cczETmt8.s 			page 23


 1163 0079 756E7369 		.ascii	"unsigned char\000"
 1163      676E6564 
 1163      20636861 
 1163      7200
 1164              	.LASF38:
 1165 0087 474E5520 		.ascii	"GNU C11 5.4.1 20160609 (release) [ARM/embedded-5-br"
 1165      43313120 
 1165      352E342E 
 1165      31203230 
 1165      31363036 
 1166 00ba 616E6368 		.ascii	"anch revision 237715] -mcpu=cortex-m3 -mthumb -g -O"
 1166      20726576 
 1166      6973696F 
 1166      6E203233 
 1166      37373135 
 1167 00ed 67202D66 		.ascii	"g -ffunction-sections -ffat-lto-objects\000"
 1167      66756E63 
 1167      74696F6E 
 1167      2D736563 
 1167      74696F6E 
 1168              	.LASF40:
 1169 0115 433A5C55 		.ascii	"C:\\Users\\Marcus Gasberg\\Desktop\\CupLight_IF\\Sh"
 1169      73657273 
 1169      5C4D6172 
 1169      63757320 
 1169      47617362 
 1170 0143 69667452 		.ascii	"iftRegPWM.cydsn\000"
 1170      65675057 
 1170      4D2E6379 
 1170      64736E00 
 1171              	.LASF7:
 1172 0153 6C6F6E67 		.ascii	"long unsigned int\000"
 1172      20756E73 
 1172      69676E65 
 1172      6420696E 
 1172      7400
 1173              	.LASF34:
 1174 0165 67657447 		.ascii	"getGreen\000"
 1174      7265656E 
 1174      00
 1175              	.LASF3:
 1176 016e 73686F72 		.ascii	"short unsigned int\000"
 1176      7420756E 
 1176      7369676E 
 1176      65642069 
 1176      6E7400
 1177              	.LASF18:
 1178 0181 67726565 		.ascii	"green\000"
 1178      6E00
 1179              	.LASF42:
 1180 0187 49544D5F 		.ascii	"ITM_RxBuffer\000"
 1180      52784275 
 1180      66666572 
 1180      00
 1181              	.LASF20:
 1182 0194 636F6C6F 		.ascii	"color_t\000"
 1182      725F7400 
ARM GAS  C:\Users\MARCUS~1\AppData\Local\Temp\cczETmt8.s 			page 24


 1183              	.LASF36:
 1184 019c 67657442 		.ascii	"getBlue\000"
 1184      6C756500 
 1185              	.LASF28:
 1186 01a4 73657442 		.ascii	"setBlue\000"
 1186      6C756500 
 1187              	.LASF41:
 1188 01ac 696E6974 		.ascii	"initRGBLED\000"
 1188      5247424C 
 1188      454400
 1189              	.LASF27:
 1190 01b7 50574D5F 		.ascii	"PWM_GREEN_WriteCompare\000"
 1190      47524545 
 1190      4E5F5772 
 1190      69746543 
 1190      6F6D7061 
 1191              	.LASF31:
 1192 01ce 636F6C6F 		.ascii	"color\000"
 1192      7200
 1193              	.LASF10:
 1194 01d4 756E7369 		.ascii	"unsigned int\000"
 1194      676E6564 
 1194      20696E74 
 1194      00
 1195              	.LASF9:
 1196 01e1 6C6F6E67 		.ascii	"long long unsigned int\000"
 1196      206C6F6E 
 1196      6720756E 
 1196      7369676E 
 1196      65642069 
 1197              	.LASF11:
 1198 01f8 75696E74 		.ascii	"uint8_t\000"
 1198      385F7400 
 1199              	.LASF22:
 1200 0200 50574D5F 		.ascii	"PWM_GREEN_Start\000"
 1200      47524545 
 1200      4E5F5374 
 1200      61727400 
 1201              	.LASF37:
 1202 0210 50574D5F 		.ascii	"PWM_BLUE_ReadCompare\000"
 1202      424C5545 
 1202      5F526561 
 1202      64436F6D 
 1202      70617265 
 1203              	.LASF0:
 1204 0225 7369676E 		.ascii	"signed char\000"
 1204      65642063 
 1204      68617200 
 1205              	.LASF12:
 1206 0231 696E7433 		.ascii	"int32_t\000"
 1206      325F7400 
 1207              	.LASF17:
 1208 0239 73697A65 		.ascii	"sizetype\000"
 1208      74797065 
 1208      00
 1209              	.LASF21:
 1210 0242 50574D5F 		.ascii	"PWM_RED_Start\000"
ARM GAS  C:\Users\MARCUS~1\AppData\Local\Temp\cczETmt8.s 			page 25


 1210      5245445F 
 1210      53746172 
 1210      7400
 1211              	.LASF8:
 1212 0250 6C6F6E67 		.ascii	"long long int\000"
 1212      206C6F6E 
 1212      6720696E 
 1212      7400
 1213              	.LASF15:
 1214 025e 63686172 		.ascii	"char\000"
 1214      00
 1215              	.LASF2:
 1216 0263 73686F72 		.ascii	"short int\000"
 1216      7420696E 
 1216      7400
 1217              	.LASF35:
 1218 026d 50574D5F 		.ascii	"PWM_GREEN_ReadCompare\000"
 1218      47524545 
 1218      4E5F5265 
 1218      6164436F 
 1218      6D706172 
 1219              	.LASF29:
 1220 0283 50574D5F 		.ascii	"PWM_BLUE_WriteCompare\000"
 1220      424C5545 
 1220      5F577269 
 1220      7465436F 
 1220      6D706172 
 1221              	.LASF6:
 1222 0299 6C6F6E67 		.ascii	"long int\000"
 1222      20696E74 
 1222      00
 1223              	.LASF16:
 1224 02a2 6C6F6E67 		.ascii	"long double\000"
 1224      20646F75 
 1224      626C6500 
 1225              	.LASF23:
 1226 02ae 50574D5F 		.ascii	"PWM_BLUE_Start\000"
 1226      424C5545 
 1226      5F537461 
 1226      727400
 1227              		.ident	"GCC: (GNU Tools for ARM Embedded Processors) 5.4.1 20160609 (release) [ARM/embedded-5-bran
