#***************************************************************************

#sjplacer

#Version:            1.1

#Build Date:         Dec  5 2017 15:35:27

<<<<<<< HEAD
#File Generated:     Nov 3 2018 16:58:15
=======
#File Generated:     Oct 31 2018 22:20:16
>>>>>>> fix

#Purpose:            

#Copyright (C) 2010-2011 by Softjin Technologies Pvt Ltd. All rights reserved.

#***************************************************************************

Executing : C:\Program Files (x86)\Cypress\PSoC Creator\4.2\PSoC Creator\bin/sjplacer.exe --proj-name OpticSensorMixer --netlist-vh2 OpticSensorMixer_p.vh2 --arch p35_udb4x6 --arch-file C:\Program Files (x86)\Cypress\PSoC Creator\4.2\PSoC Creator\dev\arch/udbdsi_4x6_24.cydata --ip-file C:\Program Files (x86)\Cypress\PSoC Creator\4.2\PSoC Creator\dev\psoc5/psoc5lp/ip_blocks.cydata --rrg-file C:\Program Files (x86)\Cypress\PSoC Creator\4.2\PSoC Creator\dev\psoc5/psoc5lp/route_arch-rrg.cydata --irq-file C:\Program Files (x86)\Cypress\PSoC Creator\4.2\PSoC Creator\dev\psoc5/psoc5lp/irqconn.cydata --drq-file C:\Program Files (x86)\Cypress\PSoC Creator\4.2\PSoC Creator\dev\psoc5/psoc5lp/dmaconn.cydata --dsi-conn-file C:\Program Files (x86)\Cypress\PSoC Creator\4.2\PSoC Creator\dev\psoc5/psoc5lp/dsiconn.cydata --pins-file pins_68-QFN.xml --lib-file OpticSensorMixer_p.lib --sdc-file OpticSensorMixer.sdc --io-pcf OpticSensorMixer.pci --outdir .

		Softjin Techologies Placer, Version 1.1

Build Date : Dec  5 2017	15:33:41

D2004: Option and Settings Summary
=============================================================
Netlist vh2 file          - OpticSensorMixer_p.vh2
Architecture file         - C:\Program Files (x86)\Cypress\PSoC Creator\4.2\PSoC Creator\dev\arch/udbdsi_4x6_24.cydata
Package                   - 
Defparam file             - 
SDC file                  - OpticSensorMixer.sdc
Output directory          - .
Timing library            - OpticSensorMixer_p.lib
IO Placement file         - OpticSensorMixer.pci

D2050: Starting reading inputs for placer
=============================================================
D2065: Reading netlist file : "OpticSensorMixer_p.vh2"
D2065: Reading arch file : "C:\Program Files (x86)\Cypress\PSoC Creator\4.2\PSoC Creator\dev\arch/udbdsi_4x6_24.cydata"
D2051: Reading of inputs for placer completed successfully

D2053: Starting placement of the design
=============================================================

Phase 2
Phase 3

Design Statistics after Packing
    Number of Combinational MCs 	:	10
    Number of Sequential MCs    	:	23
    Number of DPs               	:	4
    Number of Controls          	:	2
    Number of Status            	:	3
    Number of SyncCells         	:	0
    Number of count7cells       	:	1

Device Utilization Summary after Packing
    Macrocells                  :	33/192
    UDBS                        :	6/24
    IOs                         :	5/72


D2088: Phase 3, elapsed time : 0.0 (sec)

Phase 4
D2088: Phase 4, elapsed time : 0.0 (sec)

Phase 5
D2088: Phase 5, elapsed time : 0.0 (sec)

Phase 6

######################################################################
Placement Timing Summary

The timing summary is based on estimated routing delays after
placement. For final timing report, please carry out the timing
analysis after routing.
======================================================================

######################################################################
                     Clock Summary 
======================================================================
Number of clocks: 12
Clock: ADC_DelSig_1_Ext_CP_Clk | Frequency: N/A       | Target:  24.0 MHz
Clock: ADC_DelSig_1_Ext_CP_Clk(routed) | Frequency: N/A       | Target:  24.0 MHz
Clock: ADC_DelSig_1_theACLK | Frequency: N/A       | Target:   0.2 MHz
Clock: ADC_DelSig_1_theACLK(fixed-function) | Frequency: N/A       | Target:   0.2 MHz
<<<<<<< HEAD
Clock: Clock_2              | Frequency:  84.8 MHz | Target:   0.1 MHz
=======
Clock: Clock_2              | Frequency:  84.8 MHz | Target:   0.0 MHz
>>>>>>> fix
Clock: CyBUS_CLK            | Frequency:  57.6 MHz | Target:  24.0 MHz
Clock: CyILO                | Frequency: N/A       | Target:   0.0 MHz
Clock: CyIMO                | Frequency: N/A       | Target:   3.0 MHz
Clock: CyMASTER_CLK         | Frequency: N/A       | Target:  24.0 MHz
Clock: CyPLL_OUT            | Frequency: N/A       | Target:  24.0 MHz
Clock: UART_IntClock        | Frequency:  53.6 MHz | Target:   0.5 MHz
Clock: \ADC_DelSig_1:DSM\/dec_clock | Frequency: N/A       | Target:   0.1 MHz

======================================================================
                     End of Clock Summary
######################################################################

D2088: Phase 6, elapsed time : 0.1 (sec)

Phase 7
######################################################################
                     Clock Summary 
======================================================================
Number of clocks: 12
Clock: ADC_DelSig_1_Ext_CP_Clk | Frequency: N/A       | Target:  24.0 MHz
Clock: ADC_DelSig_1_Ext_CP_Clk(routed) | Frequency: N/A       | Target:  24.0 MHz
Clock: ADC_DelSig_1_theACLK | Frequency: N/A       | Target:   0.2 MHz
Clock: ADC_DelSig_1_theACLK(fixed-function) | Frequency: N/A       | Target:   0.2 MHz
<<<<<<< HEAD
Clock: Clock_2              | Frequency:  84.8 MHz | Target:   0.1 MHz
=======
Clock: Clock_2              | Frequency:  84.8 MHz | Target:   0.0 MHz
>>>>>>> fix
Clock: CyBUS_CLK            | Frequency:   2.7 MHz | Target:  24.0 MHz
Clock: CyILO                | Frequency: N/A       | Target:   0.0 MHz
Clock: CyIMO                | Frequency: N/A       | Target:   3.0 MHz
Clock: CyMASTER_CLK         | Frequency: N/A       | Target:  24.0 MHz
Clock: CyPLL_OUT            | Frequency: N/A       | Target:  24.0 MHz
Clock: UART_IntClock        | Frequency:   2.7 MHz | Target:   0.5 MHz
Clock: \ADC_DelSig_1:DSM\/dec_clock | Frequency: N/A       | Target:   0.1 MHz

======================================================================
                     End of Clock Summary
######################################################################
D2088: Phase 7, elapsed time : 0.5 (sec)

Final Design Statistics
    Number of Combinational MCs 	:	10
    Number of Sequential MCs    	:	23
    Number of DPs               	:	4
    Number of Controls          	:	2
    Number of Status            	:	3
    Number of SyncCells         	:	0
    Number of count7cells       	:	1
    Number of IOs       	:	5

Device Utilization Summary
    Macrocells                  :	33/192
    IOs                         :	5/72



######################################################################
Placement Timing Summary

The timing summary is based on estimated routing delays after
placement. For final timing report, please carry out the timing
analysis after routing.
======================================================================


######################################################################
                     Clock Summary 
======================================================================
Number of clocks: 12
Clock: ADC_DelSig_1_Ext_CP_Clk | Frequency: N/A       | Target:  24.0 MHz
Clock: ADC_DelSig_1_Ext_CP_Clk(routed) | Frequency: N/A       | Target:  24.0 MHz
Clock: ADC_DelSig_1_theACLK | Frequency: N/A       | Target:   0.2 MHz
Clock: ADC_DelSig_1_theACLK(fixed-function) | Frequency: N/A       | Target:   0.2 MHz
<<<<<<< HEAD
Clock: Clock_2              | Frequency:  72.8 MHz | Target:   0.1 MHz
=======
Clock: Clock_2              | Frequency:  72.8 MHz | Target:   0.0 MHz
>>>>>>> fix
Clock: CyBUS_CLK            | Frequency:   2.9 MHz | Target:  24.0 MHz
Clock: CyILO                | Frequency: N/A       | Target:   0.0 MHz
Clock: CyIMO                | Frequency: N/A       | Target:   3.0 MHz
Clock: CyMASTER_CLK         | Frequency: N/A       | Target:  24.0 MHz
Clock: CyPLL_OUT            | Frequency: N/A       | Target:  24.0 MHz
Clock: UART_IntClock        | Frequency:   2.9 MHz | Target:   0.5 MHz
Clock: \ADC_DelSig_1:DSM\/dec_clock | Frequency: N/A       | Target:   0.1 MHz

======================================================================
                     End of Clock Summary
######################################################################

Phase 8
D2088: Phase 8, elapsed time : 0.0 (sec)

D2054: Placement of the design completed successfully

I2076: Total run-time: 1.6 sec.

