ARM GAS  C:\Users\nikol\AppData\Local\Temp\cc4DjjaY.s 			page 1


   1              		.syntax unified
   2              		.cpu cortex-m3
   3              		.fpu softvfp
   4              		.eabi_attribute 20, 1
   5              		.eabi_attribute 21, 1
   6              		.eabi_attribute 23, 3
   7              		.eabi_attribute 24, 1
   8              		.eabi_attribute 25, 1
   9              		.eabi_attribute 26, 1
  10              		.eabi_attribute 30, 1
  11              		.eabi_attribute 34, 1
  12              		.eabi_attribute 18, 4
  13              		.thumb
  14              		.syntax unified
  15              		.file	"CupSensor_CircularBuffer.c"
  16              		.text
  17              	.Ltext0:
  18              		.cfi_sections	.debug_frame
  19              		.section	.text.CircularBuffer_calculateMinMax,"ax",%progbits
  20              		.align	2
  21              		.global	CircularBuffer_calculateMinMax
  22              		.thumb
  23              		.thumb_func
  24              		.type	CircularBuffer_calculateMinMax, %function
  25              	CircularBuffer_calculateMinMax:
  26              	.LFB1:
  27              		.file 1 "Generated_Source\\PSoC5\\CupSensor_CircularBuffer.c"
   1:Generated_Source\PSoC5/CupSensor_CircularBuffer.c **** /* ========================================
   2:Generated_Source\PSoC5/CupSensor_CircularBuffer.c ****  *
   3:Generated_Source\PSoC5/CupSensor_CircularBuffer.c ****  * Copyright YOUR COMPANY, THE YEAR
   4:Generated_Source\PSoC5/CupSensor_CircularBuffer.c ****  * All Rights Reserved
   5:Generated_Source\PSoC5/CupSensor_CircularBuffer.c ****  * UNPUBLISHED, LICENSED SOFTWARE.
   6:Generated_Source\PSoC5/CupSensor_CircularBuffer.c ****  *
   7:Generated_Source\PSoC5/CupSensor_CircularBuffer.c ****  * CONFIDENTIAL AND PROPRIETARY INFORMATION
   8:Generated_Source\PSoC5/CupSensor_CircularBuffer.c ****  * WHICH IS THE PROPERTY OF your company.
   9:Generated_Source\PSoC5/CupSensor_CircularBuffer.c ****  *
  10:Generated_Source\PSoC5/CupSensor_CircularBuffer.c ****  * ========================================
  11:Generated_Source\PSoC5/CupSensor_CircularBuffer.c **** */
  12:Generated_Source\PSoC5/CupSensor_CircularBuffer.c **** #include "CupSensor_CircularBuffer.h"
  13:Generated_Source\PSoC5/CupSensor_CircularBuffer.c **** 
  14:Generated_Source\PSoC5/CupSensor_CircularBuffer.c **** void CircularBuffer_calculateMinMax(struct CircularBuffer* buffer)
  15:Generated_Source\PSoC5/CupSensor_CircularBuffer.c **** {
  28              		.loc 1 15 0
  29              		.cfi_startproc
  30              		@ args = 0, pretend = 0, frame = 0
  31              		@ frame_needed = 0, uses_anonymous_args = 0
  32              		@ link register save eliminated.
  33              	.LVL0:
  34 0000 10B4     		push	{r4}
  35              		.cfi_def_cfa_offset 4
  36              		.cfi_offset 4, -4
  16:Generated_Source\PSoC5/CupSensor_CircularBuffer.c ****     buffer->min = 0xFF;
  37              		.loc 1 16 0
  38 0002 FF23     		movs	r3, #255
  39 0004 80F80834 		strb	r3, [r0, #1032]
  17:Generated_Source\PSoC5/CupSensor_CircularBuffer.c ****     buffer->max = 0x00;
  40              		.loc 1 17 0
ARM GAS  C:\Users\nikol\AppData\Local\Temp\cc4DjjaY.s 			page 2


  41 0008 0023     		movs	r3, #0
  42 000a 80F80934 		strb	r3, [r0, #1033]
  18:Generated_Source\PSoC5/CupSensor_CircularBuffer.c ****     int countSize = buffer->size;
  43              		.loc 1 18 0
  44 000e B0F81044 		ldrh	r4, [r0, #1040]
  45              	.LVL1:
  19:Generated_Source\PSoC5/CupSensor_CircularBuffer.c ****     if(buffer->reset == 1)
  46              		.loc 1 19 0
  47 0012 90F90A34 		ldrsb	r3, [r0, #1034]
  48 0016 012B     		cmp	r3, #1
  49 0018 01D1     		bne	.L2
  20:Generated_Source\PSoC5/CupSensor_CircularBuffer.c ****     {
  21:Generated_Source\PSoC5/CupSensor_CircularBuffer.c ****         countSize = buffer->index;
  50              		.loc 1 21 0
  51 001a B0F80044 		ldrh	r4, [r0, #1024]
  52              	.LVL2:
  53              	.L2:
  54              	.LBB2:
  22:Generated_Source\PSoC5/CupSensor_CircularBuffer.c ****     }
  23:Generated_Source\PSoC5/CupSensor_CircularBuffer.c ****     for(size_t i = 0; i < countSize; i++)
  55              		.loc 1 23 0
  56 001e 0023     		movs	r3, #0
  57 0020 0DE0     		b	.L3
  58              	.LVL3:
  59              	.L6:
  24:Generated_Source\PSoC5/CupSensor_CircularBuffer.c ****     {
  25:Generated_Source\PSoC5/CupSensor_CircularBuffer.c ****         if(buffer->min > buffer->data[i]) buffer->min = buffer->data[i]; 
  60              		.loc 1 25 0
  61 0022 90F80814 		ldrb	r1, [r0, #1032]	@ zero_extendqisi2
  62 0026 C25C     		ldrb	r2, [r0, r3]	@ zero_extendqisi2
  63 0028 9142     		cmp	r1, r2
  64 002a 01D9     		bls	.L4
  65              		.loc 1 25 0 is_stmt 0 discriminator 1
  66 002c 80F80824 		strb	r2, [r0, #1032]
  67              	.L4:
  26:Generated_Source\PSoC5/CupSensor_CircularBuffer.c ****         if(buffer->max < buffer->data[i]) buffer->max = buffer->data[i];    
  68              		.loc 1 26 0 is_stmt 1
  69 0030 90F80914 		ldrb	r1, [r0, #1033]	@ zero_extendqisi2
  70 0034 8A42     		cmp	r2, r1
  71 0036 01D9     		bls	.L5
  72              		.loc 1 26 0 is_stmt 0 discriminator 1
  73 0038 80F80924 		strb	r2, [r0, #1033]
  74              	.L5:
  23:Generated_Source\PSoC5/CupSensor_CircularBuffer.c ****     {
  75              		.loc 1 23 0 is_stmt 1 discriminator 2
  76 003c 0133     		adds	r3, r3, #1
  77              	.LVL4:
  78              	.L3:
  23:Generated_Source\PSoC5/CupSensor_CircularBuffer.c ****     {
  79              		.loc 1 23 0 is_stmt 0 discriminator 1
  80 003e A342     		cmp	r3, r4
  81 0040 EFD3     		bcc	.L6
  82              	.LBE2:
  27:Generated_Source\PSoC5/CupSensor_CircularBuffer.c ****     }
  28:Generated_Source\PSoC5/CupSensor_CircularBuffer.c ****     
  29:Generated_Source\PSoC5/CupSensor_CircularBuffer.c **** }
  83              		.loc 1 29 0 is_stmt 1
ARM GAS  C:\Users\nikol\AppData\Local\Temp\cc4DjjaY.s 			page 3


  84 0042 10BC     		pop	{r4}
  85              		.cfi_restore 4
  86              		.cfi_def_cfa_offset 0
  87              	.LVL5:
  88 0044 7047     		bx	lr
  89              		.cfi_endproc
  90              	.LFE1:
  91              		.size	CircularBuffer_calculateMinMax, .-CircularBuffer_calculateMinMax
  92              		.global	__aeabi_ui2f
  93              		.global	__aeabi_i2f
  94              		.global	__aeabi_fdiv
  95 0046 00BF     		.section	.text.CircularBuffer_insertReading,"ax",%progbits
  96              		.align	2
  97              		.global	CircularBuffer_insertReading
  98              		.thumb
  99              		.thumb_func
 100              		.type	CircularBuffer_insertReading, %function
 101              	CircularBuffer_insertReading:
 102              	.LFB2:
  30:Generated_Source\PSoC5/CupSensor_CircularBuffer.c **** 
  31:Generated_Source\PSoC5/CupSensor_CircularBuffer.c **** void CircularBuffer_insertReading(struct CircularBuffer* buffer, uint8_t reading)
  32:Generated_Source\PSoC5/CupSensor_CircularBuffer.c **** {
 103              		.loc 1 32 0
 104              		.cfi_startproc
 105              		@ args = 0, pretend = 0, frame = 0
 106              		@ frame_needed = 0, uses_anonymous_args = 0
 107              	.LVL6:
 108 0000 70B5     		push	{r4, r5, r6, lr}
 109              		.cfi_def_cfa_offset 16
 110              		.cfi_offset 4, -16
 111              		.cfi_offset 5, -12
 112              		.cfi_offset 6, -8
 113              		.cfi_offset 14, -4
 114 0002 0446     		mov	r4, r0
  33:Generated_Source\PSoC5/CupSensor_CircularBuffer.c ****     if(buffer->reset){
 115              		.loc 1 33 0
 116 0004 90F90A34 		ldrsb	r3, [r0, #1034]
 117 0008 FBB1     		cbz	r3, .L9
  34:Generated_Source\PSoC5/CupSensor_CircularBuffer.c ****         buffer->sum += reading;
 118              		.loc 1 34 0
 119 000a D0F80C04 		ldr	r0, [r0, #1036]
 120              	.LVL7:
 121 000e 0844     		add	r0, r0, r1
 122 0010 C4F80C04 		str	r0, [r4, #1036]
  35:Generated_Source\PSoC5/CupSensor_CircularBuffer.c ****         buffer->data[buffer->index++] = reading;
 123              		.loc 1 35 0
 124 0014 B4F80034 		ldrh	r3, [r4, #1024]
 125 0018 5D1C     		adds	r5, r3, #1
 126 001a ADB2     		uxth	r5, r5
 127 001c A4F80054 		strh	r5, [r4, #1024]	@ movhi
 128 0020 E154     		strb	r1, [r4, r3]
  36:Generated_Source\PSoC5/CupSensor_CircularBuffer.c ****         buffer->average = (float)buffer->sum/buffer->index;
 129              		.loc 1 36 0
 130 0022 FFF7FEFF 		bl	__aeabi_ui2f
 131              	.LVL8:
 132 0026 0646     		mov	r6, r0
 133 0028 2846     		mov	r0, r5
ARM GAS  C:\Users\nikol\AppData\Local\Temp\cc4DjjaY.s 			page 4


 134 002a FFF7FEFF 		bl	__aeabi_i2f
 135              	.LVL9:
 136 002e 0146     		mov	r1, r0
 137 0030 3046     		mov	r0, r6
 138 0032 FFF7FEFF 		bl	__aeabi_fdiv
 139              	.LVL10:
 140 0036 C4F80404 		str	r0, [r4, #1028]	@ float
  37:Generated_Source\PSoC5/CupSensor_CircularBuffer.c ****         if(buffer->index >= buffer->size)
 141              		.loc 1 37 0
 142 003a B4F81034 		ldrh	r3, [r4, #1040]
 143 003e 9D42     		cmp	r5, r3
 144 0040 1DD3     		bcc	.L10
  38:Generated_Source\PSoC5/CupSensor_CircularBuffer.c ****         {
  39:Generated_Source\PSoC5/CupSensor_CircularBuffer.c ****             //just filled up the buffer
  40:Generated_Source\PSoC5/CupSensor_CircularBuffer.c ****             buffer->reset = 0;
 145              		.loc 1 40 0
 146 0042 0023     		movs	r3, #0
 147 0044 84F80A34 		strb	r3, [r4, #1034]
 148 0048 19E0     		b	.L10
 149              	.LVL11:
 150              	.L9:
 151              	.LBB3:
  41:Generated_Source\PSoC5/CupSensor_CircularBuffer.c ****         } 
  42:Generated_Source\PSoC5/CupSensor_CircularBuffer.c ****     }
  43:Generated_Source\PSoC5/CupSensor_CircularBuffer.c ****     else
  44:Generated_Source\PSoC5/CupSensor_CircularBuffer.c ****     {
  45:Generated_Source\PSoC5/CupSensor_CircularBuffer.c ****         uint8_t oldData = buffer->data[buffer->index];
 152              		.loc 1 45 0
 153 004a B0F80034 		ldrh	r3, [r0, #1024]
 154 004e C05C     		ldrb	r0, [r0, r3]	@ zero_extendqisi2
 155              	.LVL12:
  46:Generated_Source\PSoC5/CupSensor_CircularBuffer.c ****         buffer->data[buffer->index++] = reading;
 156              		.loc 1 46 0
 157 0050 5A1C     		adds	r2, r3, #1
 158 0052 A4F80024 		strh	r2, [r4, #1024]	@ movhi
 159 0056 E154     		strb	r1, [r4, r3]
  47:Generated_Source\PSoC5/CupSensor_CircularBuffer.c ****         buffer->sum += reading-oldData;
 160              		.loc 1 47 0
 161 0058 091A     		subs	r1, r1, r0
 162              	.LVL13:
 163 005a D4F80C04 		ldr	r0, [r4, #1036]
 164              	.LVL14:
 165 005e 0844     		add	r0, r0, r1
 166 0060 C4F80C04 		str	r0, [r4, #1036]
 167              	.LVL15:
  48:Generated_Source\PSoC5/CupSensor_CircularBuffer.c ****         buffer->average = (((float)buffer->sum)/buffer->size);
 168              		.loc 1 48 0
 169 0064 FFF7FEFF 		bl	__aeabi_ui2f
 170              	.LVL16:
 171 0068 0546     		mov	r5, r0
 172 006a B4F81004 		ldrh	r0, [r4, #1040]
 173 006e FFF7FEFF 		bl	__aeabi_i2f
 174              	.LVL17:
 175 0072 0146     		mov	r1, r0
 176 0074 2846     		mov	r0, r5
 177 0076 FFF7FEFF 		bl	__aeabi_fdiv
 178              	.LVL18:
ARM GAS  C:\Users\nikol\AppData\Local\Temp\cc4DjjaY.s 			page 5


 179 007a C4F80404 		str	r0, [r4, #1028]	@ float
 180              	.L10:
 181              	.LBE3:
  49:Generated_Source\PSoC5/CupSensor_CircularBuffer.c ****     }
  50:Generated_Source\PSoC5/CupSensor_CircularBuffer.c ****     
  51:Generated_Source\PSoC5/CupSensor_CircularBuffer.c ****     if(buffer->index >= buffer->size)
 182              		.loc 1 51 0
 183 007e B4F80024 		ldrh	r2, [r4, #1024]
 184 0082 B4F81034 		ldrh	r3, [r4, #1040]
 185 0086 9A42     		cmp	r2, r3
 186 0088 02D3     		bcc	.L8
  52:Generated_Source\PSoC5/CupSensor_CircularBuffer.c ****     {
  53:Generated_Source\PSoC5/CupSensor_CircularBuffer.c ****         buffer->index = 0;
 187              		.loc 1 53 0
 188 008a 0023     		movs	r3, #0
 189 008c A4F80034 		strh	r3, [r4, #1024]	@ movhi
 190              	.L8:
 191 0090 70BD     		pop	{r4, r5, r6, pc}
 192              		.cfi_endproc
 193              	.LFE2:
 194              		.size	CircularBuffer_insertReading, .-CircularBuffer_insertReading
 195 0092 00BF     		.section	.text.CircularBuffer_getLastReading,"ax",%progbits
 196              		.align	2
 197              		.global	CircularBuffer_getLastReading
 198              		.thumb
 199              		.thumb_func
 200              		.type	CircularBuffer_getLastReading, %function
 201              	CircularBuffer_getLastReading:
 202              	.LFB3:
  54:Generated_Source\PSoC5/CupSensor_CircularBuffer.c ****     }
  55:Generated_Source\PSoC5/CupSensor_CircularBuffer.c **** }
  56:Generated_Source\PSoC5/CupSensor_CircularBuffer.c **** 
  57:Generated_Source\PSoC5/CupSensor_CircularBuffer.c **** int8_t CircularBuffer_getLastReading(struct CircularBuffer* buffer, uint8_t * reading)
  58:Generated_Source\PSoC5/CupSensor_CircularBuffer.c **** {
 203              		.loc 1 58 0
 204              		.cfi_startproc
 205              		@ args = 0, pretend = 0, frame = 0
 206              		@ frame_needed = 0, uses_anonymous_args = 0
 207              		@ link register save eliminated.
 208              	.LVL19:
 209 0000 0346     		mov	r3, r0
  59:Generated_Source\PSoC5/CupSensor_CircularBuffer.c ****     if(buffer->index == 0)
 210              		.loc 1 59 0
 211 0002 B0F80024 		ldrh	r2, [r0, #1024]
 212 0006 42B9     		cbnz	r2, .L14
  60:Generated_Source\PSoC5/CupSensor_CircularBuffer.c ****     {
  61:Generated_Source\PSoC5/CupSensor_CircularBuffer.c ****         if(buffer->reset == 0)
 213              		.loc 1 61 0
 214 0008 90F90A04 		ldrsb	r0, [r0, #1034]
 215              	.LVL20:
 216 000c 50B9     		cbnz	r0, .L16
  62:Generated_Source\PSoC5/CupSensor_CircularBuffer.c ****         {
  63:Generated_Source\PSoC5/CupSensor_CircularBuffer.c ****             *reading = buffer->data[buffer->size - 1];
 217              		.loc 1 63 0
 218 000e B3F81024 		ldrh	r2, [r3, #1040]
 219 0012 013A     		subs	r2, r2, #1
 220 0014 9B5C     		ldrb	r3, [r3, r2]	@ zero_extendqisi2
ARM GAS  C:\Users\nikol\AppData\Local\Temp\cc4DjjaY.s 			page 6


 221              	.LVL21:
 222 0016 0B70     		strb	r3, [r1]
  64:Generated_Source\PSoC5/CupSensor_CircularBuffer.c ****             return 0; //No error
 223              		.loc 1 64 0
 224 0018 7047     		bx	lr
 225              	.LVL22:
 226              	.L14:
  65:Generated_Source\PSoC5/CupSensor_CircularBuffer.c ****         }
  66:Generated_Source\PSoC5/CupSensor_CircularBuffer.c ****         else
  67:Generated_Source\PSoC5/CupSensor_CircularBuffer.c ****         {
  68:Generated_Source\PSoC5/CupSensor_CircularBuffer.c ****             return -1; //Error
  69:Generated_Source\PSoC5/CupSensor_CircularBuffer.c ****         }
  70:Generated_Source\PSoC5/CupSensor_CircularBuffer.c ****     }
  71:Generated_Source\PSoC5/CupSensor_CircularBuffer.c ****     else
  72:Generated_Source\PSoC5/CupSensor_CircularBuffer.c ****     {
  73:Generated_Source\PSoC5/CupSensor_CircularBuffer.c ****         *reading = buffer->data[buffer->index - 1]; 
 227              		.loc 1 73 0
 228 001a 013A     		subs	r2, r2, #1
 229 001c 835C     		ldrb	r3, [r0, r2]	@ zero_extendqisi2
 230 001e 0B70     		strb	r3, [r1]
  74:Generated_Source\PSoC5/CupSensor_CircularBuffer.c ****         return 0; //No error
 231              		.loc 1 74 0
 232 0020 0020     		movs	r0, #0
 233              	.LVL23:
 234 0022 7047     		bx	lr
 235              	.LVL24:
 236              	.L16:
  68:Generated_Source\PSoC5/CupSensor_CircularBuffer.c ****         }
 237              		.loc 1 68 0
 238 0024 4FF0FF30 		mov	r0, #-1
  75:Generated_Source\PSoC5/CupSensor_CircularBuffer.c ****     }
  76:Generated_Source\PSoC5/CupSensor_CircularBuffer.c **** }
 239              		.loc 1 76 0
 240 0028 7047     		bx	lr
 241              		.cfi_endproc
 242              	.LFE3:
 243              		.size	CircularBuffer_getLastReading, .-CircularBuffer_getLastReading
 244 002a 00BF     		.section	.text.CircularBuffer_resetBuffer,"ax",%progbits
 245              		.align	2
 246              		.global	CircularBuffer_resetBuffer
 247              		.thumb
 248              		.thumb_func
 249              		.type	CircularBuffer_resetBuffer, %function
 250              	CircularBuffer_resetBuffer:
 251              	.LFB5:
  77:Generated_Source\PSoC5/CupSensor_CircularBuffer.c **** 
  78:Generated_Source\PSoC5/CupSensor_CircularBuffer.c **** 
  79:Generated_Source\PSoC5/CupSensor_CircularBuffer.c **** void CircularBuffer_init(struct CircularBuffer* buffer, uint16_t size)
  80:Generated_Source\PSoC5/CupSensor_CircularBuffer.c **** {
  81:Generated_Source\PSoC5/CupSensor_CircularBuffer.c ****     if(size > BUFFER_SIZE) size = BUFFER_SIZE;
  82:Generated_Source\PSoC5/CupSensor_CircularBuffer.c ****     buffer->size = size;
  83:Generated_Source\PSoC5/CupSensor_CircularBuffer.c ****     CircularBuffer_resetBuffer(buffer);
  84:Generated_Source\PSoC5/CupSensor_CircularBuffer.c **** }
  85:Generated_Source\PSoC5/CupSensor_CircularBuffer.c **** 
  86:Generated_Source\PSoC5/CupSensor_CircularBuffer.c **** void CircularBuffer_resetBuffer(struct CircularBuffer* buffer)
  87:Generated_Source\PSoC5/CupSensor_CircularBuffer.c **** {
 252              		.loc 1 87 0
ARM GAS  C:\Users\nikol\AppData\Local\Temp\cc4DjjaY.s 			page 7


 253              		.cfi_startproc
 254              		@ args = 0, pretend = 0, frame = 0
 255              		@ frame_needed = 0, uses_anonymous_args = 0
 256              		@ link register save eliminated.
 257              	.LVL25:
  88:Generated_Source\PSoC5/CupSensor_CircularBuffer.c ****     buffer->index = 0;
 258              		.loc 1 88 0
 259 0000 0023     		movs	r3, #0
 260 0002 A0F80034 		strh	r3, [r0, #1024]	@ movhi
  89:Generated_Source\PSoC5/CupSensor_CircularBuffer.c ****     buffer->average = -1;
 261              		.loc 1 89 0
 262 0006 074A     		ldr	r2, .L18
 263 0008 C0F80424 		str	r2, [r0, #1028]	@ float
  90:Generated_Source\PSoC5/CupSensor_CircularBuffer.c ****     buffer->min = 0xFF;
 264              		.loc 1 90 0
 265 000c FF22     		movs	r2, #255
 266 000e 80F80824 		strb	r2, [r0, #1032]
  91:Generated_Source\PSoC5/CupSensor_CircularBuffer.c ****     buffer->max = 0;
 267              		.loc 1 91 0
 268 0012 80F80934 		strb	r3, [r0, #1033]
  92:Generated_Source\PSoC5/CupSensor_CircularBuffer.c ****     buffer->reset = 1;
 269              		.loc 1 92 0
 270 0016 0122     		movs	r2, #1
 271 0018 80F80A24 		strb	r2, [r0, #1034]
  93:Generated_Source\PSoC5/CupSensor_CircularBuffer.c ****     buffer->sum = 0;
 272              		.loc 1 93 0
 273 001c C0F80C34 		str	r3, [r0, #1036]
 274 0020 7047     		bx	lr
 275              	.L19:
 276 0022 00BF     		.align	2
 277              	.L18:
 278 0024 000080BF 		.word	-1082130432
 279              		.cfi_endproc
 280              	.LFE5:
 281              		.size	CircularBuffer_resetBuffer, .-CircularBuffer_resetBuffer
 282              		.section	.text.CircularBuffer_init,"ax",%progbits
 283              		.align	2
 284              		.global	CircularBuffer_init
 285              		.thumb
 286              		.thumb_func
 287              		.type	CircularBuffer_init, %function
 288              	CircularBuffer_init:
 289              	.LFB4:
  80:Generated_Source\PSoC5/CupSensor_CircularBuffer.c ****     if(size > BUFFER_SIZE) size = BUFFER_SIZE;
 290              		.loc 1 80 0
 291              		.cfi_startproc
 292              		@ args = 0, pretend = 0, frame = 0
 293              		@ frame_needed = 0, uses_anonymous_args = 0
 294              	.LVL26:
 295 0000 08B5     		push	{r3, lr}
 296              		.cfi_def_cfa_offset 8
 297              		.cfi_offset 3, -8
 298              		.cfi_offset 14, -4
  81:Generated_Source\PSoC5/CupSensor_CircularBuffer.c ****     buffer->size = size;
 299              		.loc 1 81 0
 300 0002 B1F5806F 		cmp	r1, #1024
 301 0006 01D9     		bls	.L21
ARM GAS  C:\Users\nikol\AppData\Local\Temp\cc4DjjaY.s 			page 8


 302 0008 4FF48061 		mov	r1, #1024
 303              	.LVL27:
 304              	.L21:
  82:Generated_Source\PSoC5/CupSensor_CircularBuffer.c ****     CircularBuffer_resetBuffer(buffer);
 305              		.loc 1 82 0
 306 000c A0F81014 		strh	r1, [r0, #1040]	@ movhi
  83:Generated_Source\PSoC5/CupSensor_CircularBuffer.c **** }
 307              		.loc 1 83 0
 308 0010 FFF7FEFF 		bl	CircularBuffer_resetBuffer
 309              	.LVL28:
 310 0014 08BD     		pop	{r3, pc}
 311              		.cfi_endproc
 312              	.LFE4:
 313              		.size	CircularBuffer_init, .-CircularBuffer_init
 314 0016 00BF     		.text
 315              	.Letext0:
 316              		.file 2 "c:\\program files (x86)\\cypress\\psoc creator\\4.2\\psoc creator\\import\\gnu\\arm\\5.4.
 317              		.file 3 "c:\\program files (x86)\\cypress\\psoc creator\\4.2\\psoc creator\\import\\gnu\\arm\\5.4.
 318              		.file 4 "c:\\program files (x86)\\cypress\\psoc creator\\4.2\\psoc creator\\import\\gnu\\arm\\5.4.
 319              		.file 5 "Generated_Source\\PSoC5\\CupSensor_CircularBuffer.h"
 320              		.section	.debug_info,"",%progbits
 321              	.Ldebug_info0:
 322 0000 A9020000 		.4byte	0x2a9
 323 0004 0400     		.2byte	0x4
 324 0006 00000000 		.4byte	.Ldebug_abbrev0
 325 000a 04       		.byte	0x4
 326 000b 01       		.uleb128 0x1
 327 000c 5A000000 		.4byte	.LASF34
 328 0010 0C       		.byte	0xc
 329 0011 60010000 		.4byte	.LASF35
 330 0015 17020000 		.4byte	.LASF36
 331 0019 00000000 		.4byte	.Ldebug_ranges0+0
 332 001d 00000000 		.4byte	0
 333 0021 00000000 		.4byte	.Ldebug_line0
 334 0025 02       		.uleb128 0x2
 335 0026 00000000 		.4byte	.LASF0
 336 002a 02       		.byte	0x2
 337 002b 1B       		.byte	0x1b
 338 002c 30000000 		.4byte	0x30
 339 0030 03       		.uleb128 0x3
 340 0031 01       		.byte	0x1
 341 0032 06       		.byte	0x6
 342 0033 EC020000 		.4byte	.LASF2
 343 0037 02       		.uleb128 0x2
 344 0038 09000000 		.4byte	.LASF1
 345 003c 02       		.byte	0x2
 346 003d 1D       		.byte	0x1d
 347 003e 42000000 		.4byte	0x42
 348 0042 03       		.uleb128 0x3
 349 0043 01       		.byte	0x1
 350 0044 08       		.byte	0x8
 351 0045 2D010000 		.4byte	.LASF3
 352 0049 03       		.uleb128 0x3
 353 004a 02       		.byte	0x2
 354 004b 05       		.byte	0x5
 355 004c A5020000 		.4byte	.LASF4
 356 0050 02       		.uleb128 0x2
ARM GAS  C:\Users\nikol\AppData\Local\Temp\cc4DjjaY.s 			page 9


 357 0051 3B010000 		.4byte	.LASF5
 358 0055 02       		.byte	0x2
 359 0056 2B       		.byte	0x2b
 360 0057 5B000000 		.4byte	0x5b
 361 005b 03       		.uleb128 0x3
 362 005c 02       		.byte	0x2
 363 005d 07       		.byte	0x7
 364 005e 06010000 		.4byte	.LASF6
 365 0062 03       		.uleb128 0x3
 366 0063 04       		.byte	0x4
 367 0064 05       		.byte	0x5
 368 0065 C8020000 		.4byte	.LASF7
 369 0069 02       		.uleb128 0x2
 370 006a 92010000 		.4byte	.LASF8
 371 006e 02       		.byte	0x2
 372 006f 41       		.byte	0x41
 373 0070 74000000 		.4byte	0x74
 374 0074 03       		.uleb128 0x3
 375 0075 04       		.byte	0x4
 376 0076 07       		.byte	0x7
 377 0077 46010000 		.4byte	.LASF9
 378 007b 03       		.uleb128 0x3
 379 007c 08       		.byte	0x8
 380 007d 05       		.byte	0x5
 381 007e 8C020000 		.4byte	.LASF10
 382 0082 03       		.uleb128 0x3
 383 0083 08       		.byte	0x8
 384 0084 07       		.byte	0x7
 385 0085 E6010000 		.4byte	.LASF11
 386 0089 04       		.uleb128 0x4
 387 008a 04       		.byte	0x4
 388 008b 05       		.byte	0x5
 389 008c 696E7400 		.ascii	"int\000"
 390 0090 03       		.uleb128 0x3
 391 0091 04       		.byte	0x4
 392 0092 07       		.byte	0x7
 393 0093 D9010000 		.4byte	.LASF12
 394 0097 02       		.uleb128 0x2
 395 0098 13000000 		.4byte	.LASF13
 396 009c 03       		.byte	0x3
 397 009d D8       		.byte	0xd8
 398 009e 90000000 		.4byte	0x90
 399 00a2 03       		.uleb128 0x3
 400 00a3 08       		.byte	0x8
 401 00a4 04       		.byte	0x4
 402 00a5 D1020000 		.4byte	.LASF14
 403 00a9 03       		.uleb128 0x3
 404 00aa 04       		.byte	0x4
 405 00ab 07       		.byte	0x7
 406 00ac 83020000 		.4byte	.LASF15
 407 00b0 03       		.uleb128 0x3
 408 00b1 01       		.byte	0x1
 409 00b2 08       		.byte	0x8
 410 00b3 9A020000 		.4byte	.LASF16
 411 00b7 02       		.uleb128 0x2
 412 00b8 3B000000 		.4byte	.LASF17
 413 00bc 04       		.byte	0x4
ARM GAS  C:\Users\nikol\AppData\Local\Temp\cc4DjjaY.s 			page 10


 414 00bd 14       		.byte	0x14
 415 00be 25000000 		.4byte	0x25
 416 00c2 02       		.uleb128 0x2
 417 00c3 FD010000 		.4byte	.LASF18
 418 00c7 04       		.byte	0x4
 419 00c8 18       		.byte	0x18
 420 00c9 37000000 		.4byte	0x37
 421 00cd 02       		.uleb128 0x2
 422 00ce B6020000 		.4byte	.LASF19
 423 00d2 04       		.byte	0x4
 424 00d3 24       		.byte	0x24
 425 00d4 50000000 		.4byte	0x50
 426 00d8 02       		.uleb128 0x2
 427 00d9 BF020000 		.4byte	.LASF20
 428 00dd 04       		.byte	0x4
 429 00de 30       		.byte	0x30
 430 00df 69000000 		.4byte	0x69
 431 00e3 05       		.uleb128 0x5
 432 00e4 DD020000 		.4byte	.LASF37
 433 00e8 1404     		.2byte	0x414
 434 00ea 05       		.byte	0x5
 435 00eb 14       		.byte	0x14
 436 00ec 58010000 		.4byte	0x158
 437 00f0 06       		.uleb128 0x6
 438 00f1 50000000 		.4byte	.LASF21
 439 00f5 05       		.byte	0x5
 440 00f6 15       		.byte	0x15
 441 00f7 58010000 		.4byte	0x158
 442 00fb 00       		.byte	0
 443 00fc 07       		.uleb128 0x7
 444 00fd 9F020000 		.4byte	.LASF22
 445 0101 05       		.byte	0x5
 446 0102 16       		.byte	0x16
 447 0103 CD000000 		.4byte	0xcd
 448 0107 0004     		.2byte	0x400
 449 0109 07       		.uleb128 0x7
 450 010a 0F020000 		.4byte	.LASF23
 451 010e 05       		.byte	0x5
 452 010f 17       		.byte	0x17
 453 0110 69010000 		.4byte	0x169
 454 0114 0404     		.2byte	0x404
 455 0116 08       		.uleb128 0x8
 456 0117 6D696E00 		.ascii	"min\000"
 457 011b 05       		.byte	0x5
 458 011c 18       		.byte	0x18
 459 011d C2000000 		.4byte	0xc2
 460 0121 0804     		.2byte	0x408
 461 0123 08       		.uleb128 0x8
 462 0124 6D617800 		.ascii	"max\000"
 463 0128 05       		.byte	0x5
 464 0129 19       		.byte	0x19
 465 012a C2000000 		.4byte	0xc2
 466 012e 0904     		.2byte	0x409
 467 0130 07       		.uleb128 0x7
 468 0131 1A000000 		.4byte	.LASF24
 469 0135 05       		.byte	0x5
 470 0136 1A       		.byte	0x1a
ARM GAS  C:\Users\nikol\AppData\Local\Temp\cc4DjjaY.s 			page 11


 471 0137 B7000000 		.4byte	0xb7
 472 013b 0A04     		.2byte	0x40a
 473 013d 08       		.uleb128 0x8
 474 013e 73756D00 		.ascii	"sum\000"
 475 0142 05       		.byte	0x5
 476 0143 1B       		.byte	0x1b
 477 0144 D8000000 		.4byte	0xd8
 478 0148 0C04     		.2byte	0x40c
 479 014a 07       		.uleb128 0x7
 480 014b 55000000 		.4byte	.LASF25
 481 014f 05       		.byte	0x5
 482 0150 1C       		.byte	0x1c
 483 0151 CD000000 		.4byte	0xcd
 484 0155 1004     		.2byte	0x410
 485 0157 00       		.byte	0
 486 0158 09       		.uleb128 0x9
 487 0159 C2000000 		.4byte	0xc2
 488 015d 69010000 		.4byte	0x169
 489 0161 0A       		.uleb128 0xa
 490 0162 A9000000 		.4byte	0xa9
 491 0166 FF03     		.2byte	0x3ff
 492 0168 00       		.byte	0
 493 0169 03       		.uleb128 0x3
 494 016a 04       		.byte	0x4
 495 016b 04       		.byte	0x4
 496 016c 4A000000 		.4byte	.LASF26
 497 0170 0B       		.uleb128 0xb
 498 0171 BA010000 		.4byte	.LASF28
 499 0175 01       		.byte	0x1
 500 0176 0E       		.byte	0xe
 501 0177 00000000 		.4byte	.LFB1
 502 017b 46000000 		.4byte	.LFE1-.LFB1
 503 017f 01       		.uleb128 0x1
 504 0180 9C       		.byte	0x9c
 505 0181 B9010000 		.4byte	0x1b9
 506 0185 0C       		.uleb128 0xc
 507 0186 AF020000 		.4byte	.LASF30
 508 018a 01       		.byte	0x1
 509 018b 0E       		.byte	0xe
 510 018c B9010000 		.4byte	0x1b9
 511 0190 01       		.uleb128 0x1
 512 0191 50       		.byte	0x50
 513 0192 0D       		.uleb128 0xd
 514 0193 05020000 		.4byte	.LASF27
 515 0197 01       		.byte	0x1
 516 0198 12       		.byte	0x12
 517 0199 89000000 		.4byte	0x89
 518 019d 00000000 		.4byte	.LLST0
 519 01a1 0E       		.uleb128 0xe
 520 01a2 1E000000 		.4byte	.LBB2
 521 01a6 24000000 		.4byte	.LBE2-.LBB2
 522 01aa 0F       		.uleb128 0xf
 523 01ab 6900     		.ascii	"i\000"
 524 01ad 01       		.byte	0x1
 525 01ae 17       		.byte	0x17
 526 01af 97000000 		.4byte	0x97
 527 01b3 13000000 		.4byte	.LLST1
ARM GAS  C:\Users\nikol\AppData\Local\Temp\cc4DjjaY.s 			page 12


 528 01b7 00       		.byte	0
 529 01b8 00       		.byte	0
 530 01b9 10       		.uleb128 0x10
 531 01ba 04       		.byte	0x4
 532 01bb E3000000 		.4byte	0xe3
 533 01bf 11       		.uleb128 0x11
 534 01c0 9D010000 		.4byte	.LASF29
 535 01c4 01       		.byte	0x1
 536 01c5 1F       		.byte	0x1f
 537 01c6 00000000 		.4byte	.LFB2
 538 01ca 92000000 		.4byte	.LFE2-.LFB2
 539 01ce 01       		.uleb128 0x1
 540 01cf 9C       		.byte	0x9c
 541 01d0 0C020000 		.4byte	0x20c
 542 01d4 12       		.uleb128 0x12
 543 01d5 AF020000 		.4byte	.LASF30
 544 01d9 01       		.byte	0x1
 545 01da 1F       		.byte	0x1f
 546 01db B9010000 		.4byte	0x1b9
 547 01df 32000000 		.4byte	.LLST2
 548 01e3 12       		.uleb128 0x12
 549 01e4 42000000 		.4byte	.LASF31
 550 01e8 01       		.byte	0x1
 551 01e9 1F       		.byte	0x1f
 552 01ea C2000000 		.4byte	0xc2
 553 01ee 66000000 		.4byte	.LLST3
 554 01f2 0E       		.uleb128 0xe
 555 01f3 4A000000 		.4byte	.LBB3
 556 01f7 34000000 		.4byte	.LBE3-.LBB3
 557 01fb 0D       		.uleb128 0xd
 558 01fc 58010000 		.4byte	.LASF32
 559 0200 01       		.byte	0x1
 560 0201 2D       		.byte	0x2d
 561 0202 C2000000 		.4byte	0xc2
 562 0206 AF000000 		.4byte	.LLST4
 563 020a 00       		.byte	0
 564 020b 00       		.byte	0
 565 020c 13       		.uleb128 0x13
 566 020d E8000000 		.4byte	.LASF38
 567 0211 01       		.byte	0x1
 568 0212 39       		.byte	0x39
 569 0213 B7000000 		.4byte	0xb7
 570 0217 00000000 		.4byte	.LFB3
 571 021b 2A000000 		.4byte	.LFE3-.LFB3
 572 021f 01       		.uleb128 0x1
 573 0220 9C       		.byte	0x9c
 574 0221 42020000 		.4byte	0x242
 575 0225 12       		.uleb128 0x12
 576 0226 AF020000 		.4byte	.LASF30
 577 022a 01       		.byte	0x1
 578 022b 39       		.byte	0x39
 579 022c B9010000 		.4byte	0x1b9
 580 0230 C2000000 		.4byte	.LLST5
 581 0234 0C       		.uleb128 0xc
 582 0235 42000000 		.4byte	.LASF31
 583 0239 01       		.byte	0x1
 584 023a 39       		.byte	0x39
ARM GAS  C:\Users\nikol\AppData\Local\Temp\cc4DjjaY.s 			page 13


 585 023b 42020000 		.4byte	0x242
 586 023f 01       		.uleb128 0x1
 587 0240 51       		.byte	0x51
 588 0241 00       		.byte	0
 589 0242 10       		.uleb128 0x10
 590 0243 04       		.byte	0x4
 591 0244 C2000000 		.4byte	0xc2
 592 0248 0B       		.uleb128 0xb
 593 0249 20000000 		.4byte	.LASF33
 594 024d 01       		.byte	0x1
 595 024e 56       		.byte	0x56
 596 024f 00000000 		.4byte	.LFB5
 597 0253 28000000 		.4byte	.LFE5-.LFB5
 598 0257 01       		.uleb128 0x1
 599 0258 9C       		.byte	0x9c
 600 0259 6B020000 		.4byte	0x26b
 601 025d 0C       		.uleb128 0xc
 602 025e AF020000 		.4byte	.LASF30
 603 0262 01       		.byte	0x1
 604 0263 56       		.byte	0x56
 605 0264 B9010000 		.4byte	0x1b9
 606 0268 01       		.uleb128 0x1
 607 0269 50       		.byte	0x50
 608 026a 00       		.byte	0
 609 026b 14       		.uleb128 0x14
 610 026c 19010000 		.4byte	.LASF39
 611 0270 01       		.byte	0x1
 612 0271 4F       		.byte	0x4f
 613 0272 00000000 		.4byte	.LFB4
 614 0276 16000000 		.4byte	.LFE4-.LFB4
 615 027a 01       		.uleb128 0x1
 616 027b 9C       		.byte	0x9c
 617 027c 12       		.uleb128 0x12
 618 027d AF020000 		.4byte	.LASF30
 619 0281 01       		.byte	0x1
 620 0282 4F       		.byte	0x4f
 621 0283 B9010000 		.4byte	0x1b9
 622 0287 12010000 		.4byte	.LLST6
 623 028b 12       		.uleb128 0x12
 624 028c 55000000 		.4byte	.LASF25
 625 0290 01       		.byte	0x1
 626 0291 4F       		.byte	0x4f
 627 0292 CD000000 		.4byte	0xcd
 628 0296 33010000 		.4byte	.LLST7
 629 029a 15       		.uleb128 0x15
 630 029b 14000000 		.4byte	.LVL28
 631 029f 48020000 		.4byte	0x248
 632 02a3 16       		.uleb128 0x16
 633 02a4 01       		.uleb128 0x1
 634 02a5 50       		.byte	0x50
 635 02a6 03       		.uleb128 0x3
 636 02a7 F3       		.byte	0xf3
 637 02a8 01       		.uleb128 0x1
 638 02a9 50       		.byte	0x50
 639 02aa 00       		.byte	0
 640 02ab 00       		.byte	0
 641 02ac 00       		.byte	0
ARM GAS  C:\Users\nikol\AppData\Local\Temp\cc4DjjaY.s 			page 14


 642              		.section	.debug_abbrev,"",%progbits
 643              	.Ldebug_abbrev0:
 644 0000 01       		.uleb128 0x1
 645 0001 11       		.uleb128 0x11
 646 0002 01       		.byte	0x1
 647 0003 25       		.uleb128 0x25
 648 0004 0E       		.uleb128 0xe
 649 0005 13       		.uleb128 0x13
 650 0006 0B       		.uleb128 0xb
 651 0007 03       		.uleb128 0x3
 652 0008 0E       		.uleb128 0xe
 653 0009 1B       		.uleb128 0x1b
 654 000a 0E       		.uleb128 0xe
 655 000b 55       		.uleb128 0x55
 656 000c 17       		.uleb128 0x17
 657 000d 11       		.uleb128 0x11
 658 000e 01       		.uleb128 0x1
 659 000f 10       		.uleb128 0x10
 660 0010 17       		.uleb128 0x17
 661 0011 00       		.byte	0
 662 0012 00       		.byte	0
 663 0013 02       		.uleb128 0x2
 664 0014 16       		.uleb128 0x16
 665 0015 00       		.byte	0
 666 0016 03       		.uleb128 0x3
 667 0017 0E       		.uleb128 0xe
 668 0018 3A       		.uleb128 0x3a
 669 0019 0B       		.uleb128 0xb
 670 001a 3B       		.uleb128 0x3b
 671 001b 0B       		.uleb128 0xb
 672 001c 49       		.uleb128 0x49
 673 001d 13       		.uleb128 0x13
 674 001e 00       		.byte	0
 675 001f 00       		.byte	0
 676 0020 03       		.uleb128 0x3
 677 0021 24       		.uleb128 0x24
 678 0022 00       		.byte	0
 679 0023 0B       		.uleb128 0xb
 680 0024 0B       		.uleb128 0xb
 681 0025 3E       		.uleb128 0x3e
 682 0026 0B       		.uleb128 0xb
 683 0027 03       		.uleb128 0x3
 684 0028 0E       		.uleb128 0xe
 685 0029 00       		.byte	0
 686 002a 00       		.byte	0
 687 002b 04       		.uleb128 0x4
 688 002c 24       		.uleb128 0x24
 689 002d 00       		.byte	0
 690 002e 0B       		.uleb128 0xb
 691 002f 0B       		.uleb128 0xb
 692 0030 3E       		.uleb128 0x3e
 693 0031 0B       		.uleb128 0xb
 694 0032 03       		.uleb128 0x3
 695 0033 08       		.uleb128 0x8
 696 0034 00       		.byte	0
 697 0035 00       		.byte	0
 698 0036 05       		.uleb128 0x5
ARM GAS  C:\Users\nikol\AppData\Local\Temp\cc4DjjaY.s 			page 15


 699 0037 13       		.uleb128 0x13
 700 0038 01       		.byte	0x1
 701 0039 03       		.uleb128 0x3
 702 003a 0E       		.uleb128 0xe
 703 003b 0B       		.uleb128 0xb
 704 003c 05       		.uleb128 0x5
 705 003d 3A       		.uleb128 0x3a
 706 003e 0B       		.uleb128 0xb
 707 003f 3B       		.uleb128 0x3b
 708 0040 0B       		.uleb128 0xb
 709 0041 01       		.uleb128 0x1
 710 0042 13       		.uleb128 0x13
 711 0043 00       		.byte	0
 712 0044 00       		.byte	0
 713 0045 06       		.uleb128 0x6
 714 0046 0D       		.uleb128 0xd
 715 0047 00       		.byte	0
 716 0048 03       		.uleb128 0x3
 717 0049 0E       		.uleb128 0xe
 718 004a 3A       		.uleb128 0x3a
 719 004b 0B       		.uleb128 0xb
 720 004c 3B       		.uleb128 0x3b
 721 004d 0B       		.uleb128 0xb
 722 004e 49       		.uleb128 0x49
 723 004f 13       		.uleb128 0x13
 724 0050 38       		.uleb128 0x38
 725 0051 0B       		.uleb128 0xb
 726 0052 00       		.byte	0
 727 0053 00       		.byte	0
 728 0054 07       		.uleb128 0x7
 729 0055 0D       		.uleb128 0xd
 730 0056 00       		.byte	0
 731 0057 03       		.uleb128 0x3
 732 0058 0E       		.uleb128 0xe
 733 0059 3A       		.uleb128 0x3a
 734 005a 0B       		.uleb128 0xb
 735 005b 3B       		.uleb128 0x3b
 736 005c 0B       		.uleb128 0xb
 737 005d 49       		.uleb128 0x49
 738 005e 13       		.uleb128 0x13
 739 005f 38       		.uleb128 0x38
 740 0060 05       		.uleb128 0x5
 741 0061 00       		.byte	0
 742 0062 00       		.byte	0
 743 0063 08       		.uleb128 0x8
 744 0064 0D       		.uleb128 0xd
 745 0065 00       		.byte	0
 746 0066 03       		.uleb128 0x3
 747 0067 08       		.uleb128 0x8
 748 0068 3A       		.uleb128 0x3a
 749 0069 0B       		.uleb128 0xb
 750 006a 3B       		.uleb128 0x3b
 751 006b 0B       		.uleb128 0xb
 752 006c 49       		.uleb128 0x49
 753 006d 13       		.uleb128 0x13
 754 006e 38       		.uleb128 0x38
 755 006f 05       		.uleb128 0x5
ARM GAS  C:\Users\nikol\AppData\Local\Temp\cc4DjjaY.s 			page 16


 756 0070 00       		.byte	0
 757 0071 00       		.byte	0
 758 0072 09       		.uleb128 0x9
 759 0073 01       		.uleb128 0x1
 760 0074 01       		.byte	0x1
 761 0075 49       		.uleb128 0x49
 762 0076 13       		.uleb128 0x13
 763 0077 01       		.uleb128 0x1
 764 0078 13       		.uleb128 0x13
 765 0079 00       		.byte	0
 766 007a 00       		.byte	0
 767 007b 0A       		.uleb128 0xa
 768 007c 21       		.uleb128 0x21
 769 007d 00       		.byte	0
 770 007e 49       		.uleb128 0x49
 771 007f 13       		.uleb128 0x13
 772 0080 2F       		.uleb128 0x2f
 773 0081 05       		.uleb128 0x5
 774 0082 00       		.byte	0
 775 0083 00       		.byte	0
 776 0084 0B       		.uleb128 0xb
 777 0085 2E       		.uleb128 0x2e
 778 0086 01       		.byte	0x1
 779 0087 3F       		.uleb128 0x3f
 780 0088 19       		.uleb128 0x19
 781 0089 03       		.uleb128 0x3
 782 008a 0E       		.uleb128 0xe
 783 008b 3A       		.uleb128 0x3a
 784 008c 0B       		.uleb128 0xb
 785 008d 3B       		.uleb128 0x3b
 786 008e 0B       		.uleb128 0xb
 787 008f 27       		.uleb128 0x27
 788 0090 19       		.uleb128 0x19
 789 0091 11       		.uleb128 0x11
 790 0092 01       		.uleb128 0x1
 791 0093 12       		.uleb128 0x12
 792 0094 06       		.uleb128 0x6
 793 0095 40       		.uleb128 0x40
 794 0096 18       		.uleb128 0x18
 795 0097 9742     		.uleb128 0x2117
 796 0099 19       		.uleb128 0x19
 797 009a 01       		.uleb128 0x1
 798 009b 13       		.uleb128 0x13
 799 009c 00       		.byte	0
 800 009d 00       		.byte	0
 801 009e 0C       		.uleb128 0xc
 802 009f 05       		.uleb128 0x5
 803 00a0 00       		.byte	0
 804 00a1 03       		.uleb128 0x3
 805 00a2 0E       		.uleb128 0xe
 806 00a3 3A       		.uleb128 0x3a
 807 00a4 0B       		.uleb128 0xb
 808 00a5 3B       		.uleb128 0x3b
 809 00a6 0B       		.uleb128 0xb
 810 00a7 49       		.uleb128 0x49
 811 00a8 13       		.uleb128 0x13
 812 00a9 02       		.uleb128 0x2
ARM GAS  C:\Users\nikol\AppData\Local\Temp\cc4DjjaY.s 			page 17


 813 00aa 18       		.uleb128 0x18
 814 00ab 00       		.byte	0
 815 00ac 00       		.byte	0
 816 00ad 0D       		.uleb128 0xd
 817 00ae 34       		.uleb128 0x34
 818 00af 00       		.byte	0
 819 00b0 03       		.uleb128 0x3
 820 00b1 0E       		.uleb128 0xe
 821 00b2 3A       		.uleb128 0x3a
 822 00b3 0B       		.uleb128 0xb
 823 00b4 3B       		.uleb128 0x3b
 824 00b5 0B       		.uleb128 0xb
 825 00b6 49       		.uleb128 0x49
 826 00b7 13       		.uleb128 0x13
 827 00b8 02       		.uleb128 0x2
 828 00b9 17       		.uleb128 0x17
 829 00ba 00       		.byte	0
 830 00bb 00       		.byte	0
 831 00bc 0E       		.uleb128 0xe
 832 00bd 0B       		.uleb128 0xb
 833 00be 01       		.byte	0x1
 834 00bf 11       		.uleb128 0x11
 835 00c0 01       		.uleb128 0x1
 836 00c1 12       		.uleb128 0x12
 837 00c2 06       		.uleb128 0x6
 838 00c3 00       		.byte	0
 839 00c4 00       		.byte	0
 840 00c5 0F       		.uleb128 0xf
 841 00c6 34       		.uleb128 0x34
 842 00c7 00       		.byte	0
 843 00c8 03       		.uleb128 0x3
 844 00c9 08       		.uleb128 0x8
 845 00ca 3A       		.uleb128 0x3a
 846 00cb 0B       		.uleb128 0xb
 847 00cc 3B       		.uleb128 0x3b
 848 00cd 0B       		.uleb128 0xb
 849 00ce 49       		.uleb128 0x49
 850 00cf 13       		.uleb128 0x13
 851 00d0 02       		.uleb128 0x2
 852 00d1 17       		.uleb128 0x17
 853 00d2 00       		.byte	0
 854 00d3 00       		.byte	0
 855 00d4 10       		.uleb128 0x10
 856 00d5 0F       		.uleb128 0xf
 857 00d6 00       		.byte	0
 858 00d7 0B       		.uleb128 0xb
 859 00d8 0B       		.uleb128 0xb
 860 00d9 49       		.uleb128 0x49
 861 00da 13       		.uleb128 0x13
 862 00db 00       		.byte	0
 863 00dc 00       		.byte	0
 864 00dd 11       		.uleb128 0x11
 865 00de 2E       		.uleb128 0x2e
 866 00df 01       		.byte	0x1
 867 00e0 3F       		.uleb128 0x3f
 868 00e1 19       		.uleb128 0x19
 869 00e2 03       		.uleb128 0x3
ARM GAS  C:\Users\nikol\AppData\Local\Temp\cc4DjjaY.s 			page 18


 870 00e3 0E       		.uleb128 0xe
 871 00e4 3A       		.uleb128 0x3a
 872 00e5 0B       		.uleb128 0xb
 873 00e6 3B       		.uleb128 0x3b
 874 00e7 0B       		.uleb128 0xb
 875 00e8 27       		.uleb128 0x27
 876 00e9 19       		.uleb128 0x19
 877 00ea 11       		.uleb128 0x11
 878 00eb 01       		.uleb128 0x1
 879 00ec 12       		.uleb128 0x12
 880 00ed 06       		.uleb128 0x6
 881 00ee 40       		.uleb128 0x40
 882 00ef 18       		.uleb128 0x18
 883 00f0 9642     		.uleb128 0x2116
 884 00f2 19       		.uleb128 0x19
 885 00f3 01       		.uleb128 0x1
 886 00f4 13       		.uleb128 0x13
 887 00f5 00       		.byte	0
 888 00f6 00       		.byte	0
 889 00f7 12       		.uleb128 0x12
 890 00f8 05       		.uleb128 0x5
 891 00f9 00       		.byte	0
 892 00fa 03       		.uleb128 0x3
 893 00fb 0E       		.uleb128 0xe
 894 00fc 3A       		.uleb128 0x3a
 895 00fd 0B       		.uleb128 0xb
 896 00fe 3B       		.uleb128 0x3b
 897 00ff 0B       		.uleb128 0xb
 898 0100 49       		.uleb128 0x49
 899 0101 13       		.uleb128 0x13
 900 0102 02       		.uleb128 0x2
 901 0103 17       		.uleb128 0x17
 902 0104 00       		.byte	0
 903 0105 00       		.byte	0
 904 0106 13       		.uleb128 0x13
 905 0107 2E       		.uleb128 0x2e
 906 0108 01       		.byte	0x1
 907 0109 3F       		.uleb128 0x3f
 908 010a 19       		.uleb128 0x19
 909 010b 03       		.uleb128 0x3
 910 010c 0E       		.uleb128 0xe
 911 010d 3A       		.uleb128 0x3a
 912 010e 0B       		.uleb128 0xb
 913 010f 3B       		.uleb128 0x3b
 914 0110 0B       		.uleb128 0xb
 915 0111 27       		.uleb128 0x27
 916 0112 19       		.uleb128 0x19
 917 0113 49       		.uleb128 0x49
 918 0114 13       		.uleb128 0x13
 919 0115 11       		.uleb128 0x11
 920 0116 01       		.uleb128 0x1
 921 0117 12       		.uleb128 0x12
 922 0118 06       		.uleb128 0x6
 923 0119 40       		.uleb128 0x40
 924 011a 18       		.uleb128 0x18
 925 011b 9742     		.uleb128 0x2117
 926 011d 19       		.uleb128 0x19
ARM GAS  C:\Users\nikol\AppData\Local\Temp\cc4DjjaY.s 			page 19


 927 011e 01       		.uleb128 0x1
 928 011f 13       		.uleb128 0x13
 929 0120 00       		.byte	0
 930 0121 00       		.byte	0
 931 0122 14       		.uleb128 0x14
 932 0123 2E       		.uleb128 0x2e
 933 0124 01       		.byte	0x1
 934 0125 3F       		.uleb128 0x3f
 935 0126 19       		.uleb128 0x19
 936 0127 03       		.uleb128 0x3
 937 0128 0E       		.uleb128 0xe
 938 0129 3A       		.uleb128 0x3a
 939 012a 0B       		.uleb128 0xb
 940 012b 3B       		.uleb128 0x3b
 941 012c 0B       		.uleb128 0xb
 942 012d 27       		.uleb128 0x27
 943 012e 19       		.uleb128 0x19
 944 012f 11       		.uleb128 0x11
 945 0130 01       		.uleb128 0x1
 946 0131 12       		.uleb128 0x12
 947 0132 06       		.uleb128 0x6
 948 0133 40       		.uleb128 0x40
 949 0134 18       		.uleb128 0x18
 950 0135 9742     		.uleb128 0x2117
 951 0137 19       		.uleb128 0x19
 952 0138 00       		.byte	0
 953 0139 00       		.byte	0
 954 013a 15       		.uleb128 0x15
 955 013b 898201   		.uleb128 0x4109
 956 013e 01       		.byte	0x1
 957 013f 11       		.uleb128 0x11
 958 0140 01       		.uleb128 0x1
 959 0141 31       		.uleb128 0x31
 960 0142 13       		.uleb128 0x13
 961 0143 00       		.byte	0
 962 0144 00       		.byte	0
 963 0145 16       		.uleb128 0x16
 964 0146 8A8201   		.uleb128 0x410a
 965 0149 00       		.byte	0
 966 014a 02       		.uleb128 0x2
 967 014b 18       		.uleb128 0x18
 968 014c 9142     		.uleb128 0x2111
 969 014e 18       		.uleb128 0x18
 970 014f 00       		.byte	0
 971 0150 00       		.byte	0
 972 0151 00       		.byte	0
 973              		.section	.debug_loc,"",%progbits
 974              	.Ldebug_loc0:
 975              	.LLST0:
 976 0000 12000000 		.4byte	.LVL1
 977 0004 44000000 		.4byte	.LVL5
 978 0008 0100     		.2byte	0x1
 979 000a 54       		.byte	0x54
 980 000b 00000000 		.4byte	0
 981 000f 00000000 		.4byte	0
 982              	.LLST1:
 983 0013 1E000000 		.4byte	.LVL2
ARM GAS  C:\Users\nikol\AppData\Local\Temp\cc4DjjaY.s 			page 20


 984 0017 22000000 		.4byte	.LVL3
 985 001b 0200     		.2byte	0x2
 986 001d 30       		.byte	0x30
 987 001e 9F       		.byte	0x9f
 988 001f 22000000 		.4byte	.LVL3
 989 0023 46000000 		.4byte	.LFE1
 990 0027 0100     		.2byte	0x1
 991 0029 53       		.byte	0x53
 992 002a 00000000 		.4byte	0
 993 002e 00000000 		.4byte	0
 994              	.LLST2:
 995 0032 00000000 		.4byte	.LVL6
 996 0036 0E000000 		.4byte	.LVL7
 997 003a 0100     		.2byte	0x1
 998 003c 50       		.byte	0x50
 999 003d 0E000000 		.4byte	.LVL7
 1000 0041 4A000000 		.4byte	.LVL11
 1001 0045 0100     		.2byte	0x1
 1002 0047 54       		.byte	0x54
 1003 0048 4A000000 		.4byte	.LVL11
 1004 004c 50000000 		.4byte	.LVL12
 1005 0050 0100     		.2byte	0x1
 1006 0052 50       		.byte	0x50
 1007 0053 50000000 		.4byte	.LVL12
 1008 0057 92000000 		.4byte	.LFE2
 1009 005b 0100     		.2byte	0x1
 1010 005d 54       		.byte	0x54
 1011 005e 00000000 		.4byte	0
 1012 0062 00000000 		.4byte	0
 1013              	.LLST3:
 1014 0066 00000000 		.4byte	.LVL6
 1015 006a 25000000 		.4byte	.LVL8-1
 1016 006e 0100     		.2byte	0x1
 1017 0070 51       		.byte	0x51
 1018 0071 25000000 		.4byte	.LVL8-1
 1019 0075 4A000000 		.4byte	.LVL11
 1020 0079 0400     		.2byte	0x4
 1021 007b F3       		.byte	0xf3
 1022 007c 01       		.uleb128 0x1
 1023 007d 51       		.byte	0x51
 1024 007e 9F       		.byte	0x9f
 1025 007f 4A000000 		.4byte	.LVL11
 1026 0083 5A000000 		.4byte	.LVL13
 1027 0087 0100     		.2byte	0x1
 1028 0089 51       		.byte	0x51
 1029 008a 5A000000 		.4byte	.LVL13
 1030 008e 64000000 		.4byte	.LVL15
 1031 0092 0500     		.2byte	0x5
 1032 0094 74       		.byte	0x74
 1033 0095 00       		.sleb128 0
 1034 0096 73       		.byte	0x73
 1035 0097 00       		.sleb128 0
 1036 0098 22       		.byte	0x22
 1037 0099 64000000 		.4byte	.LVL15
 1038 009d 92000000 		.4byte	.LFE2
 1039 00a1 0400     		.2byte	0x4
 1040 00a3 F3       		.byte	0xf3
ARM GAS  C:\Users\nikol\AppData\Local\Temp\cc4DjjaY.s 			page 21


 1041 00a4 01       		.uleb128 0x1
 1042 00a5 51       		.byte	0x51
 1043 00a6 9F       		.byte	0x9f
 1044 00a7 00000000 		.4byte	0
 1045 00ab 00000000 		.4byte	0
 1046              	.LLST4:
 1047 00af 50000000 		.4byte	.LVL12
 1048 00b3 5E000000 		.4byte	.LVL14
 1049 00b7 0100     		.2byte	0x1
 1050 00b9 50       		.byte	0x50
 1051 00ba 00000000 		.4byte	0
 1052 00be 00000000 		.4byte	0
 1053              	.LLST5:
 1054 00c2 00000000 		.4byte	.LVL19
 1055 00c6 0C000000 		.4byte	.LVL20
 1056 00ca 0100     		.2byte	0x1
 1057 00cc 50       		.byte	0x50
 1058 00cd 0C000000 		.4byte	.LVL20
 1059 00d1 16000000 		.4byte	.LVL21
 1060 00d5 0100     		.2byte	0x1
 1061 00d7 53       		.byte	0x53
 1062 00d8 16000000 		.4byte	.LVL21
 1063 00dc 1A000000 		.4byte	.LVL22
 1064 00e0 0400     		.2byte	0x4
 1065 00e2 F3       		.byte	0xf3
 1066 00e3 01       		.uleb128 0x1
 1067 00e4 50       		.byte	0x50
 1068 00e5 9F       		.byte	0x9f
 1069 00e6 1A000000 		.4byte	.LVL22
 1070 00ea 22000000 		.4byte	.LVL23
 1071 00ee 0100     		.2byte	0x1
 1072 00f0 50       		.byte	0x50
 1073 00f1 22000000 		.4byte	.LVL23
 1074 00f5 24000000 		.4byte	.LVL24
 1075 00f9 0400     		.2byte	0x4
 1076 00fb F3       		.byte	0xf3
 1077 00fc 01       		.uleb128 0x1
 1078 00fd 50       		.byte	0x50
 1079 00fe 9F       		.byte	0x9f
 1080 00ff 24000000 		.4byte	.LVL24
 1081 0103 2A000000 		.4byte	.LFE3
 1082 0107 0100     		.2byte	0x1
 1083 0109 53       		.byte	0x53
 1084 010a 00000000 		.4byte	0
 1085 010e 00000000 		.4byte	0
 1086              	.LLST6:
 1087 0112 00000000 		.4byte	.LVL26
 1088 0116 13000000 		.4byte	.LVL28-1
 1089 011a 0100     		.2byte	0x1
 1090 011c 50       		.byte	0x50
 1091 011d 13000000 		.4byte	.LVL28-1
 1092 0121 16000000 		.4byte	.LFE4
 1093 0125 0400     		.2byte	0x4
 1094 0127 F3       		.byte	0xf3
 1095 0128 01       		.uleb128 0x1
 1096 0129 50       		.byte	0x50
 1097 012a 9F       		.byte	0x9f
ARM GAS  C:\Users\nikol\AppData\Local\Temp\cc4DjjaY.s 			page 22


 1098 012b 00000000 		.4byte	0
 1099 012f 00000000 		.4byte	0
 1100              	.LLST7:
 1101 0133 00000000 		.4byte	.LVL26
 1102 0137 0C000000 		.4byte	.LVL27
 1103 013b 0100     		.2byte	0x1
 1104 013d 51       		.byte	0x51
 1105 013e 0C000000 		.4byte	.LVL27
 1106 0142 13000000 		.4byte	.LVL28-1
 1107 0146 0100     		.2byte	0x1
 1108 0148 51       		.byte	0x51
 1109 0149 00000000 		.4byte	0
 1110 014d 00000000 		.4byte	0
 1111              		.section	.debug_aranges,"",%progbits
 1112 0000 3C000000 		.4byte	0x3c
 1113 0004 0200     		.2byte	0x2
 1114 0006 00000000 		.4byte	.Ldebug_info0
 1115 000a 04       		.byte	0x4
 1116 000b 00       		.byte	0
 1117 000c 0000     		.2byte	0
 1118 000e 0000     		.2byte	0
 1119 0010 00000000 		.4byte	.LFB1
 1120 0014 46000000 		.4byte	.LFE1-.LFB1
 1121 0018 00000000 		.4byte	.LFB2
 1122 001c 92000000 		.4byte	.LFE2-.LFB2
 1123 0020 00000000 		.4byte	.LFB3
 1124 0024 2A000000 		.4byte	.LFE3-.LFB3
 1125 0028 00000000 		.4byte	.LFB5
 1126 002c 28000000 		.4byte	.LFE5-.LFB5
 1127 0030 00000000 		.4byte	.LFB4
 1128 0034 16000000 		.4byte	.LFE4-.LFB4
 1129 0038 00000000 		.4byte	0
 1130 003c 00000000 		.4byte	0
 1131              		.section	.debug_ranges,"",%progbits
 1132              	.Ldebug_ranges0:
 1133 0000 00000000 		.4byte	.LFB1
 1134 0004 46000000 		.4byte	.LFE1
 1135 0008 00000000 		.4byte	.LFB2
 1136 000c 92000000 		.4byte	.LFE2
 1137 0010 00000000 		.4byte	.LFB3
 1138 0014 2A000000 		.4byte	.LFE3
 1139 0018 00000000 		.4byte	.LFB5
 1140 001c 28000000 		.4byte	.LFE5
 1141 0020 00000000 		.4byte	.LFB4
 1142 0024 16000000 		.4byte	.LFE4
 1143 0028 00000000 		.4byte	0
 1144 002c 00000000 		.4byte	0
 1145              		.section	.debug_line,"",%progbits
 1146              	.Ldebug_line0:
 1147 0000 7C020000 		.section	.debug_str,"MS",%progbits,1
 1147      0200E501 
 1147      00000201 
 1147      FB0E0D00 
 1147      01010101 
 1148              	.LASF0:
 1149 0000 5F5F696E 		.ascii	"__int8_t\000"
 1149      74385F74 
ARM GAS  C:\Users\nikol\AppData\Local\Temp\cc4DjjaY.s 			page 23


 1149      00
 1150              	.LASF1:
 1151 0009 5F5F7569 		.ascii	"__uint8_t\000"
 1151      6E74385F 
 1151      7400
 1152              	.LASF13:
 1153 0013 73697A65 		.ascii	"size_t\000"
 1153      5F7400
 1154              	.LASF24:
 1155 001a 72657365 		.ascii	"reset\000"
 1155      7400
 1156              	.LASF33:
 1157 0020 43697263 		.ascii	"CircularBuffer_resetBuffer\000"
 1157      756C6172 
 1157      42756666 
 1157      65725F72 
 1157      65736574 
 1158              	.LASF17:
 1159 003b 696E7438 		.ascii	"int8_t\000"
 1159      5F7400
 1160              	.LASF31:
 1161 0042 72656164 		.ascii	"reading\000"
 1161      696E6700 
 1162              	.LASF26:
 1163 004a 666C6F61 		.ascii	"float\000"
 1163      7400
 1164              	.LASF21:
 1165 0050 64617461 		.ascii	"data\000"
 1165      00
 1166              	.LASF25:
 1167 0055 73697A65 		.ascii	"size\000"
 1167      00
 1168              	.LASF34:
 1169 005a 474E5520 		.ascii	"GNU C11 5.4.1 20160609 (release) [ARM/embedded-5-br"
 1169      43313120 
 1169      352E342E 
 1169      31203230 
 1169      31363036 
 1170 008d 616E6368 		.ascii	"anch revision 237715] -mcpu=cortex-m3 -mthumb -g -O"
 1170      20726576 
 1170      6973696F 
 1170      6E203233 
 1170      37373135 
 1171 00c0 67202D66 		.ascii	"g -ffunction-sections -ffat-lto-objects\000"
 1171      66756E63 
 1171      74696F6E 
 1171      2D736563 
 1171      74696F6E 
 1172              	.LASF38:
 1173 00e8 43697263 		.ascii	"CircularBuffer_getLastReading\000"
 1173      756C6172 
 1173      42756666 
 1173      65725F67 
 1173      65744C61 
 1174              	.LASF6:
 1175 0106 73686F72 		.ascii	"short unsigned int\000"
 1175      7420756E 
ARM GAS  C:\Users\nikol\AppData\Local\Temp\cc4DjjaY.s 			page 24


 1175      7369676E 
 1175      65642069 
 1175      6E7400
 1176              	.LASF39:
 1177 0119 43697263 		.ascii	"CircularBuffer_init\000"
 1177      756C6172 
 1177      42756666 
 1177      65725F69 
 1177      6E697400 
 1178              	.LASF3:
 1179 012d 756E7369 		.ascii	"unsigned char\000"
 1179      676E6564 
 1179      20636861 
 1179      7200
 1180              	.LASF5:
 1181 013b 5F5F7569 		.ascii	"__uint16_t\000"
 1181      6E743136 
 1181      5F7400
 1182              	.LASF9:
 1183 0146 6C6F6E67 		.ascii	"long unsigned int\000"
 1183      20756E73 
 1183      69676E65 
 1183      6420696E 
 1183      7400
 1184              	.LASF32:
 1185 0158 6F6C6444 		.ascii	"oldData\000"
 1185      61746100 
 1186              	.LASF35:
 1187 0160 47656E65 		.ascii	"Generated_Source\\PSoC5\\CupSensor_CircularBuffer.c"
 1187      72617465 
 1187      645F536F 
 1187      75726365 
 1187      5C50536F 
 1188 0191 00       		.ascii	"\000"
 1189              	.LASF8:
 1190 0192 5F5F7569 		.ascii	"__uint32_t\000"
 1190      6E743332 
 1190      5F7400
 1191              	.LASF29:
 1192 019d 43697263 		.ascii	"CircularBuffer_insertReading\000"
 1192      756C6172 
 1192      42756666 
 1192      65725F69 
 1192      6E736572 
 1193              	.LASF28:
 1194 01ba 43697263 		.ascii	"CircularBuffer_calculateMinMax\000"
 1194      756C6172 
 1194      42756666 
 1194      65725F63 
 1194      616C6375 
 1195              	.LASF12:
 1196 01d9 756E7369 		.ascii	"unsigned int\000"
 1196      676E6564 
 1196      20696E74 
 1196      00
 1197              	.LASF11:
 1198 01e6 6C6F6E67 		.ascii	"long long unsigned int\000"
ARM GAS  C:\Users\nikol\AppData\Local\Temp\cc4DjjaY.s 			page 25


 1198      206C6F6E 
 1198      6720756E 
 1198      7369676E 
 1198      65642069 
 1199              	.LASF18:
 1200 01fd 75696E74 		.ascii	"uint8_t\000"
 1200      385F7400 
 1201              	.LASF27:
 1202 0205 636F756E 		.ascii	"countSize\000"
 1202      7453697A 
 1202      6500
 1203              	.LASF23:
 1204 020f 61766572 		.ascii	"average\000"
 1204      61676500 
 1205              	.LASF36:
 1206 0217 433A5C55 		.ascii	"C:\\Users\\nikol\\Documents\\git\\3. Semester\\PRJ3"
 1206      73657273 
 1206      5C6E696B 
 1206      6F6C5C44 
 1206      6F63756D 
 1207 0244 5C706C61 		.ascii	"\\player_side_app\\integration\\integration\\integr"
 1207      7965725F 
 1207      73696465 
 1207      5F617070 
 1207      5C696E74 
 1208 0273 6174696F 		.ascii	"ation_all.cydsn\000"
 1208      6E5F616C 
 1208      6C2E6379 
 1208      64736E00 
 1209              	.LASF15:
 1210 0283 73697A65 		.ascii	"sizetype\000"
 1210      74797065 
 1210      00
 1211              	.LASF10:
 1212 028c 6C6F6E67 		.ascii	"long long int\000"
 1212      206C6F6E 
 1212      6720696E 
 1212      7400
 1213              	.LASF16:
 1214 029a 63686172 		.ascii	"char\000"
 1214      00
 1215              	.LASF22:
 1216 029f 696E6465 		.ascii	"index\000"
 1216      7800
 1217              	.LASF4:
 1218 02a5 73686F72 		.ascii	"short int\000"
 1218      7420696E 
 1218      7400
 1219              	.LASF30:
 1220 02af 62756666 		.ascii	"buffer\000"
 1220      657200
 1221              	.LASF19:
 1222 02b6 75696E74 		.ascii	"uint16_t\000"
 1222      31365F74 
 1222      00
 1223              	.LASF20:
 1224 02bf 75696E74 		.ascii	"uint32_t\000"
ARM GAS  C:\Users\nikol\AppData\Local\Temp\cc4DjjaY.s 			page 26


 1224      33325F74 
 1224      00
 1225              	.LASF7:
 1226 02c8 6C6F6E67 		.ascii	"long int\000"
 1226      20696E74 
 1226      00
 1227              	.LASF14:
 1228 02d1 6C6F6E67 		.ascii	"long double\000"
 1228      20646F75 
 1228      626C6500 
 1229              	.LASF37:
 1230 02dd 43697263 		.ascii	"CircularBuffer\000"
 1230      756C6172 
 1230      42756666 
 1230      657200
 1231              	.LASF2:
 1232 02ec 7369676E 		.ascii	"signed char\000"
 1232      65642063 
 1232      68617200 
 1233              		.ident	"GCC: (GNU Tools for ARM Embedded Processors) 5.4.1 20160609 (release) [ARM/embedded-5-bran
