ARM GAS  C:\Users\nikol\AppData\Local\Temp\cc8De1tr.s 			page 1


   1              		.syntax unified
   2              		.cpu cortex-m3
   3              		.fpu softvfp
   4              		.eabi_attribute 20, 1
   5              		.eabi_attribute 21, 1
   6              		.eabi_attribute 23, 3
   7              		.eabi_attribute 24, 1
   8              		.eabi_attribute 25, 1
   9              		.eabi_attribute 26, 1
  10              		.eabi_attribute 30, 1
  11              		.eabi_attribute 34, 1
  12              		.eabi_attribute 18, 4
  13              		.thumb
  14              		.syntax unified
  15              		.file	"CupSensor_CupSensorUnit.c"
  16              		.text
  17              	.Ltext0:
  18              		.cfi_sections	.debug_frame
  19              		.section	.text.CupSensorUnit_init,"ax",%progbits
  20              		.align	2
  21              		.global	CupSensorUnit_init
  22              		.thumb
  23              		.thumb_func
  24              		.type	CupSensorUnit_init, %function
  25              	CupSensorUnit_init:
  26              	.LFB64:
  27              		.file 1 "Generated_Source\\PSoC5\\CupSensor_CupSensorUnit.c"
   1:Generated_Source\PSoC5/CupSensor_CupSensorUnit.c **** /* ========================================
   2:Generated_Source\PSoC5/CupSensor_CupSensorUnit.c ****  *
   3:Generated_Source\PSoC5/CupSensor_CupSensorUnit.c ****  * Copyright YOUR COMPANY, THE YEAR
   4:Generated_Source\PSoC5/CupSensor_CupSensorUnit.c ****  * All Rights Reserved
   5:Generated_Source\PSoC5/CupSensor_CupSensorUnit.c ****  * UNPUBLISHED, LICENSED SOFTWARE.
   6:Generated_Source\PSoC5/CupSensor_CupSensorUnit.c ****  *
   7:Generated_Source\PSoC5/CupSensor_CupSensorUnit.c ****  * CONFIDENTIAL AND PROPRIETARY INFORMATION
   8:Generated_Source\PSoC5/CupSensor_CupSensorUnit.c ****  * WHICH IS THE PROPERTY OF your company.
   9:Generated_Source\PSoC5/CupSensor_CupSensorUnit.c ****  *
  10:Generated_Source\PSoC5/CupSensor_CupSensorUnit.c ****  * ========================================
  11:Generated_Source\PSoC5/CupSensor_CupSensorUnit.c **** */
  12:Generated_Source\PSoC5/CupSensor_CupSensorUnit.c **** 
  13:Generated_Source\PSoC5/CupSensor_CupSensorUnit.c **** #include <project.h>
  14:Generated_Source\PSoC5/CupSensor_CupSensorUnit.c **** 
  15:Generated_Source\PSoC5/CupSensor_CupSensorUnit.c **** void CupSensorUnit_init(struct CupSensorUnit* sensorUnit, uint16_t bufferSize, uint16_t averageSize
  16:Generated_Source\PSoC5/CupSensor_CupSensorUnit.c **** {
  28              		.loc 1 16 0
  29              		.cfi_startproc
  30              		@ args = 0, pretend = 0, frame = 0
  31              		@ frame_needed = 0, uses_anonymous_args = 0
  32              	.LVL0:
  33 0000 38B5     		push	{r3, r4, r5, lr}
  34              		.cfi_def_cfa_offset 16
  35              		.cfi_offset 3, -16
  36              		.cfi_offset 4, -12
  37              		.cfi_offset 5, -8
  38              		.cfi_offset 14, -4
  39 0002 0446     		mov	r4, r0
  40 0004 0D46     		mov	r5, r1
  17:Generated_Source\PSoC5/CupSensor_CupSensorUnit.c ****     CircularBuffer_init(&(sensorUnit->averageBuffer), averageSize);
ARM GAS  C:\Users\nikol\AppData\Local\Temp\cc8De1tr.s 			page 2


  41              		.loc 1 17 0
  42 0006 1146     		mov	r1, r2
  43              	.LVL1:
  44 0008 00F22440 		addw	r0, r0, #1060
  45              	.LVL2:
  46 000c FFF7FEFF 		bl	CircularBuffer_init
  47              	.LVL3:
  18:Generated_Source\PSoC5/CupSensor_CupSensorUnit.c ****     CircularBuffer_init(&(sensorUnit->buffer), bufferSize);
  48              		.loc 1 18 0
  49 0010 2946     		mov	r1, r5
  50 0012 04F11000 		add	r0, r4, #16
  51 0016 FFF7FEFF 		bl	CircularBuffer_init
  52              	.LVL4:
  19:Generated_Source\PSoC5/CupSensor_CupSensorUnit.c ****     sensorUnit->state = NOT_PLACED;
  53              		.loc 1 19 0
  54 001a 0023     		movs	r3, #0
  55 001c 2370     		strb	r3, [r4]
  20:Generated_Source\PSoC5/CupSensor_CupSensorUnit.c ****     
  21:Generated_Source\PSoC5/CupSensor_CupSensorUnit.c ****     sensorUnit->baseline = -1;
  56              		.loc 1 21 0
  57 001e 4FF6FF73 		movw	r3, #65535
  58 0022 6380     		strh	r3, [r4, #2]	@ movhi
  22:Generated_Source\PSoC5/CupSensor_CupSensorUnit.c ****     sensorUnit->placed_baseline = -1;
  59              		.loc 1 22 0
  60 0024 A380     		strh	r3, [r4, #4]	@ movhi
  61 0026 38BD     		pop	{r3, r4, r5, pc}
  62              		.cfi_endproc
  63              	.LFE64:
  64              		.size	CupSensorUnit_init, .-CupSensorUnit_init
  65              		.global	__aeabi_fcmpge
  66              		.global	__aeabi_f2iz
  67              		.global	__aeabi_fcmpeq
  68              		.global	__aeabi_i2f
  69              		.global	__aeabi_fsub
  70              		.section	.text.CupSensorUnit_calculateBaselines,"ax",%progbits
  71              		.align	2
  72              		.global	CupSensorUnit_calculateBaselines
  73              		.thumb
  74              		.thumb_func
  75              		.type	CupSensorUnit_calculateBaselines, %function
  76              	CupSensorUnit_calculateBaselines:
  77              	.LFB65:
  23:Generated_Source\PSoC5/CupSensor_CupSensorUnit.c **** 
  24:Generated_Source\PSoC5/CupSensor_CupSensorUnit.c **** }
  25:Generated_Source\PSoC5/CupSensor_CupSensorUnit.c **** 
  26:Generated_Source\PSoC5/CupSensor_CupSensorUnit.c **** void CupSensorUnit_calculateBaselines(struct CupSensorUnit* sensorUnit)
  27:Generated_Source\PSoC5/CupSensor_CupSensorUnit.c **** {
  78              		.loc 1 27 0
  79              		.cfi_startproc
  80              		@ args = 0, pretend = 0, frame = 0
  81              		@ frame_needed = 0, uses_anonymous_args = 0
  82              	.LVL5:
  83 0000 38B5     		push	{r3, r4, r5, lr}
  84              		.cfi_def_cfa_offset 16
  85              		.cfi_offset 3, -16
  86              		.cfi_offset 4, -12
  87              		.cfi_offset 5, -8
ARM GAS  C:\Users\nikol\AppData\Local\Temp\cc8De1tr.s 			page 3


  88              		.cfi_offset 14, -4
  89 0002 0446     		mov	r4, r0
  28:Generated_Source\PSoC5/CupSensor_CupSensorUnit.c ****     switch (sensorUnit->state)
  90              		.loc 1 28 0
  91 0004 0378     		ldrb	r3, [r0]	@ zero_extendqisi2
  92 0006 13B1     		cbz	r3, .L5
  93 0008 022B     		cmp	r3, #2
  94 000a 12D0     		beq	.L6
  95 000c 38BD     		pop	{r3, r4, r5, pc}
  96              	.L5:
  29:Generated_Source\PSoC5/CupSensor_CupSensorUnit.c ****     {
  30:Generated_Source\PSoC5/CupSensor_CupSensorUnit.c ****         case NOT_PLACED:
  31:Generated_Source\PSoC5/CupSensor_CupSensorUnit.c ****         {
  32:Generated_Source\PSoC5/CupSensor_CupSensorUnit.c ****             if (sensorUnit->averageBuffer.reset == 0)
  97              		.loc 1 32 0
  98 000e 90F92E38 		ldrsb	r3, [r0, #2094]
  99 0012 53B9     		cbnz	r3, .L7
  33:Generated_Source\PSoC5/CupSensor_CupSensorUnit.c ****             {
  34:Generated_Source\PSoC5/CupSensor_CupSensorUnit.c ****                 if(sensorUnit->averageBuffer.average >= 0)
 100              		.loc 1 34 0
 101 0014 D0F82858 		ldr	r5, [r0, #2088]	@ float
 102 0018 0021     		movs	r1, #0
 103 001a 2846     		mov	r0, r5
 104              	.LVL6:
 105 001c FFF7FEFF 		bl	__aeabi_fcmpge
 106              	.LVL7:
 107 0020 18B1     		cbz	r0, .L7
  35:Generated_Source\PSoC5/CupSensor_CupSensorUnit.c ****                 {
  36:Generated_Source\PSoC5/CupSensor_CupSensorUnit.c ****                     sensorUnit->baseline = sensorUnit->averageBuffer.average;
 108              		.loc 1 36 0
 109 0022 2846     		mov	r0, r5
 110 0024 FFF7FEFF 		bl	__aeabi_f2iz
 111              	.LVL8:
 112 0028 6080     		strh	r0, [r4, #2]	@ movhi
 113              	.L7:
  37:Generated_Source\PSoC5/CupSensor_CupSensorUnit.c ****                 }
  38:Generated_Source\PSoC5/CupSensor_CupSensorUnit.c ****             }
  39:Generated_Source\PSoC5/CupSensor_CupSensorUnit.c ****             sensorUnit->placed_baseline = -1;
 114              		.loc 1 39 0
 115 002a 4FF6FF73 		movw	r3, #65535
 116 002e A380     		strh	r3, [r4, #4]	@ movhi
  40:Generated_Source\PSoC5/CupSensor_CupSensorUnit.c ****         }    
  41:Generated_Source\PSoC5/CupSensor_CupSensorUnit.c ****         break;
 117              		.loc 1 41 0
 118 0030 38BD     		pop	{r3, r4, r5, pc}
 119              	.LVL9:
 120              	.L6:
  42:Generated_Source\PSoC5/CupSensor_CupSensorUnit.c ****         
  43:Generated_Source\PSoC5/CupSensor_CupSensorUnit.c ****         case PLACED:
  44:Generated_Source\PSoC5/CupSensor_CupSensorUnit.c ****         {
  45:Generated_Source\PSoC5/CupSensor_CupSensorUnit.c ****             if (sensorUnit->averageBuffer.reset == 0 || sensorUnit->averageBuffer.index > 70)
 121              		.loc 1 45 0
 122 0032 90F92E38 		ldrsb	r3, [r0, #2094]
 123 0036 1BB1     		cbz	r3, .L9
 124              		.loc 1 45 0 is_stmt 0 discriminator 1
 125 0038 B0F82438 		ldrh	r3, [r0, #2084]
 126 003c 462B     		cmp	r3, #70
ARM GAS  C:\Users\nikol\AppData\Local\Temp\cc8De1tr.s 			page 4


 127 003e 12D9     		bls	.L10
 128              	.L9:
  46:Generated_Source\PSoC5/CupSensor_CupSensorUnit.c ****             {
  47:Generated_Source\PSoC5/CupSensor_CupSensorUnit.c ****                 if(sensorUnit->averageBuffer.average)
 129              		.loc 1 47 0 is_stmt 1
 130 0040 D4F82858 		ldr	r5, [r4, #2088]	@ float
 131 0044 0021     		movs	r1, #0
 132 0046 2846     		mov	r0, r5
 133              	.LVL10:
 134 0048 FFF7FEFF 		bl	__aeabi_fcmpeq
 135              	.LVL11:
 136 004c 70B9     		cbnz	r0, .L3
  48:Generated_Source\PSoC5/CupSensor_CupSensorUnit.c ****                 {
  49:Generated_Source\PSoC5/CupSensor_CupSensorUnit.c ****                     sensorUnit->placed_baseline = sensorUnit->averageBuffer.average - sensorUnit->b
 137              		.loc 1 49 0
 138 004e B4F90200 		ldrsh	r0, [r4, #2]
 139 0052 FFF7FEFF 		bl	__aeabi_i2f
 140              	.LVL12:
 141 0056 0146     		mov	r1, r0
 142 0058 2846     		mov	r0, r5
 143 005a FFF7FEFF 		bl	__aeabi_fsub
 144              	.LVL13:
 145 005e FFF7FEFF 		bl	__aeabi_f2iz
 146              	.LVL14:
 147 0062 A080     		strh	r0, [r4, #4]	@ movhi
 148 0064 38BD     		pop	{r3, r4, r5, pc}
 149              	.LVL15:
 150              	.L10:
  50:Generated_Source\PSoC5/CupSensor_CupSensorUnit.c ****                 }
  51:Generated_Source\PSoC5/CupSensor_CupSensorUnit.c ****             }
  52:Generated_Source\PSoC5/CupSensor_CupSensorUnit.c ****             else
  53:Generated_Source\PSoC5/CupSensor_CupSensorUnit.c ****             {
  54:Generated_Source\PSoC5/CupSensor_CupSensorUnit.c ****                 sensorUnit->placed_baseline = -1;
 151              		.loc 1 54 0
 152 0066 4FF6FF73 		movw	r3, #65535
 153 006a 8380     		strh	r3, [r0, #4]	@ movhi
 154              	.LVL16:
 155              	.L3:
 156 006c 38BD     		pop	{r3, r4, r5, pc}
 157              		.cfi_endproc
 158              	.LFE65:
 159              		.size	CupSensorUnit_calculateBaselines, .-CupSensorUnit_calculateBaselines
 160              		.global	__aeabi_fmul
 161              		.global	__aeabi_fcmpgt
 162 006e 00BF     		.section	.text.CupSensorUnit_updateState,"ax",%progbits
 163              		.align	2
 164              		.global	CupSensorUnit_updateState
 165              		.thumb
 166              		.thumb_func
 167              		.type	CupSensorUnit_updateState, %function
 168              	CupSensorUnit_updateState:
 169              	.LFB66:
  55:Generated_Source\PSoC5/CupSensor_CupSensorUnit.c ****             }
  56:Generated_Source\PSoC5/CupSensor_CupSensorUnit.c ****         }
  57:Generated_Source\PSoC5/CupSensor_CupSensorUnit.c ****         break;
  58:Generated_Source\PSoC5/CupSensor_CupSensorUnit.c ****         default:
  59:Generated_Source\PSoC5/CupSensor_CupSensorUnit.c ****         break;
ARM GAS  C:\Users\nikol\AppData\Local\Temp\cc8De1tr.s 			page 5


  60:Generated_Source\PSoC5/CupSensor_CupSensorUnit.c ****     }
  61:Generated_Source\PSoC5/CupSensor_CupSensorUnit.c **** }
  62:Generated_Source\PSoC5/CupSensor_CupSensorUnit.c **** 
  63:Generated_Source\PSoC5/CupSensor_CupSensorUnit.c **** uint8_t removedCount = 0;
  64:Generated_Source\PSoC5/CupSensor_CupSensorUnit.c **** uint8_t CupSensorUnit_updateState(struct CupSensorUnit* sensorUnit)
  65:Generated_Source\PSoC5/CupSensor_CupSensorUnit.c **** {
 170              		.loc 1 65 0
 171              		.cfi_startproc
 172              		@ args = 0, pretend = 0, frame = 8
 173              		@ frame_needed = 0, uses_anonymous_args = 0
 174              	.LVL17:
 175 0000 2DE9F04F 		push	{r4, r5, r6, r7, r8, r9, r10, fp, lr}
 176              		.cfi_def_cfa_offset 36
 177              		.cfi_offset 4, -36
 178              		.cfi_offset 5, -32
 179              		.cfi_offset 6, -28
 180              		.cfi_offset 7, -24
 181              		.cfi_offset 8, -20
 182              		.cfi_offset 9, -16
 183              		.cfi_offset 10, -12
 184              		.cfi_offset 11, -8
 185              		.cfi_offset 14, -4
 186 0004 83B0     		sub	sp, sp, #12
 187              		.cfi_def_cfa_offset 48
 188 0006 0446     		mov	r4, r0
  66:Generated_Source\PSoC5/CupSensor_CupSensorUnit.c ****     CUP_STATE oldState = sensorUnit->state;
 189              		.loc 1 66 0
 190 0008 0578     		ldrb	r5, [r0]	@ zero_extendqisi2
 191              	.LVL18:
  67:Generated_Source\PSoC5/CupSensor_CupSensorUnit.c ****     uint8_t lastReading;
  68:Generated_Source\PSoC5/CupSensor_CupSensorUnit.c ****     int8_t error = CircularBuffer_getLastReading(&(sensorUnit->averageBuffer), &lastReading);
 192              		.loc 1 68 0
 193 000a 00F22446 		addw	r6, r0, #1060
 194 000e 0DF10701 		add	r1, sp, #7
 195 0012 3046     		mov	r0, r6
 196              	.LVL19:
 197 0014 FFF7FEFF 		bl	CircularBuffer_getLastReading
 198              	.LVL20:
  69:Generated_Source\PSoC5/CupSensor_CupSensorUnit.c ****     if(error == 0){
 199              		.loc 1 69 0
 200 0018 0028     		cmp	r0, #0
 201 001a 5FD1     		bne	.L16
  70:Generated_Source\PSoC5/CupSensor_CupSensorUnit.c ****         if ((sensorUnit->baseline > 0))
 202              		.loc 1 70 0
 203 001c B4F90270 		ldrsh	r7, [r4, #2]
 204 0020 002F     		cmp	r7, #0
 205 0022 5BDD     		ble	.L16
  71:Generated_Source\PSoC5/CupSensor_CupSensorUnit.c ****         {
  72:Generated_Source\PSoC5/CupSensor_CupSensorUnit.c ****             switch (sensorUnit->state)
 206              		.loc 1 72 0
 207 0024 2378     		ldrb	r3, [r4]	@ zero_extendqisi2
 208 0026 042B     		cmp	r3, #4
 209 0028 58D8     		bhi	.L16
 210 002a DFE803F0 		tbb	[pc, r3]
 211              	.L18:
 212 002e 03       		.byte	(.L17-.L18)/2
 213 002f 11       		.byte	(.L19-.L18)/2
ARM GAS  C:\Users\nikol\AppData\Local\Temp\cc8De1tr.s 			page 6


 214 0030 28       		.byte	(.L20-.L18)/2
 215 0031 57       		.byte	(.L16-.L18)/2
 216 0032 48       		.byte	(.L21-.L18)/2
 217 0033 00       		.p2align 1
 218              	.L17:
  73:Generated_Source\PSoC5/CupSensor_CupSensorUnit.c ****             {
  74:Generated_Source\PSoC5/CupSensor_CupSensorUnit.c ****                 case NOT_PLACED:
  75:Generated_Source\PSoC5/CupSensor_CupSensorUnit.c ****                 {
  76:Generated_Source\PSoC5/CupSensor_CupSensorUnit.c ****                     if((lastReading - sensorUnit->baseline) > sensorUnit->placed_trigger && (lastRe
 219              		.loc 1 76 0
 220 0034 9DF80730 		ldrb	r3, [sp, #7]	@ zero_extendqisi2
 221 0038 D91B     		subs	r1, r3, r7
 222 003a A279     		ldrb	r2, [r4, #6]	@ zero_extendqisi2
 223 003c 9142     		cmp	r1, r2
 224 003e 4DDD     		ble	.L16
 225              		.loc 1 76 0 is_stmt 0 discriminator 1
 226 0040 BB42     		cmp	r3, r7
 227 0042 4BDD     		ble	.L16
  77:Generated_Source\PSoC5/CupSensor_CupSensorUnit.c ****                     {
  78:Generated_Source\PSoC5/CupSensor_CupSensorUnit.c ****                         sensorUnit->state = VALIDATING_PLACED;
 228              		.loc 1 78 0 is_stmt 1
 229 0044 0123     		movs	r3, #1
 230 0046 2370     		strb	r3, [r4]
  79:Generated_Source\PSoC5/CupSensor_CupSensorUnit.c ****                         CircularBuffer_resetBuffer(&(sensorUnit->averageBuffer));
 231              		.loc 1 79 0
 232 0048 3046     		mov	r0, r6
 233              	.LVL21:
 234 004a FFF7FEFF 		bl	CircularBuffer_resetBuffer
 235              	.LVL22:
 236 004e 45E0     		b	.L16
 237              	.LVL23:
 238              	.L19:
  80:Generated_Source\PSoC5/CupSensor_CupSensorUnit.c ****                     }
  81:Generated_Source\PSoC5/CupSensor_CupSensorUnit.c ****           
  82:Generated_Source\PSoC5/CupSensor_CupSensorUnit.c ****                 }
  83:Generated_Source\PSoC5/CupSensor_CupSensorUnit.c ****                 break;
  84:Generated_Source\PSoC5/CupSensor_CupSensorUnit.c ****                 case VALIDATING_PLACED:
  85:Generated_Source\PSoC5/CupSensor_CupSensorUnit.c ****                 {
  86:Generated_Source\PSoC5/CupSensor_CupSensorUnit.c ****                     if((lastReading - sensorUnit->baseline) < sensorUnit->removed_trigger || (lastR
 239              		.loc 1 86 0
 240 0050 9DF80730 		ldrb	r3, [sp, #7]	@ zero_extendqisi2
 241 0054 D91B     		subs	r1, r3, r7
 242 0056 E279     		ldrb	r2, [r4, #7]	@ zero_extendqisi2
 243 0058 9142     		cmp	r1, r2
 244 005a 01DB     		blt	.L22
 245              		.loc 1 86 0 is_stmt 0 discriminator 1
 246 005c BB42     		cmp	r3, r7
 247 005e 04DA     		bge	.L23
 248              	.L22:
  87:Generated_Source\PSoC5/CupSensor_CupSensorUnit.c ****                     {
  88:Generated_Source\PSoC5/CupSensor_CupSensorUnit.c ****                         sensorUnit->state = NOT_PLACED;
 249              		.loc 1 88 0 is_stmt 1
 250 0060 0023     		movs	r3, #0
 251 0062 2370     		strb	r3, [r4]
  89:Generated_Source\PSoC5/CupSensor_CupSensorUnit.c ****                         CircularBuffer_resetBuffer(&(sensorUnit->averageBuffer));
 252              		.loc 1 89 0
 253 0064 3046     		mov	r0, r6
ARM GAS  C:\Users\nikol\AppData\Local\Temp\cc8De1tr.s 			page 7


 254              	.LVL24:
 255 0066 FFF7FEFF 		bl	CircularBuffer_resetBuffer
 256              	.LVL25:
 257              	.L23:
  90:Generated_Source\PSoC5/CupSensor_CupSensorUnit.c ****                     }
  91:Generated_Source\PSoC5/CupSensor_CupSensorUnit.c ****                     if(sensorUnit->averageBuffer.index >= 25)
 258              		.loc 1 91 0
 259 006a B4F82438 		ldrh	r3, [r4, #2084]
 260 006e 182B     		cmp	r3, #24
 261 0070 34D9     		bls	.L16
  92:Generated_Source\PSoC5/CupSensor_CupSensorUnit.c ****                     {
  93:Generated_Source\PSoC5/CupSensor_CupSensorUnit.c ****                         sensorUnit->state = PLACED;
 262              		.loc 1 93 0
 263 0072 0223     		movs	r3, #2
 264 0074 2370     		strb	r3, [r4]
  94:Generated_Source\PSoC5/CupSensor_CupSensorUnit.c ****                         CircularBuffer_resetBuffer(&(sensorUnit->averageBuffer));    
 265              		.loc 1 94 0
 266 0076 3046     		mov	r0, r6
 267 0078 FFF7FEFF 		bl	CircularBuffer_resetBuffer
 268              	.LVL26:
 269 007c 2EE0     		b	.L16
 270              	.LVL27:
 271              	.L20:
  95:Generated_Source\PSoC5/CupSensor_CupSensorUnit.c ****                     }
  96:Generated_Source\PSoC5/CupSensor_CupSensorUnit.c ****                 }
  97:Generated_Source\PSoC5/CupSensor_CupSensorUnit.c ****                 break;
  98:Generated_Source\PSoC5/CupSensor_CupSensorUnit.c ****                 
  99:Generated_Source\PSoC5/CupSensor_CupSensorUnit.c ****                 case PLACED:
 100:Generated_Source\PSoC5/CupSensor_CupSensorUnit.c ****                 {
 101:Generated_Source\PSoC5/CupSensor_CupSensorUnit.c ****                     if(((lastReading - sensorUnit->baseline) > (sensorUnit->hit_trigger * sensorUni
 272              		.loc 1 101 0
 273 007e 9DF80790 		ldrb	r9, [sp, #7]	@ zero_extendqisi2
 274 0082 C7EB0900 		rsb	r0, r7, r9
 275              	.LVL28:
 276 0086 FFF7FEFF 		bl	__aeabi_i2f
 277              	.LVL29:
 278 008a 8246     		mov	r10, r0
 279 008c D4F808B0 		ldr	fp, [r4, #8]	@ float
 280 0090 B4F90480 		ldrsh	r8, [r4, #4]
 281 0094 4046     		mov	r0, r8
 282 0096 FFF7FEFF 		bl	__aeabi_i2f
 283              	.LVL30:
 284 009a 5946     		mov	r1, fp
 285 009c FFF7FEFF 		bl	__aeabi_fmul
 286              	.LVL31:
 287 00a0 0146     		mov	r1, r0
 288 00a2 5046     		mov	r0, r10
 289 00a4 FFF7FEFF 		bl	__aeabi_fcmpgt
 290              	.LVL32:
 291 00a8 48B1     		cbz	r0, .L21
 292              		.loc 1 101 0 is_stmt 0 discriminator 1
 293 00aa B8F1000F 		cmp	r8, #0
 294 00ae 06DD     		ble	.L21
 295              		.loc 1 101 0 discriminator 2
 296 00b0 B945     		cmp	r9, r7
 297 00b2 04DD     		ble	.L21
 102:Generated_Source\PSoC5/CupSensor_CupSensorUnit.c ****                     {
ARM GAS  C:\Users\nikol\AppData\Local\Temp\cc8De1tr.s 			page 8


 103:Generated_Source\PSoC5/CupSensor_CupSensorUnit.c ****                         sensorUnit->state = HIT;
 298              		.loc 1 103 0 is_stmt 1
 299 00b4 0423     		movs	r3, #4
 300 00b6 2370     		strb	r3, [r4]
 104:Generated_Source\PSoC5/CupSensor_CupSensorUnit.c ****                         CircularBuffer_resetBuffer(&(sensorUnit->averageBuffer));
 301              		.loc 1 104 0
 302 00b8 3046     		mov	r0, r6
 303 00ba FFF7FEFF 		bl	CircularBuffer_resetBuffer
 304              	.LVL33:
 305              	.L21:
 105:Generated_Source\PSoC5/CupSensor_CupSensorUnit.c ****                     }
 106:Generated_Source\PSoC5/CupSensor_CupSensorUnit.c ****                 }
 107:Generated_Source\PSoC5/CupSensor_CupSensorUnit.c ****                 case HIT:
 108:Generated_Source\PSoC5/CupSensor_CupSensorUnit.c ****                 {
 109:Generated_Source\PSoC5/CupSensor_CupSensorUnit.c ****                     if(((lastReading - sensorUnit->baseline) < sensorUnit->removed_trigger) || (las
 306              		.loc 1 109 0
 307 00be 9DF80720 		ldrb	r2, [sp, #7]	@ zero_extendqisi2
 308 00c2 B4F90230 		ldrsh	r3, [r4, #2]
 309 00c6 D01A     		subs	r0, r2, r3
 310 00c8 E179     		ldrb	r1, [r4, #7]	@ zero_extendqisi2
 311 00ca 8842     		cmp	r0, r1
 312 00cc 01DB     		blt	.L25
 313              		.loc 1 109 0 is_stmt 0 discriminator 1
 314 00ce 9A42     		cmp	r2, r3
 315 00d0 04DA     		bge	.L16
 316              	.L25:
 110:Generated_Source\PSoC5/CupSensor_CupSensorUnit.c ****                     {
 111:Generated_Source\PSoC5/CupSensor_CupSensorUnit.c ****                         sensorUnit->state = NOT_PLACED;
 317              		.loc 1 111 0 is_stmt 1
 318 00d2 0023     		movs	r3, #0
 319 00d4 2370     		strb	r3, [r4]
 112:Generated_Source\PSoC5/CupSensor_CupSensorUnit.c ****                         CircularBuffer_resetBuffer(&(sensorUnit->averageBuffer));
 320              		.loc 1 112 0
 321 00d6 3046     		mov	r0, r6
 322 00d8 FFF7FEFF 		bl	CircularBuffer_resetBuffer
 323              	.LVL34:
 324              	.L16:
 113:Generated_Source\PSoC5/CupSensor_CupSensorUnit.c ****                     }
 114:Generated_Source\PSoC5/CupSensor_CupSensorUnit.c ****                 }
 115:Generated_Source\PSoC5/CupSensor_CupSensorUnit.c ****                 break;
 116:Generated_Source\PSoC5/CupSensor_CupSensorUnit.c ****             }
 117:Generated_Source\PSoC5/CupSensor_CupSensorUnit.c ****         }
 118:Generated_Source\PSoC5/CupSensor_CupSensorUnit.c ****     }
 119:Generated_Source\PSoC5/CupSensor_CupSensorUnit.c ****     if(oldState == sensorUnit->state)
 325              		.loc 1 119 0
 326 00dc 2378     		ldrb	r3, [r4]	@ zero_extendqisi2
 327 00de 9D42     		cmp	r5, r3
 328 00e0 04D0     		beq	.L27
 120:Generated_Source\PSoC5/CupSensor_CupSensorUnit.c ****     {
 121:Generated_Source\PSoC5/CupSensor_CupSensorUnit.c ****         return 0;    
 122:Generated_Source\PSoC5/CupSensor_CupSensorUnit.c ****     }
 123:Generated_Source\PSoC5/CupSensor_CupSensorUnit.c ****     else
 124:Generated_Source\PSoC5/CupSensor_CupSensorUnit.c ****     {
 125:Generated_Source\PSoC5/CupSensor_CupSensorUnit.c ****         if(oldState == VALIDATING_PLACED && sensorUnit->state == NOT_PLACED)
 329              		.loc 1 125 0
 330 00e2 012D     		cmp	r5, #1
 331 00e4 04D1     		bne	.L28
ARM GAS  C:\Users\nikol\AppData\Local\Temp\cc8De1tr.s 			page 9


 332              		.loc 1 125 0 is_stmt 0 discriminator 1
 333 00e6 2BB1     		cbz	r3, .L29
 126:Generated_Source\PSoC5/CupSensor_CupSensorUnit.c ****         {
 127:Generated_Source\PSoC5/CupSensor_CupSensorUnit.c ****             return 0;    
 128:Generated_Source\PSoC5/CupSensor_CupSensorUnit.c ****         }
 129:Generated_Source\PSoC5/CupSensor_CupSensorUnit.c ****         else
 130:Generated_Source\PSoC5/CupSensor_CupSensorUnit.c ****         {
 131:Generated_Source\PSoC5/CupSensor_CupSensorUnit.c ****             return 1;   
 334              		.loc 1 131 0 is_stmt 1
 335 00e8 0120     		movs	r0, #1
 336 00ea 04E0     		b	.L26
 337              	.L27:
 121:Generated_Source\PSoC5/CupSensor_CupSensorUnit.c ****     }
 338              		.loc 1 121 0
 339 00ec 0020     		movs	r0, #0
 340 00ee 02E0     		b	.L26
 341              	.L28:
 342              		.loc 1 131 0
 343 00f0 0120     		movs	r0, #1
 344 00f2 00E0     		b	.L26
 345              	.L29:
 127:Generated_Source\PSoC5/CupSensor_CupSensorUnit.c ****         }
 346              		.loc 1 127 0
 347 00f4 0020     		movs	r0, #0
 348              	.L26:
 132:Generated_Source\PSoC5/CupSensor_CupSensorUnit.c ****         }
 133:Generated_Source\PSoC5/CupSensor_CupSensorUnit.c ****     }
 134:Generated_Source\PSoC5/CupSensor_CupSensorUnit.c **** }
 349              		.loc 1 134 0
 350 00f6 03B0     		add	sp, sp, #12
 351              		.cfi_def_cfa_offset 36
 352              		@ sp needed
 353 00f8 BDE8F08F 		pop	{r4, r5, r6, r7, r8, r9, r10, fp, pc}
 354              		.cfi_endproc
 355              	.LFE66:
 356              		.size	CupSensorUnit_updateState, .-CupSensorUnit_updateState
 357              		.section	.text.CupSensorUnit_insertReading,"ax",%progbits
 358              		.align	2
 359              		.global	CupSensorUnit_insertReading
 360              		.thumb
 361              		.thumb_func
 362              		.type	CupSensorUnit_insertReading, %function
 363              	CupSensorUnit_insertReading:
 364              	.LFB67:
 135:Generated_Source\PSoC5/CupSensor_CupSensorUnit.c **** 
 136:Generated_Source\PSoC5/CupSensor_CupSensorUnit.c **** uint8_t CupSensorUnit_insertReading(struct CupSensorUnit* sensorUnit, uint8_t reading)
 137:Generated_Source\PSoC5/CupSensor_CupSensorUnit.c **** {
 365              		.loc 1 137 0
 366              		.cfi_startproc
 367              		@ args = 0, pretend = 0, frame = 0
 368              		@ frame_needed = 0, uses_anonymous_args = 0
 369              	.LVL35:
 370 0000 38B5     		push	{r3, r4, r5, lr}
 371              		.cfi_def_cfa_offset 16
 372              		.cfi_offset 3, -16
 373              		.cfi_offset 4, -12
 374              		.cfi_offset 5, -8
ARM GAS  C:\Users\nikol\AppData\Local\Temp\cc8De1tr.s 			page 10


 375              		.cfi_offset 14, -4
 376 0002 0446     		mov	r4, r0
 138:Generated_Source\PSoC5/CupSensor_CupSensorUnit.c ****     
 139:Generated_Source\PSoC5/CupSensor_CupSensorUnit.c ****     CircularBuffer_insertReading(&(sensorUnit->averageBuffer), reading);
 377              		.loc 1 139 0
 378 0004 00F22445 		addw	r5, r0, #1060
 379 0008 2846     		mov	r0, r5
 380              	.LVL36:
 381 000a FFF7FEFF 		bl	CircularBuffer_insertReading
 382              	.LVL37:
 140:Generated_Source\PSoC5/CupSensor_CupSensorUnit.c ****     CircularBuffer_calculateMinMax(&(sensorUnit->averageBuffer));
 383              		.loc 1 140 0
 384 000e 2846     		mov	r0, r5
 385 0010 FFF7FEFF 		bl	CircularBuffer_calculateMinMax
 386              	.LVL38:
 141:Generated_Source\PSoC5/CupSensor_CupSensorUnit.c ****     uint8_t stateChanged = CupSensorUnit_updateState(sensorUnit);
 387              		.loc 1 141 0
 388 0014 2046     		mov	r0, r4
 389 0016 FFF7FEFF 		bl	CupSensorUnit_updateState
 390              	.LVL39:
 391 001a 0546     		mov	r5, r0
 392              	.LVL40:
 142:Generated_Source\PSoC5/CupSensor_CupSensorUnit.c ****     CupSensorUnit_calculateBaselines(sensorUnit);
 393              		.loc 1 142 0
 394 001c 2046     		mov	r0, r4
 395 001e FFF7FEFF 		bl	CupSensorUnit_calculateBaselines
 396              	.LVL41:
 143:Generated_Source\PSoC5/CupSensor_CupSensorUnit.c ****     return stateChanged;
 144:Generated_Source\PSoC5/CupSensor_CupSensorUnit.c **** 
 145:Generated_Source\PSoC5/CupSensor_CupSensorUnit.c ****     
 146:Generated_Source\PSoC5/CupSensor_CupSensorUnit.c **** }
 397              		.loc 1 146 0
 398 0022 2846     		mov	r0, r5
 399 0024 38BD     		pop	{r3, r4, r5, pc}
 400              		.cfi_endproc
 401              	.LFE67:
 402              		.size	CupSensorUnit_insertReading, .-CupSensorUnit_insertReading
 403              		.global	removedCount
 404 0026 00BF     		.bss
 405              		.type	removedCount, %object
 406              		.size	removedCount, 1
 407              	removedCount:
 408 0000 00       		.space	1
 409              		.text
 410              	.Letext0:
 411              		.file 2 "c:\\program files (x86)\\cypress\\psoc creator\\4.2\\psoc creator\\import\\gnu\\arm\\5.4.
 412              		.file 3 "c:\\program files (x86)\\cypress\\psoc creator\\4.2\\psoc creator\\import\\gnu\\arm\\5.4.
 413              		.file 4 "Generated_Source\\PSoC5/CupSensor_CircularBuffer.h"
 414              		.file 5 "Generated_Source\\PSoC5/CupSensor_CupSensorUnit.h"
 415              		.file 6 "Generated_Source\\PSoC5/core_cm3.h"
 416              		.section	.debug_info,"",%progbits
 417              	.Ldebug_info0:
 418 0000 A3040000 		.4byte	0x4a3
 419 0004 0400     		.2byte	0x4
 420 0006 00000000 		.4byte	.Ldebug_abbrev0
 421 000a 04       		.byte	0x4
 422 000b 01       		.uleb128 0x1
ARM GAS  C:\Users\nikol\AppData\Local\Temp\cc8De1tr.s 			page 11


 423 000c EC030000 		.4byte	.LASF66
 424 0010 0C       		.byte	0xc
 425 0011 85020000 		.4byte	.LASF67
 426 0015 18010000 		.4byte	.LASF68
 427 0019 00000000 		.4byte	.Ldebug_ranges0+0
 428 001d 00000000 		.4byte	0
 429 0021 00000000 		.4byte	.Ldebug_line0
 430 0025 02       		.uleb128 0x2
 431 0026 C9020000 		.4byte	.LASF0
 432 002a 02       		.byte	0x2
 433 002b 1B       		.byte	0x1b
 434 002c 30000000 		.4byte	0x30
 435 0030 03       		.uleb128 0x3
 436 0031 01       		.byte	0x1
 437 0032 06       		.byte	0x6
 438 0033 EA010000 		.4byte	.LASF2
 439 0037 02       		.uleb128 0x2
 440 0038 84040000 		.4byte	.LASF1
 441 003c 02       		.byte	0x2
 442 003d 1D       		.byte	0x1d
 443 003e 42000000 		.4byte	0x42
 444 0042 03       		.uleb128 0x3
 445 0043 01       		.byte	0x1
 446 0044 08       		.byte	0x8
 447 0045 BB010000 		.4byte	.LASF3
 448 0049 02       		.uleb128 0x2
 449 004a 00000000 		.4byte	.LASF4
 450 004e 02       		.byte	0x2
 451 004f 29       		.byte	0x29
 452 0050 54000000 		.4byte	0x54
 453 0054 03       		.uleb128 0x3
 454 0055 02       		.byte	0x2
 455 0056 05       		.byte	0x5
 456 0057 1F000000 		.4byte	.LASF5
 457 005b 02       		.uleb128 0x2
 458 005c 66000000 		.4byte	.LASF6
 459 0060 02       		.byte	0x2
 460 0061 2B       		.byte	0x2b
 461 0062 66000000 		.4byte	0x66
 462 0066 03       		.uleb128 0x3
 463 0067 02       		.byte	0x2
 464 0068 07       		.byte	0x7
 465 0069 B6020000 		.4byte	.LASF7
 466 006d 02       		.uleb128 0x2
 467 006e 91030000 		.4byte	.LASF8
 468 0072 02       		.byte	0x2
 469 0073 3F       		.byte	0x3f
 470 0074 78000000 		.4byte	0x78
 471 0078 03       		.uleb128 0x3
 472 0079 04       		.byte	0x4
 473 007a 05       		.byte	0x5
 474 007b D3000000 		.4byte	.LASF9
 475 007f 02       		.uleb128 0x2
 476 0080 3E000000 		.4byte	.LASF10
 477 0084 02       		.byte	0x2
 478 0085 41       		.byte	0x41
 479 0086 8A000000 		.4byte	0x8a
ARM GAS  C:\Users\nikol\AppData\Local\Temp\cc8De1tr.s 			page 12


 480 008a 03       		.uleb128 0x3
 481 008b 04       		.byte	0x4
 482 008c 07       		.byte	0x7
 483 008d 35020000 		.4byte	.LASF11
 484 0091 03       		.uleb128 0x3
 485 0092 08       		.byte	0x8
 486 0093 05       		.byte	0x5
 487 0094 B6000000 		.4byte	.LASF12
 488 0098 03       		.uleb128 0x3
 489 0099 08       		.byte	0x8
 490 009a 07       		.byte	0x7
 491 009b F6010000 		.4byte	.LASF13
 492 009f 04       		.uleb128 0x4
 493 00a0 04       		.byte	0x4
 494 00a1 05       		.byte	0x5
 495 00a2 696E7400 		.ascii	"int\000"
 496 00a6 03       		.uleb128 0x3
 497 00a7 04       		.byte	0x4
 498 00a8 07       		.byte	0x7
 499 00a9 1F020000 		.4byte	.LASF14
 500 00ad 02       		.uleb128 0x2
 501 00ae 0A000000 		.4byte	.LASF15
 502 00b2 03       		.byte	0x3
 503 00b3 14       		.byte	0x14
 504 00b4 25000000 		.4byte	0x25
 505 00b8 02       		.uleb128 0x2
 506 00b9 9B030000 		.4byte	.LASF16
 507 00bd 03       		.byte	0x3
 508 00be 18       		.byte	0x18
 509 00bf 37000000 		.4byte	0x37
 510 00c3 02       		.uleb128 0x2
 511 00c4 02030000 		.4byte	.LASF17
 512 00c8 03       		.byte	0x3
 513 00c9 20       		.byte	0x20
 514 00ca 49000000 		.4byte	0x49
 515 00ce 02       		.uleb128 0x2
 516 00cf 2C020000 		.4byte	.LASF18
 517 00d3 03       		.byte	0x3
 518 00d4 24       		.byte	0x24
 519 00d5 5B000000 		.4byte	0x5b
 520 00d9 02       		.uleb128 0x2
 521 00da FA020000 		.4byte	.LASF19
 522 00de 03       		.byte	0x3
 523 00df 2C       		.byte	0x2c
 524 00e0 6D000000 		.4byte	0x6d
 525 00e4 02       		.uleb128 0x2
 526 00e5 0D020000 		.4byte	.LASF20
 527 00e9 03       		.byte	0x3
 528 00ea 30       		.byte	0x30
 529 00eb 7F000000 		.4byte	0x7f
 530 00ef 03       		.uleb128 0x3
 531 00f0 04       		.byte	0x4
 532 00f1 04       		.byte	0x4
 533 00f2 B0000000 		.4byte	.LASF21
 534 00f6 03       		.uleb128 0x3
 535 00f7 08       		.byte	0x8
 536 00f8 04       		.byte	0x4
ARM GAS  C:\Users\nikol\AppData\Local\Temp\cc8De1tr.s 			page 13


 537 00f9 4B030000 		.4byte	.LASF22
 538 00fd 03       		.uleb128 0x3
 539 00fe 01       		.byte	0x1
 540 00ff 08       		.byte	0x8
 541 0100 D2020000 		.4byte	.LASF23
 542 0104 03       		.uleb128 0x3
 543 0105 08       		.byte	0x8
 544 0106 04       		.byte	0x4
 545 0107 AF010000 		.4byte	.LASF24
 546 010b 03       		.uleb128 0x3
 547 010c 04       		.byte	0x4
 548 010d 07       		.byte	0x7
 549 010e 29000000 		.4byte	.LASF25
 550 0112 05       		.uleb128 0x5
 551 0113 C4000000 		.4byte	.LASF36
 552 0117 1404     		.2byte	0x414
 553 0119 04       		.byte	0x4
 554 011a 14       		.byte	0x14
 555 011b 87010000 		.4byte	0x187
 556 011f 06       		.uleb128 0x6
 557 0120 10030000 		.4byte	.LASF26
 558 0124 04       		.byte	0x4
 559 0125 15       		.byte	0x15
 560 0126 87010000 		.4byte	0x187
 561 012a 00       		.byte	0
 562 012b 07       		.uleb128 0x7
 563 012c 9E000000 		.4byte	.LASF27
 564 0130 04       		.byte	0x4
 565 0131 16       		.byte	0x16
 566 0132 CE000000 		.4byte	0xce
 567 0136 0004     		.2byte	0x400
 568 0138 07       		.uleb128 0x7
 569 0139 17000000 		.4byte	.LASF28
 570 013d 04       		.byte	0x4
 571 013e 17       		.byte	0x17
 572 013f EF000000 		.4byte	0xef
 573 0143 0404     		.2byte	0x404
 574 0145 08       		.uleb128 0x8
 575 0146 6D696E00 		.ascii	"min\000"
 576 014a 04       		.byte	0x4
 577 014b 18       		.byte	0x18
 578 014c B8000000 		.4byte	0xb8
 579 0150 0804     		.2byte	0x408
 580 0152 08       		.uleb128 0x8
 581 0153 6D617800 		.ascii	"max\000"
 582 0157 04       		.byte	0x4
 583 0158 19       		.byte	0x19
 584 0159 B8000000 		.4byte	0xb8
 585 015d 0904     		.2byte	0x409
 586 015f 07       		.uleb128 0x7
 587 0160 0A030000 		.4byte	.LASF29
 588 0164 04       		.byte	0x4
 589 0165 1A       		.byte	0x1a
 590 0166 AD000000 		.4byte	0xad
 591 016a 0A04     		.2byte	0x40a
 592 016c 08       		.uleb128 0x8
 593 016d 73756D00 		.ascii	"sum\000"
ARM GAS  C:\Users\nikol\AppData\Local\Temp\cc8De1tr.s 			page 14


 594 0171 04       		.byte	0x4
 595 0172 1B       		.byte	0x1b
 596 0173 E4000000 		.4byte	0xe4
 597 0177 0C04     		.2byte	0x40c
 598 0179 07       		.uleb128 0x7
 599 017a 6E030000 		.4byte	.LASF30
 600 017e 04       		.byte	0x4
 601 017f 1C       		.byte	0x1c
 602 0180 CE000000 		.4byte	0xce
 603 0184 1004     		.2byte	0x410
 604 0186 00       		.byte	0
 605 0187 09       		.uleb128 0x9
 606 0188 B8000000 		.4byte	0xb8
 607 018c 98010000 		.4byte	0x198
 608 0190 0A       		.uleb128 0xa
 609 0191 0B010000 		.4byte	0x10b
 610 0195 FF03     		.2byte	0x3ff
 611 0197 00       		.byte	0
 612 0198 0B       		.uleb128 0xb
 613 0199 01       		.byte	0x1
 614 019a 42000000 		.4byte	0x42
 615 019e 05       		.byte	0x5
 616 019f 14       		.byte	0x14
 617 01a0 C3010000 		.4byte	0x1c3
 618 01a4 0C       		.uleb128 0xc
 619 01a5 71000000 		.4byte	.LASF31
 620 01a9 00       		.byte	0
 621 01aa 0C       		.uleb128 0xc
 622 01ab 8C000000 		.4byte	.LASF32
 623 01af 01       		.byte	0x1
 624 01b0 0C       		.uleb128 0xc
 625 01b1 7C000000 		.4byte	.LASF33
 626 01b5 02       		.byte	0x2
 627 01b6 0C       		.uleb128 0xc
 628 01b7 47020000 		.4byte	.LASF34
 629 01bb 03       		.byte	0x3
 630 01bc 0D       		.uleb128 0xd
 631 01bd 48495400 		.ascii	"HIT\000"
 632 01c1 04       		.byte	0x4
 633 01c2 00       		.byte	0
 634 01c3 02       		.uleb128 0x2
 635 01c4 7A040000 		.4byte	.LASF35
 636 01c8 05       		.byte	0x5
 637 01c9 1A       		.byte	0x1a
 638 01ca 98010000 		.4byte	0x198
 639 01ce 05       		.uleb128 0x5
 640 01cf A3030000 		.4byte	.LASF37
 641 01d3 3C08     		.2byte	0x83c
 642 01d5 05       		.byte	0x5
 643 01d6 1C       		.byte	0x1c
 644 01d7 56020000 		.4byte	0x256
 645 01db 06       		.uleb128 0x6
 646 01dc 11000000 		.4byte	.LASF38
 647 01e0 05       		.byte	0x5
 648 01e1 1D       		.byte	0x1d
 649 01e2 C3010000 		.4byte	0x1c3
 650 01e6 00       		.byte	0
ARM GAS  C:\Users\nikol\AppData\Local\Temp\cc8De1tr.s 			page 15


 651 01e7 06       		.uleb128 0x6
 652 01e8 83000000 		.4byte	.LASF39
 653 01ec 05       		.byte	0x5
 654 01ed 1E       		.byte	0x1e
 655 01ee C3000000 		.4byte	0xc3
 656 01f2 02       		.byte	0x2
 657 01f3 06       		.uleb128 0x6
 658 01f4 30030000 		.4byte	.LASF40
 659 01f8 05       		.byte	0x5
 660 01f9 1F       		.byte	0x1f
 661 01fa C3000000 		.4byte	0xc3
 662 01fe 04       		.byte	0x4
 663 01ff 06       		.uleb128 0x6
 664 0200 D7020000 		.4byte	.LASF41
 665 0204 05       		.byte	0x5
 666 0205 20       		.byte	0x20
 667 0206 B8000000 		.4byte	0xb8
 668 020a 06       		.byte	0x6
 669 020b 06       		.uleb128 0x6
 670 020c 56020000 		.4byte	.LASF42
 671 0210 05       		.byte	0x5
 672 0211 21       		.byte	0x21
 673 0212 B8000000 		.4byte	0xb8
 674 0216 07       		.byte	0x7
 675 0217 06       		.uleb128 0x6
 676 0218 A4000000 		.4byte	.LASF43
 677 021c 05       		.byte	0x5
 678 021d 22       		.byte	0x22
 679 021e EF000000 		.4byte	0xef
 680 0222 08       		.byte	0x8
 681 0223 06       		.uleb128 0x6
 682 0224 E6020000 		.4byte	.LASF44
 683 0228 05       		.byte	0x5
 684 0229 23       		.byte	0x23
 685 022a EF000000 		.4byte	0xef
 686 022e 0C       		.byte	0xc
 687 022f 06       		.uleb128 0x6
 688 0230 21030000 		.4byte	.LASF45
 689 0234 05       		.byte	0x5
 690 0235 24       		.byte	0x24
 691 0236 12010000 		.4byte	0x112
 692 023a 10       		.byte	0x10
 693 023b 07       		.uleb128 0x7
 694 023c DC000000 		.4byte	.LASF46
 695 0240 05       		.byte	0x5
 696 0241 25       		.byte	0x25
 697 0242 12010000 		.4byte	0x112
 698 0246 2404     		.2byte	0x424
 699 0248 07       		.uleb128 0x7
 700 0249 B7030000 		.4byte	.LASF47
 701 024d 05       		.byte	0x5
 702 024e 26       		.byte	0x26
 703 024f B8000000 		.4byte	0xb8
 704 0253 3808     		.2byte	0x838
 705 0255 00       		.byte	0
 706 0256 0E       		.uleb128 0xe
 707 0257 7E030000 		.4byte	.LASF51
ARM GAS  C:\Users\nikol\AppData\Local\Temp\cc8De1tr.s 			page 16


 708 025b 01       		.byte	0x1
 709 025c 0F       		.byte	0xf
 710 025d 00000000 		.4byte	.LFB64
 711 0261 28000000 		.4byte	.LFE64-.LFB64
 712 0265 01       		.uleb128 0x1
 713 0266 9C       		.byte	0x9c
 714 0267 C4020000 		.4byte	0x2c4
 715 026b 0F       		.uleb128 0xf
 716 026c 40030000 		.4byte	.LASF48
 717 0270 01       		.byte	0x1
 718 0271 0F       		.byte	0xf
 719 0272 C4020000 		.4byte	0x2c4
 720 0276 00000000 		.4byte	.LLST0
 721 027a 0F       		.uleb128 0xf
 722 027b 73030000 		.4byte	.LASF49
 723 027f 01       		.byte	0x1
 724 0280 0F       		.byte	0xf
 725 0281 CE000000 		.4byte	0xce
 726 0285 1E000000 		.4byte	.LLST1
 727 0289 0F       		.uleb128 0xf
 728 028a 32000000 		.4byte	.LASF50
 729 028e 01       		.byte	0x1
 730 028f 0F       		.byte	0xf
 731 0290 CE000000 		.4byte	0xce
 732 0294 3F000000 		.4byte	.LLST2
 733 0298 10       		.uleb128 0x10
 734 0299 10000000 		.4byte	.LVL3
 735 029d 6F040000 		.4byte	0x46f
 736 02a1 AD020000 		.4byte	0x2ad
 737 02a5 11       		.uleb128 0x11
 738 02a6 01       		.uleb128 0x1
 739 02a7 50       		.byte	0x50
 740 02a8 03       		.uleb128 0x3
 741 02a9 74       		.byte	0x74
 742 02aa A408     		.sleb128 1060
 743 02ac 00       		.byte	0
 744 02ad 12       		.uleb128 0x12
 745 02ae 1A000000 		.4byte	.LVL4
 746 02b2 6F040000 		.4byte	0x46f
 747 02b6 11       		.uleb128 0x11
 748 02b7 01       		.uleb128 0x1
 749 02b8 50       		.byte	0x50
 750 02b9 02       		.uleb128 0x2
 751 02ba 74       		.byte	0x74
 752 02bb 10       		.sleb128 16
 753 02bc 11       		.uleb128 0x11
 754 02bd 01       		.uleb128 0x1
 755 02be 51       		.byte	0x51
 756 02bf 02       		.uleb128 0x2
 757 02c0 75       		.byte	0x75
 758 02c1 00       		.sleb128 0
 759 02c2 00       		.byte	0
 760 02c3 00       		.byte	0
 761 02c4 13       		.uleb128 0x13
 762 02c5 04       		.byte	0x4
 763 02c6 CE010000 		.4byte	0x1ce
 764 02ca 14       		.uleb128 0x14
ARM GAS  C:\Users\nikol\AppData\Local\Temp\cc8De1tr.s 			page 17


 765 02cb C9010000 		.4byte	.LASF52
 766 02cf 01       		.byte	0x1
 767 02d0 1A       		.byte	0x1a
 768 02d1 00000000 		.4byte	.LFB65
 769 02d5 6E000000 		.4byte	.LFE65-.LFB65
 770 02d9 01       		.uleb128 0x1
 771 02da 9C       		.byte	0x9c
 772 02db EF020000 		.4byte	0x2ef
 773 02df 0F       		.uleb128 0xf
 774 02e0 40030000 		.4byte	.LASF48
 775 02e4 01       		.byte	0x1
 776 02e5 1A       		.byte	0x1a
 777 02e6 C4020000 		.4byte	0x2c4
 778 02ea 60000000 		.4byte	.LLST3
 779 02ee 00       		.byte	0
 780 02ef 15       		.uleb128 0x15
 781 02f0 FE000000 		.4byte	.LASF56
 782 02f4 01       		.byte	0x1
 783 02f5 40       		.byte	0x40
 784 02f6 B8000000 		.4byte	0xb8
 785 02fa 00000000 		.4byte	.LFB66
 786 02fe FC000000 		.4byte	.LFE66-.LFB66
 787 0302 01       		.uleb128 0x1
 788 0303 9C       		.byte	0x9c
 789 0304 BC030000 		.4byte	0x3bc
 790 0308 0F       		.uleb128 0xf
 791 0309 40030000 		.4byte	.LASF48
 792 030d 01       		.byte	0x1
 793 030e 40       		.byte	0x40
 794 030f C4020000 		.4byte	0x2c4
 795 0313 AA000000 		.4byte	.LLST4
 796 0317 16       		.uleb128 0x16
 797 0318 16020000 		.4byte	.LASF53
 798 031c 01       		.byte	0x1
 799 031d 42       		.byte	0x42
 800 031e C3010000 		.4byte	0x1c3
 801 0322 01       		.uleb128 0x1
 802 0323 55       		.byte	0x55
 803 0324 16       		.uleb128 0x16
 804 0325 15030000 		.4byte	.LASF54
 805 0329 01       		.byte	0x1
 806 032a 43       		.byte	0x43
 807 032b B8000000 		.4byte	0xb8
 808 032f 02       		.uleb128 0x2
 809 0330 91       		.byte	0x91
 810 0331 57       		.sleb128 -41
 811 0332 17       		.uleb128 0x17
 812 0333 B1030000 		.4byte	.LASF55
 813 0337 01       		.byte	0x1
 814 0338 44       		.byte	0x44
 815 0339 AD000000 		.4byte	0xad
 816 033d C8000000 		.4byte	.LLST5
 817 0341 10       		.uleb128 0x10
 818 0342 18000000 		.4byte	.LVL20
 819 0346 7A040000 		.4byte	0x47a
 820 034a 5B030000 		.4byte	0x35b
 821 034e 11       		.uleb128 0x11
ARM GAS  C:\Users\nikol\AppData\Local\Temp\cc8De1tr.s 			page 18


 822 034f 01       		.uleb128 0x1
 823 0350 50       		.byte	0x50
 824 0351 02       		.uleb128 0x2
 825 0352 76       		.byte	0x76
 826 0353 00       		.sleb128 0
 827 0354 11       		.uleb128 0x11
 828 0355 01       		.uleb128 0x1
 829 0356 51       		.byte	0x51
 830 0357 02       		.uleb128 0x2
 831 0358 91       		.byte	0x91
 832 0359 57       		.sleb128 -41
 833 035a 00       		.byte	0
 834 035b 10       		.uleb128 0x10
 835 035c 4E000000 		.4byte	.LVL22
 836 0360 85040000 		.4byte	0x485
 837 0364 6F030000 		.4byte	0x36f
 838 0368 11       		.uleb128 0x11
 839 0369 01       		.uleb128 0x1
 840 036a 50       		.byte	0x50
 841 036b 02       		.uleb128 0x2
 842 036c 76       		.byte	0x76
 843 036d 00       		.sleb128 0
 844 036e 00       		.byte	0
 845 036f 10       		.uleb128 0x10
 846 0370 6A000000 		.4byte	.LVL25
 847 0374 85040000 		.4byte	0x485
 848 0378 83030000 		.4byte	0x383
 849 037c 11       		.uleb128 0x11
 850 037d 01       		.uleb128 0x1
 851 037e 50       		.byte	0x50
 852 037f 02       		.uleb128 0x2
 853 0380 76       		.byte	0x76
 854 0381 00       		.sleb128 0
 855 0382 00       		.byte	0
 856 0383 10       		.uleb128 0x10
 857 0384 7C000000 		.4byte	.LVL26
 858 0388 85040000 		.4byte	0x485
 859 038c 97030000 		.4byte	0x397
 860 0390 11       		.uleb128 0x11
 861 0391 01       		.uleb128 0x1
 862 0392 50       		.byte	0x50
 863 0393 02       		.uleb128 0x2
 864 0394 76       		.byte	0x76
 865 0395 00       		.sleb128 0
 866 0396 00       		.byte	0
 867 0397 10       		.uleb128 0x10
 868 0398 BE000000 		.4byte	.LVL33
 869 039c 85040000 		.4byte	0x485
 870 03a0 AB030000 		.4byte	0x3ab
 871 03a4 11       		.uleb128 0x11
 872 03a5 01       		.uleb128 0x1
 873 03a6 50       		.byte	0x50
 874 03a7 02       		.uleb128 0x2
 875 03a8 76       		.byte	0x76
 876 03a9 00       		.sleb128 0
 877 03aa 00       		.byte	0
 878 03ab 12       		.uleb128 0x12
ARM GAS  C:\Users\nikol\AppData\Local\Temp\cc8De1tr.s 			page 19


 879 03ac DC000000 		.4byte	.LVL34
 880 03b0 85040000 		.4byte	0x485
 881 03b4 11       		.uleb128 0x11
 882 03b5 01       		.uleb128 0x1
 883 03b6 50       		.byte	0x50
 884 03b7 02       		.uleb128 0x2
 885 03b8 76       		.byte	0x76
 886 03b9 00       		.sleb128 0
 887 03ba 00       		.byte	0
 888 03bb 00       		.byte	0
 889 03bc 18       		.uleb128 0x18
 890 03bd 52030000 		.4byte	.LASF57
 891 03c1 01       		.byte	0x1
 892 03c2 88       		.byte	0x88
 893 03c3 B8000000 		.4byte	0xb8
 894 03c7 00000000 		.4byte	.LFB67
 895 03cb 26000000 		.4byte	.LFE67-.LFB67
 896 03cf 01       		.uleb128 0x1
 897 03d0 9C       		.byte	0x9c
 898 03d1 4D040000 		.4byte	0x44d
 899 03d5 0F       		.uleb128 0xf
 900 03d6 40030000 		.4byte	.LASF48
 901 03da 01       		.byte	0x1
 902 03db 88       		.byte	0x88
 903 03dc C4020000 		.4byte	0x2c4
 904 03e0 F1000000 		.4byte	.LLST6
 905 03e4 0F       		.uleb128 0xf
 906 03e5 28030000 		.4byte	.LASF58
 907 03e9 01       		.byte	0x1
 908 03ea 88       		.byte	0x88
 909 03eb B8000000 		.4byte	0xb8
 910 03ef 0F010000 		.4byte	.LLST7
 911 03f3 16       		.uleb128 0x16
 912 03f4 A2010000 		.4byte	.LASF59
 913 03f8 01       		.byte	0x1
 914 03f9 8D       		.byte	0x8d
 915 03fa B8000000 		.4byte	0xb8
 916 03fe 01       		.uleb128 0x1
 917 03ff 55       		.byte	0x55
 918 0400 10       		.uleb128 0x10
 919 0401 0E000000 		.4byte	.LVL37
 920 0405 90040000 		.4byte	0x490
 921 0409 14040000 		.4byte	0x414
 922 040d 11       		.uleb128 0x11
 923 040e 01       		.uleb128 0x1
 924 040f 50       		.byte	0x50
 925 0410 02       		.uleb128 0x2
 926 0411 75       		.byte	0x75
 927 0412 00       		.sleb128 0
 928 0413 00       		.byte	0
 929 0414 10       		.uleb128 0x10
 930 0415 14000000 		.4byte	.LVL38
 931 0419 9B040000 		.4byte	0x49b
 932 041d 28040000 		.4byte	0x428
 933 0421 11       		.uleb128 0x11
 934 0422 01       		.uleb128 0x1
 935 0423 50       		.byte	0x50
ARM GAS  C:\Users\nikol\AppData\Local\Temp\cc8De1tr.s 			page 20


 936 0424 02       		.uleb128 0x2
 937 0425 75       		.byte	0x75
 938 0426 00       		.sleb128 0
 939 0427 00       		.byte	0
 940 0428 10       		.uleb128 0x10
 941 0429 1A000000 		.4byte	.LVL39
 942 042d EF020000 		.4byte	0x2ef
 943 0431 3C040000 		.4byte	0x43c
 944 0435 11       		.uleb128 0x11
 945 0436 01       		.uleb128 0x1
 946 0437 50       		.byte	0x50
 947 0438 02       		.uleb128 0x2
 948 0439 74       		.byte	0x74
 949 043a 00       		.sleb128 0
 950 043b 00       		.byte	0
 951 043c 12       		.uleb128 0x12
 952 043d 22000000 		.4byte	.LVL41
 953 0441 CA020000 		.4byte	0x2ca
 954 0445 11       		.uleb128 0x11
 955 0446 01       		.uleb128 0x1
 956 0447 50       		.byte	0x50
 957 0448 02       		.uleb128 0x2
 958 0449 74       		.byte	0x74
 959 044a 00       		.sleb128 0
 960 044b 00       		.byte	0
 961 044c 00       		.byte	0
 962 044d 19       		.uleb128 0x19
 963 044e DF030000 		.4byte	.LASF60
 964 0452 06       		.byte	0x6
 965 0453 1207     		.2byte	0x712
 966 0455 59040000 		.4byte	0x459
 967 0459 1A       		.uleb128 0x1a
 968 045a D9000000 		.4byte	0xd9
 969 045e 1B       		.uleb128 0x1b
 970 045f B7030000 		.4byte	.LASF47
 971 0463 01       		.byte	0x1
 972 0464 3F       		.byte	0x3f
 973 0465 B8000000 		.4byte	0xb8
 974 0469 05       		.uleb128 0x5
 975 046a 03       		.byte	0x3
 976 046b 00000000 		.4byte	removedCount
 977 046f 1C       		.uleb128 0x1c
 978 0470 EA000000 		.4byte	.LASF61
 979 0474 EA000000 		.4byte	.LASF61
 980 0478 04       		.byte	0x4
 981 0479 23       		.byte	0x23
 982 047a 1C       		.uleb128 0x1c
 983 047b 84010000 		.4byte	.LASF62
 984 047f 84010000 		.4byte	.LASF62
 985 0483 04       		.byte	0x4
 986 0484 21       		.byte	0x21
 987 0485 1C       		.uleb128 0x1c
 988 0486 C4030000 		.4byte	.LASF63
 989 048a C4030000 		.4byte	.LASF63
 990 048e 04       		.byte	0x4
 991 048f 25       		.byte	0x25
 992 0490 1C       		.uleb128 0x1c
ARM GAS  C:\Users\nikol\AppData\Local\Temp\cc8De1tr.s 			page 21


 993 0491 49000000 		.4byte	.LASF64
 994 0495 49000000 		.4byte	.LASF64
 995 0499 04       		.byte	0x4
 996 049a 1F       		.byte	0x1f
 997 049b 1C       		.uleb128 0x1c
 998 049c 66020000 		.4byte	.LASF65
 999 04a0 66020000 		.4byte	.LASF65
 1000 04a4 04       		.byte	0x4
 1001 04a5 27       		.byte	0x27
 1002 04a6 00       		.byte	0
 1003              		.section	.debug_abbrev,"",%progbits
 1004              	.Ldebug_abbrev0:
 1005 0000 01       		.uleb128 0x1
 1006 0001 11       		.uleb128 0x11
 1007 0002 01       		.byte	0x1
 1008 0003 25       		.uleb128 0x25
 1009 0004 0E       		.uleb128 0xe
 1010 0005 13       		.uleb128 0x13
 1011 0006 0B       		.uleb128 0xb
 1012 0007 03       		.uleb128 0x3
 1013 0008 0E       		.uleb128 0xe
 1014 0009 1B       		.uleb128 0x1b
 1015 000a 0E       		.uleb128 0xe
 1016 000b 55       		.uleb128 0x55
 1017 000c 17       		.uleb128 0x17
 1018 000d 11       		.uleb128 0x11
 1019 000e 01       		.uleb128 0x1
 1020 000f 10       		.uleb128 0x10
 1021 0010 17       		.uleb128 0x17
 1022 0011 00       		.byte	0
 1023 0012 00       		.byte	0
 1024 0013 02       		.uleb128 0x2
 1025 0014 16       		.uleb128 0x16
 1026 0015 00       		.byte	0
 1027 0016 03       		.uleb128 0x3
 1028 0017 0E       		.uleb128 0xe
 1029 0018 3A       		.uleb128 0x3a
 1030 0019 0B       		.uleb128 0xb
 1031 001a 3B       		.uleb128 0x3b
 1032 001b 0B       		.uleb128 0xb
 1033 001c 49       		.uleb128 0x49
 1034 001d 13       		.uleb128 0x13
 1035 001e 00       		.byte	0
 1036 001f 00       		.byte	0
 1037 0020 03       		.uleb128 0x3
 1038 0021 24       		.uleb128 0x24
 1039 0022 00       		.byte	0
 1040 0023 0B       		.uleb128 0xb
 1041 0024 0B       		.uleb128 0xb
 1042 0025 3E       		.uleb128 0x3e
 1043 0026 0B       		.uleb128 0xb
 1044 0027 03       		.uleb128 0x3
 1045 0028 0E       		.uleb128 0xe
 1046 0029 00       		.byte	0
 1047 002a 00       		.byte	0
 1048 002b 04       		.uleb128 0x4
 1049 002c 24       		.uleb128 0x24
ARM GAS  C:\Users\nikol\AppData\Local\Temp\cc8De1tr.s 			page 22


 1050 002d 00       		.byte	0
 1051 002e 0B       		.uleb128 0xb
 1052 002f 0B       		.uleb128 0xb
 1053 0030 3E       		.uleb128 0x3e
 1054 0031 0B       		.uleb128 0xb
 1055 0032 03       		.uleb128 0x3
 1056 0033 08       		.uleb128 0x8
 1057 0034 00       		.byte	0
 1058 0035 00       		.byte	0
 1059 0036 05       		.uleb128 0x5
 1060 0037 13       		.uleb128 0x13
 1061 0038 01       		.byte	0x1
 1062 0039 03       		.uleb128 0x3
 1063 003a 0E       		.uleb128 0xe
 1064 003b 0B       		.uleb128 0xb
 1065 003c 05       		.uleb128 0x5
 1066 003d 3A       		.uleb128 0x3a
 1067 003e 0B       		.uleb128 0xb
 1068 003f 3B       		.uleb128 0x3b
 1069 0040 0B       		.uleb128 0xb
 1070 0041 01       		.uleb128 0x1
 1071 0042 13       		.uleb128 0x13
 1072 0043 00       		.byte	0
 1073 0044 00       		.byte	0
 1074 0045 06       		.uleb128 0x6
 1075 0046 0D       		.uleb128 0xd
 1076 0047 00       		.byte	0
 1077 0048 03       		.uleb128 0x3
 1078 0049 0E       		.uleb128 0xe
 1079 004a 3A       		.uleb128 0x3a
 1080 004b 0B       		.uleb128 0xb
 1081 004c 3B       		.uleb128 0x3b
 1082 004d 0B       		.uleb128 0xb
 1083 004e 49       		.uleb128 0x49
 1084 004f 13       		.uleb128 0x13
 1085 0050 38       		.uleb128 0x38
 1086 0051 0B       		.uleb128 0xb
 1087 0052 00       		.byte	0
 1088 0053 00       		.byte	0
 1089 0054 07       		.uleb128 0x7
 1090 0055 0D       		.uleb128 0xd
 1091 0056 00       		.byte	0
 1092 0057 03       		.uleb128 0x3
 1093 0058 0E       		.uleb128 0xe
 1094 0059 3A       		.uleb128 0x3a
 1095 005a 0B       		.uleb128 0xb
 1096 005b 3B       		.uleb128 0x3b
 1097 005c 0B       		.uleb128 0xb
 1098 005d 49       		.uleb128 0x49
 1099 005e 13       		.uleb128 0x13
 1100 005f 38       		.uleb128 0x38
 1101 0060 05       		.uleb128 0x5
 1102 0061 00       		.byte	0
 1103 0062 00       		.byte	0
 1104 0063 08       		.uleb128 0x8
 1105 0064 0D       		.uleb128 0xd
 1106 0065 00       		.byte	0
ARM GAS  C:\Users\nikol\AppData\Local\Temp\cc8De1tr.s 			page 23


 1107 0066 03       		.uleb128 0x3
 1108 0067 08       		.uleb128 0x8
 1109 0068 3A       		.uleb128 0x3a
 1110 0069 0B       		.uleb128 0xb
 1111 006a 3B       		.uleb128 0x3b
 1112 006b 0B       		.uleb128 0xb
 1113 006c 49       		.uleb128 0x49
 1114 006d 13       		.uleb128 0x13
 1115 006e 38       		.uleb128 0x38
 1116 006f 05       		.uleb128 0x5
 1117 0070 00       		.byte	0
 1118 0071 00       		.byte	0
 1119 0072 09       		.uleb128 0x9
 1120 0073 01       		.uleb128 0x1
 1121 0074 01       		.byte	0x1
 1122 0075 49       		.uleb128 0x49
 1123 0076 13       		.uleb128 0x13
 1124 0077 01       		.uleb128 0x1
 1125 0078 13       		.uleb128 0x13
 1126 0079 00       		.byte	0
 1127 007a 00       		.byte	0
 1128 007b 0A       		.uleb128 0xa
 1129 007c 21       		.uleb128 0x21
 1130 007d 00       		.byte	0
 1131 007e 49       		.uleb128 0x49
 1132 007f 13       		.uleb128 0x13
 1133 0080 2F       		.uleb128 0x2f
 1134 0081 05       		.uleb128 0x5
 1135 0082 00       		.byte	0
 1136 0083 00       		.byte	0
 1137 0084 0B       		.uleb128 0xb
 1138 0085 04       		.uleb128 0x4
 1139 0086 01       		.byte	0x1
 1140 0087 0B       		.uleb128 0xb
 1141 0088 0B       		.uleb128 0xb
 1142 0089 49       		.uleb128 0x49
 1143 008a 13       		.uleb128 0x13
 1144 008b 3A       		.uleb128 0x3a
 1145 008c 0B       		.uleb128 0xb
 1146 008d 3B       		.uleb128 0x3b
 1147 008e 0B       		.uleb128 0xb
 1148 008f 01       		.uleb128 0x1
 1149 0090 13       		.uleb128 0x13
 1150 0091 00       		.byte	0
 1151 0092 00       		.byte	0
 1152 0093 0C       		.uleb128 0xc
 1153 0094 28       		.uleb128 0x28
 1154 0095 00       		.byte	0
 1155 0096 03       		.uleb128 0x3
 1156 0097 0E       		.uleb128 0xe
 1157 0098 1C       		.uleb128 0x1c
 1158 0099 0B       		.uleb128 0xb
 1159 009a 00       		.byte	0
 1160 009b 00       		.byte	0
 1161 009c 0D       		.uleb128 0xd
 1162 009d 28       		.uleb128 0x28
 1163 009e 00       		.byte	0
ARM GAS  C:\Users\nikol\AppData\Local\Temp\cc8De1tr.s 			page 24


 1164 009f 03       		.uleb128 0x3
 1165 00a0 08       		.uleb128 0x8
 1166 00a1 1C       		.uleb128 0x1c
 1167 00a2 0B       		.uleb128 0xb
 1168 00a3 00       		.byte	0
 1169 00a4 00       		.byte	0
 1170 00a5 0E       		.uleb128 0xe
 1171 00a6 2E       		.uleb128 0x2e
 1172 00a7 01       		.byte	0x1
 1173 00a8 3F       		.uleb128 0x3f
 1174 00a9 19       		.uleb128 0x19
 1175 00aa 03       		.uleb128 0x3
 1176 00ab 0E       		.uleb128 0xe
 1177 00ac 3A       		.uleb128 0x3a
 1178 00ad 0B       		.uleb128 0xb
 1179 00ae 3B       		.uleb128 0x3b
 1180 00af 0B       		.uleb128 0xb
 1181 00b0 27       		.uleb128 0x27
 1182 00b1 19       		.uleb128 0x19
 1183 00b2 11       		.uleb128 0x11
 1184 00b3 01       		.uleb128 0x1
 1185 00b4 12       		.uleb128 0x12
 1186 00b5 06       		.uleb128 0x6
 1187 00b6 40       		.uleb128 0x40
 1188 00b7 18       		.uleb128 0x18
 1189 00b8 9742     		.uleb128 0x2117
 1190 00ba 19       		.uleb128 0x19
 1191 00bb 01       		.uleb128 0x1
 1192 00bc 13       		.uleb128 0x13
 1193 00bd 00       		.byte	0
 1194 00be 00       		.byte	0
 1195 00bf 0F       		.uleb128 0xf
 1196 00c0 05       		.uleb128 0x5
 1197 00c1 00       		.byte	0
 1198 00c2 03       		.uleb128 0x3
 1199 00c3 0E       		.uleb128 0xe
 1200 00c4 3A       		.uleb128 0x3a
 1201 00c5 0B       		.uleb128 0xb
 1202 00c6 3B       		.uleb128 0x3b
 1203 00c7 0B       		.uleb128 0xb
 1204 00c8 49       		.uleb128 0x49
 1205 00c9 13       		.uleb128 0x13
 1206 00ca 02       		.uleb128 0x2
 1207 00cb 17       		.uleb128 0x17
 1208 00cc 00       		.byte	0
 1209 00cd 00       		.byte	0
 1210 00ce 10       		.uleb128 0x10
 1211 00cf 898201   		.uleb128 0x4109
 1212 00d2 01       		.byte	0x1
 1213 00d3 11       		.uleb128 0x11
 1214 00d4 01       		.uleb128 0x1
 1215 00d5 31       		.uleb128 0x31
 1216 00d6 13       		.uleb128 0x13
 1217 00d7 01       		.uleb128 0x1
 1218 00d8 13       		.uleb128 0x13
 1219 00d9 00       		.byte	0
 1220 00da 00       		.byte	0
ARM GAS  C:\Users\nikol\AppData\Local\Temp\cc8De1tr.s 			page 25


 1221 00db 11       		.uleb128 0x11
 1222 00dc 8A8201   		.uleb128 0x410a
 1223 00df 00       		.byte	0
 1224 00e0 02       		.uleb128 0x2
 1225 00e1 18       		.uleb128 0x18
 1226 00e2 9142     		.uleb128 0x2111
 1227 00e4 18       		.uleb128 0x18
 1228 00e5 00       		.byte	0
 1229 00e6 00       		.byte	0
 1230 00e7 12       		.uleb128 0x12
 1231 00e8 898201   		.uleb128 0x4109
 1232 00eb 01       		.byte	0x1
 1233 00ec 11       		.uleb128 0x11
 1234 00ed 01       		.uleb128 0x1
 1235 00ee 31       		.uleb128 0x31
 1236 00ef 13       		.uleb128 0x13
 1237 00f0 00       		.byte	0
 1238 00f1 00       		.byte	0
 1239 00f2 13       		.uleb128 0x13
 1240 00f3 0F       		.uleb128 0xf
 1241 00f4 00       		.byte	0
 1242 00f5 0B       		.uleb128 0xb
 1243 00f6 0B       		.uleb128 0xb
 1244 00f7 49       		.uleb128 0x49
 1245 00f8 13       		.uleb128 0x13
 1246 00f9 00       		.byte	0
 1247 00fa 00       		.byte	0
 1248 00fb 14       		.uleb128 0x14
 1249 00fc 2E       		.uleb128 0x2e
 1250 00fd 01       		.byte	0x1
 1251 00fe 3F       		.uleb128 0x3f
 1252 00ff 19       		.uleb128 0x19
 1253 0100 03       		.uleb128 0x3
 1254 0101 0E       		.uleb128 0xe
 1255 0102 3A       		.uleb128 0x3a
 1256 0103 0B       		.uleb128 0xb
 1257 0104 3B       		.uleb128 0x3b
 1258 0105 0B       		.uleb128 0xb
 1259 0106 27       		.uleb128 0x27
 1260 0107 19       		.uleb128 0x19
 1261 0108 11       		.uleb128 0x11
 1262 0109 01       		.uleb128 0x1
 1263 010a 12       		.uleb128 0x12
 1264 010b 06       		.uleb128 0x6
 1265 010c 40       		.uleb128 0x40
 1266 010d 18       		.uleb128 0x18
 1267 010e 9642     		.uleb128 0x2116
 1268 0110 19       		.uleb128 0x19
 1269 0111 01       		.uleb128 0x1
 1270 0112 13       		.uleb128 0x13
 1271 0113 00       		.byte	0
 1272 0114 00       		.byte	0
 1273 0115 15       		.uleb128 0x15
 1274 0116 2E       		.uleb128 0x2e
 1275 0117 01       		.byte	0x1
 1276 0118 3F       		.uleb128 0x3f
 1277 0119 19       		.uleb128 0x19
ARM GAS  C:\Users\nikol\AppData\Local\Temp\cc8De1tr.s 			page 26


 1278 011a 03       		.uleb128 0x3
 1279 011b 0E       		.uleb128 0xe
 1280 011c 3A       		.uleb128 0x3a
 1281 011d 0B       		.uleb128 0xb
 1282 011e 3B       		.uleb128 0x3b
 1283 011f 0B       		.uleb128 0xb
 1284 0120 27       		.uleb128 0x27
 1285 0121 19       		.uleb128 0x19
 1286 0122 49       		.uleb128 0x49
 1287 0123 13       		.uleb128 0x13
 1288 0124 11       		.uleb128 0x11
 1289 0125 01       		.uleb128 0x1
 1290 0126 12       		.uleb128 0x12
 1291 0127 06       		.uleb128 0x6
 1292 0128 40       		.uleb128 0x40
 1293 0129 18       		.uleb128 0x18
 1294 012a 9642     		.uleb128 0x2116
 1295 012c 19       		.uleb128 0x19
 1296 012d 01       		.uleb128 0x1
 1297 012e 13       		.uleb128 0x13
 1298 012f 00       		.byte	0
 1299 0130 00       		.byte	0
 1300 0131 16       		.uleb128 0x16
 1301 0132 34       		.uleb128 0x34
 1302 0133 00       		.byte	0
 1303 0134 03       		.uleb128 0x3
 1304 0135 0E       		.uleb128 0xe
 1305 0136 3A       		.uleb128 0x3a
 1306 0137 0B       		.uleb128 0xb
 1307 0138 3B       		.uleb128 0x3b
 1308 0139 0B       		.uleb128 0xb
 1309 013a 49       		.uleb128 0x49
 1310 013b 13       		.uleb128 0x13
 1311 013c 02       		.uleb128 0x2
 1312 013d 18       		.uleb128 0x18
 1313 013e 00       		.byte	0
 1314 013f 00       		.byte	0
 1315 0140 17       		.uleb128 0x17
 1316 0141 34       		.uleb128 0x34
 1317 0142 00       		.byte	0
 1318 0143 03       		.uleb128 0x3
 1319 0144 0E       		.uleb128 0xe
 1320 0145 3A       		.uleb128 0x3a
 1321 0146 0B       		.uleb128 0xb
 1322 0147 3B       		.uleb128 0x3b
 1323 0148 0B       		.uleb128 0xb
 1324 0149 49       		.uleb128 0x49
 1325 014a 13       		.uleb128 0x13
 1326 014b 02       		.uleb128 0x2
 1327 014c 17       		.uleb128 0x17
 1328 014d 00       		.byte	0
 1329 014e 00       		.byte	0
 1330 014f 18       		.uleb128 0x18
 1331 0150 2E       		.uleb128 0x2e
 1332 0151 01       		.byte	0x1
 1333 0152 3F       		.uleb128 0x3f
 1334 0153 19       		.uleb128 0x19
ARM GAS  C:\Users\nikol\AppData\Local\Temp\cc8De1tr.s 			page 27


 1335 0154 03       		.uleb128 0x3
 1336 0155 0E       		.uleb128 0xe
 1337 0156 3A       		.uleb128 0x3a
 1338 0157 0B       		.uleb128 0xb
 1339 0158 3B       		.uleb128 0x3b
 1340 0159 0B       		.uleb128 0xb
 1341 015a 27       		.uleb128 0x27
 1342 015b 19       		.uleb128 0x19
 1343 015c 49       		.uleb128 0x49
 1344 015d 13       		.uleb128 0x13
 1345 015e 11       		.uleb128 0x11
 1346 015f 01       		.uleb128 0x1
 1347 0160 12       		.uleb128 0x12
 1348 0161 06       		.uleb128 0x6
 1349 0162 40       		.uleb128 0x40
 1350 0163 18       		.uleb128 0x18
 1351 0164 9742     		.uleb128 0x2117
 1352 0166 19       		.uleb128 0x19
 1353 0167 01       		.uleb128 0x1
 1354 0168 13       		.uleb128 0x13
 1355 0169 00       		.byte	0
 1356 016a 00       		.byte	0
 1357 016b 19       		.uleb128 0x19
 1358 016c 34       		.uleb128 0x34
 1359 016d 00       		.byte	0
 1360 016e 03       		.uleb128 0x3
 1361 016f 0E       		.uleb128 0xe
 1362 0170 3A       		.uleb128 0x3a
 1363 0171 0B       		.uleb128 0xb
 1364 0172 3B       		.uleb128 0x3b
 1365 0173 05       		.uleb128 0x5
 1366 0174 49       		.uleb128 0x49
 1367 0175 13       		.uleb128 0x13
 1368 0176 3F       		.uleb128 0x3f
 1369 0177 19       		.uleb128 0x19
 1370 0178 3C       		.uleb128 0x3c
 1371 0179 19       		.uleb128 0x19
 1372 017a 00       		.byte	0
 1373 017b 00       		.byte	0
 1374 017c 1A       		.uleb128 0x1a
 1375 017d 35       		.uleb128 0x35
 1376 017e 00       		.byte	0
 1377 017f 49       		.uleb128 0x49
 1378 0180 13       		.uleb128 0x13
 1379 0181 00       		.byte	0
 1380 0182 00       		.byte	0
 1381 0183 1B       		.uleb128 0x1b
 1382 0184 34       		.uleb128 0x34
 1383 0185 00       		.byte	0
 1384 0186 03       		.uleb128 0x3
 1385 0187 0E       		.uleb128 0xe
 1386 0188 3A       		.uleb128 0x3a
 1387 0189 0B       		.uleb128 0xb
 1388 018a 3B       		.uleb128 0x3b
 1389 018b 0B       		.uleb128 0xb
 1390 018c 49       		.uleb128 0x49
 1391 018d 13       		.uleb128 0x13
ARM GAS  C:\Users\nikol\AppData\Local\Temp\cc8De1tr.s 			page 28


 1392 018e 3F       		.uleb128 0x3f
 1393 018f 19       		.uleb128 0x19
 1394 0190 02       		.uleb128 0x2
 1395 0191 18       		.uleb128 0x18
 1396 0192 00       		.byte	0
 1397 0193 00       		.byte	0
 1398 0194 1C       		.uleb128 0x1c
 1399 0195 2E       		.uleb128 0x2e
 1400 0196 00       		.byte	0
 1401 0197 3F       		.uleb128 0x3f
 1402 0198 19       		.uleb128 0x19
 1403 0199 3C       		.uleb128 0x3c
 1404 019a 19       		.uleb128 0x19
 1405 019b 6E       		.uleb128 0x6e
 1406 019c 0E       		.uleb128 0xe
 1407 019d 03       		.uleb128 0x3
 1408 019e 0E       		.uleb128 0xe
 1409 019f 3A       		.uleb128 0x3a
 1410 01a0 0B       		.uleb128 0xb
 1411 01a1 3B       		.uleb128 0x3b
 1412 01a2 0B       		.uleb128 0xb
 1413 01a3 00       		.byte	0
 1414 01a4 00       		.byte	0
 1415 01a5 00       		.byte	0
 1416              		.section	.debug_loc,"",%progbits
 1417              	.Ldebug_loc0:
 1418              	.LLST0:
 1419 0000 00000000 		.4byte	.LVL0
 1420 0004 0C000000 		.4byte	.LVL2
 1421 0008 0100     		.2byte	0x1
 1422 000a 50       		.byte	0x50
 1423 000b 0C000000 		.4byte	.LVL2
 1424 000f 28000000 		.4byte	.LFE64
 1425 0013 0100     		.2byte	0x1
 1426 0015 54       		.byte	0x54
 1427 0016 00000000 		.4byte	0
 1428 001a 00000000 		.4byte	0
 1429              	.LLST1:
 1430 001e 00000000 		.4byte	.LVL0
 1431 0022 08000000 		.4byte	.LVL1
 1432 0026 0100     		.2byte	0x1
 1433 0028 51       		.byte	0x51
 1434 0029 08000000 		.4byte	.LVL1
 1435 002d 28000000 		.4byte	.LFE64
 1436 0031 0400     		.2byte	0x4
 1437 0033 F3       		.byte	0xf3
 1438 0034 01       		.uleb128 0x1
 1439 0035 51       		.byte	0x51
 1440 0036 9F       		.byte	0x9f
 1441 0037 00000000 		.4byte	0
 1442 003b 00000000 		.4byte	0
 1443              	.LLST2:
 1444 003f 00000000 		.4byte	.LVL0
 1445 0043 0F000000 		.4byte	.LVL3-1
 1446 0047 0100     		.2byte	0x1
 1447 0049 52       		.byte	0x52
 1448 004a 0F000000 		.4byte	.LVL3-1
ARM GAS  C:\Users\nikol\AppData\Local\Temp\cc8De1tr.s 			page 29


 1449 004e 28000000 		.4byte	.LFE64
 1450 0052 0400     		.2byte	0x4
 1451 0054 F3       		.byte	0xf3
 1452 0055 01       		.uleb128 0x1
 1453 0056 52       		.byte	0x52
 1454 0057 9F       		.byte	0x9f
 1455 0058 00000000 		.4byte	0
 1456 005c 00000000 		.4byte	0
 1457              	.LLST3:
 1458 0060 00000000 		.4byte	.LVL5
 1459 0064 1C000000 		.4byte	.LVL6
 1460 0068 0100     		.2byte	0x1
 1461 006a 50       		.byte	0x50
 1462 006b 1C000000 		.4byte	.LVL6
 1463 006f 32000000 		.4byte	.LVL9
 1464 0073 0100     		.2byte	0x1
 1465 0075 54       		.byte	0x54
 1466 0076 32000000 		.4byte	.LVL9
 1467 007a 48000000 		.4byte	.LVL10
 1468 007e 0100     		.2byte	0x1
 1469 0080 50       		.byte	0x50
 1470 0081 48000000 		.4byte	.LVL10
 1471 0085 66000000 		.4byte	.LVL15
 1472 0089 0100     		.2byte	0x1
 1473 008b 54       		.byte	0x54
 1474 008c 66000000 		.4byte	.LVL15
 1475 0090 6C000000 		.4byte	.LVL16
 1476 0094 0100     		.2byte	0x1
 1477 0096 50       		.byte	0x50
 1478 0097 6C000000 		.4byte	.LVL16
 1479 009b 6E000000 		.4byte	.LFE65
 1480 009f 0100     		.2byte	0x1
 1481 00a1 54       		.byte	0x54
 1482 00a2 00000000 		.4byte	0
 1483 00a6 00000000 		.4byte	0
 1484              	.LLST4:
 1485 00aa 00000000 		.4byte	.LVL17
 1486 00ae 14000000 		.4byte	.LVL19
 1487 00b2 0100     		.2byte	0x1
 1488 00b4 50       		.byte	0x50
 1489 00b5 14000000 		.4byte	.LVL19
 1490 00b9 FC000000 		.4byte	.LFE66
 1491 00bd 0100     		.2byte	0x1
 1492 00bf 54       		.byte	0x54
 1493 00c0 00000000 		.4byte	0
 1494 00c4 00000000 		.4byte	0
 1495              	.LLST5:
 1496 00c8 18000000 		.4byte	.LVL20
 1497 00cc 4A000000 		.4byte	.LVL21
 1498 00d0 0100     		.2byte	0x1
 1499 00d2 50       		.byte	0x50
 1500 00d3 50000000 		.4byte	.LVL23
 1501 00d7 66000000 		.4byte	.LVL24
 1502 00db 0100     		.2byte	0x1
 1503 00dd 50       		.byte	0x50
 1504 00de 7E000000 		.4byte	.LVL27
 1505 00e2 86000000 		.4byte	.LVL28
ARM GAS  C:\Users\nikol\AppData\Local\Temp\cc8De1tr.s 			page 30


 1506 00e6 0100     		.2byte	0x1
 1507 00e8 50       		.byte	0x50
 1508 00e9 00000000 		.4byte	0
 1509 00ed 00000000 		.4byte	0
 1510              	.LLST6:
 1511 00f1 00000000 		.4byte	.LVL35
 1512 00f5 0A000000 		.4byte	.LVL36
 1513 00f9 0100     		.2byte	0x1
 1514 00fb 50       		.byte	0x50
 1515 00fc 0A000000 		.4byte	.LVL36
 1516 0100 26000000 		.4byte	.LFE67
 1517 0104 0100     		.2byte	0x1
 1518 0106 54       		.byte	0x54
 1519 0107 00000000 		.4byte	0
 1520 010b 00000000 		.4byte	0
 1521              	.LLST7:
 1522 010f 00000000 		.4byte	.LVL35
 1523 0113 0D000000 		.4byte	.LVL37-1
 1524 0117 0100     		.2byte	0x1
 1525 0119 51       		.byte	0x51
 1526 011a 0D000000 		.4byte	.LVL37-1
 1527 011e 26000000 		.4byte	.LFE67
 1528 0122 0400     		.2byte	0x4
 1529 0124 F3       		.byte	0xf3
 1530 0125 01       		.uleb128 0x1
 1531 0126 51       		.byte	0x51
 1532 0127 9F       		.byte	0x9f
 1533 0128 00000000 		.4byte	0
 1534 012c 00000000 		.4byte	0
 1535              		.section	.debug_aranges,"",%progbits
 1536 0000 34000000 		.4byte	0x34
 1537 0004 0200     		.2byte	0x2
 1538 0006 00000000 		.4byte	.Ldebug_info0
 1539 000a 04       		.byte	0x4
 1540 000b 00       		.byte	0
 1541 000c 0000     		.2byte	0
 1542 000e 0000     		.2byte	0
 1543 0010 00000000 		.4byte	.LFB64
 1544 0014 28000000 		.4byte	.LFE64-.LFB64
 1545 0018 00000000 		.4byte	.LFB65
 1546 001c 6E000000 		.4byte	.LFE65-.LFB65
 1547 0020 00000000 		.4byte	.LFB66
 1548 0024 FC000000 		.4byte	.LFE66-.LFB66
 1549 0028 00000000 		.4byte	.LFB67
 1550 002c 26000000 		.4byte	.LFE67-.LFB67
 1551 0030 00000000 		.4byte	0
 1552 0034 00000000 		.4byte	0
 1553              		.section	.debug_ranges,"",%progbits
 1554              	.Ldebug_ranges0:
 1555 0000 00000000 		.4byte	.LFB64
 1556 0004 28000000 		.4byte	.LFE64
 1557 0008 00000000 		.4byte	.LFB65
 1558 000c 6E000000 		.4byte	.LFE65
 1559 0010 00000000 		.4byte	.LFB66
 1560 0014 FC000000 		.4byte	.LFE66
 1561 0018 00000000 		.4byte	.LFB67
 1562 001c 26000000 		.4byte	.LFE67
ARM GAS  C:\Users\nikol\AppData\Local\Temp\cc8De1tr.s 			page 31


 1563 0020 00000000 		.4byte	0
 1564 0024 00000000 		.4byte	0
 1565              		.section	.debug_line,"",%progbits
 1566              	.Ldebug_line0:
 1567 0000 34020000 		.section	.debug_str,"MS",%progbits,1
 1567      02008D01 
 1567      00000201 
 1567      FB0E0D00 
 1567      01010101 
 1568              	.LASF4:
 1569 0000 5F5F696E 		.ascii	"__int16_t\000"
 1569      7431365F 
 1569      7400
 1570              	.LASF15:
 1571 000a 696E7438 		.ascii	"int8_t\000"
 1571      5F7400
 1572              	.LASF38:
 1573 0011 73746174 		.ascii	"state\000"
 1573      6500
 1574              	.LASF28:
 1575 0017 61766572 		.ascii	"average\000"
 1575      61676500 
 1576              	.LASF5:
 1577 001f 73686F72 		.ascii	"short int\000"
 1577      7420696E 
 1577      7400
 1578              	.LASF25:
 1579 0029 73697A65 		.ascii	"sizetype\000"
 1579      74797065 
 1579      00
 1580              	.LASF50:
 1581 0032 61766572 		.ascii	"averageSize\000"
 1581      61676553 
 1581      697A6500 
 1582              	.LASF10:
 1583 003e 5F5F7569 		.ascii	"__uint32_t\000"
 1583      6E743332 
 1583      5F7400
 1584              	.LASF64:
 1585 0049 43697263 		.ascii	"CircularBuffer_insertReading\000"
 1585      756C6172 
 1585      42756666 
 1585      65725F69 
 1585      6E736572 
 1586              	.LASF6:
 1587 0066 5F5F7569 		.ascii	"__uint16_t\000"
 1587      6E743136 
 1587      5F7400
 1588              	.LASF31:
 1589 0071 4E4F545F 		.ascii	"NOT_PLACED\000"
 1589      504C4143 
 1589      454400
 1590              	.LASF33:
 1591 007c 504C4143 		.ascii	"PLACED\000"
 1591      454400
 1592              	.LASF39:
 1593 0083 62617365 		.ascii	"baseline\000"
ARM GAS  C:\Users\nikol\AppData\Local\Temp\cc8De1tr.s 			page 32


 1593      6C696E65 
 1593      00
 1594              	.LASF32:
 1595 008c 56414C49 		.ascii	"VALIDATING_PLACED\000"
 1595      44415449 
 1595      4E475F50 
 1595      4C414345 
 1595      4400
 1596              	.LASF27:
 1597 009e 696E6465 		.ascii	"index\000"
 1597      7800
 1598              	.LASF43:
 1599 00a4 6869745F 		.ascii	"hit_trigger\000"
 1599      74726967 
 1599      67657200 
 1600              	.LASF21:
 1601 00b0 666C6F61 		.ascii	"float\000"
 1601      7400
 1602              	.LASF12:
 1603 00b6 6C6F6E67 		.ascii	"long long int\000"
 1603      206C6F6E 
 1603      6720696E 
 1603      7400
 1604              	.LASF36:
 1605 00c4 43697263 		.ascii	"CircularBuffer\000"
 1605      756C6172 
 1605      42756666 
 1605      657200
 1606              	.LASF9:
 1607 00d3 6C6F6E67 		.ascii	"long int\000"
 1607      20696E74 
 1607      00
 1608              	.LASF46:
 1609 00dc 61766572 		.ascii	"averageBuffer\000"
 1609      61676542 
 1609      75666665 
 1609      7200
 1610              	.LASF61:
 1611 00ea 43697263 		.ascii	"CircularBuffer_init\000"
 1611      756C6172 
 1611      42756666 
 1611      65725F69 
 1611      6E697400 
 1612              	.LASF56:
 1613 00fe 43757053 		.ascii	"CupSensorUnit_updateState\000"
 1613      656E736F 
 1613      72556E69 
 1613      745F7570 
 1613      64617465 
 1614              	.LASF68:
 1615 0118 433A5C55 		.ascii	"C:\\Users\\nikol\\Documents\\git\\3. Semester\\PRJ3"
 1615      73657273 
 1615      5C6E696B 
 1615      6F6C5C44 
 1615      6F63756D 
 1616 0145 5C706C61 		.ascii	"\\player_side_app\\integration\\integration\\integr"
 1616      7965725F 
ARM GAS  C:\Users\nikol\AppData\Local\Temp\cc8De1tr.s 			page 33


 1616      73696465 
 1616      5F617070 
 1616      5C696E74 
 1617 0174 6174696F 		.ascii	"ation_all.cydsn\000"
 1617      6E5F616C 
 1617      6C2E6379 
 1617      64736E00 
 1618              	.LASF62:
 1619 0184 43697263 		.ascii	"CircularBuffer_getLastReading\000"
 1619      756C6172 
 1619      42756666 
 1619      65725F67 
 1619      65744C61 
 1620              	.LASF59:
 1621 01a2 73746174 		.ascii	"stateChanged\000"
 1621      65436861 
 1621      6E676564 
 1621      00
 1622              	.LASF24:
 1623 01af 6C6F6E67 		.ascii	"long double\000"
 1623      20646F75 
 1623      626C6500 
 1624              	.LASF3:
 1625 01bb 756E7369 		.ascii	"unsigned char\000"
 1625      676E6564 
 1625      20636861 
 1625      7200
 1626              	.LASF52:
 1627 01c9 43757053 		.ascii	"CupSensorUnit_calculateBaselines\000"
 1627      656E736F 
 1627      72556E69 
 1627      745F6361 
 1627      6C63756C 
 1628              	.LASF2:
 1629 01ea 7369676E 		.ascii	"signed char\000"
 1629      65642063 
 1629      68617200 
 1630              	.LASF13:
 1631 01f6 6C6F6E67 		.ascii	"long long unsigned int\000"
 1631      206C6F6E 
 1631      6720756E 
 1631      7369676E 
 1631      65642069 
 1632              	.LASF20:
 1633 020d 75696E74 		.ascii	"uint32_t\000"
 1633      33325F74 
 1633      00
 1634              	.LASF53:
 1635 0216 6F6C6453 		.ascii	"oldState\000"
 1635      74617465 
 1635      00
 1636              	.LASF14:
 1637 021f 756E7369 		.ascii	"unsigned int\000"
 1637      676E6564 
 1637      20696E74 
 1637      00
 1638              	.LASF18:
ARM GAS  C:\Users\nikol\AppData\Local\Temp\cc8De1tr.s 			page 34


 1639 022c 75696E74 		.ascii	"uint16_t\000"
 1639      31365F74 
 1639      00
 1640              	.LASF11:
 1641 0235 6C6F6E67 		.ascii	"long unsigned int\000"
 1641      20756E73 
 1641      69676E65 
 1641      6420696E 
 1641      7400
 1642              	.LASF34:
 1643 0247 56414C49 		.ascii	"VALIDATING_HIT\000"
 1643      44415449 
 1643      4E475F48 
 1643      495400
 1644              	.LASF42:
 1645 0256 72656D6F 		.ascii	"removed_trigger\000"
 1645      7665645F 
 1645      74726967 
 1645      67657200 
 1646              	.LASF65:
 1647 0266 43697263 		.ascii	"CircularBuffer_calculateMinMax\000"
 1647      756C6172 
 1647      42756666 
 1647      65725F63 
 1647      616C6375 
 1648              	.LASF67:
 1649 0285 47656E65 		.ascii	"Generated_Source\\PSoC5\\CupSensor_CupSensorUnit.c\000"
 1649      72617465 
 1649      645F536F 
 1649      75726365 
 1649      5C50536F 
 1650              	.LASF7:
 1651 02b6 73686F72 		.ascii	"short unsigned int\000"
 1651      7420756E 
 1651      7369676E 
 1651      65642069 
 1651      6E7400
 1652              	.LASF0:
 1653 02c9 5F5F696E 		.ascii	"__int8_t\000"
 1653      74385F74 
 1653      00
 1654              	.LASF23:
 1655 02d2 63686172 		.ascii	"char\000"
 1655      00
 1656              	.LASF41:
 1657 02d7 706C6163 		.ascii	"placed_trigger\000"
 1657      65645F74 
 1657      72696767 
 1657      657200
 1658              	.LASF44:
 1659 02e6 6869745F 		.ascii	"hit_lower_threshold\000"
 1659      6C6F7765 
 1659      725F7468 
 1659      72657368 
 1659      6F6C6400 
 1660              	.LASF19:
 1661 02fa 696E7433 		.ascii	"int32_t\000"
ARM GAS  C:\Users\nikol\AppData\Local\Temp\cc8De1tr.s 			page 35


 1661      325F7400 
 1662              	.LASF17:
 1663 0302 696E7431 		.ascii	"int16_t\000"
 1663      365F7400 
 1664              	.LASF29:
 1665 030a 72657365 		.ascii	"reset\000"
 1665      7400
 1666              	.LASF26:
 1667 0310 64617461 		.ascii	"data\000"
 1667      00
 1668              	.LASF54:
 1669 0315 6C617374 		.ascii	"lastReading\000"
 1669      52656164 
 1669      696E6700 
 1670              	.LASF45:
 1671 0321 62756666 		.ascii	"buffer\000"
 1671      657200
 1672              	.LASF58:
 1673 0328 72656164 		.ascii	"reading\000"
 1673      696E6700 
 1674              	.LASF40:
 1675 0330 706C6163 		.ascii	"placed_baseline\000"
 1675      65645F62 
 1675      6173656C 
 1675      696E6500 
 1676              	.LASF48:
 1677 0340 73656E73 		.ascii	"sensorUnit\000"
 1677      6F72556E 
 1677      697400
 1678              	.LASF22:
 1679 034b 646F7562 		.ascii	"double\000"
 1679      6C6500
 1680              	.LASF57:
 1681 0352 43757053 		.ascii	"CupSensorUnit_insertReading\000"
 1681      656E736F 
 1681      72556E69 
 1681      745F696E 
 1681      73657274 
 1682              	.LASF30:
 1683 036e 73697A65 		.ascii	"size\000"
 1683      00
 1684              	.LASF49:
 1685 0373 62756666 		.ascii	"bufferSize\000"
 1685      65725369 
 1685      7A6500
 1686              	.LASF51:
 1687 037e 43757053 		.ascii	"CupSensorUnit_init\000"
 1687      656E736F 
 1687      72556E69 
 1687      745F696E 
 1687      697400
 1688              	.LASF8:
 1689 0391 5F5F696E 		.ascii	"__int32_t\000"
 1689      7433325F 
 1689      7400
 1690              	.LASF16:
 1691 039b 75696E74 		.ascii	"uint8_t\000"
ARM GAS  C:\Users\nikol\AppData\Local\Temp\cc8De1tr.s 			page 36


 1691      385F7400 
 1692              	.LASF37:
 1693 03a3 43757053 		.ascii	"CupSensorUnit\000"
 1693      656E736F 
 1693      72556E69 
 1693      7400
 1694              	.LASF55:
 1695 03b1 6572726F 		.ascii	"error\000"
 1695      7200
 1696              	.LASF47:
 1697 03b7 72656D6F 		.ascii	"removedCount\000"
 1697      76656443 
 1697      6F756E74 
 1697      00
 1698              	.LASF63:
 1699 03c4 43697263 		.ascii	"CircularBuffer_resetBuffer\000"
 1699      756C6172 
 1699      42756666 
 1699      65725F72 
 1699      65736574 
 1700              	.LASF60:
 1701 03df 49544D5F 		.ascii	"ITM_RxBuffer\000"
 1701      52784275 
 1701      66666572 
 1701      00
 1702              	.LASF66:
 1703 03ec 474E5520 		.ascii	"GNU C11 5.4.1 20160609 (release) [ARM/embedded-5-br"
 1703      43313120 
 1703      352E342E 
 1703      31203230 
 1703      31363036 
 1704 041f 616E6368 		.ascii	"anch revision 237715] -mcpu=cortex-m3 -mthumb -g -O"
 1704      20726576 
 1704      6973696F 
 1704      6E203233 
 1704      37373135 
 1705 0452 67202D66 		.ascii	"g -ffunction-sections -ffat-lto-objects\000"
 1705      66756E63 
 1705      74696F6E 
 1705      2D736563 
 1705      74696F6E 
 1706              	.LASF35:
 1707 047a 4355505F 		.ascii	"CUP_STATE\000"
 1707      53544154 
 1707      4500
 1708              	.LASF1:
 1709 0484 5F5F7569 		.ascii	"__uint8_t\000"
 1709      6E74385F 
 1709      7400
 1710              		.ident	"GCC: (GNU Tools for ARM Embedded Processors) 5.4.1 20160609 (release) [ARM/embedded-5-bran
