ARM GAS  C:\Users\nikol\AppData\Local\Temp\cc69bS8o.s 			page 1


   1              		.syntax unified
   2              		.cpu cortex-m3
   3              		.fpu softvfp
   4              		.eabi_attribute 20, 1
   5              		.eabi_attribute 21, 1
   6              		.eabi_attribute 23, 3
   7              		.eabi_attribute 24, 1
   8              		.eabi_attribute 25, 1
   9              		.eabi_attribute 26, 1
  10              		.eabi_attribute 30, 1
  11              		.eabi_attribute 34, 1
  12              		.eabi_attribute 18, 4
  13              		.thumb
  14              		.syntax unified
  15              		.file	"main.c"
  16              		.text
  17              	.Ltext0:
  18              		.cfi_sections	.debug_frame
  19              		.section	.text.blinking_LED,"ax",%progbits
  20              		.align	2
  21              		.global	blinking_LED
  22              		.thumb
  23              		.thumb_func
  24              		.type	blinking_LED, %function
  25              	blinking_LED:
  26              	.LFB64:
  27              		.file 1 "main.c"
   1:main.c        **** /* ========================================
   2:main.c        ****  *
   3:main.c        ****  * Copyright YOUR COMPANY, THE YEAR
   4:main.c        ****  * All Rights Reserved
   5:main.c        ****  * UNPUBLISHED, LICENSED SOFTWARE.
   6:main.c        ****  *
   7:main.c        ****  * CONFIDENTIAL AND PROPRIETARY INFORMATION
   8:main.c        ****  * WHICH IS THE PROPERTY OF your company.
   9:main.c        ****  *
  10:main.c        ****  * ========================================
  11:main.c        **** */
  12:main.c        **** 
  13:main.c        **** //#include "cyapicallbacks.h"
  14:main.c        **** #include "project.h"
  15:main.c        **** #include "RPI_IF.h"
  16:main.c        **** #include "string.h"
  17:main.c        **** #include "GameController.h"
  18:main.c        **** 
  19:main.c        **** #define I2C_ISR_ENTRY_CALLBACK
  20:main.c        **** #define I2C_ISR_EXIT_CALLBACK
  21:main.c        **** 
  22:main.c        **** void handleByteReceived(uint8_t byteReceived);
  23:main.c        **** 
  24:main.c        **** CY_ISR(blinking_LED)
  25:main.c        **** {
  28              		.loc 1 25 0
  29              		.cfi_startproc
  30              		@ args = 0, pretend = 0, frame = 0
  31              		@ frame_needed = 0, uses_anonymous_args = 0
  32 0000 08B5     		push	{r3, lr}
ARM GAS  C:\Users\nikol\AppData\Local\Temp\cc69bS8o.s 			page 2


  33              		.cfi_def_cfa_offset 8
  34              		.cfi_offset 3, -8
  35              		.cfi_offset 14, -4
  26:main.c        ****     Timer_ReadStatusRegister();
  36              		.loc 1 26 0
  37 0002 FFF7FEFF 		bl	Timer_ReadStatusRegister
  38              	.LVL0:
  27:main.c        ****     interruptBlink();
  39              		.loc 1 27 0
  40 0006 FFF7FEFF 		bl	interruptBlink
  41              	.LVL1:
  42 000a 08BD     		pop	{r3, pc}
  43              		.cfi_endproc
  44              	.LFE64:
  45              		.size	blinking_LED, .-blinking_LED
  46              		.section	.text.main,"ax",%progbits
  47              		.align	2
  48              		.global	main
  49              		.thumb
  50              		.thumb_func
  51              		.type	main, %function
  52              	main:
  53              	.LFB66:
  28:main.c        **** }
  29:main.c        **** 
  30:main.c        **** CY_ISR(ISR_UART_rx_handler)
  31:main.c        **** {
  32:main.c        ****     uint8_t bytesToRead = UART_GetRxBufferSize();
  33:main.c        ****     while (bytesToRead > 0)
  34:main.c        ****     {
  35:main.c        ****         uint8_t byteReceived = UART_ReadRxData();
  36:main.c        ****         UART_WriteTxData(byteReceived); // echo back
  37:main.c        ****         
  38:main.c        ****         handleByteReceived(byteReceived);
  39:main.c        ****         
  40:main.c        ****         bytesToRead--;
  41:main.c        ****     }
  42:main.c        **** }
  43:main.c        **** 
  44:main.c        **** 
  45:main.c        **** 
  46:main.c        **** int main(void)
  47:main.c        **** {
  54              		.loc 1 47 0
  55              		.cfi_startproc
  56              		@ Volatile: function does not return.
  57              		@ args = 0, pretend = 0, frame = 0
  58              		@ frame_needed = 0, uses_anonymous_args = 0
  59 0000 08B5     		push	{r3, lr}
  60              		.cfi_def_cfa_offset 8
  61              		.cfi_offset 3, -8
  62              		.cfi_offset 14, -4
  48:main.c        ****     CyGlobalIntEnable; /* Enable global interrupts. */
  63              		.loc 1 48 0
  64              		.syntax unified
  65              	@ 48 "main.c" 1
  66 0002 62B6     		CPSIE   i
ARM GAS  C:\Users\nikol\AppData\Local\Temp\cc69bS8o.s 			page 3


  67              	@ 0 "" 2
  49:main.c        ****     UART_Start();
  68              		.loc 1 49 0
  69              		.thumb
  70              		.syntax unified
  71 0004 FFF7FEFF 		bl	UART_Start
  72              	.LVL2:
  50:main.c        ****     UART_PutString("Program started\n\r");
  73              		.loc 1 50 0
  74 0008 0C48     		ldr	r0, .L6
  75 000a FFF7FEFF 		bl	UART_PutString
  76              	.LVL3:
  51:main.c        ****     isr_UART_StartEx(ISR_UART_rx_handler);
  77              		.loc 1 51 0
  78 000e 0C48     		ldr	r0, .L6+4
  79 0010 FFF7FEFF 		bl	isr_UART_StartEx
  80              	.LVL4:
  52:main.c        ****     
  53:main.c        ****     initShiftRegPWM();
  81              		.loc 1 53 0
  82 0014 FFF7FEFF 		bl	initShiftRegPWM
  83              	.LVL5:
  54:main.c        ****     CupSensor_IF_init();
  84              		.loc 1 54 0
  85 0018 FFF7FEFF 		bl	CupSensor_IF_init
  86              	.LVL6:
  55:main.c        ****     /* Place your initialization/startup code here (e.g. MyInst_Start()) */
  56:main.c        ****     
  57:main.c        ****     RPI_IF_init();
  87              		.loc 1 57 0
  88 001c FFF7FEFF 		bl	RPI_IF_init
  89              	.LVL7:
  58:main.c        ****     isr_BLINK_TIMER_StartEx(blinking_LED);
  90              		.loc 1 58 0
  91 0020 0848     		ldr	r0, .L6+8
  92 0022 FFF7FEFF 		bl	isr_BLINK_TIMER_StartEx
  93              	.LVL8:
  59:main.c        ****     //sendCupStatus(0x41);
  60:main.c        ****     setState(PLAYING);
  94              		.loc 1 60 0
  95 0026 0220     		movs	r0, #2
  96 0028 FFF7FEFF 		bl	setState
  97              	.LVL9:
  61:main.c        ****     CyDelay(2000);
  98              		.loc 1 61 0
  99 002c 4FF4FA60 		mov	r0, #2000
 100 0030 FFF7FEFF 		bl	CyDelay
 101              	.LVL10:
 102              	.L4:
  62:main.c        ****     //test_LED_Write(1);
  63:main.c        ****     for(;;)
  64:main.c        ****     {
  65:main.c        ****        Controller();
 103              		.loc 1 65 0 discriminator 1
 104 0034 FFF7FEFF 		bl	Controller
 105              	.LVL11:
 106 0038 FCE7     		b	.L4
ARM GAS  C:\Users\nikol\AppData\Local\Temp\cc69bS8o.s 			page 4


 107              	.L7:
 108 003a 00BF     		.align	2
 109              	.L6:
 110 003c 00000000 		.word	.LC0
 111 0040 00000000 		.word	ISR_UART_rx_handler
 112 0044 00000000 		.word	blinking_LED
 113              		.cfi_endproc
 114              	.LFE66:
 115              		.size	main, .-main
 116              		.section	.text.I2C_ISR_EntryCallback,"ax",%progbits
 117              		.align	2
 118              		.global	I2C_ISR_EntryCallback
 119              		.thumb
 120              		.thumb_func
 121              		.type	I2C_ISR_EntryCallback, %function
 122              	I2C_ISR_EntryCallback:
 123              	.LFB67:
  66:main.c        ****     }
  67:main.c        **** }
  68:main.c        **** 
  69:main.c        **** void I2C_ISR_EntryCallback()
  70:main.c        **** {
 124              		.loc 1 70 0
 125              		.cfi_startproc
 126              		@ args = 0, pretend = 0, frame = 0
 127              		@ frame_needed = 0, uses_anonymous_args = 0
 128 0000 08B5     		push	{r3, lr}
 129              		.cfi_def_cfa_offset 8
 130              		.cfi_offset 3, -8
 131              		.cfi_offset 14, -4
  71:main.c        ****     test_LED_Write(1);
 132              		.loc 1 71 0
 133 0002 0120     		movs	r0, #1
 134 0004 FFF7FEFF 		bl	test_LED_Write
 135              	.LVL12:
 136 0008 08BD     		pop	{r3, pc}
 137              		.cfi_endproc
 138              	.LFE67:
 139              		.size	I2C_ISR_EntryCallback, .-I2C_ISR_EntryCallback
 140 000a 00BF     		.section	.text.I2C_ISR_ExitCallback,"ax",%progbits
 141              		.align	2
 142              		.global	I2C_ISR_ExitCallback
 143              		.thumb
 144              		.thumb_func
 145              		.type	I2C_ISR_ExitCallback, %function
 146              	I2C_ISR_ExitCallback:
 147              	.LFB68:
  72:main.c        **** }
  73:main.c        **** 
  74:main.c        **** void I2C_ISR_ExitCallback()
  75:main.c        **** {
 148              		.loc 1 75 0
 149              		.cfi_startproc
 150              		@ args = 0, pretend = 0, frame = 0
 151              		@ frame_needed = 0, uses_anonymous_args = 0
 152 0000 08B5     		push	{r3, lr}
 153              		.cfi_def_cfa_offset 8
ARM GAS  C:\Users\nikol\AppData\Local\Temp\cc69bS8o.s 			page 5


 154              		.cfi_offset 3, -8
 155              		.cfi_offset 14, -4
  76:main.c        ****     test_LED_Write(0);
 156              		.loc 1 76 0
 157 0002 0020     		movs	r0, #0
 158 0004 FFF7FEFF 		bl	test_LED_Write
 159              	.LVL13:
 160 0008 08BD     		pop	{r3, pc}
 161              		.cfi_endproc
 162              	.LFE68:
 163              		.size	I2C_ISR_ExitCallback, .-I2C_ISR_ExitCallback
 164 000a 00BF     		.section	.text.handleByteReceived,"ax",%progbits
 165              		.align	2
 166              		.global	handleByteReceived
 167              		.thumb
 168              		.thumb_func
 169              		.type	handleByteReceived, %function
 170              	handleByteReceived:
 171              	.LFB69:
  77:main.c        **** }
  78:main.c        **** 
  79:main.c        **** void handleByteReceived(uint8_t byteReceived)
  80:main.c        **** {
 172              		.loc 1 80 0
 173              		.cfi_startproc
 174              		@ args = 0, pretend = 0, frame = 0
 175              		@ frame_needed = 0, uses_anonymous_args = 0
 176              	.LVL14:
 177 0000 08B5     		push	{r3, lr}
 178              		.cfi_def_cfa_offset 8
 179              		.cfi_offset 3, -8
 180              		.cfi_offset 14, -4
  81:main.c        ****     switch(byteReceived)
 181              		.loc 1 81 0
 182 0002 3038     		subs	r0, r0, #48
 183              	.LVL15:
 184 0004 0628     		cmp	r0, #6
 185 0006 20D8     		bhi	.L12
 186 0008 DFE800F0 		tbb	[pc, r0]
 187              	.L15:
 188 000c 04       		.byte	(.L14-.L15)/2
 189 000d 08       		.byte	(.L16-.L15)/2
 190 000e 0C       		.byte	(.L17-.L15)/2
 191 000f 10       		.byte	(.L18-.L15)/2
 192 0010 14       		.byte	(.L19-.L15)/2
 193 0011 18       		.byte	(.L20-.L15)/2
 194 0012 1C       		.byte	(.L21-.L15)/2
 195 0013 00       		.p2align 1
 196              	.L14:
  82:main.c        ****     {
  83:main.c        ****         case '0' : 
  84:main.c        ****         {
  85:main.c        ****             updateCupStatus(0b00000000);
 197              		.loc 1 85 0
 198 0014 0020     		movs	r0, #0
 199 0016 FFF7FEFF 		bl	updateCupStatus
 200              	.LVL16:
ARM GAS  C:\Users\nikol\AppData\Local\Temp\cc69bS8o.s 			page 6


  86:main.c        ****         }
  87:main.c        ****         break;
 201              		.loc 1 87 0
 202 001a 08BD     		pop	{r3, pc}
 203              	.L16:
  88:main.c        ****         case '1' :
  89:main.c        ****         {
  90:main.c        ****             updateCupStatus(0b00000001);
 204              		.loc 1 90 0
 205 001c 0120     		movs	r0, #1
 206 001e FFF7FEFF 		bl	updateCupStatus
 207              	.LVL17:
  91:main.c        ****         }
  92:main.c        ****         break;
 208              		.loc 1 92 0
 209 0022 08BD     		pop	{r3, pc}
 210              	.L17:
  93:main.c        ****         case '2' :
  94:main.c        ****         {
  95:main.c        ****             updateCupStatus(0b00000011);
 211              		.loc 1 95 0
 212 0024 0320     		movs	r0, #3
 213 0026 FFF7FEFF 		bl	updateCupStatus
 214              	.LVL18:
  96:main.c        ****         }
  97:main.c        ****         break;
 215              		.loc 1 97 0
 216 002a 08BD     		pop	{r3, pc}
 217              	.L18:
  98:main.c        ****         case '3':
  99:main.c        ****         {
 100:main.c        ****             updateCupStatus(0b00000111);
 218              		.loc 1 100 0
 219 002c 0720     		movs	r0, #7
 220 002e FFF7FEFF 		bl	updateCupStatus
 221              	.LVL19:
 101:main.c        ****         }
 102:main.c        ****         break;
 222              		.loc 1 102 0
 223 0032 08BD     		pop	{r3, pc}
 224              	.L19:
 103:main.c        ****         case '4':
 104:main.c        ****         {
 105:main.c        ****             updateCupStatus(0b00001111);
 225              		.loc 1 105 0
 226 0034 0F20     		movs	r0, #15
 227 0036 FFF7FEFF 		bl	updateCupStatus
 228              	.LVL20:
 106:main.c        ****         }
 107:main.c        ****         break;
 229              		.loc 1 107 0
 230 003a 08BD     		pop	{r3, pc}
 231              	.L20:
 108:main.c        ****         case '5':
 109:main.c        ****         {
 110:main.c        ****             updateCupStatus(0b00011111);
 232              		.loc 1 110 0
ARM GAS  C:\Users\nikol\AppData\Local\Temp\cc69bS8o.s 			page 7


 233 003c 1F20     		movs	r0, #31
 234 003e FFF7FEFF 		bl	updateCupStatus
 235              	.LVL21:
 111:main.c        ****         }
 112:main.c        ****         break;
 236              		.loc 1 112 0
 237 0042 08BD     		pop	{r3, pc}
 238              	.L21:
 113:main.c        ****         case '6':
 114:main.c        ****         {
 115:main.c        ****             updateCupStatus(0b00111111);
 239              		.loc 1 115 0
 240 0044 3F20     		movs	r0, #63
 241 0046 FFF7FEFF 		bl	updateCupStatus
 242              	.LVL22:
 243              	.L12:
 244 004a 08BD     		pop	{r3, pc}
 245              		.cfi_endproc
 246              	.LFE69:
 247              		.size	handleByteReceived, .-handleByteReceived
 248              		.section	.text.ISR_UART_rx_handler,"ax",%progbits
 249              		.align	2
 250              		.global	ISR_UART_rx_handler
 251              		.thumb
 252              		.thumb_func
 253              		.type	ISR_UART_rx_handler, %function
 254              	ISR_UART_rx_handler:
 255              	.LFB65:
  31:main.c        ****     uint8_t bytesToRead = UART_GetRxBufferSize();
 256              		.loc 1 31 0
 257              		.cfi_startproc
 258              		@ args = 0, pretend = 0, frame = 0
 259              		@ frame_needed = 0, uses_anonymous_args = 0
 260 0000 38B5     		push	{r3, r4, r5, lr}
 261              		.cfi_def_cfa_offset 16
 262              		.cfi_offset 3, -16
 263              		.cfi_offset 4, -12
 264              		.cfi_offset 5, -8
 265              		.cfi_offset 14, -4
  32:main.c        ****     while (bytesToRead > 0)
 266              		.loc 1 32 0
 267 0002 FFF7FEFF 		bl	UART_GetRxBufferSize
 268              	.LVL23:
 269 0006 0446     		mov	r4, r0
 270              	.LVL24:
  33:main.c        ****     {
 271              		.loc 1 33 0
 272 0008 09E0     		b	.L24
 273              	.L25:
 274              	.LBB2:
  35:main.c        ****         UART_WriteTxData(byteReceived); // echo back
 275              		.loc 1 35 0
 276 000a FFF7FEFF 		bl	UART_ReadRxData
 277              	.LVL25:
 278 000e 0546     		mov	r5, r0
 279              	.LVL26:
  36:main.c        ****         
ARM GAS  C:\Users\nikol\AppData\Local\Temp\cc69bS8o.s 			page 8


 280              		.loc 1 36 0
 281 0010 FFF7FEFF 		bl	UART_WriteTxData
 282              	.LVL27:
  38:main.c        ****         
 283              		.loc 1 38 0
 284 0014 2846     		mov	r0, r5
 285 0016 FFF7FEFF 		bl	handleByteReceived
 286              	.LVL28:
  40:main.c        ****     }
 287              		.loc 1 40 0
 288 001a 013C     		subs	r4, r4, #1
 289              	.LVL29:
 290 001c E4B2     		uxtb	r4, r4
 291              	.LVL30:
 292              	.L24:
 293              	.LBE2:
  33:main.c        ****     {
 294              		.loc 1 33 0
 295 001e 002C     		cmp	r4, #0
 296 0020 F3D1     		bne	.L25
  42:main.c        **** 
 297              		.loc 1 42 0
 298 0022 38BD     		pop	{r3, r4, r5, pc}
 299              		.cfi_endproc
 300              	.LFE65:
 301              		.size	ISR_UART_rx_handler, .-ISR_UART_rx_handler
 302              		.comm	currentState,1,1
 303              		.section	.rodata.str1.4,"aMS",%progbits,1
 304              		.align	2
 305              	.LC0:
 306 0000 50726F67 		.ascii	"Program started\012\015\000"
 306      72616D20 
 306      73746172 
 306      7465640A 
 306      0D00
 307              		.text
 308              	.Letext0:
 309              		.file 2 "c:\\program files (x86)\\cypress\\psoc creator\\4.2\\psoc creator\\import\\gnu\\arm\\5.4.
 310              		.file 3 "c:\\program files (x86)\\cypress\\psoc creator\\4.2\\psoc creator\\import\\gnu\\arm\\5.4.
 311              		.file 4 "Generated_Source\\PSoC5/core_cm3.h"
 312              		.file 5 "GameController.h"
 313              		.file 6 "Generated_Source\\PSoC5/Timer.h"
 314              		.file 7 "Generated_Source\\PSoC5/UART.h"
 315              		.file 8 "Generated_Source\\PSoC5/isr_UART.h"
 316              		.file 9 "ShiftRegPWM.h"
 317              		.file 10 "CupSensor_IF.h"
 318              		.file 11 "RPI_IF.h"
 319              		.file 12 "Generated_Source\\PSoC5/isr_BLINK_TIMER.h"
 320              		.file 13 "Generated_Source\\PSoC5/CyLib.h"
 321              		.file 14 "Generated_Source\\PSoC5/test_LED.h"
 322              		.section	.debug_info,"",%progbits
 323              	.Ldebug_info0:
 324 0000 08040000 		.4byte	0x408
 325 0004 0400     		.2byte	0x4
 326 0006 00000000 		.4byte	.Ldebug_abbrev0
 327 000a 04       		.byte	0x4
 328 000b 01       		.uleb128 0x1
ARM GAS  C:\Users\nikol\AppData\Local\Temp\cc69bS8o.s 			page 9


 329 000c DA000000 		.4byte	.LASF48
 330 0010 0C       		.byte	0xc
 331 0011 EC020000 		.4byte	.LASF49
 332 0015 37020000 		.4byte	.LASF50
 333 0019 00000000 		.4byte	.Ldebug_ranges0+0
 334 001d 00000000 		.4byte	0
 335 0021 00000000 		.4byte	.Ldebug_line0
 336 0025 02       		.uleb128 0x2
 337 0026 01       		.byte	0x1
 338 0027 06       		.byte	0x6
 339 0028 62030000 		.4byte	.LASF0
 340 002c 03       		.uleb128 0x3
 341 002d 27000000 		.4byte	.LASF4
 342 0031 02       		.byte	0x2
 343 0032 1D       		.byte	0x1d
 344 0033 37000000 		.4byte	0x37
 345 0037 02       		.uleb128 0x2
 346 0038 01       		.byte	0x1
 347 0039 08       		.byte	0x8
 348 003a CC000000 		.4byte	.LASF1
 349 003e 02       		.uleb128 0x2
 350 003f 02       		.byte	0x2
 351 0040 05       		.byte	0x5
 352 0041 08030000 		.4byte	.LASF2
 353 0045 02       		.uleb128 0x2
 354 0046 02       		.byte	0x2
 355 0047 07       		.byte	0x7
 356 0048 E3010000 		.4byte	.LASF3
 357 004c 03       		.uleb128 0x3
 358 004d 6B000000 		.4byte	.LASF5
 359 0051 02       		.byte	0x2
 360 0052 3F       		.byte	0x3f
 361 0053 57000000 		.4byte	0x57
 362 0057 02       		.uleb128 0x2
 363 0058 04       		.byte	0x4
 364 0059 05       		.byte	0x5
 365 005a 4D030000 		.4byte	.LASF6
 366 005e 02       		.uleb128 0x2
 367 005f 04       		.byte	0x4
 368 0060 07       		.byte	0x7
 369 0061 7C010000 		.4byte	.LASF7
 370 0065 02       		.uleb128 0x2
 371 0066 08       		.byte	0x8
 372 0067 05       		.byte	0x5
 373 0068 D2020000 		.4byte	.LASF8
 374 006c 02       		.uleb128 0x2
 375 006d 08       		.byte	0x8
 376 006e 07       		.byte	0x7
 377 006f 18020000 		.4byte	.LASF9
 378 0073 04       		.uleb128 0x4
 379 0074 04       		.byte	0x4
 380 0075 05       		.byte	0x5
 381 0076 696E7400 		.ascii	"int\000"
 382 007a 02       		.uleb128 0x2
 383 007b 04       		.byte	0x4
 384 007c 07       		.byte	0x7
 385 007d 0B020000 		.4byte	.LASF10
ARM GAS  C:\Users\nikol\AppData\Local\Temp\cc69bS8o.s 			page 10


 386 0081 03       		.uleb128 0x3
 387 0082 2F020000 		.4byte	.LASF11
 388 0086 03       		.byte	0x3
 389 0087 18       		.byte	0x18
 390 0088 2C000000 		.4byte	0x2c
 391 008c 03       		.uleb128 0x3
 392 008d A3020000 		.4byte	.LASF12
 393 0091 03       		.byte	0x3
 394 0092 2C       		.byte	0x2c
 395 0093 4C000000 		.4byte	0x4c
 396 0097 02       		.uleb128 0x2
 397 0098 04       		.byte	0x4
 398 0099 04       		.byte	0x4
 399 009a B9000000 		.4byte	.LASF13
 400 009e 02       		.uleb128 0x2
 401 009f 08       		.byte	0x8
 402 00a0 04       		.byte	0x4
 403 00a1 DC010000 		.4byte	.LASF14
 404 00a5 02       		.uleb128 0x2
 405 00a6 01       		.byte	0x1
 406 00a7 08       		.byte	0x8
 407 00a8 F3020000 		.4byte	.LASF15
 408 00ac 02       		.uleb128 0x2
 409 00ad 08       		.byte	0x8
 410 00ae 04       		.byte	0x4
 411 00af 56030000 		.4byte	.LASF16
 412 00b3 02       		.uleb128 0x2
 413 00b4 04       		.byte	0x4
 414 00b5 07       		.byte	0x7
 415 00b6 AB020000 		.4byte	.LASF17
 416 00ba 05       		.uleb128 0x5
 417 00bb 3E000000 		.4byte	.LASF51
 418 00bf 01       		.byte	0x1
 419 00c0 37000000 		.4byte	0x37
 420 00c4 05       		.byte	0x5
 421 00c5 16       		.byte	0x16
 422 00c6 E9000000 		.4byte	0xe9
 423 00ca 06       		.uleb128 0x6
 424 00cb A8000000 		.4byte	.LASF18
 425 00cf 00       		.byte	0
 426 00d0 06       		.uleb128 0x6
 427 00d1 C9020000 		.4byte	.LASF19
 428 00d5 01       		.byte	0x1
 429 00d6 06       		.uleb128 0x6
 430 00d7 CF010000 		.4byte	.LASF20
 431 00db 02       		.byte	0x2
 432 00dc 07       		.uleb128 0x7
 433 00dd 574F4E00 		.ascii	"WON\000"
 434 00e1 03       		.byte	0x3
 435 00e2 06       		.uleb128 0x6
 436 00e3 D7010000 		.4byte	.LASF21
 437 00e7 04       		.byte	0x4
 438 00e8 00       		.byte	0
 439 00e9 08       		.uleb128 0x8
 440 00ea 12030000 		.4byte	.LASF24
 441 00ee 01       		.byte	0x1
 442 00ef 18       		.byte	0x18
ARM GAS  C:\Users\nikol\AppData\Local\Temp\cc69bS8o.s 			page 11


 443 00f0 00000000 		.4byte	.LFB64
 444 00f4 0C000000 		.4byte	.LFE64-.LFB64
 445 00f8 01       		.uleb128 0x1
 446 00f9 9C       		.byte	0x9c
 447 00fa 11010000 		.4byte	0x111
 448 00fe 09       		.uleb128 0x9
 449 00ff 06000000 		.4byte	.LVL0
 450 0103 50030000 		.4byte	0x350
 451 0107 09       		.uleb128 0x9
 452 0108 0A000000 		.4byte	.LVL1
 453 010c 5B030000 		.4byte	0x35b
 454 0110 00       		.byte	0
 455 0111 0A       		.uleb128 0xa
 456 0112 06020000 		.4byte	.LASF52
 457 0116 01       		.byte	0x1
 458 0117 2E       		.byte	0x2e
 459 0118 73000000 		.4byte	0x73
 460 011c 00000000 		.4byte	.LFB66
 461 0120 48000000 		.4byte	.LFE66-.LFB66
 462 0124 01       		.uleb128 0x1
 463 0125 9C       		.byte	0x9c
 464 0126 C5010000 		.4byte	0x1c5
 465 012a 09       		.uleb128 0x9
 466 012b 08000000 		.4byte	.LVL2
 467 012f 66030000 		.4byte	0x366
 468 0133 0B       		.uleb128 0xb
 469 0134 0E000000 		.4byte	.LVL3
 470 0138 71030000 		.4byte	0x371
 471 013c 4A010000 		.4byte	0x14a
 472 0140 0C       		.uleb128 0xc
 473 0141 01       		.uleb128 0x1
 474 0142 50       		.byte	0x50
 475 0143 05       		.uleb128 0x5
 476 0144 03       		.byte	0x3
 477 0145 00000000 		.4byte	.LC0
 478 0149 00       		.byte	0
 479 014a 0B       		.uleb128 0xb
 480 014b 14000000 		.4byte	.LVL4
 481 014f 7C030000 		.4byte	0x37c
 482 0153 61010000 		.4byte	0x161
 483 0157 0C       		.uleb128 0xc
 484 0158 01       		.uleb128 0x1
 485 0159 50       		.byte	0x50
 486 015a 05       		.uleb128 0x5
 487 015b 03       		.byte	0x3
 488 015c 00000000 		.4byte	ISR_UART_rx_handler
 489 0160 00       		.byte	0
 490 0161 09       		.uleb128 0x9
 491 0162 18000000 		.4byte	.LVL5
 492 0166 87030000 		.4byte	0x387
 493 016a 09       		.uleb128 0x9
 494 016b 1C000000 		.4byte	.LVL6
 495 016f 92030000 		.4byte	0x392
 496 0173 09       		.uleb128 0x9
 497 0174 20000000 		.4byte	.LVL7
 498 0178 9D030000 		.4byte	0x39d
 499 017c 0B       		.uleb128 0xb
ARM GAS  C:\Users\nikol\AppData\Local\Temp\cc69bS8o.s 			page 12


 500 017d 26000000 		.4byte	.LVL8
 501 0181 A8030000 		.4byte	0x3a8
 502 0185 93010000 		.4byte	0x193
 503 0189 0C       		.uleb128 0xc
 504 018a 01       		.uleb128 0x1
 505 018b 50       		.byte	0x50
 506 018c 05       		.uleb128 0x5
 507 018d 03       		.byte	0x3
 508 018e 00000000 		.4byte	blinking_LED
 509 0192 00       		.byte	0
 510 0193 0B       		.uleb128 0xb
 511 0194 2C000000 		.4byte	.LVL9
 512 0198 B3030000 		.4byte	0x3b3
 513 019c A6010000 		.4byte	0x1a6
 514 01a0 0C       		.uleb128 0xc
 515 01a1 01       		.uleb128 0x1
 516 01a2 50       		.byte	0x50
 517 01a3 01       		.uleb128 0x1
 518 01a4 32       		.byte	0x32
 519 01a5 00       		.byte	0
 520 01a6 0B       		.uleb128 0xb
 521 01a7 34000000 		.4byte	.LVL10
 522 01ab BE030000 		.4byte	0x3be
 523 01af BB010000 		.4byte	0x1bb
 524 01b3 0C       		.uleb128 0xc
 525 01b4 01       		.uleb128 0x1
 526 01b5 50       		.byte	0x50
 527 01b6 03       		.uleb128 0x3
 528 01b7 0A       		.byte	0xa
 529 01b8 D007     		.2byte	0x7d0
 530 01ba 00       		.byte	0
 531 01bb 09       		.uleb128 0x9
 532 01bc 38000000 		.4byte	.LVL11
 533 01c0 C9030000 		.4byte	0x3c9
 534 01c4 00       		.byte	0
 535 01c5 0D       		.uleb128 0xd
 536 01c6 AC010000 		.4byte	.LASF22
 537 01ca 01       		.byte	0x1
 538 01cb 45       		.byte	0x45
 539 01cc 00000000 		.4byte	.LFB67
 540 01d0 0A000000 		.4byte	.LFE67-.LFB67
 541 01d4 01       		.uleb128 0x1
 542 01d5 9C       		.byte	0x9c
 543 01d6 EA010000 		.4byte	0x1ea
 544 01da 0E       		.uleb128 0xe
 545 01db 08000000 		.4byte	.LVL12
 546 01df D4030000 		.4byte	0x3d4
 547 01e3 0C       		.uleb128 0xc
 548 01e4 01       		.uleb128 0x1
 549 01e5 50       		.byte	0x50
 550 01e6 01       		.uleb128 0x1
 551 01e7 31       		.byte	0x31
 552 01e8 00       		.byte	0
 553 01e9 00       		.byte	0
 554 01ea 0D       		.uleb128 0xd
 555 01eb B4020000 		.4byte	.LASF23
 556 01ef 01       		.byte	0x1
ARM GAS  C:\Users\nikol\AppData\Local\Temp\cc69bS8o.s 			page 13


 557 01f0 4A       		.byte	0x4a
 558 01f1 00000000 		.4byte	.LFB68
 559 01f5 0A000000 		.4byte	.LFE68-.LFB68
 560 01f9 01       		.uleb128 0x1
 561 01fa 9C       		.byte	0x9c
 562 01fb 0F020000 		.4byte	0x20f
 563 01ff 0E       		.uleb128 0xe
 564 0200 08000000 		.4byte	.LVL13
 565 0204 D4030000 		.4byte	0x3d4
 566 0208 0C       		.uleb128 0xc
 567 0209 01       		.uleb128 0x1
 568 020a 50       		.byte	0x50
 569 020b 01       		.uleb128 0x1
 570 020c 30       		.byte	0x30
 571 020d 00       		.byte	0
 572 020e 00       		.byte	0
 573 020f 08       		.uleb128 0x8
 574 0210 8E010000 		.4byte	.LASF25
 575 0214 01       		.byte	0x1
 576 0215 4F       		.byte	0x4f
 577 0216 00000000 		.4byte	.LFB69
 578 021a 4C000000 		.4byte	.LFE69-.LFB69
 579 021e 01       		.uleb128 0x1
 580 021f 9C       		.byte	0x9c
 581 0220 B6020000 		.4byte	0x2b6
 582 0224 0F       		.uleb128 0xf
 583 0225 BF000000 		.4byte	.LASF28
 584 0229 01       		.byte	0x1
 585 022a 4F       		.byte	0x4f
 586 022b 81000000 		.4byte	0x81
 587 022f 00000000 		.4byte	.LLST0
 588 0233 0B       		.uleb128 0xb
 589 0234 1A000000 		.4byte	.LVL16
 590 0238 DF030000 		.4byte	0x3df
 591 023c 46020000 		.4byte	0x246
 592 0240 0C       		.uleb128 0xc
 593 0241 01       		.uleb128 0x1
 594 0242 50       		.byte	0x50
 595 0243 01       		.uleb128 0x1
 596 0244 30       		.byte	0x30
 597 0245 00       		.byte	0
 598 0246 0B       		.uleb128 0xb
 599 0247 22000000 		.4byte	.LVL17
 600 024b DF030000 		.4byte	0x3df
 601 024f 59020000 		.4byte	0x259
 602 0253 0C       		.uleb128 0xc
 603 0254 01       		.uleb128 0x1
 604 0255 50       		.byte	0x50
 605 0256 01       		.uleb128 0x1
 606 0257 31       		.byte	0x31
 607 0258 00       		.byte	0
 608 0259 0B       		.uleb128 0xb
 609 025a 2A000000 		.4byte	.LVL18
 610 025e DF030000 		.4byte	0x3df
 611 0262 6C020000 		.4byte	0x26c
 612 0266 0C       		.uleb128 0xc
 613 0267 01       		.uleb128 0x1
ARM GAS  C:\Users\nikol\AppData\Local\Temp\cc69bS8o.s 			page 14


 614 0268 50       		.byte	0x50
 615 0269 01       		.uleb128 0x1
 616 026a 33       		.byte	0x33
 617 026b 00       		.byte	0
 618 026c 0B       		.uleb128 0xb
 619 026d 32000000 		.4byte	.LVL19
 620 0271 DF030000 		.4byte	0x3df
 621 0275 7F020000 		.4byte	0x27f
 622 0279 0C       		.uleb128 0xc
 623 027a 01       		.uleb128 0x1
 624 027b 50       		.byte	0x50
 625 027c 01       		.uleb128 0x1
 626 027d 37       		.byte	0x37
 627 027e 00       		.byte	0
 628 027f 0B       		.uleb128 0xb
 629 0280 3A000000 		.4byte	.LVL20
 630 0284 DF030000 		.4byte	0x3df
 631 0288 92020000 		.4byte	0x292
 632 028c 0C       		.uleb128 0xc
 633 028d 01       		.uleb128 0x1
 634 028e 50       		.byte	0x50
 635 028f 01       		.uleb128 0x1
 636 0290 3F       		.byte	0x3f
 637 0291 00       		.byte	0
 638 0292 0B       		.uleb128 0xb
 639 0293 42000000 		.4byte	.LVL21
 640 0297 DF030000 		.4byte	0x3df
 641 029b A5020000 		.4byte	0x2a5
 642 029f 0C       		.uleb128 0xc
 643 02a0 01       		.uleb128 0x1
 644 02a1 50       		.byte	0x50
 645 02a2 01       		.uleb128 0x1
 646 02a3 4F       		.byte	0x4f
 647 02a4 00       		.byte	0
 648 02a5 0E       		.uleb128 0xe
 649 02a6 4A000000 		.4byte	.LVL22
 650 02aa DF030000 		.4byte	0x3df
 651 02ae 0C       		.uleb128 0xc
 652 02af 01       		.uleb128 0x1
 653 02b0 50       		.byte	0x50
 654 02b1 02       		.uleb128 0x2
 655 02b2 08       		.byte	0x8
 656 02b3 3F       		.byte	0x3f
 657 02b4 00       		.byte	0
 658 02b5 00       		.byte	0
 659 02b6 08       		.uleb128 0x8
 660 02b7 68010000 		.4byte	.LASF26
 661 02bb 01       		.byte	0x1
 662 02bc 1E       		.byte	0x1e
 663 02bd 00000000 		.4byte	.LFB65
 664 02c1 24000000 		.4byte	.LFE65-.LFB65
 665 02c5 01       		.uleb128 0x1
 666 02c6 9C       		.byte	0x9c
 667 02c7 2E030000 		.4byte	0x32e
 668 02cb 10       		.uleb128 0x10
 669 02cc AD000000 		.4byte	.LASF27
 670 02d0 01       		.byte	0x1
ARM GAS  C:\Users\nikol\AppData\Local\Temp\cc69bS8o.s 			page 15


 671 02d1 20       		.byte	0x20
 672 02d2 81000000 		.4byte	0x81
 673 02d6 21000000 		.4byte	.LLST1
 674 02da 11       		.uleb128 0x11
 675 02db 0A000000 		.4byte	.LBB2
 676 02df 14000000 		.4byte	.LBE2-.LBB2
 677 02e3 24030000 		.4byte	0x324
 678 02e7 10       		.uleb128 0x10
 679 02e8 BF000000 		.4byte	.LASF28
 680 02ec 01       		.byte	0x1
 681 02ed 23       		.byte	0x23
 682 02ee 81000000 		.4byte	0x81
 683 02f2 3F000000 		.4byte	.LLST2
 684 02f6 09       		.uleb128 0x9
 685 02f7 0E000000 		.4byte	.LVL25
 686 02fb EA030000 		.4byte	0x3ea
 687 02ff 0B       		.uleb128 0xb
 688 0300 14000000 		.4byte	.LVL27
 689 0304 F5030000 		.4byte	0x3f5
 690 0308 13030000 		.4byte	0x313
 691 030c 0C       		.uleb128 0xc
 692 030d 01       		.uleb128 0x1
 693 030e 50       		.byte	0x50
 694 030f 02       		.uleb128 0x2
 695 0310 75       		.byte	0x75
 696 0311 00       		.sleb128 0
 697 0312 00       		.byte	0
 698 0313 0E       		.uleb128 0xe
 699 0314 1A000000 		.4byte	.LVL28
 700 0318 0F020000 		.4byte	0x20f
 701 031c 0C       		.uleb128 0xc
 702 031d 01       		.uleb128 0x1
 703 031e 50       		.byte	0x50
 704 031f 02       		.uleb128 0x2
 705 0320 75       		.byte	0x75
 706 0321 00       		.sleb128 0
 707 0322 00       		.byte	0
 708 0323 00       		.byte	0
 709 0324 09       		.uleb128 0x9
 710 0325 06000000 		.4byte	.LVL23
 711 0329 00040000 		.4byte	0x400
 712 032d 00       		.byte	0
 713 032e 12       		.uleb128 0x12
 714 032f C2010000 		.4byte	.LASF29
 715 0333 04       		.byte	0x4
 716 0334 1207     		.2byte	0x712
 717 0336 3A030000 		.4byte	0x33a
 718 033a 13       		.uleb128 0x13
 719 033b 8C000000 		.4byte	0x8c
 720 033f 14       		.uleb128 0x14
 721 0340 31000000 		.4byte	.LASF30
 722 0344 05       		.byte	0x5
 723 0345 16       		.byte	0x16
 724 0346 BA000000 		.4byte	0xba
 725 034a 05       		.uleb128 0x5
 726 034b 03       		.byte	0x3
 727 034c 00000000 		.4byte	currentState
ARM GAS  C:\Users\nikol\AppData\Local\Temp\cc69bS8o.s 			page 16


 728 0350 15       		.uleb128 0x15
 729 0351 75000000 		.4byte	.LASF31
 730 0355 75000000 		.4byte	.LASF31
 731 0359 06       		.byte	0x6
 732 035a 5E       		.byte	0x5e
 733 035b 15       		.uleb128 0x15
 734 035c 8E000000 		.4byte	.LASF32
 735 0360 8E000000 		.4byte	.LASF32
 736 0364 05       		.byte	0x5
 737 0365 21       		.byte	0x21
 738 0366 15       		.uleb128 0x15
 739 0367 A1010000 		.4byte	.LASF33
 740 036b A1010000 		.4byte	.LASF33
 741 036f 07       		.byte	0x7
 742 0370 54       		.byte	0x54
 743 0371 15       		.uleb128 0x15
 744 0372 7F030000 		.4byte	.LASF34
 745 0376 7F030000 		.4byte	.LASF34
 746 037a 07       		.byte	0x7
 747 037b 8B       		.byte	0x8b
 748 037c 15       		.uleb128 0x15
 749 037d 6E030000 		.4byte	.LASF35
 750 0381 6E030000 		.4byte	.LASF35
 751 0385 08       		.byte	0x8
 752 0386 18       		.byte	0x18
 753 0387 15       		.uleb128 0x15
 754 0388 F8020000 		.4byte	.LASF36
 755 038c F8020000 		.4byte	.LASF36
 756 0390 09       		.byte	0x9
 757 0391 1A       		.byte	0x1a
 758 0392 15       		.uleb128 0x15
 759 0393 59000000 		.4byte	.LASF37
 760 0397 59000000 		.4byte	.LASF37
 761 039b 0A       		.byte	0xa
 762 039c 10       		.byte	0x10
 763 039d 15       		.uleb128 0x15
 764 039e E0020000 		.4byte	.LASF38
 765 03a2 E0020000 		.4byte	.LASF38
 766 03a6 0B       		.byte	0xb
 767 03a7 13       		.byte	0x13
 768 03a8 15       		.uleb128 0x15
 769 03a9 0F000000 		.4byte	.LASF39
 770 03ad 0F000000 		.4byte	.LASF39
 771 03b1 0C       		.byte	0xc
 772 03b2 18       		.byte	0x18
 773 03b3 15       		.uleb128 0x15
 774 03b4 2F030000 		.4byte	.LASF40
 775 03b8 2F030000 		.4byte	.LASF40
 776 03bc 05       		.byte	0x5
 777 03bd 19       		.byte	0x19
 778 03be 15       		.uleb128 0x15
 779 03bf 8E030000 		.4byte	.LASF41
 780 03c3 8E030000 		.4byte	.LASF41
 781 03c7 0D       		.byte	0xd
 782 03c8 76       		.byte	0x76
 783 03c9 15       		.uleb128 0x15
 784 03ca 9D000000 		.4byte	.LASF42
ARM GAS  C:\Users\nikol\AppData\Local\Temp\cc69bS8o.s 			page 17


 785 03ce 9D000000 		.4byte	.LASF42
 786 03d2 05       		.byte	0x5
 787 03d3 20       		.byte	0x20
 788 03d4 15       		.uleb128 0x15
 789 03d5 00000000 		.4byte	.LASF43
 790 03d9 00000000 		.4byte	.LASF43
 791 03dd 0E       		.byte	0xe
 792 03de 26       		.byte	0x26
 793 03df 15       		.uleb128 0x15
 794 03e0 1F030000 		.4byte	.LASF44
 795 03e4 1F030000 		.4byte	.LASF44
 796 03e8 05       		.byte	0x5
 797 03e9 1C       		.byte	0x1c
 798 03ea 15       		.uleb128 0x15
 799 03eb F6010000 		.4byte	.LASF45
 800 03ef F6010000 		.4byte	.LASF45
 801 03f3 07       		.byte	0x7
 802 03f4 6F       		.byte	0x6f
 803 03f5 15       		.uleb128 0x15
 804 03f6 48000000 		.4byte	.LASF46
 805 03fa 48000000 		.4byte	.LASF46
 806 03fe 07       		.byte	0x7
 807 03ff 88       		.byte	0x88
 808 0400 15       		.uleb128 0x15
 809 0401 38030000 		.4byte	.LASF47
 810 0405 38030000 		.4byte	.LASF47
 811 0409 07       		.byte	0x7
 812 040a 73       		.byte	0x73
 813 040b 00       		.byte	0
 814              		.section	.debug_abbrev,"",%progbits
 815              	.Ldebug_abbrev0:
 816 0000 01       		.uleb128 0x1
 817 0001 11       		.uleb128 0x11
 818 0002 01       		.byte	0x1
 819 0003 25       		.uleb128 0x25
 820 0004 0E       		.uleb128 0xe
 821 0005 13       		.uleb128 0x13
 822 0006 0B       		.uleb128 0xb
 823 0007 03       		.uleb128 0x3
 824 0008 0E       		.uleb128 0xe
 825 0009 1B       		.uleb128 0x1b
 826 000a 0E       		.uleb128 0xe
 827 000b 55       		.uleb128 0x55
 828 000c 17       		.uleb128 0x17
 829 000d 11       		.uleb128 0x11
 830 000e 01       		.uleb128 0x1
 831 000f 10       		.uleb128 0x10
 832 0010 17       		.uleb128 0x17
 833 0011 00       		.byte	0
 834 0012 00       		.byte	0
 835 0013 02       		.uleb128 0x2
 836 0014 24       		.uleb128 0x24
 837 0015 00       		.byte	0
 838 0016 0B       		.uleb128 0xb
 839 0017 0B       		.uleb128 0xb
 840 0018 3E       		.uleb128 0x3e
 841 0019 0B       		.uleb128 0xb
ARM GAS  C:\Users\nikol\AppData\Local\Temp\cc69bS8o.s 			page 18


 842 001a 03       		.uleb128 0x3
 843 001b 0E       		.uleb128 0xe
 844 001c 00       		.byte	0
 845 001d 00       		.byte	0
 846 001e 03       		.uleb128 0x3
 847 001f 16       		.uleb128 0x16
 848 0020 00       		.byte	0
 849 0021 03       		.uleb128 0x3
 850 0022 0E       		.uleb128 0xe
 851 0023 3A       		.uleb128 0x3a
 852 0024 0B       		.uleb128 0xb
 853 0025 3B       		.uleb128 0x3b
 854 0026 0B       		.uleb128 0xb
 855 0027 49       		.uleb128 0x49
 856 0028 13       		.uleb128 0x13
 857 0029 00       		.byte	0
 858 002a 00       		.byte	0
 859 002b 04       		.uleb128 0x4
 860 002c 24       		.uleb128 0x24
 861 002d 00       		.byte	0
 862 002e 0B       		.uleb128 0xb
 863 002f 0B       		.uleb128 0xb
 864 0030 3E       		.uleb128 0x3e
 865 0031 0B       		.uleb128 0xb
 866 0032 03       		.uleb128 0x3
 867 0033 08       		.uleb128 0x8
 868 0034 00       		.byte	0
 869 0035 00       		.byte	0
 870 0036 05       		.uleb128 0x5
 871 0037 04       		.uleb128 0x4
 872 0038 01       		.byte	0x1
 873 0039 03       		.uleb128 0x3
 874 003a 0E       		.uleb128 0xe
 875 003b 0B       		.uleb128 0xb
 876 003c 0B       		.uleb128 0xb
 877 003d 49       		.uleb128 0x49
 878 003e 13       		.uleb128 0x13
 879 003f 3A       		.uleb128 0x3a
 880 0040 0B       		.uleb128 0xb
 881 0041 3B       		.uleb128 0x3b
 882 0042 0B       		.uleb128 0xb
 883 0043 01       		.uleb128 0x1
 884 0044 13       		.uleb128 0x13
 885 0045 00       		.byte	0
 886 0046 00       		.byte	0
 887 0047 06       		.uleb128 0x6
 888 0048 28       		.uleb128 0x28
 889 0049 00       		.byte	0
 890 004a 03       		.uleb128 0x3
 891 004b 0E       		.uleb128 0xe
 892 004c 1C       		.uleb128 0x1c
 893 004d 0B       		.uleb128 0xb
 894 004e 00       		.byte	0
 895 004f 00       		.byte	0
 896 0050 07       		.uleb128 0x7
 897 0051 28       		.uleb128 0x28
 898 0052 00       		.byte	0
ARM GAS  C:\Users\nikol\AppData\Local\Temp\cc69bS8o.s 			page 19


 899 0053 03       		.uleb128 0x3
 900 0054 08       		.uleb128 0x8
 901 0055 1C       		.uleb128 0x1c
 902 0056 0B       		.uleb128 0xb
 903 0057 00       		.byte	0
 904 0058 00       		.byte	0
 905 0059 08       		.uleb128 0x8
 906 005a 2E       		.uleb128 0x2e
 907 005b 01       		.byte	0x1
 908 005c 3F       		.uleb128 0x3f
 909 005d 19       		.uleb128 0x19
 910 005e 03       		.uleb128 0x3
 911 005f 0E       		.uleb128 0xe
 912 0060 3A       		.uleb128 0x3a
 913 0061 0B       		.uleb128 0xb
 914 0062 3B       		.uleb128 0x3b
 915 0063 0B       		.uleb128 0xb
 916 0064 27       		.uleb128 0x27
 917 0065 19       		.uleb128 0x19
 918 0066 11       		.uleb128 0x11
 919 0067 01       		.uleb128 0x1
 920 0068 12       		.uleb128 0x12
 921 0069 06       		.uleb128 0x6
 922 006a 40       		.uleb128 0x40
 923 006b 18       		.uleb128 0x18
 924 006c 9742     		.uleb128 0x2117
 925 006e 19       		.uleb128 0x19
 926 006f 01       		.uleb128 0x1
 927 0070 13       		.uleb128 0x13
 928 0071 00       		.byte	0
 929 0072 00       		.byte	0
 930 0073 09       		.uleb128 0x9
 931 0074 898201   		.uleb128 0x4109
 932 0077 00       		.byte	0
 933 0078 11       		.uleb128 0x11
 934 0079 01       		.uleb128 0x1
 935 007a 31       		.uleb128 0x31
 936 007b 13       		.uleb128 0x13
 937 007c 00       		.byte	0
 938 007d 00       		.byte	0
 939 007e 0A       		.uleb128 0xa
 940 007f 2E       		.uleb128 0x2e
 941 0080 01       		.byte	0x1
 942 0081 3F       		.uleb128 0x3f
 943 0082 19       		.uleb128 0x19
 944 0083 03       		.uleb128 0x3
 945 0084 0E       		.uleb128 0xe
 946 0085 3A       		.uleb128 0x3a
 947 0086 0B       		.uleb128 0xb
 948 0087 3B       		.uleb128 0x3b
 949 0088 0B       		.uleb128 0xb
 950 0089 27       		.uleb128 0x27
 951 008a 19       		.uleb128 0x19
 952 008b 49       		.uleb128 0x49
 953 008c 13       		.uleb128 0x13
 954 008d 8701     		.uleb128 0x87
 955 008f 19       		.uleb128 0x19
ARM GAS  C:\Users\nikol\AppData\Local\Temp\cc69bS8o.s 			page 20


 956 0090 11       		.uleb128 0x11
 957 0091 01       		.uleb128 0x1
 958 0092 12       		.uleb128 0x12
 959 0093 06       		.uleb128 0x6
 960 0094 40       		.uleb128 0x40
 961 0095 18       		.uleb128 0x18
 962 0096 9742     		.uleb128 0x2117
 963 0098 19       		.uleb128 0x19
 964 0099 01       		.uleb128 0x1
 965 009a 13       		.uleb128 0x13
 966 009b 00       		.byte	0
 967 009c 00       		.byte	0
 968 009d 0B       		.uleb128 0xb
 969 009e 898201   		.uleb128 0x4109
 970 00a1 01       		.byte	0x1
 971 00a2 11       		.uleb128 0x11
 972 00a3 01       		.uleb128 0x1
 973 00a4 31       		.uleb128 0x31
 974 00a5 13       		.uleb128 0x13
 975 00a6 01       		.uleb128 0x1
 976 00a7 13       		.uleb128 0x13
 977 00a8 00       		.byte	0
 978 00a9 00       		.byte	0
 979 00aa 0C       		.uleb128 0xc
 980 00ab 8A8201   		.uleb128 0x410a
 981 00ae 00       		.byte	0
 982 00af 02       		.uleb128 0x2
 983 00b0 18       		.uleb128 0x18
 984 00b1 9142     		.uleb128 0x2111
 985 00b3 18       		.uleb128 0x18
 986 00b4 00       		.byte	0
 987 00b5 00       		.byte	0
 988 00b6 0D       		.uleb128 0xd
 989 00b7 2E       		.uleb128 0x2e
 990 00b8 01       		.byte	0x1
 991 00b9 3F       		.uleb128 0x3f
 992 00ba 19       		.uleb128 0x19
 993 00bb 03       		.uleb128 0x3
 994 00bc 0E       		.uleb128 0xe
 995 00bd 3A       		.uleb128 0x3a
 996 00be 0B       		.uleb128 0xb
 997 00bf 3B       		.uleb128 0x3b
 998 00c0 0B       		.uleb128 0xb
 999 00c1 11       		.uleb128 0x11
 1000 00c2 01       		.uleb128 0x1
 1001 00c3 12       		.uleb128 0x12
 1002 00c4 06       		.uleb128 0x6
 1003 00c5 40       		.uleb128 0x40
 1004 00c6 18       		.uleb128 0x18
 1005 00c7 9742     		.uleb128 0x2117
 1006 00c9 19       		.uleb128 0x19
 1007 00ca 01       		.uleb128 0x1
 1008 00cb 13       		.uleb128 0x13
 1009 00cc 00       		.byte	0
 1010 00cd 00       		.byte	0
 1011 00ce 0E       		.uleb128 0xe
 1012 00cf 898201   		.uleb128 0x4109
ARM GAS  C:\Users\nikol\AppData\Local\Temp\cc69bS8o.s 			page 21


 1013 00d2 01       		.byte	0x1
 1014 00d3 11       		.uleb128 0x11
 1015 00d4 01       		.uleb128 0x1
 1016 00d5 31       		.uleb128 0x31
 1017 00d6 13       		.uleb128 0x13
 1018 00d7 00       		.byte	0
 1019 00d8 00       		.byte	0
 1020 00d9 0F       		.uleb128 0xf
 1021 00da 05       		.uleb128 0x5
 1022 00db 00       		.byte	0
 1023 00dc 03       		.uleb128 0x3
 1024 00dd 0E       		.uleb128 0xe
 1025 00de 3A       		.uleb128 0x3a
 1026 00df 0B       		.uleb128 0xb
 1027 00e0 3B       		.uleb128 0x3b
 1028 00e1 0B       		.uleb128 0xb
 1029 00e2 49       		.uleb128 0x49
 1030 00e3 13       		.uleb128 0x13
 1031 00e4 02       		.uleb128 0x2
 1032 00e5 17       		.uleb128 0x17
 1033 00e6 00       		.byte	0
 1034 00e7 00       		.byte	0
 1035 00e8 10       		.uleb128 0x10
 1036 00e9 34       		.uleb128 0x34
 1037 00ea 00       		.byte	0
 1038 00eb 03       		.uleb128 0x3
 1039 00ec 0E       		.uleb128 0xe
 1040 00ed 3A       		.uleb128 0x3a
 1041 00ee 0B       		.uleb128 0xb
 1042 00ef 3B       		.uleb128 0x3b
 1043 00f0 0B       		.uleb128 0xb
 1044 00f1 49       		.uleb128 0x49
 1045 00f2 13       		.uleb128 0x13
 1046 00f3 02       		.uleb128 0x2
 1047 00f4 17       		.uleb128 0x17
 1048 00f5 00       		.byte	0
 1049 00f6 00       		.byte	0
 1050 00f7 11       		.uleb128 0x11
 1051 00f8 0B       		.uleb128 0xb
 1052 00f9 01       		.byte	0x1
 1053 00fa 11       		.uleb128 0x11
 1054 00fb 01       		.uleb128 0x1
 1055 00fc 12       		.uleb128 0x12
 1056 00fd 06       		.uleb128 0x6
 1057 00fe 01       		.uleb128 0x1
 1058 00ff 13       		.uleb128 0x13
 1059 0100 00       		.byte	0
 1060 0101 00       		.byte	0
 1061 0102 12       		.uleb128 0x12
 1062 0103 34       		.uleb128 0x34
 1063 0104 00       		.byte	0
 1064 0105 03       		.uleb128 0x3
 1065 0106 0E       		.uleb128 0xe
 1066 0107 3A       		.uleb128 0x3a
 1067 0108 0B       		.uleb128 0xb
 1068 0109 3B       		.uleb128 0x3b
 1069 010a 05       		.uleb128 0x5
ARM GAS  C:\Users\nikol\AppData\Local\Temp\cc69bS8o.s 			page 22


 1070 010b 49       		.uleb128 0x49
 1071 010c 13       		.uleb128 0x13
 1072 010d 3F       		.uleb128 0x3f
 1073 010e 19       		.uleb128 0x19
 1074 010f 3C       		.uleb128 0x3c
 1075 0110 19       		.uleb128 0x19
 1076 0111 00       		.byte	0
 1077 0112 00       		.byte	0
 1078 0113 13       		.uleb128 0x13
 1079 0114 35       		.uleb128 0x35
 1080 0115 00       		.byte	0
 1081 0116 49       		.uleb128 0x49
 1082 0117 13       		.uleb128 0x13
 1083 0118 00       		.byte	0
 1084 0119 00       		.byte	0
 1085 011a 14       		.uleb128 0x14
 1086 011b 34       		.uleb128 0x34
 1087 011c 00       		.byte	0
 1088 011d 03       		.uleb128 0x3
 1089 011e 0E       		.uleb128 0xe
 1090 011f 3A       		.uleb128 0x3a
 1091 0120 0B       		.uleb128 0xb
 1092 0121 3B       		.uleb128 0x3b
 1093 0122 0B       		.uleb128 0xb
 1094 0123 49       		.uleb128 0x49
 1095 0124 13       		.uleb128 0x13
 1096 0125 3F       		.uleb128 0x3f
 1097 0126 19       		.uleb128 0x19
 1098 0127 02       		.uleb128 0x2
 1099 0128 18       		.uleb128 0x18
 1100 0129 00       		.byte	0
 1101 012a 00       		.byte	0
 1102 012b 15       		.uleb128 0x15
 1103 012c 2E       		.uleb128 0x2e
 1104 012d 00       		.byte	0
 1105 012e 3F       		.uleb128 0x3f
 1106 012f 19       		.uleb128 0x19
 1107 0130 3C       		.uleb128 0x3c
 1108 0131 19       		.uleb128 0x19
 1109 0132 6E       		.uleb128 0x6e
 1110 0133 0E       		.uleb128 0xe
 1111 0134 03       		.uleb128 0x3
 1112 0135 0E       		.uleb128 0xe
 1113 0136 3A       		.uleb128 0x3a
 1114 0137 0B       		.uleb128 0xb
 1115 0138 3B       		.uleb128 0x3b
 1116 0139 0B       		.uleb128 0xb
 1117 013a 00       		.byte	0
 1118 013b 00       		.byte	0
 1119 013c 00       		.byte	0
 1120              		.section	.debug_loc,"",%progbits
 1121              	.Ldebug_loc0:
 1122              	.LLST0:
 1123 0000 00000000 		.4byte	.LVL14
 1124 0004 04000000 		.4byte	.LVL15
 1125 0008 0100     		.2byte	0x1
 1126 000a 50       		.byte	0x50
ARM GAS  C:\Users\nikol\AppData\Local\Temp\cc69bS8o.s 			page 23


 1127 000b 04000000 		.4byte	.LVL15
 1128 000f 4C000000 		.4byte	.LFE69
 1129 0013 0400     		.2byte	0x4
 1130 0015 F3       		.byte	0xf3
 1131 0016 01       		.uleb128 0x1
 1132 0017 50       		.byte	0x50
 1133 0018 9F       		.byte	0x9f
 1134 0019 00000000 		.4byte	0
 1135 001d 00000000 		.4byte	0
 1136              	.LLST1:
 1137 0021 08000000 		.4byte	.LVL24
 1138 0025 1C000000 		.4byte	.LVL29
 1139 0029 0100     		.2byte	0x1
 1140 002b 54       		.byte	0x54
 1141 002c 1E000000 		.4byte	.LVL30
 1142 0030 24000000 		.4byte	.LFE65
 1143 0034 0100     		.2byte	0x1
 1144 0036 54       		.byte	0x54
 1145 0037 00000000 		.4byte	0
 1146 003b 00000000 		.4byte	0
 1147              	.LLST2:
 1148 003f 10000000 		.4byte	.LVL26
 1149 0043 1E000000 		.4byte	.LVL30
 1150 0047 0100     		.2byte	0x1
 1151 0049 55       		.byte	0x55
 1152 004a 00000000 		.4byte	0
 1153 004e 00000000 		.4byte	0
 1154              		.section	.debug_aranges,"",%progbits
 1155 0000 44000000 		.4byte	0x44
 1156 0004 0200     		.2byte	0x2
 1157 0006 00000000 		.4byte	.Ldebug_info0
 1158 000a 04       		.byte	0x4
 1159 000b 00       		.byte	0
 1160 000c 0000     		.2byte	0
 1161 000e 0000     		.2byte	0
 1162 0010 00000000 		.4byte	.LFB64
 1163 0014 0C000000 		.4byte	.LFE64-.LFB64
 1164 0018 00000000 		.4byte	.LFB66
 1165 001c 48000000 		.4byte	.LFE66-.LFB66
 1166 0020 00000000 		.4byte	.LFB67
 1167 0024 0A000000 		.4byte	.LFE67-.LFB67
 1168 0028 00000000 		.4byte	.LFB68
 1169 002c 0A000000 		.4byte	.LFE68-.LFB68
 1170 0030 00000000 		.4byte	.LFB69
 1171 0034 4C000000 		.4byte	.LFE69-.LFB69
 1172 0038 00000000 		.4byte	.LFB65
 1173 003c 24000000 		.4byte	.LFE65-.LFB65
 1174 0040 00000000 		.4byte	0
 1175 0044 00000000 		.4byte	0
 1176              		.section	.debug_ranges,"",%progbits
 1177              	.Ldebug_ranges0:
 1178 0000 00000000 		.4byte	.LFB64
 1179 0004 0C000000 		.4byte	.LFE64
 1180 0008 00000000 		.4byte	.LFB66
 1181 000c 48000000 		.4byte	.LFE66
 1182 0010 00000000 		.4byte	.LFB67
 1183 0014 0A000000 		.4byte	.LFE67
ARM GAS  C:\Users\nikol\AppData\Local\Temp\cc69bS8o.s 			page 24


 1184 0018 00000000 		.4byte	.LFB68
 1185 001c 0A000000 		.4byte	.LFE68
 1186 0020 00000000 		.4byte	.LFB69
 1187 0024 4C000000 		.4byte	.LFE69
 1188 0028 00000000 		.4byte	.LFB65
 1189 002c 24000000 		.4byte	.LFE65
 1190 0030 00000000 		.4byte	0
 1191 0034 00000000 		.4byte	0
 1192              		.section	.debug_line,"",%progbits
 1193              	.Ldebug_line0:
 1194 0000 63020000 		.section	.debug_str,"MS",%progbits,1
 1194      0200D301 
 1194      00000201 
 1194      FB0E0D00 
 1194      01010101 
 1195              	.LASF43:
 1196 0000 74657374 		.ascii	"test_LED_Write\000"
 1196      5F4C4544 
 1196      5F577269 
 1196      746500
 1197              	.LASF39:
 1198 000f 6973725F 		.ascii	"isr_BLINK_TIMER_StartEx\000"
 1198      424C494E 
 1198      4B5F5449 
 1198      4D45525F 
 1198      53746172 
 1199              	.LASF4:
 1200 0027 5F5F7569 		.ascii	"__uint8_t\000"
 1200      6E74385F 
 1200      7400
 1201              	.LASF30:
 1202 0031 63757272 		.ascii	"currentState\000"
 1202      656E7453 
 1202      74617465 
 1202      00
 1203              	.LASF51:
 1204 003e 47616D65 		.ascii	"GameState\000"
 1204      53746174 
 1204      6500
 1205              	.LASF46:
 1206 0048 55415254 		.ascii	"UART_WriteTxData\000"
 1206      5F577269 
 1206      74655478 
 1206      44617461 
 1206      00
 1207              	.LASF37:
 1208 0059 43757053 		.ascii	"CupSensor_IF_init\000"
 1208      656E736F 
 1208      725F4946 
 1208      5F696E69 
 1208      7400
 1209              	.LASF5:
 1210 006b 5F5F696E 		.ascii	"__int32_t\000"
 1210      7433325F 
 1210      7400
 1211              	.LASF31:
 1212 0075 54696D65 		.ascii	"Timer_ReadStatusRegister\000"
ARM GAS  C:\Users\nikol\AppData\Local\Temp\cc69bS8o.s 			page 25


 1212      725F5265 
 1212      61645374 
 1212      61747573 
 1212      52656769 
 1213              	.LASF32:
 1214 008e 696E7465 		.ascii	"interruptBlink\000"
 1214      72727570 
 1214      74426C69 
 1214      6E6B00
 1215              	.LASF42:
 1216 009d 436F6E74 		.ascii	"Controller\000"
 1216      726F6C6C 
 1216      657200
 1217              	.LASF18:
 1218 00a8 49444C45 		.ascii	"IDLE\000"
 1218      00
 1219              	.LASF27:
 1220 00ad 62797465 		.ascii	"bytesToRead\000"
 1220      73546F52 
 1220      65616400 
 1221              	.LASF13:
 1222 00b9 666C6F61 		.ascii	"float\000"
 1222      7400
 1223              	.LASF28:
 1224 00bf 62797465 		.ascii	"byteReceived\000"
 1224      52656365 
 1224      69766564 
 1224      00
 1225              	.LASF1:
 1226 00cc 756E7369 		.ascii	"unsigned char\000"
 1226      676E6564 
 1226      20636861 
 1226      7200
 1227              	.LASF48:
 1228 00da 474E5520 		.ascii	"GNU C11 5.4.1 20160609 (release) [ARM/embedded-5-br"
 1228      43313120 
 1228      352E342E 
 1228      31203230 
 1228      31363036 
 1229 010d 616E6368 		.ascii	"anch revision 237715] -mcpu=cortex-m3 -mthumb -g -O"
 1229      20726576 
 1229      6973696F 
 1229      6E203233 
 1229      37373135 
 1230 0140 67202D66 		.ascii	"g -ffunction-sections -ffat-lto-objects\000"
 1230      66756E63 
 1230      74696F6E 
 1230      2D736563 
 1230      74696F6E 
 1231              	.LASF26:
 1232 0168 4953525F 		.ascii	"ISR_UART_rx_handler\000"
 1232      55415254 
 1232      5F72785F 
 1232      68616E64 
 1232      6C657200 
 1233              	.LASF7:
 1234 017c 6C6F6E67 		.ascii	"long unsigned int\000"
ARM GAS  C:\Users\nikol\AppData\Local\Temp\cc69bS8o.s 			page 26


 1234      20756E73 
 1234      69676E65 
 1234      6420696E 
 1234      7400
 1235              	.LASF25:
 1236 018e 68616E64 		.ascii	"handleByteReceived\000"
 1236      6C654279 
 1236      74655265 
 1236      63656976 
 1236      656400
 1237              	.LASF33:
 1238 01a1 55415254 		.ascii	"UART_Start\000"
 1238      5F537461 
 1238      727400
 1239              	.LASF22:
 1240 01ac 4932435F 		.ascii	"I2C_ISR_EntryCallback\000"
 1240      4953525F 
 1240      456E7472 
 1240      7943616C 
 1240      6C626163 
 1241              	.LASF29:
 1242 01c2 49544D5F 		.ascii	"ITM_RxBuffer\000"
 1242      52784275 
 1242      66666572 
 1242      00
 1243              	.LASF20:
 1244 01cf 504C4159 		.ascii	"PLAYING\000"
 1244      494E4700 
 1245              	.LASF21:
 1246 01d7 4C4F5354 		.ascii	"LOST\000"
 1246      00
 1247              	.LASF14:
 1248 01dc 646F7562 		.ascii	"double\000"
 1248      6C6500
 1249              	.LASF3:
 1250 01e3 73686F72 		.ascii	"short unsigned int\000"
 1250      7420756E 
 1250      7369676E 
 1250      65642069 
 1250      6E7400
 1251              	.LASF45:
 1252 01f6 55415254 		.ascii	"UART_ReadRxData\000"
 1252      5F526561 
 1252      64527844 
 1252      61746100 
 1253              	.LASF52:
 1254 0206 6D61696E 		.ascii	"main\000"
 1254      00
 1255              	.LASF10:
 1256 020b 756E7369 		.ascii	"unsigned int\000"
 1256      676E6564 
 1256      20696E74 
 1256      00
 1257              	.LASF9:
 1258 0218 6C6F6E67 		.ascii	"long long unsigned int\000"
 1258      206C6F6E 
 1258      6720756E 
ARM GAS  C:\Users\nikol\AppData\Local\Temp\cc69bS8o.s 			page 27


 1258      7369676E 
 1258      65642069 
 1259              	.LASF11:
 1260 022f 75696E74 		.ascii	"uint8_t\000"
 1260      385F7400 
 1261              	.LASF50:
 1262 0237 433A5C55 		.ascii	"C:\\Users\\nikol\\Documents\\git\\3. Semester\\PRJ3"
 1262      73657273 
 1262      5C6E696B 
 1262      6F6C5C44 
 1262      6F63756D 
 1263 0264 5C706C61 		.ascii	"\\player_side_app\\integration\\integration\\integr"
 1263      7965725F 
 1263      73696465 
 1263      5F617070 
 1263      5C696E74 
 1264 0293 6174696F 		.ascii	"ation_all.cydsn\000"
 1264      6E5F616C 
 1264      6C2E6379 
 1264      64736E00 
 1265              	.LASF12:
 1266 02a3 696E7433 		.ascii	"int32_t\000"
 1266      325F7400 
 1267              	.LASF17:
 1268 02ab 73697A65 		.ascii	"sizetype\000"
 1268      74797065 
 1268      00
 1269              	.LASF23:
 1270 02b4 4932435F 		.ascii	"I2C_ISR_ExitCallback\000"
 1270      4953525F 
 1270      45786974 
 1270      43616C6C 
 1270      6261636B 
 1271              	.LASF19:
 1272 02c9 53544152 		.ascii	"STARTING\000"
 1272      54494E47 
 1272      00
 1273              	.LASF8:
 1274 02d2 6C6F6E67 		.ascii	"long long int\000"
 1274      206C6F6E 
 1274      6720696E 
 1274      7400
 1275              	.LASF38:
 1276 02e0 5250495F 		.ascii	"RPI_IF_init\000"
 1276      49465F69 
 1276      6E697400 
 1277              	.LASF49:
 1278 02ec 6D61696E 		.ascii	"main.c\000"
 1278      2E6300
 1279              	.LASF15:
 1280 02f3 63686172 		.ascii	"char\000"
 1280      00
 1281              	.LASF36:
 1282 02f8 696E6974 		.ascii	"initShiftRegPWM\000"
 1282      53686966 
 1282      74526567 
 1282      50574D00 
ARM GAS  C:\Users\nikol\AppData\Local\Temp\cc69bS8o.s 			page 28


 1283              	.LASF2:
 1284 0308 73686F72 		.ascii	"short int\000"
 1284      7420696E 
 1284      7400
 1285              	.LASF24:
 1286 0312 626C696E 		.ascii	"blinking_LED\000"
 1286      6B696E67 
 1286      5F4C4544 
 1286      00
 1287              	.LASF44:
 1288 031f 75706461 		.ascii	"updateCupStatus\000"
 1288      74654375 
 1288      70537461 
 1288      74757300 
 1289              	.LASF40:
 1290 032f 73657453 		.ascii	"setState\000"
 1290      74617465 
 1290      00
 1291              	.LASF47:
 1292 0338 55415254 		.ascii	"UART_GetRxBufferSize\000"
 1292      5F476574 
 1292      52784275 
 1292      66666572 
 1292      53697A65 
 1293              	.LASF6:
 1294 034d 6C6F6E67 		.ascii	"long int\000"
 1294      20696E74 
 1294      00
 1295              	.LASF16:
 1296 0356 6C6F6E67 		.ascii	"long double\000"
 1296      20646F75 
 1296      626C6500 
 1297              	.LASF0:
 1298 0362 7369676E 		.ascii	"signed char\000"
 1298      65642063 
 1298      68617200 
 1299              	.LASF35:
 1300 036e 6973725F 		.ascii	"isr_UART_StartEx\000"
 1300      55415254 
 1300      5F537461 
 1300      72744578 
 1300      00
 1301              	.LASF34:
 1302 037f 55415254 		.ascii	"UART_PutString\000"
 1302      5F507574 
 1302      53747269 
 1302      6E6700
 1303              	.LASF41:
 1304 038e 43794465 		.ascii	"CyDelay\000"
 1304      6C617900 
 1305              		.ident	"GCC: (GNU Tools for ARM Embedded Processors) 5.4.1 20160609 (release) [ARM/embedded-5-bran
