ARM GAS  C:\Users\nikol\AppData\Local\Temp\cc8w3ZrH.s 			page 1


   1              		.syntax unified
   2              		.cpu cortex-m3
   3              		.fpu softvfp
   4              		.eabi_attribute 20, 1
   5              		.eabi_attribute 21, 1
   6              		.eabi_attribute 23, 3
   7              		.eabi_attribute 24, 1
   8              		.eabi_attribute 25, 1
   9              		.eabi_attribute 26, 1
  10              		.eabi_attribute 30, 1
  11              		.eabi_attribute 34, 1
  12              		.eabi_attribute 18, 4
  13              		.thumb
  14              		.syntax unified
  15              		.file	"RPI_IF.c"
  16              		.text
  17              	.Ltext0:
  18              		.cfi_sections	.debug_frame
  19              		.section	.text.resetReadBuffer,"ax",%progbits
  20              		.align	2
  21              		.global	resetReadBuffer
  22              		.thumb
  23              		.thumb_func
  24              		.type	resetReadBuffer, %function
  25              	resetReadBuffer:
  26              	.LFB65:
  27              		.file 1 "RPI_IF.c"
   1:RPI_IF.c      **** /* ========================================
   2:RPI_IF.c      ****  *
   3:RPI_IF.c      ****  * Copyright YOUR COMPANY, THE YEAR
   4:RPI_IF.c      ****  * All Rights Reserved
   5:RPI_IF.c      ****  * UNPUBLISHED, LICENSED SOFTWARE.
   6:RPI_IF.c      ****  *
   7:RPI_IF.c      ****  * CONFIDENTIAL AND PROPRIETARY INFORMATION
   8:RPI_IF.c      ****  * WHICH IS THE PROPERTY OF your company.
   9:RPI_IF.c      ****  *
  10:RPI_IF.c      ****  * ========================================
  11:RPI_IF.c      **** */
  12:RPI_IF.c      **** 
  13:RPI_IF.c      **** #include "RPI_IF.h"
  14:RPI_IF.c      **** #include <string.h>
  15:RPI_IF.c      **** #include <stdio.h>
  16:RPI_IF.c      **** //#include "GameController.h"
  17:RPI_IF.c      **** //static uint8_t Cup_status_ready = 0;
  18:RPI_IF.c      **** //static uint8_t Cup_status_requested = 1;
  19:RPI_IF.c      **** //static uint8_t Data_Ready=0b00000000;
  20:RPI_IF.c      **** //static uint8_t Data_not_Ready=0b11111111;
  21:RPI_IF.c      **** //static uint8_t buf[2];
  22:RPI_IF.c      **** 
  23:RPI_IF.c      **** #define IDLE_DATA 0x0A
  24:RPI_IF.c      **** #define STARTING_DATA 0x0B
  25:RPI_IF.c      **** #define PLAYING_DATA 0x0C
  26:RPI_IF.c      **** #define LOST_DATA 0x0D
  27:RPI_IF.c      **** #define WON_DATA 0x0E
  28:RPI_IF.c      **** #define COLOR_MSG 0x21
  29:RPI_IF.c      **** #define OPPONENT_COLOR 0x02
  30:RPI_IF.c      **** #define OWN_COLOR 0x01
ARM GAS  C:\Users\nikol\AppData\Local\Temp\cc8w3ZrH.s 			page 2


  31:RPI_IF.c      **** 
  32:RPI_IF.c      **** 
  33:RPI_IF.c      **** void resetReadBuffer();
  34:RPI_IF.c      **** void resetWriteBuffer();
  35:RPI_IF.c      **** 
  36:RPI_IF.c      **** static char buf[50];
  37:RPI_IF.c      **** int n;
  38:RPI_IF.c      **** volatile int timer_run_out=0;
  39:RPI_IF.c      **** 
  40:RPI_IF.c      **** uint8_t readBuffer[256];
  41:RPI_IF.c      **** uint8_t writeBuffer[256];
  42:RPI_IF.c      **** 
  43:RPI_IF.c      **** /*void setState(uint8_t a)
  44:RPI_IF.c      **** {
  45:RPI_IF.c      ****     n=sprintf(buf,"Modstanders farver: %d\n\r",a);
  46:RPI_IF.c      ****     UART_PutString(buf);
  47:RPI_IF.c      **** }*/
  48:RPI_IF.c      **** 
  49:RPI_IF.c      **** 
  50:RPI_IF.c      **** 
  51:RPI_IF.c      **** void RPI_IF_init()
  52:RPI_IF.c      **** {
  53:RPI_IF.c      ****     I2C_Start();
  54:RPI_IF.c      ****     I2C_EnableInt();
  55:RPI_IF.c      ****     
  56:RPI_IF.c      ****     
  57:RPI_IF.c      ****     I2C_SlaveInitReadBuf((uint8_t*)readBuffer,1);
  58:RPI_IF.c      ****     I2C_SlaveInitWriteBuf((uint8_t*)writeBuffer,255);
  59:RPI_IF.c      ****     
  60:RPI_IF.c      ****     resetReadBuffer();
  61:RPI_IF.c      **** 
  62:RPI_IF.c      **** }
  63:RPI_IF.c      **** 
  64:RPI_IF.c      **** void resetReadBuffer()
  65:RPI_IF.c      **** {
  28              		.loc 1 65 0
  29              		.cfi_startproc
  30              		@ args = 0, pretend = 0, frame = 0
  31              		@ frame_needed = 0, uses_anonymous_args = 0
  32              		@ link register save eliminated.
  33              	.LVL0:
  34              	.LBB2:
  66:RPI_IF.c      ****     for(int i = 0; i < 255; i++)
  35              		.loc 1 66 0
  36 0000 0023     		movs	r3, #0
  37 0002 03E0     		b	.L2
  38              	.LVL1:
  39              	.L3:
  67:RPI_IF.c      ****     {
  68:RPI_IF.c      ****         readBuffer[i] = 0xFF;
  40              		.loc 1 68 0 discriminator 3
  41 0004 FF21     		movs	r1, #255
  42 0006 034A     		ldr	r2, .L4
  43 0008 D154     		strb	r1, [r2, r3]
  66:RPI_IF.c      ****     for(int i = 0; i < 255; i++)
  44              		.loc 1 66 0 discriminator 3
  45 000a 0133     		adds	r3, r3, #1
ARM GAS  C:\Users\nikol\AppData\Local\Temp\cc8w3ZrH.s 			page 3


  46              	.LVL2:
  47              	.L2:
  66:RPI_IF.c      ****     for(int i = 0; i < 255; i++)
  48              		.loc 1 66 0 is_stmt 0 discriminator 1
  49 000c FE2B     		cmp	r3, #254
  50 000e F9DD     		ble	.L3
  51              	.LBE2:
  69:RPI_IF.c      ****     }
  70:RPI_IF.c      ****  
  71:RPI_IF.c      **** }
  52              		.loc 1 71 0 is_stmt 1
  53 0010 7047     		bx	lr
  54              	.L5:
  55 0012 00BF     		.align	2
  56              	.L4:
  57 0014 00000000 		.word	readBuffer
  58              		.cfi_endproc
  59              	.LFE65:
  60              		.size	resetReadBuffer, .-resetReadBuffer
  61              		.section	.text.RPI_IF_init,"ax",%progbits
  62              		.align	2
  63              		.global	RPI_IF_init
  64              		.thumb
  65              		.thumb_func
  66              		.type	RPI_IF_init, %function
  67              	RPI_IF_init:
  68              	.LFB64:
  52:RPI_IF.c      ****     I2C_Start();
  69              		.loc 1 52 0
  70              		.cfi_startproc
  71              		@ args = 0, pretend = 0, frame = 0
  72              		@ frame_needed = 0, uses_anonymous_args = 0
  73 0000 08B5     		push	{r3, lr}
  74              		.cfi_def_cfa_offset 8
  75              		.cfi_offset 3, -8
  76              		.cfi_offset 14, -4
  53:RPI_IF.c      ****     I2C_EnableInt();
  77              		.loc 1 53 0
  78 0002 FFF7FEFF 		bl	I2C_Start
  79              	.LVL3:
  54:RPI_IF.c      ****     
  80              		.loc 1 54 0
  81 0006 0222     		movs	r2, #2
  82 0008 064B     		ldr	r3, .L8
  83 000a 1A60     		str	r2, [r3]
  57:RPI_IF.c      ****     I2C_SlaveInitWriteBuf((uint8_t*)writeBuffer,255);
  84              		.loc 1 57 0
  85 000c 0121     		movs	r1, #1
  86 000e 0648     		ldr	r0, .L8+4
  87 0010 FFF7FEFF 		bl	I2C_SlaveInitReadBuf
  88              	.LVL4:
  58:RPI_IF.c      ****     
  89              		.loc 1 58 0
  90 0014 FF21     		movs	r1, #255
  91 0016 0548     		ldr	r0, .L8+8
  92 0018 FFF7FEFF 		bl	I2C_SlaveInitWriteBuf
  93              	.LVL5:
ARM GAS  C:\Users\nikol\AppData\Local\Temp\cc8w3ZrH.s 			page 4


  60:RPI_IF.c      **** 
  94              		.loc 1 60 0
  95 001c FFF7FEFF 		bl	resetReadBuffer
  96              	.LVL6:
  97 0020 08BD     		pop	{r3, pc}
  98              	.L9:
  99 0022 00BF     		.align	2
 100              	.L8:
 101 0024 00E100E0 		.word	-536813312
 102 0028 00000000 		.word	readBuffer
 103 002c 00000000 		.word	writeBuffer
 104              		.cfi_endproc
 105              	.LFE64:
 106              		.size	RPI_IF_init, .-RPI_IF_init
 107              		.section	.text.sendCupStatus,"ax",%progbits
 108              		.align	2
 109              		.global	sendCupStatus
 110              		.thumb
 111              		.thumb_func
 112              		.type	sendCupStatus, %function
 113              	sendCupStatus:
 114              	.LFB66:
  72:RPI_IF.c      **** 
  73:RPI_IF.c      **** 
  74:RPI_IF.c      **** void sendCupStatus(uint8_t status)
  75:RPI_IF.c      **** {
 115              		.loc 1 75 0
 116              		.cfi_startproc
 117              		@ args = 0, pretend = 0, frame = 0
 118              		@ frame_needed = 0, uses_anonymous_args = 0
 119              	.LVL7:
 120 0000 10B5     		push	{r4, lr}
 121              		.cfi_def_cfa_offset 8
 122              		.cfi_offset 4, -8
 123              		.cfi_offset 14, -4
 124 0002 0446     		mov	r4, r0
  76:RPI_IF.c      ****     resetReadBuffer();
 125              		.loc 1 76 0
 126 0004 FFF7FEFF 		bl	resetReadBuffer
 127              	.LVL8:
  77:RPI_IF.c      ****     readBuffer[0] = status;
 128              		.loc 1 77 0
 129 0008 064B     		ldr	r3, .L12
 130 000a 1C70     		strb	r4, [r3]
  78:RPI_IF.c      ****     I2C_SlaveClearReadBuf();
 131              		.loc 1 78 0
 132 000c FFF7FEFF 		bl	I2C_SlaveClearReadBuf
 133              	.LVL9:
  79:RPI_IF.c      ****     Interrupt_Write(0);
 134              		.loc 1 79 0
 135 0010 0020     		movs	r0, #0
 136 0012 FFF7FEFF 		bl	Interrupt_Write
 137              	.LVL10:
  80:RPI_IF.c      ****     CyDelay(1);
 138              		.loc 1 80 0
 139 0016 0120     		movs	r0, #1
 140 0018 FFF7FEFF 		bl	CyDelay
ARM GAS  C:\Users\nikol\AppData\Local\Temp\cc8w3ZrH.s 			page 5


 141              	.LVL11:
  81:RPI_IF.c      ****     Interrupt_Write(1);
 142              		.loc 1 81 0
 143 001c 0120     		movs	r0, #1
 144 001e FFF7FEFF 		bl	Interrupt_Write
 145              	.LVL12:
 146 0022 10BD     		pop	{r4, pc}
 147              	.L13:
 148              		.align	2
 149              	.L12:
 150 0024 00000000 		.word	readBuffer
 151              		.cfi_endproc
 152              	.LFE66:
 153              		.size	sendCupStatus, .-sendCupStatus
 154              		.section	.text.RPi_IF_handleData,"ax",%progbits
 155              		.align	2
 156              		.global	RPi_IF_handleData
 157              		.thumb
 158              		.thumb_func
 159              		.type	RPi_IF_handleData, %function
 160              	RPi_IF_handleData:
 161              	.LFB67:
  82:RPI_IF.c      **** }
  83:RPI_IF.c      **** 
  84:RPI_IF.c      **** void RPi_IF_handleData()
  85:RPI_IF.c      **** {
 162              		.loc 1 85 0
 163              		.cfi_startproc
 164              		@ args = 0, pretend = 0, frame = 8
 165              		@ frame_needed = 0, uses_anonymous_args = 0
 166 0000 30B5     		push	{r4, r5, lr}
 167              		.cfi_def_cfa_offset 12
 168              		.cfi_offset 4, -12
 169              		.cfi_offset 5, -8
 170              		.cfi_offset 14, -4
 171 0002 85B0     		sub	sp, sp, #20
 172              		.cfi_def_cfa_offset 32
  86:RPI_IF.c      ****     if(I2C_SlaveClearWriteStatus() & I2C_SSTAT_WR_CMPLT)
 173              		.loc 1 86 0
 174 0004 FFF7FEFF 		bl	I2C_SlaveClearWriteStatus
 175              	.LVL13:
 176 0008 10F0100F 		tst	r0, #16
 177 000c 68D1     		bne	.L28
 178 000e 6EE0     		b	.L14
 179              	.LVL14:
 180              	.L27:
 181              	.LBB3:
  87:RPI_IF.c      ****     {
  88:RPI_IF.c      ****         for(int i = 0; i < I2C_SlaveGetWriteBufSize(); i++)
  89:RPI_IF.c      ****         {
  90:RPI_IF.c      ****             switch (writeBuffer[i])
 182              		.loc 1 90 0
 183 0010 384B     		ldr	r3, .L30
 184 0012 1B5D     		ldrb	r3, [r3, r4]	@ zero_extendqisi2
 185 0014 0A3B     		subs	r3, r3, #10
 186 0016 172B     		cmp	r3, #23
 187 0018 60D8     		bhi	.L17
ARM GAS  C:\Users\nikol\AppData\Local\Temp\cc8w3ZrH.s 			page 6


 188 001a DFE803F0 		tbb	[pc, r3]
 189              	.L19:
 190 001e 0C       		.byte	(.L18-.L19)/2
 191 001f 10       		.byte	(.L20-.L19)/2
 192 0020 14       		.byte	(.L21-.L19)/2
 193 0021 18       		.byte	(.L22-.L19)/2
 194 0022 1C       		.byte	(.L23-.L19)/2
 195 0023 5F       		.byte	(.L17-.L19)/2
 196 0024 5F       		.byte	(.L17-.L19)/2
 197 0025 5F       		.byte	(.L17-.L19)/2
 198 0026 5F       		.byte	(.L17-.L19)/2
 199 0027 5F       		.byte	(.L17-.L19)/2
 200 0028 5F       		.byte	(.L17-.L19)/2
 201 0029 5F       		.byte	(.L17-.L19)/2
 202 002a 5F       		.byte	(.L17-.L19)/2
 203 002b 5F       		.byte	(.L17-.L19)/2
 204 002c 5F       		.byte	(.L17-.L19)/2
 205 002d 5F       		.byte	(.L17-.L19)/2
 206 002e 5F       		.byte	(.L17-.L19)/2
 207 002f 5F       		.byte	(.L17-.L19)/2
 208 0030 5F       		.byte	(.L17-.L19)/2
 209 0031 5F       		.byte	(.L17-.L19)/2
 210 0032 5F       		.byte	(.L17-.L19)/2
 211 0033 5F       		.byte	(.L17-.L19)/2
 212 0034 5F       		.byte	(.L17-.L19)/2
 213 0035 20       		.byte	(.L24-.L19)/2
 214              		.p2align 1
 215              	.L18:
  91:RPI_IF.c      ****             {
  92:RPI_IF.c      ****                 case IDLE_DATA:{
  93:RPI_IF.c      ****                     setState(IDLE);
 216              		.loc 1 93 0
 217 0036 0020     		movs	r0, #0
 218 0038 FFF7FEFF 		bl	setState
 219              	.LVL15:
  94:RPI_IF.c      ****                     break;}
 220              		.loc 1 94 0
 221 003c 4EE0     		b	.L17
 222              	.L20:
  95:RPI_IF.c      ****                 case STARTING_DATA:{
  96:RPI_IF.c      ****                     setState(STARTING);
 223              		.loc 1 96 0
 224 003e 0120     		movs	r0, #1
 225 0040 FFF7FEFF 		bl	setState
 226              	.LVL16:
  97:RPI_IF.c      ****                     break;}
 227              		.loc 1 97 0
 228 0044 4AE0     		b	.L17
 229              	.L21:
  98:RPI_IF.c      ****                 case PLAYING_DATA:{
  99:RPI_IF.c      ****                     setState(PLAYING);
 230              		.loc 1 99 0
 231 0046 0220     		movs	r0, #2
 232 0048 FFF7FEFF 		bl	setState
 233              	.LVL17:
 100:RPI_IF.c      ****                     break;} 
 234              		.loc 1 100 0
ARM GAS  C:\Users\nikol\AppData\Local\Temp\cc8w3ZrH.s 			page 7


 235 004c 46E0     		b	.L17
 236              	.L22:
 101:RPI_IF.c      ****                 case LOST_DATA:{
 102:RPI_IF.c      ****                     setState(LOST);
 237              		.loc 1 102 0
 238 004e 0420     		movs	r0, #4
 239 0050 FFF7FEFF 		bl	setState
 240              	.LVL18:
 103:RPI_IF.c      ****                     break;} 
 241              		.loc 1 103 0
 242 0054 42E0     		b	.L17
 243              	.L23:
 104:RPI_IF.c      ****                 case WON_DATA:{
 105:RPI_IF.c      ****                     setState(WON);
 244              		.loc 1 105 0
 245 0056 0320     		movs	r0, #3
 246 0058 FFF7FEFF 		bl	setState
 247              	.LVL19:
 106:RPI_IF.c      ****                     break;}
 248              		.loc 1 106 0
 249 005c 3EE0     		b	.L17
 250              	.L24:
 251              	.LBB4:
 107:RPI_IF.c      ****                 case COLOR_MSG:
 108:RPI_IF.c      ****                 {
 109:RPI_IF.c      ****                     ++i;
 252              		.loc 1 109 0
 253 005e 651C     		adds	r5, r4, #1
 254              	.LVL20:
 110:RPI_IF.c      ****                     color_t color;
 111:RPI_IF.c      ****                     if(writeBuffer[i]==OWN_COLOR)
 255              		.loc 1 111 0
 256 0060 244B     		ldr	r3, .L30
 257 0062 5B5D     		ldrb	r3, [r3, r5]	@ zero_extendqisi2
 258 0064 012B     		cmp	r3, #1
 259 0066 1BD1     		bne	.L25
 112:RPI_IF.c      ****                     {
 113:RPI_IF.c      ****                         color.Red = writeBuffer[++i];
 260              		.loc 1 113 0
 261 0068 A31C     		adds	r3, r4, #2
 262              	.LVL21:
 263 006a 2249     		ldr	r1, .L30
 264 006c CA5C     		ldrb	r2, [r1, r3]	@ zero_extendqisi2
 265 006e 8DF80C20 		strb	r2, [sp, #12]
 114:RPI_IF.c      ****                         color.Green = writeBuffer[++i];
 266              		.loc 1 114 0
 267 0072 E31C     		adds	r3, r4, #3
 268              	.LVL22:
 269 0074 CB5C     		ldrb	r3, [r1, r3]	@ zero_extendqisi2
 270              	.LVL23:
 271 0076 8DF80D30 		strb	r3, [sp, #13]
 115:RPI_IF.c      ****                         color.Blue = writeBuffer[++i];
 272              		.loc 1 115 0
 273 007a 251D     		adds	r5, r4, #4
 274              	.LVL24:
 275 007c 495D     		ldrb	r1, [r1, r5]	@ zero_extendqisi2
 276 007e 8DF80E10 		strb	r1, [sp, #14]
ARM GAS  C:\Users\nikol\AppData\Local\Temp\cc8w3ZrH.s 			page 8


 116:RPI_IF.c      ****                         n=sprintf(buf,"Egen farve: %d%d%d\n\r",
 277              		.loc 1 116 0
 278 0082 1D4C     		ldr	r4, .L30+4
 279 0084 0091     		str	r1, [sp]
 280 0086 1D49     		ldr	r1, .L30+8
 281 0088 2046     		mov	r0, r4
 282 008a FFF7FEFF 		bl	sprintf
 283              	.LVL25:
 284 008e 1C4B     		ldr	r3, .L30+12
 285 0090 1860     		str	r0, [r3]
 117:RPI_IF.c      ****                         color.Red,color.Green,color.Blue);
 118:RPI_IF.c      ****                         setMyColor(color);
 286              		.loc 1 118 0
 287 0092 0398     		ldr	r0, [sp, #12]
 288 0094 FFF7FEFF 		bl	setMyColor
 289              	.LVL26:
 119:RPI_IF.c      ****                         UART_PutString(buf);
 290              		.loc 1 119 0
 291 0098 2046     		mov	r0, r4
 292 009a FFF7FEFF 		bl	UART_PutString
 293              	.LVL27:
 294 009e 1CE0     		b	.L26
 295              	.L25:
 120:RPI_IF.c      ****                         
 121:RPI_IF.c      ****                     }
 122:RPI_IF.c      ****                     else if(writeBuffer[i]==OPPONENT_COLOR)
 296              		.loc 1 122 0
 297 00a0 022B     		cmp	r3, #2
 298 00a2 1AD1     		bne	.L26
 123:RPI_IF.c      ****                     {
 124:RPI_IF.c      ****                         color.Red = writeBuffer[++i];
 299              		.loc 1 124 0
 300 00a4 A31C     		adds	r3, r4, #2
 301              	.LVL28:
 302 00a6 1349     		ldr	r1, .L30
 303 00a8 CA5C     		ldrb	r2, [r1, r3]	@ zero_extendqisi2
 304 00aa 8DF80C20 		strb	r2, [sp, #12]
 125:RPI_IF.c      ****                         color.Green = writeBuffer[++i];
 305              		.loc 1 125 0
 306 00ae E31C     		adds	r3, r4, #3
 307              	.LVL29:
 308 00b0 CB5C     		ldrb	r3, [r1, r3]	@ zero_extendqisi2
 309              	.LVL30:
 310 00b2 8DF80D30 		strb	r3, [sp, #13]
 126:RPI_IF.c      ****                         color.Blue = writeBuffer[++i];
 311              		.loc 1 126 0
 312 00b6 251D     		adds	r5, r4, #4
 313              	.LVL31:
 314 00b8 495D     		ldrb	r1, [r1, r5]	@ zero_extendqisi2
 315 00ba 8DF80E10 		strb	r1, [sp, #14]
 127:RPI_IF.c      ****                         n=sprintf(buf,"Modstanders farver: %d%d%d\n\r",
 316              		.loc 1 127 0
 317 00be 0E4C     		ldr	r4, .L30+4
 318 00c0 0091     		str	r1, [sp]
 319 00c2 1049     		ldr	r1, .L30+16
 320 00c4 2046     		mov	r0, r4
 321 00c6 FFF7FEFF 		bl	sprintf
ARM GAS  C:\Users\nikol\AppData\Local\Temp\cc8w3ZrH.s 			page 9


 322              	.LVL32:
 323 00ca 0D4B     		ldr	r3, .L30+12
 324 00cc 1860     		str	r0, [r3]
 128:RPI_IF.c      ****                             color.Red,
 129:RPI_IF.c      ****                             color.Green,
 130:RPI_IF.c      ****                             color.Blue);
 131:RPI_IF.c      ****                         setOpponentColor(color);
 325              		.loc 1 131 0
 326 00ce 0398     		ldr	r0, [sp, #12]
 327 00d0 FFF7FEFF 		bl	setOpponentColor
 328              	.LVL33:
 132:RPI_IF.c      ****                         UART_PutString(buf);
 329              		.loc 1 132 0
 330 00d4 2046     		mov	r0, r4
 331 00d6 FFF7FEFF 		bl	UART_PutString
 332              	.LVL34:
 333              	.L26:
 334 00da 2C46     		mov	r4, r5
 335              	.LVL35:
 336              	.L17:
 337              	.LBE4:
  88:RPI_IF.c      ****         {
 338              		.loc 1 88 0 discriminator 2
 339 00dc 0134     		adds	r4, r4, #1
 340              	.LVL36:
 341 00de 00E0     		b	.L15
 342              	.LVL37:
 343              	.L28:
 344              	.LBE3:
 345 00e0 0024     		movs	r4, #0
 346              	.L15:
 347              	.LVL38:
 348              	.LBB5:
  88:RPI_IF.c      ****         {
 349              		.loc 1 88 0 is_stmt 0 discriminator 1
 350 00e2 FFF7FEFF 		bl	I2C_SlaveGetWriteBufSize
 351              	.LVL39:
 352 00e6 8442     		cmp	r4, r0
 353 00e8 92DB     		blt	.L27
 354              	.LBE5:
 133:RPI_IF.c      ****                     }
 134:RPI_IF.c      ****                     break;
 135:RPI_IF.c      ****                 }   
 136:RPI_IF.c      ****             }
 137:RPI_IF.c      ****         }
 138:RPI_IF.c      ****         I2C_SlaveClearWriteBuf();
 355              		.loc 1 138 0 is_stmt 1
 356 00ea FFF7FEFF 		bl	I2C_SlaveClearWriteBuf
 357              	.LVL40:
 358              	.L14:
 139:RPI_IF.c      ****     }
 140:RPI_IF.c      **** }
 359              		.loc 1 140 0
 360 00ee 05B0     		add	sp, sp, #20
 361              		.cfi_def_cfa_offset 12
 362              		@ sp needed
 363 00f0 30BD     		pop	{r4, r5, pc}
ARM GAS  C:\Users\nikol\AppData\Local\Temp\cc8w3ZrH.s 			page 10


 364              	.L31:
 365 00f2 00BF     		.align	2
 366              	.L30:
 367 00f4 00000000 		.word	writeBuffer
 368 00f8 00000000 		.word	.LANCHOR0
 369 00fc 00000000 		.word	.LC0
 370 0100 00000000 		.word	n
 371 0104 18000000 		.word	.LC1
 372              		.cfi_endproc
 373              	.LFE67:
 374              		.size	RPi_IF_handleData, .-RPi_IF_handleData
 375              		.comm	writeBuffer,256,4
 376              		.comm	readBuffer,256,4
 377              		.global	timer_run_out
 378              		.comm	n,4,4
 379              		.comm	currentState,1,1
 380              		.section	.rodata.str1.4,"aMS",%progbits,1
 381              		.align	2
 382              	.LC0:
 383 0000 4567656E 		.ascii	"Egen farve: %d%d%d\012\015\000"
 383      20666172 
 383      76653A20 
 383      25642564 
 383      25640A0D 
 384 0015 000000   		.space	3
 385              	.LC1:
 386 0018 4D6F6473 		.ascii	"Modstanders farver: %d%d%d\012\015\000"
 386      74616E64 
 386      65727320 
 386      66617276 
 386      65723A20 
 387              		.bss
 388              		.align	2
 389              		.set	.LANCHOR0,. + 0
 390              		.type	buf, %object
 391              		.size	buf, 50
 392              	buf:
 393 0000 00000000 		.space	50
 393      00000000 
 393      00000000 
 393      00000000 
 393      00000000 
 394 0032 0000     		.space	2
 395              		.type	timer_run_out, %object
 396              		.size	timer_run_out, 4
 397              	timer_run_out:
 398 0034 00000000 		.space	4
 399              		.text
 400              	.Letext0:
 401              		.file 2 "c:\\program files (x86)\\cypress\\psoc creator\\4.2\\psoc creator\\import\\gnu\\arm\\5.4.
 402              		.file 3 "c:\\program files (x86)\\cypress\\psoc creator\\4.2\\psoc creator\\import\\gnu\\arm\\5.4.
 403              		.file 4 "Generated_Source\\PSoC5/cytypes.h"
 404              		.file 5 "CupLight_IF.h"
 405              		.file 6 "Generated_Source\\PSoC5/core_cm3.h"
 406              		.file 7 "GameController.h"
 407              		.file 8 "Generated_Source\\PSoC5/I2C.h"
 408              		.file 9 "Generated_Source\\PSoC5/Interrupt.h"
ARM GAS  C:\Users\nikol\AppData\Local\Temp\cc8w3ZrH.s 			page 11


 409              		.file 10 "Generated_Source\\PSoC5/CyLib.h"
 410              		.file 11 "c:\\program files (x86)\\cypress\\psoc creator\\4.2\\psoc creator\\import\\gnu\\arm\\5.4
 411              		.file 12 "Generated_Source\\PSoC5/UART.h"
 412              		.section	.debug_info,"",%progbits
 413              	.Ldebug_info0:
 414 0000 AC040000 		.4byte	0x4ac
 415 0004 0400     		.2byte	0x4
 416 0006 00000000 		.4byte	.Ldebug_abbrev0
 417 000a 04       		.byte	0x4
 418 000b 01       		.uleb128 0x1
 419 000c B8000000 		.4byte	.LASF51
 420 0010 0C       		.byte	0xc
 421 0011 3E000000 		.4byte	.LASF52
 422 0015 29020000 		.4byte	.LASF53
 423 0019 18000000 		.4byte	.Ldebug_ranges0+0x18
 424 001d 00000000 		.4byte	0
 425 0021 00000000 		.4byte	.Ldebug_line0
 426 0025 02       		.uleb128 0x2
 427 0026 01       		.byte	0x1
 428 0027 06       		.byte	0x6
 429 0028 39030000 		.4byte	.LASF0
 430 002c 03       		.uleb128 0x3
 431 002d 14000000 		.4byte	.LASF4
 432 0031 02       		.byte	0x2
 433 0032 1D       		.byte	0x1d
 434 0033 37000000 		.4byte	0x37
 435 0037 02       		.uleb128 0x2
 436 0038 01       		.byte	0x1
 437 0039 08       		.byte	0x8
 438 003a AA000000 		.4byte	.LASF1
 439 003e 02       		.uleb128 0x2
 440 003f 02       		.byte	0x2
 441 0040 05       		.byte	0x5
 442 0041 E7020000 		.4byte	.LASF2
 443 0045 02       		.uleb128 0x2
 444 0046 02       		.byte	0x2
 445 0047 07       		.byte	0x7
 446 0048 58010000 		.4byte	.LASF3
 447 004c 03       		.uleb128 0x3
 448 004d 28000000 		.4byte	.LASF5
 449 0051 02       		.byte	0x2
 450 0052 3F       		.byte	0x3f
 451 0053 57000000 		.4byte	0x57
 452 0057 02       		.uleb128 0x2
 453 0058 04       		.byte	0x4
 454 0059 05       		.byte	0x5
 455 005a 19030000 		.4byte	.LASF6
 456 005e 02       		.uleb128 0x2
 457 005f 04       		.byte	0x4
 458 0060 07       		.byte	0x7
 459 0061 46010000 		.4byte	.LASF7
 460 0065 02       		.uleb128 0x2
 461 0066 08       		.byte	0x8
 462 0067 05       		.byte	0x5
 463 0068 00000000 		.4byte	.LASF8
 464 006c 02       		.uleb128 0x2
 465 006d 08       		.byte	0x8
ARM GAS  C:\Users\nikol\AppData\Local\Temp\cc8w3ZrH.s 			page 12


 466 006e 07       		.byte	0x7
 467 006f EB010000 		.4byte	.LASF9
 468 0073 04       		.uleb128 0x4
 469 0074 04       		.byte	0x4
 470 0075 05       		.byte	0x5
 471 0076 696E7400 		.ascii	"int\000"
 472 007a 02       		.uleb128 0x2
 473 007b 04       		.byte	0x4
 474 007c 07       		.byte	0x7
 475 007d D8010000 		.4byte	.LASF10
 476 0081 03       		.uleb128 0x3
 477 0082 02020000 		.4byte	.LASF11
 478 0086 03       		.byte	0x3
 479 0087 18       		.byte	0x18
 480 0088 2C000000 		.4byte	0x2c
 481 008c 03       		.uleb128 0x3
 482 008d 95020000 		.4byte	.LASF12
 483 0091 03       		.byte	0x3
 484 0092 2C       		.byte	0x2c
 485 0093 4C000000 		.4byte	0x4c
 486 0097 05       		.uleb128 0x5
 487 0098 F1020000 		.4byte	.LASF13
 488 009c 04       		.byte	0x4
 489 009d E401     		.2byte	0x1e4
 490 009f 37000000 		.4byte	0x37
 491 00a3 05       		.uleb128 0x5
 492 00a4 C6010000 		.4byte	.LASF14
 493 00a8 04       		.byte	0x4
 494 00a9 E601     		.2byte	0x1e6
 495 00ab 5E000000 		.4byte	0x5e
 496 00af 02       		.uleb128 0x2
 497 00b0 04       		.byte	0x4
 498 00b1 04       		.byte	0x4
 499 00b2 77000000 		.4byte	.LASF15
 500 00b6 02       		.uleb128 0x2
 501 00b7 08       		.byte	0x8
 502 00b8 04       		.byte	0x4
 503 00b9 8A010000 		.4byte	.LASF16
 504 00bd 02       		.uleb128 0x2
 505 00be 01       		.byte	0x1
 506 00bf 08       		.byte	0x8
 507 00c0 C4020000 		.4byte	.LASF17
 508 00c4 05       		.uleb128 0x5
 509 00c5 0E000000 		.4byte	.LASF18
 510 00c9 04       		.byte	0x4
 511 00ca 9002     		.2byte	0x290
 512 00cc D0000000 		.4byte	0xd0
 513 00d0 06       		.uleb128 0x6
 514 00d1 A3000000 		.4byte	0xa3
 515 00d5 02       		.uleb128 0x2
 516 00d6 08       		.byte	0x8
 517 00d7 04       		.byte	0x4
 518 00d8 2D030000 		.4byte	.LASF19
 519 00dc 02       		.uleb128 0x2
 520 00dd 04       		.byte	0x4
 521 00de 07       		.byte	0x7
 522 00df 9D020000 		.4byte	.LASF20
ARM GAS  C:\Users\nikol\AppData\Local\Temp\cc8w3ZrH.s 			page 13


 523 00e3 07       		.uleb128 0x7
 524 00e4 AF010000 		.4byte	.LASF31
 525 00e8 03       		.byte	0x3
 526 00e9 05       		.byte	0x5
 527 00ea 12       		.byte	0x12
 528 00eb 14010000 		.4byte	0x114
 529 00ef 08       		.uleb128 0x8
 530 00f0 52656400 		.ascii	"Red\000"
 531 00f4 05       		.byte	0x5
 532 00f5 14       		.byte	0x14
 533 00f6 81000000 		.4byte	0x81
 534 00fa 00       		.byte	0
 535 00fb 09       		.uleb128 0x9
 536 00fc E5010000 		.4byte	.LASF21
 537 0100 05       		.byte	0x5
 538 0101 15       		.byte	0x15
 539 0102 81000000 		.4byte	0x81
 540 0106 01       		.byte	0x1
 541 0107 09       		.uleb128 0x9
 542 0108 78010000 		.4byte	.LASF22
 543 010c 05       		.byte	0x5
 544 010d 16       		.byte	0x16
 545 010e 81000000 		.4byte	0x81
 546 0112 02       		.byte	0x2
 547 0113 00       		.byte	0
 548 0114 03       		.uleb128 0x3
 549 0115 82010000 		.4byte	.LASF23
 550 0119 05       		.byte	0x5
 551 011a 17       		.byte	0x17
 552 011b E3000000 		.4byte	0xe3
 553 011f 0A       		.uleb128 0xa
 554 0120 1E000000 		.4byte	.LASF54
 555 0124 01       		.byte	0x1
 556 0125 37000000 		.4byte	0x37
 557 0129 07       		.byte	0x7
 558 012a 16       		.byte	0x16
 559 012b 4E010000 		.4byte	0x14e
 560 012f 0B       		.uleb128 0xb
 561 0130 47000000 		.4byte	.LASF24
 562 0134 00       		.byte	0
 563 0135 0B       		.uleb128 0xb
 564 0136 8B000000 		.4byte	.LASF25
 565 013a 01       		.byte	0x1
 566 013b 0B       		.uleb128 0xb
 567 013c C9020000 		.4byte	.LASF26
 568 0140 02       		.byte	0x2
 569 0141 0C       		.uleb128 0xc
 570 0142 574F4E00 		.ascii	"WON\000"
 571 0146 03       		.byte	0x3
 572 0147 0B       		.uleb128 0xb
 573 0148 7D010000 		.4byte	.LASF27
 574 014c 04       		.byte	0x4
 575 014d 00       		.byte	0
 576 014e 0D       		.uleb128 0xd
 577 014f 69030000 		.4byte	.LASF28
 578 0153 01       		.byte	0x1
 579 0154 40       		.byte	0x40
ARM GAS  C:\Users\nikol\AppData\Local\Temp\cc8w3ZrH.s 			page 14


 580 0155 00000000 		.4byte	.LFB65
 581 0159 18000000 		.4byte	.LFE65-.LFB65
 582 015d 01       		.uleb128 0x1
 583 015e 9C       		.byte	0x9c
 584 015f 7B010000 		.4byte	0x17b
 585 0163 0E       		.uleb128 0xe
 586 0164 00000000 		.4byte	.LBB2
 587 0168 10000000 		.4byte	.LBE2-.LBB2
 588 016c 0F       		.uleb128 0xf
 589 016d 6900     		.ascii	"i\000"
 590 016f 01       		.byte	0x1
 591 0170 42       		.byte	0x42
 592 0171 73000000 		.4byte	0x73
 593 0175 00000000 		.4byte	.LLST0
 594 0179 00       		.byte	0
 595 017a 00       		.byte	0
 596 017b 0D       		.uleb128 0xd
 597 017c B8020000 		.4byte	.LASF29
 598 0180 01       		.byte	0x1
 599 0181 33       		.byte	0x33
 600 0182 00000000 		.4byte	.LFB64
 601 0186 30000000 		.4byte	.LFE64-.LFB64
 602 018a 01       		.uleb128 0x1
 603 018b 9C       		.byte	0x9c
 604 018c DC010000 		.4byte	0x1dc
 605 0190 10       		.uleb128 0x10
 606 0191 06000000 		.4byte	.LVL3
 607 0195 15040000 		.4byte	0x415
 608 0199 11       		.uleb128 0x11
 609 019a 14000000 		.4byte	.LVL4
 610 019e 20040000 		.4byte	0x420
 611 01a2 B5010000 		.4byte	0x1b5
 612 01a6 12       		.uleb128 0x12
 613 01a7 01       		.uleb128 0x1
 614 01a8 50       		.byte	0x50
 615 01a9 05       		.uleb128 0x5
 616 01aa 03       		.byte	0x3
 617 01ab 00000000 		.4byte	readBuffer
 618 01af 12       		.uleb128 0x12
 619 01b0 01       		.uleb128 0x1
 620 01b1 51       		.byte	0x51
 621 01b2 01       		.uleb128 0x1
 622 01b3 31       		.byte	0x31
 623 01b4 00       		.byte	0
 624 01b5 11       		.uleb128 0x11
 625 01b6 1C000000 		.4byte	.LVL5
 626 01ba 2B040000 		.4byte	0x42b
 627 01be D2010000 		.4byte	0x1d2
 628 01c2 12       		.uleb128 0x12
 629 01c3 01       		.uleb128 0x1
 630 01c4 50       		.byte	0x50
 631 01c5 05       		.uleb128 0x5
 632 01c6 03       		.byte	0x3
 633 01c7 00000000 		.4byte	writeBuffer
 634 01cb 12       		.uleb128 0x12
 635 01cc 01       		.uleb128 0x1
 636 01cd 51       		.byte	0x51
ARM GAS  C:\Users\nikol\AppData\Local\Temp\cc8w3ZrH.s 			page 15


 637 01ce 02       		.uleb128 0x2
 638 01cf 09       		.byte	0x9
 639 01d0 FF       		.byte	0xff
 640 01d1 00       		.byte	0
 641 01d2 10       		.uleb128 0x10
 642 01d3 20000000 		.4byte	.LVL6
 643 01d7 4E010000 		.4byte	0x14e
 644 01db 00       		.byte	0
 645 01dc 13       		.uleb128 0x13
 646 01dd 7D000000 		.4byte	.LASF55
 647 01e1 01       		.byte	0x1
 648 01e2 4A       		.byte	0x4a
 649 01e3 00000000 		.4byte	.LFB66
 650 01e7 28000000 		.4byte	.LFE66-.LFB66
 651 01eb 01       		.uleb128 0x1
 652 01ec 9C       		.byte	0x9c
 653 01ed 48020000 		.4byte	0x248
 654 01f1 14       		.uleb128 0x14
 655 01f2 66000000 		.4byte	.LASF56
 656 01f6 01       		.byte	0x1
 657 01f7 4A       		.byte	0x4a
 658 01f8 81000000 		.4byte	0x81
 659 01fc 1F000000 		.4byte	.LLST1
 660 0200 10       		.uleb128 0x10
 661 0201 08000000 		.4byte	.LVL8
 662 0205 4E010000 		.4byte	0x14e
 663 0209 10       		.uleb128 0x10
 664 020a 10000000 		.4byte	.LVL9
 665 020e 36040000 		.4byte	0x436
 666 0212 11       		.uleb128 0x11
 667 0213 16000000 		.4byte	.LVL10
 668 0217 41040000 		.4byte	0x441
 669 021b 25020000 		.4byte	0x225
 670 021f 12       		.uleb128 0x12
 671 0220 01       		.uleb128 0x1
 672 0221 50       		.byte	0x50
 673 0222 01       		.uleb128 0x1
 674 0223 30       		.byte	0x30
 675 0224 00       		.byte	0
 676 0225 11       		.uleb128 0x11
 677 0226 1C000000 		.4byte	.LVL11
 678 022a 4C040000 		.4byte	0x44c
 679 022e 38020000 		.4byte	0x238
 680 0232 12       		.uleb128 0x12
 681 0233 01       		.uleb128 0x1
 682 0234 50       		.byte	0x50
 683 0235 01       		.uleb128 0x1
 684 0236 31       		.byte	0x31
 685 0237 00       		.byte	0
 686 0238 15       		.uleb128 0x15
 687 0239 22000000 		.4byte	.LVL12
 688 023d 41040000 		.4byte	0x441
 689 0241 12       		.uleb128 0x12
 690 0242 01       		.uleb128 0x1
 691 0243 50       		.byte	0x50
 692 0244 01       		.uleb128 0x1
 693 0245 31       		.byte	0x31
ARM GAS  C:\Users\nikol\AppData\Local\Temp\cc8w3ZrH.s 			page 16


 694 0246 00       		.byte	0
 695 0247 00       		.byte	0
 696 0248 0D       		.uleb128 0xd
 697 0249 A6020000 		.4byte	.LASF30
 698 024d 01       		.byte	0x1
 699 024e 54       		.byte	0x54
 700 024f 00000000 		.4byte	.LFB67
 701 0253 08010000 		.4byte	.LFE67-.LFB67
 702 0257 01       		.uleb128 0x1
 703 0258 9C       		.byte	0x9c
 704 0259 7B030000 		.4byte	0x37b
 705 025d 16       		.uleb128 0x16
 706 025e 00000000 		.4byte	.Ldebug_ranges0+0
 707 0262 68030000 		.4byte	0x368
 708 0266 0F       		.uleb128 0xf
 709 0267 6900     		.ascii	"i\000"
 710 0269 01       		.byte	0x1
 711 026a 58       		.byte	0x58
 712 026b 73000000 		.4byte	0x73
 713 026f 40000000 		.4byte	.LLST2
 714 0273 17       		.uleb128 0x17
 715 0274 5E000000 		.4byte	.LBB4
 716 0278 7E000000 		.4byte	.LBE4-.LBB4
 717 027c FF020000 		.4byte	0x2ff
 718 0280 18       		.uleb128 0x18
 719 0281 AF010000 		.4byte	.LASF31
 720 0285 01       		.byte	0x1
 721 0286 6E       		.byte	0x6e
 722 0287 14010000 		.4byte	0x114
 723 028b 02       		.uleb128 0x2
 724 028c 91       		.byte	0x91
 725 028d 6C       		.sleb128 -20
 726 028e 11       		.uleb128 0x11
 727 028f 8E000000 		.4byte	.LVL25
 728 0293 57040000 		.4byte	0x457
 729 0297 AB020000 		.4byte	0x2ab
 730 029b 12       		.uleb128 0x12
 731 029c 01       		.uleb128 0x1
 732 029d 50       		.byte	0x50
 733 029e 02       		.uleb128 0x2
 734 029f 74       		.byte	0x74
 735 02a0 00       		.sleb128 0
 736 02a1 12       		.uleb128 0x12
 737 02a2 01       		.uleb128 0x1
 738 02a3 51       		.byte	0x51
 739 02a4 05       		.uleb128 0x5
 740 02a5 03       		.byte	0x3
 741 02a6 00000000 		.4byte	.LC0
 742 02aa 00       		.byte	0
 743 02ab 10       		.uleb128 0x10
 744 02ac 98000000 		.4byte	.LVL26
 745 02b0 62040000 		.4byte	0x462
 746 02b4 11       		.uleb128 0x11
 747 02b5 9E000000 		.4byte	.LVL27
 748 02b9 6D040000 		.4byte	0x46d
 749 02bd C8020000 		.4byte	0x2c8
 750 02c1 12       		.uleb128 0x12
ARM GAS  C:\Users\nikol\AppData\Local\Temp\cc8w3ZrH.s 			page 17


 751 02c2 01       		.uleb128 0x1
 752 02c3 50       		.byte	0x50
 753 02c4 02       		.uleb128 0x2
 754 02c5 74       		.byte	0x74
 755 02c6 00       		.sleb128 0
 756 02c7 00       		.byte	0
 757 02c8 11       		.uleb128 0x11
 758 02c9 CA000000 		.4byte	.LVL32
 759 02cd 57040000 		.4byte	0x457
 760 02d1 E5020000 		.4byte	0x2e5
 761 02d5 12       		.uleb128 0x12
 762 02d6 01       		.uleb128 0x1
 763 02d7 50       		.byte	0x50
 764 02d8 02       		.uleb128 0x2
 765 02d9 74       		.byte	0x74
 766 02da 00       		.sleb128 0
 767 02db 12       		.uleb128 0x12
 768 02dc 01       		.uleb128 0x1
 769 02dd 51       		.byte	0x51
 770 02de 05       		.uleb128 0x5
 771 02df 03       		.byte	0x3
 772 02e0 18000000 		.4byte	.LC1
 773 02e4 00       		.byte	0
 774 02e5 10       		.uleb128 0x10
 775 02e6 D4000000 		.4byte	.LVL33
 776 02ea 78040000 		.4byte	0x478
 777 02ee 15       		.uleb128 0x15
 778 02ef DA000000 		.4byte	.LVL34
 779 02f3 6D040000 		.4byte	0x46d
 780 02f7 12       		.uleb128 0x12
 781 02f8 01       		.uleb128 0x1
 782 02f9 50       		.byte	0x50
 783 02fa 02       		.uleb128 0x2
 784 02fb 74       		.byte	0x74
 785 02fc 00       		.sleb128 0
 786 02fd 00       		.byte	0
 787 02fe 00       		.byte	0
 788 02ff 11       		.uleb128 0x11
 789 0300 3C000000 		.4byte	.LVL15
 790 0304 83040000 		.4byte	0x483
 791 0308 12030000 		.4byte	0x312
 792 030c 12       		.uleb128 0x12
 793 030d 01       		.uleb128 0x1
 794 030e 50       		.byte	0x50
 795 030f 01       		.uleb128 0x1
 796 0310 30       		.byte	0x30
 797 0311 00       		.byte	0
 798 0312 11       		.uleb128 0x11
 799 0313 44000000 		.4byte	.LVL16
 800 0317 83040000 		.4byte	0x483
 801 031b 25030000 		.4byte	0x325
 802 031f 12       		.uleb128 0x12
 803 0320 01       		.uleb128 0x1
 804 0321 50       		.byte	0x50
 805 0322 01       		.uleb128 0x1
 806 0323 31       		.byte	0x31
 807 0324 00       		.byte	0
ARM GAS  C:\Users\nikol\AppData\Local\Temp\cc8w3ZrH.s 			page 18


 808 0325 11       		.uleb128 0x11
 809 0326 4C000000 		.4byte	.LVL17
 810 032a 83040000 		.4byte	0x483
 811 032e 38030000 		.4byte	0x338
 812 0332 12       		.uleb128 0x12
 813 0333 01       		.uleb128 0x1
 814 0334 50       		.byte	0x50
 815 0335 01       		.uleb128 0x1
 816 0336 32       		.byte	0x32
 817 0337 00       		.byte	0
 818 0338 11       		.uleb128 0x11
 819 0339 54000000 		.4byte	.LVL18
 820 033d 83040000 		.4byte	0x483
 821 0341 4B030000 		.4byte	0x34b
 822 0345 12       		.uleb128 0x12
 823 0346 01       		.uleb128 0x1
 824 0347 50       		.byte	0x50
 825 0348 01       		.uleb128 0x1
 826 0349 34       		.byte	0x34
 827 034a 00       		.byte	0
 828 034b 11       		.uleb128 0x11
 829 034c 5C000000 		.4byte	.LVL19
 830 0350 83040000 		.4byte	0x483
 831 0354 5E030000 		.4byte	0x35e
 832 0358 12       		.uleb128 0x12
 833 0359 01       		.uleb128 0x1
 834 035a 50       		.byte	0x50
 835 035b 01       		.uleb128 0x1
 836 035c 33       		.byte	0x33
 837 035d 00       		.byte	0
 838 035e 10       		.uleb128 0x10
 839 035f E6000000 		.4byte	.LVL39
 840 0363 8E040000 		.4byte	0x48e
 841 0367 00       		.byte	0
 842 0368 10       		.uleb128 0x10
 843 0369 08000000 		.4byte	.LVL13
 844 036d 99040000 		.4byte	0x499
 845 0371 10       		.uleb128 0x10
 846 0372 EE000000 		.4byte	.LVL40
 847 0376 A4040000 		.4byte	0x4a4
 848 037a 00       		.byte	0
 849 037b 19       		.uleb128 0x19
 850 037c BD000000 		.4byte	0xbd
 851 0380 8B030000 		.4byte	0x38b
 852 0384 1A       		.uleb128 0x1a
 853 0385 DC000000 		.4byte	0xdc
 854 0389 31       		.byte	0x31
 855 038a 00       		.byte	0
 856 038b 1B       		.uleb128 0x1b
 857 038c 62756600 		.ascii	"buf\000"
 858 0390 01       		.byte	0x1
 859 0391 24       		.byte	0x24
 860 0392 7B030000 		.4byte	0x37b
 861 0396 05       		.uleb128 0x5
 862 0397 03       		.byte	0x3
 863 0398 00000000 		.4byte	buf
 864 039c 1C       		.uleb128 0x1c
ARM GAS  C:\Users\nikol\AppData\Local\Temp\cc8w3ZrH.s 			page 19


 865 039d 6B010000 		.4byte	.LASF32
 866 03a1 06       		.byte	0x6
 867 03a2 1207     		.2byte	0x712
 868 03a4 A8030000 		.4byte	0x3a8
 869 03a8 06       		.uleb128 0x6
 870 03a9 8C000000 		.4byte	0x8c
 871 03ad 1D       		.uleb128 0x1d
 872 03ae 81030000 		.4byte	.LASF33
 873 03b2 07       		.byte	0x7
 874 03b3 16       		.byte	0x16
 875 03b4 1F010000 		.4byte	0x11f
 876 03b8 05       		.uleb128 0x5
 877 03b9 03       		.byte	0x3
 878 03ba 00000000 		.4byte	currentState
 879 03be 1E       		.uleb128 0x1e
 880 03bf 6E00     		.ascii	"n\000"
 881 03c1 01       		.byte	0x1
 882 03c2 25       		.byte	0x25
 883 03c3 73000000 		.4byte	0x73
 884 03c7 05       		.uleb128 0x5
 885 03c8 03       		.byte	0x3
 886 03c9 00000000 		.4byte	n
 887 03cd 1D       		.uleb128 0x1d
 888 03ce 91010000 		.4byte	.LASF34
 889 03d2 01       		.byte	0x1
 890 03d3 26       		.byte	0x26
 891 03d4 DE030000 		.4byte	0x3de
 892 03d8 05       		.uleb128 0x5
 893 03d9 03       		.byte	0x3
 894 03da 00000000 		.4byte	timer_run_out
 895 03de 06       		.uleb128 0x6
 896 03df 73000000 		.4byte	0x73
 897 03e3 19       		.uleb128 0x19
 898 03e4 81000000 		.4byte	0x81
 899 03e8 F3030000 		.4byte	0x3f3
 900 03ec 1A       		.uleb128 0x1a
 901 03ed DC000000 		.4byte	0xdc
 902 03f1 FF       		.byte	0xff
 903 03f2 00       		.byte	0
 904 03f3 1D       		.uleb128 0x1d
 905 03f4 22030000 		.4byte	.LASF35
 906 03f8 01       		.byte	0x1
 907 03f9 28       		.byte	0x28
 908 03fa E3030000 		.4byte	0x3e3
 909 03fe 05       		.uleb128 0x5
 910 03ff 03       		.byte	0x3
 911 0400 00000000 		.4byte	readBuffer
 912 0404 1D       		.uleb128 0x1d
 913 0405 32000000 		.4byte	.LASF36
 914 0409 01       		.byte	0x1
 915 040a 29       		.byte	0x29
 916 040b E3030000 		.4byte	0x3e3
 917 040f 05       		.uleb128 0x5
 918 0410 03       		.byte	0x3
 919 0411 00000000 		.4byte	writeBuffer
 920 0415 1F       		.uleb128 0x1f
 921 0416 6D000000 		.4byte	.LASF37
ARM GAS  C:\Users\nikol\AppData\Local\Temp\cc8w3ZrH.s 			page 20


 922 041a 6D000000 		.4byte	.LASF37
 923 041e 08       		.byte	0x8
 924 041f 93       		.byte	0x93
 925 0420 1F       		.uleb128 0x1f
 926 0421 45030000 		.4byte	.LASF38
 927 0425 45030000 		.4byte	.LASF38
 928 0429 08       		.byte	0x8
 929 042a C5       		.byte	0xc5
 930 042b 1F       		.uleb128 0x1f
 931 042c D1020000 		.4byte	.LASF39
 932 0430 D1020000 		.4byte	.LASF39
 933 0434 08       		.byte	0x8
 934 0435 C7       		.byte	0xc7
 935 0436 1F       		.uleb128 0x1f
 936 0437 94000000 		.4byte	.LASF40
 937 043b 94000000 		.4byte	.LASF40
 938 043f 08       		.byte	0x8
 939 0440 CB       		.byte	0xcb
 940 0441 1F       		.uleb128 0x1f
 941 0442 9F010000 		.4byte	.LASF41
 942 0446 9F010000 		.4byte	.LASF41
 943 044a 09       		.byte	0x9
 944 044b 26       		.byte	0x26
 945 044c 1F       		.uleb128 0x1f
 946 044d 79030000 		.4byte	.LASF42
 947 0451 79030000 		.4byte	.LASF42
 948 0455 0A       		.byte	0xa
 949 0456 76       		.byte	0x76
 950 0457 1F       		.uleb128 0x1f
 951 0458 21020000 		.4byte	.LASF43
 952 045c 21020000 		.4byte	.LASF43
 953 0460 0B       		.byte	0xb
 954 0461 E7       		.byte	0xe7
 955 0462 1F       		.uleb128 0x1f
 956 0463 CD010000 		.4byte	.LASF44
 957 0467 CD010000 		.4byte	.LASF44
 958 046b 07       		.byte	0x7
 959 046c 1A       		.byte	0x1a
 960 046d 1F       		.uleb128 0x1f
 961 046e 5A030000 		.4byte	.LASF45
 962 0472 5A030000 		.4byte	.LASF45
 963 0476 0C       		.byte	0xc
 964 0477 8B       		.byte	0x8b
 965 0478 1F       		.uleb128 0x1f
 966 0479 B5010000 		.4byte	.LASF46
 967 047d B5010000 		.4byte	.LASF46
 968 0481 07       		.byte	0x7
 969 0482 1B       		.byte	0x1b
 970 0483 1F       		.uleb128 0x1f
 971 0484 10030000 		.4byte	.LASF47
 972 0488 10030000 		.4byte	.LASF47
 973 048c 07       		.byte	0x7
 974 048d 19       		.byte	0x19
 975 048e 1F       		.uleb128 0x1f
 976 048f F7020000 		.4byte	.LASF48
 977 0493 F7020000 		.4byte	.LASF48
 978 0497 08       		.byte	0x8
ARM GAS  C:\Users\nikol\AppData\Local\Temp\cc8w3ZrH.s 			page 21


 979 0498 CA       		.byte	0xca
 980 0499 1F       		.uleb128 0x1f
 981 049a 4C000000 		.4byte	.LASF49
 982 049e 4C000000 		.4byte	.LASF49
 983 04a2 08       		.byte	0x8
 984 04a3 C0       		.byte	0xc0
 985 04a4 1F       		.uleb128 0x1f
 986 04a5 0A020000 		.4byte	.LASF50
 987 04a9 0A020000 		.4byte	.LASF50
 988 04ad 08       		.byte	0x8
 989 04ae CC       		.byte	0xcc
 990 04af 00       		.byte	0
 991              		.section	.debug_abbrev,"",%progbits
 992              	.Ldebug_abbrev0:
 993 0000 01       		.uleb128 0x1
 994 0001 11       		.uleb128 0x11
 995 0002 01       		.byte	0x1
 996 0003 25       		.uleb128 0x25
 997 0004 0E       		.uleb128 0xe
 998 0005 13       		.uleb128 0x13
 999 0006 0B       		.uleb128 0xb
 1000 0007 03       		.uleb128 0x3
 1001 0008 0E       		.uleb128 0xe
 1002 0009 1B       		.uleb128 0x1b
 1003 000a 0E       		.uleb128 0xe
 1004 000b 55       		.uleb128 0x55
 1005 000c 17       		.uleb128 0x17
 1006 000d 11       		.uleb128 0x11
 1007 000e 01       		.uleb128 0x1
 1008 000f 10       		.uleb128 0x10
 1009 0010 17       		.uleb128 0x17
 1010 0011 00       		.byte	0
 1011 0012 00       		.byte	0
 1012 0013 02       		.uleb128 0x2
 1013 0014 24       		.uleb128 0x24
 1014 0015 00       		.byte	0
 1015 0016 0B       		.uleb128 0xb
 1016 0017 0B       		.uleb128 0xb
 1017 0018 3E       		.uleb128 0x3e
 1018 0019 0B       		.uleb128 0xb
 1019 001a 03       		.uleb128 0x3
 1020 001b 0E       		.uleb128 0xe
 1021 001c 00       		.byte	0
 1022 001d 00       		.byte	0
 1023 001e 03       		.uleb128 0x3
 1024 001f 16       		.uleb128 0x16
 1025 0020 00       		.byte	0
 1026 0021 03       		.uleb128 0x3
 1027 0022 0E       		.uleb128 0xe
 1028 0023 3A       		.uleb128 0x3a
 1029 0024 0B       		.uleb128 0xb
 1030 0025 3B       		.uleb128 0x3b
 1031 0026 0B       		.uleb128 0xb
 1032 0027 49       		.uleb128 0x49
 1033 0028 13       		.uleb128 0x13
 1034 0029 00       		.byte	0
 1035 002a 00       		.byte	0
ARM GAS  C:\Users\nikol\AppData\Local\Temp\cc8w3ZrH.s 			page 22


 1036 002b 04       		.uleb128 0x4
 1037 002c 24       		.uleb128 0x24
 1038 002d 00       		.byte	0
 1039 002e 0B       		.uleb128 0xb
 1040 002f 0B       		.uleb128 0xb
 1041 0030 3E       		.uleb128 0x3e
 1042 0031 0B       		.uleb128 0xb
 1043 0032 03       		.uleb128 0x3
 1044 0033 08       		.uleb128 0x8
 1045 0034 00       		.byte	0
 1046 0035 00       		.byte	0
 1047 0036 05       		.uleb128 0x5
 1048 0037 16       		.uleb128 0x16
 1049 0038 00       		.byte	0
 1050 0039 03       		.uleb128 0x3
 1051 003a 0E       		.uleb128 0xe
 1052 003b 3A       		.uleb128 0x3a
 1053 003c 0B       		.uleb128 0xb
 1054 003d 3B       		.uleb128 0x3b
 1055 003e 05       		.uleb128 0x5
 1056 003f 49       		.uleb128 0x49
 1057 0040 13       		.uleb128 0x13
 1058 0041 00       		.byte	0
 1059 0042 00       		.byte	0
 1060 0043 06       		.uleb128 0x6
 1061 0044 35       		.uleb128 0x35
 1062 0045 00       		.byte	0
 1063 0046 49       		.uleb128 0x49
 1064 0047 13       		.uleb128 0x13
 1065 0048 00       		.byte	0
 1066 0049 00       		.byte	0
 1067 004a 07       		.uleb128 0x7
 1068 004b 13       		.uleb128 0x13
 1069 004c 01       		.byte	0x1
 1070 004d 03       		.uleb128 0x3
 1071 004e 0E       		.uleb128 0xe
 1072 004f 0B       		.uleb128 0xb
 1073 0050 0B       		.uleb128 0xb
 1074 0051 3A       		.uleb128 0x3a
 1075 0052 0B       		.uleb128 0xb
 1076 0053 3B       		.uleb128 0x3b
 1077 0054 0B       		.uleb128 0xb
 1078 0055 01       		.uleb128 0x1
 1079 0056 13       		.uleb128 0x13
 1080 0057 00       		.byte	0
 1081 0058 00       		.byte	0
 1082 0059 08       		.uleb128 0x8
 1083 005a 0D       		.uleb128 0xd
 1084 005b 00       		.byte	0
 1085 005c 03       		.uleb128 0x3
 1086 005d 08       		.uleb128 0x8
 1087 005e 3A       		.uleb128 0x3a
 1088 005f 0B       		.uleb128 0xb
 1089 0060 3B       		.uleb128 0x3b
 1090 0061 0B       		.uleb128 0xb
 1091 0062 49       		.uleb128 0x49
 1092 0063 13       		.uleb128 0x13
ARM GAS  C:\Users\nikol\AppData\Local\Temp\cc8w3ZrH.s 			page 23


 1093 0064 38       		.uleb128 0x38
 1094 0065 0B       		.uleb128 0xb
 1095 0066 00       		.byte	0
 1096 0067 00       		.byte	0
 1097 0068 09       		.uleb128 0x9
 1098 0069 0D       		.uleb128 0xd
 1099 006a 00       		.byte	0
 1100 006b 03       		.uleb128 0x3
 1101 006c 0E       		.uleb128 0xe
 1102 006d 3A       		.uleb128 0x3a
 1103 006e 0B       		.uleb128 0xb
 1104 006f 3B       		.uleb128 0x3b
 1105 0070 0B       		.uleb128 0xb
 1106 0071 49       		.uleb128 0x49
 1107 0072 13       		.uleb128 0x13
 1108 0073 38       		.uleb128 0x38
 1109 0074 0B       		.uleb128 0xb
 1110 0075 00       		.byte	0
 1111 0076 00       		.byte	0
 1112 0077 0A       		.uleb128 0xa
 1113 0078 04       		.uleb128 0x4
 1114 0079 01       		.byte	0x1
 1115 007a 03       		.uleb128 0x3
 1116 007b 0E       		.uleb128 0xe
 1117 007c 0B       		.uleb128 0xb
 1118 007d 0B       		.uleb128 0xb
 1119 007e 49       		.uleb128 0x49
 1120 007f 13       		.uleb128 0x13
 1121 0080 3A       		.uleb128 0x3a
 1122 0081 0B       		.uleb128 0xb
 1123 0082 3B       		.uleb128 0x3b
 1124 0083 0B       		.uleb128 0xb
 1125 0084 01       		.uleb128 0x1
 1126 0085 13       		.uleb128 0x13
 1127 0086 00       		.byte	0
 1128 0087 00       		.byte	0
 1129 0088 0B       		.uleb128 0xb
 1130 0089 28       		.uleb128 0x28
 1131 008a 00       		.byte	0
 1132 008b 03       		.uleb128 0x3
 1133 008c 0E       		.uleb128 0xe
 1134 008d 1C       		.uleb128 0x1c
 1135 008e 0B       		.uleb128 0xb
 1136 008f 00       		.byte	0
 1137 0090 00       		.byte	0
 1138 0091 0C       		.uleb128 0xc
 1139 0092 28       		.uleb128 0x28
 1140 0093 00       		.byte	0
 1141 0094 03       		.uleb128 0x3
 1142 0095 08       		.uleb128 0x8
 1143 0096 1C       		.uleb128 0x1c
 1144 0097 0B       		.uleb128 0xb
 1145 0098 00       		.byte	0
 1146 0099 00       		.byte	0
 1147 009a 0D       		.uleb128 0xd
 1148 009b 2E       		.uleb128 0x2e
 1149 009c 01       		.byte	0x1
ARM GAS  C:\Users\nikol\AppData\Local\Temp\cc8w3ZrH.s 			page 24


 1150 009d 3F       		.uleb128 0x3f
 1151 009e 19       		.uleb128 0x19
 1152 009f 03       		.uleb128 0x3
 1153 00a0 0E       		.uleb128 0xe
 1154 00a1 3A       		.uleb128 0x3a
 1155 00a2 0B       		.uleb128 0xb
 1156 00a3 3B       		.uleb128 0x3b
 1157 00a4 0B       		.uleb128 0xb
 1158 00a5 11       		.uleb128 0x11
 1159 00a6 01       		.uleb128 0x1
 1160 00a7 12       		.uleb128 0x12
 1161 00a8 06       		.uleb128 0x6
 1162 00a9 40       		.uleb128 0x40
 1163 00aa 18       		.uleb128 0x18
 1164 00ab 9742     		.uleb128 0x2117
 1165 00ad 19       		.uleb128 0x19
 1166 00ae 01       		.uleb128 0x1
 1167 00af 13       		.uleb128 0x13
 1168 00b0 00       		.byte	0
 1169 00b1 00       		.byte	0
 1170 00b2 0E       		.uleb128 0xe
 1171 00b3 0B       		.uleb128 0xb
 1172 00b4 01       		.byte	0x1
 1173 00b5 11       		.uleb128 0x11
 1174 00b6 01       		.uleb128 0x1
 1175 00b7 12       		.uleb128 0x12
 1176 00b8 06       		.uleb128 0x6
 1177 00b9 00       		.byte	0
 1178 00ba 00       		.byte	0
 1179 00bb 0F       		.uleb128 0xf
 1180 00bc 34       		.uleb128 0x34
 1181 00bd 00       		.byte	0
 1182 00be 03       		.uleb128 0x3
 1183 00bf 08       		.uleb128 0x8
 1184 00c0 3A       		.uleb128 0x3a
 1185 00c1 0B       		.uleb128 0xb
 1186 00c2 3B       		.uleb128 0x3b
 1187 00c3 0B       		.uleb128 0xb
 1188 00c4 49       		.uleb128 0x49
 1189 00c5 13       		.uleb128 0x13
 1190 00c6 02       		.uleb128 0x2
 1191 00c7 17       		.uleb128 0x17
 1192 00c8 00       		.byte	0
 1193 00c9 00       		.byte	0
 1194 00ca 10       		.uleb128 0x10
 1195 00cb 898201   		.uleb128 0x4109
 1196 00ce 00       		.byte	0
 1197 00cf 11       		.uleb128 0x11
 1198 00d0 01       		.uleb128 0x1
 1199 00d1 31       		.uleb128 0x31
 1200 00d2 13       		.uleb128 0x13
 1201 00d3 00       		.byte	0
 1202 00d4 00       		.byte	0
 1203 00d5 11       		.uleb128 0x11
 1204 00d6 898201   		.uleb128 0x4109
 1205 00d9 01       		.byte	0x1
 1206 00da 11       		.uleb128 0x11
ARM GAS  C:\Users\nikol\AppData\Local\Temp\cc8w3ZrH.s 			page 25


 1207 00db 01       		.uleb128 0x1
 1208 00dc 31       		.uleb128 0x31
 1209 00dd 13       		.uleb128 0x13
 1210 00de 01       		.uleb128 0x1
 1211 00df 13       		.uleb128 0x13
 1212 00e0 00       		.byte	0
 1213 00e1 00       		.byte	0
 1214 00e2 12       		.uleb128 0x12
 1215 00e3 8A8201   		.uleb128 0x410a
 1216 00e6 00       		.byte	0
 1217 00e7 02       		.uleb128 0x2
 1218 00e8 18       		.uleb128 0x18
 1219 00e9 9142     		.uleb128 0x2111
 1220 00eb 18       		.uleb128 0x18
 1221 00ec 00       		.byte	0
 1222 00ed 00       		.byte	0
 1223 00ee 13       		.uleb128 0x13
 1224 00ef 2E       		.uleb128 0x2e
 1225 00f0 01       		.byte	0x1
 1226 00f1 3F       		.uleb128 0x3f
 1227 00f2 19       		.uleb128 0x19
 1228 00f3 03       		.uleb128 0x3
 1229 00f4 0E       		.uleb128 0xe
 1230 00f5 3A       		.uleb128 0x3a
 1231 00f6 0B       		.uleb128 0xb
 1232 00f7 3B       		.uleb128 0x3b
 1233 00f8 0B       		.uleb128 0xb
 1234 00f9 27       		.uleb128 0x27
 1235 00fa 19       		.uleb128 0x19
 1236 00fb 11       		.uleb128 0x11
 1237 00fc 01       		.uleb128 0x1
 1238 00fd 12       		.uleb128 0x12
 1239 00fe 06       		.uleb128 0x6
 1240 00ff 40       		.uleb128 0x40
 1241 0100 18       		.uleb128 0x18
 1242 0101 9742     		.uleb128 0x2117
 1243 0103 19       		.uleb128 0x19
 1244 0104 01       		.uleb128 0x1
 1245 0105 13       		.uleb128 0x13
 1246 0106 00       		.byte	0
 1247 0107 00       		.byte	0
 1248 0108 14       		.uleb128 0x14
 1249 0109 05       		.uleb128 0x5
 1250 010a 00       		.byte	0
 1251 010b 03       		.uleb128 0x3
 1252 010c 0E       		.uleb128 0xe
 1253 010d 3A       		.uleb128 0x3a
 1254 010e 0B       		.uleb128 0xb
 1255 010f 3B       		.uleb128 0x3b
 1256 0110 0B       		.uleb128 0xb
 1257 0111 49       		.uleb128 0x49
 1258 0112 13       		.uleb128 0x13
 1259 0113 02       		.uleb128 0x2
 1260 0114 17       		.uleb128 0x17
 1261 0115 00       		.byte	0
 1262 0116 00       		.byte	0
 1263 0117 15       		.uleb128 0x15
ARM GAS  C:\Users\nikol\AppData\Local\Temp\cc8w3ZrH.s 			page 26


 1264 0118 898201   		.uleb128 0x4109
 1265 011b 01       		.byte	0x1
 1266 011c 11       		.uleb128 0x11
 1267 011d 01       		.uleb128 0x1
 1268 011e 31       		.uleb128 0x31
 1269 011f 13       		.uleb128 0x13
 1270 0120 00       		.byte	0
 1271 0121 00       		.byte	0
 1272 0122 16       		.uleb128 0x16
 1273 0123 0B       		.uleb128 0xb
 1274 0124 01       		.byte	0x1
 1275 0125 55       		.uleb128 0x55
 1276 0126 17       		.uleb128 0x17
 1277 0127 01       		.uleb128 0x1
 1278 0128 13       		.uleb128 0x13
 1279 0129 00       		.byte	0
 1280 012a 00       		.byte	0
 1281 012b 17       		.uleb128 0x17
 1282 012c 0B       		.uleb128 0xb
 1283 012d 01       		.byte	0x1
 1284 012e 11       		.uleb128 0x11
 1285 012f 01       		.uleb128 0x1
 1286 0130 12       		.uleb128 0x12
 1287 0131 06       		.uleb128 0x6
 1288 0132 01       		.uleb128 0x1
 1289 0133 13       		.uleb128 0x13
 1290 0134 00       		.byte	0
 1291 0135 00       		.byte	0
 1292 0136 18       		.uleb128 0x18
 1293 0137 34       		.uleb128 0x34
 1294 0138 00       		.byte	0
 1295 0139 03       		.uleb128 0x3
 1296 013a 0E       		.uleb128 0xe
 1297 013b 3A       		.uleb128 0x3a
 1298 013c 0B       		.uleb128 0xb
 1299 013d 3B       		.uleb128 0x3b
 1300 013e 0B       		.uleb128 0xb
 1301 013f 49       		.uleb128 0x49
 1302 0140 13       		.uleb128 0x13
 1303 0141 02       		.uleb128 0x2
 1304 0142 18       		.uleb128 0x18
 1305 0143 00       		.byte	0
 1306 0144 00       		.byte	0
 1307 0145 19       		.uleb128 0x19
 1308 0146 01       		.uleb128 0x1
 1309 0147 01       		.byte	0x1
 1310 0148 49       		.uleb128 0x49
 1311 0149 13       		.uleb128 0x13
 1312 014a 01       		.uleb128 0x1
 1313 014b 13       		.uleb128 0x13
 1314 014c 00       		.byte	0
 1315 014d 00       		.byte	0
 1316 014e 1A       		.uleb128 0x1a
 1317 014f 21       		.uleb128 0x21
 1318 0150 00       		.byte	0
 1319 0151 49       		.uleb128 0x49
 1320 0152 13       		.uleb128 0x13
ARM GAS  C:\Users\nikol\AppData\Local\Temp\cc8w3ZrH.s 			page 27


 1321 0153 2F       		.uleb128 0x2f
 1322 0154 0B       		.uleb128 0xb
 1323 0155 00       		.byte	0
 1324 0156 00       		.byte	0
 1325 0157 1B       		.uleb128 0x1b
 1326 0158 34       		.uleb128 0x34
 1327 0159 00       		.byte	0
 1328 015a 03       		.uleb128 0x3
 1329 015b 08       		.uleb128 0x8
 1330 015c 3A       		.uleb128 0x3a
 1331 015d 0B       		.uleb128 0xb
 1332 015e 3B       		.uleb128 0x3b
 1333 015f 0B       		.uleb128 0xb
 1334 0160 49       		.uleb128 0x49
 1335 0161 13       		.uleb128 0x13
 1336 0162 02       		.uleb128 0x2
 1337 0163 18       		.uleb128 0x18
 1338 0164 00       		.byte	0
 1339 0165 00       		.byte	0
 1340 0166 1C       		.uleb128 0x1c
 1341 0167 34       		.uleb128 0x34
 1342 0168 00       		.byte	0
 1343 0169 03       		.uleb128 0x3
 1344 016a 0E       		.uleb128 0xe
 1345 016b 3A       		.uleb128 0x3a
 1346 016c 0B       		.uleb128 0xb
 1347 016d 3B       		.uleb128 0x3b
 1348 016e 05       		.uleb128 0x5
 1349 016f 49       		.uleb128 0x49
 1350 0170 13       		.uleb128 0x13
 1351 0171 3F       		.uleb128 0x3f
 1352 0172 19       		.uleb128 0x19
 1353 0173 3C       		.uleb128 0x3c
 1354 0174 19       		.uleb128 0x19
 1355 0175 00       		.byte	0
 1356 0176 00       		.byte	0
 1357 0177 1D       		.uleb128 0x1d
 1358 0178 34       		.uleb128 0x34
 1359 0179 00       		.byte	0
 1360 017a 03       		.uleb128 0x3
 1361 017b 0E       		.uleb128 0xe
 1362 017c 3A       		.uleb128 0x3a
 1363 017d 0B       		.uleb128 0xb
 1364 017e 3B       		.uleb128 0x3b
 1365 017f 0B       		.uleb128 0xb
 1366 0180 49       		.uleb128 0x49
 1367 0181 13       		.uleb128 0x13
 1368 0182 3F       		.uleb128 0x3f
 1369 0183 19       		.uleb128 0x19
 1370 0184 02       		.uleb128 0x2
 1371 0185 18       		.uleb128 0x18
 1372 0186 00       		.byte	0
 1373 0187 00       		.byte	0
 1374 0188 1E       		.uleb128 0x1e
 1375 0189 34       		.uleb128 0x34
 1376 018a 00       		.byte	0
 1377 018b 03       		.uleb128 0x3
ARM GAS  C:\Users\nikol\AppData\Local\Temp\cc8w3ZrH.s 			page 28


 1378 018c 08       		.uleb128 0x8
 1379 018d 3A       		.uleb128 0x3a
 1380 018e 0B       		.uleb128 0xb
 1381 018f 3B       		.uleb128 0x3b
 1382 0190 0B       		.uleb128 0xb
 1383 0191 49       		.uleb128 0x49
 1384 0192 13       		.uleb128 0x13
 1385 0193 3F       		.uleb128 0x3f
 1386 0194 19       		.uleb128 0x19
 1387 0195 02       		.uleb128 0x2
 1388 0196 18       		.uleb128 0x18
 1389 0197 00       		.byte	0
 1390 0198 00       		.byte	0
 1391 0199 1F       		.uleb128 0x1f
 1392 019a 2E       		.uleb128 0x2e
 1393 019b 00       		.byte	0
 1394 019c 3F       		.uleb128 0x3f
 1395 019d 19       		.uleb128 0x19
 1396 019e 3C       		.uleb128 0x3c
 1397 019f 19       		.uleb128 0x19
 1398 01a0 6E       		.uleb128 0x6e
 1399 01a1 0E       		.uleb128 0xe
 1400 01a2 03       		.uleb128 0x3
 1401 01a3 0E       		.uleb128 0xe
 1402 01a4 3A       		.uleb128 0x3a
 1403 01a5 0B       		.uleb128 0xb
 1404 01a6 3B       		.uleb128 0x3b
 1405 01a7 0B       		.uleb128 0xb
 1406 01a8 00       		.byte	0
 1407 01a9 00       		.byte	0
 1408 01aa 00       		.byte	0
 1409              		.section	.debug_loc,"",%progbits
 1410              	.Ldebug_loc0:
 1411              	.LLST0:
 1412 0000 00000000 		.4byte	.LVL0
 1413 0004 04000000 		.4byte	.LVL1
 1414 0008 0200     		.2byte	0x2
 1415 000a 30       		.byte	0x30
 1416 000b 9F       		.byte	0x9f
 1417 000c 04000000 		.4byte	.LVL1
 1418 0010 18000000 		.4byte	.LFE65
 1419 0014 0100     		.2byte	0x1
 1420 0016 53       		.byte	0x53
 1421 0017 00000000 		.4byte	0
 1422 001b 00000000 		.4byte	0
 1423              	.LLST1:
 1424 001f 00000000 		.4byte	.LVL7
 1425 0023 07000000 		.4byte	.LVL8-1
 1426 0027 0100     		.2byte	0x1
 1427 0029 50       		.byte	0x50
 1428 002a 07000000 		.4byte	.LVL8-1
 1429 002e 28000000 		.4byte	.LFE66
 1430 0032 0400     		.2byte	0x4
 1431 0034 F3       		.byte	0xf3
 1432 0035 01       		.uleb128 0x1
 1433 0036 50       		.byte	0x50
 1434 0037 9F       		.byte	0x9f
ARM GAS  C:\Users\nikol\AppData\Local\Temp\cc8w3ZrH.s 			page 29


 1435 0038 00000000 		.4byte	0
 1436 003c 00000000 		.4byte	0
 1437              	.LLST2:
 1438 0040 10000000 		.4byte	.LVL14
 1439 0044 60000000 		.4byte	.LVL20
 1440 0048 0100     		.2byte	0x1
 1441 004a 54       		.byte	0x54
 1442 004b 60000000 		.4byte	.LVL20
 1443 004f 6A000000 		.4byte	.LVL21
 1444 0053 0100     		.2byte	0x1
 1445 0055 55       		.byte	0x55
 1446 0056 6A000000 		.4byte	.LVL21
 1447 005a 76000000 		.4byte	.LVL23
 1448 005e 0100     		.2byte	0x1
 1449 0060 53       		.byte	0x53
 1450 0061 76000000 		.4byte	.LVL23
 1451 0065 7C000000 		.4byte	.LVL24
 1452 0069 0300     		.2byte	0x3
 1453 006b 74       		.byte	0x74
 1454 006c 03       		.sleb128 3
 1455 006d 9F       		.byte	0x9f
 1456 006e 7C000000 		.4byte	.LVL24
 1457 0072 A6000000 		.4byte	.LVL28
 1458 0076 0100     		.2byte	0x1
 1459 0078 55       		.byte	0x55
 1460 0079 A6000000 		.4byte	.LVL28
 1461 007d B2000000 		.4byte	.LVL30
 1462 0081 0100     		.2byte	0x1
 1463 0083 53       		.byte	0x53
 1464 0084 B2000000 		.4byte	.LVL30
 1465 0088 B8000000 		.4byte	.LVL31
 1466 008c 0300     		.2byte	0x3
 1467 008e 74       		.byte	0x74
 1468 008f 03       		.sleb128 3
 1469 0090 9F       		.byte	0x9f
 1470 0091 B8000000 		.4byte	.LVL31
 1471 0095 DC000000 		.4byte	.LVL35
 1472 0099 0100     		.2byte	0x1
 1473 009b 55       		.byte	0x55
 1474 009c DC000000 		.4byte	.LVL35
 1475 00a0 E0000000 		.4byte	.LVL37
 1476 00a4 0100     		.2byte	0x1
 1477 00a6 54       		.byte	0x54
 1478 00a7 E2000000 		.4byte	.LVL38
 1479 00ab EE000000 		.4byte	.LVL40
 1480 00af 0100     		.2byte	0x1
 1481 00b1 54       		.byte	0x54
 1482 00b2 00000000 		.4byte	0
 1483 00b6 00000000 		.4byte	0
 1484              		.section	.debug_aranges,"",%progbits
 1485 0000 34000000 		.4byte	0x34
 1486 0004 0200     		.2byte	0x2
 1487 0006 00000000 		.4byte	.Ldebug_info0
 1488 000a 04       		.byte	0x4
 1489 000b 00       		.byte	0
 1490 000c 0000     		.2byte	0
 1491 000e 0000     		.2byte	0
ARM GAS  C:\Users\nikol\AppData\Local\Temp\cc8w3ZrH.s 			page 30


 1492 0010 00000000 		.4byte	.LFB65
 1493 0014 18000000 		.4byte	.LFE65-.LFB65
 1494 0018 00000000 		.4byte	.LFB64
 1495 001c 30000000 		.4byte	.LFE64-.LFB64
 1496 0020 00000000 		.4byte	.LFB66
 1497 0024 28000000 		.4byte	.LFE66-.LFB66
 1498 0028 00000000 		.4byte	.LFB67
 1499 002c 08010000 		.4byte	.LFE67-.LFB67
 1500 0030 00000000 		.4byte	0
 1501 0034 00000000 		.4byte	0
 1502              		.section	.debug_ranges,"",%progbits
 1503              	.Ldebug_ranges0:
 1504 0000 10000000 		.4byte	.LBB3
 1505 0004 E0000000 		.4byte	.LBE3
 1506 0008 E2000000 		.4byte	.LBB5
 1507 000c EA000000 		.4byte	.LBE5
 1508 0010 00000000 		.4byte	0
 1509 0014 00000000 		.4byte	0
 1510 0018 00000000 		.4byte	.LFB65
 1511 001c 18000000 		.4byte	.LFE65
 1512 0020 00000000 		.4byte	.LFB64
 1513 0024 30000000 		.4byte	.LFE64
 1514 0028 00000000 		.4byte	.LFB66
 1515 002c 28000000 		.4byte	.LFE66
 1516 0030 00000000 		.4byte	.LFB67
 1517 0034 08010000 		.4byte	.LFE67
 1518 0038 00000000 		.4byte	0
 1519 003c 00000000 		.4byte	0
 1520              		.section	.debug_line,"",%progbits
 1521              	.Ldebug_line0:
 1522 0000 A4020000 		.section	.debug_str,"MS",%progbits,1
 1522      02001302 
 1522      00000201 
 1522      FB0E0D00 
 1522      01010101 
 1523              	.LASF8:
 1524 0000 6C6F6E67 		.ascii	"long long int\000"
 1524      206C6F6E 
 1524      6720696E 
 1524      7400
 1525              	.LASF18:
 1526 000e 72656733 		.ascii	"reg32\000"
 1526      3200
 1527              	.LASF4:
 1528 0014 5F5F7569 		.ascii	"__uint8_t\000"
 1528      6E74385F 
 1528      7400
 1529              	.LASF54:
 1530 001e 47616D65 		.ascii	"GameState\000"
 1530      53746174 
 1530      6500
 1531              	.LASF5:
 1532 0028 5F5F696E 		.ascii	"__int32_t\000"
 1532      7433325F 
 1532      7400
 1533              	.LASF36:
 1534 0032 77726974 		.ascii	"writeBuffer\000"
ARM GAS  C:\Users\nikol\AppData\Local\Temp\cc8w3ZrH.s 			page 31


 1534      65427566 
 1534      66657200 
 1535              	.LASF52:
 1536 003e 5250495F 		.ascii	"RPI_IF.c\000"
 1536      49462E63 
 1536      00
 1537              	.LASF24:
 1538 0047 49444C45 		.ascii	"IDLE\000"
 1538      00
 1539              	.LASF49:
 1540 004c 4932435F 		.ascii	"I2C_SlaveClearWriteStatus\000"
 1540      536C6176 
 1540      65436C65 
 1540      61725772 
 1540      69746553 
 1541              	.LASF56:
 1542 0066 73746174 		.ascii	"status\000"
 1542      757300
 1543              	.LASF37:
 1544 006d 4932435F 		.ascii	"I2C_Start\000"
 1544      53746172 
 1544      7400
 1545              	.LASF15:
 1546 0077 666C6F61 		.ascii	"float\000"
 1546      7400
 1547              	.LASF55:
 1548 007d 73656E64 		.ascii	"sendCupStatus\000"
 1548      43757053 
 1548      74617475 
 1548      7300
 1549              	.LASF25:
 1550 008b 53544152 		.ascii	"STARTING\000"
 1550      54494E47 
 1550      00
 1551              	.LASF40:
 1552 0094 4932435F 		.ascii	"I2C_SlaveClearReadBuf\000"
 1552      536C6176 
 1552      65436C65 
 1552      61725265 
 1552      61644275 
 1553              	.LASF1:
 1554 00aa 756E7369 		.ascii	"unsigned char\000"
 1554      676E6564 
 1554      20636861 
 1554      7200
 1555              	.LASF51:
 1556 00b8 474E5520 		.ascii	"GNU C11 5.4.1 20160609 (release) [ARM/embedded-5-br"
 1556      43313120 
 1556      352E342E 
 1556      31203230 
 1556      31363036 
 1557 00eb 616E6368 		.ascii	"anch revision 237715] -mcpu=cortex-m3 -mthumb -g -O"
 1557      20726576 
 1557      6973696F 
 1557      6E203233 
 1557      37373135 
 1558 011e 67202D66 		.ascii	"g -ffunction-sections -ffat-lto-objects\000"
ARM GAS  C:\Users\nikol\AppData\Local\Temp\cc8w3ZrH.s 			page 32


 1558      66756E63 
 1558      74696F6E 
 1558      2D736563 
 1558      74696F6E 
 1559              	.LASF7:
 1560 0146 6C6F6E67 		.ascii	"long unsigned int\000"
 1560      20756E73 
 1560      69676E65 
 1560      6420696E 
 1560      7400
 1561              	.LASF3:
 1562 0158 73686F72 		.ascii	"short unsigned int\000"
 1562      7420756E 
 1562      7369676E 
 1562      65642069 
 1562      6E7400
 1563              	.LASF32:
 1564 016b 49544D5F 		.ascii	"ITM_RxBuffer\000"
 1564      52784275 
 1564      66666572 
 1564      00
 1565              	.LASF22:
 1566 0178 426C7565 		.ascii	"Blue\000"
 1566      00
 1567              	.LASF27:
 1568 017d 4C4F5354 		.ascii	"LOST\000"
 1568      00
 1569              	.LASF23:
 1570 0182 636F6C6F 		.ascii	"color_t\000"
 1570      725F7400 
 1571              	.LASF16:
 1572 018a 646F7562 		.ascii	"double\000"
 1572      6C6500
 1573              	.LASF34:
 1574 0191 74696D65 		.ascii	"timer_run_out\000"
 1574      725F7275 
 1574      6E5F6F75 
 1574      7400
 1575              	.LASF41:
 1576 019f 496E7465 		.ascii	"Interrupt_Write\000"
 1576      72727570 
 1576      745F5772 
 1576      69746500 
 1577              	.LASF31:
 1578 01af 636F6C6F 		.ascii	"color\000"
 1578      7200
 1579              	.LASF46:
 1580 01b5 7365744F 		.ascii	"setOpponentColor\000"
 1580      70706F6E 
 1580      656E7443 
 1580      6F6C6F72 
 1580      00
 1581              	.LASF14:
 1582 01c6 75696E74 		.ascii	"uint32\000"
 1582      333200
 1583              	.LASF44:
 1584 01cd 7365744D 		.ascii	"setMyColor\000"
ARM GAS  C:\Users\nikol\AppData\Local\Temp\cc8w3ZrH.s 			page 33


 1584      79436F6C 
 1584      6F7200
 1585              	.LASF10:
 1586 01d8 756E7369 		.ascii	"unsigned int\000"
 1586      676E6564 
 1586      20696E74 
 1586      00
 1587              	.LASF21:
 1588 01e5 47726565 		.ascii	"Green\000"
 1588      6E00
 1589              	.LASF9:
 1590 01eb 6C6F6E67 		.ascii	"long long unsigned int\000"
 1590      206C6F6E 
 1590      6720756E 
 1590      7369676E 
 1590      65642069 
 1591              	.LASF11:
 1592 0202 75696E74 		.ascii	"uint8_t\000"
 1592      385F7400 
 1593              	.LASF50:
 1594 020a 4932435F 		.ascii	"I2C_SlaveClearWriteBuf\000"
 1594      536C6176 
 1594      65436C65 
 1594      61725772 
 1594      69746542 
 1595              	.LASF43:
 1596 0221 73707269 		.ascii	"sprintf\000"
 1596      6E746600 
 1597              	.LASF53:
 1598 0229 433A5C55 		.ascii	"C:\\Users\\nikol\\Documents\\git\\3. Semester\\PRJ3"
 1598      73657273 
 1598      5C6E696B 
 1598      6F6C5C44 
 1598      6F63756D 
 1599 0256 5C706C61 		.ascii	"\\player_side_app\\integration\\integration\\integr"
 1599      7965725F 
 1599      73696465 
 1599      5F617070 
 1599      5C696E74 
 1600 0285 6174696F 		.ascii	"ation_all.cydsn\000"
 1600      6E5F616C 
 1600      6C2E6379 
 1600      64736E00 
 1601              	.LASF12:
 1602 0295 696E7433 		.ascii	"int32_t\000"
 1602      325F7400 
 1603              	.LASF20:
 1604 029d 73697A65 		.ascii	"sizetype\000"
 1604      74797065 
 1604      00
 1605              	.LASF30:
 1606 02a6 5250695F 		.ascii	"RPi_IF_handleData\000"
 1606      49465F68 
 1606      616E646C 
 1606      65446174 
 1606      6100
 1607              	.LASF29:
ARM GAS  C:\Users\nikol\AppData\Local\Temp\cc8w3ZrH.s 			page 34


 1608 02b8 5250495F 		.ascii	"RPI_IF_init\000"
 1608      49465F69 
 1608      6E697400 
 1609              	.LASF17:
 1610 02c4 63686172 		.ascii	"char\000"
 1610      00
 1611              	.LASF26:
 1612 02c9 504C4159 		.ascii	"PLAYING\000"
 1612      494E4700 
 1613              	.LASF39:
 1614 02d1 4932435F 		.ascii	"I2C_SlaveInitWriteBuf\000"
 1614      536C6176 
 1614      65496E69 
 1614      74577269 
 1614      74654275 
 1615              	.LASF2:
 1616 02e7 73686F72 		.ascii	"short int\000"
 1616      7420696E 
 1616      7400
 1617              	.LASF13:
 1618 02f1 75696E74 		.ascii	"uint8\000"
 1618      3800
 1619              	.LASF48:
 1620 02f7 4932435F 		.ascii	"I2C_SlaveGetWriteBufSize\000"
 1620      536C6176 
 1620      65476574 
 1620      57726974 
 1620      65427566 
 1621              	.LASF47:
 1622 0310 73657453 		.ascii	"setState\000"
 1622      74617465 
 1622      00
 1623              	.LASF6:
 1624 0319 6C6F6E67 		.ascii	"long int\000"
 1624      20696E74 
 1624      00
 1625              	.LASF35:
 1626 0322 72656164 		.ascii	"readBuffer\000"
 1626      42756666 
 1626      657200
 1627              	.LASF19:
 1628 032d 6C6F6E67 		.ascii	"long double\000"
 1628      20646F75 
 1628      626C6500 
 1629              	.LASF0:
 1630 0339 7369676E 		.ascii	"signed char\000"
 1630      65642063 
 1630      68617200 
 1631              	.LASF38:
 1632 0345 4932435F 		.ascii	"I2C_SlaveInitReadBuf\000"
 1632      536C6176 
 1632      65496E69 
 1632      74526561 
 1632      64427566 
 1633              	.LASF45:
 1634 035a 55415254 		.ascii	"UART_PutString\000"
 1634      5F507574 
ARM GAS  C:\Users\nikol\AppData\Local\Temp\cc8w3ZrH.s 			page 35


 1634      53747269 
 1634      6E6700
 1635              	.LASF28:
 1636 0369 72657365 		.ascii	"resetReadBuffer\000"
 1636      74526561 
 1636      64427566 
 1636      66657200 
 1637              	.LASF42:
 1638 0379 43794465 		.ascii	"CyDelay\000"
 1638      6C617900 
 1639              	.LASF33:
 1640 0381 63757272 		.ascii	"currentState\000"
 1640      656E7453 
 1640      74617465 
 1640      00
 1641              		.ident	"GCC: (GNU Tools for ARM Embedded Processors) 5.4.1 20160609 (release) [ARM/embedded-5-bran
