ARM GAS  C:\Users\nikol\AppData\Local\Temp\ccvmqJ32.s 			page 1


   1              		.syntax unified
   2              		.cpu cortex-m3
   3              		.fpu softvfp
   4              		.eabi_attribute 20, 1
   5              		.eabi_attribute 21, 1
   6              		.eabi_attribute 23, 3
   7              		.eabi_attribute 24, 1
   8              		.eabi_attribute 25, 1
   9              		.eabi_attribute 26, 1
  10              		.eabi_attribute 30, 1
  11              		.eabi_attribute 34, 1
  12              		.eabi_attribute 18, 4
  13              		.thumb
  14              		.syntax unified
  15              		.file	"ShiftRegPWM.c"
  16              		.text
  17              	.Ltext0:
  18              		.cfi_sections	.debug_frame
  19              		.section	.text.initShiftRegPWM,"ax",%progbits
  20              		.align	2
  21              		.global	initShiftRegPWM
  22              		.thumb
  23              		.thumb_func
  24              		.type	initShiftRegPWM, %function
  25              	initShiftRegPWM:
  26              	.LFB64:
  27              		.file 1 "ShiftRegPWM.c"
   1:ShiftRegPWM.c **** /* ========================================
   2:ShiftRegPWM.c ****  *
   3:ShiftRegPWM.c ****  * Copyright YOUR COMPANY, THE YEAR
   4:ShiftRegPWM.c ****  * All Rights Reserved
   5:ShiftRegPWM.c ****  * UNPUBLISHED, LICENSED SOFTWARE.
   6:ShiftRegPWM.c ****  *
   7:ShiftRegPWM.c ****  * CONFIDENTIAL AND PROPRIETARY INFORMATION
   8:ShiftRegPWM.c ****  * WHICH IS THE PROPERTY OF your company.
   9:ShiftRegPWM.c ****  *
  10:ShiftRegPWM.c ****  * ========================================
  11:ShiftRegPWM.c **** */
  12:ShiftRegPWM.c **** #include "ShiftRegPWM.h"
  13:ShiftRegPWM.c **** 
  14:ShiftRegPWM.c **** volatile uint8_t time = 0;
  15:ShiftRegPWM.c **** volatile uint8_t shiftRegData[RESOLUTION*SHIFT_REGISTERS] = {0};
  16:ShiftRegPWM.c **** 
  17:ShiftRegPWM.c **** void initShiftRegPWM()
  18:ShiftRegPWM.c **** {
  28              		.loc 1 18 0
  29              		.cfi_startproc
  30              		@ args = 0, pretend = 0, frame = 0
  31              		@ frame_needed = 0, uses_anonymous_args = 0
  32 0000 08B5     		push	{r3, lr}
  33              		.cfi_def_cfa_offset 8
  34              		.cfi_offset 3, -8
  35              		.cfi_offset 14, -4
  19:ShiftRegPWM.c ****     isr_update_leds_StartEx(updater_handler); //Start ISR
  36              		.loc 1 19 0
  37 0002 0448     		ldr	r0, .L3
  38 0004 FFF7FEFF 		bl	isr_update_leds_StartEx
ARM GAS  C:\Users\nikol\AppData\Local\Temp\ccvmqJ32.s 			page 2


  39              	.LVL0:
  20:ShiftRegPWM.c ****     SPIM_led_control_Start(); //Start SPI-Master to comm with ShiftRegister
  40              		.loc 1 20 0
  41 0008 FFF7FEFF 		bl	SPIM_led_control_Start
  42              	.LVL1:
  21:ShiftRegPWM.c ****     Timer_led_updater_Start(); //Start timer to interrupt when update necessary
  43              		.loc 1 21 0
  44 000c FFF7FEFF 		bl	Timer_led_updater_Start
  45              	.LVL2:
  46 0010 08BD     		pop	{r3, pc}
  47              	.L4:
  48 0012 00BF     		.align	2
  49              	.L3:
  50 0014 00000000 		.word	updater_handler
  51              		.cfi_endproc
  52              	.LFE64:
  53              		.size	initShiftRegPWM, .-initShiftRegPWM
  54              		.global	__aeabi_i2d
  55              		.global	__aeabi_ddiv
  56              		.global	__aeabi_dmul
  57              		.global	__aeabi_d2uiz
  58              		.section	.text.setPin,"ax",%progbits
  59              		.align	2
  60              		.global	setPin
  61              		.thumb
  62              		.thumb_func
  63              		.type	setPin, %function
  64              	setPin:
  65              	.LFB65:
  22:ShiftRegPWM.c **** }
  23:ShiftRegPWM.c **** 
  24:ShiftRegPWM.c **** void setPin(uint8_t pin, uint8_t value)
  25:ShiftRegPWM.c **** {
  66              		.loc 1 25 0
  67              		.cfi_startproc
  68              		@ args = 0, pretend = 0, frame = 0
  69              		@ frame_needed = 0, uses_anonymous_args = 0
  70              	.LVL3:
  71 0000 F8B5     		push	{r3, r4, r5, r6, r7, lr}
  72              		.cfi_def_cfa_offset 24
  73              		.cfi_offset 3, -24
  74              		.cfi_offset 4, -20
  75              		.cfi_offset 5, -16
  76              		.cfi_offset 6, -12
  77              		.cfi_offset 7, -8
  78              		.cfi_offset 14, -4
  79 0002 0446     		mov	r4, r0
  26:ShiftRegPWM.c ****     value = (uint8_t) (value / 255.0 * RESOLUTION); //Scale value
  80              		.loc 1 26 0
  81 0004 0846     		mov	r0, r1
  82              	.LVL4:
  83 0006 FFF7FEFF 		bl	__aeabi_i2d
  84              	.LVL5:
  85 000a 19A3     		adr	r3, .L11
  86 000c D3E90023 		ldrd	r2, [r3]
  87 0010 FFF7FEFF 		bl	__aeabi_ddiv
  88              	.LVL6:
ARM GAS  C:\Users\nikol\AppData\Local\Temp\ccvmqJ32.s 			page 3


  89 0014 16A3     		adr	r3, .L11
  90 0016 D3E90023 		ldrd	r2, [r3]
  91 001a FFF7FEFF 		bl	__aeabi_dmul
  92              	.LVL7:
  93 001e FFF7FEFF 		bl	__aeabi_d2uiz
  94              	.LVL8:
  95 0022 C0B2     		uxtb	r0, r0
  96              	.LVL9:
  27:ShiftRegPWM.c ****     uint8_t shiftRegister = pin / 8; //8 pins per shift register
  97              		.loc 1 27 0
  98 0024 E608     		lsrs	r6, r4, #3
  99              	.LVL10:
 100              	.LBB2:
  28:ShiftRegPWM.c ****     for (int t = 0; t < RESOLUTION; ++t)
 101              		.loc 1 28 0
 102 0026 0023     		movs	r3, #0
 103 0028 1FE0     		b	.L6
 104              	.LVL11:
 105              	.L9:
  29:ShiftRegPWM.c ****     {
  30:ShiftRegPWM.c ****         if (value > t) //if value is greater than t set the pin bit
 106              		.loc 1 30 0
 107 002a 8342     		cmp	r3, r0
 108 002c 0FDA     		bge	.L7
  31:ShiftRegPWM.c ****         {
  32:ShiftRegPWM.c ****             shiftRegData[t + shiftRegister * RESOLUTION] |= (1 << (pin%8));
 109              		.loc 1 32 0
 110 002e C6EB0625 		rsb	r5, r6, r6, lsl #8
 111 0032 1D44     		add	r5, r5, r3
 112 0034 104F     		ldr	r7, .L11+8
 113 0036 17F805E0 		ldrb	lr, [r7, r5]	@ zero_extendqisi2
 114 003a 04F00702 		and	r2, r4, #7
 115 003e 0121     		movs	r1, #1
 116 0040 01FA02F2 		lsl	r2, r1, r2
 117 0044 4EEA0202 		orr	r2, lr, r2
 118 0048 D2B2     		uxtb	r2, r2
 119 004a 7A55     		strb	r2, [r7, r5]
 120 004c 0CE0     		b	.L8
 121              	.L7:
  33:ShiftRegPWM.c ****         }
  34:ShiftRegPWM.c ****         else //else clear the pin bit
  35:ShiftRegPWM.c ****         {
  36:ShiftRegPWM.c ****             shiftRegData[t + shiftRegister * RESOLUTION] &= ~(1 << (pin%8));
 122              		.loc 1 36 0
 123 004e C6EB0622 		rsb	r2, r6, r6, lsl #8
 124 0052 1A44     		add	r2, r2, r3
 125 0054 084F     		ldr	r7, .L11+8
 126 0056 BD5C     		ldrb	r5, [r7, r2]	@ zero_extendqisi2
 127 0058 04F0070E 		and	lr, r4, #7
 128 005c 0121     		movs	r1, #1
 129 005e 01FA0EF1 		lsl	r1, r1, lr
 130 0062 25EA0101 		bic	r1, r5, r1
 131 0066 B954     		strb	r1, [r7, r2]
 132              	.L8:
  28:ShiftRegPWM.c ****     {
 133              		.loc 1 28 0 discriminator 2
 134 0068 0133     		adds	r3, r3, #1
ARM GAS  C:\Users\nikol\AppData\Local\Temp\ccvmqJ32.s 			page 4


 135              	.LVL12:
 136              	.L6:
  28:ShiftRegPWM.c ****     {
 137              		.loc 1 28 0 is_stmt 0 discriminator 1
 138 006a FE2B     		cmp	r3, #254
 139 006c DDDD     		ble	.L9
 140              	.LBE2:
  37:ShiftRegPWM.c ****         }
  38:ShiftRegPWM.c ****         
  39:ShiftRegPWM.c ****     }
  40:ShiftRegPWM.c **** }
 141              		.loc 1 40 0 is_stmt 1
 142 006e F8BD     		pop	{r3, r4, r5, r6, r7, pc}
 143              	.LVL13:
 144              	.L12:
 145              		.align	3
 146              	.L11:
 147 0070 00000000 		.word	0
 148 0074 00E06F40 		.word	1081073664
 149 0078 00000000 		.word	.LANCHOR0
 150              		.cfi_endproc
 151              	.LFE65:
 152              		.size	setPin, .-setPin
 153              		.section	.text.toggleLatchShiftReg,"ax",%progbits
 154              		.align	2
 155              		.global	toggleLatchShiftReg
 156              		.thumb
 157              		.thumb_func
 158              		.type	toggleLatchShiftReg, %function
 159              	toggleLatchShiftReg:
 160              	.LFB68:
  41:ShiftRegPWM.c **** 
  42:ShiftRegPWM.c **** CY_ISR(updater_handler)
  43:ShiftRegPWM.c **** {
  44:ShiftRegPWM.c ****     update();
  45:ShiftRegPWM.c **** }                   
  46:ShiftRegPWM.c **** 
  47:ShiftRegPWM.c **** void update()
  48:ShiftRegPWM.c **** {
  49:ShiftRegPWM.c ****     for (int i = SHIFT_REGISTERS - 1; i >= 0; i--)
  50:ShiftRegPWM.c ****     {
  51:ShiftRegPWM.c ****       SPIM_led_control_WriteTxData(shiftRegData[time + i * RESOLUTION]); //Send the bytes for each 
  52:ShiftRegPWM.c ****     }
  53:ShiftRegPWM.c ****     toggleLatchShiftReg();
  54:ShiftRegPWM.c ****     
  55:ShiftRegPWM.c ****     if (++time == RESOLUTION) {
  56:ShiftRegPWM.c ****       time = 0;
  57:ShiftRegPWM.c ****     }
  58:ShiftRegPWM.c ****     Timer_led_updater_ReadStatusRegister(); //Reset ReadStatusRegister
  59:ShiftRegPWM.c **** }
  60:ShiftRegPWM.c **** 
  61:ShiftRegPWM.c **** void toggleLatchShiftReg()
  62:ShiftRegPWM.c **** {
 161              		.loc 1 62 0
 162              		.cfi_startproc
 163              		@ args = 0, pretend = 0, frame = 0
 164              		@ frame_needed = 0, uses_anonymous_args = 0
ARM GAS  C:\Users\nikol\AppData\Local\Temp\ccvmqJ32.s 			page 5


 165 0000 08B5     		push	{r3, lr}
 166              		.cfi_def_cfa_offset 8
 167              		.cfi_offset 3, -8
 168              		.cfi_offset 14, -4
  63:ShiftRegPWM.c ****     Pin_latch_Write(0);
 169              		.loc 1 63 0
 170 0002 0020     		movs	r0, #0
 171 0004 FFF7FEFF 		bl	Pin_latch_Write
 172              	.LVL14:
  64:ShiftRegPWM.c ****     Pin_latch_Write(1);
 173              		.loc 1 64 0
 174 0008 0120     		movs	r0, #1
 175 000a FFF7FEFF 		bl	Pin_latch_Write
 176              	.LVL15:
 177 000e 08BD     		pop	{r3, pc}
 178              		.cfi_endproc
 179              	.LFE68:
 180              		.size	toggleLatchShiftReg, .-toggleLatchShiftReg
 181              		.section	.text.update,"ax",%progbits
 182              		.align	2
 183              		.global	update
 184              		.thumb
 185              		.thumb_func
 186              		.type	update, %function
 187              	update:
 188              	.LFB67:
  48:ShiftRegPWM.c ****     for (int i = SHIFT_REGISTERS - 1; i >= 0; i--)
 189              		.loc 1 48 0
 190              		.cfi_startproc
 191              		@ args = 0, pretend = 0, frame = 0
 192              		@ frame_needed = 0, uses_anonymous_args = 0
 193 0000 10B5     		push	{r4, lr}
 194              		.cfi_def_cfa_offset 8
 195              		.cfi_offset 4, -8
 196              		.cfi_offset 14, -4
 197              	.LVL16:
 198              	.LBB3:
  49:ShiftRegPWM.c ****     {
 199              		.loc 1 49 0
 200 0002 0224     		movs	r4, #2
 201 0004 09E0     		b	.L16
 202              	.LVL17:
 203              	.L17:
  51:ShiftRegPWM.c ****     }
 204              		.loc 1 51 0 discriminator 3
 205 0006 0F4A     		ldr	r2, .L20
 206 0008 92F8FD12 		ldrb	r1, [r2, #765]	@ zero_extendqisi2
 207 000c C4EB0423 		rsb	r3, r4, r4, lsl #8
 208 0010 0B44     		add	r3, r3, r1
 209 0012 D05C     		ldrb	r0, [r2, r3]	@ zero_extendqisi2
 210 0014 FFF7FEFF 		bl	SPIM_led_control_WriteTxData
 211              	.LVL18:
  49:ShiftRegPWM.c ****     {
 212              		.loc 1 49 0 discriminator 3
 213 0018 013C     		subs	r4, r4, #1
 214              	.LVL19:
 215              	.L16:
ARM GAS  C:\Users\nikol\AppData\Local\Temp\ccvmqJ32.s 			page 6


  49:ShiftRegPWM.c ****     {
 216              		.loc 1 49 0 is_stmt 0 discriminator 1
 217 001a 002C     		cmp	r4, #0
 218 001c F3DA     		bge	.L17
 219              	.LBE3:
  53:ShiftRegPWM.c ****     
 220              		.loc 1 53 0 is_stmt 1
 221 001e FFF7FEFF 		bl	toggleLatchShiftReg
 222              	.LVL20:
  55:ShiftRegPWM.c ****       time = 0;
 223              		.loc 1 55 0
 224 0022 084A     		ldr	r2, .L20
 225 0024 92F8FD32 		ldrb	r3, [r2, #765]	@ zero_extendqisi2
 226 0028 0133     		adds	r3, r3, #1
 227 002a DBB2     		uxtb	r3, r3
 228 002c 82F8FD32 		strb	r3, [r2, #765]
 229 0030 FF2B     		cmp	r3, #255
 230 0032 03D1     		bne	.L18
  56:ShiftRegPWM.c ****     }
 231              		.loc 1 56 0
 232 0034 0022     		movs	r2, #0
 233 0036 034B     		ldr	r3, .L20
 234 0038 83F8FD22 		strb	r2, [r3, #765]
 235              	.L18:
  58:ShiftRegPWM.c **** }
 236              		.loc 1 58 0
 237 003c FFF7FEFF 		bl	Timer_led_updater_ReadStatusRegister
 238              	.LVL21:
 239 0040 10BD     		pop	{r4, pc}
 240              	.LVL22:
 241              	.L21:
 242 0042 00BF     		.align	2
 243              	.L20:
 244 0044 00000000 		.word	.LANCHOR0
 245              		.cfi_endproc
 246              	.LFE67:
 247              		.size	update, .-update
 248              		.section	.text.updater_handler,"ax",%progbits
 249              		.align	2
 250              		.global	updater_handler
 251              		.thumb
 252              		.thumb_func
 253              		.type	updater_handler, %function
 254              	updater_handler:
 255              	.LFB66:
  43:ShiftRegPWM.c ****     update();
 256              		.loc 1 43 0
 257              		.cfi_startproc
 258              		@ args = 0, pretend = 0, frame = 0
 259              		@ frame_needed = 0, uses_anonymous_args = 0
 260 0000 08B5     		push	{r3, lr}
 261              		.cfi_def_cfa_offset 8
 262              		.cfi_offset 3, -8
 263              		.cfi_offset 14, -4
  44:ShiftRegPWM.c **** }                   
 264              		.loc 1 44 0
 265 0002 FFF7FEFF 		bl	update
ARM GAS  C:\Users\nikol\AppData\Local\Temp\ccvmqJ32.s 			page 7


 266              	.LVL23:
 267 0006 08BD     		pop	{r3, pc}
 268              		.cfi_endproc
 269              	.LFE66:
 270              		.size	updater_handler, .-updater_handler
 271              		.global	shiftRegData
 272              		.global	time
 273              		.bss
 274              		.align	2
 275              		.set	.LANCHOR0,. + 0
 276              		.type	shiftRegData, %object
 277              		.size	shiftRegData, 765
 278              	shiftRegData:
 279 0000 00000000 		.space	765
 279      00000000 
 279      00000000 
 279      00000000 
 279      00000000 
 280              		.type	time, %object
 281              		.size	time, 1
 282              	time:
 283 02fd 00       		.space	1
 284              		.text
 285              	.Letext0:
 286              		.file 2 "c:\\program files (x86)\\cypress\\psoc creator\\4.2\\psoc creator\\import\\gnu\\arm\\5.4.
 287              		.file 3 "c:\\program files (x86)\\cypress\\psoc creator\\4.2\\psoc creator\\import\\gnu\\arm\\5.4.
 288              		.file 4 "Generated_Source\\PSoC5/core_cm3.h"
 289              		.file 5 "Generated_Source\\PSoC5/isr_update_leds.h"
 290              		.file 6 "Generated_Source\\PSoC5/SPIM_led_control.h"
 291              		.file 7 "Generated_Source\\PSoC5/Timer_led_updater.h"
 292              		.file 8 "Generated_Source\\PSoC5/Pin_latch.h"
 293              		.section	.debug_info,"",%progbits
 294              	.Ldebug_info0:
 295 0000 83020000 		.4byte	0x283
 296 0004 0400     		.2byte	0x4
 297 0006 00000000 		.4byte	.Ldebug_abbrev0
 298 000a 04       		.byte	0x4
 299 000b 01       		.uleb128 0x1
 300 000c 72000000 		.4byte	.LASF34
 301 0010 0C       		.byte	0xc
 302 0011 00000000 		.4byte	.LASF35
 303 0015 C5010000 		.4byte	.LASF36
 304 0019 00000000 		.4byte	.Ldebug_ranges0+0
 305 001d 00000000 		.4byte	0
 306 0021 00000000 		.4byte	.Ldebug_line0
 307 0025 02       		.uleb128 0x2
 308 0026 01       		.byte	0x1
 309 0027 06       		.byte	0x6
 310 0028 D9020000 		.4byte	.LASF0
 311 002c 03       		.uleb128 0x3
 312 002d 26000000 		.4byte	.LASF4
 313 0031 02       		.byte	0x2
 314 0032 1D       		.byte	0x1d
 315 0033 37000000 		.4byte	0x37
 316 0037 02       		.uleb128 0x2
 317 0038 01       		.byte	0x1
 318 0039 08       		.byte	0x8
ARM GAS  C:\Users\nikol\AppData\Local\Temp\ccvmqJ32.s 			page 8


 319 003a 64000000 		.4byte	.LASF1
 320 003e 02       		.uleb128 0x2
 321 003f 02       		.byte	0x2
 322 0040 05       		.byte	0x5
 323 0041 BA020000 		.4byte	.LASF2
 324 0045 02       		.uleb128 0x2
 325 0046 02       		.byte	0x2
 326 0047 07       		.byte	0x7
 327 0048 22010000 		.4byte	.LASF3
 328 004c 03       		.uleb128 0x3
 329 004d 36000000 		.4byte	.LASF5
 330 0051 02       		.byte	0x2
 331 0052 3F       		.byte	0x3f
 332 0053 57000000 		.4byte	0x57
 333 0057 02       		.uleb128 0x2
 334 0058 04       		.byte	0x4
 335 0059 05       		.byte	0x5
 336 005a C4020000 		.4byte	.LASF6
 337 005e 02       		.uleb128 0x2
 338 005f 04       		.byte	0x4
 339 0060 07       		.byte	0x7
 340 0061 10010000 		.4byte	.LASF7
 341 0065 02       		.uleb128 0x2
 342 0066 08       		.byte	0x8
 343 0067 05       		.byte	0x5
 344 0068 56020000 		.4byte	.LASF8
 345 006c 02       		.uleb128 0x2
 346 006d 08       		.byte	0x8
 347 006e 07       		.byte	0x7
 348 006f A1010000 		.4byte	.LASF9
 349 0073 04       		.uleb128 0x4
 350 0074 04       		.byte	0x4
 351 0075 05       		.byte	0x5
 352 0076 696E7400 		.ascii	"int\000"
 353 007a 02       		.uleb128 0x2
 354 007b 04       		.byte	0x4
 355 007c 07       		.byte	0x7
 356 007d 7C010000 		.4byte	.LASF10
 357 0081 03       		.uleb128 0x3
 358 0082 B8010000 		.4byte	.LASF11
 359 0086 03       		.byte	0x3
 360 0087 18       		.byte	0x18
 361 0088 2C000000 		.4byte	0x2c
 362 008c 03       		.uleb128 0x3
 363 008d 31020000 		.4byte	.LASF12
 364 0091 03       		.byte	0x3
 365 0092 2C       		.byte	0x2c
 366 0093 4C000000 		.4byte	0x4c
 367 0097 02       		.uleb128 0x2
 368 0098 04       		.byte	0x4
 369 0099 04       		.byte	0x4
 370 009a 47000000 		.4byte	.LASF13
 371 009e 02       		.uleb128 0x2
 372 009f 08       		.byte	0x8
 373 00a0 04       		.byte	0x4
 374 00a1 50010000 		.4byte	.LASF14
 375 00a5 02       		.uleb128 0x2
ARM GAS  C:\Users\nikol\AppData\Local\Temp\ccvmqJ32.s 			page 9


 376 00a6 01       		.byte	0x1
 377 00a7 08       		.byte	0x8
 378 00a8 64020000 		.4byte	.LASF15
 379 00ac 02       		.uleb128 0x2
 380 00ad 08       		.byte	0x8
 381 00ae 04       		.byte	0x4
 382 00af CD020000 		.4byte	.LASF16
 383 00b3 02       		.uleb128 0x2
 384 00b4 04       		.byte	0x4
 385 00b5 07       		.byte	0x7
 386 00b6 39020000 		.4byte	.LASF17
 387 00ba 05       		.uleb128 0x5
 388 00bb 81000000 		.4byte	0x81
 389 00bf 06       		.uleb128 0x6
 390 00c0 8D020000 		.4byte	.LASF20
 391 00c4 01       		.byte	0x1
 392 00c5 11       		.byte	0x11
 393 00c6 00000000 		.4byte	.LFB64
 394 00ca 18000000 		.4byte	.LFE64-.LFB64
 395 00ce 01       		.uleb128 0x1
 396 00cf 9C       		.byte	0x9c
 397 00d0 FE000000 		.4byte	0xfe
 398 00d4 07       		.uleb128 0x7
 399 00d5 08000000 		.4byte	.LVL0
 400 00d9 44020000 		.4byte	0x244
 401 00dd EB000000 		.4byte	0xeb
 402 00e1 08       		.uleb128 0x8
 403 00e2 01       		.uleb128 0x1
 404 00e3 50       		.byte	0x50
 405 00e4 05       		.uleb128 0x5
 406 00e5 03       		.byte	0x3
 407 00e6 00000000 		.4byte	updater_handler
 408 00ea 00       		.byte	0
 409 00eb 09       		.uleb128 0x9
 410 00ec 0C000000 		.4byte	.LVL1
 411 00f0 4F020000 		.4byte	0x24f
 412 00f4 09       		.uleb128 0x9
 413 00f5 10000000 		.4byte	.LVL2
 414 00f9 5A020000 		.4byte	0x25a
 415 00fd 00       		.byte	0
 416 00fe 0A       		.uleb128 0xa
 417 00ff 69020000 		.4byte	.LASF23
 418 0103 01       		.byte	0x1
 419 0104 18       		.byte	0x18
 420 0105 00000000 		.4byte	.LFB65
 421 0109 7C000000 		.4byte	.LFE65-.LFB65
 422 010d 01       		.uleb128 0x1
 423 010e 9C       		.byte	0x9c
 424 010f 58010000 		.4byte	0x158
 425 0113 0B       		.uleb128 0xb
 426 0114 70696E00 		.ascii	"pin\000"
 427 0118 01       		.byte	0x1
 428 0119 18       		.byte	0x18
 429 011a 81000000 		.4byte	0x81
 430 011e 00000000 		.4byte	.LLST0
 431 0122 0C       		.uleb128 0xc
 432 0123 30000000 		.4byte	.LASF18
ARM GAS  C:\Users\nikol\AppData\Local\Temp\ccvmqJ32.s 			page 10


 433 0127 01       		.byte	0x1
 434 0128 18       		.byte	0x18
 435 0129 81000000 		.4byte	0x81
 436 012d 21000000 		.4byte	.LLST1
 437 0131 0D       		.uleb128 0xd
 438 0132 35010000 		.4byte	.LASF19
 439 0136 01       		.byte	0x1
 440 0137 1B       		.byte	0x1b
 441 0138 81000000 		.4byte	0x81
 442 013c 4D000000 		.4byte	.LLST2
 443 0140 0E       		.uleb128 0xe
 444 0141 26000000 		.4byte	.LBB2
 445 0145 48000000 		.4byte	.LBE2-.LBB2
 446 0149 0F       		.uleb128 0xf
 447 014a 7400     		.ascii	"t\000"
 448 014c 01       		.byte	0x1
 449 014d 1C       		.byte	0x1c
 450 014e 73000000 		.4byte	0x73
 451 0152 60000000 		.4byte	.LLST3
 452 0156 00       		.byte	0
 453 0157 00       		.byte	0
 454 0158 06       		.uleb128 0x6
 455 0159 42020000 		.4byte	.LASF21
 456 015d 01       		.byte	0x1
 457 015e 3D       		.byte	0x3d
 458 015f 00000000 		.4byte	.LFB68
 459 0163 10000000 		.4byte	.LFE68-.LFB68
 460 0167 01       		.uleb128 0x1
 461 0168 9C       		.byte	0x9c
 462 0169 90010000 		.4byte	0x190
 463 016d 07       		.uleb128 0x7
 464 016e 08000000 		.4byte	.LVL14
 465 0172 65020000 		.4byte	0x265
 466 0176 80010000 		.4byte	0x180
 467 017a 08       		.uleb128 0x8
 468 017b 01       		.uleb128 0x1
 469 017c 50       		.byte	0x50
 470 017d 01       		.uleb128 0x1
 471 017e 30       		.byte	0x30
 472 017f 00       		.byte	0
 473 0180 10       		.uleb128 0x10
 474 0181 0E000000 		.4byte	.LVL15
 475 0185 65020000 		.4byte	0x265
 476 0189 08       		.uleb128 0x8
 477 018a 01       		.uleb128 0x1
 478 018b 50       		.byte	0x50
 479 018c 01       		.uleb128 0x1
 480 018d 31       		.byte	0x31
 481 018e 00       		.byte	0
 482 018f 00       		.byte	0
 483 0190 06       		.uleb128 0x6
 484 0191 40000000 		.4byte	.LASF22
 485 0195 01       		.byte	0x1
 486 0196 2F       		.byte	0x2f
 487 0197 00000000 		.4byte	.LFB67
 488 019b 48000000 		.4byte	.LFE67-.LFB67
 489 019f 01       		.uleb128 0x1
ARM GAS  C:\Users\nikol\AppData\Local\Temp\ccvmqJ32.s 			page 11


 490 01a0 9C       		.byte	0x9c
 491 01a1 DC010000 		.4byte	0x1dc
 492 01a5 11       		.uleb128 0x11
 493 01a6 02000000 		.4byte	.LBB3
 494 01aa 1C000000 		.4byte	.LBE3-.LBB3
 495 01ae C9010000 		.4byte	0x1c9
 496 01b2 0F       		.uleb128 0xf
 497 01b3 6900     		.ascii	"i\000"
 498 01b5 01       		.byte	0x1
 499 01b6 31       		.byte	0x31
 500 01b7 73000000 		.4byte	0x73
 501 01bb 7F000000 		.4byte	.LLST4
 502 01bf 09       		.uleb128 0x9
 503 01c0 18000000 		.4byte	.LVL18
 504 01c4 70020000 		.4byte	0x270
 505 01c8 00       		.byte	0
 506 01c9 09       		.uleb128 0x9
 507 01ca 22000000 		.4byte	.LVL20
 508 01ce 58010000 		.4byte	0x158
 509 01d2 09       		.uleb128 0x9
 510 01d3 40000000 		.4byte	.LVL21
 511 01d7 7B020000 		.4byte	0x27b
 512 01db 00       		.byte	0
 513 01dc 12       		.uleb128 0x12
 514 01dd AA020000 		.4byte	.LASF24
 515 01e1 01       		.byte	0x1
 516 01e2 2A       		.byte	0x2a
 517 01e3 00000000 		.4byte	.LFB66
 518 01e7 08000000 		.4byte	.LFE66-.LFB66
 519 01eb 01       		.uleb128 0x1
 520 01ec 9C       		.byte	0x9c
 521 01ed FB010000 		.4byte	0x1fb
 522 01f1 09       		.uleb128 0x9
 523 01f2 06000000 		.4byte	.LVL23
 524 01f6 90010000 		.4byte	0x190
 525 01fa 00       		.byte	0
 526 01fb 13       		.uleb128 0x13
 527 01fc 9D020000 		.4byte	.LASF25
 528 0200 04       		.byte	0x4
 529 0201 1207     		.2byte	0x712
 530 0203 07020000 		.4byte	0x207
 531 0207 05       		.uleb128 0x5
 532 0208 8C000000 		.4byte	0x8c
 533 020c 14       		.uleb128 0x14
 534 020d C0010000 		.4byte	.LASF26
 535 0211 01       		.byte	0x1
 536 0212 0E       		.byte	0xe
 537 0213 BA000000 		.4byte	0xba
 538 0217 05       		.uleb128 0x5
 539 0218 03       		.byte	0x3
 540 0219 00000000 		.4byte	time
 541 021d 15       		.uleb128 0x15
 542 021e BA000000 		.4byte	0xba
 543 0222 2E020000 		.4byte	0x22e
 544 0226 16       		.uleb128 0x16
 545 0227 B3000000 		.4byte	0xb3
 546 022b FC02     		.2byte	0x2fc
ARM GAS  C:\Users\nikol\AppData\Local\Temp\ccvmqJ32.s 			page 12


 547 022d 00       		.byte	0
 548 022e 14       		.uleb128 0x14
 549 022f 43010000 		.4byte	.LASF27
 550 0233 01       		.byte	0x1
 551 0234 0F       		.byte	0xf
 552 0235 3F020000 		.4byte	0x23f
 553 0239 05       		.uleb128 0x5
 554 023a 03       		.byte	0x3
 555 023b 00000000 		.4byte	shiftRegData
 556 023f 05       		.uleb128 0x5
 557 0240 1D020000 		.4byte	0x21d
 558 0244 17       		.uleb128 0x17
 559 0245 0E000000 		.4byte	.LASF28
 560 0249 0E000000 		.4byte	.LASF28
 561 024d 05       		.byte	0x5
 562 024e 18       		.byte	0x18
 563 024f 17       		.uleb128 0x17
 564 0250 4D000000 		.4byte	.LASF29
 565 0254 4D000000 		.4byte	.LASF29
 566 0258 06       		.byte	0x6
 567 0259 4D       		.byte	0x4d
 568 025a 17       		.uleb128 0x17
 569 025b 89010000 		.4byte	.LASF30
 570 025f 89010000 		.4byte	.LASF30
 571 0263 07       		.byte	0x7
 572 0264 5A       		.byte	0x5a
 573 0265 17       		.uleb128 0x17
 574 0266 00010000 		.4byte	.LASF31
 575 026a 00010000 		.4byte	.LASF31
 576 026e 08       		.byte	0x8
 577 026f 26       		.byte	0x26
 578 0270 17       		.uleb128 0x17
 579 0271 70020000 		.4byte	.LASF32
 580 0275 70020000 		.4byte	.LASF32
 581 0279 06       		.byte	0x6
 582 027a 5E       		.byte	0x5e
 583 027b 17       		.uleb128 0x17
 584 027c 57010000 		.4byte	.LASF33
 585 0280 57010000 		.4byte	.LASF33
 586 0284 07       		.byte	0x7
 587 0285 5E       		.byte	0x5e
 588 0286 00       		.byte	0
 589              		.section	.debug_abbrev,"",%progbits
 590              	.Ldebug_abbrev0:
 591 0000 01       		.uleb128 0x1
 592 0001 11       		.uleb128 0x11
 593 0002 01       		.byte	0x1
 594 0003 25       		.uleb128 0x25
 595 0004 0E       		.uleb128 0xe
 596 0005 13       		.uleb128 0x13
 597 0006 0B       		.uleb128 0xb
 598 0007 03       		.uleb128 0x3
 599 0008 0E       		.uleb128 0xe
 600 0009 1B       		.uleb128 0x1b
 601 000a 0E       		.uleb128 0xe
 602 000b 55       		.uleb128 0x55
 603 000c 17       		.uleb128 0x17
ARM GAS  C:\Users\nikol\AppData\Local\Temp\ccvmqJ32.s 			page 13


 604 000d 11       		.uleb128 0x11
 605 000e 01       		.uleb128 0x1
 606 000f 10       		.uleb128 0x10
 607 0010 17       		.uleb128 0x17
 608 0011 00       		.byte	0
 609 0012 00       		.byte	0
 610 0013 02       		.uleb128 0x2
 611 0014 24       		.uleb128 0x24
 612 0015 00       		.byte	0
 613 0016 0B       		.uleb128 0xb
 614 0017 0B       		.uleb128 0xb
 615 0018 3E       		.uleb128 0x3e
 616 0019 0B       		.uleb128 0xb
 617 001a 03       		.uleb128 0x3
 618 001b 0E       		.uleb128 0xe
 619 001c 00       		.byte	0
 620 001d 00       		.byte	0
 621 001e 03       		.uleb128 0x3
 622 001f 16       		.uleb128 0x16
 623 0020 00       		.byte	0
 624 0021 03       		.uleb128 0x3
 625 0022 0E       		.uleb128 0xe
 626 0023 3A       		.uleb128 0x3a
 627 0024 0B       		.uleb128 0xb
 628 0025 3B       		.uleb128 0x3b
 629 0026 0B       		.uleb128 0xb
 630 0027 49       		.uleb128 0x49
 631 0028 13       		.uleb128 0x13
 632 0029 00       		.byte	0
 633 002a 00       		.byte	0
 634 002b 04       		.uleb128 0x4
 635 002c 24       		.uleb128 0x24
 636 002d 00       		.byte	0
 637 002e 0B       		.uleb128 0xb
 638 002f 0B       		.uleb128 0xb
 639 0030 3E       		.uleb128 0x3e
 640 0031 0B       		.uleb128 0xb
 641 0032 03       		.uleb128 0x3
 642 0033 08       		.uleb128 0x8
 643 0034 00       		.byte	0
 644 0035 00       		.byte	0
 645 0036 05       		.uleb128 0x5
 646 0037 35       		.uleb128 0x35
 647 0038 00       		.byte	0
 648 0039 49       		.uleb128 0x49
 649 003a 13       		.uleb128 0x13
 650 003b 00       		.byte	0
 651 003c 00       		.byte	0
 652 003d 06       		.uleb128 0x6
 653 003e 2E       		.uleb128 0x2e
 654 003f 01       		.byte	0x1
 655 0040 3F       		.uleb128 0x3f
 656 0041 19       		.uleb128 0x19
 657 0042 03       		.uleb128 0x3
 658 0043 0E       		.uleb128 0xe
 659 0044 3A       		.uleb128 0x3a
 660 0045 0B       		.uleb128 0xb
ARM GAS  C:\Users\nikol\AppData\Local\Temp\ccvmqJ32.s 			page 14


 661 0046 3B       		.uleb128 0x3b
 662 0047 0B       		.uleb128 0xb
 663 0048 11       		.uleb128 0x11
 664 0049 01       		.uleb128 0x1
 665 004a 12       		.uleb128 0x12
 666 004b 06       		.uleb128 0x6
 667 004c 40       		.uleb128 0x40
 668 004d 18       		.uleb128 0x18
 669 004e 9742     		.uleb128 0x2117
 670 0050 19       		.uleb128 0x19
 671 0051 01       		.uleb128 0x1
 672 0052 13       		.uleb128 0x13
 673 0053 00       		.byte	0
 674 0054 00       		.byte	0
 675 0055 07       		.uleb128 0x7
 676 0056 898201   		.uleb128 0x4109
 677 0059 01       		.byte	0x1
 678 005a 11       		.uleb128 0x11
 679 005b 01       		.uleb128 0x1
 680 005c 31       		.uleb128 0x31
 681 005d 13       		.uleb128 0x13
 682 005e 01       		.uleb128 0x1
 683 005f 13       		.uleb128 0x13
 684 0060 00       		.byte	0
 685 0061 00       		.byte	0
 686 0062 08       		.uleb128 0x8
 687 0063 8A8201   		.uleb128 0x410a
 688 0066 00       		.byte	0
 689 0067 02       		.uleb128 0x2
 690 0068 18       		.uleb128 0x18
 691 0069 9142     		.uleb128 0x2111
 692 006b 18       		.uleb128 0x18
 693 006c 00       		.byte	0
 694 006d 00       		.byte	0
 695 006e 09       		.uleb128 0x9
 696 006f 898201   		.uleb128 0x4109
 697 0072 00       		.byte	0
 698 0073 11       		.uleb128 0x11
 699 0074 01       		.uleb128 0x1
 700 0075 31       		.uleb128 0x31
 701 0076 13       		.uleb128 0x13
 702 0077 00       		.byte	0
 703 0078 00       		.byte	0
 704 0079 0A       		.uleb128 0xa
 705 007a 2E       		.uleb128 0x2e
 706 007b 01       		.byte	0x1
 707 007c 3F       		.uleb128 0x3f
 708 007d 19       		.uleb128 0x19
 709 007e 03       		.uleb128 0x3
 710 007f 0E       		.uleb128 0xe
 711 0080 3A       		.uleb128 0x3a
 712 0081 0B       		.uleb128 0xb
 713 0082 3B       		.uleb128 0x3b
 714 0083 0B       		.uleb128 0xb
 715 0084 27       		.uleb128 0x27
 716 0085 19       		.uleb128 0x19
 717 0086 11       		.uleb128 0x11
ARM GAS  C:\Users\nikol\AppData\Local\Temp\ccvmqJ32.s 			page 15


 718 0087 01       		.uleb128 0x1
 719 0088 12       		.uleb128 0x12
 720 0089 06       		.uleb128 0x6
 721 008a 40       		.uleb128 0x40
 722 008b 18       		.uleb128 0x18
 723 008c 9642     		.uleb128 0x2116
 724 008e 19       		.uleb128 0x19
 725 008f 01       		.uleb128 0x1
 726 0090 13       		.uleb128 0x13
 727 0091 00       		.byte	0
 728 0092 00       		.byte	0
 729 0093 0B       		.uleb128 0xb
 730 0094 05       		.uleb128 0x5
 731 0095 00       		.byte	0
 732 0096 03       		.uleb128 0x3
 733 0097 08       		.uleb128 0x8
 734 0098 3A       		.uleb128 0x3a
 735 0099 0B       		.uleb128 0xb
 736 009a 3B       		.uleb128 0x3b
 737 009b 0B       		.uleb128 0xb
 738 009c 49       		.uleb128 0x49
 739 009d 13       		.uleb128 0x13
 740 009e 02       		.uleb128 0x2
 741 009f 17       		.uleb128 0x17
 742 00a0 00       		.byte	0
 743 00a1 00       		.byte	0
 744 00a2 0C       		.uleb128 0xc
 745 00a3 05       		.uleb128 0x5
 746 00a4 00       		.byte	0
 747 00a5 03       		.uleb128 0x3
 748 00a6 0E       		.uleb128 0xe
 749 00a7 3A       		.uleb128 0x3a
 750 00a8 0B       		.uleb128 0xb
 751 00a9 3B       		.uleb128 0x3b
 752 00aa 0B       		.uleb128 0xb
 753 00ab 49       		.uleb128 0x49
 754 00ac 13       		.uleb128 0x13
 755 00ad 02       		.uleb128 0x2
 756 00ae 17       		.uleb128 0x17
 757 00af 00       		.byte	0
 758 00b0 00       		.byte	0
 759 00b1 0D       		.uleb128 0xd
 760 00b2 34       		.uleb128 0x34
 761 00b3 00       		.byte	0
 762 00b4 03       		.uleb128 0x3
 763 00b5 0E       		.uleb128 0xe
 764 00b6 3A       		.uleb128 0x3a
 765 00b7 0B       		.uleb128 0xb
 766 00b8 3B       		.uleb128 0x3b
 767 00b9 0B       		.uleb128 0xb
 768 00ba 49       		.uleb128 0x49
 769 00bb 13       		.uleb128 0x13
 770 00bc 02       		.uleb128 0x2
 771 00bd 17       		.uleb128 0x17
 772 00be 00       		.byte	0
 773 00bf 00       		.byte	0
 774 00c0 0E       		.uleb128 0xe
ARM GAS  C:\Users\nikol\AppData\Local\Temp\ccvmqJ32.s 			page 16


 775 00c1 0B       		.uleb128 0xb
 776 00c2 01       		.byte	0x1
 777 00c3 11       		.uleb128 0x11
 778 00c4 01       		.uleb128 0x1
 779 00c5 12       		.uleb128 0x12
 780 00c6 06       		.uleb128 0x6
 781 00c7 00       		.byte	0
 782 00c8 00       		.byte	0
 783 00c9 0F       		.uleb128 0xf
 784 00ca 34       		.uleb128 0x34
 785 00cb 00       		.byte	0
 786 00cc 03       		.uleb128 0x3
 787 00cd 08       		.uleb128 0x8
 788 00ce 3A       		.uleb128 0x3a
 789 00cf 0B       		.uleb128 0xb
 790 00d0 3B       		.uleb128 0x3b
 791 00d1 0B       		.uleb128 0xb
 792 00d2 49       		.uleb128 0x49
 793 00d3 13       		.uleb128 0x13
 794 00d4 02       		.uleb128 0x2
 795 00d5 17       		.uleb128 0x17
 796 00d6 00       		.byte	0
 797 00d7 00       		.byte	0
 798 00d8 10       		.uleb128 0x10
 799 00d9 898201   		.uleb128 0x4109
 800 00dc 01       		.byte	0x1
 801 00dd 11       		.uleb128 0x11
 802 00de 01       		.uleb128 0x1
 803 00df 31       		.uleb128 0x31
 804 00e0 13       		.uleb128 0x13
 805 00e1 00       		.byte	0
 806 00e2 00       		.byte	0
 807 00e3 11       		.uleb128 0x11
 808 00e4 0B       		.uleb128 0xb
 809 00e5 01       		.byte	0x1
 810 00e6 11       		.uleb128 0x11
 811 00e7 01       		.uleb128 0x1
 812 00e8 12       		.uleb128 0x12
 813 00e9 06       		.uleb128 0x6
 814 00ea 01       		.uleb128 0x1
 815 00eb 13       		.uleb128 0x13
 816 00ec 00       		.byte	0
 817 00ed 00       		.byte	0
 818 00ee 12       		.uleb128 0x12
 819 00ef 2E       		.uleb128 0x2e
 820 00f0 01       		.byte	0x1
 821 00f1 3F       		.uleb128 0x3f
 822 00f2 19       		.uleb128 0x19
 823 00f3 03       		.uleb128 0x3
 824 00f4 0E       		.uleb128 0xe
 825 00f5 3A       		.uleb128 0x3a
 826 00f6 0B       		.uleb128 0xb
 827 00f7 3B       		.uleb128 0x3b
 828 00f8 0B       		.uleb128 0xb
 829 00f9 27       		.uleb128 0x27
 830 00fa 19       		.uleb128 0x19
 831 00fb 11       		.uleb128 0x11
ARM GAS  C:\Users\nikol\AppData\Local\Temp\ccvmqJ32.s 			page 17


 832 00fc 01       		.uleb128 0x1
 833 00fd 12       		.uleb128 0x12
 834 00fe 06       		.uleb128 0x6
 835 00ff 40       		.uleb128 0x40
 836 0100 18       		.uleb128 0x18
 837 0101 9742     		.uleb128 0x2117
 838 0103 19       		.uleb128 0x19
 839 0104 01       		.uleb128 0x1
 840 0105 13       		.uleb128 0x13
 841 0106 00       		.byte	0
 842 0107 00       		.byte	0
 843 0108 13       		.uleb128 0x13
 844 0109 34       		.uleb128 0x34
 845 010a 00       		.byte	0
 846 010b 03       		.uleb128 0x3
 847 010c 0E       		.uleb128 0xe
 848 010d 3A       		.uleb128 0x3a
 849 010e 0B       		.uleb128 0xb
 850 010f 3B       		.uleb128 0x3b
 851 0110 05       		.uleb128 0x5
 852 0111 49       		.uleb128 0x49
 853 0112 13       		.uleb128 0x13
 854 0113 3F       		.uleb128 0x3f
 855 0114 19       		.uleb128 0x19
 856 0115 3C       		.uleb128 0x3c
 857 0116 19       		.uleb128 0x19
 858 0117 00       		.byte	0
 859 0118 00       		.byte	0
 860 0119 14       		.uleb128 0x14
 861 011a 34       		.uleb128 0x34
 862 011b 00       		.byte	0
 863 011c 03       		.uleb128 0x3
 864 011d 0E       		.uleb128 0xe
 865 011e 3A       		.uleb128 0x3a
 866 011f 0B       		.uleb128 0xb
 867 0120 3B       		.uleb128 0x3b
 868 0121 0B       		.uleb128 0xb
 869 0122 49       		.uleb128 0x49
 870 0123 13       		.uleb128 0x13
 871 0124 3F       		.uleb128 0x3f
 872 0125 19       		.uleb128 0x19
 873 0126 02       		.uleb128 0x2
 874 0127 18       		.uleb128 0x18
 875 0128 00       		.byte	0
 876 0129 00       		.byte	0
 877 012a 15       		.uleb128 0x15
 878 012b 01       		.uleb128 0x1
 879 012c 01       		.byte	0x1
 880 012d 49       		.uleb128 0x49
 881 012e 13       		.uleb128 0x13
 882 012f 01       		.uleb128 0x1
 883 0130 13       		.uleb128 0x13
 884 0131 00       		.byte	0
 885 0132 00       		.byte	0
 886 0133 16       		.uleb128 0x16
 887 0134 21       		.uleb128 0x21
 888 0135 00       		.byte	0
ARM GAS  C:\Users\nikol\AppData\Local\Temp\ccvmqJ32.s 			page 18


 889 0136 49       		.uleb128 0x49
 890 0137 13       		.uleb128 0x13
 891 0138 2F       		.uleb128 0x2f
 892 0139 05       		.uleb128 0x5
 893 013a 00       		.byte	0
 894 013b 00       		.byte	0
 895 013c 17       		.uleb128 0x17
 896 013d 2E       		.uleb128 0x2e
 897 013e 00       		.byte	0
 898 013f 3F       		.uleb128 0x3f
 899 0140 19       		.uleb128 0x19
 900 0141 3C       		.uleb128 0x3c
 901 0142 19       		.uleb128 0x19
 902 0143 6E       		.uleb128 0x6e
 903 0144 0E       		.uleb128 0xe
 904 0145 03       		.uleb128 0x3
 905 0146 0E       		.uleb128 0xe
 906 0147 3A       		.uleb128 0x3a
 907 0148 0B       		.uleb128 0xb
 908 0149 3B       		.uleb128 0x3b
 909 014a 0B       		.uleb128 0xb
 910 014b 00       		.byte	0
 911 014c 00       		.byte	0
 912 014d 00       		.byte	0
 913              		.section	.debug_loc,"",%progbits
 914              	.Ldebug_loc0:
 915              	.LLST0:
 916 0000 00000000 		.4byte	.LVL3
 917 0004 06000000 		.4byte	.LVL4
 918 0008 0100     		.2byte	0x1
 919 000a 50       		.byte	0x50
 920 000b 06000000 		.4byte	.LVL4
 921 000f 7C000000 		.4byte	.LFE65
 922 0013 0400     		.2byte	0x4
 923 0015 F3       		.byte	0xf3
 924 0016 01       		.uleb128 0x1
 925 0017 50       		.byte	0x50
 926 0018 9F       		.byte	0x9f
 927 0019 00000000 		.4byte	0
 928 001d 00000000 		.4byte	0
 929              	.LLST1:
 930 0021 00000000 		.4byte	.LVL3
 931 0025 09000000 		.4byte	.LVL5-1
 932 0029 0100     		.2byte	0x1
 933 002b 51       		.byte	0x51
 934 002c 09000000 		.4byte	.LVL5-1
 935 0030 24000000 		.4byte	.LVL9
 936 0034 0400     		.2byte	0x4
 937 0036 F3       		.byte	0xf3
 938 0037 01       		.uleb128 0x1
 939 0038 51       		.byte	0x51
 940 0039 9F       		.byte	0x9f
 941 003a 24000000 		.4byte	.LVL9
 942 003e 7C000000 		.4byte	.LFE65
 943 0042 0100     		.2byte	0x1
 944 0044 50       		.byte	0x50
 945 0045 00000000 		.4byte	0
ARM GAS  C:\Users\nikol\AppData\Local\Temp\ccvmqJ32.s 			page 19


 946 0049 00000000 		.4byte	0
 947              	.LLST2:
 948 004d 26000000 		.4byte	.LVL10
 949 0051 70000000 		.4byte	.LVL13
 950 0055 0100     		.2byte	0x1
 951 0057 56       		.byte	0x56
 952 0058 00000000 		.4byte	0
 953 005c 00000000 		.4byte	0
 954              	.LLST3:
 955 0060 26000000 		.4byte	.LVL10
 956 0064 2A000000 		.4byte	.LVL11
 957 0068 0200     		.2byte	0x2
 958 006a 30       		.byte	0x30
 959 006b 9F       		.byte	0x9f
 960 006c 2A000000 		.4byte	.LVL11
 961 0070 70000000 		.4byte	.LVL13
 962 0074 0100     		.2byte	0x1
 963 0076 53       		.byte	0x53
 964 0077 00000000 		.4byte	0
 965 007b 00000000 		.4byte	0
 966              	.LLST4:
 967 007f 02000000 		.4byte	.LVL16
 968 0083 06000000 		.4byte	.LVL17
 969 0087 0200     		.2byte	0x2
 970 0089 32       		.byte	0x32
 971 008a 9F       		.byte	0x9f
 972 008b 06000000 		.4byte	.LVL17
 973 008f 42000000 		.4byte	.LVL22
 974 0093 0100     		.2byte	0x1
 975 0095 54       		.byte	0x54
 976 0096 00000000 		.4byte	0
 977 009a 00000000 		.4byte	0
 978              		.section	.debug_aranges,"",%progbits
 979 0000 3C000000 		.4byte	0x3c
 980 0004 0200     		.2byte	0x2
 981 0006 00000000 		.4byte	.Ldebug_info0
 982 000a 04       		.byte	0x4
 983 000b 00       		.byte	0
 984 000c 0000     		.2byte	0
 985 000e 0000     		.2byte	0
 986 0010 00000000 		.4byte	.LFB64
 987 0014 18000000 		.4byte	.LFE64-.LFB64
 988 0018 00000000 		.4byte	.LFB65
 989 001c 7C000000 		.4byte	.LFE65-.LFB65
 990 0020 00000000 		.4byte	.LFB68
 991 0024 10000000 		.4byte	.LFE68-.LFB68
 992 0028 00000000 		.4byte	.LFB67
 993 002c 48000000 		.4byte	.LFE67-.LFB67
 994 0030 00000000 		.4byte	.LFB66
 995 0034 08000000 		.4byte	.LFE66-.LFB66
 996 0038 00000000 		.4byte	0
 997 003c 00000000 		.4byte	0
 998              		.section	.debug_ranges,"",%progbits
 999              	.Ldebug_ranges0:
 1000 0000 00000000 		.4byte	.LFB64
 1001 0004 18000000 		.4byte	.LFE64
 1002 0008 00000000 		.4byte	.LFB65
ARM GAS  C:\Users\nikol\AppData\Local\Temp\ccvmqJ32.s 			page 20


 1003 000c 7C000000 		.4byte	.LFE65
 1004 0010 00000000 		.4byte	.LFB68
 1005 0014 10000000 		.4byte	.LFE68
 1006 0018 00000000 		.4byte	.LFB67
 1007 001c 48000000 		.4byte	.LFE67
 1008 0020 00000000 		.4byte	.LFB66
 1009 0024 08000000 		.4byte	.LFE66
 1010 0028 00000000 		.4byte	0
 1011 002c 00000000 		.4byte	0
 1012              		.section	.debug_line,"",%progbits
 1013              	.Ldebug_line0:
 1014 0000 1B020000 		.section	.debug_str,"MS",%progbits,1
 1014      02009701 
 1014      00000201 
 1014      FB0E0D00 
 1014      01010101 
 1015              	.LASF35:
 1016 0000 53686966 		.ascii	"ShiftRegPWM.c\000"
 1016      74526567 
 1016      50574D2E 
 1016      6300
 1017              	.LASF28:
 1018 000e 6973725F 		.ascii	"isr_update_leds_StartEx\000"
 1018      75706461 
 1018      74655F6C 
 1018      6564735F 
 1018      53746172 
 1019              	.LASF4:
 1020 0026 5F5F7569 		.ascii	"__uint8_t\000"
 1020      6E74385F 
 1020      7400
 1021              	.LASF18:
 1022 0030 76616C75 		.ascii	"value\000"
 1022      6500
 1023              	.LASF5:
 1024 0036 5F5F696E 		.ascii	"__int32_t\000"
 1024      7433325F 
 1024      7400
 1025              	.LASF22:
 1026 0040 75706461 		.ascii	"update\000"
 1026      746500
 1027              	.LASF13:
 1028 0047 666C6F61 		.ascii	"float\000"
 1028      7400
 1029              	.LASF29:
 1030 004d 5350494D 		.ascii	"SPIM_led_control_Start\000"
 1030      5F6C6564 
 1030      5F636F6E 
 1030      74726F6C 
 1030      5F537461 
 1031              	.LASF1:
 1032 0064 756E7369 		.ascii	"unsigned char\000"
 1032      676E6564 
 1032      20636861 
 1032      7200
 1033              	.LASF34:
 1034 0072 474E5520 		.ascii	"GNU C11 5.4.1 20160609 (release) [ARM/embedded-5-br"
ARM GAS  C:\Users\nikol\AppData\Local\Temp\ccvmqJ32.s 			page 21


 1034      43313120 
 1034      352E342E 
 1034      31203230 
 1034      31363036 
 1035 00a5 616E6368 		.ascii	"anch revision 237715] -mcpu=cortex-m3 -mthumb -g -O"
 1035      20726576 
 1035      6973696F 
 1035      6E203233 
 1035      37373135 
 1036 00d8 67202D66 		.ascii	"g -ffunction-sections -ffat-lto-objects\000"
 1036      66756E63 
 1036      74696F6E 
 1036      2D736563 
 1036      74696F6E 
 1037              	.LASF31:
 1038 0100 50696E5F 		.ascii	"Pin_latch_Write\000"
 1038      6C617463 
 1038      685F5772 
 1038      69746500 
 1039              	.LASF7:
 1040 0110 6C6F6E67 		.ascii	"long unsigned int\000"
 1040      20756E73 
 1040      69676E65 
 1040      6420696E 
 1040      7400
 1041              	.LASF3:
 1042 0122 73686F72 		.ascii	"short unsigned int\000"
 1042      7420756E 
 1042      7369676E 
 1042      65642069 
 1042      6E7400
 1043              	.LASF19:
 1044 0135 73686966 		.ascii	"shiftRegister\000"
 1044      74526567 
 1044      69737465 
 1044      7200
 1045              	.LASF27:
 1046 0143 73686966 		.ascii	"shiftRegData\000"
 1046      74526567 
 1046      44617461 
 1046      00
 1047              	.LASF14:
 1048 0150 646F7562 		.ascii	"double\000"
 1048      6C6500
 1049              	.LASF33:
 1050 0157 54696D65 		.ascii	"Timer_led_updater_ReadStatusRegister\000"
 1050      725F6C65 
 1050      645F7570 
 1050      64617465 
 1050      725F5265 
 1051              	.LASF10:
 1052 017c 756E7369 		.ascii	"unsigned int\000"
 1052      676E6564 
 1052      20696E74 
 1052      00
 1053              	.LASF30:
 1054 0189 54696D65 		.ascii	"Timer_led_updater_Start\000"
ARM GAS  C:\Users\nikol\AppData\Local\Temp\ccvmqJ32.s 			page 22


 1054      725F6C65 
 1054      645F7570 
 1054      64617465 
 1054      725F5374 
 1055              	.LASF9:
 1056 01a1 6C6F6E67 		.ascii	"long long unsigned int\000"
 1056      206C6F6E 
 1056      6720756E 
 1056      7369676E 
 1056      65642069 
 1057              	.LASF11:
 1058 01b8 75696E74 		.ascii	"uint8_t\000"
 1058      385F7400 
 1059              	.LASF26:
 1060 01c0 74696D65 		.ascii	"time\000"
 1060      00
 1061              	.LASF36:
 1062 01c5 433A5C55 		.ascii	"C:\\Users\\nikol\\Documents\\git\\3. Semester\\PRJ3"
 1062      73657273 
 1062      5C6E696B 
 1062      6F6C5C44 
 1062      6F63756D 
 1063 01f2 5C706C61 		.ascii	"\\player_side_app\\integration\\integration\\integr"
 1063      7965725F 
 1063      73696465 
 1063      5F617070 
 1063      5C696E74 
 1064 0221 6174696F 		.ascii	"ation_all.cydsn\000"
 1064      6E5F616C 
 1064      6C2E6379 
 1064      64736E00 
 1065              	.LASF12:
 1066 0231 696E7433 		.ascii	"int32_t\000"
 1066      325F7400 
 1067              	.LASF17:
 1068 0239 73697A65 		.ascii	"sizetype\000"
 1068      74797065 
 1068      00
 1069              	.LASF21:
 1070 0242 746F6767 		.ascii	"toggleLatchShiftReg\000"
 1070      6C654C61 
 1070      74636853 
 1070      68696674 
 1070      52656700 
 1071              	.LASF8:
 1072 0256 6C6F6E67 		.ascii	"long long int\000"
 1072      206C6F6E 
 1072      6720696E 
 1072      7400
 1073              	.LASF15:
 1074 0264 63686172 		.ascii	"char\000"
 1074      00
 1075              	.LASF23:
 1076 0269 73657450 		.ascii	"setPin\000"
 1076      696E00
 1077              	.LASF32:
 1078 0270 5350494D 		.ascii	"SPIM_led_control_WriteTxData\000"
ARM GAS  C:\Users\nikol\AppData\Local\Temp\ccvmqJ32.s 			page 23


 1078      5F6C6564 
 1078      5F636F6E 
 1078      74726F6C 
 1078      5F577269 
 1079              	.LASF20:
 1080 028d 696E6974 		.ascii	"initShiftRegPWM\000"
 1080      53686966 
 1080      74526567 
 1080      50574D00 
 1081              	.LASF25:
 1082 029d 49544D5F 		.ascii	"ITM_RxBuffer\000"
 1082      52784275 
 1082      66666572 
 1082      00
 1083              	.LASF24:
 1084 02aa 75706461 		.ascii	"updater_handler\000"
 1084      7465725F 
 1084      68616E64 
 1084      6C657200 
 1085              	.LASF2:
 1086 02ba 73686F72 		.ascii	"short int\000"
 1086      7420696E 
 1086      7400
 1087              	.LASF6:
 1088 02c4 6C6F6E67 		.ascii	"long int\000"
 1088      20696E74 
 1088      00
 1089              	.LASF16:
 1090 02cd 6C6F6E67 		.ascii	"long double\000"
 1090      20646F75 
 1090      626C6500 
 1091              	.LASF0:
 1092 02d9 7369676E 		.ascii	"signed char\000"
 1092      65642063 
 1092      68617200 
 1093              		.ident	"GCC: (GNU Tools for ARM Embedded Processors) 5.4.1 20160609 (release) [ARM/embedded-5-bran
