ARM GAS  C:\Users\nikol\AppData\Local\Temp\ccyQoJ3O.s 			page 1


   1              		.syntax unified
   2              		.cpu cortex-m3
   3              		.fpu softvfp
   4              		.eabi_attribute 20, 1
   5              		.eabi_attribute 21, 1
   6              		.eabi_attribute 23, 3
   7              		.eabi_attribute 24, 1
   8              		.eabi_attribute 25, 1
   9              		.eabi_attribute 26, 1
  10              		.eabi_attribute 30, 1
  11              		.eabi_attribute 34, 1
  12              		.eabi_attribute 18, 4
  13              		.thumb
  14              		.syntax unified
  15              		.file	"SPIM_led_control_INT.c"
  16              		.text
  17              	.Ltext0:
  18              		.cfi_sections	.debug_frame
  19              		.section	.text.SPIM_led_control_TX_ISR,"ax",%progbits
  20              		.align	2
  21              		.global	SPIM_led_control_TX_ISR
  22              		.thumb
  23              		.thumb_func
  24              		.type	SPIM_led_control_TX_ISR, %function
  25              	SPIM_led_control_TX_ISR:
  26              	.LFB0:
  27              		.file 1 "Generated_Source\\PSoC5\\SPIM_led_control_INT.c"
   1:Generated_Source\PSoC5/SPIM_led_control_INT.c **** /*******************************************************************************
   2:Generated_Source\PSoC5/SPIM_led_control_INT.c **** * File Name: SPIM_led_control_INT.c
   3:Generated_Source\PSoC5/SPIM_led_control_INT.c **** * Version 2.50
   4:Generated_Source\PSoC5/SPIM_led_control_INT.c **** *
   5:Generated_Source\PSoC5/SPIM_led_control_INT.c **** * Description:
   6:Generated_Source\PSoC5/SPIM_led_control_INT.c **** *  This file provides all Interrupt Service Routine (ISR) for the SPI Master
   7:Generated_Source\PSoC5/SPIM_led_control_INT.c **** *  component.
   8:Generated_Source\PSoC5/SPIM_led_control_INT.c **** *
   9:Generated_Source\PSoC5/SPIM_led_control_INT.c **** * Note:
  10:Generated_Source\PSoC5/SPIM_led_control_INT.c **** *  None.
  11:Generated_Source\PSoC5/SPIM_led_control_INT.c **** *
  12:Generated_Source\PSoC5/SPIM_led_control_INT.c **** ********************************************************************************
  13:Generated_Source\PSoC5/SPIM_led_control_INT.c **** * Copyright 2008-2015, Cypress Semiconductor Corporation.  All rights reserved.
  14:Generated_Source\PSoC5/SPIM_led_control_INT.c **** * You may use this file only in accordance with the license, terms, conditions,
  15:Generated_Source\PSoC5/SPIM_led_control_INT.c **** * disclaimers, and limitations in the end user license agreement accompanying
  16:Generated_Source\PSoC5/SPIM_led_control_INT.c **** * the software package with which this file was provided.
  17:Generated_Source\PSoC5/SPIM_led_control_INT.c **** *******************************************************************************/
  18:Generated_Source\PSoC5/SPIM_led_control_INT.c **** 
  19:Generated_Source\PSoC5/SPIM_led_control_INT.c **** #include "SPIM_led_control_PVT.h"
  20:Generated_Source\PSoC5/SPIM_led_control_INT.c **** #include "cyapicallbacks.h"
  21:Generated_Source\PSoC5/SPIM_led_control_INT.c **** 
  22:Generated_Source\PSoC5/SPIM_led_control_INT.c **** /* User code required at start of ISR */
  23:Generated_Source\PSoC5/SPIM_led_control_INT.c **** /* `#START SPIM_led_control_ISR_START_DEF` */
  24:Generated_Source\PSoC5/SPIM_led_control_INT.c **** 
  25:Generated_Source\PSoC5/SPIM_led_control_INT.c **** /* `#END` */
  26:Generated_Source\PSoC5/SPIM_led_control_INT.c **** 
  27:Generated_Source\PSoC5/SPIM_led_control_INT.c **** 
  28:Generated_Source\PSoC5/SPIM_led_control_INT.c **** /*******************************************************************************
  29:Generated_Source\PSoC5/SPIM_led_control_INT.c **** * Function Name: SPIM_led_control_TX_ISR
  30:Generated_Source\PSoC5/SPIM_led_control_INT.c **** ********************************************************************************
ARM GAS  C:\Users\nikol\AppData\Local\Temp\ccyQoJ3O.s 			page 2


  31:Generated_Source\PSoC5/SPIM_led_control_INT.c **** *
  32:Generated_Source\PSoC5/SPIM_led_control_INT.c **** * Summary:
  33:Generated_Source\PSoC5/SPIM_led_control_INT.c **** *  Interrupt Service Routine for TX portion of the SPI Master.
  34:Generated_Source\PSoC5/SPIM_led_control_INT.c **** *
  35:Generated_Source\PSoC5/SPIM_led_control_INT.c **** * Parameters:
  36:Generated_Source\PSoC5/SPIM_led_control_INT.c **** *  None.
  37:Generated_Source\PSoC5/SPIM_led_control_INT.c **** *
  38:Generated_Source\PSoC5/SPIM_led_control_INT.c **** * Return:
  39:Generated_Source\PSoC5/SPIM_led_control_INT.c **** *  None.
  40:Generated_Source\PSoC5/SPIM_led_control_INT.c **** *
  41:Generated_Source\PSoC5/SPIM_led_control_INT.c **** * Global variables:
  42:Generated_Source\PSoC5/SPIM_led_control_INT.c **** *  SPIM_led_control_txBufferWrite - used for the account of the bytes which
  43:Generated_Source\PSoC5/SPIM_led_control_INT.c **** *  have been written down in the TX software buffer.
  44:Generated_Source\PSoC5/SPIM_led_control_INT.c **** *  SPIM_led_control_txBufferRead - used for the account of the bytes which
  45:Generated_Source\PSoC5/SPIM_led_control_INT.c **** *  have been read from the TX software buffer, modified when exist data to
  46:Generated_Source\PSoC5/SPIM_led_control_INT.c **** *  sending and FIFO Not Full.
  47:Generated_Source\PSoC5/SPIM_led_control_INT.c **** *  SPIM_led_control_txBuffer[SPIM_led_control_TX_BUFFER_SIZE] - used to store
  48:Generated_Source\PSoC5/SPIM_led_control_INT.c **** *  data to sending.
  49:Generated_Source\PSoC5/SPIM_led_control_INT.c **** *  All described above Global variables are used when Software Buffer is used.
  50:Generated_Source\PSoC5/SPIM_led_control_INT.c **** *
  51:Generated_Source\PSoC5/SPIM_led_control_INT.c **** *******************************************************************************/
  52:Generated_Source\PSoC5/SPIM_led_control_INT.c **** CY_ISR(SPIM_led_control_TX_ISR)
  53:Generated_Source\PSoC5/SPIM_led_control_INT.c **** {
  28              		.loc 1 53 0
  29              		.cfi_startproc
  30              		@ args = 0, pretend = 0, frame = 0
  31              		@ frame_needed = 0, uses_anonymous_args = 0
  32              		@ link register save eliminated.
  54:Generated_Source\PSoC5/SPIM_led_control_INT.c ****     #if(SPIM_led_control_TX_SOFTWARE_BUF_ENABLED)
  55:Generated_Source\PSoC5/SPIM_led_control_INT.c ****         uint8 tmpStatus;
  56:Generated_Source\PSoC5/SPIM_led_control_INT.c ****     #endif /* (SPIM_led_control_TX_SOFTWARE_BUF_ENABLED) */
  57:Generated_Source\PSoC5/SPIM_led_control_INT.c **** 
  58:Generated_Source\PSoC5/SPIM_led_control_INT.c ****     #ifdef SPIM_led_control_TX_ISR_ENTRY_CALLBACK
  59:Generated_Source\PSoC5/SPIM_led_control_INT.c ****         SPIM_led_control_TX_ISR_EntryCallback();
  60:Generated_Source\PSoC5/SPIM_led_control_INT.c ****     #endif /* SPIM_led_control_TX_ISR_ENTRY_CALLBACK */
  61:Generated_Source\PSoC5/SPIM_led_control_INT.c **** 
  62:Generated_Source\PSoC5/SPIM_led_control_INT.c ****     /* User code required at start of ISR */
  63:Generated_Source\PSoC5/SPIM_led_control_INT.c ****     /* `#START SPIM_led_control_TX_ISR_START` */
  64:Generated_Source\PSoC5/SPIM_led_control_INT.c **** 
  65:Generated_Source\PSoC5/SPIM_led_control_INT.c ****     /* `#END` */
  66:Generated_Source\PSoC5/SPIM_led_control_INT.c ****     
  67:Generated_Source\PSoC5/SPIM_led_control_INT.c ****     #if(SPIM_led_control_TX_SOFTWARE_BUF_ENABLED)
  68:Generated_Source\PSoC5/SPIM_led_control_INT.c ****         /* Check if TX data buffer is not empty and there is space in TX FIFO */
  69:Generated_Source\PSoC5/SPIM_led_control_INT.c ****         while(SPIM_led_control_txBufferRead != SPIM_led_control_txBufferWrite)
  33              		.loc 1 69 0
  34 0000 28E0     		b	.L2
  35              	.L6:
  70:Generated_Source\PSoC5/SPIM_led_control_INT.c ****         {
  71:Generated_Source\PSoC5/SPIM_led_control_INT.c ****             tmpStatus = SPIM_led_control_GET_STATUS_TX(SPIM_led_control_swStatusTx);
  36              		.loc 1 71 0
  37 0002 1F4B     		ldr	r3, .L8
  38 0004 1978     		ldrb	r1, [r3]	@ zero_extendqisi2
  39 0006 1F4A     		ldr	r2, .L8+4
  40 0008 1378     		ldrb	r3, [r2]	@ zero_extendqisi2
  41 000a 03F00903 		and	r3, r3, #9
  42 000e 0B43     		orrs	r3, r3, r1
  43              	.LVL0:
ARM GAS  C:\Users\nikol\AppData\Local\Temp\ccyQoJ3O.s 			page 3


  72:Generated_Source\PSoC5/SPIM_led_control_INT.c ****             SPIM_led_control_swStatusTx = tmpStatus;
  44              		.loc 1 72 0
  45 0010 1370     		strb	r3, [r2]
  73:Generated_Source\PSoC5/SPIM_led_control_INT.c **** 
  74:Generated_Source\PSoC5/SPIM_led_control_INT.c ****             if(0u != (SPIM_led_control_swStatusTx & SPIM_led_control_STS_TX_FIFO_NOT_FULL))
  46              		.loc 1 74 0
  47 0012 1378     		ldrb	r3, [r2]	@ zero_extendqisi2
  48              	.LVL1:
  49 0014 13F0040F 		tst	r3, #4
  50 0018 24D0     		beq	.L3
  75:Generated_Source\PSoC5/SPIM_led_control_INT.c ****             {
  76:Generated_Source\PSoC5/SPIM_led_control_INT.c ****                 if(0u == SPIM_led_control_txBufferFull)
  51              		.loc 1 76 0
  52 001a 1B4B     		ldr	r3, .L8+8
  53 001c 1B78     		ldrb	r3, [r3]	@ zero_extendqisi2
  54 001e 13F0FF0F 		tst	r3, #255
  55 0022 0CD1     		bne	.L4
  77:Generated_Source\PSoC5/SPIM_led_control_INT.c ****                 {
  78:Generated_Source\PSoC5/SPIM_led_control_INT.c ****                    SPIM_led_control_txBufferRead++;
  56              		.loc 1 78 0
  57 0024 194A     		ldr	r2, .L8+12
  58              	.LVL2:
  59 0026 1378     		ldrb	r3, [r2]	@ zero_extendqisi2
  60 0028 0133     		adds	r3, r3, #1
  61 002a DBB2     		uxtb	r3, r3
  62 002c 1370     		strb	r3, [r2]
  63              	.LVL3:
  79:Generated_Source\PSoC5/SPIM_led_control_INT.c **** 
  80:Generated_Source\PSoC5/SPIM_led_control_INT.c ****                     if(SPIM_led_control_txBufferRead >= SPIM_led_control_TX_BUFFER_SIZE)
  64              		.loc 1 80 0
  65 002e 1378     		ldrb	r3, [r2]	@ zero_extendqisi2
  66 0030 DBB2     		uxtb	r3, r3
  67 0032 0F2B     		cmp	r3, #15
  68 0034 06D9     		bls	.L5
  81:Generated_Source\PSoC5/SPIM_led_control_INT.c ****                     {
  82:Generated_Source\PSoC5/SPIM_led_control_INT.c ****                         SPIM_led_control_txBufferRead = 0u;
  69              		.loc 1 82 0
  70 0036 0022     		movs	r2, #0
  71 0038 144B     		ldr	r3, .L8+12
  72 003a 1A70     		strb	r2, [r3]
  73 003c 02E0     		b	.L5
  74              	.LVL4:
  75              	.L4:
  83:Generated_Source\PSoC5/SPIM_led_control_INT.c ****                     }
  84:Generated_Source\PSoC5/SPIM_led_control_INT.c ****                 }
  85:Generated_Source\PSoC5/SPIM_led_control_INT.c ****                 else
  86:Generated_Source\PSoC5/SPIM_led_control_INT.c ****                 {
  87:Generated_Source\PSoC5/SPIM_led_control_INT.c ****                     SPIM_led_control_txBufferFull = 0u;
  76              		.loc 1 87 0
  77 003e 0022     		movs	r2, #0
  78              	.LVL5:
  79 0040 114B     		ldr	r3, .L8+8
  80 0042 1A70     		strb	r2, [r3]
  81              	.LVL6:
  82              	.L5:
  88:Generated_Source\PSoC5/SPIM_led_control_INT.c ****                 }
  89:Generated_Source\PSoC5/SPIM_led_control_INT.c **** 
ARM GAS  C:\Users\nikol\AppData\Local\Temp\ccyQoJ3O.s 			page 4


  90:Generated_Source\PSoC5/SPIM_led_control_INT.c ****                 /* Put data element into the TX FIFO */
  91:Generated_Source\PSoC5/SPIM_led_control_INT.c ****                 CY_SET_REG8(SPIM_led_control_TXDATA_PTR, 
  83              		.loc 1 91 0
  84 0044 114B     		ldr	r3, .L8+12
  85 0046 1B78     		ldrb	r3, [r3]	@ zero_extendqisi2
  86 0048 DBB2     		uxtb	r3, r3
  87 004a 114A     		ldr	r2, .L8+16
  88 004c D35C     		ldrb	r3, [r2, r3]	@ zero_extendqisi2
  89 004e DBB2     		uxtb	r3, r3
  90 0050 104A     		ldr	r2, .L8+20
  91 0052 1370     		strb	r3, [r2]
  92              	.L2:
  69:Generated_Source\PSoC5/SPIM_led_control_INT.c ****         {
  93              		.loc 1 69 0
  94 0054 0D4B     		ldr	r3, .L8+12
  95 0056 1A78     		ldrb	r2, [r3]	@ zero_extendqisi2
  96 0058 D2B2     		uxtb	r2, r2
  97 005a 0F4B     		ldr	r3, .L8+24
  98 005c 1B78     		ldrb	r3, [r3]	@ zero_extendqisi2
  99 005e DBB2     		uxtb	r3, r3
 100 0060 9A42     		cmp	r2, r3
 101 0062 CED1     		bne	.L6
 102              	.L3:
  92:Generated_Source\PSoC5/SPIM_led_control_INT.c ****                                              SPIM_led_control_txBuffer[SPIM_led_control_txBufferRea
  93:Generated_Source\PSoC5/SPIM_led_control_INT.c ****             }
  94:Generated_Source\PSoC5/SPIM_led_control_INT.c ****             else
  95:Generated_Source\PSoC5/SPIM_led_control_INT.c ****             {
  96:Generated_Source\PSoC5/SPIM_led_control_INT.c ****                 break;
  97:Generated_Source\PSoC5/SPIM_led_control_INT.c ****             }
  98:Generated_Source\PSoC5/SPIM_led_control_INT.c ****         }
  99:Generated_Source\PSoC5/SPIM_led_control_INT.c **** 
 100:Generated_Source\PSoC5/SPIM_led_control_INT.c ****         if(SPIM_led_control_txBufferRead == SPIM_led_control_txBufferWrite)
 103              		.loc 1 100 0
 104 0064 094B     		ldr	r3, .L8+12
 105 0066 1A78     		ldrb	r2, [r3]	@ zero_extendqisi2
 106 0068 D2B2     		uxtb	r2, r2
 107 006a 0B4B     		ldr	r3, .L8+24
 108 006c 1B78     		ldrb	r3, [r3]	@ zero_extendqisi2
 109 006e DBB2     		uxtb	r3, r3
 110 0070 9A42     		cmp	r2, r3
 111 0072 04D1     		bne	.L1
 101:Generated_Source\PSoC5/SPIM_led_control_INT.c ****         {
 102:Generated_Source\PSoC5/SPIM_led_control_INT.c ****             /* TX Buffer is EMPTY: disable interrupt on TX NOT FULL */
 103:Generated_Source\PSoC5/SPIM_led_control_INT.c ****             SPIM_led_control_TX_STATUS_MASK_REG &= ((uint8) ~SPIM_led_control_STS_TX_FIFO_NOT_FULL)
 112              		.loc 1 103 0
 113 0074 094A     		ldr	r2, .L8+28
 114 0076 1378     		ldrb	r3, [r2]	@ zero_extendqisi2
 115 0078 03F0FB03 		and	r3, r3, #251
 116 007c 1370     		strb	r3, [r2]
 117              	.L1:
 118 007e 7047     		bx	lr
 119              	.L9:
 120              		.align	2
 121              	.L8:
 122 0080 65650040 		.word	1073767781
 123 0084 00000000 		.word	SPIM_led_control_swStatusTx
 124 0088 00000000 		.word	SPIM_led_control_txBufferFull
ARM GAS  C:\Users\nikol\AppData\Local\Temp\ccyQoJ3O.s 			page 5


 125 008c 00000000 		.word	SPIM_led_control_txBufferRead
 126 0090 00000000 		.word	SPIM_led_control_txBuffer
 127 0094 45650040 		.word	1073767749
 128 0098 00000000 		.word	SPIM_led_control_txBufferWrite
 129 009c 85650040 		.word	1073767813
 130              		.cfi_endproc
 131              	.LFE0:
 132              		.size	SPIM_led_control_TX_ISR, .-SPIM_led_control_TX_ISR
 133              		.section	.text.SPIM_led_control_RX_ISR,"ax",%progbits
 134              		.align	2
 135              		.global	SPIM_led_control_RX_ISR
 136              		.thumb
 137              		.thumb_func
 138              		.type	SPIM_led_control_RX_ISR, %function
 139              	SPIM_led_control_RX_ISR:
 140              	.LFB1:
 104:Generated_Source\PSoC5/SPIM_led_control_INT.c ****         }
 105:Generated_Source\PSoC5/SPIM_led_control_INT.c **** 
 106:Generated_Source\PSoC5/SPIM_led_control_INT.c ****     #endif /* (SPIM_led_control_TX_SOFTWARE_BUF_ENABLED) */
 107:Generated_Source\PSoC5/SPIM_led_control_INT.c **** 
 108:Generated_Source\PSoC5/SPIM_led_control_INT.c ****     /* User code required at end of ISR (Optional) */
 109:Generated_Source\PSoC5/SPIM_led_control_INT.c ****     /* `#START SPIM_led_control_TX_ISR_END` */
 110:Generated_Source\PSoC5/SPIM_led_control_INT.c **** 
 111:Generated_Source\PSoC5/SPIM_led_control_INT.c ****     /* `#END` */
 112:Generated_Source\PSoC5/SPIM_led_control_INT.c ****     
 113:Generated_Source\PSoC5/SPIM_led_control_INT.c ****     #ifdef SPIM_led_control_TX_ISR_EXIT_CALLBACK
 114:Generated_Source\PSoC5/SPIM_led_control_INT.c ****         SPIM_led_control_TX_ISR_ExitCallback();
 115:Generated_Source\PSoC5/SPIM_led_control_INT.c ****     #endif /* SPIM_led_control_TX_ISR_EXIT_CALLBACK */
 116:Generated_Source\PSoC5/SPIM_led_control_INT.c **** }
 117:Generated_Source\PSoC5/SPIM_led_control_INT.c **** 
 118:Generated_Source\PSoC5/SPIM_led_control_INT.c **** 
 119:Generated_Source\PSoC5/SPIM_led_control_INT.c **** /*******************************************************************************
 120:Generated_Source\PSoC5/SPIM_led_control_INT.c **** * Function Name: SPIM_led_control_RX_ISR
 121:Generated_Source\PSoC5/SPIM_led_control_INT.c **** ********************************************************************************
 122:Generated_Source\PSoC5/SPIM_led_control_INT.c **** *
 123:Generated_Source\PSoC5/SPIM_led_control_INT.c **** * Summary:
 124:Generated_Source\PSoC5/SPIM_led_control_INT.c **** *  Interrupt Service Routine for RX portion of the SPI Master.
 125:Generated_Source\PSoC5/SPIM_led_control_INT.c **** *
 126:Generated_Source\PSoC5/SPIM_led_control_INT.c **** * Parameters:
 127:Generated_Source\PSoC5/SPIM_led_control_INT.c **** *  None.
 128:Generated_Source\PSoC5/SPIM_led_control_INT.c **** *
 129:Generated_Source\PSoC5/SPIM_led_control_INT.c **** * Return:
 130:Generated_Source\PSoC5/SPIM_led_control_INT.c **** *  None.
 131:Generated_Source\PSoC5/SPIM_led_control_INT.c **** *
 132:Generated_Source\PSoC5/SPIM_led_control_INT.c **** * Global variables:
 133:Generated_Source\PSoC5/SPIM_led_control_INT.c **** *  SPIM_led_control_rxBufferWrite - used for the account of the bytes which
 134:Generated_Source\PSoC5/SPIM_led_control_INT.c **** *  have been written down in the RX software buffer modified when FIFO contains
 135:Generated_Source\PSoC5/SPIM_led_control_INT.c **** *  new data.
 136:Generated_Source\PSoC5/SPIM_led_control_INT.c **** *  SPIM_led_control_rxBufferRead - used for the account of the bytes which
 137:Generated_Source\PSoC5/SPIM_led_control_INT.c **** *  have been read from the RX software buffer, modified when overflow occurred.
 138:Generated_Source\PSoC5/SPIM_led_control_INT.c **** *  SPIM_led_control_rxBuffer[SPIM_led_control_RX_BUFFER_SIZE] - used to store
 139:Generated_Source\PSoC5/SPIM_led_control_INT.c **** *  received data, modified when FIFO contains new data.
 140:Generated_Source\PSoC5/SPIM_led_control_INT.c **** *  All described above Global variables are used when Software Buffer is used.
 141:Generated_Source\PSoC5/SPIM_led_control_INT.c **** *
 142:Generated_Source\PSoC5/SPIM_led_control_INT.c **** *******************************************************************************/
 143:Generated_Source\PSoC5/SPIM_led_control_INT.c **** CY_ISR(SPIM_led_control_RX_ISR)
 144:Generated_Source\PSoC5/SPIM_led_control_INT.c **** {
ARM GAS  C:\Users\nikol\AppData\Local\Temp\ccyQoJ3O.s 			page 6


 141              		.loc 1 144 0
 142              		.cfi_startproc
 143              		@ args = 0, pretend = 0, frame = 0
 144              		@ frame_needed = 0, uses_anonymous_args = 0
 145              		@ link register save eliminated.
 146 0000 7047     		bx	lr
 147              		.cfi_endproc
 148              	.LFE1:
 149              		.size	SPIM_led_control_RX_ISR, .-SPIM_led_control_RX_ISR
 150 0002 00BF     		.text
 151              	.Letext0:
 152              		.file 2 "Generated_Source\\PSoC5\\cytypes.h"
 153              		.file 3 "Generated_Source\\PSoC5\\SPIM_led_control_PVT.h"
 154              		.section	.debug_info,"",%progbits
 155              	.Ldebug_info0:
 156 0000 2A010000 		.4byte	0x12a
 157 0004 0400     		.2byte	0x4
 158 0006 00000000 		.4byte	.Ldebug_abbrev0
 159 000a 04       		.byte	0x4
 160 000b 01       		.uleb128 0x1
 161 000c 67000000 		.4byte	.LASF21
 162 0010 0C       		.byte	0xc
 163 0011 39000000 		.4byte	.LASF22
 164 0015 12010000 		.4byte	.LASF23
 165 0019 00000000 		.4byte	.Ldebug_ranges0+0
 166 001d 00000000 		.4byte	0
 167 0021 00000000 		.4byte	.Ldebug_line0
 168 0025 02       		.uleb128 0x2
 169 0026 01       		.byte	0x1
 170 0027 06       		.byte	0x6
 171 0028 29020000 		.4byte	.LASF0
 172 002c 02       		.uleb128 0x2
 173 002d 01       		.byte	0x1
 174 002e 08       		.byte	0x8
 175 002f CB010000 		.4byte	.LASF1
 176 0033 02       		.uleb128 0x2
 177 0034 02       		.byte	0x2
 178 0035 05       		.byte	0x5
 179 0036 41020000 		.4byte	.LASF2
 180 003a 02       		.uleb128 0x2
 181 003b 02       		.byte	0x2
 182 003c 07       		.byte	0x7
 183 003d 16020000 		.4byte	.LASF3
 184 0041 02       		.uleb128 0x2
 185 0042 04       		.byte	0x4
 186 0043 05       		.byte	0x5
 187 0044 DE010000 		.4byte	.LASF4
 188 0048 02       		.uleb128 0x2
 189 0049 04       		.byte	0x4
 190 004a 07       		.byte	0x7
 191 004b 00010000 		.4byte	.LASF5
 192 004f 02       		.uleb128 0x2
 193 0050 08       		.byte	0x8
 194 0051 05       		.byte	0x5
 195 0052 00000000 		.4byte	.LASF6
 196 0056 02       		.uleb128 0x2
 197 0057 08       		.byte	0x8
ARM GAS  C:\Users\nikol\AppData\Local\Temp\ccyQoJ3O.s 			page 7


 198 0058 07       		.byte	0x7
 199 0059 B4010000 		.4byte	.LASF7
 200 005d 03       		.uleb128 0x3
 201 005e 04       		.byte	0x4
 202 005f 05       		.byte	0x5
 203 0060 696E7400 		.ascii	"int\000"
 204 0064 02       		.uleb128 0x2
 205 0065 04       		.byte	0x4
 206 0066 07       		.byte	0x7
 207 0067 0E000000 		.4byte	.LASF8
 208 006b 04       		.uleb128 0x4
 209 006c FA000000 		.4byte	.LASF12
 210 0070 02       		.byte	0x2
 211 0071 E401     		.2byte	0x1e4
 212 0073 2C000000 		.4byte	0x2c
 213 0077 02       		.uleb128 0x2
 214 0078 04       		.byte	0x4
 215 0079 04       		.byte	0x4
 216 007a 7E010000 		.4byte	.LASF9
 217 007e 02       		.uleb128 0x2
 218 007f 08       		.byte	0x8
 219 0080 04       		.byte	0x4
 220 0081 E7010000 		.4byte	.LASF10
 221 0085 02       		.uleb128 0x2
 222 0086 01       		.byte	0x1
 223 0087 08       		.byte	0x8
 224 0088 D9010000 		.4byte	.LASF11
 225 008c 04       		.uleb128 0x4
 226 008d F5000000 		.4byte	.LASF13
 227 0091 02       		.byte	0x2
 228 0092 8E02     		.2byte	0x28e
 229 0094 98000000 		.4byte	0x98
 230 0098 05       		.uleb128 0x5
 231 0099 6B000000 		.4byte	0x6b
 232 009d 02       		.uleb128 0x2
 233 009e 08       		.byte	0x8
 234 009f 04       		.byte	0x4
 235 00a0 35020000 		.4byte	.LASF14
 236 00a4 02       		.uleb128 0x2
 237 00a5 04       		.byte	0x4
 238 00a6 07       		.byte	0x7
 239 00a7 86020000 		.4byte	.LASF15
 240 00ab 06       		.uleb128 0x6
 241 00ac 9C010000 		.4byte	.LASF24
 242 00b0 01       		.byte	0x1
 243 00b1 34       		.byte	0x34
 244 00b2 00000000 		.4byte	.LFB0
 245 00b6 A0000000 		.4byte	.LFE0-.LFB0
 246 00ba 01       		.uleb128 0x1
 247 00bb 9C       		.byte	0x9c
 248 00bc D0000000 		.4byte	0xd0
 249 00c0 07       		.uleb128 0x7
 250 00c1 0C020000 		.4byte	.LASF25
 251 00c5 01       		.byte	0x1
 252 00c6 37       		.byte	0x37
 253 00c7 6B000000 		.4byte	0x6b
 254 00cb 00000000 		.4byte	.LLST0
ARM GAS  C:\Users\nikol\AppData\Local\Temp\ccyQoJ3O.s 			page 8


 255 00cf 00       		.byte	0
 256 00d0 08       		.uleb128 0x8
 257 00d1 84010000 		.4byte	.LASF26
 258 00d5 01       		.byte	0x1
 259 00d6 8F       		.byte	0x8f
 260 00d7 00000000 		.4byte	.LFB1
 261 00db 02000000 		.4byte	.LFE1-.LFB1
 262 00df 01       		.uleb128 0x1
 263 00e0 9C       		.byte	0x9c
 264 00e1 09       		.uleb128 0x9
 265 00e2 6A020000 		.4byte	.LASF16
 266 00e6 03       		.byte	0x3
 267 00e7 21       		.byte	0x21
 268 00e8 98000000 		.4byte	0x98
 269 00ec 0A       		.uleb128 0xa
 270 00ed 98000000 		.4byte	0x98
 271 00f1 FC000000 		.4byte	0xfc
 272 00f5 0B       		.uleb128 0xb
 273 00f6 A4000000 		.4byte	0xa4
 274 00fa 0F       		.byte	0xf
 275 00fb 00       		.byte	0
 276 00fc 09       		.uleb128 0x9
 277 00fd 8F020000 		.4byte	.LASF17
 278 0101 03       		.byte	0x3
 279 0102 25       		.byte	0x25
 280 0103 07010000 		.4byte	0x107
 281 0107 05       		.uleb128 0x5
 282 0108 EC000000 		.4byte	0xec
 283 010c 09       		.uleb128 0x9
 284 010d EE010000 		.4byte	.LASF18
 285 0111 03       		.byte	0x3
 286 0112 26       		.byte	0x26
 287 0113 98000000 		.4byte	0x98
 288 0117 09       		.uleb128 0x9
 289 0118 4B020000 		.4byte	.LASF19
 290 011c 03       		.byte	0x3
 291 011d 27       		.byte	0x27
 292 011e 98000000 		.4byte	0x98
 293 0122 09       		.uleb128 0x9
 294 0123 1B000000 		.4byte	.LASF20
 295 0127 03       		.byte	0x3
 296 0128 28       		.byte	0x28
 297 0129 98000000 		.4byte	0x98
 298 012d 00       		.byte	0
 299              		.section	.debug_abbrev,"",%progbits
 300              	.Ldebug_abbrev0:
 301 0000 01       		.uleb128 0x1
 302 0001 11       		.uleb128 0x11
 303 0002 01       		.byte	0x1
 304 0003 25       		.uleb128 0x25
 305 0004 0E       		.uleb128 0xe
 306 0005 13       		.uleb128 0x13
 307 0006 0B       		.uleb128 0xb
 308 0007 03       		.uleb128 0x3
 309 0008 0E       		.uleb128 0xe
 310 0009 1B       		.uleb128 0x1b
 311 000a 0E       		.uleb128 0xe
ARM GAS  C:\Users\nikol\AppData\Local\Temp\ccyQoJ3O.s 			page 9


 312 000b 55       		.uleb128 0x55
 313 000c 17       		.uleb128 0x17
 314 000d 11       		.uleb128 0x11
 315 000e 01       		.uleb128 0x1
 316 000f 10       		.uleb128 0x10
 317 0010 17       		.uleb128 0x17
 318 0011 00       		.byte	0
 319 0012 00       		.byte	0
 320 0013 02       		.uleb128 0x2
 321 0014 24       		.uleb128 0x24
 322 0015 00       		.byte	0
 323 0016 0B       		.uleb128 0xb
 324 0017 0B       		.uleb128 0xb
 325 0018 3E       		.uleb128 0x3e
 326 0019 0B       		.uleb128 0xb
 327 001a 03       		.uleb128 0x3
 328 001b 0E       		.uleb128 0xe
 329 001c 00       		.byte	0
 330 001d 00       		.byte	0
 331 001e 03       		.uleb128 0x3
 332 001f 24       		.uleb128 0x24
 333 0020 00       		.byte	0
 334 0021 0B       		.uleb128 0xb
 335 0022 0B       		.uleb128 0xb
 336 0023 3E       		.uleb128 0x3e
 337 0024 0B       		.uleb128 0xb
 338 0025 03       		.uleb128 0x3
 339 0026 08       		.uleb128 0x8
 340 0027 00       		.byte	0
 341 0028 00       		.byte	0
 342 0029 04       		.uleb128 0x4
 343 002a 16       		.uleb128 0x16
 344 002b 00       		.byte	0
 345 002c 03       		.uleb128 0x3
 346 002d 0E       		.uleb128 0xe
 347 002e 3A       		.uleb128 0x3a
 348 002f 0B       		.uleb128 0xb
 349 0030 3B       		.uleb128 0x3b
 350 0031 05       		.uleb128 0x5
 351 0032 49       		.uleb128 0x49
 352 0033 13       		.uleb128 0x13
 353 0034 00       		.byte	0
 354 0035 00       		.byte	0
 355 0036 05       		.uleb128 0x5
 356 0037 35       		.uleb128 0x35
 357 0038 00       		.byte	0
 358 0039 49       		.uleb128 0x49
 359 003a 13       		.uleb128 0x13
 360 003b 00       		.byte	0
 361 003c 00       		.byte	0
 362 003d 06       		.uleb128 0x6
 363 003e 2E       		.uleb128 0x2e
 364 003f 01       		.byte	0x1
 365 0040 3F       		.uleb128 0x3f
 366 0041 19       		.uleb128 0x19
 367 0042 03       		.uleb128 0x3
 368 0043 0E       		.uleb128 0xe
ARM GAS  C:\Users\nikol\AppData\Local\Temp\ccyQoJ3O.s 			page 10


 369 0044 3A       		.uleb128 0x3a
 370 0045 0B       		.uleb128 0xb
 371 0046 3B       		.uleb128 0x3b
 372 0047 0B       		.uleb128 0xb
 373 0048 27       		.uleb128 0x27
 374 0049 19       		.uleb128 0x19
 375 004a 11       		.uleb128 0x11
 376 004b 01       		.uleb128 0x1
 377 004c 12       		.uleb128 0x12
 378 004d 06       		.uleb128 0x6
 379 004e 40       		.uleb128 0x40
 380 004f 18       		.uleb128 0x18
 381 0050 9742     		.uleb128 0x2117
 382 0052 19       		.uleb128 0x19
 383 0053 01       		.uleb128 0x1
 384 0054 13       		.uleb128 0x13
 385 0055 00       		.byte	0
 386 0056 00       		.byte	0
 387 0057 07       		.uleb128 0x7
 388 0058 34       		.uleb128 0x34
 389 0059 00       		.byte	0
 390 005a 03       		.uleb128 0x3
 391 005b 0E       		.uleb128 0xe
 392 005c 3A       		.uleb128 0x3a
 393 005d 0B       		.uleb128 0xb
 394 005e 3B       		.uleb128 0x3b
 395 005f 0B       		.uleb128 0xb
 396 0060 49       		.uleb128 0x49
 397 0061 13       		.uleb128 0x13
 398 0062 02       		.uleb128 0x2
 399 0063 17       		.uleb128 0x17
 400 0064 00       		.byte	0
 401 0065 00       		.byte	0
 402 0066 08       		.uleb128 0x8
 403 0067 2E       		.uleb128 0x2e
 404 0068 00       		.byte	0
 405 0069 3F       		.uleb128 0x3f
 406 006a 19       		.uleb128 0x19
 407 006b 03       		.uleb128 0x3
 408 006c 0E       		.uleb128 0xe
 409 006d 3A       		.uleb128 0x3a
 410 006e 0B       		.uleb128 0xb
 411 006f 3B       		.uleb128 0x3b
 412 0070 0B       		.uleb128 0xb
 413 0071 27       		.uleb128 0x27
 414 0072 19       		.uleb128 0x19
 415 0073 11       		.uleb128 0x11
 416 0074 01       		.uleb128 0x1
 417 0075 12       		.uleb128 0x12
 418 0076 06       		.uleb128 0x6
 419 0077 40       		.uleb128 0x40
 420 0078 18       		.uleb128 0x18
 421 0079 9742     		.uleb128 0x2117
 422 007b 19       		.uleb128 0x19
 423 007c 00       		.byte	0
 424 007d 00       		.byte	0
 425 007e 09       		.uleb128 0x9
ARM GAS  C:\Users\nikol\AppData\Local\Temp\ccyQoJ3O.s 			page 11


 426 007f 34       		.uleb128 0x34
 427 0080 00       		.byte	0
 428 0081 03       		.uleb128 0x3
 429 0082 0E       		.uleb128 0xe
 430 0083 3A       		.uleb128 0x3a
 431 0084 0B       		.uleb128 0xb
 432 0085 3B       		.uleb128 0x3b
 433 0086 0B       		.uleb128 0xb
 434 0087 49       		.uleb128 0x49
 435 0088 13       		.uleb128 0x13
 436 0089 3F       		.uleb128 0x3f
 437 008a 19       		.uleb128 0x19
 438 008b 3C       		.uleb128 0x3c
 439 008c 19       		.uleb128 0x19
 440 008d 00       		.byte	0
 441 008e 00       		.byte	0
 442 008f 0A       		.uleb128 0xa
 443 0090 01       		.uleb128 0x1
 444 0091 01       		.byte	0x1
 445 0092 49       		.uleb128 0x49
 446 0093 13       		.uleb128 0x13
 447 0094 01       		.uleb128 0x1
 448 0095 13       		.uleb128 0x13
 449 0096 00       		.byte	0
 450 0097 00       		.byte	0
 451 0098 0B       		.uleb128 0xb
 452 0099 21       		.uleb128 0x21
 453 009a 00       		.byte	0
 454 009b 49       		.uleb128 0x49
 455 009c 13       		.uleb128 0x13
 456 009d 2F       		.uleb128 0x2f
 457 009e 0B       		.uleb128 0xb
 458 009f 00       		.byte	0
 459 00a0 00       		.byte	0
 460 00a1 00       		.byte	0
 461              		.section	.debug_loc,"",%progbits
 462              	.Ldebug_loc0:
 463              	.LLST0:
 464 0000 10000000 		.4byte	.LVL0
 465 0004 14000000 		.4byte	.LVL1
 466 0008 0100     		.2byte	0x1
 467 000a 53       		.byte	0x53
 468 000b 14000000 		.4byte	.LVL1
 469 000f 26000000 		.4byte	.LVL2
 470 0013 0200     		.2byte	0x2
 471 0015 72       		.byte	0x72
 472 0016 00       		.sleb128 0
 473 0017 3E000000 		.4byte	.LVL4
 474 001b 40000000 		.4byte	.LVL5
 475 001f 0200     		.2byte	0x2
 476 0021 72       		.byte	0x72
 477 0022 00       		.sleb128 0
 478 0023 00000000 		.4byte	0
 479 0027 00000000 		.4byte	0
 480              		.section	.debug_aranges,"",%progbits
 481 0000 24000000 		.4byte	0x24
 482 0004 0200     		.2byte	0x2
ARM GAS  C:\Users\nikol\AppData\Local\Temp\ccyQoJ3O.s 			page 12


 483 0006 00000000 		.4byte	.Ldebug_info0
 484 000a 04       		.byte	0x4
 485 000b 00       		.byte	0
 486 000c 0000     		.2byte	0
 487 000e 0000     		.2byte	0
 488 0010 00000000 		.4byte	.LFB0
 489 0014 A0000000 		.4byte	.LFE0-.LFB0
 490 0018 00000000 		.4byte	.LFB1
 491 001c 02000000 		.4byte	.LFE1-.LFB1
 492 0020 00000000 		.4byte	0
 493 0024 00000000 		.4byte	0
 494              		.section	.debug_ranges,"",%progbits
 495              	.Ldebug_ranges0:
 496 0000 00000000 		.4byte	.LFB0
 497 0004 A0000000 		.4byte	.LFE0
 498 0008 00000000 		.4byte	.LFB1
 499 000c 02000000 		.4byte	.LFE1
 500 0010 00000000 		.4byte	0
 501 0014 00000000 		.4byte	0
 502              		.section	.debug_line,"",%progbits
 503              	.Ldebug_line0:
 504 0000 A3000000 		.section	.debug_str,"MS",%progbits,1
 504      02006B00 
 504      00000201 
 504      FB0E0D00 
 504      01010101 
 505              	.LASF6:
 506 0000 6C6F6E67 		.ascii	"long long int\000"
 506      206C6F6E 
 506      6720696E 
 506      7400
 507              	.LASF8:
 508 000e 756E7369 		.ascii	"unsigned int\000"
 508      676E6564 
 508      20696E74 
 508      00
 509              	.LASF20:
 510 001b 5350494D 		.ascii	"SPIM_led_control_txBufferFull\000"
 510      5F6C6564 
 510      5F636F6E 
 510      74726F6C 
 510      5F747842 
 511              	.LASF22:
 512 0039 47656E65 		.ascii	"Generated_Source\\PSoC5\\SPIM_led_control_INT.c\000"
 512      72617465 
 512      645F536F 
 512      75726365 
 512      5C50536F 
 513              	.LASF21:
 514 0067 474E5520 		.ascii	"GNU C11 5.4.1 20160609 (release) [ARM/embedded-5-br"
 514      43313120 
 514      352E342E 
 514      31203230 
 514      31363036 
 515 009a 616E6368 		.ascii	"anch revision 237715] -mcpu=cortex-m3 -mthumb -g -O"
 515      20726576 
 515      6973696F 
ARM GAS  C:\Users\nikol\AppData\Local\Temp\ccyQoJ3O.s 			page 13


 515      6E203233 
 515      37373135 
 516 00cd 67202D66 		.ascii	"g -ffunction-sections -ffat-lto-objects\000"
 516      66756E63 
 516      74696F6E 
 516      2D736563 
 516      74696F6E 
 517              	.LASF13:
 518 00f5 72656738 		.ascii	"reg8\000"
 518      00
 519              	.LASF12:
 520 00fa 75696E74 		.ascii	"uint8\000"
 520      3800
 521              	.LASF5:
 522 0100 6C6F6E67 		.ascii	"long unsigned int\000"
 522      20756E73 
 522      69676E65 
 522      6420696E 
 522      7400
 523              	.LASF23:
 524 0112 433A5C55 		.ascii	"C:\\Users\\nikol\\Documents\\git\\3. Semester\\PRJ3"
 524      73657273 
 524      5C6E696B 
 524      6F6C5C44 
 524      6F63756D 
 525 013f 5C706C61 		.ascii	"\\player_side_app\\integration\\integration\\integr"
 525      7965725F 
 525      73696465 
 525      5F617070 
 525      5C696E74 
 526 016e 6174696F 		.ascii	"ation_all.cydsn\000"
 526      6E5F616C 
 526      6C2E6379 
 526      64736E00 
 527              	.LASF9:
 528 017e 666C6F61 		.ascii	"float\000"
 528      7400
 529              	.LASF26:
 530 0184 5350494D 		.ascii	"SPIM_led_control_RX_ISR\000"
 530      5F6C6564 
 530      5F636F6E 
 530      74726F6C 
 530      5F52585F 
 531              	.LASF24:
 532 019c 5350494D 		.ascii	"SPIM_led_control_TX_ISR\000"
 532      5F6C6564 
 532      5F636F6E 
 532      74726F6C 
 532      5F54585F 
 533              	.LASF7:
 534 01b4 6C6F6E67 		.ascii	"long long unsigned int\000"
 534      206C6F6E 
 534      6720756E 
 534      7369676E 
 534      65642069 
 535              	.LASF1:
 536 01cb 756E7369 		.ascii	"unsigned char\000"
ARM GAS  C:\Users\nikol\AppData\Local\Temp\ccyQoJ3O.s 			page 14


 536      676E6564 
 536      20636861 
 536      7200
 537              	.LASF11:
 538 01d9 63686172 		.ascii	"char\000"
 538      00
 539              	.LASF4:
 540 01de 6C6F6E67 		.ascii	"long int\000"
 540      20696E74 
 540      00
 541              	.LASF10:
 542 01e7 646F7562 		.ascii	"double\000"
 542      6C6500
 543              	.LASF18:
 544 01ee 5350494D 		.ascii	"SPIM_led_control_txBufferRead\000"
 544      5F6C6564 
 544      5F636F6E 
 544      74726F6C 
 544      5F747842 
 545              	.LASF25:
 546 020c 746D7053 		.ascii	"tmpStatus\000"
 546      74617475 
 546      7300
 547              	.LASF3:
 548 0216 73686F72 		.ascii	"short unsigned int\000"
 548      7420756E 
 548      7369676E 
 548      65642069 
 548      6E7400
 549              	.LASF0:
 550 0229 7369676E 		.ascii	"signed char\000"
 550      65642063 
 550      68617200 
 551              	.LASF14:
 552 0235 6C6F6E67 		.ascii	"long double\000"
 552      20646F75 
 552      626C6500 
 553              	.LASF2:
 554 0241 73686F72 		.ascii	"short int\000"
 554      7420696E 
 554      7400
 555              	.LASF19:
 556 024b 5350494D 		.ascii	"SPIM_led_control_txBufferWrite\000"
 556      5F6C6564 
 556      5F636F6E 
 556      74726F6C 
 556      5F747842 
 557              	.LASF16:
 558 026a 5350494D 		.ascii	"SPIM_led_control_swStatusTx\000"
 558      5F6C6564 
 558      5F636F6E 
 558      74726F6C 
 558      5F737753 
 559              	.LASF15:
 560 0286 73697A65 		.ascii	"sizetype\000"
 560      74797065 
 560      00
ARM GAS  C:\Users\nikol\AppData\Local\Temp\ccyQoJ3O.s 			page 15


 561              	.LASF17:
 562 028f 5350494D 		.ascii	"SPIM_led_control_txBuffer\000"
 562      5F6C6564 
 562      5F636F6E 
 562      74726F6C 
 562      5F747842 
 563              		.ident	"GCC: (GNU Tools for ARM Embedded Processors) 5.4.1 20160609 (release) [ARM/embedded-5-bran
