--------------- Build Started: 01/20/2019 13:56:54 Project: integration_all, Configuration: ARM GCC 5.4-2016-q2-update Debug ---------------
cydsfit.exe -.appdatapath "C:\Users\nikol\AppData\Local\Cypress Semiconductor\PSoC Creator\4.2" -.fdsnotice -.fdswarpdepfile=warp_dependencies.txt -.fdselabdepfile=elab_dependencies.txt -.fdsbldfile=generated_files.txt -.fdsreffile=referenced_files.txt -p "C:\Users\nikol\Documents\git\3. Semester\PRJ3\player_side_app\integration\integration\integration_all.cydsn\integration_all.cyprj" -d CY8C5888LTI-LP097 -s "C:\Users\nikol\Documents\git\3. Semester\PRJ3\player_side_app\integration\integration\integration_all.cydsn\Generated_Source\PSoC5" -- -yv2 -q10 -ygs -o2 -v3 -.fftcfgtype=LE
Elaborating Design...
HDL Generation...
Synthesis...
Tech Mapping...
Analog Placement...
Log: apr.M0058: The analog placement iterative improvement is 35% done. (App=cydsfit)
Log: apr.M0058: The analog placement iterative improvement is 57% done. (App=cydsfit)
Log: apr.M0058: The analog placement iterative improvement is 91% done. (App=cydsfit)
Analog Routing...
Analog Code Generation...
Digital Placement...
Digital Routing...
Bitstream Generation...
Bitstream Verification...
Static timing analysis...
API Generation...
Dependency Generation...
Cleanup...
arm-none-eabi-gcc.exe -mcpu=cortex-m3 -mthumb -I. -IGenerated_Source\PSoC5 -Wa,-alh=.\CortexM3\ARM_GCC_541\Debug/main.lst -g -D DEBUG -D CY_CORE_ID=0 -Wall -ffunction-sections -ffat-lto-objects -Og -c main.c -o .\CortexM3\ARM_GCC_541\Debug\main.o
arm-none-eabi-gcc.exe -mcpu=cortex-m3 -mthumb -I. -IGenerated_Source\PSoC5 -Wa,-alh=.\CortexM3\ARM_GCC_541\Debug/RPI_IF.lst -g -D DEBUG -D CY_CORE_ID=0 -Wall -ffunction-sections -ffat-lto-objects -Og -c RPI_IF.c -o .\CortexM3\ARM_GCC_541\Debug\RPI_IF.o
arm-none-eabi-gcc.exe -mcpu=cortex-m3 -mthumb -I. -IGenerated_Source\PSoC5 -Wa,-alh=.\CortexM3\ARM_GCC_541\Debug/GameController.lst -g -D DEBUG -D CY_CORE_ID=0 -Wall -ffunction-sections -ffat-lto-objects -Og -c GameController.c -o .\CortexM3\ARM_GCC_541\Debug\GameController.o
arm-none-eabi-gcc.exe -mcpu=cortex-m3 -mthumb -I. -IGenerated_Source\PSoC5 -Wa,-alh=.\CortexM3\ARM_GCC_541\Debug/cymetadata.lst -g -D DEBUG -D CY_CORE_ID=0 -Wall -ffunction-sections -ffat-lto-objects -Og -c Generated_Source\PSoC5\cymetadata.c -o .\CortexM3\ARM_GCC_541\Debug\cymetadata.o
arm-none-eabi-gcc.exe -mcpu=cortex-m3 -mthumb -I. -IGenerated_Source\PSoC5 -Wa,-alh=.\CortexM3\ARM_GCC_541\Debug/CupSensor_CupSensor.lst -g -D DEBUG -D CY_CORE_ID=0 -Wall -ffunction-sections -ffat-lto-objects -Og -c Generated_Source\PSoC5\CupSensor_CupSensor.c -o .\CortexM3\ARM_GCC_541\Debug\CupSensor_CupSensor.o
Generated_Source\PSoC5\CupSensor_CupSensor.c: In function 'newValueInterruptHandler':
Generated_Source\PSoC5\CupSensor_CupSensor.c:88:17: warning: unused variable 'oldStatus' [-Wunused-variable]
         uint8_t oldStatus = CupSensor_cupStatus;
                 ^
Generated_Source\PSoC5\CupSensor_CupSensor.c:87:19: warning: unused variable 'oldState' [-Wunused-variable]
         CUP_STATE oldState = sensors[regValue].state;
                   ^
arm-none-eabi-ar.exe -rs .\CortexM3\ARM_GCC_541\Debug\integration_all.a .\CortexM3\ARM_GCC_541\Debug\SDA_1.o .\CortexM3\ARM_GCC_541\Debug\SCL_1.o .\CortexM3\ARM_GCC_541\Debug\Interrupt.o .\CortexM3\ARM_GCC_541\Debug\CyDmac.o .\CortexM3\ARM_GCC_541\Debug\CyFlash.o .\CortexM3\ARM_GCC_541\Debug\CyLib.o .\CortexM3\ARM_GCC_541\Debug\cyPm.o .\CortexM3\ARM_GCC_541\Debug\CySpc.o .\CortexM3\ARM_GCC_541\Debug\cyutils.o .\CortexM3\ARM_GCC_541\Debug\cy_em_eeprom.o .\CortexM3\ARM_GCC_541\Debug\UART.o .\CortexM3\ARM_GCC_541\Debug\UART_PM.o .\CortexM3\ARM_GCC_541\Debug\UART_INT.o .\CortexM3\ARM_GCC_541\Debug\UART_BOOT.o .\CortexM3\ARM_GCC_541\Debug\UART_IntClock.o .\CortexM3\ARM_GCC_541\Debug\Clock_1.o .\CortexM3\ARM_GCC_541\Debug\I2C.o .\CortexM3\ARM_GCC_541\Debug\I2C_BOOT.o .\CortexM3\ARM_GCC_541\Debug\I2C_INT.o .\CortexM3\ARM_GCC_541\Debug\I2C_PM.o .\CortexM3\ARM_GCC_541\Debug\I2C_SLAVE.o .\CortexM3\ARM_GCC_541\Debug\I2C_MASTER.o .\CortexM3\ARM_GCC_541\Debug\Timer.o .\CortexM3\ARM_GCC_541\Debug\Timer_PM.o .\CortexM3\ARM_GCC_541\Debug\timer_clock.o .\CortexM3\ARM_GCC_541\Debug\SPIM_led_control.o .\CortexM3\ARM_GCC_541\Debug\SPIM_led_control_PM.o .\CortexM3\ARM_GCC_541\Debug\SPIM_led_control_INT.o .\CortexM3\ARM_GCC_541\Debug\Pin_sclk.o .\CortexM3\ARM_GCC_541\Debug\Pin_latch.o .\CortexM3\ARM_GCC_541\Debug\Pin_mosi.o .\CortexM3\ARM_GCC_541\Debug\Clock_SPI.o .\CortexM3\ARM_GCC_541\Debug\Timer_led_updater.o .\CortexM3\ARM_GCC_541\Debug\Timer_led_updater_PM.o .\CortexM3\ARM_GCC_541\Debug\isr_update_leds.o .\CortexM3\ARM_GCC_541\Debug\photodiodes.o .\CortexM3\ARM_GCC_541\Debug\dacOut.o .\CortexM3\ARM_GCC_541\Debug\leds.o .\CortexM3\ARM_GCC_541\Debug\CupSensor_CupSensor.o .\CortexM3\ARM_GCC_541\Debug\CupSensor_CircularBuffer.o .\CortexM3\ARM_GCC_541\Debug\CupSensor_CupSensorUnit.o .\CortexM3\ARM_GCC_541\Debug\Test_time_pin.o .\CortexM3\ARM_GCC_541\Debug\CupSensor_TIA.o .\CortexM3\ARM_GCC_541\Debug\CupSensor_TIA_PM.o .\CortexM3\ARM_GCC_541\Debug\CupSensor_isr_DMA.o .\CortexM3\ARM_GCC_541\Debug\CupSensor_Control_Reg_Led.o .\CortexM3\ARM_GCC_541\Debug\CupSensor_Control_Reg_Led_PM.o .\CortexM3\ARM_GCC_541\Debug\CupSensor_VDAC8.o .\CortexM3\ARM_GCC_541\Debug\CupSensor_VDAC8_PM.o .\CortexM3\ARM_GCC_541\Debug\CupSensor_DMA_ADC_dma.o .\CortexM3\ARM_GCC_541\Debug\CupSensor_ADC_DelSig.o .\CortexM3\ARM_GCC_541\Debug\CupSensor_ADC_DelSig_PM.o .\CortexM3\ARM_GCC_541\Debug\CupSensor_ADC_DelSig_INT.o .\CortexM3\ARM_GCC_541\Debug\CupSensor_LED_clock.o .\CortexM3\ARM_GCC_541\Debug\CupSensor_ADC_DelSig_Ext_CP_Clk.o .\CortexM3\ARM_GCC_541\Debug\CupSensor_ADC_DelSig_IRQ.o .\CortexM3\ARM_GCC_541\Debug\CupSensor_ADC_DelSig_theACLK.o .\CortexM3\ARM_GCC_541\Debug\isr_BLINK_TIMER.o .\CortexM3\ARM_GCC_541\Debug\isr_UART.o .\CortexM3\ARM_GCC_541\Debug\test_LED.o .\CortexM3\ARM_GCC_541\Debug\CupSensor_ADC_DelSig_Bypass_P32.o .\CortexM3\ARM_GCC_541\Debug\CupSensor_Opamp_1.o .\CortexM3\ARM_GCC_541\Debug\CupSensor_Opamp_1_PM.o .\CortexM3\ARM_GCC_541\Debug\CyBootAsmGnu.o
arm-none-eabi-ar.exe: creating .\CortexM3\ARM_GCC_541\Debug\integration_all.a
arm-none-eabi-gcc.exe -Wl,--start-group -o "C:\Users\nikol\Documents\git\3. Semester\PRJ3\player_side_app\integration\integration\integration_all.cydsn\CortexM3\ARM_GCC_541\Debug\integration_all.elf" .\CortexM3\ARM_GCC_541\Debug\main.o .\CortexM3\ARM_GCC_541\Debug\RPI_IF.o .\CortexM3\ARM_GCC_541\Debug\CupLight_IF.o .\CortexM3\ARM_GCC_541\Debug\ShiftRegPWM.o .\CortexM3\ARM_GCC_541\Debug\CupSensor_IF.o .\CortexM3\ARM_GCC_541\Debug\GameController.o .\CortexM3\ARM_GCC_541\Debug\cyfitter_cfg.o .\CortexM3\ARM_GCC_541\Debug\cymetadata.o .\CortexM3\ARM_GCC_541\Debug\Cm3Start.o .\CortexM3\ARM_GCC_541\Debug\integration_all.a "C:\Program Files (x86)\Cypress\PSoC Creator\4.2\PSoC Creator\psoc\content\cycomponentlibrary\CyComponentLibrary.cylib\CortexM3\ARM_GCC_541\Debug\CyComponentLibrary.a" -mcpu=cortex-m3 -mthumb -L Generated_Source\PSoC5 -Wl,-Map,.\CortexM3\ARM_GCC_541\Debug/integration_all.map -T Generated_Source\PSoC5\cm3gcc.ld -specs=nano.specs -Wl,--gc-sections -g -ffunction-sections -Og -ffat-lto-objects -Wl,--end-group
cyelftool.exe -C "C:\Users\nikol\Documents\git\3. Semester\PRJ3\player_side_app\integration\integration\integration_all.cydsn\CortexM3\ARM_GCC_541\Debug\integration_all.elf" --flash_row_size 256 --flash_size 262144 --flash_offset 0x00000000
No ELF section .cychecksum found, creating one
Application checksum calculated and stored in ELF section .cychecksum
Checksum calculated and stored in ELF section .cymeta
cyelftool.exe -S "C:\Users\nikol\Documents\git\3. Semester\PRJ3\player_side_app\integration\integration\integration_all.cydsn\CortexM3\ARM_GCC_541\Debug\integration_all.elf"
Flash used: 28848 of 262144 bytes (11,0 %).
SRAM used: 17425 of 65536 bytes (26,6 %). Stack: 2048 bytes. Heap: 128 bytes.
--------------- Build Succeeded: 01/20/2019 13:57:18 ---------------
