ARM GAS  C:\Users\marti\AppData\Local\Temp\cc3zvEuJ.s 			page 1


   1              		.syntax unified
   2              		.cpu cortex-m3
   3              		.fpu softvfp
   4              		.eabi_attribute 20, 1
   5              		.eabi_attribute 21, 1
   6              		.eabi_attribute 23, 3
   7              		.eabi_attribute 24, 1
   8              		.eabi_attribute 25, 1
   9              		.eabi_attribute 26, 1
  10              		.eabi_attribute 30, 1
  11              		.eabi_attribute 34, 1
  12              		.eabi_attribute 18, 4
  13              		.thumb
  14              		.syntax unified
  15              		.file	"cymetadata.c"
  16              		.text
  17              	.Ltext0:
  18              		.cfi_sections	.debug_frame
  19              		.global	cy_metadata
  20              		.global	cy_meta_flashprotect
  21              		.global	cy_meta_wonvl
  22              		.global	cy_meta_custnvl
  23              		.global	cy_meta_configecc
  24              		.section	.cyconfigecc,"a",%progbits
  25              		.align	2
  26              		.type	cy_meta_configecc, %object
  27              		.size	cy_meta_configecc, 1752
  28              	cy_meta_configecc:
  29 0000 02       		.byte	2
  30 0001 4F       		.byte	79
  31 0002 00       		.byte	0
  32 0003 40       		.byte	64
  33 0004 03       		.byte	3
  34 0005 64       		.byte	100
  35 0006 00       		.byte	0
  36 0007 40       		.byte	64
  37 0008 02       		.byte	2
  38 0009 65       		.byte	101
  39 000a 00       		.byte	0
  40 000b 40       		.byte	64
  41 000c 52       		.byte	82
  42 000d 02       		.byte	2
  43 000e 01       		.byte	1
  44 000f 40       		.byte	64
  45 0010 32       		.byte	50
  46 0011 03       		.byte	3
  47 0012 01       		.byte	1
  48 0013 40       		.byte	64
  49 0014 61       		.byte	97
  50 0015 04       		.byte	4
  51 0016 01       		.byte	1
  52 0017 40       		.byte	64
  53 0018 45       		.byte	69
  54 0019 05       		.byte	5
  55 001a 01       		.byte	1
  56 001b 40       		.byte	64
  57 001c 44       		.byte	68
ARM GAS  C:\Users\marti\AppData\Local\Temp\cc3zvEuJ.s 			page 2


  58 001d 06       		.byte	6
  59 001e 01       		.byte	1
  60 001f 40       		.byte	64
  61 0020 47       		.byte	71
  62 0021 07       		.byte	7
  63 0022 01       		.byte	1
  64 0023 40       		.byte	64
  65 0024 02       		.byte	2
  66 0025 09       		.byte	9
  67 0026 01       		.byte	1
  68 0027 40       		.byte	64
  69 0028 04       		.byte	4
  70 0029 0A       		.byte	10
  71 002a 01       		.byte	1
  72 002b 40       		.byte	64
  73 002c 01       		.byte	1
  74 002d 0B       		.byte	11
  75 002e 01       		.byte	1
  76 002f 40       		.byte	64
  77 0030 10       		.byte	16
  78 0031 14       		.byte	20
  79 0032 01       		.byte	1
  80 0033 40       		.byte	64
  81 0034 3A       		.byte	58
  82 0035 15       		.byte	21
  83 0036 01       		.byte	1
  84 0037 40       		.byte	64
  85 0038 52       		.byte	82
  86 0039 16       		.byte	22
  87 003a 01       		.byte	1
  88 003b 40       		.byte	64
  89 003c 4A       		.byte	74
  90 003d 17       		.byte	23
  91 003e 01       		.byte	1
  92 003f 40       		.byte	64
  93 0040 01       		.byte	1
  94 0041 1B       		.byte	27
  95 0042 01       		.byte	1
  96 0043 40       		.byte	64
  97 0044 03       		.byte	3
  98 0045 40       		.byte	64
  99 0046 01       		.byte	1
 100 0047 40       		.byte	64
 101 0048 02       		.byte	2
 102 0049 41       		.byte	65
 103 004a 01       		.byte	1
 104 004b 40       		.byte	64
 105 004c 0A       		.byte	10
 106 004d 42       		.byte	66
 107 004e 01       		.byte	1
 108 004f 40       		.byte	64
 109 0050 07       		.byte	7
 110 0051 43       		.byte	67
 111 0052 01       		.byte	1
 112 0053 40       		.byte	64
 113 0054 02       		.byte	2
 114 0055 44       		.byte	68
ARM GAS  C:\Users\marti\AppData\Local\Temp\cc3zvEuJ.s 			page 3


 115 0056 01       		.byte	1
 116 0057 40       		.byte	64
 117 0058 01       		.byte	1
 118 0059 45       		.byte	69
 119 005a 01       		.byte	1
 120 005b 40       		.byte	64
 121 005c 01       		.byte	1
 122 005d 46       		.byte	70
 123 005e 01       		.byte	1
 124 005f 40       		.byte	64
 125 0060 02       		.byte	2
 126 0061 47       		.byte	71
 127 0062 01       		.byte	1
 128 0063 40       		.byte	64
 129 0064 05       		.byte	5
 130 0065 48       		.byte	72
 131 0066 01       		.byte	1
 132 0067 40       		.byte	64
 133 0068 0A       		.byte	10
 134 0069 49       		.byte	73
 135 006a 01       		.byte	1
 136 006b 40       		.byte	64
 137 006c 04       		.byte	4
 138 006d 4D       		.byte	77
 139 006e 01       		.byte	1
 140 006f 40       		.byte	64
 141 0070 05       		.byte	5
 142 0071 50       		.byte	80
 143 0072 01       		.byte	1
 144 0073 40       		.byte	64
 145 0074 02       		.byte	2
 146 0075 51       		.byte	81
 147 0076 01       		.byte	1
 148 0077 40       		.byte	64
 149 0078 01       		.byte	1
 150 0079 20       		.byte	32
 151 007a 0A       		.byte	10
 152 007b 4B       		.byte	75
 153 007c 24       		.byte	36
 154 007d 04       		.byte	4
 155 007e 83       		.byte	-125
 156 007f 07       		.byte	7
 157 0080 86       		.byte	-122
 158 0081 0F       		.byte	15
 159 0082 84       		.byte	-124
 160 0083 72       		.byte	114
 161 0084 86       		.byte	-122
 162 0085 38       		.byte	56
 163 0086 03       		.byte	3
 164 0087 20       		.byte	32
 165 0088 04       		.byte	4
 166 0089 02       		.byte	2
 167 008a 05       		.byte	5
 168 008b 02       		.byte	2
 169 008c 07       		.byte	7
 170 008d 0C       		.byte	12
 171 008e 14       		.byte	20
ARM GAS  C:\Users\marti\AppData\Local\Temp\cc3zvEuJ.s 			page 4


 172 008f 03       		.byte	3
 173 0090 15       		.byte	21
 174 0091 05       		.byte	5
 175 0092 17       		.byte	23
 176 0093 38       		.byte	56
 177 0094 19       		.byte	25
 178 0095 70       		.byte	112
 179 0096 1A       		.byte	26
 180 0097 01       		.byte	1
 181 0098 1B       		.byte	27
 182 0099 0D       		.byte	13
 183 009a 1F       		.byte	31
 184 009b 70       		.byte	112
 185 009c 24       		.byte	36
 186 009d 03       		.byte	3
 187 009e 29       		.byte	41
 188 009f 05       		.byte	5
 189 00a0 2B       		.byte	43
 190 00a1 58       		.byte	88
 191 00a2 31       		.byte	49
 192 00a3 03       		.byte	3
 193 00a4 33       		.byte	51
 194 00a5 3C       		.byte	60
 195 00a6 34       		.byte	52
 196 00a7 03       		.byte	3
 197 00a8 35       		.byte	53
 198 00a9 68       		.byte	104
 199 00aa 38       		.byte	56
 200 00ab 20       		.byte	32
 201 00ac 39       		.byte	57
 202 00ad 02       		.byte	2
 203 00ae 3B       		.byte	59
 204 00af 28       		.byte	40
 205 00b0 3E       		.byte	62
 206 00b1 10       		.byte	16
 207 00b2 40       		.byte	64
 208 00b3 02       		.byte	2
 209 00b4 47       		.byte	71
 210 00b5 40       		.byte	64
 211 00b6 49       		.byte	73
 212 00b7 FF       		.byte	-1
 213 00b8 4A       		.byte	74
 214 00b9 07       		.byte	7
 215 00ba 4B       		.byte	75
 216 00bb FF       		.byte	-1
 217 00bc 4C       		.byte	76
 218 00bd 40       		.byte	64
 219 00be 4D       		.byte	77
 220 00bf 20       		.byte	32
 221 00c0 4E       		.byte	78
 222 00c1 F0       		.byte	-16
 223 00c2 4F       		.byte	79
 224 00c3 05       		.byte	5
 225 00c4 50       		.byte	80
 226 00c5 08       		.byte	8
 227 00c6 58       		.byte	88
 228 00c7 04       		.byte	4
ARM GAS  C:\Users\marti\AppData\Local\Temp\cc3zvEuJ.s 			page 5


 229 00c8 59       		.byte	89
 230 00c9 04       		.byte	4
 231 00ca 5A       		.byte	90
 232 00cb 04       		.byte	4
 233 00cc 5C       		.byte	92
 234 00cd 10       		.byte	16
 235 00ce 5D       		.byte	93
 236 00cf 01       		.byte	1
 237 00d0 5F       		.byte	95
 238 00d1 01       		.byte	1
 239 00d2 60       		.byte	96
 240 00d3 40       		.byte	64
 241 00d4 61       		.byte	97
 242 00d5 A8       		.byte	-88
 243 00d6 62       		.byte	98
 244 00d7 40       		.byte	64
 245 00d8 63       		.byte	99
 246 00d9 20       		.byte	32
 247 00da 81       		.byte	-127
 248 00db 03       		.byte	3
 249 00dc 82       		.byte	-126
 250 00dd 17       		.byte	23
 251 00de 84       		.byte	-124
 252 00df 02       		.byte	2
 253 00e0 85       		.byte	-123
 254 00e1 03       		.byte	3
 255 00e2 86       		.byte	-122
 256 00e3 10       		.byte	16
 257 00e4 88       		.byte	-120
 258 00e5 07       		.byte	7
 259 00e6 89       		.byte	-119
 260 00e7 02       		.byte	2
 261 00e8 8A       		.byte	-118
 262 00e9 60       		.byte	96
 263 00ea 8C       		.byte	-116
 264 00eb 75       		.byte	117
 265 00ec 8D       		.byte	-115
 266 00ed 03       		.byte	3
 267 00ee 90       		.byte	-112
 268 00ef 12       		.byte	18
 269 00f0 91       		.byte	-111
 270 00f1 03       		.byte	3
 271 00f2 92       		.byte	-110
 272 00f3 45       		.byte	69
 273 00f4 94       		.byte	-108
 274 00f5 04       		.byte	4
 275 00f6 95       		.byte	-107
 276 00f7 03       		.byte	3
 277 00f8 98       		.byte	-104
 278 00f9 05       		.byte	5
 279 00fa 99       		.byte	-103
 280 00fb 03       		.byte	3
 281 00fc 9A       		.byte	-102
 282 00fd 32       		.byte	50
 283 00fe 9E       		.byte	-98
 284 00ff 08       		.byte	8
 285 0100 9F       		.byte	-97
ARM GAS  C:\Users\marti\AppData\Local\Temp\cc3zvEuJ.s 			page 6


 286 0101 01       		.byte	1
 287 0102 A2       		.byte	-94
 288 0103 01       		.byte	1
 289 0104 A3       		.byte	-93
 290 0105 03       		.byte	3
 291 0106 A4       		.byte	-92
 292 0107 05       		.byte	5
 293 0108 A7       		.byte	-89
 294 0109 04       		.byte	4
 295 010a A8       		.byte	-88
 296 010b 05       		.byte	5
 297 010c A9       		.byte	-87
 298 010d 03       		.byte	3
 299 010e AC       		.byte	-84
 300 010f 05       		.byte	5
 301 0110 AF       		.byte	-81
 302 0111 03       		.byte	3
 303 0112 B1       		.byte	-79
 304 0113 07       		.byte	7
 305 0114 B2       		.byte	-78
 306 0115 70       		.byte	112
 307 0116 B4       		.byte	-76
 308 0117 0F       		.byte	15
 309 0118 BA       		.byte	-70
 310 0119 20       		.byte	32
 311 011a BB       		.byte	-69
 312 011b 02       		.byte	2
 313 011c D6       		.byte	-42
 314 011d 02       		.byte	2
 315 011e D7       		.byte	-41
 316 011f 28       		.byte	40
 317 0120 D8       		.byte	-40
 318 0121 04       		.byte	4
 319 0122 D9       		.byte	-39
 320 0123 04       		.byte	4
 321 0124 DB       		.byte	-37
 322 0125 04       		.byte	4
 323 0126 DE       		.byte	-34
 324 0127 08       		.byte	8
 325 0128 DF       		.byte	-33
 326 0129 01       		.byte	1
 327 012a 02       		.byte	2
 328 012b 41       		.byte	65
 329 012c 03       		.byte	3
 330 012d 28       		.byte	40
 331 012e 07       		.byte	7
 332 012f 10       		.byte	16
 333 0130 08       		.byte	8
 334 0131 01       		.byte	1
 335 0132 0A       		.byte	10
 336 0133 44       		.byte	68
 337 0134 0B       		.byte	11
 338 0135 11       		.byte	17
 339 0136 0D       		.byte	13
 340 0137 10       		.byte	16
 341 0138 0E       		.byte	14
 342 0139 10       		.byte	16
ARM GAS  C:\Users\marti\AppData\Local\Temp\cc3zvEuJ.s 			page 7


 343 013a 0F       		.byte	15
 344 013b 04       		.byte	4
 345 013c 10       		.byte	16
 346 013d A8       		.byte	-88
 347 013e 11       		.byte	17
 348 013f 40       		.byte	64
 349 0140 17       		.byte	23
 350 0141 08       		.byte	8
 351 0142 19       		.byte	25
 352 0143 30       		.byte	48
 353 0144 1A       		.byte	26
 354 0145 04       		.byte	4
 355 0146 1B       		.byte	27
 356 0147 08       		.byte	8
 357 0148 1D       		.byte	29
 358 0149 20       		.byte	32
 359 014a 22       		.byte	34
 360 014b 01       		.byte	1
 361 014c 24       		.byte	36
 362 014d 28       		.byte	40
 363 014e 25       		.byte	37
 364 014f 04       		.byte	4
 365 0150 27       		.byte	39
 366 0151 58       		.byte	88
 367 0152 28       		.byte	40
 368 0153 41       		.byte	65
 369 0154 29       		.byte	41
 370 0155 04       		.byte	4
 371 0156 2B       		.byte	43
 372 0157 08       		.byte	8
 373 0158 2E       		.byte	46
 374 0159 10       		.byte	16
 375 015a 30       		.byte	48
 376 015b 88       		.byte	-120
 377 015c 31       		.byte	49
 378 015d 10       		.byte	16
 379 015e 32       		.byte	50
 380 015f 01       		.byte	1
 381 0160 37       		.byte	55
 382 0161 58       		.byte	88
 383 0162 39       		.byte	57
 384 0163 49       		.byte	73
 385 0164 3A       		.byte	58
 386 0165 01       		.byte	1
 387 0166 3B       		.byte	59
 388 0167 10       		.byte	16
 389 0168 3E       		.byte	62
 390 0169 02       		.byte	2
 391 016a 3F       		.byte	63
 392 016b 04       		.byte	4
 393 016c 45       		.byte	69
 394 016d 20       		.byte	32
 395 016e 4F       		.byte	79
 396 016f 04       		.byte	4
 397 0170 56       		.byte	86
 398 0171 02       		.byte	2
 399 0172 63       		.byte	99
ARM GAS  C:\Users\marti\AppData\Local\Temp\cc3zvEuJ.s 			page 8


 400 0173 20       		.byte	32
 401 0174 68       		.byte	104
 402 0175 28       		.byte	40
 403 0176 69       		.byte	105
 404 0177 48       		.byte	72
 405 0178 6A       		.byte	106
 406 0179 20       		.byte	32
 407 017a 79       		.byte	121
 408 017b 01       		.byte	1
 409 017c C0       		.byte	-64
 410 017d 2F       		.byte	47
 411 017e C2       		.byte	-62
 412 017f 6F       		.byte	111
 413 0180 C4       		.byte	-60
 414 0181 2F       		.byte	47
 415 0182 CA       		.byte	-54
 416 0183 2F       		.byte	47
 417 0184 CC       		.byte	-52
 418 0185 7F       		.byte	127
 419 0186 CE       		.byte	-50
 420 0187 CF       		.byte	-49
 421 0188 D0       		.byte	-48
 422 0189 20       		.byte	32
 423 018a D8       		.byte	-40
 424 018b 02       		.byte	2
 425 018c DE       		.byte	-34
 426 018d 01       		.byte	1
 427 018e 02       		.byte	2
 428 018f 6F       		.byte	111
 429 0190 03       		.byte	3
 430 0191 37       		.byte	55
 431 0192 04       		.byte	4
 432 0193 6C       		.byte	108
 433 0194 05       		.byte	5
 434 0195 05       		.byte	5
 435 0196 08       		.byte	8
 436 0197 25       		.byte	37
 437 0198 0A       		.byte	10
 438 0199 4A       		.byte	74
 439 019a 0B       		.byte	11
 440 019b 01       		.byte	1
 441 019c 0C       		.byte	12
 442 019d 03       		.byte	3
 443 019e 0D       		.byte	13
 444 019f 05       		.byte	5
 445 01a0 0E       		.byte	14
 446 01a1 10       		.byte	16
 447 01a2 11       		.byte	17
 448 01a3 06       		.byte	6
 449 01a4 12       		.byte	18
 450 01a5 01       		.byte	1
 451 01a6 13       		.byte	19
 452 01a7 08       		.byte	8
 453 01a8 14       		.byte	20
 454 01a9 49       		.byte	73
 455 01aa 15       		.byte	21
 456 01ab 13       		.byte	19
ARM GAS  C:\Users\marti\AppData\Local\Temp\cc3zvEuJ.s 			page 9


 457 01ac 16       		.byte	22
 458 01ad 26       		.byte	38
 459 01ae 17       		.byte	23
 460 01af 24       		.byte	36
 461 01b0 18       		.byte	24
 462 01b1 01       		.byte	1
 463 01b2 19       		.byte	25
 464 01b3 02       		.byte	2
 465 01b4 1C       		.byte	28
 466 01b5 03       		.byte	3
 467 01b6 1D       		.byte	29
 468 01b7 01       		.byte	1
 469 01b8 1E       		.byte	30
 470 01b9 1C       		.byte	28
 471 01ba 21       		.byte	33
 472 01bb 26       		.byte	38
 473 01bc 22       		.byte	34
 474 01bd 03       		.byte	3
 475 01be 23       		.byte	35
 476 01bf 19       		.byte	25
 477 01c0 24       		.byte	36
 478 01c1 6C       		.byte	108
 479 01c2 25       		.byte	37
 480 01c3 05       		.byte	5
 481 01c4 28       		.byte	40
 482 01c5 01       		.byte	1
 483 01c6 29       		.byte	41
 484 01c7 11       		.byte	17
 485 01c8 2B       		.byte	43
 486 01c9 26       		.byte	38
 487 01ca 2C       		.byte	44
 488 01cb 01       		.byte	1
 489 01cc 2D       		.byte	45
 490 01cd 01       		.byte	1
 491 01ce 31       		.byte	49
 492 01cf 0F       		.byte	15
 493 01d0 32       		.byte	50
 494 01d1 1F       		.byte	31
 495 01d2 34       		.byte	52
 496 01d3 60       		.byte	96
 497 01d4 37       		.byte	55
 498 01d5 30       		.byte	48
 499 01d6 3E       		.byte	62
 500 01d7 14       		.byte	20
 501 01d8 3F       		.byte	63
 502 01d9 41       		.byte	65
 503 01da 40       		.byte	64
 504 01db 65       		.byte	101
 505 01dc 44       		.byte	68
 506 01dd 03       		.byte	3
 507 01de 45       		.byte	69
 508 01df 0B       		.byte	11
 509 01e0 46       		.byte	70
 510 01e1 D0       		.byte	-48
 511 01e2 48       		.byte	72
 512 01e3 09       		.byte	9
 513 01e4 49       		.byte	73
ARM GAS  C:\Users\marti\AppData\Local\Temp\cc3zvEuJ.s 			page 10


 514 01e5 FF       		.byte	-1
 515 01e6 4A       		.byte	74
 516 01e7 7F       		.byte	127
 517 01e8 4B       		.byte	75
 518 01e9 FF       		.byte	-1
 519 01ea 4C       		.byte	76
 520 01eb 42       		.byte	66
 521 01ec 4D       		.byte	77
 522 01ed A0       		.byte	-96
 523 01ee 4E       		.byte	78
 524 01ef 70       		.byte	112
 525 01f0 50       		.byte	80
 526 01f1 0C       		.byte	12
 527 01f2 58       		.byte	88
 528 01f3 04       		.byte	4
 529 01f4 59       		.byte	89
 530 01f5 04       		.byte	4
 531 01f6 5A       		.byte	90
 532 01f7 04       		.byte	4
 533 01f8 5F       		.byte	95
 534 01f9 01       		.byte	1
 535 01fa 61       		.byte	97
 536 01fb 09       		.byte	9
 537 01fc 62       		.byte	98
 538 01fd 40       		.byte	64
 539 01fe 63       		.byte	99
 540 01ff 09       		.byte	9
 541 0200 64       		.byte	100
 542 0201 30       		.byte	48
 543 0202 65       		.byte	101
 544 0203 09       		.byte	9
 545 0204 81       		.byte	-127
 546 0205 10       		.byte	16
 547 0206 84       		.byte	-124
 548 0207 01       		.byte	1
 549 0208 85       		.byte	-123
 550 0209 1C       		.byte	28
 551 020a 87       		.byte	-121
 552 020b 02       		.byte	2
 553 020c 89       		.byte	-119
 554 020d 10       		.byte	16
 555 020e 8B       		.byte	-117
 556 020f 0C       		.byte	12
 557 0210 95       		.byte	-107
 558 0211 0C       		.byte	12
 559 0212 97       		.byte	-105
 560 0213 11       		.byte	17
 561 0214 99       		.byte	-103
 562 0215 20       		.byte	32
 563 0216 9B       		.byte	-101
 564 0217 03       		.byte	3
 565 0218 9D       		.byte	-99
 566 0219 09       		.byte	9
 567 021a 9F       		.byte	-97
 568 021b 10       		.byte	16
 569 021c A1       		.byte	-95
 570 021d 14       		.byte	20
ARM GAS  C:\Users\marti\AppData\Local\Temp\cc3zvEuJ.s 			page 11


 571 021e B3       		.byte	-77
 572 021f 1F       		.byte	31
 573 0220 B4       		.byte	-76
 574 0221 01       		.byte	1
 575 0222 B5       		.byte	-75
 576 0223 20       		.byte	32
 577 0224 BE       		.byte	-66
 578 0225 10       		.byte	16
 579 0226 BF       		.byte	-65
 580 0227 10       		.byte	16
 581 0228 C0       		.byte	-64
 582 0229 23       		.byte	35
 583 022a C1       		.byte	-63
 584 022b 06       		.byte	6
 585 022c C6       		.byte	-58
 586 022d EB       		.byte	-21
 587 022e C7       		.byte	-57
 588 022f C0       		.byte	-64
 589 0230 C8       		.byte	-56
 590 0231 2C       		.byte	44
 591 0232 C9       		.byte	-55
 592 0233 FF       		.byte	-1
 593 0234 CA       		.byte	-54
 594 0235 FF       		.byte	-1
 595 0236 CB       		.byte	-53
 596 0237 FF       		.byte	-1
 597 0238 CE       		.byte	-50
 598 0239 F0       		.byte	-16
 599 023a CF       		.byte	-49
 600 023b 44       		.byte	68
 601 023c D0       		.byte	-48
 602 023d 0C       		.byte	12
 603 023e D8       		.byte	-40
 604 023f 04       		.byte	4
 605 0240 D9       		.byte	-39
 606 0241 04       		.byte	4
 607 0242 DA       		.byte	-38
 608 0243 04       		.byte	4
 609 0244 DC       		.byte	-36
 610 0245 10       		.byte	16
 611 0246 DD       		.byte	-35
 612 0247 01       		.byte	1
 613 0248 DF       		.byte	-33
 614 0249 01       		.byte	1
 615 024a E6       		.byte	-26
 616 024b C0       		.byte	-64
 617 024c EA       		.byte	-22
 618 024d 40       		.byte	64
 619 024e EB       		.byte	-21
 620 024f 02       		.byte	2
 621 0250 01       		.byte	1
 622 0251 02       		.byte	2
 623 0252 02       		.byte	2
 624 0253 01       		.byte	1
 625 0254 03       		.byte	3
 626 0255 19       		.byte	25
 627 0256 06       		.byte	6
ARM GAS  C:\Users\marti\AppData\Local\Temp\cc3zvEuJ.s 			page 12


 628 0257 20       		.byte	32
 629 0258 08       		.byte	8
 630 0259 88       		.byte	-120
 631 025a 09       		.byte	9
 632 025b 02       		.byte	2
 633 025c 0A       		.byte	10
 634 025d 02       		.byte	2
 635 025e 0B       		.byte	11
 636 025f 08       		.byte	8
 637 0260 10       		.byte	16
 638 0261 40       		.byte	64
 639 0262 11       		.byte	17
 640 0263 40       		.byte	64
 641 0264 12       		.byte	18
 642 0265 64       		.byte	100
 643 0266 19       		.byte	25
 644 0267 14       		.byte	20
 645 0268 1E       		.byte	30
 646 0269 08       		.byte	8
 647 026a 20       		.byte	32
 648 026b 02       		.byte	2
 649 026c 22       		.byte	34
 650 026d 02       		.byte	2
 651 026e 24       		.byte	36
 652 026f 04       		.byte	4
 653 0270 27       		.byte	39
 654 0271 20       		.byte	32
 655 0272 28       		.byte	40
 656 0273 18       		.byte	24
 657 0274 29       		.byte	41
 658 0275 22       		.byte	34
 659 0276 2A       		.byte	42
 660 0277 04       		.byte	4
 661 0278 2B       		.byte	43
 662 0279 02       		.byte	2
 663 027a 2F       		.byte	47
 664 027b 80       		.byte	-128
 665 027c 30       		.byte	48
 666 027d A0       		.byte	-96
 667 027e 33       		.byte	51
 668 027f 29       		.byte	41
 669 0280 37       		.byte	55
 670 0281 68       		.byte	104
 671 0282 38       		.byte	56
 672 0283 02       		.byte	2
 673 0284 39       		.byte	57
 674 0285 48       		.byte	72
 675 0286 3B       		.byte	59
 676 0287 18       		.byte	24
 677 0288 3D       		.byte	61
 678 0289 28       		.byte	40
 679 028a 3E       		.byte	62
 680 028b 12       		.byte	18
 681 028c 43       		.byte	67
 682 028d 04       		.byte	4
 683 028e 44       		.byte	68
 684 028f 20       		.byte	32
ARM GAS  C:\Users\marti\AppData\Local\Temp\cc3zvEuJ.s 			page 13


 685 0290 45       		.byte	69
 686 0291 10       		.byte	16
 687 0292 48       		.byte	72
 688 0293 01       		.byte	1
 689 0294 49       		.byte	73
 690 0295 10       		.byte	16
 691 0296 4B       		.byte	75
 692 0297 04       		.byte	4
 693 0298 4C       		.byte	76
 694 0299 04       		.byte	4
 695 029a 51       		.byte	81
 696 029b 02       		.byte	2
 697 029c 52       		.byte	82
 698 029d 20       		.byte	32
 699 029e 53       		.byte	83
 700 029f 12       		.byte	18
 701 02a0 56       		.byte	86
 702 02a1 20       		.byte	32
 703 02a2 57       		.byte	87
 704 02a3 81       		.byte	-127
 705 02a4 58       		.byte	88
 706 02a5 10       		.byte	16
 707 02a6 5A       		.byte	90
 708 02a7 20       		.byte	32
 709 02a8 78       		.byte	120
 710 02a9 20       		.byte	32
 711 02aa 79       		.byte	121
 712 02ab 20       		.byte	32
 713 02ac 90       		.byte	-112
 714 02ad 28       		.byte	40
 715 02ae 91       		.byte	-111
 716 02af 68       		.byte	104
 717 02b0 92       		.byte	-110
 718 02b1 22       		.byte	34
 719 02b2 96       		.byte	-106
 720 02b3 50       		.byte	80
 721 02b4 97       		.byte	-105
 722 02b5 11       		.byte	17
 723 02b6 99       		.byte	-103
 724 02b7 20       		.byte	32
 725 02b8 9A       		.byte	-102
 726 02b9 02       		.byte	2
 727 02ba 9B       		.byte	-101
 728 02bb 48       		.byte	72
 729 02bc 9C       		.byte	-100
 730 02bd 40       		.byte	64
 731 02be 9D       		.byte	-99
 732 02bf 04       		.byte	4
 733 02c0 9E       		.byte	-98
 734 02c1 41       		.byte	65
 735 02c2 A1       		.byte	-95
 736 02c3 04       		.byte	4
 737 02c4 A3       		.byte	-93
 738 02c5 08       		.byte	8
 739 02c6 A4       		.byte	-92
 740 02c7 80       		.byte	-128
 741 02c8 A7       		.byte	-89
ARM GAS  C:\Users\marti\AppData\Local\Temp\cc3zvEuJ.s 			page 14


 742 02c9 30       		.byte	48
 743 02ca C0       		.byte	-64
 744 02cb 2F       		.byte	47
 745 02cc C2       		.byte	-62
 746 02cd 0F       		.byte	15
 747 02ce C4       		.byte	-60
 748 02cf 0F       		.byte	15
 749 02d0 CA       		.byte	-54
 750 02d1 8F       		.byte	-113
 751 02d2 CC       		.byte	-52
 752 02d3 7F       		.byte	127
 753 02d4 CE       		.byte	-50
 754 02d5 EF       		.byte	-17
 755 02d6 D0       		.byte	-48
 756 02d7 62       		.byte	98
 757 02d8 D2       		.byte	-46
 758 02d9 2C       		.byte	44
 759 02da 0F       		.byte	15
 760 02db 05       		.byte	5
 761 02dc 11       		.byte	17
 762 02dd 08       		.byte	8
 763 02de 12       		.byte	18
 764 02df 02       		.byte	2
 765 02e0 15       		.byte	21
 766 02e1 01       		.byte	1
 767 02e2 17       		.byte	23
 768 02e3 04       		.byte	4
 769 02e4 1B       		.byte	27
 770 02e5 05       		.byte	5
 771 02e6 26       		.byte	38
 772 02e7 01       		.byte	1
 773 02e8 29       		.byte	41
 774 02e9 04       		.byte	4
 775 02ea 2B       		.byte	43
 776 02eb 03       		.byte	3
 777 02ec 2F       		.byte	47
 778 02ed 05       		.byte	5
 779 02ee 30       		.byte	48
 780 02ef 02       		.byte	2
 781 02f0 31       		.byte	49
 782 02f1 04       		.byte	4
 783 02f2 32       		.byte	50
 784 02f3 01       		.byte	1
 785 02f4 33       		.byte	51
 786 02f5 02       		.byte	2
 787 02f6 35       		.byte	53
 788 02f7 01       		.byte	1
 789 02f8 37       		.byte	55
 790 02f9 0C       		.byte	12
 791 02fa 3F       		.byte	63
 792 02fb 10       		.byte	16
 793 02fc 54       		.byte	84
 794 02fd 01       		.byte	1
 795 02fe 58       		.byte	88
 796 02ff 04       		.byte	4
 797 0300 59       		.byte	89
 798 0301 04       		.byte	4
ARM GAS  C:\Users\marti\AppData\Local\Temp\cc3zvEuJ.s 			page 15


 799 0302 5B       		.byte	91
 800 0303 04       		.byte	4
 801 0304 5D       		.byte	93
 802 0305 10       		.byte	16
 803 0306 5F       		.byte	95
 804 0307 01       		.byte	1
 805 0308 82       		.byte	-126
 806 0309 44       		.byte	68
 807 030a 83       		.byte	-125
 808 030b 14       		.byte	20
 809 030c 84       		.byte	-124
 810 030d 03       		.byte	3
 811 030e 85       		.byte	-123
 812 030f 04       		.byte	4
 813 0310 86       		.byte	-122
 814 0311 80       		.byte	-128
 815 0312 88       		.byte	-120
 816 0313 15       		.byte	21
 817 0314 89       		.byte	-119
 818 0315 03       		.byte	3
 819 0316 8A       		.byte	-118
 820 0317 22       		.byte	34
 821 0318 8C       		.byte	-116
 822 0319 80       		.byte	-128
 823 031a 8D       		.byte	-115
 824 031b 04       		.byte	4
 825 031c 90       		.byte	-112
 826 031d 24       		.byte	36
 827 031e 91       		.byte	-111
 828 031f 66       		.byte	102
 829 0320 92       		.byte	-110
 830 0321 13       		.byte	19
 831 0322 93       		.byte	-109
 832 0323 08       		.byte	8
 833 0324 94       		.byte	-108
 834 0325 03       		.byte	3
 835 0326 95       		.byte	-107
 836 0327 25       		.byte	37
 837 0328 97       		.byte	-105
 838 0329 52       		.byte	82
 839 032a 99       		.byte	-103
 840 032b 04       		.byte	4
 841 032c 9C       		.byte	-100
 842 032d 04       		.byte	4
 843 032e 9F       		.byte	-97
 844 032f 01       		.byte	1
 845 0330 A2       		.byte	-94
 846 0331 30       		.byte	48
 847 0332 A3       		.byte	-93
 848 0333 77       		.byte	119
 849 0334 A5       		.byte	-91
 850 0335 63       		.byte	99
 851 0336 A7       		.byte	-89
 852 0337 80       		.byte	-128
 853 0338 A8       		.byte	-88
 854 0339 16       		.byte	22
 855 033a A9       		.byte	-87
ARM GAS  C:\Users\marti\AppData\Local\Temp\cc3zvEuJ.s 			page 16


 856 033b 46       		.byte	70
 857 033c AA       		.byte	-86
 858 033d 21       		.byte	33
 859 033e AB       		.byte	-85
 860 033f 39       		.byte	57
 861 0340 AE       		.byte	-82
 862 0341 08       		.byte	8
 863 0342 AF       		.byte	-81
 864 0343 04       		.byte	4
 865 0344 B0       		.byte	-80
 866 0345 0F       		.byte	15
 867 0346 B1       		.byte	-79
 868 0347 80       		.byte	-128
 869 0348 B4       		.byte	-76
 870 0349 70       		.byte	112
 871 034a B5       		.byte	-75
 872 034b 60       		.byte	96
 873 034c B6       		.byte	-74
 874 034d 80       		.byte	-128
 875 034e B7       		.byte	-73
 876 034f 1F       		.byte	31
 877 0350 B9       		.byte	-71
 878 0351 20       		.byte	32
 879 0352 BA       		.byte	-70
 880 0353 02       		.byte	2
 881 0354 BE       		.byte	-66
 882 0355 50       		.byte	80
 883 0356 BF       		.byte	-65
 884 0357 40       		.byte	64
 885 0358 D2       		.byte	-46
 886 0359 1D       		.byte	29
 887 035a D8       		.byte	-40
 888 035b 04       		.byte	4
 889 035c D9       		.byte	-39
 890 035d 04       		.byte	4
 891 035e DB       		.byte	-37
 892 035f 04       		.byte	4
 893 0360 DF       		.byte	-33
 894 0361 01       		.byte	1
 895 0362 00       		.byte	0
 896 0363 82       		.byte	-126
 897 0364 03       		.byte	3
 898 0365 38       		.byte	56
 899 0366 04       		.byte	4
 900 0367 02       		.byte	2
 901 0368 06       		.byte	6
 902 0369 40       		.byte	64
 903 036a 09       		.byte	9
 904 036b 40       		.byte	64
 905 036c 0A       		.byte	10
 906 036d 40       		.byte	64
 907 036e 0B       		.byte	11
 908 036f 20       		.byte	32
 909 0370 0F       		.byte	15
 910 0371 40       		.byte	64
 911 0372 10       		.byte	16
 912 0373 04       		.byte	4
ARM GAS  C:\Users\marti\AppData\Local\Temp\cc3zvEuJ.s 			page 17


 913 0374 12       		.byte	18
 914 0375 42       		.byte	66
 915 0376 17       		.byte	23
 916 0377 04       		.byte	4
 917 0378 18       		.byte	24
 918 0379 02       		.byte	2
 919 037a 19       		.byte	25
 920 037b 02       		.byte	2
 921 037c 1A       		.byte	26
 922 037d 40       		.byte	64
 923 037e 1B       		.byte	27
 924 037f 10       		.byte	16
 925 0380 1F       		.byte	31
 926 0381 05       		.byte	5
 927 0382 20       		.byte	32
 928 0383 80       		.byte	-128
 929 0384 23       		.byte	35
 930 0385 49       		.byte	73
 931 0386 24       		.byte	36
 932 0387 80       		.byte	-128
 933 0388 25       		.byte	37
 934 0389 60       		.byte	96
 935 038a 26       		.byte	38
 936 038b 08       		.byte	8
 937 038c 27       		.byte	39
 938 038d 01       		.byte	1
 939 038e 28       		.byte	40
 940 038f 04       		.byte	4
 941 0390 29       		.byte	41
 942 0391 32       		.byte	50
 943 0392 2B       		.byte	43
 944 0393 22       		.byte	34
 945 0394 2F       		.byte	47
 946 0395 05       		.byte	5
 947 0396 31       		.byte	49
 948 0397 40       		.byte	64
 949 0398 32       		.byte	50
 950 0399 10       		.byte	16
 951 039a 33       		.byte	51
 952 039b 09       		.byte	9
 953 039c 36       		.byte	54
 954 039d 08       		.byte	8
 955 039e 37       		.byte	55
 956 039f 12       		.byte	18
 957 03a0 38       		.byte	56
 958 03a1 02       		.byte	2
 959 03a2 39       		.byte	57
 960 03a3 48       		.byte	72
 961 03a4 3B       		.byte	59
 962 03a5 20       		.byte	32
 963 03a6 3C       		.byte	60
 964 03a7 80       		.byte	-128
 965 03a8 40       		.byte	64
 966 03a9 20       		.byte	32
 967 03aa 43       		.byte	67
 968 03ab 08       		.byte	8
 969 03ac 5D       		.byte	93
ARM GAS  C:\Users\marti\AppData\Local\Temp\cc3zvEuJ.s 			page 18


 970 03ad 10       		.byte	16
 971 03ae 5E       		.byte	94
 972 03af 89       		.byte	-119
 973 03b0 68       		.byte	104
 974 03b1 A0       		.byte	-96
 975 03b2 6B       		.byte	107
 976 03b3 02       		.byte	2
 977 03b4 71       		.byte	113
 978 03b5 40       		.byte	64
 979 03b6 83       		.byte	-125
 980 03b7 40       		.byte	64
 981 03b8 86       		.byte	-122
 982 03b9 21       		.byte	33
 983 03ba 90       		.byte	-112
 984 03bb 28       		.byte	40
 985 03bc 91       		.byte	-111
 986 03bd 68       		.byte	104
 987 03be 92       		.byte	-110
 988 03bf 20       		.byte	32
 989 03c0 93       		.byte	-109
 990 03c1 24       		.byte	36
 991 03c2 94       		.byte	-108
 992 03c3 02       		.byte	2
 993 03c4 96       		.byte	-106
 994 03c5 50       		.byte	80
 995 03c6 97       		.byte	-105
 996 03c7 11       		.byte	17
 997 03c8 98       		.byte	-104
 998 03c9 80       		.byte	-128
 999 03ca 99       		.byte	-103
 1000 03cb 20       		.byte	32
 1001 03cc 9A       		.byte	-102
 1002 03cd 20       		.byte	32
 1003 03ce 9B       		.byte	-101
 1004 03cf 40       		.byte	64
 1005 03d0 9D       		.byte	-99
 1006 03d1 02       		.byte	2
 1007 03d2 9E       		.byte	-98
 1008 03d3 40       		.byte	64
 1009 03d4 9F       		.byte	-97
 1010 03d5 15       		.byte	21
 1011 03d6 A2       		.byte	-94
 1012 03d7 06       		.byte	6
 1013 03d8 A3       		.byte	-93
 1014 03d9 0B       		.byte	11
 1015 03da A4       		.byte	-92
 1016 03db A0       		.byte	-96
 1017 03dc A7       		.byte	-89
 1018 03dd 10       		.byte	16
 1019 03de B4       		.byte	-76
 1020 03df 04       		.byte	4
 1021 03e0 C0       		.byte	-64
 1022 03e1 0F       		.byte	15
 1023 03e2 C2       		.byte	-62
 1024 03e3 1D       		.byte	29
 1025 03e4 C4       		.byte	-60
 1026 03e5 2B       		.byte	43
ARM GAS  C:\Users\marti\AppData\Local\Temp\cc3zvEuJ.s 			page 19


 1027 03e6 CA       		.byte	-54
 1028 03e7 3F       		.byte	63
 1029 03e8 CC       		.byte	-52
 1030 03e9 EF       		.byte	-17
 1031 03ea CE       		.byte	-50
 1032 03eb 1F       		.byte	31
 1033 03ec D6       		.byte	-42
 1034 03ed F0       		.byte	-16
 1035 03ee EE       		.byte	-18
 1036 03ef 08       		.byte	8
 1037 03f0 AF       		.byte	-81
 1038 03f1 20       		.byte	32
 1039 03f2 EC       		.byte	-20
 1040 03f3 40       		.byte	64
 1041 03f4 B8       		.byte	-72
 1042 03f5 20       		.byte	32
 1043 03f6 BE       		.byte	-66
 1044 03f7 10       		.byte	16
 1045 03f8 D8       		.byte	-40
 1046 03f9 04       		.byte	4
 1047 03fa DF       		.byte	-33
 1048 03fb 01       		.byte	1
 1049 03fc 1F       		.byte	31
 1050 03fd 20       		.byte	32
 1051 03fe 83       		.byte	-125
 1052 03ff 02       		.byte	2
 1053 0400 86       		.byte	-122
 1054 0401 01       		.byte	1
 1055 0402 8B       		.byte	-117
 1056 0403 01       		.byte	1
 1057 0404 9E       		.byte	-98
 1058 0405 01       		.byte	1
 1059 0406 A6       		.byte	-90
 1060 0407 02       		.byte	2
 1061 0408 AA       		.byte	-86
 1062 0409 02       		.byte	2
 1063 040a B0       		.byte	-80
 1064 040b 02       		.byte	2
 1065 040c B2       		.byte	-78
 1066 040d 01       		.byte	1
 1067 040e B3       		.byte	-77
 1068 040f 01       		.byte	1
 1069 0410 B5       		.byte	-75
 1070 0411 02       		.byte	2
 1071 0412 BA       		.byte	-70
 1072 0413 80       		.byte	-128
 1073 0414 BE       		.byte	-66
 1074 0415 05       		.byte	5
 1075 0416 D8       		.byte	-40
 1076 0417 04       		.byte	4
 1077 0418 D9       		.byte	-39
 1078 0419 04       		.byte	4
 1079 041a DC       		.byte	-36
 1080 041b 01       		.byte	1
 1081 041c DF       		.byte	-33
 1082 041d 01       		.byte	1
 1083 041e 00       		.byte	0
ARM GAS  C:\Users\marti\AppData\Local\Temp\cc3zvEuJ.s 			page 20


 1084 041f 04       		.byte	4
 1085 0420 03       		.byte	3
 1086 0421 88       		.byte	-120
 1087 0422 06       		.byte	6
 1088 0423 10       		.byte	16
 1089 0424 0A       		.byte	10
 1090 0425 02       		.byte	2
 1091 0426 0B       		.byte	11
 1092 0427 90       		.byte	-112
 1093 0428 0E       		.byte	14
 1094 0429 01       		.byte	1
 1095 042a 10       		.byte	16
 1096 042b A8       		.byte	-88
 1097 042c 13       		.byte	19
 1098 042d 80       		.byte	-128
 1099 042e 16       		.byte	22
 1100 042f 04       		.byte	4
 1101 0430 17       		.byte	23
 1102 0431 08       		.byte	8
 1103 0432 18       		.byte	24
 1104 0433 04       		.byte	4
 1105 0434 19       		.byte	25
 1106 0435 21       		.byte	33
 1107 0436 1A       		.byte	26
 1108 0437 01       		.byte	1
 1109 0438 1B       		.byte	27
 1110 0439 08       		.byte	8
 1111 043a 1F       		.byte	31
 1112 043b 45       		.byte	69
 1113 043c 21       		.byte	33
 1114 043d 10       		.byte	16
 1115 043e 22       		.byte	34
 1116 043f 01       		.byte	1
 1117 0440 23       		.byte	35
 1118 0441 1A       		.byte	26
 1119 0442 27       		.byte	39
 1120 0443 14       		.byte	20
 1121 0444 29       		.byte	41
 1122 0445 60       		.byte	96
 1123 0446 2B       		.byte	43
 1124 0447 A0       		.byte	-96
 1125 0448 31       		.byte	49
 1126 0449 18       		.byte	24
 1127 044a 32       		.byte	50
 1128 044b 41       		.byte	65
 1129 044c 38       		.byte	56
 1130 044d 28       		.byte	40
 1131 044e 3B       		.byte	59
 1132 044f 80       		.byte	-128
 1133 0450 3F       		.byte	63
 1134 0451 21       		.byte	33
 1135 0452 40       		.byte	64
 1136 0453 10       		.byte	16
 1137 0454 41       		.byte	65
 1138 0455 10       		.byte	16
 1139 0456 43       		.byte	67
 1140 0457 80       		.byte	-128
ARM GAS  C:\Users\marti\AppData\Local\Temp\cc3zvEuJ.s 			page 21


 1141 0458 49       		.byte	73
 1142 0459 10       		.byte	16
 1143 045a 4B       		.byte	75
 1144 045b 90       		.byte	-112
 1145 045c 52       		.byte	82
 1146 045d 14       		.byte	20
 1147 045e 59       		.byte	89
 1148 045f 01       		.byte	1
 1149 0460 69       		.byte	105
 1150 0461 54       		.byte	84
 1151 0462 70       		.byte	112
 1152 0463 BC       		.byte	-68
 1153 0464 71       		.byte	113
 1154 0465 40       		.byte	64
 1155 0466 83       		.byte	-125
 1156 0467 11       		.byte	17
 1157 0468 8C       		.byte	-116
 1158 0469 01       		.byte	1
 1159 046a 8D       		.byte	-115
 1160 046b 08       		.byte	8
 1161 046c 8F       		.byte	-113
 1162 046d 80       		.byte	-128
 1163 046e 90       		.byte	-112
 1164 046f 10       		.byte	16
 1165 0470 92       		.byte	-110
 1166 0471 80       		.byte	-128
 1167 0472 94       		.byte	-108
 1168 0473 01       		.byte	1
 1169 0474 95       		.byte	-107
 1170 0475 54       		.byte	84
 1171 0476 97       		.byte	-105
 1172 0477 0A       		.byte	10
 1173 0478 9F       		.byte	-97
 1174 0479 16       		.byte	22
 1175 047a A3       		.byte	-93
 1176 047b A0       		.byte	-96
 1177 047c B0       		.byte	-80
 1178 047d 01       		.byte	1
 1179 047e B1       		.byte	-79
 1180 047f 08       		.byte	8
 1181 0480 C0       		.byte	-64
 1182 0481 2E       		.byte	46
 1183 0482 C2       		.byte	-62
 1184 0483 8D       		.byte	-115
 1185 0484 C4       		.byte	-60
 1186 0485 6F       		.byte	111
 1187 0486 CA       		.byte	-54
 1188 0487 0F       		.byte	15
 1189 0488 CC       		.byte	-52
 1190 0489 0F       		.byte	15
 1191 048a CE       		.byte	-50
 1192 048b AE       		.byte	-82
 1193 048c D0       		.byte	-48
 1194 048d 0E       		.byte	14
 1195 048e D2       		.byte	-46
 1196 048f 0C       		.byte	12
 1197 0490 D6       		.byte	-42
ARM GAS  C:\Users\marti\AppData\Local\Temp\cc3zvEuJ.s 			page 22


 1198 0491 01       		.byte	1
 1199 0492 02       		.byte	2
 1200 0493 08       		.byte	8
 1201 0494 04       		.byte	4
 1202 0495 13       		.byte	19
 1203 0496 05       		.byte	5
 1204 0497 3C       		.byte	60
 1205 0498 06       		.byte	6
 1206 0499 04       		.byte	4
 1207 049a 08       		.byte	8
 1208 049b 0A       		.byte	10
 1209 049c 09       		.byte	9
 1210 049d 03       		.byte	3
 1211 049e 0A       		.byte	10
 1212 049f 14       		.byte	20
 1213 04a0 0D       		.byte	13
 1214 04a1 02       		.byte	2
 1215 04a2 0F       		.byte	15
 1216 04a3 4C       		.byte	76
 1217 04a4 11       		.byte	17
 1218 04a5 FF       		.byte	-1
 1219 04a6 14       		.byte	20
 1220 04a7 13       		.byte	19
 1221 04a8 15       		.byte	21
 1222 04a9 B0       		.byte	-80
 1223 04aa 16       		.byte	22
 1224 04ab 0C       		.byte	12
 1225 04ac 17       		.byte	23
 1226 04ad 03       		.byte	3
 1227 04ae 19       		.byte	25
 1228 04af C0       		.byte	-64
 1229 04b0 1B       		.byte	27
 1230 04b1 14       		.byte	20
 1231 04b2 1C       		.byte	28
 1232 04b3 03       		.byte	3
 1233 04b4 1E       		.byte	30
 1234 04b5 14       		.byte	20
 1235 04b6 21       		.byte	33
 1236 04b7 E8       		.byte	-24
 1237 04b8 23       		.byte	35
 1238 04b9 14       		.byte	20
 1239 04ba 25       		.byte	37
 1240 04bb 4C       		.byte	76
 1241 04bc 27       		.byte	39
 1242 04bd 01       		.byte	1
 1243 04be 29       		.byte	41
 1244 04bf 14       		.byte	20
 1245 04c0 2A       		.byte	42
 1246 04c1 15       		.byte	21
 1247 04c2 2B       		.byte	43
 1248 04c3 E8       		.byte	-24
 1249 04c4 30       		.byte	48
 1250 04c5 10       		.byte	16
 1251 04c6 32       		.byte	50
 1252 04c7 0F       		.byte	15
 1253 04c8 35       		.byte	53
 1254 04c9 FF       		.byte	-1
ARM GAS  C:\Users\marti\AppData\Local\Temp\cc3zvEuJ.s 			page 23


 1255 04ca 39       		.byte	57
 1256 04cb 20       		.byte	32
 1257 04cc 3A       		.byte	58
 1258 04cd 08       		.byte	8
 1259 04ce 3E       		.byte	62
 1260 04cf 01       		.byte	1
 1261 04d0 54       		.byte	84
 1262 04d1 18       		.byte	24
 1263 04d2 56       		.byte	86
 1264 04d3 04       		.byte	4
 1265 04d4 58       		.byte	88
 1266 04d5 04       		.byte	4
 1267 04d6 59       		.byte	89
 1268 04d7 04       		.byte	4
 1269 04d8 5B       		.byte	91
 1270 04d9 04       		.byte	4
 1271 04da 5C       		.byte	92
 1272 04db 01       		.byte	1
 1273 04dc 5D       		.byte	93
 1274 04dd 10       		.byte	16
 1275 04de 5F       		.byte	95
 1276 04df 01       		.byte	1
 1277 04e0 80       		.byte	-128
 1278 04e1 22       		.byte	34
 1279 04e2 82       		.byte	-126
 1280 04e3 51       		.byte	81
 1281 04e4 85       		.byte	-123
 1282 04e5 10       		.byte	16
 1283 04e6 87       		.byte	-121
 1284 04e7 60       		.byte	96
 1285 04e8 89       		.byte	-119
 1286 04e9 06       		.byte	6
 1287 04ea 8B       		.byte	-117
 1288 04eb 09       		.byte	9
 1289 04ec 8C       		.byte	-116
 1290 04ed 80       		.byte	-128
 1291 04ee 8F       		.byte	-113
 1292 04ef 80       		.byte	-128
 1293 04f0 90       		.byte	-112
 1294 04f1 01       		.byte	1
 1295 04f2 91       		.byte	-111
 1296 04f3 1F       		.byte	31
 1297 04f4 92       		.byte	-110
 1298 04f5 0E       		.byte	14
 1299 04f6 93       		.byte	-109
 1300 04f7 40       		.byte	64
 1301 04f8 95       		.byte	-107
 1302 04f9 20       		.byte	32
 1303 04fa 97       		.byte	-105
 1304 04fb 10       		.byte	16
 1305 04fc 98       		.byte	-104
 1306 04fd 44       		.byte	68
 1307 04fe 99       		.byte	-103
 1308 04ff 02       		.byte	2
 1309 0500 9A       		.byte	-102
 1310 0501 31       		.byte	49
 1311 0502 9B       		.byte	-101
ARM GAS  C:\Users\marti\AppData\Local\Temp\cc3zvEuJ.s 			page 24


 1312 0503 34       		.byte	52
 1313 0504 9F       		.byte	-97
 1314 0505 08       		.byte	8
 1315 0506 A1       		.byte	-95
 1316 0507 04       		.byte	4
 1317 0508 A3       		.byte	-93
 1318 0509 32       		.byte	50
 1319 050a A4       		.byte	-92
 1320 050b E7       		.byte	-25
 1321 050c A7       		.byte	-89
 1322 050d 01       		.byte	1
 1323 050e A8       		.byte	-88
 1324 050f E7       		.byte	-25
 1325 0510 A9       		.byte	-87
 1326 0511 02       		.byte	2
 1327 0512 AB       		.byte	-85
 1328 0513 34       		.byte	52
 1329 0514 AF       		.byte	-81
 1330 0515 30       		.byte	48
 1331 0516 B0       		.byte	-80
 1332 0517 07       		.byte	7
 1333 0518 B2       		.byte	-78
 1334 0519 18       		.byte	24
 1335 051a B3       		.byte	-77
 1336 051b 0F       		.byte	15
 1337 051c B4       		.byte	-76
 1338 051d 60       		.byte	96
 1339 051e B5       		.byte	-75
 1340 051f 70       		.byte	112
 1341 0520 B6       		.byte	-74
 1342 0521 80       		.byte	-128
 1343 0522 B7       		.byte	-73
 1344 0523 80       		.byte	-128
 1345 0524 BB       		.byte	-69
 1346 0525 20       		.byte	32
 1347 0526 BE       		.byte	-66
 1348 0527 04       		.byte	4
 1349 0528 D4       		.byte	-44
 1350 0529 20       		.byte	32
 1351 052a D6       		.byte	-42
 1352 052b 04       		.byte	4
 1353 052c D8       		.byte	-40
 1354 052d 04       		.byte	4
 1355 052e D9       		.byte	-39
 1356 052f 04       		.byte	4
 1357 0530 DB       		.byte	-37
 1358 0531 04       		.byte	4
 1359 0532 DC       		.byte	-36
 1360 0533 01       		.byte	1
 1361 0534 DF       		.byte	-33
 1362 0535 01       		.byte	1
 1363 0536 00       		.byte	0
 1364 0537 01       		.byte	1
 1365 0538 01       		.byte	1
 1366 0539 40       		.byte	64
 1367 053a 04       		.byte	4
 1368 053b 28       		.byte	40
ARM GAS  C:\Users\marti\AppData\Local\Temp\cc3zvEuJ.s 			page 25


 1369 053c 07       		.byte	7
 1370 053d 40       		.byte	64
 1371 053e 0A       		.byte	10
 1372 053f 44       		.byte	68
 1373 0540 0E       		.byte	14
 1374 0541 10       		.byte	16
 1375 0542 0F       		.byte	15
 1376 0543 02       		.byte	2
 1377 0544 11       		.byte	17
 1378 0545 14       		.byte	20
 1379 0546 15       		.byte	21
 1380 0547 20       		.byte	32
 1381 0548 18       		.byte	24
 1382 0549 10       		.byte	16
 1383 054a 1A       		.byte	26
 1384 054b C4       		.byte	-60
 1385 054c 1B       		.byte	27
 1386 054d A0       		.byte	-96
 1387 054e 1E       		.byte	30
 1388 054f 90       		.byte	-112
 1389 0550 20       		.byte	32
 1390 0551 06       		.byte	6
 1391 0552 21       		.byte	33
 1392 0553 08       		.byte	8
 1393 0554 22       		.byte	34
 1394 0555 90       		.byte	-112
 1395 0556 23       		.byte	35
 1396 0557 10       		.byte	16
 1397 0558 25       		.byte	37
 1398 0559 10       		.byte	16
 1399 055a 29       		.byte	41
 1400 055b 02       		.byte	2
 1401 055c 2A       		.byte	42
 1402 055d 40       		.byte	64
 1403 055e 2B       		.byte	43
 1404 055f 18       		.byte	24
 1405 0560 2C       		.byte	44
 1406 0561 04       		.byte	4
 1407 0562 2D       		.byte	45
 1408 0563 02       		.byte	2
 1409 0564 2E       		.byte	46
 1410 0565 08       		.byte	8
 1411 0566 31       		.byte	49
 1412 0567 10       		.byte	16
 1413 0568 32       		.byte	50
 1414 0569 80       		.byte	-128
 1415 056a 33       		.byte	51
 1416 056b 05       		.byte	5
 1417 056c 34       		.byte	52
 1418 056d 20       		.byte	32
 1419 056e 37       		.byte	55
 1420 056f 09       		.byte	9
 1421 0570 38       		.byte	56
 1422 0571 84       		.byte	-124
 1423 0572 3B       		.byte	59
 1424 0573 20       		.byte	32
 1425 0574 3C       		.byte	60
ARM GAS  C:\Users\marti\AppData\Local\Temp\cc3zvEuJ.s 			page 26


 1426 0575 80       		.byte	-128
 1427 0576 3D       		.byte	61
 1428 0577 20       		.byte	32
 1429 0578 3F       		.byte	63
 1430 0579 04       		.byte	4
 1431 057a 42       		.byte	66
 1432 057b 08       		.byte	8
 1433 057c 43       		.byte	67
 1434 057d 10       		.byte	16
 1435 057e 4F       		.byte	79
 1436 057f 30       		.byte	48
 1437 0580 58       		.byte	88
 1438 0581 81       		.byte	-127
 1439 0582 5A       		.byte	90
 1440 0583 20       		.byte	32
 1441 0584 5F       		.byte	95
 1442 0585 02       		.byte	2
 1443 0586 61       		.byte	97
 1444 0587 20       		.byte	32
 1445 0588 63       		.byte	99
 1446 0589 80       		.byte	-128
 1447 058a 67       		.byte	103
 1448 058b 4A       		.byte	74
 1449 058c 87       		.byte	-121
 1450 058d 40       		.byte	64
 1451 058e 8D       		.byte	-115
 1452 058f 10       		.byte	16
 1453 0590 90       		.byte	-112
 1454 0591 A8       		.byte	-88
 1455 0592 91       		.byte	-111
 1456 0593 20       		.byte	32
 1457 0594 93       		.byte	-109
 1458 0595 24       		.byte	36
 1459 0596 96       		.byte	-106
 1460 0597 10       		.byte	16
 1461 0598 97       		.byte	-105
 1462 0599 10       		.byte	16
 1463 059a 98       		.byte	-104
 1464 059b A4       		.byte	-92
 1465 059c 99       		.byte	-103
 1466 059d 12       		.byte	18
 1467 059e 9A       		.byte	-102
 1468 059f 40       		.byte	64
 1469 05a0 9B       		.byte	-101
 1470 05a1 49       		.byte	73
 1471 05a2 9F       		.byte	-97
 1472 05a3 14       		.byte	20
 1473 05a4 A0       		.byte	-96
 1474 05a5 40       		.byte	64
 1475 05a6 A1       		.byte	-95
 1476 05a7 20       		.byte	32
 1477 05a8 A3       		.byte	-93
 1478 05a9 09       		.byte	9
 1479 05aa A4       		.byte	-92
 1480 05ab 01       		.byte	1
 1481 05ac A6       		.byte	-90
 1482 05ad 40       		.byte	64
ARM GAS  C:\Users\marti\AppData\Local\Temp\cc3zvEuJ.s 			page 27


 1483 05ae A7       		.byte	-89
 1484 05af 40       		.byte	64
 1485 05b0 AD       		.byte	-83
 1486 05b1 10       		.byte	16
 1487 05b2 AF       		.byte	-81
 1488 05b3 01       		.byte	1
 1489 05b4 B3       		.byte	-77
 1490 05b5 08       		.byte	8
 1491 05b6 C0       		.byte	-64
 1492 05b7 79       		.byte	121
 1493 05b8 C2       		.byte	-62
 1494 05b9 AA       		.byte	-86
 1495 05ba C4       		.byte	-60
 1496 05bb 46       		.byte	70
 1497 05bc CA       		.byte	-54
 1498 05bd EF       		.byte	-17
 1499 05be CC       		.byte	-52
 1500 05bf EF       		.byte	-17
 1501 05c0 CE       		.byte	-50
 1502 05c1 7E       		.byte	126
 1503 05c2 D6       		.byte	-42
 1504 05c3 8D       		.byte	-115
 1505 05c4 D8       		.byte	-40
 1506 05c5 B5       		.byte	-75
 1507 05c6 E6       		.byte	-26
 1508 05c7 10       		.byte	16
 1509 05c8 EE       		.byte	-18
 1510 05c9 80       		.byte	-128
 1511 05ca E6       		.byte	-26
 1512 05cb 10       		.byte	16
 1513 05cc 31       		.byte	49
 1514 05cd 20       		.byte	32
 1515 05ce 36       		.byte	54
 1516 05cf 40       		.byte	64
 1517 05d0 CC       		.byte	-52
 1518 05d1 30       		.byte	48
 1519 05d2 A5       		.byte	-91
 1520 05d3 20       		.byte	32
 1521 05d4 A6       		.byte	-90
 1522 05d5 40       		.byte	64
 1523 05d6 1B       		.byte	27
 1524 05d7 04       		.byte	4
 1525 05d8 3F       		.byte	63
 1526 05d9 08       		.byte	8
 1527 05da 50       		.byte	80
 1528 05db 80       		.byte	-128
 1529 05dc 63       		.byte	99
 1530 05dd 02       		.byte	2
 1531 05de A5       		.byte	-91
 1532 05df 20       		.byte	32
 1533 05e0 A6       		.byte	-90
 1534 05e1 40       		.byte	64
 1535 05e2 C6       		.byte	-58
 1536 05e3 10       		.byte	16
 1537 05e4 CE       		.byte	-50
 1538 05e5 80       		.byte	-128
 1539 05e6 D4       		.byte	-44
ARM GAS  C:\Users\marti\AppData\Local\Temp\cc3zvEuJ.s 			page 28


 1540 05e7 20       		.byte	32
 1541 05e8 D6       		.byte	-42
 1542 05e9 40       		.byte	64
 1543 05ea 81       		.byte	-127
 1544 05eb 20       		.byte	32
 1545 05ec A4       		.byte	-92
 1546 05ed 80       		.byte	-128
 1547 05ee A5       		.byte	-91
 1548 05ef 20       		.byte	32
 1549 05f0 A6       		.byte	-90
 1550 05f1 40       		.byte	64
 1551 05f2 AF       		.byte	-81
 1552 05f3 01       		.byte	1
 1553 05f4 E2       		.byte	-30
 1554 05f5 20       		.byte	32
 1555 05f6 EE       		.byte	-18
 1556 05f7 10       		.byte	16
 1557 05f8 71       		.byte	113
 1558 05f9 01       		.byte	1
 1559 05fa DC       		.byte	-36
 1560 05fb 01       		.byte	1
 1561 05fc 9D       		.byte	-99
 1562 05fd 01       		.byte	1
 1563 05fe 9D       		.byte	-99
 1564 05ff 01       		.byte	1
 1565 0600 B5       		.byte	-75
 1566 0601 01       		.byte	1
 1567 0602 EC       		.byte	-20
 1568 0603 02       		.byte	2
 1569 0604 86       		.byte	-122
 1570 0605 40       		.byte	64
 1571 0606 8F       		.byte	-113
 1572 0607 80       		.byte	-128
 1573 0608 A6       		.byte	-90
 1574 0609 40       		.byte	64
 1575 060a B0       		.byte	-80
 1576 060b 80       		.byte	-128
 1577 060c E6       		.byte	-26
 1578 060d 40       		.byte	64
 1579 060e 12       		.byte	18
 1580 060f 20       		.byte	32
 1581 0610 17       		.byte	23
 1582 0611 04       		.byte	4
 1583 0612 77       		.byte	119
 1584 0613 80       		.byte	-128
 1585 0614 82       		.byte	-126
 1586 0615 20       		.byte	32
 1587 0616 83       		.byte	-125
 1588 0617 04       		.byte	4
 1589 0618 9B       		.byte	-101
 1590 0619 80       		.byte	-128
 1591 061a C4       		.byte	-60
 1592 061b 30       		.byte	48
 1593 061c DE       		.byte	-34
 1594 061d 20       		.byte	32
 1595 061e E0       		.byte	-32
 1596 061f 80       		.byte	-128
ARM GAS  C:\Users\marti\AppData\Local\Temp\cc3zvEuJ.s 			page 29


 1597 0620 E4       		.byte	-28
 1598 0621 80       		.byte	-128
 1599 0622 10       		.byte	16
 1600 0623 20       		.byte	32
 1601 0624 8C       		.byte	-116
 1602 0625 20       		.byte	32
 1603 0626 C4       		.byte	-60
 1604 0627 08       		.byte	8
 1605 0628 E6       		.byte	-26
 1606 0629 08       		.byte	8
 1607 062a 00       		.byte	0
 1608 062b 03       		.byte	3
 1609 062c 08       		.byte	8
 1610 062d 03       		.byte	3
 1611 062e 0A       		.byte	10
 1612 062f 03       		.byte	3
 1613 0630 10       		.byte	16
 1614 0631 03       		.byte	3
 1615 0632 1A       		.byte	26
 1616 0633 03       		.byte	3
 1617 0634 00       		.byte	0
 1618 0635 0F       		.byte	15
 1619 0636 04       		.byte	4
 1620 0637 0C       		.byte	12
 1621 0638 02       		.byte	2
 1622 0639 01       		.byte	1
 1623 063a 00       		.byte	0
 1624 063b 00       		.byte	0
 1625 063c 43       		.byte	67
 1626 063d 00       		.byte	0
 1627 063e 00       		.byte	0
 1628 063f 00       		.byte	0
 1629 0640 00       		.byte	0
 1630 0641 00       		.byte	0
 1631 0642 03       		.byte	3
 1632 0643 00       		.byte	0
 1633 0644 3C       		.byte	60
 1634 0645 0C       		.byte	12
 1635 0646 82       		.byte	-126
 1636 0647 00       		.byte	0
 1637 0648 00       		.byte	0
 1638 0649 04       		.byte	4
 1639 064a 04       		.byte	4
 1640 064b 00       		.byte	0
 1641 064c 00       		.byte	0
 1642 064d FF       		.byte	-1
 1643 064e 00       		.byte	0
 1644 064f 00       		.byte	0
 1645 0650 BF       		.byte	-65
 1646 0651 0F       		.byte	15
 1647 0652 00       		.byte	0
 1648 0653 F0       		.byte	-16
 1649 0654 A7       		.byte	-89
 1650 0655 41       		.byte	65
 1651 0656 18       		.byte	24
 1652 0657 00       		.byte	0
 1653 0658 00       		.byte	0
ARM GAS  C:\Users\marti\AppData\Local\Temp\cc3zvEuJ.s 			page 30


 1654 0659 F3       		.byte	-13
 1655 065a 00       		.byte	0
 1656 065b 0C       		.byte	12
 1657 065c 3C       		.byte	60
 1658 065d C3       		.byte	-61
 1659 065e 81       		.byte	-127
 1660 065f 00       		.byte	0
 1661 0660 10       		.byte	16
 1662 0661 00       		.byte	0
 1663 0662 00       		.byte	0
 1664 0663 F3       		.byte	-13
 1665 0664 08       		.byte	8
 1666 0665 82       		.byte	-126
 1667 0666 00       		.byte	0
 1668 0667 00       		.byte	0
 1669 0668 18       		.byte	24
 1670 0669 1C       		.byte	28
 1671 066a 00       		.byte	0
 1672 066b E3       		.byte	-29
 1673 066c 04       		.byte	4
 1674 066d 08       		.byte	8
 1675 066e 40       		.byte	64
 1676 066f 00       		.byte	0
 1677 0670 20       		.byte	32
 1678 0671 2C       		.byte	44
 1679 0672 40       		.byte	64
 1680 0673 0F       		.byte	15
 1681 0674 1F       		.byte	31
 1682 0675 1C       		.byte	28
 1683 0676 80       		.byte	-128
 1684 0677 C0       		.byte	-64
 1685 0678 80       		.byte	-128
 1686 0679 00       		.byte	0
 1687 067a 20       		.byte	32
 1688 067b 0A       		.byte	10
 1689 067c 00       		.byte	0
 1690 067d 00       		.byte	0
 1691 067e 01       		.byte	1
 1692 067f 00       		.byte	0
 1693 0680 61       		.byte	97
 1694 0681 05       		.byte	5
 1695 0682 02       		.byte	2
 1696 0683 00       		.byte	0
 1697 0684 03       		.byte	3
 1698 0685 00       		.byte	0
 1699 0686 E0       		.byte	-32
 1700 0687 0C       		.byte	12
 1701 0688 18       		.byte	24
 1702 0689 FF       		.byte	-1
 1703 068a FF       		.byte	-1
 1704 068b FF       		.byte	-1
 1705 068c 62       		.byte	98
 1706 068d A0       		.byte	-96
 1707 068e F0       		.byte	-16
 1708 068f 41       		.byte	65
 1709 0690 0C       		.byte	12
 1710 0691 00       		.byte	0
ARM GAS  C:\Users\marti\AppData\Local\Temp\cc3zvEuJ.s 			page 31


 1711 0692 00       		.byte	0
 1712 0693 00       		.byte	0
 1713 0694 00       		.byte	0
 1714 0695 00       		.byte	0
 1715 0696 02       		.byte	2
 1716 0697 13       		.byte	19
 1717 0698 04       		.byte	4
 1718 0699 04       		.byte	4
 1719 069a 04       		.byte	4
 1720 069b 04       		.byte	4
 1721 069c 11       		.byte	17
 1722 069d 11       		.byte	17
 1723 069e 00       		.byte	0
 1724 069f 01       		.byte	1
 1725 06a0 00       		.byte	0
 1726 06a1 00       		.byte	0
 1727 06a2 00       		.byte	0
 1728 06a3 00       		.byte	0
 1729 06a4 00       		.byte	0
 1730 06a5 00       		.byte	0
 1731 06a6 40       		.byte	64
 1732 06a7 02       		.byte	2
 1733 06a8 00       		.byte	0
 1734 06a9 10       		.byte	16
 1735 06aa 30       		.byte	48
 1736 06ab 10       		.byte	16
 1737 06ac 00       		.byte	0
 1738 06ad 10       		.byte	16
 1739 06ae 10       		.byte	16
 1740 06af 12       		.byte	18
 1741 06b0 00       		.byte	0
 1742 06b1 00       		.byte	0
 1743 06b2 00       		.byte	0
 1744 06b3 00       		.byte	0
 1745 06b4 00       		.byte	0
 1746 06b5 00       		.byte	0
 1747 06b6 00       		.byte	0
 1748 06b7 00       		.byte	0
 1749 06b8 00       		.byte	0
 1750 06b9 00       		.byte	0
 1751 06ba 00       		.byte	0
 1752 06bb 00       		.byte	0
 1753 06bc 00       		.byte	0
 1754 06bd 00       		.byte	0
 1755 06be 00       		.byte	0
 1756 06bf 00       		.byte	0
 1757 06c0 83       		.byte	-125
 1758 06c1 00       		.byte	0
 1759 06c2 40       		.byte	64
 1760 06c3 80       		.byte	-128
 1761 06c4 83       		.byte	-125
 1762 06c5 00       		.byte	0
 1763 06c6 83       		.byte	-125
 1764 06c7 00       		.byte	0
 1765 06c8 00       		.byte	0
 1766 06c9 00       		.byte	0
 1767 06ca 00       		.byte	0
ARM GAS  C:\Users\marti\AppData\Local\Temp\cc3zvEuJ.s 			page 32


 1768 06cb 00       		.byte	0
 1769 06cc 20       		.byte	32
 1770 06cd 00       		.byte	0
 1771 06ce 00       		.byte	0
 1772 06cf 0B       		.byte	11
 1773 06d0 2B       		.byte	43
 1774 06d1 00       		.byte	0
 1775 06d2 00       		.byte	0
 1776 06d3 00       		.byte	0
 1777 06d4 00       		.byte	0
 1778 06d5 00       		.byte	0
 1779 06d6 00       		.byte	0
 1780 06d7 00       		.byte	0
 1781              		.section	.cywolatch,"a",%progbits
 1782              		.align	2
 1783              		.type	cy_meta_wonvl, %object
 1784              		.size	cy_meta_wonvl, 4
 1785              	cy_meta_wonvl:
 1786 0000 BC       		.byte	-68
 1787 0001 90       		.byte	-112
 1788 0002 AC       		.byte	-84
 1789 0003 AF       		.byte	-81
 1790              		.section	.cycustnvl,"a",%progbits
 1791              		.align	2
 1792              		.type	cy_meta_custnvl, %object
 1793              		.size	cy_meta_custnvl, 4
 1794              	cy_meta_custnvl:
 1795 0000 00       		.byte	0
 1796 0001 00       		.byte	0
 1797 0002 40       		.byte	64
 1798 0003 05       		.byte	5
 1799              		.section	.cymeta,"a",%progbits
 1800              		.align	2
 1801              		.type	cy_metadata, %object
 1802              		.size	cy_metadata, 12
 1803              	cy_metadata:
 1804 0000 00       		.byte	0
 1805 0001 01       		.byte	1
 1806 0002 2E       		.byte	46
 1807 0003 16       		.byte	22
 1808 0004 10       		.byte	16
 1809 0005 69       		.byte	105
 1810 0006 00       		.byte	0
 1811 0007 01       		.byte	1
 1812 0008 00       		.byte	0
 1813 0009 00       		.byte	0
 1814 000a 00       		.byte	0
 1815 000b 00       		.byte	0
 1816              		.section	.cyflashprotect,"a",%progbits
 1817              		.align	2
 1818              		.type	cy_meta_flashprotect, %object
 1819              		.size	cy_meta_flashprotect, 256
 1820              	cy_meta_flashprotect:
 1821 0000 00000000 		.space	256
 1821      00000000 
 1821      00000000 
 1821      00000000 
ARM GAS  C:\Users\marti\AppData\Local\Temp\cc3zvEuJ.s 			page 33


 1821      00000000 
 1822              		.text
 1823              	.Letext0:
 1824              		.file 1 "c:\\program files (x86)\\cypress\\psoc creator\\4.2\\psoc creator\\import\\gnu\\arm\\5.4.
 1825              		.file 2 "c:\\program files (x86)\\cypress\\psoc creator\\4.2\\psoc creator\\import\\gnu\\arm\\5.4.
 1826              		.file 3 "Generated_Source\\PSoC5\\cymetadata.c"
 1827              		.section	.debug_info,"",%progbits
 1828              	.Ldebug_info0:
 1829 0000 35010000 		.4byte	0x135
 1830 0004 0400     		.2byte	0x4
 1831 0006 00000000 		.4byte	.Ldebug_abbrev0
 1832 000a 04       		.byte	0x4
 1833 000b 01       		.uleb128 0x1
 1834 000c 24000000 		.4byte	.LASF17
 1835 0010 0C       		.byte	0xc
 1836 0011 EF010000 		.4byte	.LASF18
 1837 0015 E7000000 		.4byte	.LASF19
 1838 0019 00000000 		.4byte	.Ldebug_line0
 1839 001d 02       		.uleb128 0x2
 1840 001e 01       		.byte	0x1
 1841 001f 06       		.byte	0x6
 1842 0020 E3010000 		.4byte	.LASF0
 1843 0024 03       		.uleb128 0x3
 1844 0025 00000000 		.4byte	.LASF9
 1845 0029 01       		.byte	0x1
 1846 002a 1D       		.byte	0x1d
 1847 002b 2F000000 		.4byte	0x2f
 1848 002f 02       		.uleb128 0x2
 1849 0030 01       		.byte	0x1
 1850 0031 08       		.byte	0x8
 1851 0032 16000000 		.4byte	.LASF1
 1852 0036 02       		.uleb128 0x2
 1853 0037 02       		.byte	0x2
 1854 0038 05       		.byte	0x5
 1855 0039 D0010000 		.4byte	.LASF2
 1856 003d 02       		.uleb128 0x2
 1857 003e 02       		.byte	0x2
 1858 003f 07       		.byte	0x7
 1859 0040 C4000000 		.4byte	.LASF3
 1860 0044 02       		.uleb128 0x2
 1861 0045 04       		.byte	0x4
 1862 0046 05       		.byte	0x5
 1863 0047 DA010000 		.4byte	.LASF4
 1864 004b 02       		.uleb128 0x2
 1865 004c 04       		.byte	0x4
 1866 004d 07       		.byte	0x7
 1867 004e B2000000 		.4byte	.LASF5
 1868 0052 02       		.uleb128 0x2
 1869 0053 08       		.byte	0x8
 1870 0054 05       		.byte	0x5
 1871 0055 C2010000 		.4byte	.LASF6
 1872 0059 02       		.uleb128 0x2
 1873 005a 08       		.byte	0x8
 1874 005b 07       		.byte	0x7
 1875 005c 77010000 		.4byte	.LASF7
 1876 0060 04       		.uleb128 0x4
 1877 0061 04       		.byte	0x4
ARM GAS  C:\Users\marti\AppData\Local\Temp\cc3zvEuJ.s 			page 34


 1878 0062 05       		.byte	0x5
 1879 0063 696E7400 		.ascii	"int\000"
 1880 0067 02       		.uleb128 0x2
 1881 0068 04       		.byte	0x4
 1882 0069 07       		.byte	0x7
 1883 006a 6A010000 		.4byte	.LASF8
 1884 006e 03       		.uleb128 0x3
 1885 006f 8E010000 		.4byte	.LASF10
 1886 0073 02       		.byte	0x2
 1887 0074 18       		.byte	0x18
 1888 0075 24000000 		.4byte	0x24
 1889 0079 05       		.uleb128 0x5
 1890 007a 91000000 		.4byte	0x91
 1891 007e 8A000000 		.4byte	0x8a
 1892 0082 06       		.uleb128 0x6
 1893 0083 8A000000 		.4byte	0x8a
 1894 0087 D706     		.2byte	0x6d7
 1895 0089 00       		.byte	0
 1896 008a 02       		.uleb128 0x2
 1897 008b 04       		.byte	0x4
 1898 008c 07       		.byte	0x7
 1899 008d B9010000 		.4byte	.LASF11
 1900 0091 07       		.uleb128 0x7
 1901 0092 6E000000 		.4byte	0x6e
 1902 0096 08       		.uleb128 0x8
 1903 0097 58010000 		.4byte	.LASF12
 1904 009b 03       		.byte	0x3
 1905 009c 1F       		.byte	0x1f
 1906 009d A7000000 		.4byte	0xa7
 1907 00a1 05       		.uleb128 0x5
 1908 00a2 03       		.byte	0x3
 1909 00a3 00000000 		.4byte	cy_meta_configecc
 1910 00a7 07       		.uleb128 0x7
 1911 00a8 79000000 		.4byte	0x79
 1912 00ac 05       		.uleb128 0x5
 1913 00ad 91000000 		.4byte	0x91
 1914 00b1 BC000000 		.4byte	0xbc
 1915 00b5 09       		.uleb128 0x9
 1916 00b6 8A000000 		.4byte	0x8a
 1917 00ba 03       		.byte	0x3
 1918 00bb 00       		.byte	0
 1919 00bc 0A       		.uleb128 0xa
 1920 00bd D7000000 		.4byte	.LASF13
 1921 00c1 03       		.byte	0x3
 1922 00c2 0701     		.2byte	0x107
 1923 00c4 CE000000 		.4byte	0xce
 1924 00c8 05       		.uleb128 0x5
 1925 00c9 03       		.byte	0x3
 1926 00ca 00000000 		.4byte	cy_meta_custnvl
 1927 00ce 07       		.uleb128 0x7
 1928 00cf AC000000 		.4byte	0xac
 1929 00d3 0A       		.uleb128 0xa
 1930 00d4 AB010000 		.4byte	.LASF14
 1931 00d8 03       		.byte	0x3
 1932 00d9 1501     		.2byte	0x115
 1933 00db E5000000 		.4byte	0xe5
 1934 00df 05       		.uleb128 0x5
ARM GAS  C:\Users\marti\AppData\Local\Temp\cc3zvEuJ.s 			page 35


 1935 00e0 03       		.byte	0x3
 1936 00e1 00000000 		.4byte	cy_meta_wonvl
 1937 00e5 07       		.uleb128 0x7
 1938 00e6 AC000000 		.4byte	0xac
 1939 00ea 05       		.uleb128 0x5
 1940 00eb 91000000 		.4byte	0x91
 1941 00ef FA000000 		.4byte	0xfa
 1942 00f3 09       		.uleb128 0x9
 1943 00f4 8A000000 		.4byte	0x8a
 1944 00f8 FF       		.byte	0xff
 1945 00f9 00       		.byte	0
 1946 00fa 0A       		.uleb128 0xa
 1947 00fb 96010000 		.4byte	.LASF15
 1948 00ff 03       		.byte	0x3
 1949 0100 2301     		.2byte	0x123
 1950 0102 0C010000 		.4byte	0x10c
 1951 0106 05       		.uleb128 0x5
 1952 0107 03       		.byte	0x3
 1953 0108 00000000 		.4byte	cy_meta_flashprotect
 1954 010c 07       		.uleb128 0x7
 1955 010d EA000000 		.4byte	0xea
 1956 0111 05       		.uleb128 0x5
 1957 0112 91000000 		.4byte	0x91
 1958 0116 21010000 		.4byte	0x121
 1959 011a 09       		.uleb128 0x9
 1960 011b 8A000000 		.4byte	0x8a
 1961 011f 0B       		.byte	0xb
 1962 0120 00       		.byte	0
 1963 0121 0A       		.uleb128 0xa
 1964 0122 0A000000 		.4byte	.LASF16
 1965 0126 03       		.byte	0x3
 1966 0127 5001     		.2byte	0x150
 1967 0129 33010000 		.4byte	0x133
 1968 012d 05       		.uleb128 0x5
 1969 012e 03       		.byte	0x3
 1970 012f 00000000 		.4byte	cy_metadata
 1971 0133 07       		.uleb128 0x7
 1972 0134 11010000 		.4byte	0x111
 1973 0138 00       		.byte	0
 1974              		.section	.debug_abbrev,"",%progbits
 1975              	.Ldebug_abbrev0:
 1976 0000 01       		.uleb128 0x1
 1977 0001 11       		.uleb128 0x11
 1978 0002 01       		.byte	0x1
 1979 0003 25       		.uleb128 0x25
 1980 0004 0E       		.uleb128 0xe
 1981 0005 13       		.uleb128 0x13
 1982 0006 0B       		.uleb128 0xb
 1983 0007 03       		.uleb128 0x3
 1984 0008 0E       		.uleb128 0xe
 1985 0009 1B       		.uleb128 0x1b
 1986 000a 0E       		.uleb128 0xe
 1987 000b 10       		.uleb128 0x10
 1988 000c 17       		.uleb128 0x17
 1989 000d 00       		.byte	0
 1990 000e 00       		.byte	0
 1991 000f 02       		.uleb128 0x2
ARM GAS  C:\Users\marti\AppData\Local\Temp\cc3zvEuJ.s 			page 36


 1992 0010 24       		.uleb128 0x24
 1993 0011 00       		.byte	0
 1994 0012 0B       		.uleb128 0xb
 1995 0013 0B       		.uleb128 0xb
 1996 0014 3E       		.uleb128 0x3e
 1997 0015 0B       		.uleb128 0xb
 1998 0016 03       		.uleb128 0x3
 1999 0017 0E       		.uleb128 0xe
 2000 0018 00       		.byte	0
 2001 0019 00       		.byte	0
 2002 001a 03       		.uleb128 0x3
 2003 001b 16       		.uleb128 0x16
 2004 001c 00       		.byte	0
 2005 001d 03       		.uleb128 0x3
 2006 001e 0E       		.uleb128 0xe
 2007 001f 3A       		.uleb128 0x3a
 2008 0020 0B       		.uleb128 0xb
 2009 0021 3B       		.uleb128 0x3b
 2010 0022 0B       		.uleb128 0xb
 2011 0023 49       		.uleb128 0x49
 2012 0024 13       		.uleb128 0x13
 2013 0025 00       		.byte	0
 2014 0026 00       		.byte	0
 2015 0027 04       		.uleb128 0x4
 2016 0028 24       		.uleb128 0x24
 2017 0029 00       		.byte	0
 2018 002a 0B       		.uleb128 0xb
 2019 002b 0B       		.uleb128 0xb
 2020 002c 3E       		.uleb128 0x3e
 2021 002d 0B       		.uleb128 0xb
 2022 002e 03       		.uleb128 0x3
 2023 002f 08       		.uleb128 0x8
 2024 0030 00       		.byte	0
 2025 0031 00       		.byte	0
 2026 0032 05       		.uleb128 0x5
 2027 0033 01       		.uleb128 0x1
 2028 0034 01       		.byte	0x1
 2029 0035 49       		.uleb128 0x49
 2030 0036 13       		.uleb128 0x13
 2031 0037 01       		.uleb128 0x1
 2032 0038 13       		.uleb128 0x13
 2033 0039 00       		.byte	0
 2034 003a 00       		.byte	0
 2035 003b 06       		.uleb128 0x6
 2036 003c 21       		.uleb128 0x21
 2037 003d 00       		.byte	0
 2038 003e 49       		.uleb128 0x49
 2039 003f 13       		.uleb128 0x13
 2040 0040 2F       		.uleb128 0x2f
 2041 0041 05       		.uleb128 0x5
 2042 0042 00       		.byte	0
 2043 0043 00       		.byte	0
 2044 0044 07       		.uleb128 0x7
 2045 0045 26       		.uleb128 0x26
 2046 0046 00       		.byte	0
 2047 0047 49       		.uleb128 0x49
 2048 0048 13       		.uleb128 0x13
ARM GAS  C:\Users\marti\AppData\Local\Temp\cc3zvEuJ.s 			page 37


 2049 0049 00       		.byte	0
 2050 004a 00       		.byte	0
 2051 004b 08       		.uleb128 0x8
 2052 004c 34       		.uleb128 0x34
 2053 004d 00       		.byte	0
 2054 004e 03       		.uleb128 0x3
 2055 004f 0E       		.uleb128 0xe
 2056 0050 3A       		.uleb128 0x3a
 2057 0051 0B       		.uleb128 0xb
 2058 0052 3B       		.uleb128 0x3b
 2059 0053 0B       		.uleb128 0xb
 2060 0054 49       		.uleb128 0x49
 2061 0055 13       		.uleb128 0x13
 2062 0056 3F       		.uleb128 0x3f
 2063 0057 19       		.uleb128 0x19
 2064 0058 02       		.uleb128 0x2
 2065 0059 18       		.uleb128 0x18
 2066 005a 00       		.byte	0
 2067 005b 00       		.byte	0
 2068 005c 09       		.uleb128 0x9
 2069 005d 21       		.uleb128 0x21
 2070 005e 00       		.byte	0
 2071 005f 49       		.uleb128 0x49
 2072 0060 13       		.uleb128 0x13
 2073 0061 2F       		.uleb128 0x2f
 2074 0062 0B       		.uleb128 0xb
 2075 0063 00       		.byte	0
 2076 0064 00       		.byte	0
 2077 0065 0A       		.uleb128 0xa
 2078 0066 34       		.uleb128 0x34
 2079 0067 00       		.byte	0
 2080 0068 03       		.uleb128 0x3
 2081 0069 0E       		.uleb128 0xe
 2082 006a 3A       		.uleb128 0x3a
 2083 006b 0B       		.uleb128 0xb
 2084 006c 3B       		.uleb128 0x3b
 2085 006d 05       		.uleb128 0x5
 2086 006e 49       		.uleb128 0x49
 2087 006f 13       		.uleb128 0x13
 2088 0070 3F       		.uleb128 0x3f
 2089 0071 19       		.uleb128 0x19
 2090 0072 02       		.uleb128 0x2
 2091 0073 18       		.uleb128 0x18
 2092 0074 00       		.byte	0
 2093 0075 00       		.byte	0
 2094 0076 00       		.byte	0
 2095              		.section	.debug_aranges,"",%progbits
 2096 0000 14000000 		.4byte	0x14
 2097 0004 0200     		.2byte	0x2
 2098 0006 00000000 		.4byte	.Ldebug_info0
 2099 000a 04       		.byte	0x4
 2100 000b 00       		.byte	0
 2101 000c 0000     		.2byte	0
 2102 000e 0000     		.2byte	0
 2103 0010 00000000 		.4byte	0
 2104 0014 00000000 		.4byte	0
 2105              		.section	.debug_line,"",%progbits
ARM GAS  C:\Users\marti\AppData\Local\Temp\cc3zvEuJ.s 			page 38


 2106              	.Ldebug_line0:
 2107 0000 3D010000 		.section	.debug_str,"MS",%progbits,1
 2107      02003701 
 2107      00000201 
 2107      FB0E0D00 
 2107      01010101 
 2108              	.LASF9:
 2109 0000 5F5F7569 		.ascii	"__uint8_t\000"
 2109      6E74385F 
 2109      7400
 2110              	.LASF16:
 2111 000a 63795F6D 		.ascii	"cy_metadata\000"
 2111      65746164 
 2111      61746100 
 2112              	.LASF1:
 2113 0016 756E7369 		.ascii	"unsigned char\000"
 2113      676E6564 
 2113      20636861 
 2113      7200
 2114              	.LASF17:
 2115 0024 474E5520 		.ascii	"GNU C11 5.4.1 20160609 (release) [ARM/embedded-5-br"
 2115      43313120 
 2115      352E342E 
 2115      31203230 
 2115      31363036 
 2116 0057 616E6368 		.ascii	"anch revision 237715] -mcpu=cortex-m3 -mthumb -g -O"
 2116      20726576 
 2116      6973696F 
 2116      6E203233 
 2116      37373135 
 2117 008a 67202D66 		.ascii	"g -ffunction-sections -ffat-lto-objects\000"
 2117      66756E63 
 2117      74696F6E 
 2117      2D736563 
 2117      74696F6E 
 2118              	.LASF5:
 2119 00b2 6C6F6E67 		.ascii	"long unsigned int\000"
 2119      20756E73 
 2119      69676E65 
 2119      6420696E 
 2119      7400
 2120              	.LASF3:
 2121 00c4 73686F72 		.ascii	"short unsigned int\000"
 2121      7420756E 
 2121      7369676E 
 2121      65642069 
 2121      6E7400
 2122              	.LASF13:
 2123 00d7 63795F6D 		.ascii	"cy_meta_custnvl\000"
 2123      6574615F 
 2123      63757374 
 2123      6E766C00 
 2124              	.LASF19:
 2125 00e7 433A5C55 		.ascii	"C:\\Users\\marti\\OneDrive\\Dokumenter\\3 semester "
 2125      73657273 
 2125      5C6D6172 
 2125      74695C4F 
ARM GAS  C:\Users\marti\AppData\Local\Temp\cc3zvEuJ.s 			page 39


 2125      6E654472 
 2126 0115 7265706F 		.ascii	"repos\\player_side_app\\rpi_Boundary\\PlayerSide_sl"
 2126      735C706C 
 2126      61796572 
 2126      5F736964 
 2126      655F6170 
 2127 0145 6176655C 		.ascii	"ave\\Design01.cydsn\000"
 2127      44657369 
 2127      676E3031 
 2127      2E637964 
 2127      736E00
 2128              	.LASF12:
 2129 0158 63795F6D 		.ascii	"cy_meta_configecc\000"
 2129      6574615F 
 2129      636F6E66 
 2129      69676563 
 2129      6300
 2130              	.LASF8:
 2131 016a 756E7369 		.ascii	"unsigned int\000"
 2131      676E6564 
 2131      20696E74 
 2131      00
 2132              	.LASF7:
 2133 0177 6C6F6E67 		.ascii	"long long unsigned int\000"
 2133      206C6F6E 
 2133      6720756E 
 2133      7369676E 
 2133      65642069 
 2134              	.LASF10:
 2135 018e 75696E74 		.ascii	"uint8_t\000"
 2135      385F7400 
 2136              	.LASF15:
 2137 0196 63795F6D 		.ascii	"cy_meta_flashprotect\000"
 2137      6574615F 
 2137      666C6173 
 2137      6870726F 
 2137      74656374 
 2138              	.LASF14:
 2139 01ab 63795F6D 		.ascii	"cy_meta_wonvl\000"
 2139      6574615F 
 2139      776F6E76 
 2139      6C00
 2140              	.LASF11:
 2141 01b9 73697A65 		.ascii	"sizetype\000"
 2141      74797065 
 2141      00
 2142              	.LASF6:
 2143 01c2 6C6F6E67 		.ascii	"long long int\000"
 2143      206C6F6E 
 2143      6720696E 
 2143      7400
 2144              	.LASF2:
 2145 01d0 73686F72 		.ascii	"short int\000"
 2145      7420696E 
 2145      7400
 2146              	.LASF4:
 2147 01da 6C6F6E67 		.ascii	"long int\000"
ARM GAS  C:\Users\marti\AppData\Local\Temp\cc3zvEuJ.s 			page 40


 2147      20696E74 
 2147      00
 2148              	.LASF0:
 2149 01e3 7369676E 		.ascii	"signed char\000"
 2149      65642063 
 2149      68617200 
 2150              	.LASF18:
 2151 01ef 47656E65 		.ascii	"Generated_Source\\PSoC5\\cymetadata.c\000"
 2151      72617465 
 2151      645F536F 
 2151      75726365 
 2151      5C50536F 
 2152              		.ident	"GCC: (GNU Tools for ARM Embedded Processors) 5.4.1 20160609 (release) [ARM/embedded-5-bran
