ARM GAS  C:\Users\marti\AppData\Local\Temp\ccZX9io2.s 			page 1


   1              		.syntax unified
   2              		.cpu cortex-m3
   3              		.fpu softvfp
   4              		.eabi_attribute 20, 1
   5              		.eabi_attribute 21, 1
   6              		.eabi_attribute 23, 3
   7              		.eabi_attribute 24, 1
   8              		.eabi_attribute 25, 1
   9              		.eabi_attribute 26, 1
  10              		.eabi_attribute 30, 1
  11              		.eabi_attribute 34, 1
  12              		.eabi_attribute 18, 4
  13              		.thumb
  14              		.syntax unified
  15              		.file	"main.c"
  16              		.text
  17              	.Ltext0:
  18              		.cfi_sections	.debug_frame
  19              		.section	.text.blinking_LED,"ax",%progbits
  20              		.align	2
  21              		.global	blinking_LED
  22              		.thumb
  23              		.thumb_func
  24              		.type	blinking_LED, %function
  25              	blinking_LED:
  26              	.LFB63:
  27              		.file 1 "main.c"
   1:main.c        **** /* ========================================
   2:main.c        ****  *
   3:main.c        ****  * Copyright YOUR COMPANY, THE YEAR
   4:main.c        ****  * All Rights Reserved
   5:main.c        ****  * UNPUBLISHED, LICENSED SOFTWARE.
   6:main.c        ****  *
   7:main.c        ****  * CONFIDENTIAL AND PROPRIETARY INFORMATION
   8:main.c        ****  * WHICH IS THE PROPERTY OF your company.
   9:main.c        ****  *
  10:main.c        ****  * ========================================
  11:main.c        **** */
  12:main.c        **** //#include "cyapicallbacks.h"
  13:main.c        **** #include "project.h"
  14:main.c        **** #include "RPI_IF.h"
  15:main.c        **** #include "string.h"
  16:main.c        **** #include "GameController.h"
  17:main.c        **** 
  18:main.c        **** void handleByteReceived(uint8_t byteReceived);
  19:main.c        **** 
  20:main.c        **** CY_ISR(blinking_LED)
  21:main.c        **** {
  28              		.loc 1 21 0
  29              		.cfi_startproc
  30              		@ args = 0, pretend = 0, frame = 0
  31              		@ frame_needed = 0, uses_anonymous_args = 0
  32 0000 08B5     		push	{r3, lr}
  33              		.cfi_def_cfa_offset 8
  34              		.cfi_offset 3, -8
  35              		.cfi_offset 14, -4
  22:main.c        ****     Timer_ReadStatusRegister();
ARM GAS  C:\Users\marti\AppData\Local\Temp\ccZX9io2.s 			page 2


  36              		.loc 1 22 0
  37 0002 FFF7FEFF 		bl	Timer_ReadStatusRegister
  38              	.LVL0:
  23:main.c        ****     Interrupt_LED();
  39              		.loc 1 23 0
  40 0006 FFF7FEFF 		bl	Interrupt_LED
  41              	.LVL1:
  42 000a 08BD     		pop	{r3, pc}
  43              		.cfi_endproc
  44              	.LFE63:
  45              		.size	blinking_LED, .-blinking_LED
  46              		.section	.text.main,"ax",%progbits
  47              		.align	2
  48              		.global	main
  49              		.thumb
  50              		.thumb_func
  51              		.type	main, %function
  52              	main:
  53              	.LFB65:
  24:main.c        **** }
  25:main.c        **** CY_ISR(ISR_UART_rx_handler)
  26:main.c        **** {
  27:main.c        ****     uint8_t bytesToRead = UART_GetRxBufferSize();
  28:main.c        ****     while (bytesToRead > 0)
  29:main.c        ****     {
  30:main.c        ****         uint8_t byteReceived = UART_ReadRxData();
  31:main.c        ****         UART_WriteTxData(byteReceived); // echo back
  32:main.c        ****         
  33:main.c        ****         handleByteReceived(byteReceived);
  34:main.c        ****         
  35:main.c        ****         bytesToRead--;
  36:main.c        ****     }
  37:main.c        **** }
  38:main.c        **** int main(void)
  39:main.c        **** {
  54              		.loc 1 39 0
  55              		.cfi_startproc
  56              		@ Volatile: function does not return.
  57              		@ args = 0, pretend = 0, frame = 0
  58              		@ frame_needed = 0, uses_anonymous_args = 0
  59 0000 08B5     		push	{r3, lr}
  60              		.cfi_def_cfa_offset 8
  61              		.cfi_offset 3, -8
  62              		.cfi_offset 14, -4
  40:main.c        ****     CyGlobalIntEnable; /* Enable global interrupts. */
  63              		.loc 1 40 0
  64              		.syntax unified
  65              	@ 40 "main.c" 1
  66 0002 62B6     		CPSIE   i
  67              	@ 0 "" 2
  41:main.c        ****     UART_Start();
  68              		.loc 1 41 0
  69              		.thumb
  70              		.syntax unified
  71 0004 FFF7FEFF 		bl	UART_Start
  72              	.LVL2:
  42:main.c        ****     UART_PutString("Program started\n\r");
ARM GAS  C:\Users\marti\AppData\Local\Temp\ccZX9io2.s 			page 3


  73              		.loc 1 42 0
  74 0008 0D48     		ldr	r0, .L6
  75 000a FFF7FEFF 		bl	UART_PutString
  76              	.LVL3:
  43:main.c        ****     /* Place your initialization/startup code here (e.g. MyInst_Start()) */
  44:main.c        ****     isr_1_StartEx(ISR_UART_rx_handler);
  77              		.loc 1 44 0
  78 000e 0D48     		ldr	r0, .L6+4
  79 0010 FFF7FEFF 		bl	isr_1_StartEx
  80              	.LVL4:
  45:main.c        ****     RPI_IF_init();
  81              		.loc 1 45 0
  82 0014 FFF7FEFF 		bl	RPI_IF_init
  83              	.LVL5:
  46:main.c        ****     CyDelay(2000);
  84              		.loc 1 46 0
  85 0018 4FF4FA60 		mov	r0, #2000
  86 001c FFF7FEFF 		bl	CyDelay
  87              	.LVL6:
  47:main.c        ****     isr_StartEx(blinking_LED);
  88              		.loc 1 47 0
  89 0020 0948     		ldr	r0, .L6+8
  90 0022 FFF7FEFF 		bl	isr_StartEx
  91              	.LVL7:
  92              	.L4:
  48:main.c        ****     //sendCupStatus(0x42);
  49:main.c        ****     for(;;)
  50:main.c        ****     {
  51:main.c        ****         sendCupStatus(0x3F);
  93              		.loc 1 51 0 discriminator 1
  94 0026 3F20     		movs	r0, #63
  95 0028 FFF7FEFF 		bl	sendCupStatus
  96              	.LVL8:
  52:main.c        ****        RPi_IF_handleData();
  97              		.loc 1 52 0 discriminator 1
  98 002c FFF7FEFF 		bl	RPi_IF_handleData
  99              	.LVL9:
  53:main.c        ****        CyDelay(1000);
 100              		.loc 1 53 0 discriminator 1
 101 0030 4FF47A70 		mov	r0, #1000
 102 0034 FFF7FEFF 		bl	CyDelay
 103              	.LVL10:
  54:main.c        ****        Controller();
 104              		.loc 1 54 0 discriminator 1
 105 0038 FFF7FEFF 		bl	Controller
 106              	.LVL11:
 107 003c F3E7     		b	.L4
 108              	.L7:
 109 003e 00BF     		.align	2
 110              	.L6:
 111 0040 00000000 		.word	.LC0
 112 0044 00000000 		.word	ISR_UART_rx_handler
 113 0048 00000000 		.word	blinking_LED
 114              		.cfi_endproc
 115              	.LFE65:
 116              		.size	main, .-main
 117              		.section	.text.handleByteReceived,"ax",%progbits
ARM GAS  C:\Users\marti\AppData\Local\Temp\ccZX9io2.s 			page 4


 118              		.align	2
 119              		.global	handleByteReceived
 120              		.thumb
 121              		.thumb_func
 122              		.type	handleByteReceived, %function
 123              	handleByteReceived:
 124              	.LFB66:
  55:main.c        ****        
  56:main.c        ****     }
  57:main.c        **** }
  58:main.c        **** 
  59:main.c        **** 
  60:main.c        **** void handleByteReceived(uint8_t byteReceived)
  61:main.c        **** {
 125              		.loc 1 61 0
 126              		.cfi_startproc
 127              		@ args = 0, pretend = 0, frame = 0
 128              		@ frame_needed = 0, uses_anonymous_args = 0
 129              	.LVL12:
 130 0000 08B5     		push	{r3, lr}
 131              		.cfi_def_cfa_offset 8
 132              		.cfi_offset 3, -8
 133              		.cfi_offset 14, -4
  62:main.c        ****     switch(byteReceived)
 134              		.loc 1 62 0
 135 0002 7128     		cmp	r0, #113
 136 0004 04D0     		beq	.L10
 137 0006 7728     		cmp	r0, #119
 138 0008 09D0     		beq	.L11
 139 000a 6528     		cmp	r0, #101
 140 000c 14D1     		bne	.L8
 141 000e 0DE0     		b	.L12
 142              	.L10:
  63:main.c        ****     {
  64:main.c        ****         case 'q' :
  65:main.c        ****         {
  66:main.c        ****             updateCupStatus(0b00000011);
 143              		.loc 1 66 0
 144 0010 0320     		movs	r0, #3
 145              	.LVL13:
 146 0012 FFF7FEFF 		bl	updateCupStatus
 147              	.LVL14:
  67:main.c        ****             updateHitStatus(0b00000000);
 148              		.loc 1 67 0
 149 0016 0020     		movs	r0, #0
 150 0018 FFF7FEFF 		bl	updateHitStatus
 151              	.LVL15:
  68:main.c        ****         }
  69:main.c        ****         break;
 152              		.loc 1 69 0
 153 001c 08BD     		pop	{r3, pc}
 154              	.LVL16:
 155              	.L11:
  70:main.c        ****         case 'w' :
  71:main.c        ****         {
  72:main.c        ****             updateCupStatus(0b00000011);
 156              		.loc 1 72 0
ARM GAS  C:\Users\marti\AppData\Local\Temp\ccZX9io2.s 			page 5


 157 001e 0320     		movs	r0, #3
 158              	.LVL17:
 159 0020 FFF7FEFF 		bl	updateCupStatus
 160              	.LVL18:
  73:main.c        ****             updateHitStatus(0b00001111);
 161              		.loc 1 73 0
 162 0024 0F20     		movs	r0, #15
 163 0026 FFF7FEFF 		bl	updateHitStatus
 164              	.LVL19:
  74:main.c        ****         }
  75:main.c        ****         break;
 165              		.loc 1 75 0
 166 002a 08BD     		pop	{r3, pc}
 167              	.LVL20:
 168              	.L12:
  76:main.c        ****         case 'e':
  77:main.c        ****         {
  78:main.c        ****             updateCupStatus(0b00001111);
 169              		.loc 1 78 0
 170 002c 0F20     		movs	r0, #15
 171              	.LVL21:
 172 002e FFF7FEFF 		bl	updateCupStatus
 173              	.LVL22:
  79:main.c        ****             updateHitStatus(0b00001111);
 174              		.loc 1 79 0
 175 0032 0F20     		movs	r0, #15
 176 0034 FFF7FEFF 		bl	updateHitStatus
 177              	.LVL23:
 178              	.L8:
 179 0038 08BD     		pop	{r3, pc}
 180              		.cfi_endproc
 181              	.LFE66:
 182              		.size	handleByteReceived, .-handleByteReceived
 183 003a 00BF     		.section	.text.ISR_UART_rx_handler,"ax",%progbits
 184              		.align	2
 185              		.global	ISR_UART_rx_handler
 186              		.thumb
 187              		.thumb_func
 188              		.type	ISR_UART_rx_handler, %function
 189              	ISR_UART_rx_handler:
 190              	.LFB64:
  26:main.c        ****     uint8_t bytesToRead = UART_GetRxBufferSize();
 191              		.loc 1 26 0
 192              		.cfi_startproc
 193              		@ args = 0, pretend = 0, frame = 0
 194              		@ frame_needed = 0, uses_anonymous_args = 0
 195 0000 38B5     		push	{r3, r4, r5, lr}
 196              		.cfi_def_cfa_offset 16
 197              		.cfi_offset 3, -16
 198              		.cfi_offset 4, -12
 199              		.cfi_offset 5, -8
 200              		.cfi_offset 14, -4
  27:main.c        ****     while (bytesToRead > 0)
 201              		.loc 1 27 0
 202 0002 FFF7FEFF 		bl	UART_GetRxBufferSize
 203              	.LVL24:
 204 0006 0446     		mov	r4, r0
ARM GAS  C:\Users\marti\AppData\Local\Temp\ccZX9io2.s 			page 6


 205              	.LVL25:
  28:main.c        ****     {
 206              		.loc 1 28 0
 207 0008 09E0     		b	.L15
 208              	.L16:
 209              	.LBB2:
  30:main.c        ****         UART_WriteTxData(byteReceived); // echo back
 210              		.loc 1 30 0
 211 000a FFF7FEFF 		bl	UART_ReadRxData
 212              	.LVL26:
 213 000e 0546     		mov	r5, r0
 214              	.LVL27:
  31:main.c        ****         
 215              		.loc 1 31 0
 216 0010 FFF7FEFF 		bl	UART_WriteTxData
 217              	.LVL28:
  33:main.c        ****         
 218              		.loc 1 33 0
 219 0014 2846     		mov	r0, r5
 220 0016 FFF7FEFF 		bl	handleByteReceived
 221              	.LVL29:
  35:main.c        ****     }
 222              		.loc 1 35 0
 223 001a 013C     		subs	r4, r4, #1
 224              	.LVL30:
 225 001c E4B2     		uxtb	r4, r4
 226              	.LVL31:
 227              	.L15:
 228              	.LBE2:
  28:main.c        ****     {
 229              		.loc 1 28 0
 230 001e 002C     		cmp	r4, #0
 231 0020 F3D1     		bne	.L16
  37:main.c        **** int main(void)
 232              		.loc 1 37 0
 233 0022 38BD     		pop	{r3, r4, r5, pc}
 234              		.cfi_endproc
 235              	.LFE64:
 236              		.size	ISR_UART_rx_handler, .-ISR_UART_rx_handler
 237              		.comm	currentState,1,1
 238              		.section	.rodata.str1.4,"aMS",%progbits,1
 239              		.align	2
 240              	.LC0:
 241 0000 50726F67 		.ascii	"Program started\012\015\000"
 241      72616D20 
 241      73746172 
 241      7465640A 
 241      0D00
 242              		.text
 243              	.Letext0:
 244              		.file 2 "c:\\program files (x86)\\cypress\\psoc creator\\4.2\\psoc creator\\import\\gnu\\arm\\5.4.
 245              		.file 3 "c:\\program files (x86)\\cypress\\psoc creator\\4.2\\psoc creator\\import\\gnu\\arm\\5.4.
 246              		.file 4 "Generated_Source\\PSoC5/core_cm3.h"
 247              		.file 5 "GameController.h"
 248              		.file 6 "Generated_Source\\PSoC5/Timer.h"
 249              		.file 7 "Generated_Source\\PSoC5/UART.h"
 250              		.file 8 "Generated_Source\\PSoC5/isr_1.h"
ARM GAS  C:\Users\marti\AppData\Local\Temp\ccZX9io2.s 			page 7


 251              		.file 9 "RPI_IF.h"
 252              		.file 10 "Generated_Source\\PSoC5/CyLib.h"
 253              		.file 11 "Generated_Source\\PSoC5/isr.h"
 254              		.section	.debug_info,"",%progbits
 255              	.Ldebug_info0:
 256 0000 AC030000 		.4byte	0x3ac
 257 0004 0400     		.2byte	0x4
 258 0006 00000000 		.4byte	.Ldebug_abbrev0
 259 000a 04       		.byte	0x4
 260 000b 01       		.uleb128 0x1
 261 000c CF000000 		.4byte	.LASF45
 262 0010 0C       		.byte	0xc
 263 0011 C8020000 		.4byte	.LASF46
 264 0015 D7010000 		.4byte	.LASF47
 265 0019 00000000 		.4byte	.Ldebug_ranges0+0
 266 001d 00000000 		.4byte	0
 267 0021 00000000 		.4byte	.Ldebug_line0
 268 0025 02       		.uleb128 0x2
 269 0026 01       		.byte	0x1
 270 0027 06       		.byte	0x6
 271 0028 25030000 		.4byte	.LASF0
 272 002c 03       		.uleb128 0x3
 273 002d 1C000000 		.4byte	.LASF4
 274 0031 02       		.byte	0x2
 275 0032 1D       		.byte	0x1d
 276 0033 37000000 		.4byte	0x37
 277 0037 02       		.uleb128 0x2
 278 0038 01       		.byte	0x1
 279 0039 08       		.byte	0x8
 280 003a C1000000 		.4byte	.LASF1
 281 003e 02       		.uleb128 0x2
 282 003f 02       		.byte	0x2
 283 0040 05       		.byte	0x5
 284 0041 D4020000 		.4byte	.LASF2
 285 0045 02       		.uleb128 0x2
 286 0046 02       		.byte	0x2
 287 0047 07       		.byte	0x7
 288 0048 71000000 		.4byte	.LASF3
 289 004c 03       		.uleb128 0x3
 290 004d 4E000000 		.4byte	.LASF5
 291 0051 02       		.byte	0x2
 292 0052 3F       		.byte	0x3f
 293 0053 57000000 		.4byte	0x57
 294 0057 02       		.uleb128 0x2
 295 0058 04       		.byte	0x4
 296 0059 05       		.byte	0x5
 297 005a 10030000 		.4byte	.LASF6
 298 005e 02       		.uleb128 0x2
 299 005f 04       		.byte	0x4
 300 0060 07       		.byte	0x7
 301 0061 81010000 		.4byte	.LASF7
 302 0065 02       		.uleb128 0x2
 303 0066 08       		.byte	0x8
 304 0067 05       		.byte	0x5
 305 0068 00000000 		.4byte	.LASF8
 306 006c 02       		.uleb128 0x2
 307 006d 08       		.byte	0x8
ARM GAS  C:\Users\marti\AppData\Local\Temp\ccZX9io2.s 			page 8


 308 006e 07       		.byte	0x7
 309 006f 61020000 		.4byte	.LASF9
 310 0073 04       		.uleb128 0x4
 311 0074 04       		.byte	0x4
 312 0075 05       		.byte	0x5
 313 0076 696E7400 		.ascii	"int\000"
 314 007a 02       		.uleb128 0x2
 315 007b 04       		.byte	0x4
 316 007c 07       		.byte	0x7
 317 007d 54020000 		.4byte	.LASF10
 318 0081 03       		.uleb128 0x3
 319 0082 78020000 		.4byte	.LASF11
 320 0086 03       		.byte	0x3
 321 0087 18       		.byte	0x18
 322 0088 2C000000 		.4byte	0x2c
 323 008c 03       		.uleb128 0x3
 324 008d 90020000 		.4byte	.LASF12
 325 0091 03       		.byte	0x3
 326 0092 2C       		.byte	0x2c
 327 0093 4C000000 		.4byte	0x4c
 328 0097 02       		.uleb128 0x2
 329 0098 04       		.byte	0x4
 330 0099 04       		.byte	0x4
 331 009a A0000000 		.4byte	.LASF13
 332 009e 02       		.uleb128 0x2
 333 009f 08       		.byte	0x8
 334 00a0 04       		.byte	0x4
 335 00a1 CB010000 		.4byte	.LASF14
 336 00a5 02       		.uleb128 0x2
 337 00a6 01       		.byte	0x1
 338 00a7 08       		.byte	0x8
 339 00a8 CF020000 		.4byte	.LASF15
 340 00ac 02       		.uleb128 0x2
 341 00ad 08       		.byte	0x8
 342 00ae 04       		.byte	0x4
 343 00af 19030000 		.4byte	.LASF16
 344 00b3 02       		.uleb128 0x2
 345 00b4 04       		.byte	0x4
 346 00b5 07       		.byte	0x7
 347 00b6 98020000 		.4byte	.LASF17
 348 00ba 05       		.uleb128 0x5
 349 00bb 33000000 		.4byte	.LASF48
 350 00bf 01       		.byte	0x1
 351 00c0 37000000 		.4byte	0x37
 352 00c4 05       		.byte	0x5
 353 00c5 11       		.byte	0x11
 354 00c6 E9000000 		.4byte	0xe9
 355 00ca 06       		.uleb128 0x6
 356 00cb 8F000000 		.4byte	.LASF18
 357 00cf 00       		.byte	0
 358 00d0 06       		.uleb128 0x6
 359 00d1 A1020000 		.4byte	.LASF19
 360 00d5 01       		.byte	0x1
 361 00d6 06       		.uleb128 0x6
 362 00d7 BE010000 		.4byte	.LASF20
 363 00db 02       		.byte	0x2
 364 00dc 07       		.uleb128 0x7
ARM GAS  C:\Users\marti\AppData\Local\Temp\ccZX9io2.s 			page 9


 365 00dd 574F4E00 		.ascii	"WON\000"
 366 00e1 03       		.byte	0x3
 367 00e2 06       		.uleb128 0x6
 368 00e3 C6010000 		.4byte	.LASF21
 369 00e7 04       		.byte	0x4
 370 00e8 00       		.byte	0
 371 00e9 08       		.uleb128 0x8
 372 00ea DE020000 		.4byte	.LASF22
 373 00ee 01       		.byte	0x1
 374 00ef 14       		.byte	0x14
 375 00f0 00000000 		.4byte	.LFB63
 376 00f4 0C000000 		.4byte	.LFE63-.LFB63
 377 00f8 01       		.uleb128 0x1
 378 00f9 9C       		.byte	0x9c
 379 00fa 11010000 		.4byte	0x111
 380 00fe 09       		.uleb128 0x9
 381 00ff 06000000 		.4byte	.LVL0
 382 0103 FF020000 		.4byte	0x2ff
 383 0107 09       		.uleb128 0x9
 384 0108 0A000000 		.4byte	.LVL1
 385 010c 0A030000 		.4byte	0x30a
 386 0110 00       		.byte	0
 387 0111 0A       		.uleb128 0xa
 388 0112 D2010000 		.4byte	.LASF49
 389 0116 01       		.byte	0x1
 390 0117 26       		.byte	0x26
 391 0118 73000000 		.4byte	0x73
 392 011c 00000000 		.4byte	.LFB65
 393 0120 4C000000 		.4byte	.LFE65-.LFB65
 394 0124 01       		.uleb128 0x1
 395 0125 9C       		.byte	0x9c
 396 0126 D2010000 		.4byte	0x1d2
 397 012a 09       		.uleb128 0x9
 398 012b 08000000 		.4byte	.LVL2
 399 012f 15030000 		.4byte	0x315
 400 0133 0B       		.uleb128 0xb
 401 0134 0E000000 		.4byte	.LVL3
 402 0138 20030000 		.4byte	0x320
 403 013c 4A010000 		.4byte	0x14a
 404 0140 0C       		.uleb128 0xc
 405 0141 01       		.uleb128 0x1
 406 0142 50       		.byte	0x50
 407 0143 05       		.uleb128 0x5
 408 0144 03       		.byte	0x3
 409 0145 00000000 		.4byte	.LC0
 410 0149 00       		.byte	0
 411 014a 0B       		.uleb128 0xb
 412 014b 14000000 		.4byte	.LVL4
 413 014f 2B030000 		.4byte	0x32b
 414 0153 61010000 		.4byte	0x161
 415 0157 0C       		.uleb128 0xc
 416 0158 01       		.uleb128 0x1
 417 0159 50       		.byte	0x50
 418 015a 05       		.uleb128 0x5
 419 015b 03       		.byte	0x3
 420 015c 00000000 		.4byte	ISR_UART_rx_handler
 421 0160 00       		.byte	0
ARM GAS  C:\Users\marti\AppData\Local\Temp\ccZX9io2.s 			page 10


 422 0161 09       		.uleb128 0x9
 423 0162 18000000 		.4byte	.LVL5
 424 0166 36030000 		.4byte	0x336
 425 016a 0B       		.uleb128 0xb
 426 016b 20000000 		.4byte	.LVL6
 427 016f 41030000 		.4byte	0x341
 428 0173 7F010000 		.4byte	0x17f
 429 0177 0C       		.uleb128 0xc
 430 0178 01       		.uleb128 0x1
 431 0179 50       		.byte	0x50
 432 017a 03       		.uleb128 0x3
 433 017b 0A       		.byte	0xa
 434 017c D007     		.2byte	0x7d0
 435 017e 00       		.byte	0
 436 017f 0B       		.uleb128 0xb
 437 0180 26000000 		.4byte	.LVL7
 438 0184 4C030000 		.4byte	0x34c
 439 0188 96010000 		.4byte	0x196
 440 018c 0C       		.uleb128 0xc
 441 018d 01       		.uleb128 0x1
 442 018e 50       		.byte	0x50
 443 018f 05       		.uleb128 0x5
 444 0190 03       		.byte	0x3
 445 0191 00000000 		.4byte	blinking_LED
 446 0195 00       		.byte	0
 447 0196 0B       		.uleb128 0xb
 448 0197 2C000000 		.4byte	.LVL8
 449 019b 57030000 		.4byte	0x357
 450 019f AA010000 		.4byte	0x1aa
 451 01a3 0C       		.uleb128 0xc
 452 01a4 01       		.uleb128 0x1
 453 01a5 50       		.byte	0x50
 454 01a6 02       		.uleb128 0x2
 455 01a7 08       		.byte	0x8
 456 01a8 3F       		.byte	0x3f
 457 01a9 00       		.byte	0
 458 01aa 09       		.uleb128 0x9
 459 01ab 30000000 		.4byte	.LVL9
 460 01af 62030000 		.4byte	0x362
 461 01b3 0B       		.uleb128 0xb
 462 01b4 38000000 		.4byte	.LVL10
 463 01b8 41030000 		.4byte	0x341
 464 01bc C8010000 		.4byte	0x1c8
 465 01c0 0C       		.uleb128 0xc
 466 01c1 01       		.uleb128 0x1
 467 01c2 50       		.byte	0x50
 468 01c3 03       		.uleb128 0x3
 469 01c4 0A       		.byte	0xa
 470 01c5 E803     		.2byte	0x3e8
 471 01c7 00       		.byte	0
 472 01c8 09       		.uleb128 0x9
 473 01c9 3C000000 		.4byte	.LVL11
 474 01cd 6D030000 		.4byte	0x36d
 475 01d1 00       		.byte	0
 476 01d2 08       		.uleb128 0x8
 477 01d3 93010000 		.4byte	.LASF23
 478 01d7 01       		.byte	0x1
ARM GAS  C:\Users\marti\AppData\Local\Temp\ccZX9io2.s 			page 11


 479 01d8 3C       		.byte	0x3c
 480 01d9 00000000 		.4byte	.LFB66
 481 01dd 3A000000 		.4byte	.LFE66-.LFB66
 482 01e1 01       		.uleb128 0x1
 483 01e2 9C       		.byte	0x9c
 484 01e3 65020000 		.4byte	0x265
 485 01e7 0D       		.uleb128 0xd
 486 01e8 B4000000 		.4byte	.LASF26
 487 01ec 01       		.byte	0x1
 488 01ed 3C       		.byte	0x3c
 489 01ee 81000000 		.4byte	0x81
 490 01f2 00000000 		.4byte	.LLST0
 491 01f6 0B       		.uleb128 0xb
 492 01f7 16000000 		.4byte	.LVL14
 493 01fb 78030000 		.4byte	0x378
 494 01ff 09020000 		.4byte	0x209
 495 0203 0C       		.uleb128 0xc
 496 0204 01       		.uleb128 0x1
 497 0205 50       		.byte	0x50
 498 0206 01       		.uleb128 0x1
 499 0207 33       		.byte	0x33
 500 0208 00       		.byte	0
 501 0209 0B       		.uleb128 0xb
 502 020a 1C000000 		.4byte	.LVL15
 503 020e 83030000 		.4byte	0x383
 504 0212 1C020000 		.4byte	0x21c
 505 0216 0C       		.uleb128 0xc
 506 0217 01       		.uleb128 0x1
 507 0218 50       		.byte	0x50
 508 0219 01       		.uleb128 0x1
 509 021a 30       		.byte	0x30
 510 021b 00       		.byte	0
 511 021c 0B       		.uleb128 0xb
 512 021d 24000000 		.4byte	.LVL18
 513 0221 78030000 		.4byte	0x378
 514 0225 2F020000 		.4byte	0x22f
 515 0229 0C       		.uleb128 0xc
 516 022a 01       		.uleb128 0x1
 517 022b 50       		.byte	0x50
 518 022c 01       		.uleb128 0x1
 519 022d 33       		.byte	0x33
 520 022e 00       		.byte	0
 521 022f 0B       		.uleb128 0xb
 522 0230 2A000000 		.4byte	.LVL19
 523 0234 83030000 		.4byte	0x383
 524 0238 42020000 		.4byte	0x242
 525 023c 0C       		.uleb128 0xc
 526 023d 01       		.uleb128 0x1
 527 023e 50       		.byte	0x50
 528 023f 01       		.uleb128 0x1
 529 0240 3F       		.byte	0x3f
 530 0241 00       		.byte	0
 531 0242 0B       		.uleb128 0xb
 532 0243 32000000 		.4byte	.LVL22
 533 0247 78030000 		.4byte	0x378
 534 024b 55020000 		.4byte	0x255
 535 024f 0C       		.uleb128 0xc
ARM GAS  C:\Users\marti\AppData\Local\Temp\ccZX9io2.s 			page 12


 536 0250 01       		.uleb128 0x1
 537 0251 50       		.byte	0x50
 538 0252 01       		.uleb128 0x1
 539 0253 3F       		.byte	0x3f
 540 0254 00       		.byte	0
 541 0255 0E       		.uleb128 0xe
 542 0256 38000000 		.4byte	.LVL23
 543 025a 83030000 		.4byte	0x383
 544 025e 0C       		.uleb128 0xc
 545 025f 01       		.uleb128 0x1
 546 0260 50       		.byte	0x50
 547 0261 01       		.uleb128 0x1
 548 0262 3F       		.byte	0x3f
 549 0263 00       		.byte	0
 550 0264 00       		.byte	0
 551 0265 08       		.uleb128 0x8
 552 0266 6D010000 		.4byte	.LASF24
 553 026a 01       		.byte	0x1
 554 026b 19       		.byte	0x19
 555 026c 00000000 		.4byte	.LFB64
 556 0270 24000000 		.4byte	.LFE64-.LFB64
 557 0274 01       		.uleb128 0x1
 558 0275 9C       		.byte	0x9c
 559 0276 DD020000 		.4byte	0x2dd
 560 027a 0F       		.uleb128 0xf
 561 027b 94000000 		.4byte	.LASF25
 562 027f 01       		.byte	0x1
 563 0280 1B       		.byte	0x1b
 564 0281 81000000 		.4byte	0x81
 565 0285 53000000 		.4byte	.LLST1
 566 0289 10       		.uleb128 0x10
 567 028a 0A000000 		.4byte	.LBB2
 568 028e 14000000 		.4byte	.LBE2-.LBB2
 569 0292 D3020000 		.4byte	0x2d3
 570 0296 0F       		.uleb128 0xf
 571 0297 B4000000 		.4byte	.LASF26
 572 029b 01       		.byte	0x1
 573 029c 1E       		.byte	0x1e
 574 029d 81000000 		.4byte	0x81
 575 02a1 71000000 		.4byte	.LLST2
 576 02a5 09       		.uleb128 0x9
 577 02a6 0E000000 		.4byte	.LVL26
 578 02aa 8E030000 		.4byte	0x38e
 579 02ae 0B       		.uleb128 0xb
 580 02af 14000000 		.4byte	.LVL28
 581 02b3 99030000 		.4byte	0x399
 582 02b7 C2020000 		.4byte	0x2c2
 583 02bb 0C       		.uleb128 0xc
 584 02bc 01       		.uleb128 0x1
 585 02bd 50       		.byte	0x50
 586 02be 02       		.uleb128 0x2
 587 02bf 75       		.byte	0x75
 588 02c0 00       		.sleb128 0
 589 02c1 00       		.byte	0
 590 02c2 0E       		.uleb128 0xe
 591 02c3 1A000000 		.4byte	.LVL29
 592 02c7 D2010000 		.4byte	0x1d2
ARM GAS  C:\Users\marti\AppData\Local\Temp\ccZX9io2.s 			page 13


 593 02cb 0C       		.uleb128 0xc
 594 02cc 01       		.uleb128 0x1
 595 02cd 50       		.byte	0x50
 596 02ce 02       		.uleb128 0x2
 597 02cf 75       		.byte	0x75
 598 02d0 00       		.sleb128 0
 599 02d1 00       		.byte	0
 600 02d2 00       		.byte	0
 601 02d3 09       		.uleb128 0x9
 602 02d4 06000000 		.4byte	.LVL24
 603 02d8 A4030000 		.4byte	0x3a4
 604 02dc 00       		.byte	0
 605 02dd 11       		.uleb128 0x11
 606 02de B1010000 		.4byte	.LASF27
 607 02e2 04       		.byte	0x4
 608 02e3 1207     		.2byte	0x712
 609 02e5 E9020000 		.4byte	0x2e9
 610 02e9 12       		.uleb128 0x12
 611 02ea 8C000000 		.4byte	0x8c
 612 02ee 13       		.uleb128 0x13
 613 02ef 26000000 		.4byte	.LASF28
 614 02f3 05       		.byte	0x5
 615 02f4 11       		.byte	0x11
 616 02f5 BA000000 		.4byte	0xba
 617 02f9 05       		.uleb128 0x5
 618 02fa 03       		.byte	0x3
 619 02fb 00000000 		.4byte	currentState
 620 02ff 14       		.uleb128 0x14
 621 0300 58000000 		.4byte	.LASF29
 622 0304 58000000 		.4byte	.LASF29
 623 0308 06       		.byte	0x6
 624 0309 5E       		.byte	0x5e
 625 030a 14       		.uleb128 0x14
 626 030b 0E000000 		.4byte	.LASF30
 627 030f 0E000000 		.4byte	.LASF30
 628 0313 05       		.byte	0x5
 629 0314 25       		.byte	0x25
 630 0315 14       		.uleb128 0x14
 631 0316 A6010000 		.4byte	.LASF31
 632 031a A6010000 		.4byte	.LASF31
 633 031e 07       		.byte	0x7
 634 031f 54       		.byte	0x54
 635 0320 14       		.uleb128 0x14
 636 0321 31030000 		.4byte	.LASF32
 637 0325 31030000 		.4byte	.LASF32
 638 0329 07       		.byte	0x7
 639 032a 8B       		.byte	0x8b
 640 032b 14       		.uleb128 0x14
 641 032c 40030000 		.4byte	.LASF33
 642 0330 40030000 		.4byte	.LASF33
 643 0334 08       		.byte	0x8
 644 0335 18       		.byte	0x18
 645 0336 14       		.uleb128 0x14
 646 0337 BC020000 		.4byte	.LASF34
 647 033b BC020000 		.4byte	.LASF34
 648 033f 09       		.byte	0x9
 649 0340 13       		.byte	0x13
ARM GAS  C:\Users\marti\AppData\Local\Temp\ccZX9io2.s 			page 14


 650 0341 14       		.uleb128 0x14
 651 0342 4E030000 		.4byte	.LASF35
 652 0346 4E030000 		.4byte	.LASF35
 653 034a 0A       		.byte	0xa
 654 034b 76       		.byte	0x76
 655 034c 14       		.uleb128 0x14
 656 034d 48020000 		.4byte	.LASF36
 657 0351 48020000 		.4byte	.LASF36
 658 0355 0B       		.byte	0xb
 659 0356 18       		.byte	0x18
 660 0357 14       		.uleb128 0x14
 661 0358 A6000000 		.4byte	.LASF37
 662 035c A6000000 		.4byte	.LASF37
 663 0360 09       		.byte	0x9
 664 0361 16       		.byte	0x16
 665 0362 14       		.uleb128 0x14
 666 0363 AA020000 		.4byte	.LASF38
 667 0367 AA020000 		.4byte	.LASF38
 668 036b 09       		.byte	0x9
 669 036c 19       		.byte	0x19
 670 036d 14       		.uleb128 0x14
 671 036e 84000000 		.4byte	.LASF39
 672 0372 84000000 		.4byte	.LASF39
 673 0376 05       		.byte	0x5
 674 0377 23       		.byte	0x23
 675 0378 14       		.uleb128 0x14
 676 0379 EB020000 		.4byte	.LASF40
 677 037d EB020000 		.4byte	.LASF40
 678 0381 05       		.byte	0x5
 679 0382 1E       		.byte	0x1e
 680 0383 14       		.uleb128 0x14
 681 0384 5D010000 		.4byte	.LASF41
 682 0388 5D010000 		.4byte	.LASF41
 683 038c 05       		.byte	0x5
 684 038d 1F       		.byte	0x1f
 685 038e 14       		.uleb128 0x14
 686 038f 80020000 		.4byte	.LASF42
 687 0393 80020000 		.4byte	.LASF42
 688 0397 07       		.byte	0x7
 689 0398 6F       		.byte	0x6f
 690 0399 14       		.uleb128 0x14
 691 039a 3D000000 		.4byte	.LASF43
 692 039e 3D000000 		.4byte	.LASF43
 693 03a2 07       		.byte	0x7
 694 03a3 88       		.byte	0x88
 695 03a4 14       		.uleb128 0x14
 696 03a5 FB020000 		.4byte	.LASF44
 697 03a9 FB020000 		.4byte	.LASF44
 698 03ad 07       		.byte	0x7
 699 03ae 73       		.byte	0x73
 700 03af 00       		.byte	0
 701              		.section	.debug_abbrev,"",%progbits
 702              	.Ldebug_abbrev0:
 703 0000 01       		.uleb128 0x1
 704 0001 11       		.uleb128 0x11
 705 0002 01       		.byte	0x1
 706 0003 25       		.uleb128 0x25
ARM GAS  C:\Users\marti\AppData\Local\Temp\ccZX9io2.s 			page 15


 707 0004 0E       		.uleb128 0xe
 708 0005 13       		.uleb128 0x13
 709 0006 0B       		.uleb128 0xb
 710 0007 03       		.uleb128 0x3
 711 0008 0E       		.uleb128 0xe
 712 0009 1B       		.uleb128 0x1b
 713 000a 0E       		.uleb128 0xe
 714 000b 55       		.uleb128 0x55
 715 000c 17       		.uleb128 0x17
 716 000d 11       		.uleb128 0x11
 717 000e 01       		.uleb128 0x1
 718 000f 10       		.uleb128 0x10
 719 0010 17       		.uleb128 0x17
 720 0011 00       		.byte	0
 721 0012 00       		.byte	0
 722 0013 02       		.uleb128 0x2
 723 0014 24       		.uleb128 0x24
 724 0015 00       		.byte	0
 725 0016 0B       		.uleb128 0xb
 726 0017 0B       		.uleb128 0xb
 727 0018 3E       		.uleb128 0x3e
 728 0019 0B       		.uleb128 0xb
 729 001a 03       		.uleb128 0x3
 730 001b 0E       		.uleb128 0xe
 731 001c 00       		.byte	0
 732 001d 00       		.byte	0
 733 001e 03       		.uleb128 0x3
 734 001f 16       		.uleb128 0x16
 735 0020 00       		.byte	0
 736 0021 03       		.uleb128 0x3
 737 0022 0E       		.uleb128 0xe
 738 0023 3A       		.uleb128 0x3a
 739 0024 0B       		.uleb128 0xb
 740 0025 3B       		.uleb128 0x3b
 741 0026 0B       		.uleb128 0xb
 742 0027 49       		.uleb128 0x49
 743 0028 13       		.uleb128 0x13
 744 0029 00       		.byte	0
 745 002a 00       		.byte	0
 746 002b 04       		.uleb128 0x4
 747 002c 24       		.uleb128 0x24
 748 002d 00       		.byte	0
 749 002e 0B       		.uleb128 0xb
 750 002f 0B       		.uleb128 0xb
 751 0030 3E       		.uleb128 0x3e
 752 0031 0B       		.uleb128 0xb
 753 0032 03       		.uleb128 0x3
 754 0033 08       		.uleb128 0x8
 755 0034 00       		.byte	0
 756 0035 00       		.byte	0
 757 0036 05       		.uleb128 0x5
 758 0037 04       		.uleb128 0x4
 759 0038 01       		.byte	0x1
 760 0039 03       		.uleb128 0x3
 761 003a 0E       		.uleb128 0xe
 762 003b 0B       		.uleb128 0xb
 763 003c 0B       		.uleb128 0xb
ARM GAS  C:\Users\marti\AppData\Local\Temp\ccZX9io2.s 			page 16


 764 003d 49       		.uleb128 0x49
 765 003e 13       		.uleb128 0x13
 766 003f 3A       		.uleb128 0x3a
 767 0040 0B       		.uleb128 0xb
 768 0041 3B       		.uleb128 0x3b
 769 0042 0B       		.uleb128 0xb
 770 0043 01       		.uleb128 0x1
 771 0044 13       		.uleb128 0x13
 772 0045 00       		.byte	0
 773 0046 00       		.byte	0
 774 0047 06       		.uleb128 0x6
 775 0048 28       		.uleb128 0x28
 776 0049 00       		.byte	0
 777 004a 03       		.uleb128 0x3
 778 004b 0E       		.uleb128 0xe
 779 004c 1C       		.uleb128 0x1c
 780 004d 0B       		.uleb128 0xb
 781 004e 00       		.byte	0
 782 004f 00       		.byte	0
 783 0050 07       		.uleb128 0x7
 784 0051 28       		.uleb128 0x28
 785 0052 00       		.byte	0
 786 0053 03       		.uleb128 0x3
 787 0054 08       		.uleb128 0x8
 788 0055 1C       		.uleb128 0x1c
 789 0056 0B       		.uleb128 0xb
 790 0057 00       		.byte	0
 791 0058 00       		.byte	0
 792 0059 08       		.uleb128 0x8
 793 005a 2E       		.uleb128 0x2e
 794 005b 01       		.byte	0x1
 795 005c 3F       		.uleb128 0x3f
 796 005d 19       		.uleb128 0x19
 797 005e 03       		.uleb128 0x3
 798 005f 0E       		.uleb128 0xe
 799 0060 3A       		.uleb128 0x3a
 800 0061 0B       		.uleb128 0xb
 801 0062 3B       		.uleb128 0x3b
 802 0063 0B       		.uleb128 0xb
 803 0064 27       		.uleb128 0x27
 804 0065 19       		.uleb128 0x19
 805 0066 11       		.uleb128 0x11
 806 0067 01       		.uleb128 0x1
 807 0068 12       		.uleb128 0x12
 808 0069 06       		.uleb128 0x6
 809 006a 40       		.uleb128 0x40
 810 006b 18       		.uleb128 0x18
 811 006c 9742     		.uleb128 0x2117
 812 006e 19       		.uleb128 0x19
 813 006f 01       		.uleb128 0x1
 814 0070 13       		.uleb128 0x13
 815 0071 00       		.byte	0
 816 0072 00       		.byte	0
 817 0073 09       		.uleb128 0x9
 818 0074 898201   		.uleb128 0x4109
 819 0077 00       		.byte	0
 820 0078 11       		.uleb128 0x11
ARM GAS  C:\Users\marti\AppData\Local\Temp\ccZX9io2.s 			page 17


 821 0079 01       		.uleb128 0x1
 822 007a 31       		.uleb128 0x31
 823 007b 13       		.uleb128 0x13
 824 007c 00       		.byte	0
 825 007d 00       		.byte	0
 826 007e 0A       		.uleb128 0xa
 827 007f 2E       		.uleb128 0x2e
 828 0080 01       		.byte	0x1
 829 0081 3F       		.uleb128 0x3f
 830 0082 19       		.uleb128 0x19
 831 0083 03       		.uleb128 0x3
 832 0084 0E       		.uleb128 0xe
 833 0085 3A       		.uleb128 0x3a
 834 0086 0B       		.uleb128 0xb
 835 0087 3B       		.uleb128 0x3b
 836 0088 0B       		.uleb128 0xb
 837 0089 27       		.uleb128 0x27
 838 008a 19       		.uleb128 0x19
 839 008b 49       		.uleb128 0x49
 840 008c 13       		.uleb128 0x13
 841 008d 8701     		.uleb128 0x87
 842 008f 19       		.uleb128 0x19
 843 0090 11       		.uleb128 0x11
 844 0091 01       		.uleb128 0x1
 845 0092 12       		.uleb128 0x12
 846 0093 06       		.uleb128 0x6
 847 0094 40       		.uleb128 0x40
 848 0095 18       		.uleb128 0x18
 849 0096 9742     		.uleb128 0x2117
 850 0098 19       		.uleb128 0x19
 851 0099 01       		.uleb128 0x1
 852 009a 13       		.uleb128 0x13
 853 009b 00       		.byte	0
 854 009c 00       		.byte	0
 855 009d 0B       		.uleb128 0xb
 856 009e 898201   		.uleb128 0x4109
 857 00a1 01       		.byte	0x1
 858 00a2 11       		.uleb128 0x11
 859 00a3 01       		.uleb128 0x1
 860 00a4 31       		.uleb128 0x31
 861 00a5 13       		.uleb128 0x13
 862 00a6 01       		.uleb128 0x1
 863 00a7 13       		.uleb128 0x13
 864 00a8 00       		.byte	0
 865 00a9 00       		.byte	0
 866 00aa 0C       		.uleb128 0xc
 867 00ab 8A8201   		.uleb128 0x410a
 868 00ae 00       		.byte	0
 869 00af 02       		.uleb128 0x2
 870 00b0 18       		.uleb128 0x18
 871 00b1 9142     		.uleb128 0x2111
 872 00b3 18       		.uleb128 0x18
 873 00b4 00       		.byte	0
 874 00b5 00       		.byte	0
 875 00b6 0D       		.uleb128 0xd
 876 00b7 05       		.uleb128 0x5
 877 00b8 00       		.byte	0
ARM GAS  C:\Users\marti\AppData\Local\Temp\ccZX9io2.s 			page 18


 878 00b9 03       		.uleb128 0x3
 879 00ba 0E       		.uleb128 0xe
 880 00bb 3A       		.uleb128 0x3a
 881 00bc 0B       		.uleb128 0xb
 882 00bd 3B       		.uleb128 0x3b
 883 00be 0B       		.uleb128 0xb
 884 00bf 49       		.uleb128 0x49
 885 00c0 13       		.uleb128 0x13
 886 00c1 02       		.uleb128 0x2
 887 00c2 17       		.uleb128 0x17
 888 00c3 00       		.byte	0
 889 00c4 00       		.byte	0
 890 00c5 0E       		.uleb128 0xe
 891 00c6 898201   		.uleb128 0x4109
 892 00c9 01       		.byte	0x1
 893 00ca 11       		.uleb128 0x11
 894 00cb 01       		.uleb128 0x1
 895 00cc 31       		.uleb128 0x31
 896 00cd 13       		.uleb128 0x13
 897 00ce 00       		.byte	0
 898 00cf 00       		.byte	0
 899 00d0 0F       		.uleb128 0xf
 900 00d1 34       		.uleb128 0x34
 901 00d2 00       		.byte	0
 902 00d3 03       		.uleb128 0x3
 903 00d4 0E       		.uleb128 0xe
 904 00d5 3A       		.uleb128 0x3a
 905 00d6 0B       		.uleb128 0xb
 906 00d7 3B       		.uleb128 0x3b
 907 00d8 0B       		.uleb128 0xb
 908 00d9 49       		.uleb128 0x49
 909 00da 13       		.uleb128 0x13
 910 00db 02       		.uleb128 0x2
 911 00dc 17       		.uleb128 0x17
 912 00dd 00       		.byte	0
 913 00de 00       		.byte	0
 914 00df 10       		.uleb128 0x10
 915 00e0 0B       		.uleb128 0xb
 916 00e1 01       		.byte	0x1
 917 00e2 11       		.uleb128 0x11
 918 00e3 01       		.uleb128 0x1
 919 00e4 12       		.uleb128 0x12
 920 00e5 06       		.uleb128 0x6
 921 00e6 01       		.uleb128 0x1
 922 00e7 13       		.uleb128 0x13
 923 00e8 00       		.byte	0
 924 00e9 00       		.byte	0
 925 00ea 11       		.uleb128 0x11
 926 00eb 34       		.uleb128 0x34
 927 00ec 00       		.byte	0
 928 00ed 03       		.uleb128 0x3
 929 00ee 0E       		.uleb128 0xe
 930 00ef 3A       		.uleb128 0x3a
 931 00f0 0B       		.uleb128 0xb
 932 00f1 3B       		.uleb128 0x3b
 933 00f2 05       		.uleb128 0x5
 934 00f3 49       		.uleb128 0x49
ARM GAS  C:\Users\marti\AppData\Local\Temp\ccZX9io2.s 			page 19


 935 00f4 13       		.uleb128 0x13
 936 00f5 3F       		.uleb128 0x3f
 937 00f6 19       		.uleb128 0x19
 938 00f7 3C       		.uleb128 0x3c
 939 00f8 19       		.uleb128 0x19
 940 00f9 00       		.byte	0
 941 00fa 00       		.byte	0
 942 00fb 12       		.uleb128 0x12
 943 00fc 35       		.uleb128 0x35
 944 00fd 00       		.byte	0
 945 00fe 49       		.uleb128 0x49
 946 00ff 13       		.uleb128 0x13
 947 0100 00       		.byte	0
 948 0101 00       		.byte	0
 949 0102 13       		.uleb128 0x13
 950 0103 34       		.uleb128 0x34
 951 0104 00       		.byte	0
 952 0105 03       		.uleb128 0x3
 953 0106 0E       		.uleb128 0xe
 954 0107 3A       		.uleb128 0x3a
 955 0108 0B       		.uleb128 0xb
 956 0109 3B       		.uleb128 0x3b
 957 010a 0B       		.uleb128 0xb
 958 010b 49       		.uleb128 0x49
 959 010c 13       		.uleb128 0x13
 960 010d 3F       		.uleb128 0x3f
 961 010e 19       		.uleb128 0x19
 962 010f 02       		.uleb128 0x2
 963 0110 18       		.uleb128 0x18
 964 0111 00       		.byte	0
 965 0112 00       		.byte	0
 966 0113 14       		.uleb128 0x14
 967 0114 2E       		.uleb128 0x2e
 968 0115 00       		.byte	0
 969 0116 3F       		.uleb128 0x3f
 970 0117 19       		.uleb128 0x19
 971 0118 3C       		.uleb128 0x3c
 972 0119 19       		.uleb128 0x19
 973 011a 6E       		.uleb128 0x6e
 974 011b 0E       		.uleb128 0xe
 975 011c 03       		.uleb128 0x3
 976 011d 0E       		.uleb128 0xe
 977 011e 3A       		.uleb128 0x3a
 978 011f 0B       		.uleb128 0xb
 979 0120 3B       		.uleb128 0x3b
 980 0121 0B       		.uleb128 0xb
 981 0122 00       		.byte	0
 982 0123 00       		.byte	0
 983 0124 00       		.byte	0
 984              		.section	.debug_loc,"",%progbits
 985              	.Ldebug_loc0:
 986              	.LLST0:
 987 0000 00000000 		.4byte	.LVL12
 988 0004 12000000 		.4byte	.LVL13
 989 0008 0100     		.2byte	0x1
 990 000a 50       		.byte	0x50
 991 000b 12000000 		.4byte	.LVL13
ARM GAS  C:\Users\marti\AppData\Local\Temp\ccZX9io2.s 			page 20


 992 000f 1E000000 		.4byte	.LVL16
 993 0013 0400     		.2byte	0x4
 994 0015 F3       		.byte	0xf3
 995 0016 01       		.uleb128 0x1
 996 0017 50       		.byte	0x50
 997 0018 9F       		.byte	0x9f
 998 0019 1E000000 		.4byte	.LVL16
 999 001d 20000000 		.4byte	.LVL17
 1000 0021 0100     		.2byte	0x1
 1001 0023 50       		.byte	0x50
 1002 0024 20000000 		.4byte	.LVL17
 1003 0028 2C000000 		.4byte	.LVL20
 1004 002c 0400     		.2byte	0x4
 1005 002e F3       		.byte	0xf3
 1006 002f 01       		.uleb128 0x1
 1007 0030 50       		.byte	0x50
 1008 0031 9F       		.byte	0x9f
 1009 0032 2C000000 		.4byte	.LVL20
 1010 0036 2E000000 		.4byte	.LVL21
 1011 003a 0100     		.2byte	0x1
 1012 003c 50       		.byte	0x50
 1013 003d 2E000000 		.4byte	.LVL21
 1014 0041 3A000000 		.4byte	.LFE66
 1015 0045 0400     		.2byte	0x4
 1016 0047 F3       		.byte	0xf3
 1017 0048 01       		.uleb128 0x1
 1018 0049 50       		.byte	0x50
 1019 004a 9F       		.byte	0x9f
 1020 004b 00000000 		.4byte	0
 1021 004f 00000000 		.4byte	0
 1022              	.LLST1:
 1023 0053 08000000 		.4byte	.LVL25
 1024 0057 1C000000 		.4byte	.LVL30
 1025 005b 0100     		.2byte	0x1
 1026 005d 54       		.byte	0x54
 1027 005e 1E000000 		.4byte	.LVL31
 1028 0062 24000000 		.4byte	.LFE64
 1029 0066 0100     		.2byte	0x1
 1030 0068 54       		.byte	0x54
 1031 0069 00000000 		.4byte	0
 1032 006d 00000000 		.4byte	0
 1033              	.LLST2:
 1034 0071 10000000 		.4byte	.LVL27
 1035 0075 1E000000 		.4byte	.LVL31
 1036 0079 0100     		.2byte	0x1
 1037 007b 55       		.byte	0x55
 1038 007c 00000000 		.4byte	0
 1039 0080 00000000 		.4byte	0
 1040              		.section	.debug_aranges,"",%progbits
 1041 0000 34000000 		.4byte	0x34
 1042 0004 0200     		.2byte	0x2
 1043 0006 00000000 		.4byte	.Ldebug_info0
 1044 000a 04       		.byte	0x4
 1045 000b 00       		.byte	0
 1046 000c 0000     		.2byte	0
 1047 000e 0000     		.2byte	0
 1048 0010 00000000 		.4byte	.LFB63
ARM GAS  C:\Users\marti\AppData\Local\Temp\ccZX9io2.s 			page 21


 1049 0014 0C000000 		.4byte	.LFE63-.LFB63
 1050 0018 00000000 		.4byte	.LFB65
 1051 001c 4C000000 		.4byte	.LFE65-.LFB65
 1052 0020 00000000 		.4byte	.LFB66
 1053 0024 3A000000 		.4byte	.LFE66-.LFB66
 1054 0028 00000000 		.4byte	.LFB64
 1055 002c 24000000 		.4byte	.LFE64-.LFB64
 1056 0030 00000000 		.4byte	0
 1057 0034 00000000 		.4byte	0
 1058              		.section	.debug_ranges,"",%progbits
 1059              	.Ldebug_ranges0:
 1060 0000 00000000 		.4byte	.LFB63
 1061 0004 0C000000 		.4byte	.LFE63
 1062 0008 00000000 		.4byte	.LFB65
 1063 000c 4C000000 		.4byte	.LFE65
 1064 0010 00000000 		.4byte	.LFB66
 1065 0014 3A000000 		.4byte	.LFE66
 1066 0018 00000000 		.4byte	.LFB64
 1067 001c 24000000 		.4byte	.LFE64
 1068 0020 00000000 		.4byte	0
 1069 0024 00000000 		.4byte	0
 1070              		.section	.debug_line,"",%progbits
 1071              	.Ldebug_line0:
 1072 0000 07020000 		.section	.debug_str,"MS",%progbits,1
 1072      02009301 
 1072      00000201 
 1072      FB0E0D00 
 1072      01010101 
 1073              	.LASF8:
 1074 0000 6C6F6E67 		.ascii	"long long int\000"
 1074      206C6F6E 
 1074      6720696E 
 1074      7400
 1075              	.LASF30:
 1076 000e 496E7465 		.ascii	"Interrupt_LED\000"
 1076      72727570 
 1076      745F4C45 
 1076      4400
 1077              	.LASF4:
 1078 001c 5F5F7569 		.ascii	"__uint8_t\000"
 1078      6E74385F 
 1078      7400
 1079              	.LASF28:
 1080 0026 63757272 		.ascii	"currentState\000"
 1080      656E7453 
 1080      74617465 
 1080      00
 1081              	.LASF48:
 1082 0033 47616D65 		.ascii	"GameState\000"
 1082      53746174 
 1082      6500
 1083              	.LASF43:
 1084 003d 55415254 		.ascii	"UART_WriteTxData\000"
 1084      5F577269 
 1084      74655478 
 1084      44617461 
 1084      00
ARM GAS  C:\Users\marti\AppData\Local\Temp\ccZX9io2.s 			page 22


 1085              	.LASF5:
 1086 004e 5F5F696E 		.ascii	"__int32_t\000"
 1086      7433325F 
 1086      7400
 1087              	.LASF29:
 1088 0058 54696D65 		.ascii	"Timer_ReadStatusRegister\000"
 1088      725F5265 
 1088      61645374 
 1088      61747573 
 1088      52656769 
 1089              	.LASF3:
 1090 0071 73686F72 		.ascii	"short unsigned int\000"
 1090      7420756E 
 1090      7369676E 
 1090      65642069 
 1090      6E7400
 1091              	.LASF39:
 1092 0084 436F6E74 		.ascii	"Controller\000"
 1092      726F6C6C 
 1092      657200
 1093              	.LASF18:
 1094 008f 49444C45 		.ascii	"IDLE\000"
 1094      00
 1095              	.LASF25:
 1096 0094 62797465 		.ascii	"bytesToRead\000"
 1096      73546F52 
 1096      65616400 
 1097              	.LASF13:
 1098 00a0 666C6F61 		.ascii	"float\000"
 1098      7400
 1099              	.LASF37:
 1100 00a6 73656E64 		.ascii	"sendCupStatus\000"
 1100      43757053 
 1100      74617475 
 1100      7300
 1101              	.LASF26:
 1102 00b4 62797465 		.ascii	"byteReceived\000"
 1102      52656365 
 1102      69766564 
 1102      00
 1103              	.LASF1:
 1104 00c1 756E7369 		.ascii	"unsigned char\000"
 1104      676E6564 
 1104      20636861 
 1104      7200
 1105              	.LASF45:
 1106 00cf 474E5520 		.ascii	"GNU C11 5.4.1 20160609 (release) [ARM/embedded-5-br"
 1106      43313120 
 1106      352E342E 
 1106      31203230 
 1106      31363036 
 1107 0102 616E6368 		.ascii	"anch revision 237715] -mcpu=cortex-m3 -mthumb -g -O"
 1107      20726576 
 1107      6973696F 
 1107      6E203233 
 1107      37373135 
 1108 0135 67202D66 		.ascii	"g -ffunction-sections -ffat-lto-objects\000"
ARM GAS  C:\Users\marti\AppData\Local\Temp\ccZX9io2.s 			page 23


 1108      66756E63 
 1108      74696F6E 
 1108      2D736563 
 1108      74696F6E 
 1109              	.LASF41:
 1110 015d 75706461 		.ascii	"updateHitStatus\000"
 1110      74654869 
 1110      74537461 
 1110      74757300 
 1111              	.LASF24:
 1112 016d 4953525F 		.ascii	"ISR_UART_rx_handler\000"
 1112      55415254 
 1112      5F72785F 
 1112      68616E64 
 1112      6C657200 
 1113              	.LASF7:
 1114 0181 6C6F6E67 		.ascii	"long unsigned int\000"
 1114      20756E73 
 1114      69676E65 
 1114      6420696E 
 1114      7400
 1115              	.LASF23:
 1116 0193 68616E64 		.ascii	"handleByteReceived\000"
 1116      6C654279 
 1116      74655265 
 1116      63656976 
 1116      656400
 1117              	.LASF31:
 1118 01a6 55415254 		.ascii	"UART_Start\000"
 1118      5F537461 
 1118      727400
 1119              	.LASF27:
 1120 01b1 49544D5F 		.ascii	"ITM_RxBuffer\000"
 1120      52784275 
 1120      66666572 
 1120      00
 1121              	.LASF20:
 1122 01be 504C4159 		.ascii	"PLAYING\000"
 1122      494E4700 
 1123              	.LASF21:
 1124 01c6 4C4F5354 		.ascii	"LOST\000"
 1124      00
 1125              	.LASF14:
 1126 01cb 646F7562 		.ascii	"double\000"
 1126      6C6500
 1127              	.LASF49:
 1128 01d2 6D61696E 		.ascii	"main\000"
 1128      00
 1129              	.LASF47:
 1130 01d7 433A5C55 		.ascii	"C:\\Users\\marti\\OneDrive\\Dokumenter\\3 semester "
 1130      73657273 
 1130      5C6D6172 
 1130      74695C4F 
 1130      6E654472 
 1131 0205 7265706F 		.ascii	"repos\\player_side_app\\rpi_Boundary\\PlayerSide_sl"
 1131      735C706C 
 1131      61796572 
ARM GAS  C:\Users\marti\AppData\Local\Temp\ccZX9io2.s 			page 24


 1131      5F736964 
 1131      655F6170 
 1132 0235 6176655C 		.ascii	"ave\\Design01.cydsn\000"
 1132      44657369 
 1132      676E3031 
 1132      2E637964 
 1132      736E00
 1133              	.LASF36:
 1134 0248 6973725F 		.ascii	"isr_StartEx\000"
 1134      53746172 
 1134      74457800 
 1135              	.LASF10:
 1136 0254 756E7369 		.ascii	"unsigned int\000"
 1136      676E6564 
 1136      20696E74 
 1136      00
 1137              	.LASF9:
 1138 0261 6C6F6E67 		.ascii	"long long unsigned int\000"
 1138      206C6F6E 
 1138      6720756E 
 1138      7369676E 
 1138      65642069 
 1139              	.LASF11:
 1140 0278 75696E74 		.ascii	"uint8_t\000"
 1140      385F7400 
 1141              	.LASF42:
 1142 0280 55415254 		.ascii	"UART_ReadRxData\000"
 1142      5F526561 
 1142      64527844 
 1142      61746100 
 1143              	.LASF12:
 1144 0290 696E7433 		.ascii	"int32_t\000"
 1144      325F7400 
 1145              	.LASF17:
 1146 0298 73697A65 		.ascii	"sizetype\000"
 1146      74797065 
 1146      00
 1147              	.LASF19:
 1148 02a1 53544152 		.ascii	"STARTING\000"
 1148      54494E47 
 1148      00
 1149              	.LASF38:
 1150 02aa 5250695F 		.ascii	"RPi_IF_handleData\000"
 1150      49465F68 
 1150      616E646C 
 1150      65446174 
 1150      6100
 1151              	.LASF34:
 1152 02bc 5250495F 		.ascii	"RPI_IF_init\000"
 1152      49465F69 
 1152      6E697400 
 1153              	.LASF46:
 1154 02c8 6D61696E 		.ascii	"main.c\000"
 1154      2E6300
 1155              	.LASF15:
 1156 02cf 63686172 		.ascii	"char\000"
 1156      00
ARM GAS  C:\Users\marti\AppData\Local\Temp\ccZX9io2.s 			page 25


 1157              	.LASF2:
 1158 02d4 73686F72 		.ascii	"short int\000"
 1158      7420696E 
 1158      7400
 1159              	.LASF22:
 1160 02de 626C696E 		.ascii	"blinking_LED\000"
 1160      6B696E67 
 1160      5F4C4544 
 1160      00
 1161              	.LASF40:
 1162 02eb 75706461 		.ascii	"updateCupStatus\000"
 1162      74654375 
 1162      70537461 
 1162      74757300 
 1163              	.LASF44:
 1164 02fb 55415254 		.ascii	"UART_GetRxBufferSize\000"
 1164      5F476574 
 1164      52784275 
 1164      66666572 
 1164      53697A65 
 1165              	.LASF6:
 1166 0310 6C6F6E67 		.ascii	"long int\000"
 1166      20696E74 
 1166      00
 1167              	.LASF16:
 1168 0319 6C6F6E67 		.ascii	"long double\000"
 1168      20646F75 
 1168      626C6500 
 1169              	.LASF0:
 1170 0325 7369676E 		.ascii	"signed char\000"
 1170      65642063 
 1170      68617200 
 1171              	.LASF32:
 1172 0331 55415254 		.ascii	"UART_PutString\000"
 1172      5F507574 
 1172      53747269 
 1172      6E6700
 1173              	.LASF33:
 1174 0340 6973725F 		.ascii	"isr_1_StartEx\000"
 1174      315F5374 
 1174      61727445 
 1174      7800
 1175              	.LASF35:
 1176 034e 43794465 		.ascii	"CyDelay\000"
 1176      6C617900 
 1177              		.ident	"GCC: (GNU Tools for ARM Embedded Processors) 5.4.1 20160609 (release) [ARM/embedded-5-bran
