--------------- Clean Started: 10/17/2018 21:50:49 Project: Design01, Configuration: ARM GCC 5.4-2016-q2-update Debug ---------------
Deleting file ".\CortexM3\ARM_GCC_541\Debug\main.o"
Deleting file ".\CortexM3\ARM_GCC_541\Debug\rgb_led.o"
Deleting file ".\CortexM3\ARM_GCC_541\Debug\light_control.o"
Deleting file ".\CortexM3\ARM_GCC_541\Debug\cyfitter_cfg.o"
Deleting file ".\CortexM3\ARM_GCC_541\Debug\cymetadata.o"
Deleting file ".\CortexM3\ARM_GCC_541\Debug\PWM_RED.o"
Deleting file ".\CortexM3\ARM_GCC_541\Debug\PWM_RED_PM.o"
Deleting file ".\CortexM3\ARM_GCC_541\Debug\PWM_GREEN.o"
Deleting file ".\CortexM3\ARM_GCC_541\Debug\PWM_GREEN_PM.o"
Deleting file ".\CortexM3\ARM_GCC_541\Debug\PWM_BLUE.o"
Deleting file ".\CortexM3\ARM_GCC_541\Debug\PWM_BLUE_PM.o"
Deleting file ".\CortexM3\ARM_GCC_541\Debug\Clock_PWM.o"
Deleting file ".\CortexM3\ARM_GCC_541\Debug\Pin_RED.o"
Deleting file ".\CortexM3\ARM_GCC_541\Debug\Pin_GREEN.o"
Deleting file ".\CortexM3\ARM_GCC_541\Debug\Pin_BLUE.o"
Deleting file ".\CortexM3\ARM_GCC_541\Debug\UART_1.o"
Deleting file ".\CortexM3\ARM_GCC_541\Debug\UART_1_PM.o"
Deleting file ".\CortexM3\ARM_GCC_541\Debug\UART_1_INT.o"
Deleting file ".\CortexM3\ARM_GCC_541\Debug\UART_1_BOOT.o"
Deleting file ".\CortexM3\ARM_GCC_541\Debug\isr_uart_rx.o"
Deleting file ".\CortexM3\ARM_GCC_541\Debug\UART_1_IntClock.o"
Deleting file ".\CortexM3\ARM_GCC_541\Debug\cy_em_eeprom.o"
Deleting file ".\CortexM3\ARM_GCC_541\Debug\Cm3Start.o"
Deleting file ".\CortexM3\ARM_GCC_541\Debug\CyBootAsmGnu.o"
Deleting file ".\CortexM3\ARM_GCC_541\Debug\CyDmac.o"
Deleting file ".\CortexM3\ARM_GCC_541\Debug\CyFlash.o"
Deleting file ".\CortexM3\ARM_GCC_541\Debug\CyLib.o"
Deleting file ".\CortexM3\ARM_GCC_541\Debug\cyPm.o"
Deleting file ".\CortexM3\ARM_GCC_541\Debug\CySpc.o"
Deleting file ".\CortexM3\ARM_GCC_541\Debug\cyutils.o"
Deleting file ".\CortexM3\ARM_GCC_541\Debug\SPIM_led_control.o"
Deleting file ".\CortexM3\ARM_GCC_541\Debug\SPIM_led_control_PM.o"
Deleting file ".\CortexM3\ARM_GCC_541\Debug\SPIM_led_control_INT.o"
Deleting file ".\CortexM3\ARM_GCC_541\Debug\Pin_mosi.o"
Deleting file ".\CortexM3\ARM_GCC_541\Debug\Pin_sclk.o"
Deleting file ".\CortexM3\ARM_GCC_541\Debug\Pin_latch.o"
Deleting file ".\CortexM3\ARM_GCC_541\Debug\Pin_miso.o"
Deleting file ".\CortexM3\ARM_GCC_541\Debug\Timer_led_updater.o"
Deleting file ".\CortexM3\ARM_GCC_541\Debug\Timer_led_updater_PM.o"
Deleting file ".\CortexM3\ARM_GCC_541\Debug\isr_update_leds.o"
Deleting file ".\CortexM3\ARM_GCC_541\Debug\Design01.hex"
Deleting file ".\CortexM3\ARM_GCC_541\Debug\Design01.elf"
Deleting file ".\CortexM3\ARM_GCC_541\Debug\Design01.map"
Deleting file ".\Design01.cycdx"
Deleting file ".\Design01.svd"
Deleting file ".\Design01.rpt"
Deleting file ".\Design01_timing.html"
Deleting file ".\CortexM3\ARM_GCC_541\Debug\.deps\SOURCE_C__ARM_GCC_GENERIC.P"
Deleting file ".\CortexM3\ARM_GCC_541\Debug\.deps\SOURCE_ASM__ARM_GCC_GENERIC.P"
--------------- Clean Succeeded: 10/17/2018 21:50:49 ---------------
