ARM GAS  C:\Users\nikol\AppData\Local\Temp\ccLE5Wal.s 			page 1


   1              		.syntax unified
   2              		.cpu cortex-m3
   3              		.fpu softvfp
   4              		.eabi_attribute 20, 1
   5              		.eabi_attribute 21, 1
   6              		.eabi_attribute 23, 3
   7              		.eabi_attribute 24, 1
   8              		.eabi_attribute 25, 1
   9              		.eabi_attribute 26, 1
  10              		.eabi_attribute 30, 1
  11              		.eabi_attribute 34, 1
  12              		.eabi_attribute 18, 4
  13              		.thumb
  14              		.syntax unified
  15              		.file	"main.c"
  16              		.text
  17              	.Ltext0:
  18              		.cfi_sections	.debug_frame
  19              		.section	.text.main,"ax",%progbits
  20              		.align	2
  21              		.global	main
  22              		.thumb
  23              		.thumb_func
  24              		.type	main, %function
  25              	main:
  26              	.LFB63:
  27              		.file 1 "main.c"
   1:main.c        **** /* ========================================
   2:main.c        ****  *
   3:main.c        ****  * Copyright YOUR COMPANY, THE YEAR
   4:main.c        ****  * All Rights Reserved
   5:main.c        ****  * UNPUBLISHED, LICENSED SOFTWARE.
   6:main.c        ****  *
   7:main.c        ****  * CONFIDENTIAL AND PROPRIETARY INFORMATION
   8:main.c        ****  * WHICH IS THE PROPERTY OF your company.
   9:main.c        ****  *
  10:main.c        ****  * ========================================
  11:main.c        **** */
  12:main.c        **** #include "project.h"
  13:main.c        **** 
  14:main.c        **** int main(void)
  15:main.c        **** {
  28              		.loc 1 15 0
  29              		.cfi_startproc
  30              		@ Volatile: function does not return.
  31              		@ args = 0, pretend = 0, frame = 0
  32              		@ frame_needed = 0, uses_anonymous_args = 0
  33 0000 08B5     		push	{r3, lr}
  34              		.cfi_def_cfa_offset 8
  35              		.cfi_offset 3, -8
  36              		.cfi_offset 14, -4
  16:main.c        ****     CyGlobalIntEnable; /* Enable global interrupts. */
  37              		.loc 1 16 0
  38              		.syntax unified
  39              	@ 16 "main.c" 1
  40 0002 62B6     		CPSIE   i
  41              	@ 0 "" 2
ARM GAS  C:\Users\nikol\AppData\Local\Temp\ccLE5Wal.s 			page 2


  17:main.c        **** 
  18:main.c        ****     /* Place your initialization/startup code here (e.g. MyInst_Start()) */
  19:main.c        ****     TIA_1_Start();
  42              		.loc 1 19 0
  43              		.thumb
  44              		.syntax unified
  45 0004 FFF7FEFF 		bl	TIA_1_Start
  46              	.LVL0:
  20:main.c        ****     PGA_1_Start();
  47              		.loc 1 20 0
  48 0008 FFF7FEFF 		bl	PGA_1_Start
  49              	.LVL1:
  21:main.c        ****     Mixer_1_Start();
  50              		.loc 1 21 0
  51 000c FFF7FEFF 		bl	Mixer_1_Start
  52              	.LVL2:
  53              	.L2:
  54 0010 FEE7     		b	.L2
  55              		.cfi_endproc
  56              	.LFE63:
  57              		.size	main, .-main
  58 0012 00BF     		.text
  59              	.Letext0:
  60              		.file 2 "c:\\program files (x86)\\cypress\\psoc creator\\4.2\\psoc creator\\import\\gnu\\arm\\5.4.
  61              		.file 3 "c:\\program files (x86)\\cypress\\psoc creator\\4.2\\psoc creator\\import\\gnu\\arm\\5.4.
  62              		.file 4 "Generated_Source\\PSoC5/TIA_1.h"
  63              		.file 5 "Generated_Source\\PSoC5/PGA_1.h"
  64              		.file 6 "Generated_Source\\PSoC5/Mixer_1.h"
  65              		.file 7 "Generated_Source\\PSoC5/core_cm3.h"
  66              		.section	.debug_info,"",%progbits
  67              	.Ldebug_info0:
  68 0000 08010000 		.4byte	0x108
  69 0004 0400     		.2byte	0x4
  70 0006 00000000 		.4byte	.Ldebug_abbrev0
  71 000a 04       		.byte	0x4
  72 000b 01       		.uleb128 0x1
  73 000c 46000000 		.4byte	.LASF19
  74 0010 0C       		.byte	0xc
  75 0011 3A000000 		.4byte	.LASF20
  76 0015 3A010000 		.4byte	.LASF21
  77 0019 00000000 		.4byte	.Ldebug_ranges0+0
  78 001d 00000000 		.4byte	0
  79 0021 00000000 		.4byte	.Ldebug_line0
  80 0025 02       		.uleb128 0x2
  81 0026 01       		.byte	0x1
  82 0027 06       		.byte	0x6
  83 0028 A4010000 		.4byte	.LASF0
  84 002c 02       		.uleb128 0x2
  85 002d 01       		.byte	0x1
  86 002e 08       		.byte	0x8
  87 002f 17010000 		.4byte	.LASF1
  88 0033 02       		.uleb128 0x2
  89 0034 02       		.byte	0x2
  90 0035 05       		.byte	0x5
  91 0036 CC010000 		.4byte	.LASF2
  92 003a 02       		.uleb128 0x2
  93 003b 02       		.byte	0x2
ARM GAS  C:\Users\nikol\AppData\Local\Temp\ccLE5Wal.s 			page 3


  94 003c 07       		.byte	0x7
  95 003d 0E000000 		.4byte	.LASF3
  96 0041 03       		.uleb128 0x3
  97 0042 BC010000 		.4byte	.LASF9
  98 0046 02       		.byte	0x2
  99 0047 3F       		.byte	0x3f
 100 0048 4C000000 		.4byte	0x4c
 101 004c 02       		.uleb128 0x2
 102 004d 04       		.byte	0x4
 103 004e 05       		.byte	0x5
 104 004f 2A010000 		.4byte	.LASF4
 105 0053 02       		.uleb128 0x2
 106 0054 04       		.byte	0x4
 107 0055 07       		.byte	0x7
 108 0056 D4000000 		.4byte	.LASF5
 109 005a 02       		.uleb128 0x2
 110 005b 08       		.byte	0x8
 111 005c 05       		.byte	0x5
 112 005d 00000000 		.4byte	.LASF6
 113 0061 02       		.uleb128 0x2
 114 0062 08       		.byte	0x8
 115 0063 07       		.byte	0x7
 116 0064 F2000000 		.4byte	.LASF7
 117 0068 04       		.uleb128 0x4
 118 0069 04       		.byte	0x4
 119 006a 05       		.byte	0x5
 120 006b 696E7400 		.ascii	"int\000"
 121 006f 02       		.uleb128 0x2
 122 0070 04       		.byte	0x4
 123 0071 07       		.byte	0x7
 124 0072 2D000000 		.4byte	.LASF8
 125 0076 03       		.uleb128 0x3
 126 0077 D6010000 		.4byte	.LASF10
 127 007b 03       		.byte	0x3
 128 007c 2C       		.byte	0x2c
 129 007d 41000000 		.4byte	0x41
 130 0081 02       		.uleb128 0x2
 131 0082 04       		.byte	0x4
 132 0083 04       		.byte	0x4
 133 0084 C6010000 		.4byte	.LASF11
 134 0088 02       		.uleb128 0x2
 135 0089 08       		.byte	0x8
 136 008a 04       		.byte	0x4
 137 008b 33010000 		.4byte	.LASF12
 138 008f 02       		.uleb128 0x2
 139 0090 01       		.byte	0x1
 140 0091 08       		.byte	0x8
 141 0092 25010000 		.4byte	.LASF13
 142 0096 02       		.uleb128 0x2
 143 0097 08       		.byte	0x8
 144 0098 04       		.byte	0x4
 145 0099 B0010000 		.4byte	.LASF14
 146 009d 02       		.uleb128 0x2
 147 009e 04       		.byte	0x4
 148 009f 07       		.byte	0x7
 149 00a0 DE010000 		.4byte	.LASF15
 150 00a4 05       		.uleb128 0x5
ARM GAS  C:\Users\nikol\AppData\Local\Temp\ccLE5Wal.s 			page 4


 151 00a5 41000000 		.4byte	.LASF22
 152 00a9 01       		.byte	0x1
 153 00aa 0E       		.byte	0xe
 154 00ab 68000000 		.4byte	0x68
 155 00af 00000000 		.4byte	.LFB63
 156 00b3 12000000 		.4byte	.LFE63-.LFB63
 157 00b7 01       		.uleb128 0x1
 158 00b8 9C       		.byte	0x9c
 159 00b9 D9000000 		.4byte	0xd9
 160 00bd 06       		.uleb128 0x6
 161 00be 08000000 		.4byte	.LVL0
 162 00c2 EA000000 		.4byte	0xea
 163 00c6 06       		.uleb128 0x6
 164 00c7 0C000000 		.4byte	.LVL1
 165 00cb F5000000 		.4byte	0xf5
 166 00cf 06       		.uleb128 0x6
 167 00d0 10000000 		.4byte	.LVL2
 168 00d4 00010000 		.4byte	0x100
 169 00d8 00       		.byte	0
 170 00d9 07       		.uleb128 0x7
 171 00da 97010000 		.4byte	.LASF23
 172 00de 07       		.byte	0x7
 173 00df 1207     		.2byte	0x712
 174 00e1 E5000000 		.4byte	0xe5
 175 00e5 08       		.uleb128 0x8
 176 00e6 76000000 		.4byte	0x76
 177 00ea 09       		.uleb128 0x9
 178 00eb 21000000 		.4byte	.LASF16
 179 00ef 21000000 		.4byte	.LASF16
 180 00f3 04       		.byte	0x4
 181 00f4 3D       		.byte	0x3d
 182 00f5 09       		.uleb128 0x9
 183 00f6 E6000000 		.4byte	.LASF17
 184 00fa E6000000 		.4byte	.LASF17
 185 00fe 05       		.byte	0x5
 186 00ff 3E       		.byte	0x3e
 187 0100 09       		.uleb128 0x9
 188 0101 09010000 		.4byte	.LASF18
 189 0105 09010000 		.4byte	.LASF18
 190 0109 06       		.byte	0x6
 191 010a 3D       		.byte	0x3d
 192 010b 00       		.byte	0
 193              		.section	.debug_abbrev,"",%progbits
 194              	.Ldebug_abbrev0:
 195 0000 01       		.uleb128 0x1
 196 0001 11       		.uleb128 0x11
 197 0002 01       		.byte	0x1
 198 0003 25       		.uleb128 0x25
 199 0004 0E       		.uleb128 0xe
 200 0005 13       		.uleb128 0x13
 201 0006 0B       		.uleb128 0xb
 202 0007 03       		.uleb128 0x3
 203 0008 0E       		.uleb128 0xe
 204 0009 1B       		.uleb128 0x1b
 205 000a 0E       		.uleb128 0xe
 206 000b 55       		.uleb128 0x55
 207 000c 17       		.uleb128 0x17
ARM GAS  C:\Users\nikol\AppData\Local\Temp\ccLE5Wal.s 			page 5


 208 000d 11       		.uleb128 0x11
 209 000e 01       		.uleb128 0x1
 210 000f 10       		.uleb128 0x10
 211 0010 17       		.uleb128 0x17
 212 0011 00       		.byte	0
 213 0012 00       		.byte	0
 214 0013 02       		.uleb128 0x2
 215 0014 24       		.uleb128 0x24
 216 0015 00       		.byte	0
 217 0016 0B       		.uleb128 0xb
 218 0017 0B       		.uleb128 0xb
 219 0018 3E       		.uleb128 0x3e
 220 0019 0B       		.uleb128 0xb
 221 001a 03       		.uleb128 0x3
 222 001b 0E       		.uleb128 0xe
 223 001c 00       		.byte	0
 224 001d 00       		.byte	0
 225 001e 03       		.uleb128 0x3
 226 001f 16       		.uleb128 0x16
 227 0020 00       		.byte	0
 228 0021 03       		.uleb128 0x3
 229 0022 0E       		.uleb128 0xe
 230 0023 3A       		.uleb128 0x3a
 231 0024 0B       		.uleb128 0xb
 232 0025 3B       		.uleb128 0x3b
 233 0026 0B       		.uleb128 0xb
 234 0027 49       		.uleb128 0x49
 235 0028 13       		.uleb128 0x13
 236 0029 00       		.byte	0
 237 002a 00       		.byte	0
 238 002b 04       		.uleb128 0x4
 239 002c 24       		.uleb128 0x24
 240 002d 00       		.byte	0
 241 002e 0B       		.uleb128 0xb
 242 002f 0B       		.uleb128 0xb
 243 0030 3E       		.uleb128 0x3e
 244 0031 0B       		.uleb128 0xb
 245 0032 03       		.uleb128 0x3
 246 0033 08       		.uleb128 0x8
 247 0034 00       		.byte	0
 248 0035 00       		.byte	0
 249 0036 05       		.uleb128 0x5
 250 0037 2E       		.uleb128 0x2e
 251 0038 01       		.byte	0x1
 252 0039 3F       		.uleb128 0x3f
 253 003a 19       		.uleb128 0x19
 254 003b 03       		.uleb128 0x3
 255 003c 0E       		.uleb128 0xe
 256 003d 3A       		.uleb128 0x3a
 257 003e 0B       		.uleb128 0xb
 258 003f 3B       		.uleb128 0x3b
 259 0040 0B       		.uleb128 0xb
 260 0041 27       		.uleb128 0x27
 261 0042 19       		.uleb128 0x19
 262 0043 49       		.uleb128 0x49
 263 0044 13       		.uleb128 0x13
 264 0045 8701     		.uleb128 0x87
ARM GAS  C:\Users\nikol\AppData\Local\Temp\ccLE5Wal.s 			page 6


 265 0047 19       		.uleb128 0x19
 266 0048 11       		.uleb128 0x11
 267 0049 01       		.uleb128 0x1
 268 004a 12       		.uleb128 0x12
 269 004b 06       		.uleb128 0x6
 270 004c 40       		.uleb128 0x40
 271 004d 18       		.uleb128 0x18
 272 004e 9742     		.uleb128 0x2117
 273 0050 19       		.uleb128 0x19
 274 0051 01       		.uleb128 0x1
 275 0052 13       		.uleb128 0x13
 276 0053 00       		.byte	0
 277 0054 00       		.byte	0
 278 0055 06       		.uleb128 0x6
 279 0056 898201   		.uleb128 0x4109
 280 0059 00       		.byte	0
 281 005a 11       		.uleb128 0x11
 282 005b 01       		.uleb128 0x1
 283 005c 31       		.uleb128 0x31
 284 005d 13       		.uleb128 0x13
 285 005e 00       		.byte	0
 286 005f 00       		.byte	0
 287 0060 07       		.uleb128 0x7
 288 0061 34       		.uleb128 0x34
 289 0062 00       		.byte	0
 290 0063 03       		.uleb128 0x3
 291 0064 0E       		.uleb128 0xe
 292 0065 3A       		.uleb128 0x3a
 293 0066 0B       		.uleb128 0xb
 294 0067 3B       		.uleb128 0x3b
 295 0068 05       		.uleb128 0x5
 296 0069 49       		.uleb128 0x49
 297 006a 13       		.uleb128 0x13
 298 006b 3F       		.uleb128 0x3f
 299 006c 19       		.uleb128 0x19
 300 006d 3C       		.uleb128 0x3c
 301 006e 19       		.uleb128 0x19
 302 006f 00       		.byte	0
 303 0070 00       		.byte	0
 304 0071 08       		.uleb128 0x8
 305 0072 35       		.uleb128 0x35
 306 0073 00       		.byte	0
 307 0074 49       		.uleb128 0x49
 308 0075 13       		.uleb128 0x13
 309 0076 00       		.byte	0
 310 0077 00       		.byte	0
 311 0078 09       		.uleb128 0x9
 312 0079 2E       		.uleb128 0x2e
 313 007a 00       		.byte	0
 314 007b 3F       		.uleb128 0x3f
 315 007c 19       		.uleb128 0x19
 316 007d 3C       		.uleb128 0x3c
 317 007e 19       		.uleb128 0x19
 318 007f 6E       		.uleb128 0x6e
 319 0080 0E       		.uleb128 0xe
 320 0081 03       		.uleb128 0x3
 321 0082 0E       		.uleb128 0xe
ARM GAS  C:\Users\nikol\AppData\Local\Temp\ccLE5Wal.s 			page 7


 322 0083 3A       		.uleb128 0x3a
 323 0084 0B       		.uleb128 0xb
 324 0085 3B       		.uleb128 0x3b
 325 0086 0B       		.uleb128 0xb
 326 0087 00       		.byte	0
 327 0088 00       		.byte	0
 328 0089 00       		.byte	0
 329              		.section	.debug_aranges,"",%progbits
 330 0000 1C000000 		.4byte	0x1c
 331 0004 0200     		.2byte	0x2
 332 0006 00000000 		.4byte	.Ldebug_info0
 333 000a 04       		.byte	0x4
 334 000b 00       		.byte	0
 335 000c 0000     		.2byte	0
 336 000e 0000     		.2byte	0
 337 0010 00000000 		.4byte	.LFB63
 338 0014 12000000 		.4byte	.LFE63-.LFB63
 339 0018 00000000 		.4byte	0
 340 001c 00000000 		.4byte	0
 341              		.section	.debug_ranges,"",%progbits
 342              	.Ldebug_ranges0:
 343 0000 00000000 		.4byte	.LFB63
 344 0004 12000000 		.4byte	.LFE63
 345 0008 00000000 		.4byte	0
 346 000c 00000000 		.4byte	0
 347              		.section	.debug_line,"",%progbits
 348              	.Ldebug_line0:
 349 0000 7B010000 		.section	.debug_str,"MS",%progbits,1
 349      02006201 
 349      00000201 
 349      FB0E0D00 
 349      01010101 
 350              	.LASF6:
 351 0000 6C6F6E67 		.ascii	"long long int\000"
 351      206C6F6E 
 351      6720696E 
 351      7400
 352              	.LASF3:
 353 000e 73686F72 		.ascii	"short unsigned int\000"
 353      7420756E 
 353      7369676E 
 353      65642069 
 353      6E7400
 354              	.LASF16:
 355 0021 5449415F 		.ascii	"TIA_1_Start\000"
 355      315F5374 
 355      61727400 
 356              	.LASF8:
 357 002d 756E7369 		.ascii	"unsigned int\000"
 357      676E6564 
 357      20696E74 
 357      00
 358              	.LASF20:
 359 003a 6D61696E 		.ascii	"main.c\000"
 359      2E6300
 360              	.LASF22:
 361 0041 6D61696E 		.ascii	"main\000"
ARM GAS  C:\Users\nikol\AppData\Local\Temp\ccLE5Wal.s 			page 8


 361      00
 362              	.LASF19:
 363 0046 474E5520 		.ascii	"GNU C11 5.4.1 20160609 (release) [ARM/embedded-5-br"
 363      43313120 
 363      352E342E 
 363      31203230 
 363      31363036 
 364 0079 616E6368 		.ascii	"anch revision 237715] -mcpu=cortex-m3 -mthumb -g -O"
 364      20726576 
 364      6973696F 
 364      6E203233 
 364      37373135 
 365 00ac 67202D66 		.ascii	"g -ffunction-sections -ffat-lto-objects\000"
 365      66756E63 
 365      74696F6E 
 365      2D736563 
 365      74696F6E 
 366              	.LASF5:
 367 00d4 6C6F6E67 		.ascii	"long unsigned int\000"
 367      20756E73 
 367      69676E65 
 367      6420696E 
 367      7400
 368              	.LASF17:
 369 00e6 5047415F 		.ascii	"PGA_1_Start\000"
 369      315F5374 
 369      61727400 
 370              	.LASF7:
 371 00f2 6C6F6E67 		.ascii	"long long unsigned int\000"
 371      206C6F6E 
 371      6720756E 
 371      7369676E 
 371      65642069 
 372              	.LASF18:
 373 0109 4D697865 		.ascii	"Mixer_1_Start\000"
 373      725F315F 
 373      53746172 
 373      7400
 374              	.LASF1:
 375 0117 756E7369 		.ascii	"unsigned char\000"
 375      676E6564 
 375      20636861 
 375      7200
 376              	.LASF13:
 377 0125 63686172 		.ascii	"char\000"
 377      00
 378              	.LASF4:
 379 012a 6C6F6E67 		.ascii	"long int\000"
 379      20696E74 
 379      00
 380              	.LASF12:
 381 0133 646F7562 		.ascii	"double\000"
 381      6C6500
 382              	.LASF21:
 383 013a 433A5C55 		.ascii	"C:\\Users\\nikol\\Documents\\git\\3. Semester\\PRJ3"
 383      73657273 
 383      5C6E696B 
ARM GAS  C:\Users\nikol\AppData\Local\Temp\ccLE5Wal.s 			page 9


 383      6F6C5C44 
 383      6F63756D 
 384 0167 5C706C61 		.ascii	"\\player_side_app\\CupSensor_IF\\OpticSensor.cydsn\000"
 384      7965725F 
 384      73696465 
 384      5F617070 
 384      5C437570 
 385              	.LASF23:
 386 0197 49544D5F 		.ascii	"ITM_RxBuffer\000"
 386      52784275 
 386      66666572 
 386      00
 387              	.LASF0:
 388 01a4 7369676E 		.ascii	"signed char\000"
 388      65642063 
 388      68617200 
 389              	.LASF14:
 390 01b0 6C6F6E67 		.ascii	"long double\000"
 390      20646F75 
 390      626C6500 
 391              	.LASF9:
 392 01bc 5F5F696E 		.ascii	"__int32_t\000"
 392      7433325F 
 392      7400
 393              	.LASF11:
 394 01c6 666C6F61 		.ascii	"float\000"
 394      7400
 395              	.LASF2:
 396 01cc 73686F72 		.ascii	"short int\000"
 396      7420696E 
 396      7400
 397              	.LASF10:
 398 01d6 696E7433 		.ascii	"int32_t\000"
 398      325F7400 
 399              	.LASF15:
 400 01de 73697A65 		.ascii	"sizetype\000"
 400      74797065 
 400      00
 401              		.ident	"GCC: (GNU Tools for ARM Embedded Processors) 5.4.1 20160609 (release) [ARM/embedded-5-bran
