ARM GAS  C:\Users\nikol\AppData\Local\Temp\ccC4hFoY.s 			page 1


   1              		.syntax unified
   2              		.cpu cortex-m3
   3              		.fpu softvfp
   4              		.eabi_attribute 20, 1
   5              		.eabi_attribute 21, 1
   6              		.eabi_attribute 23, 3
   7              		.eabi_attribute 24, 1
   8              		.eabi_attribute 25, 1
   9              		.eabi_attribute 26, 1
  10              		.eabi_attribute 30, 6
  11              		.eabi_attribute 34, 1
  12              		.eabi_attribute 18, 4
  13              		.thumb
  14              		.syntax unified
  15              		.file	"CapSense_CSD_INT.c"
  16              		.text
  17              	.Ltext0:
  18              		.cfi_sections	.debug_frame
  19              		.section	.text.CapSense_CSD_IsrCH0_ISR,"ax",%progbits
  20              		.align	2
  21              		.global	CapSense_CSD_IsrCH0_ISR
  22              		.thumb
  23              		.thumb_func
  24              		.type	CapSense_CSD_IsrCH0_ISR, %function
  25              	CapSense_CSD_IsrCH0_ISR:
  26              	.LFB0:
  27              		.file 1 "Generated_Source\\PSoC5\\CapSense_CSD_INT.c"
   1:Generated_Source\PSoC5/CapSense_CSD_INT.c **** /*******************************************************************************
   2:Generated_Source\PSoC5/CapSense_CSD_INT.c **** * File Name: CapSense_CSD_INT.c
   3:Generated_Source\PSoC5/CapSense_CSD_INT.c **** * Version 3.50
   4:Generated_Source\PSoC5/CapSense_CSD_INT.c **** *
   5:Generated_Source\PSoC5/CapSense_CSD_INT.c **** * Description:
   6:Generated_Source\PSoC5/CapSense_CSD_INT.c **** *  This file provides the source code of Interrupt Service Routine (ISR)
   7:Generated_Source\PSoC5/CapSense_CSD_INT.c **** *  for CapSense CSD component.
   8:Generated_Source\PSoC5/CapSense_CSD_INT.c **** *
   9:Generated_Source\PSoC5/CapSense_CSD_INT.c **** * Note:
  10:Generated_Source\PSoC5/CapSense_CSD_INT.c **** *
  11:Generated_Source\PSoC5/CapSense_CSD_INT.c **** ********************************************************************************
  12:Generated_Source\PSoC5/CapSense_CSD_INT.c **** * Copyright 2008-2013, Cypress Semiconductor Corporation.  All rights reserved.
  13:Generated_Source\PSoC5/CapSense_CSD_INT.c **** * You may use this file only in accordance with the license, terms, conditions,
  14:Generated_Source\PSoC5/CapSense_CSD_INT.c **** * disclaimers, and limitations in the end user license agreement accompanying
  15:Generated_Source\PSoC5/CapSense_CSD_INT.c **** * the software package with which this file was provided.
  16:Generated_Source\PSoC5/CapSense_CSD_INT.c **** *******************************************************************************/
  17:Generated_Source\PSoC5/CapSense_CSD_INT.c **** 
  18:Generated_Source\PSoC5/CapSense_CSD_INT.c **** #include "CapSense_CSD.h"
  19:Generated_Source\PSoC5/CapSense_CSD_INT.c **** #include "cyapicallbacks.h"
  20:Generated_Source\PSoC5/CapSense_CSD_INT.c **** 
  21:Generated_Source\PSoC5/CapSense_CSD_INT.c **** 
  22:Generated_Source\PSoC5/CapSense_CSD_INT.c **** /*******************************************************************************
  23:Generated_Source\PSoC5/CapSense_CSD_INT.c **** *  Place your includes, defines and code here 
  24:Generated_Source\PSoC5/CapSense_CSD_INT.c **** ********************************************************************************/
  25:Generated_Source\PSoC5/CapSense_CSD_INT.c **** /* `#START CapSense_CSD_IsrCH_ISR_intc` */
  26:Generated_Source\PSoC5/CapSense_CSD_INT.c **** 
  27:Generated_Source\PSoC5/CapSense_CSD_INT.c **** /* `#END` */
  28:Generated_Source\PSoC5/CapSense_CSD_INT.c **** 
  29:Generated_Source\PSoC5/CapSense_CSD_INT.c **** 
  30:Generated_Source\PSoC5/CapSense_CSD_INT.c **** #if (CapSense_CSD_DESIGN_TYPE == CapSense_CSD_ONE_CHANNEL_DESIGN)
ARM GAS  C:\Users\nikol\AppData\Local\Temp\ccC4hFoY.s 			page 2


  31:Generated_Source\PSoC5/CapSense_CSD_INT.c ****     /*******************************************************************************
  32:Generated_Source\PSoC5/CapSense_CSD_INT.c ****     * Function Name: CapSense_CSD_IsrCH0_ISR
  33:Generated_Source\PSoC5/CapSense_CSD_INT.c ****     ********************************************************************************
  34:Generated_Source\PSoC5/CapSense_CSD_INT.c ****     *
  35:Generated_Source\PSoC5/CapSense_CSD_INT.c ****     * Summary:
  36:Generated_Source\PSoC5/CapSense_CSD_INT.c ****     *  This ISR is executed when measure window is closed. The measure window 
  37:Generated_Source\PSoC5/CapSense_CSD_INT.c ****     *  depends on scan resolution parameter of sensor. 
  38:Generated_Source\PSoC5/CapSense_CSD_INT.c ****     *  The ISR has two modes: 
  39:Generated_Source\PSoC5/CapSense_CSD_INT.c ****     *   1. Scans single sensor and stores measure result.
  40:Generated_Source\PSoC5/CapSense_CSD_INT.c ****     *   2. Stores result of current measure and starts next scan till all 
  41:Generated_Source\PSoC5/CapSense_CSD_INT.c ****     *      enabled sensors will be scanned.
  42:Generated_Source\PSoC5/CapSense_CSD_INT.c ****     *  This interrupt handler only used in one channel designs.
  43:Generated_Source\PSoC5/CapSense_CSD_INT.c ****     *
  44:Generated_Source\PSoC5/CapSense_CSD_INT.c ****     * Parameters:
  45:Generated_Source\PSoC5/CapSense_CSD_INT.c ****     *  None
  46:Generated_Source\PSoC5/CapSense_CSD_INT.c ****     *
  47:Generated_Source\PSoC5/CapSense_CSD_INT.c ****     * Return:
  48:Generated_Source\PSoC5/CapSense_CSD_INT.c ****     *  None
  49:Generated_Source\PSoC5/CapSense_CSD_INT.c ****     *
  50:Generated_Source\PSoC5/CapSense_CSD_INT.c ****     * Global Variables:
  51:Generated_Source\PSoC5/CapSense_CSD_INT.c ****     *  CapSense_CSD_csv - used to provide status and mode of scanning process.
  52:Generated_Source\PSoC5/CapSense_CSD_INT.c ****     *   Mode - single scan or scan of all enabled sensors.
  53:Generated_Source\PSoC5/CapSense_CSD_INT.c ****     *   Status - scan in progress or ready for new scan.
  54:Generated_Source\PSoC5/CapSense_CSD_INT.c ****     *  CapSense_CSD_sensorIndex - used to store sensor scanning sensor number.
  55:Generated_Source\PSoC5/CapSense_CSD_INT.c ****     *
  56:Generated_Source\PSoC5/CapSense_CSD_INT.c ****     * Reentrant:
  57:Generated_Source\PSoC5/CapSense_CSD_INT.c ****     *  No
  58:Generated_Source\PSoC5/CapSense_CSD_INT.c ****     *
  59:Generated_Source\PSoC5/CapSense_CSD_INT.c ****     *******************************************************************************/
  60:Generated_Source\PSoC5/CapSense_CSD_INT.c ****     CY_ISR(CapSense_CSD_IsrCH0_ISR)
  61:Generated_Source\PSoC5/CapSense_CSD_INT.c ****     {
  28              		.loc 1 61 0
  29              		.cfi_startproc
  30              		@ args = 0, pretend = 0, frame = 0
  31              		@ frame_needed = 1, uses_anonymous_args = 0
  32 0000 80B5     		push	{r7, lr}
  33              		.cfi_def_cfa_offset 8
  34              		.cfi_offset 7, -8
  35              		.cfi_offset 14, -4
  36 0002 00AF     		add	r7, sp, #0
  37              		.cfi_def_cfa_register 7
  62:Generated_Source\PSoC5/CapSense_CSD_INT.c ****         #ifdef CapSense_CSD_ONE_CHANNEL_CH0_ISR_ENTRY_CALLBACK
  63:Generated_Source\PSoC5/CapSense_CSD_INT.c ****             CapSense_CSD_IsrCH0_ISR_EntryCallback();
  64:Generated_Source\PSoC5/CapSense_CSD_INT.c ****         #endif /* CapSense_CSD_ONE_CHANNEL_CH0_ISR_ENTRY_CALLBACK */
  65:Generated_Source\PSoC5/CapSense_CSD_INT.c **** 
  66:Generated_Source\PSoC5/CapSense_CSD_INT.c ****         /*  Place your Interrupt code here. */
  67:Generated_Source\PSoC5/CapSense_CSD_INT.c ****         /* `#START CapSense_CSD_ONE_CHANNEL_IsrCH0_ISR_ENTER` */
  68:Generated_Source\PSoC5/CapSense_CSD_INT.c **** 
  69:Generated_Source\PSoC5/CapSense_CSD_INT.c ****         /* `#END` */
  70:Generated_Source\PSoC5/CapSense_CSD_INT.c **** 
  71:Generated_Source\PSoC5/CapSense_CSD_INT.c ****         /* Save results and disable sensor */
  72:Generated_Source\PSoC5/CapSense_CSD_INT.c ****         CapSense_CSD_PostScan(CapSense_CSD_sensorIndex);
  38              		.loc 1 72 0
  39 0004 1A4B     		ldr	r3, .L6
  40 0006 1B78     		ldrb	r3, [r3]
  41 0008 DBB2     		uxtb	r3, r3
  42 000a 1846     		mov	r0, r3
ARM GAS  C:\Users\nikol\AppData\Local\Temp\ccC4hFoY.s 			page 3


  43 000c FFF7FEFF 		bl	CapSense_CSD_PostScan
  73:Generated_Source\PSoC5/CapSense_CSD_INT.c ****                 
  74:Generated_Source\PSoC5/CapSense_CSD_INT.c ****         if ((CapSense_CSD_csv & CapSense_CSD_SW_CTRL_SINGLE_SCAN) != 0u)
  44              		.loc 1 74 0
  45 0010 184B     		ldr	r3, .L6+4
  46 0012 1B78     		ldrb	r3, [r3]
  47 0014 DBB2     		uxtb	r3, r3
  48 0016 5BB2     		sxtb	r3, r3
  49 0018 002B     		cmp	r3, #0
  50 001a 08DA     		bge	.L2
  75:Generated_Source\PSoC5/CapSense_CSD_INT.c ****         {
  76:Generated_Source\PSoC5/CapSense_CSD_INT.c ****             CapSense_CSD_csv &= (uint8)~CapSense_CSD_SW_STS_BUSY;
  51              		.loc 1 76 0
  52 001c 154B     		ldr	r3, .L6+4
  53 001e 1B78     		ldrb	r3, [r3]
  54 0020 DBB2     		uxtb	r3, r3
  55 0022 23F00103 		bic	r3, r3, #1
  56 0026 DAB2     		uxtb	r2, r3
  57 0028 124B     		ldr	r3, .L6+4
  58 002a 1A70     		strb	r2, [r3]
  77:Generated_Source\PSoC5/CapSense_CSD_INT.c ****         }
  78:Generated_Source\PSoC5/CapSense_CSD_INT.c ****         else
  79:Generated_Source\PSoC5/CapSense_CSD_INT.c ****         {
  80:Generated_Source\PSoC5/CapSense_CSD_INT.c ****             /* Proceed the scanning */
  81:Generated_Source\PSoC5/CapSense_CSD_INT.c ****             CapSense_CSD_sensorIndex = CapSense_CSD_FindNextSensor(CapSense_CSD_sensorIndex);
  82:Generated_Source\PSoC5/CapSense_CSD_INT.c ****             
  83:Generated_Source\PSoC5/CapSense_CSD_INT.c ****             /* Check end of scan */
  84:Generated_Source\PSoC5/CapSense_CSD_INT.c ****             if(CapSense_CSD_sensorIndex < CapSense_CSD_TOTAL_SENSOR_COUNT)
  85:Generated_Source\PSoC5/CapSense_CSD_INT.c ****             {
  86:Generated_Source\PSoC5/CapSense_CSD_INT.c ****                 CapSense_CSD_PreScan(CapSense_CSD_sensorIndex);
  87:Generated_Source\PSoC5/CapSense_CSD_INT.c ****             }
  88:Generated_Source\PSoC5/CapSense_CSD_INT.c ****             else
  89:Generated_Source\PSoC5/CapSense_CSD_INT.c ****             {
  90:Generated_Source\PSoC5/CapSense_CSD_INT.c ****                 CapSense_CSD_csv &= (uint8)~CapSense_CSD_SW_STS_BUSY;
  91:Generated_Source\PSoC5/CapSense_CSD_INT.c ****             } 
  92:Generated_Source\PSoC5/CapSense_CSD_INT.c ****         }
  93:Generated_Source\PSoC5/CapSense_CSD_INT.c **** 
  94:Generated_Source\PSoC5/CapSense_CSD_INT.c ****         /*  Place your Interrupt code here. */
  95:Generated_Source\PSoC5/CapSense_CSD_INT.c ****         /* `#START CapSense_CSD_ONE_CHANNEL_IsrCH0_ISR_EXIT` */
  96:Generated_Source\PSoC5/CapSense_CSD_INT.c **** 
  97:Generated_Source\PSoC5/CapSense_CSD_INT.c ****         /* `#END` */
  98:Generated_Source\PSoC5/CapSense_CSD_INT.c **** 
  99:Generated_Source\PSoC5/CapSense_CSD_INT.c ****         #ifdef CapSense_CSD_ONE_CHANNEL_CH0_ISR_EXIT_CALLBACK
 100:Generated_Source\PSoC5/CapSense_CSD_INT.c ****             CapSense_CSD_IsrCH0_ISR_ExitCallback();
 101:Generated_Source\PSoC5/CapSense_CSD_INT.c ****         #endif /* CapSense_CSD_ONE_CHANNEL_CH0_ISR_EXIT_CALLBACK */
 102:Generated_Source\PSoC5/CapSense_CSD_INT.c ****     }
  59              		.loc 1 102 0
  60 002c 1DE0     		b	.L5
  61              	.L2:
  81:Generated_Source\PSoC5/CapSense_CSD_INT.c ****             
  62              		.loc 1 81 0
  63 002e 104B     		ldr	r3, .L6
  64 0030 1B78     		ldrb	r3, [r3]
  65 0032 DBB2     		uxtb	r3, r3
  66 0034 1846     		mov	r0, r3
  67 0036 FFF7FEFF 		bl	CapSense_CSD_FindNextSensor
  68 003a 0346     		mov	r3, r0
ARM GAS  C:\Users\nikol\AppData\Local\Temp\ccC4hFoY.s 			page 4


  69 003c 1A46     		mov	r2, r3
  70 003e 0C4B     		ldr	r3, .L6
  71 0040 1A70     		strb	r2, [r3]
  84:Generated_Source\PSoC5/CapSense_CSD_INT.c ****             {
  72              		.loc 1 84 0
  73 0042 0B4B     		ldr	r3, .L6
  74 0044 1B78     		ldrb	r3, [r3]
  75 0046 DBB2     		uxtb	r3, r3
  76 0048 002B     		cmp	r3, #0
  77 004a 06D1     		bne	.L4
  86:Generated_Source\PSoC5/CapSense_CSD_INT.c ****             }
  78              		.loc 1 86 0
  79 004c 084B     		ldr	r3, .L6
  80 004e 1B78     		ldrb	r3, [r3]
  81 0050 DBB2     		uxtb	r3, r3
  82 0052 1846     		mov	r0, r3
  83 0054 FFF7FEFF 		bl	CapSense_CSD_PreScan
  84              		.loc 1 102 0
  85 0058 07E0     		b	.L5
  86              	.L4:
  90:Generated_Source\PSoC5/CapSense_CSD_INT.c ****             } 
  87              		.loc 1 90 0
  88 005a 064B     		ldr	r3, .L6+4
  89 005c 1B78     		ldrb	r3, [r3]
  90 005e DBB2     		uxtb	r3, r3
  91 0060 23F00103 		bic	r3, r3, #1
  92 0064 DAB2     		uxtb	r2, r3
  93 0066 034B     		ldr	r3, .L6+4
  94 0068 1A70     		strb	r2, [r3]
  95              	.L5:
  96              		.loc 1 102 0
  97 006a 00BF     		nop
  98 006c 80BD     		pop	{r7, pc}
  99              	.L7:
 100 006e 00BF     		.align	2
 101              	.L6:
 102 0070 00000000 		.word	CapSense_CSD_sensorIndex
 103 0074 00000000 		.word	CapSense_CSD_csv
 104              		.cfi_endproc
 105              	.LFE0:
 106              		.size	CapSense_CSD_IsrCH0_ISR, .-CapSense_CSD_IsrCH0_ISR
 107              		.text
 108              	.Letext0:
 109              		.file 2 "Generated_Source\\PSoC5\\CapSense_CSD.h"
 110              		.file 3 "Generated_Source\\PSoC5\\cytypes.h"
 111              		.section	.debug_info,"",%progbits
 112              	.Ldebug_info0:
 113 0000 C5000000 		.4byte	0xc5
 114 0004 0400     		.2byte	0x4
 115 0006 00000000 		.4byte	.Ldebug_abbrev0
 116 000a 04       		.byte	0x4
 117 000b 01       		.uleb128 0x1
 118 000c 93000000 		.4byte	.LASF16
 119 0010 0C       		.byte	0xc
 120 0011 34000000 		.4byte	.LASF17
 121 0015 8A010000 		.4byte	.LASF18
 122 0019 00000000 		.4byte	.Ldebug_ranges0+0
ARM GAS  C:\Users\nikol\AppData\Local\Temp\ccC4hFoY.s 			page 5


 123 001d 00000000 		.4byte	0
 124 0021 00000000 		.4byte	.Ldebug_line0
 125 0025 02       		.uleb128 0x2
 126 0026 01       		.byte	0x1
 127 0027 06       		.byte	0x6
 128 0028 68010000 		.4byte	.LASF0
 129 002c 02       		.uleb128 0x2
 130 002d 01       		.byte	0x1
 131 002e 08       		.byte	0x8
 132 002f 32010000 		.4byte	.LASF1
 133 0033 02       		.uleb128 0x2
 134 0034 02       		.byte	0x2
 135 0035 05       		.byte	0x5
 136 0036 80010000 		.4byte	.LASF2
 137 003a 02       		.uleb128 0x2
 138 003b 02       		.byte	0x2
 139 003c 07       		.byte	0x7
 140 003d 55010000 		.4byte	.LASF3
 141 0041 02       		.uleb128 0x2
 142 0042 04       		.byte	0x4
 143 0043 05       		.byte	0x5
 144 0044 45010000 		.4byte	.LASF4
 145 0048 02       		.uleb128 0x2
 146 0049 04       		.byte	0x4
 147 004a 07       		.byte	0x7
 148 004b 64000000 		.4byte	.LASF5
 149 004f 02       		.uleb128 0x2
 150 0050 08       		.byte	0x8
 151 0051 05       		.byte	0x5
 152 0052 00000000 		.4byte	.LASF6
 153 0056 02       		.uleb128 0x2
 154 0057 08       		.byte	0x8
 155 0058 07       		.byte	0x7
 156 0059 76000000 		.4byte	.LASF7
 157 005d 03       		.uleb128 0x3
 158 005e 04       		.byte	0x4
 159 005f 05       		.byte	0x5
 160 0060 696E7400 		.ascii	"int\000"
 161 0064 02       		.uleb128 0x2
 162 0065 04       		.byte	0x4
 163 0066 07       		.byte	0x7
 164 0067 0E000000 		.4byte	.LASF8
 165 006b 04       		.uleb128 0x4
 166 006c 5E000000 		.4byte	.LASF19
 167 0070 03       		.byte	0x3
 168 0071 9201     		.2byte	0x192
 169 0073 2C000000 		.4byte	0x2c
 170 0077 02       		.uleb128 0x2
 171 0078 04       		.byte	0x4
 172 0079 04       		.byte	0x4
 173 007a 8D000000 		.4byte	.LASF9
 174 007e 02       		.uleb128 0x2
 175 007f 08       		.byte	0x8
 176 0080 04       		.byte	0x4
 177 0081 4E010000 		.4byte	.LASF10
 178 0085 02       		.uleb128 0x2
 179 0086 01       		.byte	0x1
ARM GAS  C:\Users\nikol\AppData\Local\Temp\ccC4hFoY.s 			page 6


 180 0087 08       		.byte	0x8
 181 0088 40010000 		.4byte	.LASF11
 182 008c 05       		.uleb128 0x5
 183 008d 6B000000 		.4byte	0x6b
 184 0091 02       		.uleb128 0x2
 185 0092 08       		.byte	0x8
 186 0093 04       		.byte	0x4
 187 0094 74010000 		.4byte	.LASF12
 188 0098 02       		.uleb128 0x2
 189 0099 04       		.byte	0x4
 190 009a 07       		.byte	0x7
 191 009b 09020000 		.4byte	.LASF13
 192 009f 06       		.uleb128 0x6
 193 00a0 F1010000 		.4byte	.LASF20
 194 00a4 01       		.byte	0x1
 195 00a5 3C       		.byte	0x3c
 196 00a6 00000000 		.4byte	.LFB0
 197 00aa 78000000 		.4byte	.LFE0-.LFB0
 198 00ae 01       		.uleb128 0x1
 199 00af 9C       		.byte	0x9c
 200 00b0 07       		.uleb128 0x7
 201 00b1 21010000 		.4byte	.LASF14
 202 00b5 02       		.byte	0x2
 203 00b6 AE02     		.2byte	0x2ae
 204 00b8 8C000000 		.4byte	0x8c
 205 00bc 07       		.uleb128 0x7
 206 00bd 1B000000 		.4byte	.LASF15
 207 00c1 02       		.byte	0x2
 208 00c2 AF02     		.2byte	0x2af
 209 00c4 8C000000 		.4byte	0x8c
 210 00c8 00       		.byte	0
 211              		.section	.debug_abbrev,"",%progbits
 212              	.Ldebug_abbrev0:
 213 0000 01       		.uleb128 0x1
 214 0001 11       		.uleb128 0x11
 215 0002 01       		.byte	0x1
 216 0003 25       		.uleb128 0x25
 217 0004 0E       		.uleb128 0xe
 218 0005 13       		.uleb128 0x13
 219 0006 0B       		.uleb128 0xb
 220 0007 03       		.uleb128 0x3
 221 0008 0E       		.uleb128 0xe
 222 0009 1B       		.uleb128 0x1b
 223 000a 0E       		.uleb128 0xe
 224 000b 55       		.uleb128 0x55
 225 000c 17       		.uleb128 0x17
 226 000d 11       		.uleb128 0x11
 227 000e 01       		.uleb128 0x1
 228 000f 10       		.uleb128 0x10
 229 0010 17       		.uleb128 0x17
 230 0011 00       		.byte	0
 231 0012 00       		.byte	0
 232 0013 02       		.uleb128 0x2
 233 0014 24       		.uleb128 0x24
 234 0015 00       		.byte	0
 235 0016 0B       		.uleb128 0xb
 236 0017 0B       		.uleb128 0xb
ARM GAS  C:\Users\nikol\AppData\Local\Temp\ccC4hFoY.s 			page 7


 237 0018 3E       		.uleb128 0x3e
 238 0019 0B       		.uleb128 0xb
 239 001a 03       		.uleb128 0x3
 240 001b 0E       		.uleb128 0xe
 241 001c 00       		.byte	0
 242 001d 00       		.byte	0
 243 001e 03       		.uleb128 0x3
 244 001f 24       		.uleb128 0x24
 245 0020 00       		.byte	0
 246 0021 0B       		.uleb128 0xb
 247 0022 0B       		.uleb128 0xb
 248 0023 3E       		.uleb128 0x3e
 249 0024 0B       		.uleb128 0xb
 250 0025 03       		.uleb128 0x3
 251 0026 08       		.uleb128 0x8
 252 0027 00       		.byte	0
 253 0028 00       		.byte	0
 254 0029 04       		.uleb128 0x4
 255 002a 16       		.uleb128 0x16
 256 002b 00       		.byte	0
 257 002c 03       		.uleb128 0x3
 258 002d 0E       		.uleb128 0xe
 259 002e 3A       		.uleb128 0x3a
 260 002f 0B       		.uleb128 0xb
 261 0030 3B       		.uleb128 0x3b
 262 0031 05       		.uleb128 0x5
 263 0032 49       		.uleb128 0x49
 264 0033 13       		.uleb128 0x13
 265 0034 00       		.byte	0
 266 0035 00       		.byte	0
 267 0036 05       		.uleb128 0x5
 268 0037 35       		.uleb128 0x35
 269 0038 00       		.byte	0
 270 0039 49       		.uleb128 0x49
 271 003a 13       		.uleb128 0x13
 272 003b 00       		.byte	0
 273 003c 00       		.byte	0
 274 003d 06       		.uleb128 0x6
 275 003e 2E       		.uleb128 0x2e
 276 003f 00       		.byte	0
 277 0040 3F       		.uleb128 0x3f
 278 0041 19       		.uleb128 0x19
 279 0042 03       		.uleb128 0x3
 280 0043 0E       		.uleb128 0xe
 281 0044 3A       		.uleb128 0x3a
 282 0045 0B       		.uleb128 0xb
 283 0046 3B       		.uleb128 0x3b
 284 0047 0B       		.uleb128 0xb
 285 0048 27       		.uleb128 0x27
 286 0049 19       		.uleb128 0x19
 287 004a 11       		.uleb128 0x11
 288 004b 01       		.uleb128 0x1
 289 004c 12       		.uleb128 0x12
 290 004d 06       		.uleb128 0x6
 291 004e 40       		.uleb128 0x40
 292 004f 18       		.uleb128 0x18
 293 0050 9642     		.uleb128 0x2116
ARM GAS  C:\Users\nikol\AppData\Local\Temp\ccC4hFoY.s 			page 8


 294 0052 19       		.uleb128 0x19
 295 0053 00       		.byte	0
 296 0054 00       		.byte	0
 297 0055 07       		.uleb128 0x7
 298 0056 34       		.uleb128 0x34
 299 0057 00       		.byte	0
 300 0058 03       		.uleb128 0x3
 301 0059 0E       		.uleb128 0xe
 302 005a 3A       		.uleb128 0x3a
 303 005b 0B       		.uleb128 0xb
 304 005c 3B       		.uleb128 0x3b
 305 005d 05       		.uleb128 0x5
 306 005e 49       		.uleb128 0x49
 307 005f 13       		.uleb128 0x13
 308 0060 3F       		.uleb128 0x3f
 309 0061 19       		.uleb128 0x19
 310 0062 3C       		.uleb128 0x3c
 311 0063 19       		.uleb128 0x19
 312 0064 00       		.byte	0
 313 0065 00       		.byte	0
 314 0066 00       		.byte	0
 315              		.section	.debug_aranges,"",%progbits
 316 0000 1C000000 		.4byte	0x1c
 317 0004 0200     		.2byte	0x2
 318 0006 00000000 		.4byte	.Ldebug_info0
 319 000a 04       		.byte	0x4
 320 000b 00       		.byte	0
 321 000c 0000     		.2byte	0
 322 000e 0000     		.2byte	0
 323 0010 00000000 		.4byte	.LFB0
 324 0014 78000000 		.4byte	.LFE0-.LFB0
 325 0018 00000000 		.4byte	0
 326 001c 00000000 		.4byte	0
 327              		.section	.debug_ranges,"",%progbits
 328              	.Ldebug_ranges0:
 329 0000 00000000 		.4byte	.LFB0
 330 0004 78000000 		.4byte	.LFE0
 331 0008 00000000 		.4byte	0
 332 000c 00000000 		.4byte	0
 333              		.section	.debug_line,"",%progbits
 334              	.Ldebug_line0:
 335 0000 8A000000 		.section	.debug_str,"MS",%progbits,1
 335      02005F00 
 335      00000201 
 335      FB0E0D00 
 335      01010101 
 336              	.LASF6:
 337 0000 6C6F6E67 		.ascii	"long long int\000"
 337      206C6F6E 
 337      6720696E 
 337      7400
 338              	.LASF8:
 339 000e 756E7369 		.ascii	"unsigned int\000"
 339      676E6564 
 339      20696E74 
 339      00
 340              	.LASF15:
ARM GAS  C:\Users\nikol\AppData\Local\Temp\ccC4hFoY.s 			page 9


 341 001b 43617053 		.ascii	"CapSense_CSD_sensorIndex\000"
 341      656E7365 
 341      5F435344 
 341      5F73656E 
 341      736F7249 
 342              	.LASF17:
 343 0034 47656E65 		.ascii	"Generated_Source\\PSoC5\\CapSense_CSD_INT.c\000"
 343      72617465 
 343      645F536F 
 343      75726365 
 343      5C50536F 
 344              	.LASF19:
 345 005e 75696E74 		.ascii	"uint8\000"
 345      3800
 346              	.LASF5:
 347 0064 6C6F6E67 		.ascii	"long unsigned int\000"
 347      20756E73 
 347      69676E65 
 347      6420696E 
 347      7400
 348              	.LASF7:
 349 0076 6C6F6E67 		.ascii	"long long unsigned int\000"
 349      206C6F6E 
 349      6720756E 
 349      7369676E 
 349      65642069 
 350              	.LASF9:
 351 008d 666C6F61 		.ascii	"float\000"
 351      7400
 352              	.LASF16:
 353 0093 474E5520 		.ascii	"GNU C11 5.4.1 20160609 (release) [ARM/embedded-5-br"
 353      43313120 
 353      352E342E 
 353      31203230 
 353      31363036 
 354 00c6 616E6368 		.ascii	"anch revision 237715] -mcpu=cortex-m3 -mthumb -g -O"
 354      20726576 
 354      6973696F 
 354      6E203233 
 354      37373135 
 355 00f9 30202D66 		.ascii	"0 -ffunction-sections -ffat-lto-objects\000"
 355      66756E63 
 355      74696F6E 
 355      2D736563 
 355      74696F6E 
 356              	.LASF14:
 357 0121 43617053 		.ascii	"CapSense_CSD_csv\000"
 357      656E7365 
 357      5F435344 
 357      5F637376 
 357      00
 358              	.LASF1:
 359 0132 756E7369 		.ascii	"unsigned char\000"
 359      676E6564 
 359      20636861 
 359      7200
 360              	.LASF11:
ARM GAS  C:\Users\nikol\AppData\Local\Temp\ccC4hFoY.s 			page 10


 361 0140 63686172 		.ascii	"char\000"
 361      00
 362              	.LASF4:
 363 0145 6C6F6E67 		.ascii	"long int\000"
 363      20696E74 
 363      00
 364              	.LASF10:
 365 014e 646F7562 		.ascii	"double\000"
 365      6C6500
 366              	.LASF3:
 367 0155 73686F72 		.ascii	"short unsigned int\000"
 367      7420756E 
 367      7369676E 
 367      65642069 
 367      6E7400
 368              	.LASF0:
 369 0168 7369676E 		.ascii	"signed char\000"
 369      65642063 
 369      68617200 
 370              	.LASF12:
 371 0174 6C6F6E67 		.ascii	"long double\000"
 371      20646F75 
 371      626C6500 
 372              	.LASF2:
 373 0180 73686F72 		.ascii	"short int\000"
 373      7420696E 
 373      7400
 374              	.LASF18:
 375 018a 433A5C55 		.ascii	"C:\\Users\\nikol\\Documents\\git\\3. Semester\\PRJ3"
 375      73657273 
 375      5C6E696B 
 375      6F6C5C44 
 375      6F63756D 
 376 01b7 5C706C61 		.ascii	"\\player_side_app\\CupSensor_IF\\CapSense_CSD_Desig"
 376      7965725F 
 376      73696465 
 376      5F617070 
 376      5C437570 
 377 01e7 6E30312E 		.ascii	"n01.cydsn\000"
 377      63796473 
 377      6E00
 378              	.LASF20:
 379 01f1 43617053 		.ascii	"CapSense_CSD_IsrCH0_ISR\000"
 379      656E7365 
 379      5F435344 
 379      5F497372 
 379      4348305F 
 380              	.LASF13:
 381 0209 73697A65 		.ascii	"sizetype\000"
 381      74797065 
 381      00
 382              		.ident	"GCC: (GNU Tools for ARM Embedded Processors) 5.4.1 20160609 (release) [ARM/embedded-5-bran
