ARM GAS  C:\Users\nikol\AppData\Local\Temp\ccSYdmLr.s 			page 1


   1              		.syntax unified
   2              		.cpu cortex-m3
   3              		.fpu softvfp
   4              		.eabi_attribute 20, 1
   5              		.eabi_attribute 21, 1
   6              		.eabi_attribute 23, 3
   7              		.eabi_attribute 24, 1
   8              		.eabi_attribute 25, 1
   9              		.eabi_attribute 26, 1
  10              		.eabi_attribute 30, 6
  11              		.eabi_attribute 34, 1
  12              		.eabi_attribute 18, 4
  13              		.thumb
  14              		.syntax unified
  15              		.file	"cymetadata.c"
  16              		.text
  17              	.Ltext0:
  18              		.cfi_sections	.debug_frame
  19              		.global	cy_meta_configecc
  20              		.section	.cyconfigecc,"a",%progbits
  21              		.align	2
  22              		.type	cy_meta_configecc, %object
  23              		.size	cy_meta_configecc, 864
  24              	cy_meta_configecc:
  25 0000 01       		.byte	1
  26 0001 4F       		.byte	79
  27 0002 00       		.byte	0
  28 0003 40       		.byte	64
  29 0004 03       		.byte	3
  30 0005 52       		.byte	82
  31 0006 00       		.byte	0
  32 0007 40       		.byte	64
  33 0008 07       		.byte	7
  34 0009 64       		.byte	100
  35 000a 00       		.byte	0
  36 000b 40       		.byte	64
  37 000c 02       		.byte	2
  38 000d 03       		.byte	3
  39 000e 01       		.byte	1
  40 000f 40       		.byte	64
  41 0010 01       		.byte	1
  42 0011 07       		.byte	7
  43 0012 01       		.byte	1
  44 0013 40       		.byte	64
  45 0014 05       		.byte	5
  46 0015 09       		.byte	9
  47 0016 01       		.byte	1
  48 0017 40       		.byte	64
  49 0018 4D       		.byte	77
  50 0019 0A       		.byte	10
  51 001a 01       		.byte	1
  52 001b 40       		.byte	64
  53 001c 32       		.byte	50
  54 001d 0B       		.byte	11
  55 001e 01       		.byte	1
  56 001f 40       		.byte	64
  57 0020 56       		.byte	86
ARM GAS  C:\Users\nikol\AppData\Local\Temp\ccSYdmLr.s 			page 2


  58 0021 0C       		.byte	12
  59 0022 01       		.byte	1
  60 0023 40       		.byte	64
  61 0024 2C       		.byte	44
  62 0025 0D       		.byte	13
  63 0026 01       		.byte	1
  64 0027 40       		.byte	64
  65 0028 03       		.byte	3
  66 0029 15       		.byte	21
  67 002a 01       		.byte	1
  68 002b 40       		.byte	64
  69 002c 03       		.byte	3
  70 002d 17       		.byte	23
  71 002e 01       		.byte	1
  72 002f 40       		.byte	64
  73 0030 03       		.byte	3
  74 0031 19       		.byte	25
  75 0032 01       		.byte	1
  76 0033 40       		.byte	64
  77 0034 03       		.byte	3
  78 0035 1B       		.byte	27
  79 0036 01       		.byte	1
  80 0037 40       		.byte	64
  81 0038 04       		.byte	4
  82 0039 40       		.byte	64
  83 003a 01       		.byte	1
  84 003b 40       		.byte	64
  85 003c 06       		.byte	6
  86 003d 41       		.byte	65
  87 003e 01       		.byte	1
  88 003f 40       		.byte	64
  89 0040 05       		.byte	5
  90 0041 42       		.byte	66
  91 0042 01       		.byte	1
  92 0043 40       		.byte	64
  93 0044 08       		.byte	8
  94 0045 43       		.byte	67
  95 0046 01       		.byte	1
  96 0047 40       		.byte	64
  97 0048 04       		.byte	4
  98 0049 46       		.byte	70
  99 004a 01       		.byte	1
 100 004b 40       		.byte	64
 101 004c 03       		.byte	3
 102 004d 47       		.byte	71
 103 004e 01       		.byte	1
 104 004f 40       		.byte	64
 105 0050 07       		.byte	7
 106 0051 48       		.byte	72
 107 0052 01       		.byte	1
 108 0053 40       		.byte	64
 109 0054 0E       		.byte	14
 110 0055 49       		.byte	73
 111 0056 01       		.byte	1
 112 0057 40       		.byte	64
 113 0058 09       		.byte	9
 114 0059 4C       		.byte	76
ARM GAS  C:\Users\nikol\AppData\Local\Temp\ccSYdmLr.s 			page 3


 115 005a 01       		.byte	1
 116 005b 40       		.byte	64
 117 005c 05       		.byte	5
 118 005d 4D       		.byte	77
 119 005e 01       		.byte	1
 120 005f 40       		.byte	64
 121 0060 03       		.byte	3
 122 0061 50       		.byte	80
 123 0062 01       		.byte	1
 124 0063 40       		.byte	64
 125 0064 02       		.byte	2
 126 0065 51       		.byte	81
 127 0066 01       		.byte	1
 128 0067 40       		.byte	64
 129 0068 0A       		.byte	10
 130 0069 4B       		.byte	75
 131 006a 16       		.byte	22
 132 006b 01       		.byte	1
 133 006c 60       		.byte	96
 134 006d 01       		.byte	1
 135 006e 64       		.byte	100
 136 006f 03       		.byte	3
 137 0070 0A       		.byte	10
 138 0071 FF       		.byte	-1
 139 0072 0B       		.byte	11
 140 0073 FF       		.byte	-1
 141 0074 1A       		.byte	26
 142 0075 FF       		.byte	-1
 143 0076 1B       		.byte	27
 144 0077 FF       		.byte	-1
 145 0078 2A       		.byte	42
 146 0079 FF       		.byte	-1
 147 007a 2B       		.byte	43
 148 007b FF       		.byte	-1
 149 007c 8D       		.byte	-115
 150 007d 1F       		.byte	31
 151 007e E2       		.byte	-30
 152 007f 01       		.byte	1
 153 0080 E6       		.byte	-26
 154 0081 0C       		.byte	12
 155 0082 EA       		.byte	-22
 156 0083 08       		.byte	8
 157 0084 9D       		.byte	-99
 158 0085 08       		.byte	8
 159 0086 AA       		.byte	-86
 160 0087 80       		.byte	-128
 161 0088 AF       		.byte	-81
 162 0089 02       		.byte	2
 163 008a B4       		.byte	-76
 164 008b 80       		.byte	-128
 165 008c EC       		.byte	-20
 166 008d 04       		.byte	4
 167 008e 00       		.byte	0
 168 008f 03       		.byte	3
 169 0090 05       		.byte	5
 170 0091 15       		.byte	21
 171 0092 08       		.byte	8
ARM GAS  C:\Users\nikol\AppData\Local\Temp\ccSYdmLr.s 			page 4


 172 0093 01       		.byte	1
 173 0094 0E       		.byte	14
 174 0095 03       		.byte	3
 175 0096 10       		.byte	16
 176 0097 02       		.byte	2
 177 0098 11       		.byte	17
 178 0099 2A       		.byte	42
 179 009a 15       		.byte	21
 180 009b 3F       		.byte	63
 181 009c 1B       		.byte	27
 182 009d 30       		.byte	48
 183 009e 1D       		.byte	29
 184 009f 3C       		.byte	60
 185 00a0 23       		.byte	35
 186 00a1 3F       		.byte	63
 187 00a2 26       		.byte	38
 188 00a3 03       		.byte	3
 189 00a4 2A       		.byte	42
 190 00a5 04       		.byte	4
 191 00a6 33       		.byte	51
 192 00a7 30       		.byte	48
 193 00a8 34       		.byte	52
 194 00a9 07       		.byte	7
 195 00aa 35       		.byte	53
 196 00ab 03       		.byte	3
 197 00ac 37       		.byte	55
 198 00ad 0C       		.byte	12
 199 00ae 38       		.byte	56
 200 00af 02       		.byte	2
 201 00b0 3E       		.byte	62
 202 00b1 11       		.byte	17
 203 00b2 3F       		.byte	63
 204 00b3 54       		.byte	84
 205 00b4 40       		.byte	64
 206 00b5 32       		.byte	50
 207 00b6 41       		.byte	65
 208 00b7 05       		.byte	5
 209 00b8 45       		.byte	69
 210 00b9 02       		.byte	2
 211 00ba 46       		.byte	70
 212 00bb 60       		.byte	96
 213 00bc 48       		.byte	72
 214 00bd 09       		.byte	9
 215 00be 56       		.byte	86
 216 00bf 08       		.byte	8
 217 00c0 58       		.byte	88
 218 00c1 04       		.byte	4
 219 00c2 59       		.byte	89
 220 00c3 04       		.byte	4
 221 00c4 5A       		.byte	90
 222 00c5 04       		.byte	4
 223 00c6 5B       		.byte	91
 224 00c7 0C       		.byte	12
 225 00c8 5F       		.byte	95
 226 00c9 01       		.byte	1
 227 00ca 61       		.byte	97
 228 00cb 0C       		.byte	12
ARM GAS  C:\Users\nikol\AppData\Local\Temp\ccSYdmLr.s 			page 5


 229 00cc 62       		.byte	98
 230 00cd F0       		.byte	-16
 231 00ce 63       		.byte	99
 232 00cf 0C       		.byte	12
 233 00d0 65       		.byte	101
 234 00d1 0C       		.byte	12
 235 00d2 67       		.byte	103
 236 00d3 0C       		.byte	12
 237 00d4 68       		.byte	104
 238 00d5 40       		.byte	64
 239 00d6 69       		.byte	105
 240 00d7 4C       		.byte	76
 241 00d8 6A       		.byte	106
 242 00d9 40       		.byte	64
 243 00da 6B       		.byte	107
 244 00db 4C       		.byte	76
 245 00dc 6C       		.byte	108
 246 00dd 90       		.byte	-112
 247 00de 6D       		.byte	109
 248 00df 58       		.byte	88
 249 00e0 6F       		.byte	111
 250 00e1 0C       		.byte	12
 251 00e2 80       		.byte	-128
 252 00e3 04       		.byte	4
 253 00e4 82       		.byte	-126
 254 00e5 09       		.byte	9
 255 00e6 84       		.byte	-124
 256 00e7 0C       		.byte	12
 257 00e8 86       		.byte	-122
 258 00e9 02       		.byte	2
 259 00ea 88       		.byte	-120
 260 00eb 01       		.byte	1
 261 00ec 8A       		.byte	-118
 262 00ed 08       		.byte	8
 263 00ee 8C       		.byte	-116
 264 00ef 08       		.byte	8
 265 00f0 8E       		.byte	-114
 266 00f1 01       		.byte	1
 267 00f2 92       		.byte	-110
 268 00f3 04       		.byte	4
 269 00f4 94       		.byte	-108
 270 00f5 04       		.byte	4
 271 00f6 A2       		.byte	-94
 272 00f7 04       		.byte	4
 273 00f8 A4       		.byte	-92
 274 00f9 04       		.byte	4
 275 00fa B0       		.byte	-80
 276 00fb 04       		.byte	4
 277 00fc B4       		.byte	-76
 278 00fd 03       		.byte	3
 279 00fe B6       		.byte	-74
 280 00ff 08       		.byte	8
 281 0100 BE       		.byte	-66
 282 0101 50       		.byte	80
 283 0102 C0       		.byte	-64
 284 0103 12       		.byte	18
 285 0104 C1       		.byte	-63
ARM GAS  C:\Users\nikol\AppData\Local\Temp\ccSYdmLr.s 			page 6


 286 0105 03       		.byte	3
 287 0106 C7       		.byte	-57
 288 0107 62       		.byte	98
 289 0108 C8       		.byte	-56
 290 0109 30       		.byte	48
 291 010a D8       		.byte	-40
 292 010b 04       		.byte	4
 293 010c DA       		.byte	-38
 294 010d 04       		.byte	4
 295 010e DF       		.byte	-33
 296 010f 01       		.byte	1
 297 0110 E1       		.byte	-31
 298 0111 0C       		.byte	12
 299 0112 E2       		.byte	-30
 300 0113 F0       		.byte	-16
 301 0114 E3       		.byte	-29
 302 0115 0C       		.byte	12
 303 0116 E5       		.byte	-27
 304 0117 0C       		.byte	12
 305 0118 E7       		.byte	-25
 306 0119 0C       		.byte	12
 307 011a E8       		.byte	-24
 308 011b 40       		.byte	64
 309 011c E9       		.byte	-23
 310 011d 4C       		.byte	76
 311 011e EA       		.byte	-22
 312 011f 40       		.byte	64
 313 0120 EB       		.byte	-21
 314 0121 4C       		.byte	76
 315 0122 EC       		.byte	-20
 316 0123 90       		.byte	-112
 317 0124 ED       		.byte	-19
 318 0125 58       		.byte	88
 319 0126 EF       		.byte	-17
 320 0127 0C       		.byte	12
 321 0128 00       		.byte	0
 322 0129 40       		.byte	64
 323 012a 02       		.byte	2
 324 012b 84       		.byte	-124
 325 012c 05       		.byte	5
 326 012d 01       		.byte	1
 327 012e 06       		.byte	6
 328 012f 06       		.byte	6
 329 0130 07       		.byte	7
 330 0131 20       		.byte	32
 331 0132 09       		.byte	9
 332 0133 02       		.byte	2
 333 0134 0E       		.byte	14
 334 0135 A0       		.byte	-96
 335 0136 12       		.byte	18
 336 0137 28       		.byte	40
 337 0138 14       		.byte	20
 338 0139 40       		.byte	64
 339 013a 16       		.byte	22
 340 013b 80       		.byte	-128
 341 013c 17       		.byte	23
 342 013d 04       		.byte	4
ARM GAS  C:\Users\nikol\AppData\Local\Temp\ccSYdmLr.s 			page 7


 343 013e 18       		.byte	24
 344 013f 04       		.byte	4
 345 0140 1B       		.byte	27
 346 0141 02       		.byte	2
 347 0142 1C       		.byte	28
 348 0143 40       		.byte	64
 349 0144 1D       		.byte	29
 350 0145 A1       		.byte	-95
 351 0146 20       		.byte	32
 352 0147 12       		.byte	18
 353 0148 23       		.byte	35
 354 0149 08       		.byte	8
 355 014a 29       		.byte	41
 356 014b 01       		.byte	1
 357 014c 30       		.byte	48
 358 014d 20       		.byte	32
 359 014e 31       		.byte	49
 360 014f 02       		.byte	2
 361 0150 32       		.byte	50
 362 0151 88       		.byte	-120
 363 0152 3A       		.byte	58
 364 0153 04       		.byte	4
 365 0154 40       		.byte	64
 366 0155 14       		.byte	20
 367 0156 45       		.byte	69
 368 0157 A0       		.byte	-96
 369 0158 47       		.byte	71
 370 0159 08       		.byte	8
 371 015a 48       		.byte	72
 372 015b 21       		.byte	33
 373 015c 52       		.byte	82
 374 015d 20       		.byte	32
 375 015e 55       		.byte	85
 376 015f 02       		.byte	2
 377 0160 56       		.byte	86
 378 0161 06       		.byte	6
 379 0162 57       		.byte	87
 380 0163 08       		.byte	8
 381 0164 58       		.byte	88
 382 0165 80       		.byte	-128
 383 0166 62       		.byte	98
 384 0167 80       		.byte	-128
 385 0168 78       		.byte	120
 386 0169 40       		.byte	64
 387 016a 9A       		.byte	-102
 388 016b 80       		.byte	-128
 389 016c 9B       		.byte	-101
 390 016d 24       		.byte	36
 391 016e 9D       		.byte	-99
 392 016f 09       		.byte	9
 393 0170 9E       		.byte	-98
 394 0171 02       		.byte	2
 395 0172 A2       		.byte	-94
 396 0173 58       		.byte	88
 397 0174 A7       		.byte	-89
 398 0175 08       		.byte	8
 399 0176 C0       		.byte	-64
ARM GAS  C:\Users\nikol\AppData\Local\Temp\ccSYdmLr.s 			page 8


 400 0177 FB       		.byte	-5
 401 0178 C2       		.byte	-62
 402 0179 38       		.byte	56
 403 017a C4       		.byte	-60
 404 017b 36       		.byte	54
 405 017c CA       		.byte	-54
 406 017d 01       		.byte	1
 407 017e CC       		.byte	-52
 408 017f 0F       		.byte	15
 409 0180 CE       		.byte	-50
 410 0181 02       		.byte	2
 411 0182 D0       		.byte	-48
 412 0183 76       		.byte	118
 413 0184 D2       		.byte	-46
 414 0185 08       		.byte	8
 415 0186 D6       		.byte	-42
 416 0187 08       		.byte	8
 417 0188 D8       		.byte	-40
 418 0189 08       		.byte	8
 419 018a DE       		.byte	-34
 420 018b 08       		.byte	8
 421 018c 00       		.byte	0
 422 018d 01       		.byte	1
 423 018e 01       		.byte	1
 424 018f 40       		.byte	64
 425 0190 03       		.byte	3
 426 0191 04       		.byte	4
 427 0192 07       		.byte	7
 428 0193 0A       		.byte	10
 429 0194 09       		.byte	9
 430 0195 F6       		.byte	-10
 431 0196 0B       		.byte	11
 432 0197 08       		.byte	8
 433 0198 0C       		.byte	12
 434 0199 3A       		.byte	58
 435 019a 0D       		.byte	13
 436 019b 10       		.byte	16
 437 019c 0E       		.byte	14
 438 019d 04       		.byte	4
 439 019e 11       		.byte	17
 440 019f 9A       		.byte	-102
 441 01a0 13       		.byte	19
 442 01a1 64       		.byte	100
 443 01a2 14       		.byte	20
 444 01a3 16       		.byte	22
 445 01a4 15       		.byte	21
 446 01a5 FE       		.byte	-2
 447 01a6 16       		.byte	22
 448 01a7 28       		.byte	40
 449 01a8 18       		.byte	24
 450 01a9 2E       		.byte	46
 451 01aa 19       		.byte	25
 452 01ab 7E       		.byte	126
 453 01ac 1A       		.byte	26
 454 01ad 10       		.byte	16
 455 01ae 1B       		.byte	27
 456 01af 80       		.byte	-128
ARM GAS  C:\Users\nikol\AppData\Local\Temp\ccSYdmLr.s 			page 9


 457 01b0 1D       		.byte	29
 458 01b1 EE       		.byte	-18
 459 01b2 1E       		.byte	30
 460 01b3 01       		.byte	1
 461 01b4 1F       		.byte	31
 462 01b5 10       		.byte	16
 463 01b6 22       		.byte	34
 464 01b7 06       		.byte	6
 465 01b8 23       		.byte	35
 466 01b9 0A       		.byte	10
 467 01ba 28       		.byte	40
 468 01bb 20       		.byte	32
 469 01bc 29       		.byte	41
 470 01bd 20       		.byte	32
 471 01be 2A       		.byte	42
 472 01bf 08       		.byte	8
 473 01c0 2B       		.byte	43
 474 01c1 04       		.byte	4
 475 01c2 2F       		.byte	47
 476 01c3 01       		.byte	1
 477 01c4 30       		.byte	48
 478 01c5 01       		.byte	1
 479 01c6 31       		.byte	49
 480 01c7 01       		.byte	1
 481 01c8 32       		.byte	50
 482 01c9 30       		.byte	48
 483 01ca 33       		.byte	51
 484 01cb 02       		.byte	2
 485 01cc 34       		.byte	52
 486 01cd 02       		.byte	2
 487 01ce 35       		.byte	53
 488 01cf 0C       		.byte	12
 489 01d0 36       		.byte	54
 490 01d1 0C       		.byte	12
 491 01d2 37       		.byte	55
 492 01d3 F0       		.byte	-16
 493 01d4 40       		.byte	64
 494 01d5 04       		.byte	4
 495 01d6 41       		.byte	65
 496 01d7 02       		.byte	2
 497 01d8 49       		.byte	73
 498 01d9 FF       		.byte	-1
 499 01da 4A       		.byte	74
 500 01db FF       		.byte	-1
 501 01dc 4B       		.byte	75
 502 01dd FF       		.byte	-1
 503 01de 4C       		.byte	76
 504 01df 02       		.byte	2
 505 01e0 4D       		.byte	77
 506 01e1 0C       		.byte	12
 507 01e2 4E       		.byte	78
 508 01e3 F8       		.byte	-8
 509 01e4 52       		.byte	82
 510 01e5 17       		.byte	23
 511 01e6 58       		.byte	88
 512 01e7 04       		.byte	4
 513 01e8 59       		.byte	89
ARM GAS  C:\Users\nikol\AppData\Local\Temp\ccSYdmLr.s 			page 10


 514 01e9 04       		.byte	4
 515 01ea 5A       		.byte	90
 516 01eb 04       		.byte	4
 517 01ec 5B       		.byte	91
 518 01ed 04       		.byte	4
 519 01ee 5F       		.byte	95
 520 01ef 01       		.byte	1
 521 01f0 62       		.byte	98
 522 01f1 48       		.byte	72
 523 01f2 63       		.byte	99
 524 01f3 A1       		.byte	-95
 525 01f4 68       		.byte	104
 526 01f5 F0       		.byte	-16
 527 01f6 6A       		.byte	106
 528 01f7 F0       		.byte	-16
 529 01f8 6C       		.byte	108
 530 01f9 F0       		.byte	-16
 531 01fa 6E       		.byte	110
 532 01fb F0       		.byte	-16
 533 01fc 86       		.byte	-122
 534 01fd 04       		.byte	4
 535 01fe 8A       		.byte	-118
 536 01ff 01       		.byte	1
 537 0200 A0       		.byte	-96
 538 0201 01       		.byte	1
 539 0202 A2       		.byte	-94
 540 0203 02       		.byte	2
 541 0204 AE       		.byte	-82
 542 0205 02       		.byte	2
 543 0206 B2       		.byte	-78
 544 0207 04       		.byte	4
 545 0208 B4       		.byte	-76
 546 0209 03       		.byte	3
 547 020a B6       		.byte	-74
 548 020b 04       		.byte	4
 549 020c BE       		.byte	-66
 550 020d 10       		.byte	16
 551 020e C0       		.byte	-64
 552 020f 04       		.byte	4
 553 0210 C1       		.byte	-63
 554 0211 02       		.byte	2
 555 0212 C7       		.byte	-57
 556 0213 A0       		.byte	-96
 557 0214 C9       		.byte	-55
 558 0215 FF       		.byte	-1
 559 0216 CA       		.byte	-54
 560 0217 FF       		.byte	-1
 561 0218 CB       		.byte	-53
 562 0219 FF       		.byte	-1
 563 021a CC       		.byte	-52
 564 021b 03       		.byte	3
 565 021c CD       		.byte	-51
 566 021d 0C       		.byte	12
 567 021e CE       		.byte	-50
 568 021f F4       		.byte	-12
 569 0220 D6       		.byte	-42
 570 0221 02       		.byte	2
ARM GAS  C:\Users\nikol\AppData\Local\Temp\ccSYdmLr.s 			page 11


 571 0222 D8       		.byte	-40
 572 0223 04       		.byte	4
 573 0224 DA       		.byte	-38
 574 0225 04       		.byte	4
 575 0226 DB       		.byte	-37
 576 0227 04       		.byte	4
 577 0228 DE       		.byte	-34
 578 0229 08       		.byte	8
 579 022a DF       		.byte	-33
 580 022b 01       		.byte	1
 581 022c E2       		.byte	-30
 582 022d 48       		.byte	72
 583 022e E3       		.byte	-29
 584 022f A1       		.byte	-95
 585 0230 E8       		.byte	-24
 586 0231 F0       		.byte	-16
 587 0232 EA       		.byte	-22
 588 0233 F0       		.byte	-16
 589 0234 EC       		.byte	-20
 590 0235 F0       		.byte	-16
 591 0236 EE       		.byte	-18
 592 0237 F0       		.byte	-16
 593 0238 00       		.byte	0
 594 0239 10       		.byte	16
 595 023a 01       		.byte	1
 596 023b 08       		.byte	8
 597 023c 05       		.byte	5
 598 023d 40       		.byte	64
 599 023e 07       		.byte	7
 600 023f 40       		.byte	64
 601 0240 0D       		.byte	13
 602 0241 20       		.byte	32
 603 0242 0E       		.byte	14
 604 0243 21       		.byte	33
 605 0244 10       		.byte	16
 606 0245 82       		.byte	-126
 607 0246 15       		.byte	21
 608 0247 10       		.byte	16
 609 0248 17       		.byte	23
 610 0249 01       		.byte	1
 611 024a 18       		.byte	24
 612 024b 10       		.byte	16
 613 024c 19       		.byte	25
 614 024d 80       		.byte	-128
 615 024e 1A       		.byte	26
 616 024f 09       		.byte	9
 617 0250 1D       		.byte	29
 618 0251 66       		.byte	102
 619 0252 1E       		.byte	30
 620 0253 28       		.byte	40
 621 0254 1F       		.byte	31
 622 0255 40       		.byte	64
 623 0256 25       		.byte	37
 624 0257 10       		.byte	16
 625 0258 26       		.byte	38
 626 0259 48       		.byte	72
 627 025a 27       		.byte	39
ARM GAS  C:\Users\nikol\AppData\Local\Temp\ccSYdmLr.s 			page 12


 628 025b 64       		.byte	100
 629 025c 2D       		.byte	45
 630 025d 80       		.byte	-128
 631 025e 2F       		.byte	47
 632 025f 48       		.byte	72
 633 0260 35       		.byte	53
 634 0261 05       		.byte	5
 635 0262 36       		.byte	54
 636 0263 40       		.byte	64
 637 0264 37       		.byte	55
 638 0265 20       		.byte	32
 639 0266 3D       		.byte	61
 640 0267 28       		.byte	40
 641 0268 3E       		.byte	62
 642 0269 82       		.byte	-126
 643 026a 41       		.byte	65
 644 026b 22       		.byte	34
 645 026c 45       		.byte	69
 646 026d 22       		.byte	34
 647 026e 50       		.byte	80
 648 026f 02       		.byte	2
 649 0270 6D       		.byte	109
 650 0271 18       		.byte	24
 651 0272 6F       		.byte	111
 652 0273 01       		.byte	1
 653 0274 72       		.byte	114
 654 0275 80       		.byte	-128
 655 0276 74       		.byte	116
 656 0277 80       		.byte	-128
 657 0278 7A       		.byte	122
 658 0279 04       		.byte	4
 659 027a 82       		.byte	-126
 660 027b 04       		.byte	4
 661 027c 83       		.byte	-125
 662 027d 04       		.byte	4
 663 027e 86       		.byte	-122
 664 027f 04       		.byte	4
 665 0280 C0       		.byte	-64
 666 0281 96       		.byte	-106
 667 0282 C2       		.byte	-62
 668 0283 E0       		.byte	-32
 669 0284 C4       		.byte	-60
 670 0285 59       		.byte	89
 671 0286 CA       		.byte	-54
 672 0287 B0       		.byte	-80
 673 0288 CC       		.byte	-52
 674 0289 F0       		.byte	-16
 675 028a CE       		.byte	-50
 676 028b F0       		.byte	-16
 677 028c D0       		.byte	-48
 678 028d A5       		.byte	-91
 679 028e DE       		.byte	-34
 680 028f 04       		.byte	4
 681 0290 E0       		.byte	-32
 682 0291 08       		.byte	8
 683 0292 E4       		.byte	-28
 684 0293 01       		.byte	1
ARM GAS  C:\Users\nikol\AppData\Local\Temp\ccSYdmLr.s 			page 13


 685 0294 EA       		.byte	-22
 686 0295 01       		.byte	1
 687 0296 E2       		.byte	-30
 688 0297 01       		.byte	1
 689 0298 E6       		.byte	-26
 690 0299 02       		.byte	2
 691 029a EC       		.byte	-20
 692 029b 04       		.byte	4
 693 029c A9       		.byte	-87
 694 029d 08       		.byte	8
 695 029e E2       		.byte	-30
 696 029f 01       		.byte	1
 697 02a0 E6       		.byte	-26
 698 02a1 02       		.byte	2
 699 02a2 E0       		.byte	-32
 700 02a3 08       		.byte	8
 701 02a4 E4       		.byte	-28
 702 02a5 01       		.byte	1
 703 02a6 EA       		.byte	-22
 704 02a7 01       		.byte	1
 705 02a8 30       		.byte	48
 706 02a9 20       		.byte	32
 707 02aa 78       		.byte	120
 708 02ab 40       		.byte	64
 709 02ac CC       		.byte	-52
 710 02ad 10       		.byte	16
 711 02ae DC       		.byte	-36
 712 02af 80       		.byte	-128
 713 02b0 80       		.byte	-128
 714 02b1 60       		.byte	96
 715 02b2 84       		.byte	-124
 716 02b3 40       		.byte	64
 717 02b4 9C       		.byte	-100
 718 02b5 40       		.byte	64
 719 02b6 A4       		.byte	-92
 720 02b7 20       		.byte	32
 721 02b8 E2       		.byte	-30
 722 02b9 80       		.byte	-128
 723 02ba E6       		.byte	-26
 724 02bb 30       		.byte	48
 725 02bc 3E       		.byte	62
 726 02bd 10       		.byte	16
 727 02be 62       		.byte	98
 728 02bf 40       		.byte	64
 729 02c0 90       		.byte	-112
 730 02c1 40       		.byte	64
 731 02c2 CE       		.byte	-50
 732 02c3 20       		.byte	32
 733 02c4 D6       		.byte	-42
 734 02c5 40       		.byte	64
 735 02c6 1B       		.byte	27
 736 02c7 04       		.byte	4
 737 02c8 60       		.byte	96
 738 02c9 40       		.byte	64
 739 02ca 90       		.byte	-112
 740 02cb 40       		.byte	64
 741 02cc 96       		.byte	-106
ARM GAS  C:\Users\nikol\AppData\Local\Temp\ccSYdmLr.s 			page 14


 742 02cd 10       		.byte	16
 743 02ce AE       		.byte	-82
 744 02cf 40       		.byte	64
 745 02d0 C6       		.byte	-58
 746 02d1 10       		.byte	16
 747 02d2 D8       		.byte	-40
 748 02d3 40       		.byte	64
 749 02d4 EA       		.byte	-22
 750 02d5 10       		.byte	16
 751 02d6 00       		.byte	0
 752 02d7 10       		.byte	16
 753 02d8 39       		.byte	57
 754 02d9 40       		.byte	64
 755 02da C0       		.byte	-64
 756 02db 02       		.byte	2
 757 02dc CE       		.byte	-50
 758 02dd 08       		.byte	8
 759 02de A9       		.byte	-87
 760 02df 40       		.byte	64
 761 02e0 B4       		.byte	-76
 762 02e1 10       		.byte	16
 763 02e2 EA       		.byte	-22
 764 02e3 08       		.byte	8
 765 02e4 80       		.byte	-128
 766 02e5 08       		.byte	8
 767 02e6 84       		.byte	-124
 768 02e7 04       		.byte	4
 769 02e8 96       		.byte	-106
 770 02e9 10       		.byte	16
 771 02ea AB       		.byte	-85
 772 02eb 04       		.byte	4
 773 02ec E2       		.byte	-30
 774 02ed 80       		.byte	-128
 775 02ee E6       		.byte	-26
 776 02ef 40       		.byte	64
 777 02f0 EC       		.byte	-20
 778 02f1 20       		.byte	32
 779 02f2 12       		.byte	18
 780 02f3 20       		.byte	32
 781 02f4 16       		.byte	22
 782 02f5 40       		.byte	64
 783 02f6 70       		.byte	112
 784 02f7 08       		.byte	8
 785 02f8 74       		.byte	116
 786 02f9 04       		.byte	4
 787 02fa 82       		.byte	-126
 788 02fb 20       		.byte	32
 789 02fc 86       		.byte	-122
 790 02fd 40       		.byte	64
 791 02fe A0       		.byte	-96
 792 02ff 0C       		.byte	12
 793 0300 AA       		.byte	-86
 794 0301 10       		.byte	16
 795 0302 C4       		.byte	-60
 796 0303 30       		.byte	48
 797 0304 DC       		.byte	-36
 798 0305 80       		.byte	-128
ARM GAS  C:\Users\nikol\AppData\Local\Temp\ccSYdmLr.s 			page 15


 799 0306 DE       		.byte	-34
 800 0307 20       		.byte	32
 801 0308 E0       		.byte	-32
 802 0309 10       		.byte	16
 803 030a E4       		.byte	-28
 804 030b 80       		.byte	-128
 805 030c EA       		.byte	-22
 806 030d 80       		.byte	-128
 807 030e 12       		.byte	18
 808 030f 20       		.byte	32
 809 0310 13       		.byte	19
 810 0311 20       		.byte	32
 811 0312 17       		.byte	23
 812 0313 04       		.byte	4
 813 0314 7B       		.byte	123
 814 0315 10       		.byte	16
 815 0316 7F       		.byte	127
 816 0317 40       		.byte	64
 817 0318 83       		.byte	-125
 818 0319 04       		.byte	4
 819 031a 86       		.byte	-122
 820 031b 20       		.byte	32
 821 031c C4       		.byte	-60
 822 031d 0E       		.byte	14
 823 031e DE       		.byte	-34
 824 031f 03       		.byte	3
 825 0320 83       		.byte	-125
 826 0321 10       		.byte	16
 827 0322 87       		.byte	-121
 828 0323 40       		.byte	64
 829 0324 97       		.byte	-105
 830 0325 80       		.byte	-128
 831 0326 A7       		.byte	-89
 832 0327 10       		.byte	16
 833 0328 AB       		.byte	-85
 834 0329 20       		.byte	32
 835 032a 00       		.byte	0
 836 032b 01       		.byte	1
 837 032c 0C       		.byte	12
 838 032d 01       		.byte	1
 839 032e 0E       		.byte	14
 840 032f 01       		.byte	1
 841 0330 00       		.byte	0
 842 0331 03       		.byte	3
 843 0332 03       		.byte	3
 844 0333 C0       		.byte	-64
 845 0334 03       		.byte	3
 846 0335 00       		.byte	0
 847 0336 00       		.byte	0
 848 0337 00       		.byte	0
 849 0338 03       		.byte	3
 850 0339 00       		.byte	0
 851 033a 03       		.byte	3
 852 033b 00       		.byte	0
 853 033c 00       		.byte	0
 854 033d 03       		.byte	3
 855 033e 00       		.byte	0
ARM GAS  C:\Users\nikol\AppData\Local\Temp\ccSYdmLr.s 			page 16


 856 033f 00       		.byte	0
 857 0340 00       		.byte	0
 858 0341 02       		.byte	2
 859 0342 00       		.byte	0
 860 0343 00       		.byte	0
 861 0344 00       		.byte	0
 862 0345 00       		.byte	0
 863 0346 00       		.byte	0
 864 0347 00       		.byte	0
 865 0348 00       		.byte	0
 866 0349 00       		.byte	0
 867 034a 00       		.byte	0
 868 034b 00       		.byte	0
 869 034c 00       		.byte	0
 870 034d 00       		.byte	0
 871 034e 10       		.byte	16
 872 034f 00       		.byte	0
 873 0350 00       		.byte	0
 874 0351 0B       		.byte	11
 875 0352 0B       		.byte	11
 876 0353 00       		.byte	0
 877 0354 00       		.byte	0
 878 0355 00       		.byte	0
 879 0356 00       		.byte	0
 880 0357 00       		.byte	0
 881 0358 00       		.byte	0
 882 0359 00       		.byte	0
 883 035a 01       		.byte	1
 884 035b 00       		.byte	0
 885 035c 00       		.byte	0
 886 035d 00       		.byte	0
 887 035e 00       		.byte	0
 888 035f 00       		.byte	0
 889              		.global	cy_meta_custnvl
 890              		.section	.cycustnvl,"a",%progbits
 891              		.align	2
 892              		.type	cy_meta_custnvl, %object
 893              		.size	cy_meta_custnvl, 4
 894              	cy_meta_custnvl:
 895 0000 00       		.byte	0
 896 0001 00       		.byte	0
 897 0002 40       		.byte	64
 898 0003 05       		.byte	5
 899              		.global	cy_meta_wonvl
 900              		.section	.cywolatch,"a",%progbits
 901              		.align	2
 902              		.type	cy_meta_wonvl, %object
 903              		.size	cy_meta_wonvl, 4
 904              	cy_meta_wonvl:
 905 0000 BC       		.byte	-68
 906 0001 90       		.byte	-112
 907 0002 AC       		.byte	-84
 908 0003 AF       		.byte	-81
 909              		.global	cy_meta_flashprotect
 910              		.section	.cyflashprotect,"a",%progbits
 911              		.align	2
 912              		.type	cy_meta_flashprotect, %object
ARM GAS  C:\Users\nikol\AppData\Local\Temp\ccSYdmLr.s 			page 17


 913              		.size	cy_meta_flashprotect, 256
 914              	cy_meta_flashprotect:
 915 0000 00000000 		.space	256
 915      00000000 
 915      00000000 
 915      00000000 
 915      00000000 
 916              		.global	cy_metadata
 917              		.section	.cymeta,"a",%progbits
 918              		.align	2
 919              		.type	cy_metadata, %object
 920              		.size	cy_metadata, 12
 921              	cy_metadata:
 922 0000 00       		.byte	0
 923 0001 01       		.byte	1
 924 0002 2E       		.byte	46
 925 0003 16       		.byte	22
 926 0004 10       		.byte	16
 927 0005 69       		.byte	105
 928 0006 00       		.byte	0
 929 0007 01       		.byte	1
 930 0008 00       		.byte	0
 931 0009 00       		.byte	0
 932 000a 00       		.byte	0
 933 000b 00       		.byte	0
 934              		.text
 935              	.Letext0:
 936              		.file 1 "c:\\program files (x86)\\cypress\\psoc creator\\4.2\\psoc creator\\import\\gnu\\arm\\5.4.
 937              		.file 2 "c:\\program files (x86)\\cypress\\psoc creator\\4.2\\psoc creator\\import\\gnu\\arm\\5.4.
 938              		.file 3 "Generated_Source\\PSoC5\\cymetadata.c"
 939              		.section	.debug_info,"",%progbits
 940              	.Ldebug_info0:
 941 0000 31010000 		.4byte	0x131
 942 0004 0400     		.2byte	0x4
 943 0006 00000000 		.4byte	.Ldebug_abbrev0
 944 000a 04       		.byte	0x4
 945 000b 01       		.uleb128 0x1
 946 000c 0A000000 		.4byte	.LASF17
 947 0010 0C       		.byte	0xc
 948 0011 E5010000 		.4byte	.LASF18
 949 0015 D7000000 		.4byte	.LASF19
 950 0019 00000000 		.4byte	.Ldebug_line0
 951 001d 02       		.uleb128 0x2
 952 001e 01       		.byte	0x1
 953 001f 06       		.byte	0x6
 954 0020 D9010000 		.4byte	.LASF0
 955 0024 03       		.uleb128 0x3
 956 0025 00000000 		.4byte	.LASF9
 957 0029 01       		.byte	0x1
 958 002a 1D       		.byte	0x1d
 959 002b 2F000000 		.4byte	0x2f
 960 002f 02       		.uleb128 0x2
 961 0030 01       		.byte	0x1
 962 0031 08       		.byte	0x8
 963 0032 A4000000 		.4byte	.LASF1
 964 0036 02       		.uleb128 0x2
 965 0037 02       		.byte	0x2
ARM GAS  C:\Users\nikol\AppData\Local\Temp\ccSYdmLr.s 			page 18


 966 0038 05       		.byte	0x5
 967 0039 C6010000 		.4byte	.LASF2
 968 003d 02       		.uleb128 0x2
 969 003e 02       		.byte	0x2
 970 003f 07       		.byte	0x7
 971 0040 C4000000 		.4byte	.LASF3
 972 0044 02       		.uleb128 0x2
 973 0045 04       		.byte	0x4
 974 0046 05       		.byte	0x5
 975 0047 D0010000 		.4byte	.LASF4
 976 004b 02       		.uleb128 0x2
 977 004c 04       		.byte	0x4
 978 004d 07       		.byte	0x7
 979 004e B2000000 		.4byte	.LASF5
 980 0052 02       		.uleb128 0x2
 981 0053 08       		.byte	0x8
 982 0054 05       		.byte	0x5
 983 0055 B8010000 		.4byte	.LASF6
 984 0059 02       		.uleb128 0x2
 985 005a 08       		.byte	0x8
 986 005b 07       		.byte	0x7
 987 005c 6D010000 		.4byte	.LASF7
 988 0060 04       		.uleb128 0x4
 989 0061 04       		.byte	0x4
 990 0062 05       		.byte	0x5
 991 0063 696E7400 		.ascii	"int\000"
 992 0067 02       		.uleb128 0x2
 993 0068 04       		.byte	0x4
 994 0069 07       		.byte	0x7
 995 006a 60010000 		.4byte	.LASF8
 996 006e 03       		.uleb128 0x3
 997 006f 84010000 		.4byte	.LASF10
 998 0073 02       		.byte	0x2
 999 0074 18       		.byte	0x18
 1000 0075 24000000 		.4byte	0x24
 1001 0079 05       		.uleb128 0x5
 1002 007a 91000000 		.4byte	0x91
 1003 007e 8A000000 		.4byte	0x8a
 1004 0082 06       		.uleb128 0x6
 1005 0083 8A000000 		.4byte	0x8a
 1006 0087 5F03     		.2byte	0x35f
 1007 0089 00       		.byte	0
 1008 008a 02       		.uleb128 0x2
 1009 008b 04       		.byte	0x4
 1010 008c 07       		.byte	0x7
 1011 008d AF010000 		.4byte	.LASF11
 1012 0091 07       		.uleb128 0x7
 1013 0092 6E000000 		.4byte	0x6e
 1014 0096 08       		.uleb128 0x8
 1015 0097 4E010000 		.4byte	.LASF12
 1016 009b 03       		.byte	0x3
 1017 009c 1F       		.byte	0x1f
 1018 009d A7000000 		.4byte	0xa7
 1019 00a1 05       		.uleb128 0x5
 1020 00a2 03       		.byte	0x3
 1021 00a3 00000000 		.4byte	cy_meta_configecc
 1022 00a7 07       		.uleb128 0x7
ARM GAS  C:\Users\nikol\AppData\Local\Temp\ccSYdmLr.s 			page 19


 1023 00a8 79000000 		.4byte	0x79
 1024 00ac 05       		.uleb128 0x5
 1025 00ad 91000000 		.4byte	0x91
 1026 00b1 BC000000 		.4byte	0xbc
 1027 00b5 09       		.uleb128 0x9
 1028 00b6 8A000000 		.4byte	0x8a
 1029 00ba 03       		.byte	0x3
 1030 00bb 00       		.byte	0
 1031 00bc 08       		.uleb128 0x8
 1032 00bd 3E010000 		.4byte	.LASF13
 1033 00c1 03       		.byte	0x3
 1034 00c2 98       		.byte	0x98
 1035 00c3 CD000000 		.4byte	0xcd
 1036 00c7 05       		.uleb128 0x5
 1037 00c8 03       		.byte	0x3
 1038 00c9 00000000 		.4byte	cy_meta_custnvl
 1039 00cd 07       		.uleb128 0x7
 1040 00ce AC000000 		.4byte	0xac
 1041 00d2 08       		.uleb128 0x8
 1042 00d3 A1010000 		.4byte	.LASF14
 1043 00d7 03       		.byte	0x3
 1044 00d8 A6       		.byte	0xa6
 1045 00d9 E3000000 		.4byte	0xe3
 1046 00dd 05       		.uleb128 0x5
 1047 00de 03       		.byte	0x3
 1048 00df 00000000 		.4byte	cy_meta_wonvl
 1049 00e3 07       		.uleb128 0x7
 1050 00e4 AC000000 		.4byte	0xac
 1051 00e8 05       		.uleb128 0x5
 1052 00e9 91000000 		.4byte	0x91
 1053 00ed F8000000 		.4byte	0xf8
 1054 00f1 09       		.uleb128 0x9
 1055 00f2 8A000000 		.4byte	0x8a
 1056 00f6 FF       		.byte	0xff
 1057 00f7 00       		.byte	0
 1058 00f8 08       		.uleb128 0x8
 1059 00f9 8C010000 		.4byte	.LASF15
 1060 00fd 03       		.byte	0x3
 1061 00fe B4       		.byte	0xb4
 1062 00ff 09010000 		.4byte	0x109
 1063 0103 05       		.uleb128 0x5
 1064 0104 03       		.byte	0x3
 1065 0105 00000000 		.4byte	cy_meta_flashprotect
 1066 0109 07       		.uleb128 0x7
 1067 010a E8000000 		.4byte	0xe8
 1068 010e 05       		.uleb128 0x5
 1069 010f 91000000 		.4byte	0x91
 1070 0113 1E010000 		.4byte	0x11e
 1071 0117 09       		.uleb128 0x9
 1072 0118 8A000000 		.4byte	0x8a
 1073 011c 0B       		.byte	0xb
 1074 011d 00       		.byte	0
 1075 011e 08       		.uleb128 0x8
 1076 011f 98000000 		.4byte	.LASF16
 1077 0123 03       		.byte	0x3
 1078 0124 E1       		.byte	0xe1
 1079 0125 2F010000 		.4byte	0x12f
ARM GAS  C:\Users\nikol\AppData\Local\Temp\ccSYdmLr.s 			page 20


 1080 0129 05       		.uleb128 0x5
 1081 012a 03       		.byte	0x3
 1082 012b 00000000 		.4byte	cy_metadata
 1083 012f 07       		.uleb128 0x7
 1084 0130 0E010000 		.4byte	0x10e
 1085 0134 00       		.byte	0
 1086              		.section	.debug_abbrev,"",%progbits
 1087              	.Ldebug_abbrev0:
 1088 0000 01       		.uleb128 0x1
 1089 0001 11       		.uleb128 0x11
 1090 0002 01       		.byte	0x1
 1091 0003 25       		.uleb128 0x25
 1092 0004 0E       		.uleb128 0xe
 1093 0005 13       		.uleb128 0x13
 1094 0006 0B       		.uleb128 0xb
 1095 0007 03       		.uleb128 0x3
 1096 0008 0E       		.uleb128 0xe
 1097 0009 1B       		.uleb128 0x1b
 1098 000a 0E       		.uleb128 0xe
 1099 000b 10       		.uleb128 0x10
 1100 000c 17       		.uleb128 0x17
 1101 000d 00       		.byte	0
 1102 000e 00       		.byte	0
 1103 000f 02       		.uleb128 0x2
 1104 0010 24       		.uleb128 0x24
 1105 0011 00       		.byte	0
 1106 0012 0B       		.uleb128 0xb
 1107 0013 0B       		.uleb128 0xb
 1108 0014 3E       		.uleb128 0x3e
 1109 0015 0B       		.uleb128 0xb
 1110 0016 03       		.uleb128 0x3
 1111 0017 0E       		.uleb128 0xe
 1112 0018 00       		.byte	0
 1113 0019 00       		.byte	0
 1114 001a 03       		.uleb128 0x3
 1115 001b 16       		.uleb128 0x16
 1116 001c 00       		.byte	0
 1117 001d 03       		.uleb128 0x3
 1118 001e 0E       		.uleb128 0xe
 1119 001f 3A       		.uleb128 0x3a
 1120 0020 0B       		.uleb128 0xb
 1121 0021 3B       		.uleb128 0x3b
 1122 0022 0B       		.uleb128 0xb
 1123 0023 49       		.uleb128 0x49
 1124 0024 13       		.uleb128 0x13
 1125 0025 00       		.byte	0
 1126 0026 00       		.byte	0
 1127 0027 04       		.uleb128 0x4
 1128 0028 24       		.uleb128 0x24
 1129 0029 00       		.byte	0
 1130 002a 0B       		.uleb128 0xb
 1131 002b 0B       		.uleb128 0xb
 1132 002c 3E       		.uleb128 0x3e
 1133 002d 0B       		.uleb128 0xb
 1134 002e 03       		.uleb128 0x3
 1135 002f 08       		.uleb128 0x8
 1136 0030 00       		.byte	0
ARM GAS  C:\Users\nikol\AppData\Local\Temp\ccSYdmLr.s 			page 21


 1137 0031 00       		.byte	0
 1138 0032 05       		.uleb128 0x5
 1139 0033 01       		.uleb128 0x1
 1140 0034 01       		.byte	0x1
 1141 0035 49       		.uleb128 0x49
 1142 0036 13       		.uleb128 0x13
 1143 0037 01       		.uleb128 0x1
 1144 0038 13       		.uleb128 0x13
 1145 0039 00       		.byte	0
 1146 003a 00       		.byte	0
 1147 003b 06       		.uleb128 0x6
 1148 003c 21       		.uleb128 0x21
 1149 003d 00       		.byte	0
 1150 003e 49       		.uleb128 0x49
 1151 003f 13       		.uleb128 0x13
 1152 0040 2F       		.uleb128 0x2f
 1153 0041 05       		.uleb128 0x5
 1154 0042 00       		.byte	0
 1155 0043 00       		.byte	0
 1156 0044 07       		.uleb128 0x7
 1157 0045 26       		.uleb128 0x26
 1158 0046 00       		.byte	0
 1159 0047 49       		.uleb128 0x49
 1160 0048 13       		.uleb128 0x13
 1161 0049 00       		.byte	0
 1162 004a 00       		.byte	0
 1163 004b 08       		.uleb128 0x8
 1164 004c 34       		.uleb128 0x34
 1165 004d 00       		.byte	0
 1166 004e 03       		.uleb128 0x3
 1167 004f 0E       		.uleb128 0xe
 1168 0050 3A       		.uleb128 0x3a
 1169 0051 0B       		.uleb128 0xb
 1170 0052 3B       		.uleb128 0x3b
 1171 0053 0B       		.uleb128 0xb
 1172 0054 49       		.uleb128 0x49
 1173 0055 13       		.uleb128 0x13
 1174 0056 3F       		.uleb128 0x3f
 1175 0057 19       		.uleb128 0x19
 1176 0058 02       		.uleb128 0x2
 1177 0059 18       		.uleb128 0x18
 1178 005a 00       		.byte	0
 1179 005b 00       		.byte	0
 1180 005c 09       		.uleb128 0x9
 1181 005d 21       		.uleb128 0x21
 1182 005e 00       		.byte	0
 1183 005f 49       		.uleb128 0x49
 1184 0060 13       		.uleb128 0x13
 1185 0061 2F       		.uleb128 0x2f
 1186 0062 0B       		.uleb128 0xb
 1187 0063 00       		.byte	0
 1188 0064 00       		.byte	0
 1189 0065 00       		.byte	0
 1190              		.section	.debug_aranges,"",%progbits
 1191 0000 14000000 		.4byte	0x14
 1192 0004 0200     		.2byte	0x2
 1193 0006 00000000 		.4byte	.Ldebug_info0
ARM GAS  C:\Users\nikol\AppData\Local\Temp\ccSYdmLr.s 			page 22


 1194 000a 04       		.byte	0x4
 1195 000b 00       		.byte	0
 1196 000c 0000     		.2byte	0
 1197 000e 0000     		.2byte	0
 1198 0010 00000000 		.4byte	0
 1199 0014 00000000 		.4byte	0
 1200              		.section	.debug_line,"",%progbits
 1201              	.Ldebug_line0:
 1202 0000 3D010000 		.section	.debug_str,"MS",%progbits,1
 1202      02003701 
 1202      00000201 
 1202      FB0E0D00 
 1202      01010101 
 1203              	.LASF9:
 1204 0000 5F5F7569 		.ascii	"__uint8_t\000"
 1204      6E74385F 
 1204      7400
 1205              	.LASF17:
 1206 000a 474E5520 		.ascii	"GNU C11 5.4.1 20160609 (release) [ARM/embedded-5-br"
 1206      43313120 
 1206      352E342E 
 1206      31203230 
 1206      31363036 
 1207 003d 616E6368 		.ascii	"anch revision 237715] -mcpu=cortex-m3 -mthumb -g -O"
 1207      20726576 
 1207      6973696F 
 1207      6E203233 
 1207      37373135 
 1208 0070 30202D66 		.ascii	"0 -ffunction-sections -ffat-lto-objects\000"
 1208      66756E63 
 1208      74696F6E 
 1208      2D736563 
 1208      74696F6E 
 1209              	.LASF16:
 1210 0098 63795F6D 		.ascii	"cy_metadata\000"
 1210      65746164 
 1210      61746100 
 1211              	.LASF1:
 1212 00a4 756E7369 		.ascii	"unsigned char\000"
 1212      676E6564 
 1212      20636861 
 1212      7200
 1213              	.LASF5:
 1214 00b2 6C6F6E67 		.ascii	"long unsigned int\000"
 1214      20756E73 
 1214      69676E65 
 1214      6420696E 
 1214      7400
 1215              	.LASF3:
 1216 00c4 73686F72 		.ascii	"short unsigned int\000"
 1216      7420756E 
 1216      7369676E 
 1216      65642069 
 1216      6E7400
 1217              	.LASF19:
 1218 00d7 433A5C55 		.ascii	"C:\\Users\\nikol\\Documents\\git\\3. Semester\\PRJ3"
 1218      73657273 
ARM GAS  C:\Users\nikol\AppData\Local\Temp\ccSYdmLr.s 			page 23


 1218      5C6E696B 
 1218      6F6C5C44 
 1218      6F63756D 
 1219 0104 5C706C61 		.ascii	"\\player_side_app\\CupSensor_IF\\CapSense_CSD_Desig"
 1219      7965725F 
 1219      73696465 
 1219      5F617070 
 1219      5C437570 
 1220 0134 6E30312E 		.ascii	"n01.cydsn\000"
 1220      63796473 
 1220      6E00
 1221              	.LASF13:
 1222 013e 63795F6D 		.ascii	"cy_meta_custnvl\000"
 1222      6574615F 
 1222      63757374 
 1222      6E766C00 
 1223              	.LASF12:
 1224 014e 63795F6D 		.ascii	"cy_meta_configecc\000"
 1224      6574615F 
 1224      636F6E66 
 1224      69676563 
 1224      6300
 1225              	.LASF8:
 1226 0160 756E7369 		.ascii	"unsigned int\000"
 1226      676E6564 
 1226      20696E74 
 1226      00
 1227              	.LASF7:
 1228 016d 6C6F6E67 		.ascii	"long long unsigned int\000"
 1228      206C6F6E 
 1228      6720756E 
 1228      7369676E 
 1228      65642069 
 1229              	.LASF10:
 1230 0184 75696E74 		.ascii	"uint8_t\000"
 1230      385F7400 
 1231              	.LASF15:
 1232 018c 63795F6D 		.ascii	"cy_meta_flashprotect\000"
 1232      6574615F 
 1232      666C6173 
 1232      6870726F 
 1232      74656374 
 1233              	.LASF14:
 1234 01a1 63795F6D 		.ascii	"cy_meta_wonvl\000"
 1234      6574615F 
 1234      776F6E76 
 1234      6C00
 1235              	.LASF11:
 1236 01af 73697A65 		.ascii	"sizetype\000"
 1236      74797065 
 1236      00
 1237              	.LASF6:
 1238 01b8 6C6F6E67 		.ascii	"long long int\000"
 1238      206C6F6E 
 1238      6720696E 
 1238      7400
 1239              	.LASF2:
ARM GAS  C:\Users\nikol\AppData\Local\Temp\ccSYdmLr.s 			page 24


 1240 01c6 73686F72 		.ascii	"short int\000"
 1240      7420696E 
 1240      7400
 1241              	.LASF4:
 1242 01d0 6C6F6E67 		.ascii	"long int\000"
 1242      20696E74 
 1242      00
 1243              	.LASF0:
 1244 01d9 7369676E 		.ascii	"signed char\000"
 1244      65642063 
 1244      68617200 
 1245              	.LASF18:
 1246 01e5 47656E65 		.ascii	"Generated_Source\\PSoC5\\cymetadata.c\000"
 1246      72617465 
 1246      645F536F 
 1246      75726365 
 1246      5C50536F 
 1247              		.ident	"GCC: (GNU Tools for ARM Embedded Processors) 5.4.1 20160609 (release) [ARM/embedded-5-bran
