ARM GAS  C:\Users\marti\AppData\Local\Temp\ccZkbYR6.s 			page 1


   1              		.syntax unified
   2              		.cpu cortex-m3
   3              		.fpu softvfp
   4              		.eabi_attribute 20, 1
   5              		.eabi_attribute 21, 1
   6              		.eabi_attribute 23, 3
   7              		.eabi_attribute 24, 1
   8              		.eabi_attribute 25, 1
   9              		.eabi_attribute 26, 1
  10              		.eabi_attribute 30, 1
  11              		.eabi_attribute 34, 1
  12              		.eabi_attribute 18, 4
  13              		.thumb
  14              		.syntax unified
  15              		.file	"cymetadata.c"
  16              		.text
  17              	.Ltext0:
  18              		.cfi_sections	.debug_frame
  19              		.global	cy_metadata
  20              		.global	cy_meta_flashprotect
  21              		.global	cy_meta_wonvl
  22              		.global	cy_meta_custnvl
  23              		.global	cy_meta_configecc
  24              		.section	.cyconfigecc,"a",%progbits
  25              		.align	2
  26              		.type	cy_meta_configecc, %object
  27              		.size	cy_meta_configecc, 2548
  28              	cy_meta_configecc:
  29 0000 04       		.byte	4
  30 0001 4F       		.byte	79
  31 0002 00       		.byte	0
  32 0003 40       		.byte	64
  33 0004 02       		.byte	2
  34 0005 52       		.byte	82
  35 0006 00       		.byte	0
  36 0007 40       		.byte	64
  37 0008 04       		.byte	4
  38 0009 64       		.byte	100
  39 000a 00       		.byte	0
  40 000b 40       		.byte	64
  41 000c 02       		.byte	2
  42 000d 65       		.byte	101
  43 000e 00       		.byte	0
  44 000f 40       		.byte	64
  45 0010 57       		.byte	87
  46 0011 04       		.byte	4
  47 0012 01       		.byte	1
  48 0013 40       		.byte	64
  49 0014 3F       		.byte	63
  50 0015 05       		.byte	5
  51 0016 01       		.byte	1
  52 0017 40       		.byte	64
  53 0018 0E       		.byte	14
  54 0019 06       		.byte	6
  55 001a 01       		.byte	1
  56 001b 40       		.byte	64
  57 001c 48       		.byte	72
ARM GAS  C:\Users\marti\AppData\Local\Temp\ccZkbYR6.s 			page 2


  58 001d 07       		.byte	7
  59 001e 01       		.byte	1
  60 001f 40       		.byte	64
  61 0020 4E       		.byte	78
  62 0021 08       		.byte	8
  63 0022 01       		.byte	1
  64 0023 40       		.byte	64
  65 0024 35       		.byte	53
  66 0025 09       		.byte	9
  67 0026 01       		.byte	1
  68 0027 40       		.byte	64
  69 0028 01       		.byte	1
  70 0029 0B       		.byte	11
  71 002a 01       		.byte	1
  72 002b 40       		.byte	64
  73 002c 04       		.byte	4
  74 002d 0C       		.byte	12
  75 002e 01       		.byte	1
  76 002f 40       		.byte	64
  77 0030 01       		.byte	1
  78 0031 0D       		.byte	13
  79 0032 01       		.byte	1
  80 0033 40       		.byte	64
  81 0034 49       		.byte	73
  82 0035 14       		.byte	20
  83 0036 01       		.byte	1
  84 0037 40       		.byte	64
  85 0038 58       		.byte	88
  86 0039 15       		.byte	21
  87 003a 01       		.byte	1
  88 003b 40       		.byte	64
  89 003c 4A       		.byte	74
  90 003d 16       		.byte	22
  91 003e 01       		.byte	1
  92 003f 40       		.byte	64
  93 0040 5B       		.byte	91
  94 0041 17       		.byte	23
  95 0042 01       		.byte	1
  96 0043 40       		.byte	64
  97 0044 4C       		.byte	76
  98 0045 18       		.byte	24
  99 0046 01       		.byte	1
 100 0047 40       		.byte	64
 101 0048 53       		.byte	83
 102 0049 19       		.byte	25
 103 004a 01       		.byte	1
 104 004b 40       		.byte	64
 105 004c 62       		.byte	98
 106 004d 1A       		.byte	26
 107 004e 01       		.byte	1
 108 004f 40       		.byte	64
 109 0050 55       		.byte	85
 110 0051 1B       		.byte	27
 111 0052 01       		.byte	1
 112 0053 40       		.byte	64
 113 0054 03       		.byte	3
 114 0055 40       		.byte	64
ARM GAS  C:\Users\marti\AppData\Local\Temp\ccZkbYR6.s 			page 3


 115 0056 01       		.byte	1
 116 0057 40       		.byte	64
 117 0058 02       		.byte	2
 118 0059 41       		.byte	65
 119 005a 01       		.byte	1
 120 005b 40       		.byte	64
 121 005c 14       		.byte	20
 122 005d 42       		.byte	66
 123 005e 01       		.byte	1
 124 005f 40       		.byte	64
 125 0060 05       		.byte	5
 126 0061 43       		.byte	67
 127 0062 01       		.byte	1
 128 0063 40       		.byte	64
 129 0064 03       		.byte	3
 130 0065 45       		.byte	69
 131 0066 01       		.byte	1
 132 0067 40       		.byte	64
 133 0068 02       		.byte	2
 134 0069 46       		.byte	70
 135 006a 01       		.byte	1
 136 006b 40       		.byte	64
 137 006c 04       		.byte	4
 138 006d 47       		.byte	71
 139 006e 01       		.byte	1
 140 006f 40       		.byte	64
 141 0070 06       		.byte	6
 142 0071 48       		.byte	72
 143 0072 01       		.byte	1
 144 0073 40       		.byte	64
 145 0074 07       		.byte	7
 146 0075 49       		.byte	73
 147 0076 01       		.byte	1
 148 0077 40       		.byte	64
 149 0078 02       		.byte	2
 150 0079 4C       		.byte	76
 151 007a 01       		.byte	1
 152 007b 40       		.byte	64
 153 007c 07       		.byte	7
 154 007d 4D       		.byte	77
 155 007e 01       		.byte	1
 156 007f 40       		.byte	64
 157 0080 06       		.byte	6
 158 0081 50       		.byte	80
 159 0082 01       		.byte	1
 160 0083 40       		.byte	64
 161 0084 02       		.byte	2
 162 0085 51       		.byte	81
 163 0086 01       		.byte	1
 164 0087 40       		.byte	64
 165 0088 01       		.byte	1
 166 0089 30       		.byte	48
 167 008a 0A       		.byte	10
 168 008b 4B       		.byte	75
 169 008c 0D       		.byte	13
 170 008d 80       		.byte	-128
 171 008e 16       		.byte	22
ARM GAS  C:\Users\marti\AppData\Local\Temp\ccZkbYR6.s 			page 4


 172 008f 4B       		.byte	75
 173 0090 10       		.byte	16
 174 0091 28       		.byte	40
 175 0092 11       		.byte	17
 176 0093 08       		.byte	8
 177 0094 24       		.byte	36
 178 0095 04       		.byte	4
 179 0096 84       		.byte	-124
 180 0097 07       		.byte	7
 181 0098 87       		.byte	-121
 182 0099 38       		.byte	56
 183 009a 89       		.byte	-119
 184 009b 72       		.byte	114
 185 009c 87       		.byte	-121
 186 009d 0F       		.byte	15
 187 009e 8B       		.byte	-117
 188 009f 0F       		.byte	15
 189 00a0 03       		.byte	3
 190 00a1 6F       		.byte	111
 191 00a2 05       		.byte	5
 192 00a3 01       		.byte	1
 193 00a4 0B       		.byte	11
 194 00a5 01       		.byte	1
 195 00a6 0D       		.byte	13
 196 00a7 01       		.byte	1
 197 00a8 11       		.byte	17
 198 00a9 03       		.byte	3
 199 00aa 13       		.byte	19
 200 00ab 1C       		.byte	28
 201 00ac 15       		.byte	21
 202 00ad 49       		.byte	73
 203 00ae 17       		.byte	23
 204 00af 26       		.byte	38
 205 00b0 1A       		.byte	26
 206 00b1 01       		.byte	1
 207 00b2 1B       		.byte	27
 208 00b3 03       		.byte	3
 209 00b4 1D       		.byte	29
 210 00b5 6C       		.byte	108
 211 00b6 1E       		.byte	30
 212 00b7 01       		.byte	1
 213 00b8 21       		.byte	33
 214 00b9 01       		.byte	1
 215 00ba 25       		.byte	37
 216 00bb 03       		.byte	3
 217 00bc 27       		.byte	39
 218 00bd 10       		.byte	16
 219 00be 29       		.byte	41
 220 00bf 6C       		.byte	108
 221 00c0 2D       		.byte	45
 222 00c1 25       		.byte	37
 223 00c2 2F       		.byte	47
 224 00c3 4A       		.byte	74
 225 00c4 30       		.byte	48
 226 00c5 01       		.byte	1
 227 00c6 33       		.byte	51
 228 00c7 1F       		.byte	31
ARM GAS  C:\Users\marti\AppData\Local\Temp\ccZkbYR6.s 			page 5


 229 00c8 35       		.byte	53
 230 00c9 60       		.byte	96
 231 00ca 3E       		.byte	62
 232 00cb 01       		.byte	1
 233 00cc 3F       		.byte	63
 234 00cd 14       		.byte	20
 235 00ce 40       		.byte	64
 236 00cf 23       		.byte	35
 237 00d0 44       		.byte	68
 238 00d1 05       		.byte	5
 239 00d2 45       		.byte	69
 240 00d3 D0       		.byte	-48
 241 00d4 47       		.byte	71
 242 00d5 0B       		.byte	11
 243 00d6 48       		.byte	72
 244 00d7 12       		.byte	18
 245 00d8 49       		.byte	73
 246 00d9 FF       		.byte	-1
 247 00da 4A       		.byte	74
 248 00db 7F       		.byte	127
 249 00dc 4B       		.byte	75
 250 00dd FF       		.byte	-1
 251 00de 4C       		.byte	76
 252 00df 42       		.byte	66
 253 00e0 4D       		.byte	77
 254 00e1 A0       		.byte	-96
 255 00e2 4E       		.byte	78
 256 00e3 70       		.byte	112
 257 00e4 50       		.byte	80
 258 00e5 0C       		.byte	12
 259 00e6 56       		.byte	86
 260 00e7 02       		.byte	2
 261 00e8 57       		.byte	87
 262 00e9 28       		.byte	40
 263 00ea 58       		.byte	88
 264 00eb 04       		.byte	4
 265 00ec 59       		.byte	89
 266 00ed 04       		.byte	4
 267 00ee 5A       		.byte	90
 268 00ef 04       		.byte	4
 269 00f0 5B       		.byte	91
 270 00f1 04       		.byte	4
 271 00f2 5D       		.byte	93
 272 00f3 11       		.byte	17
 273 00f4 5E       		.byte	94
 274 00f5 08       		.byte	8
 275 00f6 5F       		.byte	95
 276 00f7 01       		.byte	1
 277 00f8 61       		.byte	97
 278 00f9 09       		.byte	9
 279 00fa 62       		.byte	98
 280 00fb 40       		.byte	64
 281 00fc 63       		.byte	99
 282 00fd 09       		.byte	9
 283 00fe 64       		.byte	100
 284 00ff 30       		.byte	48
 285 0100 65       		.byte	101
ARM GAS  C:\Users\marti\AppData\Local\Temp\ccZkbYR6.s 			page 6


 286 0101 09       		.byte	9
 287 0102 80       		.byte	-128
 288 0103 4C       		.byte	76
 289 0104 81       		.byte	-127
 290 0105 48       		.byte	72
 291 0106 82       		.byte	-126
 292 0107 01       		.byte	1
 293 0108 83       		.byte	-125
 294 0109 24       		.byte	36
 295 010a 87       		.byte	-121
 296 010b 01       		.byte	1
 297 010c 88       		.byte	-120
 298 010d 14       		.byte	20
 299 010e 8A       		.byte	-118
 300 010f E8       		.byte	-24
 301 0110 8B       		.byte	-117
 302 0111 02       		.byte	2
 303 0112 8C       		.byte	-116
 304 0113 C0       		.byte	-64
 305 0114 8D       		.byte	-115
 306 0115 0C       		.byte	12
 307 0116 8E       		.byte	-114
 308 0117 14       		.byte	20
 309 0118 8F       		.byte	-113
 310 0119 12       		.byte	18
 311 011a 90       		.byte	-112
 312 011b 03       		.byte	3
 313 011c 93       		.byte	-109
 314 011d 90       		.byte	-112
 315 011e 94       		.byte	-108
 316 011f FF       		.byte	-1
 317 0120 95       		.byte	-107
 318 0121 24       		.byte	36
 319 0122 97       		.byte	-105
 320 0123 48       		.byte	72
 321 0124 99       		.byte	-103
 322 0125 1E       		.byte	30
 323 0126 9C       		.byte	-100
 324 0127 B0       		.byte	-80
 325 0128 9E       		.byte	-98
 326 0129 03       		.byte	3
 327 012a A4       		.byte	-92
 328 012b 3C       		.byte	60
 329 012c A7       		.byte	-89
 330 012d 60       		.byte	96
 331 012e A8       		.byte	-88
 332 012f 02       		.byte	2
 333 0130 AA       		.byte	-86
 334 0131 4C       		.byte	76
 335 0132 AC       		.byte	-84
 336 0133 E8       		.byte	-24
 337 0134 AD       		.byte	-83
 338 0135 24       		.byte	36
 339 0136 AE       		.byte	-82
 340 0137 14       		.byte	20
 341 0138 AF       		.byte	-81
 342 0139 48       		.byte	72
ARM GAS  C:\Users\marti\AppData\Local\Temp\ccZkbYR6.s 			page 7


 343 013a B0       		.byte	-80
 344 013b FF       		.byte	-1
 345 013c B3       		.byte	-77
 346 013d E0       		.byte	-32
 347 013e B5       		.byte	-75
 348 013f 1E       		.byte	30
 349 0140 B7       		.byte	-73
 350 0141 01       		.byte	1
 351 0142 B8       		.byte	-72
 352 0143 02       		.byte	2
 353 0144 BF       		.byte	-65
 354 0145 04       		.byte	4
 355 0146 D8       		.byte	-40
 356 0147 04       		.byte	4
 357 0148 D9       		.byte	-39
 358 0149 04       		.byte	4
 359 014a DC       		.byte	-36
 360 014b 11       		.byte	17
 361 014c DF       		.byte	-33
 362 014d 01       		.byte	1
 363 014e 05       		.byte	5
 364 014f 80       		.byte	-128
 365 0150 07       		.byte	7
 366 0151 44       		.byte	68
 367 0152 08       		.byte	8
 368 0153 90       		.byte	-112
 369 0154 0A       		.byte	10
 370 0155 20       		.byte	32
 371 0156 0B       		.byte	11
 372 0157 10       		.byte	16
 373 0158 0E       		.byte	14
 374 0159 42       		.byte	66
 375 015a 0F       		.byte	15
 376 015b 20       		.byte	32
 377 015c 15       		.byte	21
 378 015d 08       		.byte	8
 379 015e 16       		.byte	22
 380 015f 02       		.byte	2
 381 0160 17       		.byte	23
 382 0161 10       		.byte	16
 383 0162 1B       		.byte	27
 384 0163 01       		.byte	1
 385 0164 1E       		.byte	30
 386 0165 40       		.byte	64
 387 0166 20       		.byte	32
 388 0167 04       		.byte	4
 389 0168 23       		.byte	35
 390 0169 10       		.byte	16
 391 016a 24       		.byte	36
 392 016b 18       		.byte	24
 393 016c 25       		.byte	37
 394 016d 10       		.byte	16
 395 016e 27       		.byte	39
 396 016f 01       		.byte	1
 397 0170 28       		.byte	40
 398 0171 28       		.byte	40
 399 0172 29       		.byte	41
ARM GAS  C:\Users\marti\AppData\Local\Temp\ccZkbYR6.s 			page 8


 400 0173 82       		.byte	-126
 401 0174 2B       		.byte	43
 402 0175 10       		.byte	16
 403 0176 2D       		.byte	45
 404 0177 80       		.byte	-128
 405 0178 2F       		.byte	47
 406 0179 20       		.byte	32
 407 017a 30       		.byte	48
 408 017b 40       		.byte	64
 409 017c 31       		.byte	49
 410 017d 10       		.byte	16
 411 017e 32       		.byte	50
 412 017f 06       		.byte	6
 413 0180 33       		.byte	51
 414 0181 64       		.byte	100
 415 0182 34       		.byte	52
 416 0183 20       		.byte	32
 417 0184 37       		.byte	55
 418 0185 05       		.byte	5
 419 0186 38       		.byte	56
 420 0187 02       		.byte	2
 421 0188 39       		.byte	57
 422 0189 44       		.byte	68
 423 018a 3A       		.byte	58
 424 018b 12       		.byte	18
 425 018c 3B       		.byte	59
 426 018d 01       		.byte	1
 427 018e 3C       		.byte	60
 428 018f 80       		.byte	-128
 429 0190 3D       		.byte	61
 430 0191 28       		.byte	40
 431 0192 3F       		.byte	63
 432 0193 01       		.byte	1
 433 0194 40       		.byte	64
 434 0195 04       		.byte	4
 435 0196 41       		.byte	65
 436 0197 08       		.byte	8
 437 0198 48       		.byte	72
 438 0199 40       		.byte	64
 439 019a 49       		.byte	73
 440 019b 40       		.byte	64
 441 019c 4A       		.byte	74
 442 019d 80       		.byte	-128
 443 019e 51       		.byte	81
 444 019f 04       		.byte	4
 445 01a0 52       		.byte	82
 446 01a1 10       		.byte	16
 447 01a2 60       		.byte	96
 448 01a3 10       		.byte	16
 449 01a4 68       		.byte	104
 450 01a5 10       		.byte	16
 451 01a6 69       		.byte	105
 452 01a7 54       		.byte	84
 453 01a8 6A       		.byte	106
 454 01a9 80       		.byte	-128
 455 01aa 78       		.byte	120
 456 01ab 20       		.byte	32
ARM GAS  C:\Users\marti\AppData\Local\Temp\ccZkbYR6.s 			page 9


 457 01ac 80       		.byte	-128
 458 01ad 08       		.byte	8
 459 01ae 82       		.byte	-126
 460 01af 81       		.byte	-127
 461 01b0 85       		.byte	-123
 462 01b1 12       		.byte	18
 463 01b2 8B       		.byte	-117
 464 01b3 40       		.byte	64
 465 01b4 C0       		.byte	-64
 466 01b5 D0       		.byte	-48
 467 01b6 C2       		.byte	-62
 468 01b7 B3       		.byte	-77
 469 01b8 C4       		.byte	-60
 470 01b9 E0       		.byte	-32
 471 01ba CA       		.byte	-54
 472 01bb 5F       		.byte	95
 473 01bc CC       		.byte	-52
 474 01bd EF       		.byte	-17
 475 01be CE       		.byte	-50
 476 01bf FF       		.byte	-1
 477 01c0 D0       		.byte	-48
 478 01c1 06       		.byte	6
 479 01c2 D2       		.byte	-46
 480 01c3 08       		.byte	8
 481 01c4 D8       		.byte	-40
 482 01c5 02       		.byte	2
 483 01c6 DE       		.byte	-34
 484 01c7 04       		.byte	4
 485 01c8 E4       		.byte	-28
 486 01c9 80       		.byte	-128
 487 01ca EA       		.byte	-22
 488 01cb 08       		.byte	8
 489 01cc 03       		.byte	3
 490 01cd 02       		.byte	2
 491 01ce 0F       		.byte	15
 492 01cf 02       		.byte	2
 493 01d0 19       		.byte	25
 494 01d1 08       		.byte	8
 495 01d2 1B       		.byte	27
 496 01d3 03       		.byte	3
 497 01d4 1F       		.byte	31
 498 01d5 0E       		.byte	14
 499 01d6 25       		.byte	37
 500 01d7 02       		.byte	2
 501 01d8 31       		.byte	49
 502 01d9 08       		.byte	8
 503 01da 33       		.byte	51
 504 01db 02       		.byte	2
 505 01dc 35       		.byte	53
 506 01dd 04       		.byte	4
 507 01de 37       		.byte	55
 508 01df 01       		.byte	1
 509 01e0 3F       		.byte	63
 510 01e1 01       		.byte	1
 511 01e2 59       		.byte	89
 512 01e3 04       		.byte	4
 513 01e4 5C       		.byte	92
ARM GAS  C:\Users\marti\AppData\Local\Temp\ccZkbYR6.s 			page 10


 514 01e5 10       		.byte	16
 515 01e6 5F       		.byte	95
 516 01e7 01       		.byte	1
 517 01e8 00       		.byte	0
 518 01e9 10       		.byte	16
 519 01ea 01       		.byte	1
 520 01eb 08       		.byte	8
 521 01ec 03       		.byte	3
 522 01ed 02       		.byte	2
 523 01ee 08       		.byte	8
 524 01ef 08       		.byte	8
 525 01f0 0A       		.byte	10
 526 01f1 45       		.byte	69
 527 01f2 10       		.byte	16
 528 01f3 82       		.byte	-126
 529 01f4 12       		.byte	18
 530 01f5 04       		.byte	4
 531 01f6 13       		.byte	19
 532 01f7 08       		.byte	8
 533 01f8 18       		.byte	24
 534 01f9 10       		.byte	16
 535 01fa 19       		.byte	25
 536 01fb 20       		.byte	32
 537 01fc 21       		.byte	33
 538 01fd 08       		.byte	8
 539 01fe 22       		.byte	34
 540 01ff 02       		.byte	2
 541 0200 23       		.byte	35
 542 0201 40       		.byte	64
 543 0202 24       		.byte	36
 544 0203 40       		.byte	64
 545 0204 25       		.byte	37
 546 0205 44       		.byte	68
 547 0206 26       		.byte	38
 548 0207 10       		.byte	16
 549 0208 28       		.byte	40
 550 0209 20       		.byte	32
 551 020a 29       		.byte	41
 552 020b 80       		.byte	-128
 553 020c 2A       		.byte	42
 554 020d 21       		.byte	33
 555 020e 2F       		.byte	47
 556 020f 10       		.byte	16
 557 0210 32       		.byte	50
 558 0211 56       		.byte	86
 559 0212 34       		.byte	52
 560 0213 40       		.byte	64
 561 0214 36       		.byte	54
 562 0215 50       		.byte	80
 563 0216 37       		.byte	55
 564 0217 10       		.byte	16
 565 0218 38       		.byte	56
 566 0219 4A       		.byte	74
 567 021a 39       		.byte	57
 568 021b 10       		.byte	16
 569 021c 3C       		.byte	60
 570 021d 20       		.byte	32
ARM GAS  C:\Users\marti\AppData\Local\Temp\ccZkbYR6.s 			page 11


 571 021e 3D       		.byte	61
 572 021f 82       		.byte	-126
 573 0220 3E       		.byte	62
 574 0221 20       		.byte	32
 575 0222 40       		.byte	64
 576 0223 08       		.byte	8
 577 0224 43       		.byte	67
 578 0225 06       		.byte	6
 579 0226 49       		.byte	73
 580 0227 22       		.byte	34
 581 0228 4B       		.byte	75
 582 0229 80       		.byte	-128
 583 022a 50       		.byte	80
 584 022b 6A       		.byte	106
 585 022c 52       		.byte	82
 586 022d 40       		.byte	64
 587 022e 58       		.byte	88
 588 022f 01       		.byte	1
 589 0230 60       		.byte	96
 590 0231 04       		.byte	4
 591 0232 63       		.byte	99
 592 0233 82       		.byte	-126
 593 0234 80       		.byte	-128
 594 0235 40       		.byte	64
 595 0236 83       		.byte	-125
 596 0237 40       		.byte	64
 597 0238 88       		.byte	-120
 598 0239 20       		.byte	32
 599 023a 8C       		.byte	-116
 600 023b 50       		.byte	80
 601 023c 8D       		.byte	-115
 602 023d 10       		.byte	16
 603 023e 90       		.byte	-112
 604 023f 08       		.byte	8
 605 0240 91       		.byte	-111
 606 0241 10       		.byte	16
 607 0242 92       		.byte	-110
 608 0243 A0       		.byte	-96
 609 0244 93       		.byte	-109
 610 0245 80       		.byte	-128
 611 0246 94       		.byte	-108
 612 0247 02       		.byte	2
 613 0248 96       		.byte	-106
 614 0249 08       		.byte	8
 615 024a 9A       		.byte	-102
 616 024b 10       		.byte	16
 617 024c 9B       		.byte	-101
 618 024d 01       		.byte	1
 619 024e 9C       		.byte	-100
 620 024f F0       		.byte	-16
 621 0250 9D       		.byte	-99
 622 0251 D0       		.byte	-48
 623 0252 9F       		.byte	-97
 624 0253 10       		.byte	16
 625 0254 A0       		.byte	-96
 626 0255 10       		.byte	16
 627 0256 A2       		.byte	-94
ARM GAS  C:\Users\marti\AppData\Local\Temp\ccZkbYR6.s 			page 12


 628 0257 80       		.byte	-128
 629 0258 A3       		.byte	-93
 630 0259 01       		.byte	1
 631 025a A5       		.byte	-91
 632 025b 0C       		.byte	12
 633 025c A6       		.byte	-90
 634 025d 03       		.byte	3
 635 025e B6       		.byte	-74
 636 025f 40       		.byte	64
 637 0260 C0       		.byte	-64
 638 0261 07       		.byte	7
 639 0262 C2       		.byte	-62
 640 0263 0F       		.byte	15
 641 0264 C4       		.byte	-60
 642 0265 0F       		.byte	15
 643 0266 CA       		.byte	-54
 644 0267 4F       		.byte	79
 645 0268 CC       		.byte	-52
 646 0269 3F       		.byte	63
 647 026a CE       		.byte	-50
 648 026b 9F       		.byte	-97
 649 026c D0       		.byte	-48
 650 026d 07       		.byte	7
 651 026e D2       		.byte	-46
 652 026f 0C       		.byte	12
 653 0270 D6       		.byte	-42
 654 0271 01       		.byte	1
 655 0272 D8       		.byte	-40
 656 0273 0D       		.byte	13
 657 0274 E0       		.byte	-32
 658 0275 01       		.byte	1
 659 0276 EE       		.byte	-18
 660 0277 40       		.byte	64
 661 0278 01       		.byte	1
 662 0279 04       		.byte	4
 663 027a 04       		.byte	4
 664 027b 0D       		.byte	13
 665 027c 05       		.byte	5
 666 027d 04       		.byte	4
 667 027e 08       		.byte	8
 668 027f 40       		.byte	64
 669 0280 0B       		.byte	11
 670 0281 04       		.byte	4
 671 0282 0D       		.byte	13
 672 0283 70       		.byte	112
 673 0284 10       		.byte	16
 674 0285 0D       		.byte	13
 675 0286 11       		.byte	17
 676 0287 04       		.byte	4
 677 0288 14       		.byte	20
 678 0289 E2       		.byte	-30
 679 028a 16       		.byte	22
 680 028b 14       		.byte	20
 681 028c 17       		.byte	23
 682 028d 02       		.byte	2
 683 028e 18       		.byte	24
 684 028f 02       		.byte	2
ARM GAS  C:\Users\marti\AppData\Local\Temp\ccZkbYR6.s 			page 13


 685 0290 19       		.byte	25
 686 0291 28       		.byte	40
 687 0292 1A       		.byte	26
 688 0293 0D       		.byte	13
 689 0294 1B       		.byte	27
 690 0295 53       		.byte	83
 691 0296 1C       		.byte	28
 692 0297 C2       		.byte	-62
 693 0298 1E       		.byte	30
 694 0299 08       		.byte	8
 695 029a 1F       		.byte	31
 696 029b 04       		.byte	4
 697 029c 20       		.byte	32
 698 029d 0D       		.byte	13
 699 029e 21       		.byte	33
 700 029f 20       		.byte	32
 701 02a0 23       		.byte	35
 702 02a1 4B       		.byte	75
 703 02a2 24       		.byte	36
 704 02a3 91       		.byte	-111
 705 02a4 25       		.byte	37
 706 02a5 19       		.byte	25
 707 02a6 26       		.byte	38
 708 02a7 22       		.byte	34
 709 02a8 27       		.byte	39
 710 02a9 20       		.byte	32
 711 02aa 28       		.byte	40
 712 02ab 0D       		.byte	13
 713 02ac 29       		.byte	41
 714 02ad 04       		.byte	4
 715 02ae 2C       		.byte	44
 716 02af 0D       		.byte	13
 717 02b0 30       		.byte	48
 718 02b1 80       		.byte	-128
 719 02b2 33       		.byte	51
 720 02b3 03       		.byte	3
 721 02b4 34       		.byte	52
 722 02b5 0F       		.byte	15
 723 02b6 35       		.byte	53
 724 02b7 04       		.byte	4
 725 02b8 36       		.byte	54
 726 02b9 70       		.byte	112
 727 02ba 37       		.byte	55
 728 02bb 78       		.byte	120
 729 02bc 39       		.byte	57
 730 02bd 80       		.byte	-128
 731 02be 3A       		.byte	58
 732 02bf A0       		.byte	-96
 733 02c0 3E       		.byte	62
 734 02c1 01       		.byte	1
 735 02c2 3F       		.byte	63
 736 02c3 10       		.byte	16
 737 02c4 40       		.byte	64
 738 02c5 01       		.byte	1
 739 02c6 45       		.byte	69
 740 02c7 04       		.byte	4
 741 02c8 49       		.byte	73
ARM GAS  C:\Users\marti\AppData\Local\Temp\ccZkbYR6.s 			page 14


 742 02c9 FF       		.byte	-1
 743 02ca 4A       		.byte	74
 744 02cb 07       		.byte	7
 745 02cc 4B       		.byte	75
 746 02cd FF       		.byte	-1
 747 02ce 4C       		.byte	76
 748 02cf 40       		.byte	64
 749 02d0 4D       		.byte	77
 750 02d1 20       		.byte	32
 751 02d2 4E       		.byte	78
 752 02d3 F0       		.byte	-16
 753 02d4 4F       		.byte	79
 754 02d5 05       		.byte	5
 755 02d6 50       		.byte	80
 756 02d7 08       		.byte	8
 757 02d8 54       		.byte	84
 758 02d9 40       		.byte	64
 759 02da 58       		.byte	88
 760 02db 04       		.byte	4
 761 02dc 59       		.byte	89
 762 02dd 04       		.byte	4
 763 02de 5A       		.byte	90
 764 02df 04       		.byte	4
 765 02e0 5B       		.byte	91
 766 02e1 04       		.byte	4
 767 02e2 5D       		.byte	93
 768 02e3 02       		.byte	2
 769 02e4 5F       		.byte	95
 770 02e5 01       		.byte	1
 771 02e6 60       		.byte	96
 772 02e7 40       		.byte	64
 773 02e8 61       		.byte	97
 774 02e9 A8       		.byte	-88
 775 02ea 62       		.byte	98
 776 02eb 40       		.byte	64
 777 02ec 63       		.byte	99
 778 02ed 20       		.byte	32
 779 02ee 84       		.byte	-124
 780 02ef 01       		.byte	1
 781 02f0 85       		.byte	-123
 782 02f1 03       		.byte	3
 783 02f2 89       		.byte	-119
 784 02f3 03       		.byte	3
 785 02f4 99       		.byte	-103
 786 02f5 02       		.byte	2
 787 02f6 9B       		.byte	-101
 788 02f7 01       		.byte	1
 789 02f8 A0       		.byte	-96
 790 02f9 01       		.byte	1
 791 02fa A8       		.byte	-88
 792 02fb 01       		.byte	1
 793 02fc AD       		.byte	-83
 794 02fd 01       		.byte	1
 795 02fe AF       		.byte	-81
 796 02ff 02       		.byte	2
 797 0300 B4       		.byte	-76
 798 0301 01       		.byte	1
ARM GAS  C:\Users\marti\AppData\Local\Temp\ccZkbYR6.s 			page 15


 799 0302 B5       		.byte	-75
 800 0303 03       		.byte	3
 801 0304 D6       		.byte	-42
 802 0305 02       		.byte	2
 803 0306 D7       		.byte	-41
 804 0307 13       		.byte	19
 805 0308 D8       		.byte	-40
 806 0309 04       		.byte	4
 807 030a D9       		.byte	-39
 808 030b 04       		.byte	4
 809 030c DB       		.byte	-37
 810 030d 04       		.byte	4
 811 030e DC       		.byte	-36
 812 030f 22       		.byte	34
 813 0310 DD       		.byte	-35
 814 0311 20       		.byte	32
 815 0312 DF       		.byte	-33
 816 0313 01       		.byte	1
 817 0314 01       		.byte	1
 818 0315 04       		.byte	4
 819 0316 04       		.byte	4
 820 0317 04       		.byte	4
 821 0318 07       		.byte	7
 822 0319 04       		.byte	4
 823 031a 0E       		.byte	14
 824 031b 2A       		.byte	42
 825 031c 0F       		.byte	15
 826 031d 80       		.byte	-128
 827 031e 11       		.byte	17
 828 031f 10       		.byte	16
 829 0320 13       		.byte	19
 830 0321 02       		.byte	2
 831 0322 14       		.byte	20
 832 0323 55       		.byte	85
 833 0324 19       		.byte	25
 834 0325 10       		.byte	16
 835 0326 1E       		.byte	30
 836 0327 0A       		.byte	10
 837 0328 1F       		.byte	31
 838 0329 81       		.byte	-127
 839 032a 20       		.byte	32
 840 032b 08       		.byte	8
 841 032c 22       		.byte	34
 842 032d 20       		.byte	32
 843 032e 25       		.byte	37
 844 032f 60       		.byte	96
 845 0330 26       		.byte	38
 846 0331 08       		.byte	8
 847 0332 29       		.byte	41
 848 0333 80       		.byte	-128
 849 0334 2C       		.byte	44
 850 0335 14       		.byte	20
 851 0336 2F       		.byte	47
 852 0337 88       		.byte	-120
 853 0338 32       		.byte	50
 854 0339 20       		.byte	32
 855 033a 35       		.byte	53
ARM GAS  C:\Users\marti\AppData\Local\Temp\ccZkbYR6.s 			page 16


 856 033b 40       		.byte	64
 857 033c 36       		.byte	54
 858 033d 1A       		.byte	26
 859 033e 37       		.byte	55
 860 033f 80       		.byte	-128
 861 0340 39       		.byte	57
 862 0341 14       		.byte	20
 863 0342 3C       		.byte	60
 864 0343 04       		.byte	4
 865 0344 3D       		.byte	61
 866 0345 80       		.byte	-128
 867 0346 3E       		.byte	62
 868 0347 20       		.byte	32
 869 0348 3F       		.byte	63
 870 0349 02       		.byte	2
 871 034a 45       		.byte	69
 872 034b A0       		.byte	-96
 873 034c 46       		.byte	70
 874 034d 08       		.byte	8
 875 034e 4C       		.byte	76
 876 034f 20       		.byte	32
 877 0350 4F       		.byte	79
 878 0351 01       		.byte	1
 879 0352 5A       		.byte	90
 880 0353 02       		.byte	2
 881 0354 65       		.byte	101
 882 0355 40       		.byte	64
 883 0356 66       		.byte	102
 884 0357 08       		.byte	8
 885 0358 67       		.byte	103
 886 0359 08       		.byte	8
 887 035a 69       		.byte	105
 888 035b 14       		.byte	20
 889 035c 6B       		.byte	107
 890 035d 02       		.byte	2
 891 035e 70       		.byte	112
 892 035f 84       		.byte	-124
 893 0360 73       		.byte	115
 894 0361 08       		.byte	8
 895 0362 82       		.byte	-126
 896 0363 10       		.byte	16
 897 0364 83       		.byte	-125
 898 0365 04       		.byte	4
 899 0366 8A       		.byte	-118
 900 0367 04       		.byte	4
 901 0368 C0       		.byte	-64
 902 0369 64       		.byte	100
 903 036a C2       		.byte	-62
 904 036b F0       		.byte	-16
 905 036c C4       		.byte	-60
 906 036d FA       		.byte	-6
 907 036e CA       		.byte	-54
 908 036f E8       		.byte	-24
 909 0370 CC       		.byte	-52
 910 0371 F4       		.byte	-12
 911 0372 CE       		.byte	-50
 912 0373 F6       		.byte	-10
ARM GAS  C:\Users\marti\AppData\Local\Temp\ccZkbYR6.s 			page 17


 913 0374 D0       		.byte	-48
 914 0375 10       		.byte	16
 915 0376 D6       		.byte	-42
 916 0377 01       		.byte	1
 917 0378 D8       		.byte	-40
 918 0379 70       		.byte	112
 919 037a E0       		.byte	-32
 920 037b 10       		.byte	16
 921 037c E4       		.byte	-28
 922 037d 20       		.byte	32
 923 037e AF       		.byte	-81
 924 037f 40       		.byte	64
 925 0380 38       		.byte	56
 926 0381 80       		.byte	-128
 927 0382 3E       		.byte	62
 928 0383 40       		.byte	64
 929 0384 58       		.byte	88
 930 0385 04       		.byte	4
 931 0386 5F       		.byte	95
 932 0387 01       		.byte	1
 933 0388 1F       		.byte	31
 934 0389 40       		.byte	64
 935 038a 00       		.byte	0
 936 038b 03       		.byte	3
 937 038c 03       		.byte	3
 938 038d 01       		.byte	1
 939 038e 04       		.byte	4
 940 038f 03       		.byte	3
 941 0390 05       		.byte	5
 942 0391 04       		.byte	4
 943 0392 08       		.byte	8
 944 0393 04       		.byte	4
 945 0394 0B       		.byte	11
 946 0395 08       		.byte	8
 947 0396 0E       		.byte	14
 948 0397 14       		.byte	20
 949 0398 0F       		.byte	15
 950 0399 07       		.byte	7
 951 039a 10       		.byte	16
 952 039b 04       		.byte	4
 953 039c 11       		.byte	17
 954 039d 05       		.byte	5
 955 039e 13       		.byte	19
 956 039f 02       		.byte	2
 957 03a0 14       		.byte	20
 958 03a1 06       		.byte	6
 959 03a2 15       		.byte	21
 960 03a3 05       		.byte	5
 961 03a4 16       		.byte	22
 962 03a5 19       		.byte	25
 963 03a6 18       		.byte	24
 964 03a7 06       		.byte	6
 965 03a8 19       		.byte	25
 966 03a9 02       		.byte	2
 967 03aa 1A       		.byte	26
 968 03ab 08       		.byte	8
 969 03ac 1C       		.byte	28
ARM GAS  C:\Users\marti\AppData\Local\Temp\ccZkbYR6.s 			page 18


 970 03ad 05       		.byte	5
 971 03ae 1D       		.byte	29
 972 03af 05       		.byte	5
 973 03b0 1E       		.byte	30
 974 03b1 12       		.byte	18
 975 03b2 21       		.byte	33
 976 03b3 07       		.byte	7
 977 03b4 22       		.byte	34
 978 03b5 01       		.byte	1
 979 03b6 25       		.byte	37
 980 03b7 05       		.byte	5
 981 03b8 26       		.byte	38
 982 03b9 04       		.byte	4
 983 03ba 28       		.byte	40
 984 03bb 04       		.byte	4
 985 03bc 29       		.byte	41
 986 03bd 05       		.byte	5
 987 03be 2D       		.byte	45
 988 03bf 02       		.byte	2
 989 03c0 2E       		.byte	46
 990 03c1 17       		.byte	23
 991 03c2 2F       		.byte	47
 992 03c3 05       		.byte	5
 993 03c4 32       		.byte	50
 994 03c5 1F       		.byte	31
 995 03c6 33       		.byte	51
 996 03c7 0F       		.byte	15
 997 03c8 3B       		.byte	59
 998 03c9 08       		.byte	8
 999 03ca 3E       		.byte	62
 1000 03cb 04       		.byte	4
 1001 03cc 52       		.byte	82
 1002 03cd 1D       		.byte	29
 1003 03ce 58       		.byte	88
 1004 03cf 04       		.byte	4
 1005 03d0 59       		.byte	89
 1006 03d1 04       		.byte	4
 1007 03d2 5B       		.byte	91
 1008 03d3 04       		.byte	4
 1009 03d4 5C       		.byte	92
 1010 03d5 10       		.byte	16
 1011 03d6 5D       		.byte	93
 1012 03d7 10       		.byte	16
 1013 03d8 5F       		.byte	95
 1014 03d9 01       		.byte	1
 1015 03da 81       		.byte	-127
 1016 03db 01       		.byte	1
 1017 03dc 83       		.byte	-125
 1018 03dd 08       		.byte	8
 1019 03de 84       		.byte	-124
 1020 03df 01       		.byte	1
 1021 03e0 86       		.byte	-122
 1022 03e1 06       		.byte	6
 1023 03e2 87       		.byte	-121
 1024 03e3 09       		.byte	9
 1025 03e4 8A       		.byte	-118
 1026 03e5 03       		.byte	3
ARM GAS  C:\Users\marti\AppData\Local\Temp\ccZkbYR6.s 			page 19


 1027 03e6 8B       		.byte	-117
 1028 03e7 02       		.byte	2
 1029 03e8 8C       		.byte	-116
 1030 03e9 02       		.byte	2
 1031 03ea 8E       		.byte	-114
 1032 03eb 11       		.byte	17
 1033 03ec 8F       		.byte	-113
 1034 03ed 09       		.byte	9
 1035 03ee 92       		.byte	-110
 1036 03ef 03       		.byte	3
 1037 03f0 98       		.byte	-104
 1038 03f1 01       		.byte	1
 1039 03f2 9A       		.byte	-102
 1040 03f3 04       		.byte	4
 1041 03f4 9B       		.byte	-101
 1042 03f5 09       		.byte	9
 1043 03f6 9E       		.byte	-98
 1044 03f7 03       		.byte	3
 1045 03f8 A2       		.byte	-94
 1046 03f9 03       		.byte	3
 1047 03fa A5       		.byte	-91
 1048 03fb 08       		.byte	8
 1049 03fc A6       		.byte	-90
 1050 03fd 08       		.byte	8
 1051 03fe A7       		.byte	-89
 1052 03ff 11       		.byte	17
 1053 0400 AD       		.byte	-83
 1054 0401 04       		.byte	4
 1055 0402 B1       		.byte	-79
 1056 0403 10       		.byte	16
 1057 0404 B2       		.byte	-78
 1058 0405 07       		.byte	7
 1059 0406 B3       		.byte	-77
 1060 0407 0C       		.byte	12
 1061 0408 B4       		.byte	-76
 1062 0409 10       		.byte	16
 1063 040a B5       		.byte	-75
 1064 040b 01       		.byte	1
 1065 040c B6       		.byte	-74
 1066 040d 08       		.byte	8
 1067 040e B7       		.byte	-73
 1068 040f 02       		.byte	2
 1069 0410 BA       		.byte	-70
 1070 0411 08       		.byte	8
 1071 0412 BF       		.byte	-65
 1072 0413 10       		.byte	16
 1073 0414 D8       		.byte	-40
 1074 0415 04       		.byte	4
 1075 0416 D9       		.byte	-39
 1076 0417 04       		.byte	4
 1077 0418 DC       		.byte	-36
 1078 0419 11       		.byte	17
 1079 041a DF       		.byte	-33
 1080 041b 01       		.byte	1
 1081 041c 00       		.byte	0
 1082 041d 68       		.byte	104
 1083 041e 01       		.byte	1
ARM GAS  C:\Users\marti\AppData\Local\Temp\ccZkbYR6.s 			page 20


 1084 041f 20       		.byte	32
 1085 0420 02       		.byte	2
 1086 0421 80       		.byte	-128
 1087 0422 03       		.byte	3
 1088 0423 01       		.byte	1
 1089 0424 04       		.byte	4
 1090 0425 10       		.byte	16
 1091 0426 05       		.byte	5
 1092 0427 44       		.byte	68
 1093 0428 08       		.byte	8
 1094 0429 60       		.byte	96
 1095 042a 09       		.byte	9
 1096 042b 08       		.byte	8
 1097 042c 0A       		.byte	10
 1098 042d 82       		.byte	-126
 1099 042e 0C       		.byte	12
 1100 042f 41       		.byte	65
 1101 0430 0E       		.byte	14
 1102 0431 08       		.byte	8
 1103 0432 10       		.byte	16
 1104 0433 01       		.byte	1
 1105 0434 11       		.byte	17
 1106 0435 50       		.byte	80
 1107 0436 12       		.byte	18
 1108 0437 14       		.byte	20
 1109 0438 13       		.byte	19
 1110 0439 01       		.byte	1
 1111 043a 17       		.byte	23
 1112 043b 09       		.byte	9
 1113 043c 18       		.byte	24
 1114 043d 20       		.byte	32
 1115 043e 1D       		.byte	29
 1116 043f 44       		.byte	68
 1117 0440 1E       		.byte	30
 1118 0441 20       		.byte	32
 1119 0442 1F       		.byte	31
 1120 0443 10       		.byte	16
 1121 0444 20       		.byte	32
 1122 0445 10       		.byte	16
 1123 0446 21       		.byte	33
 1124 0447 08       		.byte	8
 1125 0448 22       		.byte	34
 1126 0449 04       		.byte	4
 1127 044a 25       		.byte	37
 1128 044b 01       		.byte	1
 1129 044c 26       		.byte	38
 1130 044d 4C       		.byte	76
 1131 044e 27       		.byte	39
 1132 044f 04       		.byte	4
 1133 0450 28       		.byte	40
 1134 0451 41       		.byte	65
 1135 0452 29       		.byte	41
 1136 0453 20       		.byte	32
 1137 0454 2A       		.byte	42
 1138 0455 04       		.byte	4
 1139 0456 2E       		.byte	46
 1140 0457 40       		.byte	64
ARM GAS  C:\Users\marti\AppData\Local\Temp\ccZkbYR6.s 			page 21


 1141 0458 2F       		.byte	47
 1142 0459 10       		.byte	16
 1143 045a 30       		.byte	48
 1144 045b 20       		.byte	32
 1145 045c 32       		.byte	50
 1146 045d 4A       		.byte	74
 1147 045e 37       		.byte	55
 1148 045f 10       		.byte	16
 1149 0460 38       		.byte	56
 1150 0461 68       		.byte	104
 1151 0462 39       		.byte	57
 1152 0463 01       		.byte	1
 1153 0464 3C       		.byte	60
 1154 0465 08       		.byte	8
 1155 0466 3D       		.byte	61
 1156 0467 82       		.byte	-126
 1157 0468 3F       		.byte	63
 1158 0469 20       		.byte	32
 1159 046a 46       		.byte	70
 1160 046b 20       		.byte	32
 1161 046c 47       		.byte	71
 1162 046d 04       		.byte	4
 1163 046e 68       		.byte	104
 1164 046f 20       		.byte	32
 1165 0470 69       		.byte	105
 1166 0471 01       		.byte	1
 1167 0472 6A       		.byte	106
 1168 0473 40       		.byte	64
 1169 0474 73       		.byte	115
 1170 0475 01       		.byte	1
 1171 0476 78       		.byte	120
 1172 0477 20       		.byte	32
 1173 0478 7A       		.byte	122
 1174 0479 04       		.byte	4
 1175 047a 83       		.byte	-125
 1176 047b 10       		.byte	16
 1177 047c 84       		.byte	-124
 1178 047d 04       		.byte	4
 1179 047e 86       		.byte	-122
 1180 047f 40       		.byte	64
 1181 0480 87       		.byte	-121
 1182 0481 08       		.byte	8
 1183 0482 88       		.byte	-120
 1184 0483 10       		.byte	16
 1185 0484 8D       		.byte	-115
 1186 0485 08       		.byte	8
 1187 0486 8E       		.byte	-114
 1188 0487 02       		.byte	2
 1189 0488 90       		.byte	-112
 1190 0489 48       		.byte	72
 1191 048a 91       		.byte	-111
 1192 048b 50       		.byte	80
 1193 048c 92       		.byte	-110
 1194 048d 82       		.byte	-126
 1195 048e 95       		.byte	-107
 1196 048f 01       		.byte	1
 1197 0490 96       		.byte	-106
ARM GAS  C:\Users\marti\AppData\Local\Temp\ccZkbYR6.s 			page 22


 1198 0491 08       		.byte	8
 1199 0492 97       		.byte	-105
 1200 0493 20       		.byte	32
 1201 0494 9A       		.byte	-102
 1202 0495 10       		.byte	16
 1203 0496 9B       		.byte	-101
 1204 0497 10       		.byte	16
 1205 0498 9C       		.byte	-100
 1206 0499 30       		.byte	48
 1207 049a 9D       		.byte	-99
 1208 049b 40       		.byte	64
 1209 049c 9E       		.byte	-98
 1210 049d 20       		.byte	32
 1211 049e A0       		.byte	-96
 1212 049f 10       		.byte	16
 1213 04a0 A1       		.byte	-95
 1214 04a1 40       		.byte	64
 1215 04a2 A2       		.byte	-94
 1216 04a3 80       		.byte	-128
 1217 04a4 A4       		.byte	-92
 1218 04a5 20       		.byte	32
 1219 04a6 A5       		.byte	-91
 1220 04a7 01       		.byte	1
 1221 04a8 A6       		.byte	-90
 1222 04a9 50       		.byte	80
 1223 04aa A8       		.byte	-88
 1224 04ab 81       		.byte	-127
 1225 04ac A9       		.byte	-87
 1226 04ad 40       		.byte	64
 1227 04ae AB       		.byte	-85
 1228 04af 88       		.byte	-120
 1229 04b0 AC       		.byte	-84
 1230 04b1 12       		.byte	18
 1231 04b2 AD       		.byte	-83
 1232 04b3 22       		.byte	34
 1233 04b4 B3       		.byte	-77
 1234 04b5 01       		.byte	1
 1235 04b6 B6       		.byte	-74
 1236 04b7 40       		.byte	64
 1237 04b8 C0       		.byte	-64
 1238 04b9 EF       		.byte	-17
 1239 04ba C2       		.byte	-62
 1240 04bb DF       		.byte	-33
 1241 04bc C4       		.byte	-60
 1242 04bd 3F       		.byte	63
 1243 04be CA       		.byte	-54
 1244 04bf 5F       		.byte	95
 1245 04c0 CC       		.byte	-52
 1246 04c1 2F       		.byte	47
 1247 04c2 CE       		.byte	-50
 1248 04c3 FF       		.byte	-1
 1249 04c4 E8       		.byte	-24
 1250 04c5 04       		.byte	4
 1251 04c6 EA       		.byte	-22
 1252 04c7 02       		.byte	2
 1253 04c8 EC       		.byte	-20
 1254 04c9 02       		.byte	2
ARM GAS  C:\Users\marti\AppData\Local\Temp\ccZkbYR6.s 			page 23


 1255 04ca EE       		.byte	-18
 1256 04cb 01       		.byte	1
 1257 04cc 01       		.byte	1
 1258 04cd 03       		.byte	3
 1259 04ce 07       		.byte	7
 1260 04cf 10       		.byte	16
 1261 04d0 0B       		.byte	11
 1262 04d1 10       		.byte	16
 1263 04d2 0D       		.byte	13
 1264 04d3 25       		.byte	37
 1265 04d4 0F       		.byte	15
 1266 04d5 42       		.byte	66
 1267 04d6 13       		.byte	19
 1268 04d7 04       		.byte	4
 1269 04d8 17       		.byte	23
 1270 04d9 08       		.byte	8
 1271 04da 19       		.byte	25
 1272 04db 64       		.byte	100
 1273 04dc 1D       		.byte	29
 1274 04dd 63       		.byte	99
 1275 04de 21       		.byte	33
 1276 04df 04       		.byte	4
 1277 04e0 23       		.byte	35
 1278 04e1 63       		.byte	99
 1279 04e2 29       		.byte	41
 1280 04e3 46       		.byte	70
 1281 04e4 2B       		.byte	43
 1282 04e5 21       		.byte	33
 1283 04e6 31       		.byte	49
 1284 04e7 60       		.byte	96
 1285 04e8 35       		.byte	53
 1286 04e9 10       		.byte	16
 1287 04ea 37       		.byte	55
 1288 04eb 0F       		.byte	15
 1289 04ec 39       		.byte	57
 1290 04ed 02       		.byte	2
 1291 04ee 3B       		.byte	59
 1292 04ef 80       		.byte	-128
 1293 04f0 3F       		.byte	63
 1294 04f1 10       		.byte	16
 1295 04f2 54       		.byte	84
 1296 04f3 20       		.byte	32
 1297 04f4 56       		.byte	86
 1298 04f5 04       		.byte	4
 1299 04f6 59       		.byte	89
 1300 04f7 04       		.byte	4
 1301 04f8 5B       		.byte	91
 1302 04f9 04       		.byte	4
 1303 04fa 5C       		.byte	92
 1304 04fb 10       		.byte	16
 1305 04fc 5D       		.byte	93
 1306 04fd 10       		.byte	16
 1307 04fe 5F       		.byte	95
 1308 04ff 01       		.byte	1
 1309 0500 80       		.byte	-128
 1310 0501 9A       		.byte	-102
 1311 0502 81       		.byte	-127
ARM GAS  C:\Users\marti\AppData\Local\Temp\ccZkbYR6.s 			page 24


 1312 0503 01       		.byte	1
 1313 0504 84       		.byte	-124
 1314 0505 38       		.byte	56
 1315 0506 86       		.byte	-122
 1316 0507 C0       		.byte	-64
 1317 0508 87       		.byte	-121
 1318 0509 01       		.byte	1
 1319 050a 88       		.byte	-120
 1320 050b 13       		.byte	19
 1321 050c 89       		.byte	-119
 1322 050d 05       		.byte	5
 1323 050e 8A       		.byte	-118
 1324 050f 64       		.byte	100
 1325 0510 8C       		.byte	-116
 1326 0511 21       		.byte	33
 1327 0512 8E       		.byte	-114
 1328 0513 D8       		.byte	-40
 1329 0514 8F       		.byte	-113
 1330 0515 17       		.byte	23
 1331 0516 90       		.byte	-112
 1332 0517 98       		.byte	-104
 1333 0518 91       		.byte	-111
 1334 0519 05       		.byte	5
 1335 051a 92       		.byte	-110
 1336 051b 02       		.byte	2
 1337 051c 94       		.byte	-108
 1338 051d FC       		.byte	-4
 1339 051e 95       		.byte	-107
 1340 051f 01       		.byte	1
 1341 0520 96       		.byte	-106
 1342 0521 03       		.byte	3
 1343 0522 97       		.byte	-105
 1344 0523 36       		.byte	54
 1345 0524 98       		.byte	-104
 1346 0525 98       		.byte	-104
 1347 0526 99       		.byte	-103
 1348 0527 02       		.byte	2
 1349 0528 9A       		.byte	-102
 1350 0529 02       		.byte	2
 1351 052a 9B       		.byte	-101
 1352 052b 10       		.byte	16
 1353 052c 9C       		.byte	-100
 1354 052d 9A       		.byte	-102
 1355 052e 9D       		.byte	-99
 1356 052f 05       		.byte	5
 1357 0530 A0       		.byte	-96
 1358 0531 02       		.byte	2
 1359 0532 A1       		.byte	-95
 1360 0533 16       		.byte	22
 1361 0534 A3       		.byte	-93
 1362 0535 49       		.byte	73
 1363 0536 A4       		.byte	-92
 1364 0537 02       		.byte	2
 1365 0538 A5       		.byte	-91
 1366 0539 76       		.byte	118
 1367 053a A6       		.byte	-90
 1368 053b 98       		.byte	-104
ARM GAS  C:\Users\marti\AppData\Local\Temp\ccZkbYR6.s 			page 25


 1369 053c A7       		.byte	-89
 1370 053d 08       		.byte	8
 1371 053e A9       		.byte	-87
 1372 053f 01       		.byte	1
 1373 0540 AD       		.byte	-83
 1374 0541 03       		.byte	3
 1375 0542 AF       		.byte	-81
 1376 0543 64       		.byte	100
 1377 0544 B0       		.byte	-80
 1378 0545 0F       		.byte	15
 1379 0546 B1       		.byte	-79
 1380 0547 70       		.byte	112
 1381 0548 B2       		.byte	-78
 1382 0549 E0       		.byte	-32
 1383 054a B3       		.byte	-77
 1384 054b 0F       		.byte	15
 1385 054c B4       		.byte	-76
 1386 054d 13       		.byte	19
 1387 054e BA       		.byte	-70
 1388 054f 0A       		.byte	10
 1389 0550 BF       		.byte	-65
 1390 0551 04       		.byte	4
 1391 0552 D6       		.byte	-42
 1392 0553 02       		.byte	2
 1393 0554 D7       		.byte	-41
 1394 0555 2C       		.byte	44
 1395 0556 D8       		.byte	-40
 1396 0557 04       		.byte	4
 1397 0558 D9       		.byte	-39
 1398 0559 04       		.byte	4
 1399 055a DB       		.byte	-37
 1400 055b 04       		.byte	4
 1401 055c DC       		.byte	-36
 1402 055d 10       		.byte	16
 1403 055e DF       		.byte	-33
 1404 055f 01       		.byte	1
 1405 0560 01       		.byte	1
 1406 0561 28       		.byte	40
 1407 0562 03       		.byte	3
 1408 0563 42       		.byte	66
 1409 0564 05       		.byte	5
 1410 0565 20       		.byte	32
 1411 0566 06       		.byte	6
 1412 0567 04       		.byte	4
 1413 0568 07       		.byte	7
 1414 0569 04       		.byte	4
 1415 056a 08       		.byte	8
 1416 056b 08       		.byte	8
 1417 056c 0A       		.byte	10
 1418 056d 45       		.byte	69
 1419 056e 12       		.byte	18
 1420 056f 40       		.byte	64
 1421 0570 13       		.byte	19
 1422 0571 08       		.byte	8
 1423 0572 19       		.byte	25
 1424 0573 28       		.byte	40
 1425 0574 1B       		.byte	27
ARM GAS  C:\Users\marti\AppData\Local\Temp\ccZkbYR6.s 			page 26


 1426 0575 03       		.byte	3
 1427 0576 20       		.byte	32
 1428 0577 80       		.byte	-128
 1429 0578 22       		.byte	34
 1430 0579 09       		.byte	9
 1431 057a 24       		.byte	36
 1432 057b 06       		.byte	6
 1433 057c 26       		.byte	38
 1434 057d 01       		.byte	1
 1435 057e 28       		.byte	40
 1436 057f 20       		.byte	32
 1437 0580 29       		.byte	41
 1438 0581 80       		.byte	-128
 1439 0582 2A       		.byte	42
 1440 0583 10       		.byte	16
 1441 0584 2B       		.byte	43
 1442 0585 80       		.byte	-128
 1443 0586 2F       		.byte	47
 1444 0587 88       		.byte	-120
 1445 0588 30       		.byte	48
 1446 0589 22       		.byte	34
 1447 058a 32       		.byte	50
 1448 058b 44       		.byte	68
 1449 058c 33       		.byte	51
 1450 058d 08       		.byte	8
 1451 058e 34       		.byte	52
 1452 058f 20       		.byte	32
 1453 0590 36       		.byte	54
 1454 0591 48       		.byte	72
 1455 0592 37       		.byte	55
 1456 0593 01       		.byte	1
 1457 0594 38       		.byte	56
 1458 0595 48       		.byte	72
 1459 0596 39       		.byte	57
 1460 0597 11       		.byte	17
 1461 0598 3A       		.byte	58
 1462 0599 01       		.byte	1
 1463 059a 3C       		.byte	60
 1464 059b 80       		.byte	-128
 1465 059c 3D       		.byte	61
 1466 059d 08       		.byte	8
 1467 059e 3E       		.byte	62
 1468 059f 10       		.byte	16
 1469 05a0 3F       		.byte	63
 1470 05a1 01       		.byte	1
 1471 05a2 4D       		.byte	77
 1472 05a3 80       		.byte	-128
 1473 05a4 4E       		.byte	78
 1474 05a5 01       		.byte	1
 1475 05a6 5E       		.byte	94
 1476 05a7 20       		.byte	32
 1477 05a8 5F       		.byte	95
 1478 05a9 42       		.byte	66
 1479 05aa 61       		.byte	97
 1480 05ab 02       		.byte	2
 1481 05ac 62       		.byte	98
 1482 05ad 80       		.byte	-128
ARM GAS  C:\Users\marti\AppData\Local\Temp\ccZkbYR6.s 			page 27


 1483 05ae 63       		.byte	99
 1484 05af 01       		.byte	1
 1485 05b0 65       		.byte	101
 1486 05b1 02       		.byte	2
 1487 05b2 66       		.byte	102
 1488 05b3 20       		.byte	32
 1489 05b4 68       		.byte	104
 1490 05b5 80       		.byte	-128
 1491 05b6 69       		.byte	105
 1492 05b7 02       		.byte	2
 1493 05b8 6A       		.byte	106
 1494 05b9 44       		.byte	68
 1495 05ba 6B       		.byte	107
 1496 05bb 48       		.byte	72
 1497 05bc 72       		.byte	114
 1498 05bd 03       		.byte	3
 1499 05be 82       		.byte	-126
 1500 05bf 10       		.byte	16
 1501 05c0 84       		.byte	-124
 1502 05c1 01       		.byte	1
 1503 05c2 85       		.byte	-123
 1504 05c3 02       		.byte	2
 1505 05c4 89       		.byte	-119
 1506 05c5 01       		.byte	1
 1507 05c6 8A       		.byte	-118
 1508 05c7 06       		.byte	6
 1509 05c8 8C       		.byte	-116
 1510 05c9 04       		.byte	4
 1511 05ca 8D       		.byte	-115
 1512 05cb 04       		.byte	4
 1513 05cc 8F       		.byte	-113
 1514 05cd 02       		.byte	2
 1515 05ce 90       		.byte	-112
 1516 05cf 48       		.byte	72
 1517 05d0 91       		.byte	-111
 1518 05d1 10       		.byte	16
 1519 05d2 92       		.byte	-110
 1520 05d3 80       		.byte	-128
 1521 05d4 93       		.byte	-109
 1522 05d5 40       		.byte	64
 1523 05d6 94       		.byte	-108
 1524 05d7 06       		.byte	6
 1525 05d8 96       		.byte	-106
 1526 05d9 4D       		.byte	77
 1527 05da 97       		.byte	-105
 1528 05db 20       		.byte	32
 1529 05dc 98       		.byte	-104
 1530 05dd 08       		.byte	8
 1531 05de 9A       		.byte	-102
 1532 05df 50       		.byte	80
 1533 05e0 9B       		.byte	-101
 1534 05e1 11       		.byte	17
 1535 05e2 9C       		.byte	-100
 1536 05e3 B1       		.byte	-79
 1537 05e4 9D       		.byte	-99
 1538 05e5 C8       		.byte	-56
 1539 05e6 9E       		.byte	-98
ARM GAS  C:\Users\marti\AppData\Local\Temp\ccZkbYR6.s 			page 28


 1540 05e7 05       		.byte	5
 1541 05e8 9F       		.byte	-97
 1542 05e9 0C       		.byte	12
 1543 05ea A0       		.byte	-96
 1544 05eb 10       		.byte	16
 1545 05ec A1       		.byte	-95
 1546 05ed 40       		.byte	64
 1547 05ee A2       		.byte	-94
 1548 05ef 80       		.byte	-128
 1549 05f0 A4       		.byte	-92
 1550 05f1 80       		.byte	-128
 1551 05f2 A5       		.byte	-91
 1552 05f3 01       		.byte	1
 1553 05f4 A6       		.byte	-90
 1554 05f5 41       		.byte	65
 1555 05f6 A7       		.byte	-89
 1556 05f7 02       		.byte	2
 1557 05f8 A8       		.byte	-88
 1558 05f9 08       		.byte	8
 1559 05fa AD       		.byte	-83
 1560 05fb 02       		.byte	2
 1561 05fc B1       		.byte	-79
 1562 05fd 20       		.byte	32
 1563 05fe B4       		.byte	-76
 1564 05ff 08       		.byte	8
 1565 0600 C0       		.byte	-64
 1566 0601 0F       		.byte	15
 1567 0602 C2       		.byte	-62
 1568 0603 0F       		.byte	15
 1569 0604 C4       		.byte	-60
 1570 0605 0C       		.byte	12
 1571 0606 CA       		.byte	-54
 1572 0607 AF       		.byte	-81
 1573 0608 CC       		.byte	-52
 1574 0609 FF       		.byte	-1
 1575 060a CE       		.byte	-50
 1576 060b FF       		.byte	-1
 1577 060c D6       		.byte	-42
 1578 060d B0       		.byte	-80
 1579 060e D8       		.byte	-40
 1580 060f A1       		.byte	-95
 1581 0610 E2       		.byte	-30
 1582 0611 0B       		.byte	11
 1583 0612 EC       		.byte	-20
 1584 0613 08       		.byte	8
 1585 0614 EE       		.byte	-18
 1586 0615 04       		.byte	4
 1587 0616 03       		.byte	3
 1588 0617 35       		.byte	53
 1589 0618 05       		.byte	5
 1590 0619 03       		.byte	3
 1591 061a 07       		.byte	7
 1592 061b 04       		.byte	4
 1593 061c 08       		.byte	8
 1594 061d 02       		.byte	2
 1595 061e 09       		.byte	9
 1596 061f 13       		.byte	19
ARM GAS  C:\Users\marti\AppData\Local\Temp\ccZkbYR6.s 			page 29


 1597 0620 0A       		.byte	10
 1598 0621 0D       		.byte	13
 1599 0622 0B       		.byte	11
 1600 0623 E4       		.byte	-28
 1601 0624 14       		.byte	20
 1602 0625 15       		.byte	21
 1603 0626 15       		.byte	21
 1604 0627 13       		.byte	19
 1605 0628 16       		.byte	22
 1606 0629 0A       		.byte	10
 1607 062a 17       		.byte	23
 1608 062b 6C       		.byte	108
 1609 062c 1B       		.byte	27
 1610 062d C8       		.byte	-56
 1611 062e 1C       		.byte	28
 1612 062f 09       		.byte	9
 1613 0630 1D       		.byte	29
 1614 0631 CA       		.byte	-54
 1615 0632 1E       		.byte	30
 1616 0633 16       		.byte	22
 1617 0634 1F       		.byte	31
 1618 0635 34       		.byte	52
 1619 0636 24       		.byte	36
 1620 0637 03       		.byte	3
 1621 0638 26       		.byte	38
 1622 0639 1C       		.byte	28
 1623 063a 27       		.byte	39
 1624 063b 80       		.byte	-128
 1625 063c 30       		.byte	48
 1626 063d 10       		.byte	16
 1627 063e 31       		.byte	49
 1628 063f F0       		.byte	-16
 1629 0640 32       		.byte	50
 1630 0641 0F       		.byte	15
 1631 0642 33       		.byte	51
 1632 0643 0F       		.byte	15
 1633 0644 35       		.byte	53
 1634 0645 A8       		.byte	-88
 1635 0646 3A       		.byte	58
 1636 0647 08       		.byte	8
 1637 0648 3B       		.byte	59
 1638 0649 2A       		.byte	42
 1639 064a 3E       		.byte	62
 1640 064b 01       		.byte	1
 1641 064c 54       		.byte	84
 1642 064d 09       		.byte	9
 1643 064e 56       		.byte	86
 1644 064f 04       		.byte	4
 1645 0650 58       		.byte	88
 1646 0651 04       		.byte	4
 1647 0652 59       		.byte	89
 1648 0653 04       		.byte	4
 1649 0654 5B       		.byte	91
 1650 0655 04       		.byte	4
 1651 0656 5C       		.byte	92
 1652 0657 20       		.byte	32
 1653 0658 5F       		.byte	95
ARM GAS  C:\Users\marti\AppData\Local\Temp\ccZkbYR6.s 			page 30


 1654 0659 01       		.byte	1
 1655 065a 81       		.byte	-127
 1656 065b F3       		.byte	-13
 1657 065c 83       		.byte	-125
 1658 065d 0C       		.byte	12
 1659 065e 84       		.byte	-124
 1660 065f 1C       		.byte	28
 1661 0660 85       		.byte	-123
 1662 0661 0C       		.byte	12
 1663 0662 86       		.byte	-122
 1664 0663 61       		.byte	97
 1665 0664 88       		.byte	-120
 1666 0665 7F       		.byte	127
 1667 0666 89       		.byte	-119
 1668 0667 04       		.byte	4
 1669 0668 8D       		.byte	-115
 1670 0669 C3       		.byte	-61
 1671 066a 8E       		.byte	-114
 1672 066b 04       		.byte	4
 1673 066c 90       		.byte	-112
 1674 066d 67       		.byte	103
 1675 066e 91       		.byte	-111
 1676 066f 41       		.byte	65
 1677 0670 92       		.byte	-110
 1678 0671 18       		.byte	24
 1679 0672 95       		.byte	-107
 1680 0673 82       		.byte	-126
 1681 0674 96       		.byte	-106
 1682 0675 23       		.byte	35
 1683 0676 9B       		.byte	-101
 1684 0677 E3       		.byte	-29
 1685 0678 9C       		.byte	-100
 1686 0679 3C       		.byte	60
 1687 067a 9D       		.byte	-99
 1688 067b 08       		.byte	8
 1689 067c 9E       		.byte	-98
 1690 067d 42       		.byte	66
 1691 067e A0       		.byte	-96
 1692 067f 10       		.byte	16
 1693 0680 A4       		.byte	-92
 1694 0681 08       		.byte	8
 1695 0682 A5       		.byte	-91
 1696 0683 1F       		.byte	31
 1697 0684 A7       		.byte	-89
 1698 0685 E0       		.byte	-32
 1699 0686 A8       		.byte	-88
 1700 0687 18       		.byte	24
 1701 0688 A9       		.byte	-87
 1702 0689 FF       		.byte	-1
 1703 068a AC       		.byte	-84
 1704 068b 04       		.byte	4
 1705 068c AD       		.byte	-83
 1706 068d 1C       		.byte	28
 1707 068e AF       		.byte	-81
 1708 068f E3       		.byte	-29
 1709 0690 B0       		.byte	-80
 1710 0691 40       		.byte	64
ARM GAS  C:\Users\marti\AppData\Local\Temp\ccZkbYR6.s 			page 31


 1711 0692 B1       		.byte	-79
 1712 0693 10       		.byte	16
 1713 0694 B2       		.byte	-78
 1714 0695 38       		.byte	56
 1715 0696 B3       		.byte	-77
 1716 0697 C0       		.byte	-64
 1717 0698 B5       		.byte	-75
 1718 0699 2C       		.byte	44
 1719 069a B6       		.byte	-74
 1720 069b 1F       		.byte	31
 1721 069c B7       		.byte	-73
 1722 069d 0F       		.byte	15
 1723 069e B8       		.byte	-72
 1724 069f 02       		.byte	2
 1725 06a0 BA       		.byte	-70
 1726 06a1 A0       		.byte	-96
 1727 06a2 BB       		.byte	-69
 1728 06a3 A0       		.byte	-96
 1729 06a4 BF       		.byte	-65
 1730 06a5 01       		.byte	1
 1731 06a6 D8       		.byte	-40
 1732 06a7 04       		.byte	4
 1733 06a8 D9       		.byte	-39
 1734 06a9 04       		.byte	4
 1735 06aa DC       		.byte	-36
 1736 06ab 22       		.byte	34
 1737 06ac DF       		.byte	-33
 1738 06ad 01       		.byte	1
 1739 06ae 01       		.byte	1
 1740 06af 28       		.byte	40
 1741 06b0 03       		.byte	3
 1742 06b1 02       		.byte	2
 1743 06b2 04       		.byte	4
 1744 06b3 10       		.byte	16
 1745 06b4 0A       		.byte	10
 1746 06b5 A1       		.byte	-95
 1747 06b6 0E       		.byte	14
 1748 06b7 22       		.byte	34
 1749 06b8 10       		.byte	16
 1750 06b9 82       		.byte	-126
 1751 06ba 12       		.byte	18
 1752 06bb 14       		.byte	20
 1753 06bc 13       		.byte	19
 1754 06bd 08       		.byte	8
 1755 06be 14       		.byte	20
 1756 06bf 10       		.byte	16
 1757 06c0 18       		.byte	24
 1758 06c1 80       		.byte	-128
 1759 06c2 19       		.byte	25
 1760 06c3 64       		.byte	100
 1761 06c4 1A       		.byte	26
 1762 06c5 01       		.byte	1
 1763 06c6 1C       		.byte	28
 1764 06c7 10       		.byte	16
 1765 06c8 1D       		.byte	29
 1766 06c9 08       		.byte	8
 1767 06ca 1E       		.byte	30
ARM GAS  C:\Users\marti\AppData\Local\Temp\ccZkbYR6.s 			page 32


 1768 06cb 40       		.byte	64
 1769 06cc 20       		.byte	32
 1770 06cd 03       		.byte	3
 1771 06ce 21       		.byte	33
 1772 06cf 10       		.byte	16
 1773 06d0 22       		.byte	34
 1774 06d1 41       		.byte	65
 1775 06d2 23       		.byte	35
 1776 06d3 20       		.byte	32
 1777 06d4 25       		.byte	37
 1778 06d5 10       		.byte	16
 1779 06d6 26       		.byte	38
 1780 06d7 04       		.byte	4
 1781 06d8 27       		.byte	39
 1782 06d9 54       		.byte	84
 1783 06da 29       		.byte	41
 1784 06db 68       		.byte	104
 1785 06dc 2A       		.byte	42
 1786 06dd 08       		.byte	8
 1787 06de 2C       		.byte	44
 1788 06df 20       		.byte	32
 1789 06e0 30       		.byte	48
 1790 06e1 8A       		.byte	-118
 1791 06e2 31       		.byte	49
 1792 06e3 10       		.byte	16
 1793 06e4 36       		.byte	54
 1794 06e5 24       		.byte	36
 1795 06e6 37       		.byte	55
 1796 06e7 40       		.byte	64
 1797 06e8 38       		.byte	56
 1798 06e9 09       		.byte	9
 1799 06ea 39       		.byte	57
 1800 06eb 80       		.byte	-128
 1801 06ec 3A       		.byte	58
 1802 06ed 14       		.byte	20
 1803 06ee 3D       		.byte	61
 1804 06ef 20       		.byte	32
 1805 06f0 3F       		.byte	63
 1806 06f1 05       		.byte	5
 1807 06f2 41       		.byte	65
 1808 06f3 10       		.byte	16
 1809 06f4 42       		.byte	66
 1810 06f5 08       		.byte	8
 1811 06f6 48       		.byte	72
 1812 06f7 0C       		.byte	12
 1813 06f8 59       		.byte	89
 1814 06f9 10       		.byte	16
 1815 06fa 5A       		.byte	90
 1816 06fb 20       		.byte	32
 1817 06fc 5C       		.byte	92
 1818 06fd 02       		.byte	2
 1819 06fe 5E       		.byte	94
 1820 06ff 54       		.byte	84
 1821 0700 67       		.byte	103
 1822 0701 82       		.byte	-126
 1823 0702 80       		.byte	-128
 1824 0703 40       		.byte	64
ARM GAS  C:\Users\marti\AppData\Local\Temp\ccZkbYR6.s 			page 33


 1825 0704 87       		.byte	-121
 1826 0705 60       		.byte	96
 1827 0706 88       		.byte	-120
 1828 0707 41       		.byte	65
 1829 0708 8A       		.byte	-118
 1830 0709 02       		.byte	2
 1831 070a 8B       		.byte	-117
 1832 070b 09       		.byte	9
 1833 070c 8D       		.byte	-115
 1834 070d 01       		.byte	1
 1835 070e 90       		.byte	-112
 1836 070f 08       		.byte	8
 1837 0710 91       		.byte	-111
 1838 0711 14       		.byte	20
 1839 0712 92       		.byte	-110
 1840 0713 14       		.byte	20
 1841 0714 93       		.byte	-109
 1842 0715 03       		.byte	3
 1843 0716 94       		.byte	-108
 1844 0717 04       		.byte	4
 1845 0718 96       		.byte	-106
 1846 0719 02       		.byte	2
 1847 071a 98       		.byte	-104
 1848 071b 02       		.byte	2
 1849 071c 99       		.byte	-103
 1850 071d 10       		.byte	16
 1851 071e 9B       		.byte	-101
 1852 071f 08       		.byte	8
 1853 0720 9C       		.byte	-100
 1854 0721 51       		.byte	81
 1855 0722 9D       		.byte	-99
 1856 0723 80       		.byte	-128
 1857 0724 9E       		.byte	-98
 1858 0725 20       		.byte	32
 1859 0726 A0       		.byte	-96
 1860 0727 A4       		.byte	-92
 1861 0728 A2       		.byte	-94
 1862 0729 01       		.byte	1
 1863 072a A5       		.byte	-91
 1864 072b 80       		.byte	-128
 1865 072c A6       		.byte	-90
 1866 072d 12       		.byte	18
 1867 072e A7       		.byte	-89
 1868 072f 49       		.byte	73
 1869 0730 AB       		.byte	-85
 1870 0731 80       		.byte	-128
 1871 0732 AF       		.byte	-81
 1872 0733 04       		.byte	4
 1873 0734 B0       		.byte	-80
 1874 0735 02       		.byte	2
 1875 0736 B2       		.byte	-78
 1876 0737 08       		.byte	8
 1877 0738 B7       		.byte	-73
 1878 0739 80       		.byte	-128
 1879 073a C0       		.byte	-64
 1880 073b 47       		.byte	71
 1881 073c C2       		.byte	-62
ARM GAS  C:\Users\marti\AppData\Local\Temp\ccZkbYR6.s 			page 34


 1882 073d AD       		.byte	-83
 1883 073e C4       		.byte	-60
 1884 073f 2F       		.byte	47
 1885 0740 CA       		.byte	-54
 1886 0741 4E       		.byte	78
 1887 0742 CC       		.byte	-52
 1888 0743 7F       		.byte	127
 1889 0744 CE       		.byte	-50
 1890 0745 EF       		.byte	-17
 1891 0746 D6       		.byte	-42
 1892 0747 F0       		.byte	-16
 1893 0748 D8       		.byte	-40
 1894 0749 90       		.byte	-112
 1895 074a E0       		.byte	-32
 1896 074b A0       		.byte	-96
 1897 074c E4       		.byte	-28
 1898 074d 20       		.byte	32
 1899 074e E6       		.byte	-26
 1900 074f 40       		.byte	64
 1901 0750 E8       		.byte	-24
 1902 0751 20       		.byte	32
 1903 0752 EC       		.byte	-20
 1904 0753 10       		.byte	16
 1905 0754 01       		.byte	1
 1906 0755 02       		.byte	2
 1907 0756 04       		.byte	4
 1908 0757 20       		.byte	32
 1909 0758 06       		.byte	6
 1910 0759 0C       		.byte	12
 1911 075a 14       		.byte	20
 1912 075b 08       		.byte	8
 1913 075c 15       		.byte	21
 1914 075d 01       		.byte	1
 1915 075e 16       		.byte	22
 1916 075f 32       		.byte	50
 1917 0760 19       		.byte	25
 1918 0761 01       		.byte	1
 1919 0762 1D       		.byte	29
 1920 0763 04       		.byte	4
 1921 0764 24       		.byte	36
 1922 0765 38       		.byte	56
 1923 0766 28       		.byte	40
 1924 0767 38       		.byte	56
 1925 0768 2C       		.byte	44
 1926 0769 10       		.byte	16
 1927 076a 2E       		.byte	46
 1928 076b 0D       		.byte	13
 1929 076c 2F       		.byte	47
 1930 076d 01       		.byte	1
 1931 076e 30       		.byte	48
 1932 076f 01       		.byte	1
 1933 0770 32       		.byte	50
 1934 0771 38       		.byte	56
 1935 0772 33       		.byte	51
 1936 0773 04       		.byte	4
 1937 0774 34       		.byte	52
 1938 0775 06       		.byte	6
ARM GAS  C:\Users\marti\AppData\Local\Temp\ccZkbYR6.s 			page 35


 1939 0776 35       		.byte	53
 1940 0777 03       		.byte	3
 1941 0778 39       		.byte	57
 1942 0779 20       		.byte	32
 1943 077a 3E       		.byte	62
 1944 077b 10       		.byte	16
 1945 077c 3F       		.byte	63
 1946 077d 04       		.byte	4
 1947 077e 40       		.byte	64
 1948 077f 56       		.byte	86
 1949 0780 41       		.byte	65
 1950 0781 04       		.byte	4
 1951 0782 42       		.byte	66
 1952 0783 01       		.byte	1
 1953 0784 44       		.byte	68
 1954 0785 02       		.byte	2
 1955 0786 45       		.byte	69
 1956 0787 E0       		.byte	-32
 1957 0788 47       		.byte	71
 1958 0789 C0       		.byte	-64
 1959 078a 48       		.byte	72
 1960 078b 22       		.byte	34
 1961 078c 49       		.byte	73
 1962 078d FF       		.byte	-1
 1963 078e 4A       		.byte	74
 1964 078f FF       		.byte	-1
 1965 0790 4B       		.byte	75
 1966 0791 FF       		.byte	-1
 1967 0792 4C       		.byte	76
 1968 0793 62       		.byte	98
 1969 0794 4D       		.byte	77
 1970 0795 A0       		.byte	-96
 1971 0796 4E       		.byte	78
 1972 0797 F0       		.byte	-16
 1973 0798 4F       		.byte	79
 1974 0799 41       		.byte	65
 1975 079a 50       		.byte	80
 1976 079b 0C       		.byte	12
 1977 079c 58       		.byte	88
 1978 079d 04       		.byte	4
 1979 079e 59       		.byte	89
 1980 079f 04       		.byte	4
 1981 07a0 5A       		.byte	90
 1982 07a1 04       		.byte	4
 1983 07a2 5C       		.byte	92
 1984 07a3 22       		.byte	34
 1985 07a4 5D       		.byte	93
 1986 07a5 02       		.byte	2
 1987 07a6 5F       		.byte	95
 1988 07a7 01       		.byte	1
 1989 07a8 66       		.byte	102
 1990 07a9 40       		.byte	64
 1991 07aa 67       		.byte	103
 1992 07ab 02       		.byte	2
 1993 07ac 69       		.byte	105
 1994 07ad 10       		.byte	16
 1995 07ae 6A       		.byte	106
ARM GAS  C:\Users\marti\AppData\Local\Temp\ccZkbYR6.s 			page 36


 1996 07af 30       		.byte	48
 1997 07b0 6B       		.byte	107
 1998 07b1 10       		.byte	16
 1999 07b2 6D       		.byte	109
 2000 07b3 10       		.byte	16
 2001 07b4 6E       		.byte	110
 2002 07b5 10       		.byte	16
 2003 07b6 6F       		.byte	111
 2004 07b7 12       		.byte	18
 2005 07b8 80       		.byte	-128
 2006 07b9 02       		.byte	2
 2007 07ba 81       		.byte	-127
 2008 07bb 14       		.byte	20
 2009 07bc 82       		.byte	-126
 2010 07bd 04       		.byte	4
 2011 07be 84       		.byte	-124
 2012 07bf 07       		.byte	7
 2013 07c0 85       		.byte	-123
 2014 07c1 10       		.byte	16
 2015 07c2 87       		.byte	-121
 2016 07c3 0C       		.byte	12
 2017 07c4 88       		.byte	-120
 2018 07c5 07       		.byte	7
 2019 07c6 89       		.byte	-119
 2020 07c7 20       		.byte	32
 2021 07c8 95       		.byte	-107
 2022 07c9 0C       		.byte	12
 2023 07ca 97       		.byte	-105
 2024 07cb 11       		.byte	17
 2025 07cc 99       		.byte	-103
 2026 07cd 09       		.byte	9
 2027 07ce 9A       		.byte	-102
 2028 07cf 04       		.byte	4
 2029 07d0 9B       		.byte	-101
 2030 07d1 10       		.byte	16
 2031 07d2 9E       		.byte	-98
 2032 07d3 05       		.byte	5
 2033 07d4 9F       		.byte	-97
 2034 07d5 03       		.byte	3
 2035 07d6 A5       		.byte	-91
 2036 07d7 10       		.byte	16
 2037 07d8 AD       		.byte	-83
 2038 07d9 1C       		.byte	28
 2039 07da AF       		.byte	-81
 2040 07db 02       		.byte	2
 2041 07dc B0       		.byte	-80
 2042 07dd 04       		.byte	4
 2043 07de B3       		.byte	-77
 2044 07df 20       		.byte	32
 2045 07e0 B6       		.byte	-74
 2046 07e1 03       		.byte	3
 2047 07e2 B7       		.byte	-73
 2048 07e3 1F       		.byte	31
 2049 07e4 B8       		.byte	-72
 2050 07e5 80       		.byte	-128
 2051 07e6 BE       		.byte	-66
 2052 07e7 41       		.byte	65
ARM GAS  C:\Users\marti\AppData\Local\Temp\ccZkbYR6.s 			page 37


 2053 07e8 BF       		.byte	-65
 2054 07e9 04       		.byte	4
 2055 07ea C0       		.byte	-64
 2056 07eb 24       		.byte	36
 2057 07ec C1       		.byte	-63
 2058 07ed 03       		.byte	3
 2059 07ee C5       		.byte	-59
 2060 07ef 0C       		.byte	12
 2061 07f0 C6       		.byte	-58
 2062 07f1 E0       		.byte	-32
 2063 07f2 C7       		.byte	-57
 2064 07f3 B0       		.byte	-80
 2065 07f4 C8       		.byte	-56
 2066 07f5 29       		.byte	41
 2067 07f6 C9       		.byte	-55
 2068 07f7 FF       		.byte	-1
 2069 07f8 CA       		.byte	-54
 2070 07f9 FF       		.byte	-1
 2071 07fa CB       		.byte	-53
 2072 07fb FF       		.byte	-1
 2073 07fc CE       		.byte	-50
 2074 07fd F0       		.byte	-16
 2075 07fe CF       		.byte	-49
 2076 07ff 44       		.byte	68
 2077 0800 D0       		.byte	-48
 2078 0801 0C       		.byte	12
 2079 0802 D4       		.byte	-44
 2080 0803 01       		.byte	1
 2081 0804 D8       		.byte	-40
 2082 0805 04       		.byte	4
 2083 0806 D9       		.byte	-39
 2084 0807 04       		.byte	4
 2085 0808 DA       		.byte	-38
 2086 0809 04       		.byte	4
 2087 080a DB       		.byte	-37
 2088 080b 04       		.byte	4
 2089 080c DC       		.byte	-36
 2090 080d 20       		.byte	32
 2091 080e DD       		.byte	-35
 2092 080f 22       		.byte	34
 2093 0810 DF       		.byte	-33
 2094 0811 01       		.byte	1
 2095 0812 E6       		.byte	-26
 2096 0813 C0       		.byte	-64
 2097 0814 EA       		.byte	-22
 2098 0815 40       		.byte	64
 2099 0816 EB       		.byte	-21
 2100 0817 02       		.byte	2
 2101 0818 00       		.byte	0
 2102 0819 08       		.byte	8
 2103 081a 06       		.byte	6
 2104 081b 80       		.byte	-128
 2105 081c 07       		.byte	7
 2106 081d 54       		.byte	84
 2107 081e 08       		.byte	8
 2108 081f 20       		.byte	32
 2109 0820 0A       		.byte	10
ARM GAS  C:\Users\marti\AppData\Local\Temp\ccZkbYR6.s 			page 38


 2110 0821 10       		.byte	16
 2111 0822 0B       		.byte	11
 2112 0823 04       		.byte	4
 2113 0824 0C       		.byte	12
 2114 0825 40       		.byte	64
 2115 0826 0F       		.byte	15
 2116 0827 05       		.byte	5
 2117 0828 10       		.byte	16
 2118 0829 02       		.byte	2
 2119 082a 11       		.byte	17
 2120 082b 14       		.byte	20
 2121 082c 18       		.byte	24
 2122 082d 04       		.byte	4
 2123 082e 1A       		.byte	26
 2124 082f 10       		.byte	16
 2125 0830 1B       		.byte	27
 2126 0831 02       		.byte	2
 2127 0832 1D       		.byte	29
 2128 0833 80       		.byte	-128
 2129 0834 1E       		.byte	30
 2130 0835 80       		.byte	-128
 2131 0836 21       		.byte	33
 2132 0837 08       		.byte	8
 2133 0838 22       		.byte	34
 2134 0839 20       		.byte	32
 2135 083a 26       		.byte	38
 2136 083b 84       		.byte	-124
 2137 083c 2A       		.byte	42
 2138 083d 80       		.byte	-128
 2139 083e 2C       		.byte	44
 2140 083f 20       		.byte	32
 2141 0840 2E       		.byte	46
 2142 0841 80       		.byte	-128
 2143 0842 32       		.byte	50
 2144 0843 80       		.byte	-128
 2145 0844 33       		.byte	51
 2146 0845 14       		.byte	20
 2147 0846 36       		.byte	54
 2148 0847 A0       		.byte	-96
 2149 0848 37       		.byte	55
 2150 0849 04       		.byte	4
 2151 084a 3B       		.byte	59
 2152 084b 01       		.byte	1
 2153 084c 3C       		.byte	60
 2154 084d 20       		.byte	32
 2155 084e 3E       		.byte	62
 2156 084f 08       		.byte	8
 2157 0850 3F       		.byte	63
 2158 0851 02       		.byte	2
 2159 0852 40       		.byte	64
 2160 0853 86       		.byte	-122
 2161 0854 44       		.byte	68
 2162 0855 40       		.byte	64
 2163 0856 46       		.byte	70
 2164 0857 08       		.byte	8
 2165 0858 47       		.byte	71
 2166 0859 14       		.byte	20
ARM GAS  C:\Users\marti\AppData\Local\Temp\ccZkbYR6.s 			page 39


 2167 085a 48       		.byte	72
 2168 085b 01       		.byte	1
 2169 085c 49       		.byte	73
 2170 085d 11       		.byte	17
 2171 085e 4F       		.byte	79
 2172 085f 04       		.byte	4
 2173 0860 51       		.byte	81
 2174 0861 01       		.byte	1
 2175 0862 54       		.byte	84
 2176 0863 10       		.byte	16
 2177 0864 57       		.byte	87
 2178 0865 01       		.byte	1
 2179 0866 5C       		.byte	92
 2180 0867 20       		.byte	32
 2181 0868 5E       		.byte	94
 2182 0869 89       		.byte	-119
 2183 086a 80       		.byte	-128
 2184 086b 02       		.byte	2
 2185 086c 81       		.byte	-127
 2186 086d 44       		.byte	68
 2187 086e 82       		.byte	-126
 2188 086f 10       		.byte	16
 2189 0870 85       		.byte	-123
 2190 0871 08       		.byte	8
 2191 0872 88       		.byte	-120
 2192 0873 10       		.byte	16
 2193 0874 89       		.byte	-119
 2194 0875 01       		.byte	1
 2195 0876 8A       		.byte	-118
 2196 0877 01       		.byte	1
 2197 0878 8C       		.byte	-116
 2198 0879 02       		.byte	2
 2199 087a 8D       		.byte	-115
 2200 087b 80       		.byte	-128
 2201 087c 91       		.byte	-111
 2202 087d 14       		.byte	20
 2203 087e 93       		.byte	-109
 2204 087f 01       		.byte	1
 2205 0880 95       		.byte	-107
 2206 0881 80       		.byte	-128
 2207 0882 97       		.byte	-105
 2208 0883 04       		.byte	4
 2209 0884 98       		.byte	-104
 2210 0885 80       		.byte	-128
 2211 0886 99       		.byte	-103
 2212 0887 14       		.byte	20
 2213 0888 9B       		.byte	-101
 2214 0889 54       		.byte	84
 2215 088a 9D       		.byte	-99
 2216 088b 81       		.byte	-127
 2217 088c A0       		.byte	-96
 2218 088d 25       		.byte	37
 2219 088e A4       		.byte	-92
 2220 088f 02       		.byte	2
 2221 0890 A5       		.byte	-91
 2222 0891 80       		.byte	-128
 2223 0892 A6       		.byte	-90
ARM GAS  C:\Users\marti\AppData\Local\Temp\ccZkbYR6.s 			page 40


 2224 0893 20       		.byte	32
 2225 0894 A7       		.byte	-89
 2226 0895 02       		.byte	2
 2227 0896 A8       		.byte	-88
 2228 0897 04       		.byte	4
 2229 0898 A9       		.byte	-87
 2230 0899 04       		.byte	4
 2231 089a AC       		.byte	-84
 2232 089b 10       		.byte	16
 2233 089c AD       		.byte	-83
 2234 089d 08       		.byte	8
 2235 089e B0       		.byte	-80
 2236 089f 80       		.byte	-128
 2237 08a0 B1       		.byte	-79
 2238 08a1 20       		.byte	32
 2239 08a2 B2       		.byte	-78
 2240 08a3 10       		.byte	16
 2241 08a4 B6       		.byte	-74
 2242 08a5 20       		.byte	32
 2243 08a6 B7       		.byte	-73
 2244 08a7 40       		.byte	64
 2245 08a8 C0       		.byte	-64
 2246 08a9 74       		.byte	116
 2247 08aa C2       		.byte	-62
 2248 08ab C4       		.byte	-60
 2249 08ac C4       		.byte	-60
 2250 08ad 07       		.byte	7
 2251 08ae CA       		.byte	-54
 2252 08af 58       		.byte	88
 2253 08b0 CC       		.byte	-52
 2254 08b1 7E       		.byte	126
 2255 08b2 CE       		.byte	-50
 2256 08b3 E1       		.byte	-31
 2257 08b4 D0       		.byte	-48
 2258 08b5 ED       		.byte	-19
 2259 08b6 D2       		.byte	-46
 2260 08b7 0C       		.byte	12
 2261 08b8 D6       		.byte	-42
 2262 08b9 F0       		.byte	-16
 2263 08ba E0       		.byte	-32
 2264 08bb 02       		.byte	2
 2265 08bc E2       		.byte	-30
 2266 08bd 20       		.byte	32
 2267 08be E8       		.byte	-24
 2268 08bf 80       		.byte	-128
 2269 08c0 EC       		.byte	-20
 2270 08c1 40       		.byte	64
 2271 08c2 33       		.byte	51
 2272 08c3 82       		.byte	-126
 2273 08c4 35       		.byte	53
 2274 08c5 80       		.byte	-128
 2275 08c6 CC       		.byte	-52
 2276 08c7 70       		.byte	112
 2277 08c8 9D       		.byte	-99
 2278 08c9 80       		.byte	-128
 2279 08ca A7       		.byte	-89
 2280 08cb 82       		.byte	-126
ARM GAS  C:\Users\marti\AppData\Local\Temp\ccZkbYR6.s 			page 41


 2281 08cc 06       		.byte	6
 2282 08cd 40       		.byte	64
 2283 08ce 1B       		.byte	27
 2284 08cf 04       		.byte	4
 2285 08d0 3F       		.byte	63
 2286 08d1 08       		.byte	8
 2287 08d2 50       		.byte	80
 2288 08d3 10       		.byte	16
 2289 08d4 57       		.byte	87
 2290 08d5 10       		.byte	16
 2291 08d6 5B       		.byte	91
 2292 08d7 08       		.byte	8
 2293 08d8 5F       		.byte	95
 2294 08d9 08       		.byte	8
 2295 08da 83       		.byte	-125
 2296 08db 10       		.byte	16
 2297 08dc 8A       		.byte	-118
 2298 08dd 40       		.byte	64
 2299 08de 9B       		.byte	-101
 2300 08df 08       		.byte	8
 2301 08e0 9D       		.byte	-99
 2302 08e1 80       		.byte	-128
 2303 08e2 A7       		.byte	-89
 2304 08e3 82       		.byte	-126
 2305 08e4 AF       		.byte	-81
 2306 08e5 08       		.byte	8
 2307 08e6 C0       		.byte	-64
 2308 08e7 20       		.byte	32
 2309 08e8 C6       		.byte	-58
 2310 08e9 10       		.byte	16
 2311 08ea CE       		.byte	-50
 2312 08eb 80       		.byte	-128
 2313 08ec D4       		.byte	-44
 2314 08ed 60       		.byte	96
 2315 08ee D6       		.byte	-42
 2316 08ef C0       		.byte	-64
 2317 08f0 E6       		.byte	-26
 2318 08f1 80       		.byte	-128
 2319 08f2 EA       		.byte	-22
 2320 08f3 10       		.byte	16
 2321 08f4 83       		.byte	-125
 2322 08f5 02       		.byte	2
 2323 08f6 9D       		.byte	-99
 2324 08f7 80       		.byte	-128
 2325 08f8 A7       		.byte	-89
 2326 08f9 82       		.byte	-126
 2327 08fa B4       		.byte	-76
 2328 08fb 10       		.byte	16
 2329 08fc E2       		.byte	-30
 2330 08fd 20       		.byte	32
 2331 08fe 5D       		.byte	93
 2332 08ff 80       		.byte	-128
 2333 0900 5E       		.byte	94
 2334 0901 02       		.byte	2
 2335 0902 D6       		.byte	-42
 2336 0903 05       		.byte	5
 2337 0904 9D       		.byte	-99
ARM GAS  C:\Users\marti\AppData\Local\Temp\ccZkbYR6.s 			page 42


 2338 0905 80       		.byte	-128
 2339 0906 A6       		.byte	-90
 2340 0907 01       		.byte	1
 2341 0908 8E       		.byte	-114
 2342 0909 01       		.byte	1
 2343 090a 9D       		.byte	-99
 2344 090b 80       		.byte	-128
 2345 090c A6       		.byte	-90
 2346 090d 01       		.byte	1
 2347 090e E0       		.byte	-32
 2348 090f 08       		.byte	8
 2349 0910 85       		.byte	-123
 2350 0911 80       		.byte	-128
 2351 0912 87       		.byte	-121
 2352 0913 80       		.byte	-128
 2353 0914 9D       		.byte	-99
 2354 0915 80       		.byte	-128
 2355 0916 A7       		.byte	-89
 2356 0917 80       		.byte	-128
 2357 0918 E2       		.byte	-30
 2358 0919 10       		.byte	16
 2359 091a E6       		.byte	-26
 2360 091b 10       		.byte	16
 2361 091c 12       		.byte	18
 2362 091d 20       		.byte	32
 2363 091e 16       		.byte	22
 2364 091f 40       		.byte	64
 2365 0920 82       		.byte	-126
 2366 0921 20       		.byte	32
 2367 0922 86       		.byte	-122
 2368 0923 40       		.byte	64
 2369 0924 C4       		.byte	-60
 2370 0925 30       		.byte	48
 2371 0926 E0       		.byte	-32
 2372 0927 10       		.byte	16
 2373 0928 E4       		.byte	-28
 2374 0929 80       		.byte	-128
 2375 092a B1       		.byte	-79
 2376 092b 80       		.byte	-128
 2377 092c EC       		.byte	-20
 2378 092d 01       		.byte	1
 2379 092e 10       		.byte	16
 2380 092f 80       		.byte	-128
 2381 0930 71       		.byte	113
 2382 0931 02       		.byte	2
 2383 0932 85       		.byte	-123
 2384 0933 02       		.byte	2
 2385 0934 8C       		.byte	-116
 2386 0935 80       		.byte	-128
 2387 0936 C4       		.byte	-60
 2388 0937 08       		.byte	8
 2389 0938 DC       		.byte	-36
 2390 0939 01       		.byte	1
 2391 093a E6       		.byte	-26
 2392 093b 02       		.byte	2
 2393 093c 00       		.byte	0
 2394 093d 07       		.byte	7
ARM GAS  C:\Users\marti\AppData\Local\Temp\ccZkbYR6.s 			page 43


 2395 093e 0A       		.byte	10
 2396 093f 07       		.byte	7
 2397 0940 0C       		.byte	12
 2398 0941 05       		.byte	5
 2399 0942 10       		.byte	16
 2400 0943 07       		.byte	7
 2401 0944 1A       		.byte	26
 2402 0945 03       		.byte	3
 2403 0946 1C       		.byte	28
 2404 0947 05       		.byte	5
 2405 0948 00       		.byte	0
 2406 0949 3F       		.byte	63
 2407 094a 04       		.byte	4
 2408 094b 0C       		.byte	12
 2409 094c 01       		.byte	1
 2410 094d 83       		.byte	-125
 2411 094e 00       		.byte	0
 2412 094f 00       		.byte	0
 2413 0950 43       		.byte	67
 2414 0951 00       		.byte	0
 2415 0952 00       		.byte	0
 2416 0953 00       		.byte	0
 2417 0954 00       		.byte	0
 2418 0955 10       		.byte	16
 2419 0956 00       		.byte	0
 2420 0957 0B       		.byte	11
 2421 0958 04       		.byte	4
 2422 0959 02       		.byte	2
 2423 095a 00       		.byte	0
 2424 095b 00       		.byte	0
 2425 095c 01       		.byte	1
 2426 095d 03       		.byte	3
 2427 095e 00       		.byte	0
 2428 095f 00       		.byte	0
 2429 0960 0A       		.byte	10
 2430 0961 00       		.byte	0
 2431 0962 10       		.byte	16
 2432 0963 1B       		.byte	27
 2433 0964 04       		.byte	4
 2434 0965 03       		.byte	3
 2435 0966 80       		.byte	-128
 2436 0967 00       		.byte	0
 2437 0968 56       		.byte	86
 2438 0969 0B       		.byte	11
 2439 096a 09       		.byte	9
 2440 096b 10       		.byte	16
 2441 096c 84       		.byte	-124
 2442 096d 00       		.byte	0
 2443 096e 00       		.byte	0
 2444 096f 04       		.byte	4
 2445 0970 84       		.byte	-124
 2446 0971 03       		.byte	3
 2447 0972 00       		.byte	0
 2448 0973 00       		.byte	0
 2449 0974 84       		.byte	-124
 2450 0975 00       		.byte	0
 2451 0976 00       		.byte	0
ARM GAS  C:\Users\marti\AppData\Local\Temp\ccZkbYR6.s 			page 44


 2452 0977 01       		.byte	1
 2453 0978 80       		.byte	-128
 2454 0979 03       		.byte	3
 2455 097a 04       		.byte	4
 2456 097b 00       		.byte	0
 2457 097c 07       		.byte	7
 2458 097d 03       		.byte	3
 2459 097e 38       		.byte	56
 2460 097f 00       		.byte	0
 2461 0980 60       		.byte	96
 2462 0981 0B       		.byte	11
 2463 0982 00       		.byte	0
 2464 0983 10       		.byte	16
 2465 0984 00       		.byte	0
 2466 0985 07       		.byte	7
 2467 0986 7F       		.byte	127
 2468 0987 18       		.byte	24
 2469 0988 80       		.byte	-128
 2470 0989 00       		.byte	0
 2471 098a 00       		.byte	0
 2472 098b 00       		.byte	0
 2473 098c 08       		.byte	8
 2474 098d 00       		.byte	0
 2475 098e 00       		.byte	0
 2476 098f 02       		.byte	2
 2477 0990 00       		.byte	0
 2478 0991 00       		.byte	0
 2479 0992 10       		.byte	16
 2480 0993 04       		.byte	4
 2481 0994 42       		.byte	66
 2482 0995 03       		.byte	3
 2483 0996 60       		.byte	96
 2484 0997 00       		.byte	0
 2485 0998 05       		.byte	5
 2486 0999 F0       		.byte	-16
 2487 099a EC       		.byte	-20
 2488 099b BD       		.byte	-67
 2489 099c 3E       		.byte	62
 2490 099d FF       		.byte	-1
 2491 099e FF       		.byte	-1
 2492 099f FF       		.byte	-1
 2493 09a0 22       		.byte	34
 2494 09a1 00       		.byte	0
 2495 09a2 F0       		.byte	-16
 2496 09a3 08       		.byte	8
 2497 09a4 04       		.byte	4
 2498 09a5 00       		.byte	0
 2499 09a6 00       		.byte	0
 2500 09a7 00       		.byte	0
 2501 09a8 18       		.byte	24
 2502 09a9 00       		.byte	0
 2503 09aa 04       		.byte	4
 2504 09ab 00       		.byte	0
 2505 09ac 04       		.byte	4
 2506 09ad 04       		.byte	4
 2507 09ae 04       		.byte	4
 2508 09af 04       		.byte	4
ARM GAS  C:\Users\marti\AppData\Local\Temp\ccZkbYR6.s 			page 45


 2509 09b0 10       		.byte	16
 2510 09b1 20       		.byte	32
 2511 09b2 00       		.byte	0
 2512 09b3 01       		.byte	1
 2513 09b4 00       		.byte	0
 2514 09b5 00       		.byte	0
 2515 09b6 C0       		.byte	-64
 2516 09b7 00       		.byte	0
 2517 09b8 40       		.byte	64
 2518 09b9 01       		.byte	1
 2519 09ba 10       		.byte	16
 2520 09bb 11       		.byte	17
 2521 09bc C0       		.byte	-64
 2522 09bd 01       		.byte	1
 2523 09be 00       		.byte	0
 2524 09bf 11       		.byte	17
 2525 09c0 40       		.byte	64
 2526 09c1 01       		.byte	1
 2527 09c2 40       		.byte	64
 2528 09c3 01       		.byte	1
 2529 09c4 00       		.byte	0
 2530 09c5 00       		.byte	0
 2531 09c6 00       		.byte	0
 2532 09c7 00       		.byte	0
 2533 09c8 00       		.byte	0
 2534 09c9 00       		.byte	0
 2535 09ca 00       		.byte	0
 2536 09cb 00       		.byte	0
 2537 09cc 00       		.byte	0
 2538 09cd 00       		.byte	0
 2539 09ce 00       		.byte	0
 2540 09cf 00       		.byte	0
 2541 09d0 00       		.byte	0
 2542 09d1 00       		.byte	0
 2543 09d2 00       		.byte	0
 2544 09d3 00       		.byte	0
 2545 09d4 83       		.byte	-125
 2546 09d5 00       		.byte	0
 2547 09d6 48       		.byte	72
 2548 09d7 80       		.byte	-128
 2549 09d8 83       		.byte	-125
 2550 09d9 00       		.byte	0
 2551 09da 83       		.byte	-125
 2552 09db 00       		.byte	0
 2553 09dc 00       		.byte	0
 2554 09dd 00       		.byte	0
 2555 09de 00       		.byte	0
 2556 09df 00       		.byte	0
 2557 09e0 20       		.byte	32
 2558 09e1 00       		.byte	0
 2559 09e2 00       		.byte	0
 2560 09e3 0B       		.byte	11
 2561 09e4 2B       		.byte	43
 2562 09e5 00       		.byte	0
 2563 09e6 00       		.byte	0
 2564 09e7 00       		.byte	0
 2565 09e8 00       		.byte	0
ARM GAS  C:\Users\marti\AppData\Local\Temp\ccZkbYR6.s 			page 46


 2566 09e9 00       		.byte	0
 2567 09ea 00       		.byte	0
 2568 09eb 00       		.byte	0
 2569 09ec 00       		.byte	0
 2570 09ed 38       		.byte	56
 2571 09ee 38       		.byte	56
 2572 09ef 00       		.byte	0
 2573 09f0 28       		.byte	40
 2574 09f1 00       		.byte	0
 2575 09f2 00       		.byte	0
 2576 09f3 00       		.byte	0
 2577              		.section	.cywolatch,"a",%progbits
 2578              		.align	2
 2579              		.type	cy_meta_wonvl, %object
 2580              		.size	cy_meta_wonvl, 4
 2581              	cy_meta_wonvl:
 2582 0000 BC       		.byte	-68
 2583 0001 90       		.byte	-112
 2584 0002 AC       		.byte	-84
 2585 0003 AF       		.byte	-81
 2586              		.section	.cycustnvl,"a",%progbits
 2587              		.align	2
 2588              		.type	cy_meta_custnvl, %object
 2589              		.size	cy_meta_custnvl, 4
 2590              	cy_meta_custnvl:
 2591 0000 00       		.byte	0
 2592 0001 00       		.byte	0
 2593 0002 40       		.byte	64
 2594 0003 05       		.byte	5
 2595              		.section	.cymeta,"a",%progbits
 2596              		.align	2
 2597              		.type	cy_metadata, %object
 2598              		.size	cy_metadata, 12
 2599              	cy_metadata:
 2600 0000 00       		.byte	0
 2601 0001 01       		.byte	1
 2602 0002 2E       		.byte	46
 2603 0003 16       		.byte	22
 2604 0004 10       		.byte	16
 2605 0005 69       		.byte	105
 2606 0006 00       		.byte	0
 2607 0007 01       		.byte	1
 2608 0008 00       		.byte	0
 2609 0009 00       		.byte	0
 2610 000a 00       		.byte	0
 2611 000b 00       		.byte	0
 2612              		.section	.cyflashprotect,"a",%progbits
 2613              		.align	2
 2614              		.type	cy_meta_flashprotect, %object
 2615              		.size	cy_meta_flashprotect, 256
 2616              	cy_meta_flashprotect:
 2617 0000 00000000 		.space	256
 2617      00000000 
 2617      00000000 
 2617      00000000 
 2617      00000000 
 2618              		.text
ARM GAS  C:\Users\marti\AppData\Local\Temp\ccZkbYR6.s 			page 47


 2619              	.Letext0:
 2620              		.file 1 "c:\\program files (x86)\\cypress\\psoc creator\\4.2\\psoc creator\\import\\gnu\\arm\\5.4.
 2621              		.file 2 "c:\\program files (x86)\\cypress\\psoc creator\\4.2\\psoc creator\\import\\gnu\\arm\\5.4.
 2622              		.file 3 "Generated_Source\\PSoC5\\cymetadata.c"
 2623              		.section	.debug_info,"",%progbits
 2624              	.Ldebug_info0:
 2625 0000 35010000 		.4byte	0x135
 2626 0004 0400     		.2byte	0x4
 2627 0006 00000000 		.4byte	.Ldebug_abbrev0
 2628 000a 04       		.byte	0x4
 2629 000b 01       		.uleb128 0x1
 2630 000c A3000000 		.4byte	.LASF17
 2631 0010 0C       		.byte	0xc
 2632 0011 FD010000 		.4byte	.LASF18
 2633 0015 0A000000 		.4byte	.LASF19
 2634 0019 00000000 		.4byte	.Ldebug_line0
 2635 001d 02       		.uleb128 0x2
 2636 001e 01       		.byte	0x1
 2637 001f 06       		.byte	0x6
 2638 0020 F1010000 		.4byte	.LASF0
 2639 0024 03       		.uleb128 0x3
 2640 0025 00000000 		.4byte	.LASF9
 2641 0029 01       		.byte	0x1
 2642 002a 1D       		.byte	0x1d
 2643 002b 2F000000 		.4byte	0x2f
 2644 002f 02       		.uleb128 0x2
 2645 0030 01       		.byte	0x1
 2646 0031 08       		.byte	0x8
 2647 0032 95000000 		.4byte	.LASF1
 2648 0036 02       		.uleb128 0x2
 2649 0037 02       		.byte	0x2
 2650 0038 05       		.byte	0x5
 2651 0039 DE010000 		.4byte	.LASF2
 2652 003d 02       		.uleb128 0x2
 2653 003e 02       		.byte	0x2
 2654 003f 07       		.byte	0x7
 2655 0040 43010000 		.4byte	.LASF3
 2656 0044 02       		.uleb128 0x2
 2657 0045 04       		.byte	0x4
 2658 0046 05       		.byte	0x5
 2659 0047 E8010000 		.4byte	.LASF4
 2660 004b 02       		.uleb128 0x2
 2661 004c 04       		.byte	0x4
 2662 004d 07       		.byte	0x7
 2663 004e 31010000 		.4byte	.LASF5
 2664 0052 02       		.uleb128 0x2
 2665 0053 08       		.byte	0x8
 2666 0054 05       		.byte	0x5
 2667 0055 D0010000 		.4byte	.LASF6
 2668 0059 02       		.uleb128 0x2
 2669 005a 08       		.byte	0x8
 2670 005b 07       		.byte	0x7
 2671 005c 85010000 		.4byte	.LASF7
 2672 0060 04       		.uleb128 0x4
 2673 0061 04       		.byte	0x4
 2674 0062 05       		.byte	0x5
 2675 0063 696E7400 		.ascii	"int\000"
ARM GAS  C:\Users\marti\AppData\Local\Temp\ccZkbYR6.s 			page 48


 2676 0067 02       		.uleb128 0x2
 2677 0068 04       		.byte	0x4
 2678 0069 07       		.byte	0x7
 2679 006a 78010000 		.4byte	.LASF8
 2680 006e 03       		.uleb128 0x3
 2681 006f 9C010000 		.4byte	.LASF10
 2682 0073 02       		.byte	0x2
 2683 0074 18       		.byte	0x18
 2684 0075 24000000 		.4byte	0x24
 2685 0079 05       		.uleb128 0x5
 2686 007a 91000000 		.4byte	0x91
 2687 007e 8A000000 		.4byte	0x8a
 2688 0082 06       		.uleb128 0x6
 2689 0083 8A000000 		.4byte	0x8a
 2690 0087 F309     		.2byte	0x9f3
 2691 0089 00       		.byte	0
 2692 008a 02       		.uleb128 0x2
 2693 008b 04       		.byte	0x4
 2694 008c 07       		.byte	0x7
 2695 008d C7010000 		.4byte	.LASF11
 2696 0091 07       		.uleb128 0x7
 2697 0092 6E000000 		.4byte	0x6e
 2698 0096 08       		.uleb128 0x8
 2699 0097 66010000 		.4byte	.LASF12
 2700 009b 03       		.byte	0x3
 2701 009c 1F       		.byte	0x1f
 2702 009d A7000000 		.4byte	0xa7
 2703 00a1 05       		.uleb128 0x5
 2704 00a2 03       		.byte	0x3
 2705 00a3 00000000 		.4byte	cy_meta_configecc
 2706 00a7 07       		.uleb128 0x7
 2707 00a8 79000000 		.4byte	0x79
 2708 00ac 05       		.uleb128 0x5
 2709 00ad 91000000 		.4byte	0x91
 2710 00b1 BC000000 		.4byte	0xbc
 2711 00b5 09       		.uleb128 0x9
 2712 00b6 8A000000 		.4byte	0x8a
 2713 00ba 03       		.byte	0x3
 2714 00bb 00       		.byte	0
 2715 00bc 0A       		.uleb128 0xa
 2716 00bd 56010000 		.4byte	.LASF13
 2717 00c1 03       		.byte	0x3
 2718 00c2 6B01     		.2byte	0x16b
 2719 00c4 CE000000 		.4byte	0xce
 2720 00c8 05       		.uleb128 0x5
 2721 00c9 03       		.byte	0x3
 2722 00ca 00000000 		.4byte	cy_meta_custnvl
 2723 00ce 07       		.uleb128 0x7
 2724 00cf AC000000 		.4byte	0xac
 2725 00d3 0A       		.uleb128 0xa
 2726 00d4 B9010000 		.4byte	.LASF14
 2727 00d8 03       		.byte	0x3
 2728 00d9 7901     		.2byte	0x179
 2729 00db E5000000 		.4byte	0xe5
 2730 00df 05       		.uleb128 0x5
 2731 00e0 03       		.byte	0x3
 2732 00e1 00000000 		.4byte	cy_meta_wonvl
ARM GAS  C:\Users\marti\AppData\Local\Temp\ccZkbYR6.s 			page 49


 2733 00e5 07       		.uleb128 0x7
 2734 00e6 AC000000 		.4byte	0xac
 2735 00ea 05       		.uleb128 0x5
 2736 00eb 91000000 		.4byte	0x91
 2737 00ef FA000000 		.4byte	0xfa
 2738 00f3 09       		.uleb128 0x9
 2739 00f4 8A000000 		.4byte	0x8a
 2740 00f8 FF       		.byte	0xff
 2741 00f9 00       		.byte	0
 2742 00fa 0A       		.uleb128 0xa
 2743 00fb A4010000 		.4byte	.LASF15
 2744 00ff 03       		.byte	0x3
 2745 0100 8701     		.2byte	0x187
 2746 0102 0C010000 		.4byte	0x10c
 2747 0106 05       		.uleb128 0x5
 2748 0107 03       		.byte	0x3
 2749 0108 00000000 		.4byte	cy_meta_flashprotect
 2750 010c 07       		.uleb128 0x7
 2751 010d EA000000 		.4byte	0xea
 2752 0111 05       		.uleb128 0x5
 2753 0112 91000000 		.4byte	0x91
 2754 0116 21010000 		.4byte	0x121
 2755 011a 09       		.uleb128 0x9
 2756 011b 8A000000 		.4byte	0x8a
 2757 011f 0B       		.byte	0xb
 2758 0120 00       		.byte	0
 2759 0121 0A       		.uleb128 0xa
 2760 0122 89000000 		.4byte	.LASF16
 2761 0126 03       		.byte	0x3
 2762 0127 B401     		.2byte	0x1b4
 2763 0129 33010000 		.4byte	0x133
 2764 012d 05       		.uleb128 0x5
 2765 012e 03       		.byte	0x3
 2766 012f 00000000 		.4byte	cy_metadata
 2767 0133 07       		.uleb128 0x7
 2768 0134 11010000 		.4byte	0x111
 2769 0138 00       		.byte	0
 2770              		.section	.debug_abbrev,"",%progbits
 2771              	.Ldebug_abbrev0:
 2772 0000 01       		.uleb128 0x1
 2773 0001 11       		.uleb128 0x11
 2774 0002 01       		.byte	0x1
 2775 0003 25       		.uleb128 0x25
 2776 0004 0E       		.uleb128 0xe
 2777 0005 13       		.uleb128 0x13
 2778 0006 0B       		.uleb128 0xb
 2779 0007 03       		.uleb128 0x3
 2780 0008 0E       		.uleb128 0xe
 2781 0009 1B       		.uleb128 0x1b
 2782 000a 0E       		.uleb128 0xe
 2783 000b 10       		.uleb128 0x10
 2784 000c 17       		.uleb128 0x17
 2785 000d 00       		.byte	0
 2786 000e 00       		.byte	0
 2787 000f 02       		.uleb128 0x2
 2788 0010 24       		.uleb128 0x24
 2789 0011 00       		.byte	0
ARM GAS  C:\Users\marti\AppData\Local\Temp\ccZkbYR6.s 			page 50


 2790 0012 0B       		.uleb128 0xb
 2791 0013 0B       		.uleb128 0xb
 2792 0014 3E       		.uleb128 0x3e
 2793 0015 0B       		.uleb128 0xb
 2794 0016 03       		.uleb128 0x3
 2795 0017 0E       		.uleb128 0xe
 2796 0018 00       		.byte	0
 2797 0019 00       		.byte	0
 2798 001a 03       		.uleb128 0x3
 2799 001b 16       		.uleb128 0x16
 2800 001c 00       		.byte	0
 2801 001d 03       		.uleb128 0x3
 2802 001e 0E       		.uleb128 0xe
 2803 001f 3A       		.uleb128 0x3a
 2804 0020 0B       		.uleb128 0xb
 2805 0021 3B       		.uleb128 0x3b
 2806 0022 0B       		.uleb128 0xb
 2807 0023 49       		.uleb128 0x49
 2808 0024 13       		.uleb128 0x13
 2809 0025 00       		.byte	0
 2810 0026 00       		.byte	0
 2811 0027 04       		.uleb128 0x4
 2812 0028 24       		.uleb128 0x24
 2813 0029 00       		.byte	0
 2814 002a 0B       		.uleb128 0xb
 2815 002b 0B       		.uleb128 0xb
 2816 002c 3E       		.uleb128 0x3e
 2817 002d 0B       		.uleb128 0xb
 2818 002e 03       		.uleb128 0x3
 2819 002f 08       		.uleb128 0x8
 2820 0030 00       		.byte	0
 2821 0031 00       		.byte	0
 2822 0032 05       		.uleb128 0x5
 2823 0033 01       		.uleb128 0x1
 2824 0034 01       		.byte	0x1
 2825 0035 49       		.uleb128 0x49
 2826 0036 13       		.uleb128 0x13
 2827 0037 01       		.uleb128 0x1
 2828 0038 13       		.uleb128 0x13
 2829 0039 00       		.byte	0
 2830 003a 00       		.byte	0
 2831 003b 06       		.uleb128 0x6
 2832 003c 21       		.uleb128 0x21
 2833 003d 00       		.byte	0
 2834 003e 49       		.uleb128 0x49
 2835 003f 13       		.uleb128 0x13
 2836 0040 2F       		.uleb128 0x2f
 2837 0041 05       		.uleb128 0x5
 2838 0042 00       		.byte	0
 2839 0043 00       		.byte	0
 2840 0044 07       		.uleb128 0x7
 2841 0045 26       		.uleb128 0x26
 2842 0046 00       		.byte	0
 2843 0047 49       		.uleb128 0x49
 2844 0048 13       		.uleb128 0x13
 2845 0049 00       		.byte	0
 2846 004a 00       		.byte	0
ARM GAS  C:\Users\marti\AppData\Local\Temp\ccZkbYR6.s 			page 51


 2847 004b 08       		.uleb128 0x8
 2848 004c 34       		.uleb128 0x34
 2849 004d 00       		.byte	0
 2850 004e 03       		.uleb128 0x3
 2851 004f 0E       		.uleb128 0xe
 2852 0050 3A       		.uleb128 0x3a
 2853 0051 0B       		.uleb128 0xb
 2854 0052 3B       		.uleb128 0x3b
 2855 0053 0B       		.uleb128 0xb
 2856 0054 49       		.uleb128 0x49
 2857 0055 13       		.uleb128 0x13
 2858 0056 3F       		.uleb128 0x3f
 2859 0057 19       		.uleb128 0x19
 2860 0058 02       		.uleb128 0x2
 2861 0059 18       		.uleb128 0x18
 2862 005a 00       		.byte	0
 2863 005b 00       		.byte	0
 2864 005c 09       		.uleb128 0x9
 2865 005d 21       		.uleb128 0x21
 2866 005e 00       		.byte	0
 2867 005f 49       		.uleb128 0x49
 2868 0060 13       		.uleb128 0x13
 2869 0061 2F       		.uleb128 0x2f
 2870 0062 0B       		.uleb128 0xb
 2871 0063 00       		.byte	0
 2872 0064 00       		.byte	0
 2873 0065 0A       		.uleb128 0xa
 2874 0066 34       		.uleb128 0x34
 2875 0067 00       		.byte	0
 2876 0068 03       		.uleb128 0x3
 2877 0069 0E       		.uleb128 0xe
 2878 006a 3A       		.uleb128 0x3a
 2879 006b 0B       		.uleb128 0xb
 2880 006c 3B       		.uleb128 0x3b
 2881 006d 05       		.uleb128 0x5
 2882 006e 49       		.uleb128 0x49
 2883 006f 13       		.uleb128 0x13
 2884 0070 3F       		.uleb128 0x3f
 2885 0071 19       		.uleb128 0x19
 2886 0072 02       		.uleb128 0x2
 2887 0073 18       		.uleb128 0x18
 2888 0074 00       		.byte	0
 2889 0075 00       		.byte	0
 2890 0076 00       		.byte	0
 2891              		.section	.debug_aranges,"",%progbits
 2892 0000 14000000 		.4byte	0x14
 2893 0004 0200     		.2byte	0x2
 2894 0006 00000000 		.4byte	.Ldebug_info0
 2895 000a 04       		.byte	0x4
 2896 000b 00       		.byte	0
 2897 000c 0000     		.2byte	0
 2898 000e 0000     		.2byte	0
 2899 0010 00000000 		.4byte	0
 2900 0014 00000000 		.4byte	0
 2901              		.section	.debug_line,"",%progbits
 2902              	.Ldebug_line0:
 2903 0000 3D010000 		.section	.debug_str,"MS",%progbits,1
ARM GAS  C:\Users\marti\AppData\Local\Temp\ccZkbYR6.s 			page 52


 2903      02003701 
 2903      00000201 
 2903      FB0E0D00 
 2903      01010101 
 2904              	.LASF9:
 2905 0000 5F5F7569 		.ascii	"__uint8_t\000"
 2905      6E74385F 
 2905      7400
 2906              	.LASF19:
 2907 000a 433A5C55 		.ascii	"C:\\Users\\marti\\OneDrive\\Dokumenter\\3 semester "
 2907      73657273 
 2907      5C6D6172 
 2907      74695C4F 
 2907      6E654472 
 2908 0038 7265706F 		.ascii	"repos\\player_side_app\\integration\\integration\\i"
 2908      735C706C 
 2908      61796572 
 2908      5F736964 
 2908      655F6170 
 2909 0067 6E746567 		.ascii	"ntegration_controller-light.cydsn\000"
 2909      72617469 
 2909      6F6E5F63 
 2909      6F6E7472 
 2909      6F6C6C65 
 2910              	.LASF16:
 2911 0089 63795F6D 		.ascii	"cy_metadata\000"
 2911      65746164 
 2911      61746100 
 2912              	.LASF1:
 2913 0095 756E7369 		.ascii	"unsigned char\000"
 2913      676E6564 
 2913      20636861 
 2913      7200
 2914              	.LASF17:
 2915 00a3 474E5520 		.ascii	"GNU C11 5.4.1 20160609 (release) [ARM/embedded-5-br"
 2915      43313120 
 2915      352E342E 
 2915      31203230 
 2915      31363036 
 2916 00d6 616E6368 		.ascii	"anch revision 237715] -mcpu=cortex-m3 -mthumb -g -O"
 2916      20726576 
 2916      6973696F 
 2916      6E203233 
 2916      37373135 
 2917 0109 67202D66 		.ascii	"g -ffunction-sections -ffat-lto-objects\000"
 2917      66756E63 
 2917      74696F6E 
 2917      2D736563 
 2917      74696F6E 
 2918              	.LASF5:
 2919 0131 6C6F6E67 		.ascii	"long unsigned int\000"
 2919      20756E73 
 2919      69676E65 
 2919      6420696E 
 2919      7400
 2920              	.LASF3:
 2921 0143 73686F72 		.ascii	"short unsigned int\000"
ARM GAS  C:\Users\marti\AppData\Local\Temp\ccZkbYR6.s 			page 53


 2921      7420756E 
 2921      7369676E 
 2921      65642069 
 2921      6E7400
 2922              	.LASF13:
 2923 0156 63795F6D 		.ascii	"cy_meta_custnvl\000"
 2923      6574615F 
 2923      63757374 
 2923      6E766C00 
 2924              	.LASF12:
 2925 0166 63795F6D 		.ascii	"cy_meta_configecc\000"
 2925      6574615F 
 2925      636F6E66 
 2925      69676563 
 2925      6300
 2926              	.LASF8:
 2927 0178 756E7369 		.ascii	"unsigned int\000"
 2927      676E6564 
 2927      20696E74 
 2927      00
 2928              	.LASF7:
 2929 0185 6C6F6E67 		.ascii	"long long unsigned int\000"
 2929      206C6F6E 
 2929      6720756E 
 2929      7369676E 
 2929      65642069 
 2930              	.LASF10:
 2931 019c 75696E74 		.ascii	"uint8_t\000"
 2931      385F7400 
 2932              	.LASF15:
 2933 01a4 63795F6D 		.ascii	"cy_meta_flashprotect\000"
 2933      6574615F 
 2933      666C6173 
 2933      6870726F 
 2933      74656374 
 2934              	.LASF14:
 2935 01b9 63795F6D 		.ascii	"cy_meta_wonvl\000"
 2935      6574615F 
 2935      776F6E76 
 2935      6C00
 2936              	.LASF11:
 2937 01c7 73697A65 		.ascii	"sizetype\000"
 2937      74797065 
 2937      00
 2938              	.LASF6:
 2939 01d0 6C6F6E67 		.ascii	"long long int\000"
 2939      206C6F6E 
 2939      6720696E 
 2939      7400
 2940              	.LASF2:
 2941 01de 73686F72 		.ascii	"short int\000"
 2941      7420696E 
 2941      7400
 2942              	.LASF4:
 2943 01e8 6C6F6E67 		.ascii	"long int\000"
 2943      20696E74 
 2943      00
ARM GAS  C:\Users\marti\AppData\Local\Temp\ccZkbYR6.s 			page 54


 2944              	.LASF0:
 2945 01f1 7369676E 		.ascii	"signed char\000"
 2945      65642063 
 2945      68617200 
 2946              	.LASF18:
 2947 01fd 47656E65 		.ascii	"Generated_Source\\PSoC5\\cymetadata.c\000"
 2947      72617465 
 2947      645F536F 
 2947      75726365 
 2947      5C50536F 
 2948              		.ident	"GCC: (GNU Tools for ARM Embedded Processors) 5.4.1 20160609 (release) [ARM/embedded-5-bran
