ARM GAS  C:\Users\marti\AppData\Local\Temp\ccS1kUGj.s 			page 1


   1              		.syntax unified
   2              		.cpu cortex-m3
   3              		.fpu softvfp
   4              		.eabi_attribute 20, 1
   5              		.eabi_attribute 21, 1
   6              		.eabi_attribute 23, 3
   7              		.eabi_attribute 24, 1
   8              		.eabi_attribute 25, 1
   9              		.eabi_attribute 26, 1
  10              		.eabi_attribute 30, 1
  11              		.eabi_attribute 34, 1
  12              		.eabi_attribute 18, 4
  13              		.thumb
  14              		.syntax unified
  15              		.file	"main.c"
  16              		.text
  17              	.Ltext0:
  18              		.cfi_sections	.debug_frame
  19              		.section	.text.blinking_LED,"ax",%progbits
  20              		.align	2
  21              		.global	blinking_LED
  22              		.thumb
  23              		.thumb_func
  24              		.type	blinking_LED, %function
  25              	blinking_LED:
  26              	.LFB63:
  27              		.file 1 "main.c"
   1:main.c        **** /* ========================================
   2:main.c        ****  *
   3:main.c        ****  * Copyright YOUR COMPANY, THE YEAR
   4:main.c        ****  * All Rights Reserved
   5:main.c        ****  * UNPUBLISHED, LICENSED SOFTWARE.
   6:main.c        ****  *
   7:main.c        ****  * CONFIDENTIAL AND PROPRIETARY INFORMATION
   8:main.c        ****  * WHICH IS THE PROPERTY OF your company.
   9:main.c        ****  *
  10:main.c        ****  * ========================================
  11:main.c        **** */
  12:main.c        **** //#include "cyapicallbacks.h"
  13:main.c        **** #include "project.h"
  14:main.c        **** #include "RPI_IF.h"
  15:main.c        **** #include "string.h"
  16:main.c        **** #include "GameController.h"
  17:main.c        **** 
  18:main.c        **** 
  19:main.c        **** void handleByteReceived(uint8_t byteReceived);
  20:main.c        **** 
  21:main.c        **** CY_ISR(blinking_LED)
  22:main.c        **** {
  28              		.loc 1 22 0
  29              		.cfi_startproc
  30              		@ args = 0, pretend = 0, frame = 0
  31              		@ frame_needed = 0, uses_anonymous_args = 0
  32 0000 08B5     		push	{r3, lr}
  33              		.cfi_def_cfa_offset 8
  34              		.cfi_offset 3, -8
  35              		.cfi_offset 14, -4
ARM GAS  C:\Users\marti\AppData\Local\Temp\ccS1kUGj.s 			page 2


  23:main.c        ****     Timer_ReadStatusRegister();
  36              		.loc 1 23 0
  37 0002 FFF7FEFF 		bl	Timer_ReadStatusRegister
  38              	.LVL0:
  24:main.c        ****     Interrupt_LED();
  39              		.loc 1 24 0
  40 0006 FFF7FEFF 		bl	Interrupt_LED
  41              	.LVL1:
  42 000a 08BD     		pop	{r3, pc}
  43              		.cfi_endproc
  44              	.LFE63:
  45              		.size	blinking_LED, .-blinking_LED
  46              		.section	.text.main,"ax",%progbits
  47              		.align	2
  48              		.global	main
  49              		.thumb
  50              		.thumb_func
  51              		.type	main, %function
  52              	main:
  53              	.LFB65:
  25:main.c        **** }
  26:main.c        **** CY_ISR(ISR_UART_rx_handler)
  27:main.c        **** {
  28:main.c        ****     uint8_t bytesToRead = UART_GetRxBufferSize();
  29:main.c        ****     while (bytesToRead > 0)
  30:main.c        ****     {
  31:main.c        ****         uint8_t byteReceived = UART_ReadRxData();
  32:main.c        ****         UART_WriteTxData(byteReceived); // echo back
  33:main.c        ****         
  34:main.c        ****         handleByteReceived(byteReceived);
  35:main.c        ****         
  36:main.c        ****         bytesToRead--;
  37:main.c        ****     }
  38:main.c        **** }
  39:main.c        **** int main(void)
  40:main.c        **** {
  54              		.loc 1 40 0
  55              		.cfi_startproc
  56              		@ Volatile: function does not return.
  57              		@ args = 0, pretend = 0, frame = 0
  58              		@ frame_needed = 0, uses_anonymous_args = 0
  59 0000 08B5     		push	{r3, lr}
  60              		.cfi_def_cfa_offset 8
  61              		.cfi_offset 3, -8
  62              		.cfi_offset 14, -4
  41:main.c        ****     CyGlobalIntEnable; /* Enable global interrupts. */
  63              		.loc 1 41 0
  64              		.syntax unified
  65              	@ 41 "main.c" 1
  66 0002 62B6     		CPSIE   i
  67              	@ 0 "" 2
  42:main.c        ****     UART_Start();
  68              		.loc 1 42 0
  69              		.thumb
  70              		.syntax unified
  71 0004 FFF7FEFF 		bl	UART_Start
  72              	.LVL2:
ARM GAS  C:\Users\marti\AppData\Local\Temp\ccS1kUGj.s 			page 3


  43:main.c        ****     UART_PutString("Program started\n\r");
  73              		.loc 1 43 0
  74 0008 0A48     		ldr	r0, .L6
  75 000a FFF7FEFF 		bl	UART_PutString
  76              	.LVL3:
  44:main.c        ****     initShiftRegPWM();
  77              		.loc 1 44 0
  78 000e FFF7FEFF 		bl	initShiftRegPWM
  79              	.LVL4:
  45:main.c        ****     /* Place your initialization/startup code here (e.g. MyInst_Start()) */
  46:main.c        ****     isr_1_StartEx(ISR_UART_rx_handler);
  80              		.loc 1 46 0
  81 0012 0948     		ldr	r0, .L6+4
  82 0014 FFF7FEFF 		bl	isr_1_StartEx
  83              	.LVL5:
  47:main.c        ****     RPI_IF_init();
  84              		.loc 1 47 0
  85 0018 FFF7FEFF 		bl	RPI_IF_init
  86              	.LVL6:
  48:main.c        ****     CyDelay(2000);
  87              		.loc 1 48 0
  88 001c 4FF4FA60 		mov	r0, #2000
  89 0020 FFF7FEFF 		bl	CyDelay
  90              	.LVL7:
  49:main.c        ****     isr_StartEx(blinking_LED);
  91              		.loc 1 49 0
  92 0024 0548     		ldr	r0, .L6+8
  93 0026 FFF7FEFF 		bl	isr_StartEx
  94              	.LVL8:
  95              	.L4:
  50:main.c        ****     //sendCupStatus(0x41);
  51:main.c        ****     for(;;)
  52:main.c        ****     {
  53:main.c        ****        RPi_IF_handleData();
  96              		.loc 1 53 0 discriminator 1
  97 002a FFF7FEFF 		bl	RPi_IF_handleData
  98              	.LVL9:
  54:main.c        ****        //CyDelay(1000);
  55:main.c        ****        Controller();
  99              		.loc 1 55 0 discriminator 1
 100 002e FFF7FEFF 		bl	Controller
 101              	.LVL10:
 102 0032 FAE7     		b	.L4
 103              	.L7:
 104              		.align	2
 105              	.L6:
 106 0034 00000000 		.word	.LC0
 107 0038 00000000 		.word	ISR_UART_rx_handler
 108 003c 00000000 		.word	blinking_LED
 109              		.cfi_endproc
 110              	.LFE65:
 111              		.size	main, .-main
 112              		.section	.text.handleByteReceived,"ax",%progbits
 113              		.align	2
 114              		.global	handleByteReceived
 115              		.thumb
 116              		.thumb_func
ARM GAS  C:\Users\marti\AppData\Local\Temp\ccS1kUGj.s 			page 4


 117              		.type	handleByteReceived, %function
 118              	handleByteReceived:
 119              	.LFB66:
  56:main.c        ****     }
  57:main.c        **** }
  58:main.c        **** 
  59:main.c        **** 
  60:main.c        **** void handleByteReceived(uint8_t byteReceived)
  61:main.c        **** {
 120              		.loc 1 61 0
 121              		.cfi_startproc
 122              		@ args = 0, pretend = 0, frame = 0
 123              		@ frame_needed = 0, uses_anonymous_args = 0
 124              	.LVL11:
 125 0000 08B5     		push	{r3, lr}
 126              		.cfi_def_cfa_offset 8
 127              		.cfi_offset 3, -8
 128              		.cfi_offset 14, -4
  62:main.c        ****     switch(byteReceived)
 129              		.loc 1 62 0
 130 0002 7128     		cmp	r0, #113
 131 0004 04D0     		beq	.L10
 132 0006 7728     		cmp	r0, #119
 133 0008 09D0     		beq	.L11
 134 000a 6528     		cmp	r0, #101
 135 000c 14D1     		bne	.L8
 136 000e 0DE0     		b	.L12
 137              	.L10:
  63:main.c        ****     {
  64:main.c        ****         case 'q' :
  65:main.c        ****         {
  66:main.c        ****             updateCupStatus(0b00000000);
 138              		.loc 1 66 0
 139 0010 0020     		movs	r0, #0
 140              	.LVL12:
 141 0012 FFF7FEFF 		bl	updateCupStatus
 142              	.LVL13:
  67:main.c        ****             updateHitStatus(0b00000000);
 143              		.loc 1 67 0
 144 0016 0020     		movs	r0, #0
 145 0018 FFF7FEFF 		bl	updateHitStatus
 146              	.LVL14:
  68:main.c        ****         }
  69:main.c        ****         break;
 147              		.loc 1 69 0
 148 001c 08BD     		pop	{r3, pc}
 149              	.LVL15:
 150              	.L11:
  70:main.c        ****         case 'w' :
  71:main.c        ****         {
  72:main.c        ****             updateCupStatus(0b00000001);
 151              		.loc 1 72 0
 152 001e 0120     		movs	r0, #1
 153              	.LVL16:
 154 0020 FFF7FEFF 		bl	updateCupStatus
 155              	.LVL17:
  73:main.c        ****             updateHitStatus(0b00000000);
ARM GAS  C:\Users\marti\AppData\Local\Temp\ccS1kUGj.s 			page 5


 156              		.loc 1 73 0
 157 0024 0020     		movs	r0, #0
 158 0026 FFF7FEFF 		bl	updateHitStatus
 159              	.LVL18:
  74:main.c        ****         }
  75:main.c        ****         break;
 160              		.loc 1 75 0
 161 002a 08BD     		pop	{r3, pc}
 162              	.LVL19:
 163              	.L12:
  76:main.c        ****         case 'e':
  77:main.c        ****         {
  78:main.c        ****             updateCupStatus(0b00000001);
 164              		.loc 1 78 0
 165 002c 0120     		movs	r0, #1
 166              	.LVL20:
 167 002e FFF7FEFF 		bl	updateCupStatus
 168              	.LVL21:
  79:main.c        ****             updateHitStatus(0b00000001);
 169              		.loc 1 79 0
 170 0032 0120     		movs	r0, #1
 171 0034 FFF7FEFF 		bl	updateHitStatus
 172              	.LVL22:
 173              	.L8:
 174 0038 08BD     		pop	{r3, pc}
 175              		.cfi_endproc
 176              	.LFE66:
 177              		.size	handleByteReceived, .-handleByteReceived
 178 003a 00BF     		.section	.text.ISR_UART_rx_handler,"ax",%progbits
 179              		.align	2
 180              		.global	ISR_UART_rx_handler
 181              		.thumb
 182              		.thumb_func
 183              		.type	ISR_UART_rx_handler, %function
 184              	ISR_UART_rx_handler:
 185              	.LFB64:
  27:main.c        ****     uint8_t bytesToRead = UART_GetRxBufferSize();
 186              		.loc 1 27 0
 187              		.cfi_startproc
 188              		@ args = 0, pretend = 0, frame = 0
 189              		@ frame_needed = 0, uses_anonymous_args = 0
 190 0000 38B5     		push	{r3, r4, r5, lr}
 191              		.cfi_def_cfa_offset 16
 192              		.cfi_offset 3, -16
 193              		.cfi_offset 4, -12
 194              		.cfi_offset 5, -8
 195              		.cfi_offset 14, -4
  28:main.c        ****     while (bytesToRead > 0)
 196              		.loc 1 28 0
 197 0002 FFF7FEFF 		bl	UART_GetRxBufferSize
 198              	.LVL23:
 199 0006 0446     		mov	r4, r0
 200              	.LVL24:
  29:main.c        ****     {
 201              		.loc 1 29 0
 202 0008 09E0     		b	.L15
 203              	.L16:
ARM GAS  C:\Users\marti\AppData\Local\Temp\ccS1kUGj.s 			page 6


 204              	.LBB2:
  31:main.c        ****         UART_WriteTxData(byteReceived); // echo back
 205              		.loc 1 31 0
 206 000a FFF7FEFF 		bl	UART_ReadRxData
 207              	.LVL25:
 208 000e 0546     		mov	r5, r0
 209              	.LVL26:
  32:main.c        ****         
 210              		.loc 1 32 0
 211 0010 FFF7FEFF 		bl	UART_WriteTxData
 212              	.LVL27:
  34:main.c        ****         
 213              		.loc 1 34 0
 214 0014 2846     		mov	r0, r5
 215 0016 FFF7FEFF 		bl	handleByteReceived
 216              	.LVL28:
  36:main.c        ****     }
 217              		.loc 1 36 0
 218 001a 013C     		subs	r4, r4, #1
 219              	.LVL29:
 220 001c E4B2     		uxtb	r4, r4
 221              	.LVL30:
 222              	.L15:
 223              	.LBE2:
  29:main.c        ****     {
 224              		.loc 1 29 0
 225 001e 002C     		cmp	r4, #0
 226 0020 F3D1     		bne	.L16
  38:main.c        **** int main(void)
 227              		.loc 1 38 0
 228 0022 38BD     		pop	{r3, r4, r5, pc}
 229              		.cfi_endproc
 230              	.LFE64:
 231              		.size	ISR_UART_rx_handler, .-ISR_UART_rx_handler
 232              		.comm	currentState,1,1
 233              		.section	.rodata.str1.4,"aMS",%progbits,1
 234              		.align	2
 235              	.LC0:
 236 0000 50726F67 		.ascii	"Program started\012\015\000"
 236      72616D20 
 236      73746172 
 236      7465640A 
 236      0D00
 237              		.text
 238              	.Letext0:
 239              		.file 2 "c:\\program files (x86)\\cypress\\psoc creator\\4.2\\psoc creator\\import\\gnu\\arm\\5.4.
 240              		.file 3 "c:\\program files (x86)\\cypress\\psoc creator\\4.2\\psoc creator\\import\\gnu\\arm\\5.4.
 241              		.file 4 "Generated_Source\\PSoC5/core_cm3.h"
 242              		.file 5 "GameController.h"
 243              		.file 6 "Generated_Source\\PSoC5/Timer.h"
 244              		.file 7 "Generated_Source\\PSoC5/UART.h"
 245              		.file 8 "ShiftRegPWM.h"
 246              		.file 9 "Generated_Source\\PSoC5/isr_1.h"
 247              		.file 10 "RPI_IF.h"
 248              		.file 11 "Generated_Source\\PSoC5/CyLib.h"
 249              		.file 12 "Generated_Source\\PSoC5/isr.h"
 250              		.section	.debug_info,"",%progbits
ARM GAS  C:\Users\marti\AppData\Local\Temp\ccS1kUGj.s 			page 7


 251              	.Ldebug_info0:
 252 0000 8C030000 		.4byte	0x38c
 253 0004 0400     		.2byte	0x4
 254 0006 00000000 		.4byte	.Ldebug_abbrev0
 255 000a 04       		.byte	0x4
 256 000b 01       		.uleb128 0x1
 257 000c 40010000 		.4byte	.LASF45
 258 0010 0C       		.byte	0xc
 259 0011 C8020000 		.4byte	.LASF46
 260 0015 58000000 		.4byte	.LASF47
 261 0019 00000000 		.4byte	.Ldebug_ranges0+0
 262 001d 00000000 		.4byte	0
 263 0021 00000000 		.4byte	.Ldebug_line0
 264 0025 02       		.uleb128 0x2
 265 0026 01       		.byte	0x1
 266 0027 06       		.byte	0x6
 267 0028 35030000 		.4byte	.LASF0
 268 002c 03       		.uleb128 0x3
 269 002d 1C000000 		.4byte	.LASF4
 270 0031 02       		.byte	0x2
 271 0032 1D       		.byte	0x1d
 272 0033 37000000 		.4byte	0x37
 273 0037 02       		.uleb128 0x2
 274 0038 01       		.byte	0x1
 275 0039 08       		.byte	0x8
 276 003a 32010000 		.4byte	.LASF1
 277 003e 02       		.uleb128 0x2
 278 003f 02       		.byte	0x2
 279 0040 05       		.byte	0x5
 280 0041 E4020000 		.4byte	.LASF2
 281 0045 02       		.uleb128 0x2
 282 0046 02       		.byte	0x2
 283 0047 07       		.byte	0x7
 284 0048 F0000000 		.4byte	.LASF3
 285 004c 03       		.uleb128 0x3
 286 004d 4E000000 		.4byte	.LASF5
 287 0051 02       		.byte	0x2
 288 0052 3F       		.byte	0x3f
 289 0053 57000000 		.4byte	0x57
 290 0057 02       		.uleb128 0x2
 291 0058 04       		.byte	0x4
 292 0059 05       		.byte	0x5
 293 005a 20030000 		.4byte	.LASF6
 294 005e 02       		.uleb128 0x2
 295 005f 04       		.byte	0x4
 296 0060 07       		.byte	0x7
 297 0061 F2010000 		.4byte	.LASF7
 298 0065 02       		.uleb128 0x2
 299 0066 08       		.byte	0x8
 300 0067 05       		.byte	0x5
 301 0068 00000000 		.4byte	.LASF8
 302 006c 02       		.uleb128 0x2
 303 006d 08       		.byte	0x8
 304 006e 07       		.byte	0x7
 305 006f 61020000 		.4byte	.LASF9
 306 0073 04       		.uleb128 0x4
 307 0074 04       		.byte	0x4
ARM GAS  C:\Users\marti\AppData\Local\Temp\ccS1kUGj.s 			page 8


 308 0075 05       		.byte	0x5
 309 0076 696E7400 		.ascii	"int\000"
 310 007a 02       		.uleb128 0x2
 311 007b 04       		.byte	0x4
 312 007c 07       		.byte	0x7
 313 007d 54020000 		.4byte	.LASF10
 314 0081 03       		.uleb128 0x3
 315 0082 78020000 		.4byte	.LASF11
 316 0086 03       		.byte	0x3
 317 0087 18       		.byte	0x18
 318 0088 2C000000 		.4byte	0x2c
 319 008c 03       		.uleb128 0x3
 320 008d 90020000 		.4byte	.LASF12
 321 0091 03       		.byte	0x3
 322 0092 2C       		.byte	0x2c
 323 0093 4C000000 		.4byte	0x4c
 324 0097 02       		.uleb128 0x2
 325 0098 04       		.byte	0x4
 326 0099 04       		.byte	0x4
 327 009a 1F010000 		.4byte	.LASF13
 328 009e 02       		.uleb128 0x2
 329 009f 08       		.byte	0x8
 330 00a0 04       		.byte	0x4
 331 00a1 3C020000 		.4byte	.LASF14
 332 00a5 02       		.uleb128 0x2
 333 00a6 01       		.byte	0x1
 334 00a7 08       		.byte	0x8
 335 00a8 CF020000 		.4byte	.LASF15
 336 00ac 02       		.uleb128 0x2
 337 00ad 08       		.byte	0x8
 338 00ae 04       		.byte	0x4
 339 00af 29030000 		.4byte	.LASF16
 340 00b3 02       		.uleb128 0x2
 341 00b4 04       		.byte	0x4
 342 00b5 07       		.byte	0x7
 343 00b6 98020000 		.4byte	.LASF17
 344 00ba 05       		.uleb128 0x5
 345 00bb 33000000 		.4byte	.LASF48
 346 00bf 01       		.byte	0x1
 347 00c0 37000000 		.4byte	0x37
 348 00c4 05       		.byte	0x5
 349 00c5 13       		.byte	0x13
 350 00c6 E9000000 		.4byte	0xe9
 351 00ca 06       		.uleb128 0x6
 352 00cb 0E010000 		.4byte	.LASF18
 353 00cf 00       		.byte	0
 354 00d0 06       		.uleb128 0x6
 355 00d1 A1020000 		.4byte	.LASF19
 356 00d5 01       		.byte	0x1
 357 00d6 06       		.uleb128 0x6
 358 00d7 2F020000 		.4byte	.LASF20
 359 00db 02       		.byte	0x2
 360 00dc 07       		.uleb128 0x7
 361 00dd 574F4E00 		.ascii	"WON\000"
 362 00e1 03       		.byte	0x3
 363 00e2 06       		.uleb128 0x6
 364 00e3 37020000 		.4byte	.LASF21
ARM GAS  C:\Users\marti\AppData\Local\Temp\ccS1kUGj.s 			page 9


 365 00e7 04       		.byte	0x4
 366 00e8 00       		.byte	0
 367 00e9 08       		.uleb128 0x8
 368 00ea EE020000 		.4byte	.LASF22
 369 00ee 01       		.byte	0x1
 370 00ef 15       		.byte	0x15
 371 00f0 00000000 		.4byte	.LFB63
 372 00f4 0C000000 		.4byte	.LFE63-.LFB63
 373 00f8 01       		.uleb128 0x1
 374 00f9 9C       		.byte	0x9c
 375 00fa 11010000 		.4byte	0x111
 376 00fe 09       		.uleb128 0x9
 377 00ff 06000000 		.4byte	.LVL0
 378 0103 DF020000 		.4byte	0x2df
 379 0107 09       		.uleb128 0x9
 380 0108 0A000000 		.4byte	.LVL1
 381 010c EA020000 		.4byte	0x2ea
 382 0110 00       		.byte	0
 383 0111 0A       		.uleb128 0xa
 384 0112 43020000 		.4byte	.LASF49
 385 0116 01       		.byte	0x1
 386 0117 27       		.byte	0x27
 387 0118 73000000 		.4byte	0x73
 388 011c 00000000 		.4byte	.LFB65
 389 0120 40000000 		.4byte	.LFE65-.LFB65
 390 0124 01       		.uleb128 0x1
 391 0125 9C       		.byte	0x9c
 392 0126 B2010000 		.4byte	0x1b2
 393 012a 09       		.uleb128 0x9
 394 012b 08000000 		.4byte	.LVL2
 395 012f F5020000 		.4byte	0x2f5
 396 0133 0B       		.uleb128 0xb
 397 0134 0E000000 		.4byte	.LVL3
 398 0138 00030000 		.4byte	0x300
 399 013c 4A010000 		.4byte	0x14a
 400 0140 0C       		.uleb128 0xc
 401 0141 01       		.uleb128 0x1
 402 0142 50       		.byte	0x50
 403 0143 05       		.uleb128 0x5
 404 0144 03       		.byte	0x3
 405 0145 00000000 		.4byte	.LC0
 406 0149 00       		.byte	0
 407 014a 09       		.uleb128 0x9
 408 014b 12000000 		.4byte	.LVL4
 409 014f 0B030000 		.4byte	0x30b
 410 0153 0B       		.uleb128 0xb
 411 0154 18000000 		.4byte	.LVL5
 412 0158 16030000 		.4byte	0x316
 413 015c 6A010000 		.4byte	0x16a
 414 0160 0C       		.uleb128 0xc
 415 0161 01       		.uleb128 0x1
 416 0162 50       		.byte	0x50
 417 0163 05       		.uleb128 0x5
 418 0164 03       		.byte	0x3
 419 0165 00000000 		.4byte	ISR_UART_rx_handler
 420 0169 00       		.byte	0
 421 016a 09       		.uleb128 0x9
ARM GAS  C:\Users\marti\AppData\Local\Temp\ccS1kUGj.s 			page 10


 422 016b 1C000000 		.4byte	.LVL6
 423 016f 21030000 		.4byte	0x321
 424 0173 0B       		.uleb128 0xb
 425 0174 24000000 		.4byte	.LVL7
 426 0178 2C030000 		.4byte	0x32c
 427 017c 88010000 		.4byte	0x188
 428 0180 0C       		.uleb128 0xc
 429 0181 01       		.uleb128 0x1
 430 0182 50       		.byte	0x50
 431 0183 03       		.uleb128 0x3
 432 0184 0A       		.byte	0xa
 433 0185 D007     		.2byte	0x7d0
 434 0187 00       		.byte	0
 435 0188 0B       		.uleb128 0xb
 436 0189 2A000000 		.4byte	.LVL8
 437 018d 37030000 		.4byte	0x337
 438 0191 9F010000 		.4byte	0x19f
 439 0195 0C       		.uleb128 0xc
 440 0196 01       		.uleb128 0x1
 441 0197 50       		.byte	0x50
 442 0198 05       		.uleb128 0x5
 443 0199 03       		.byte	0x3
 444 019a 00000000 		.4byte	blinking_LED
 445 019e 00       		.byte	0
 446 019f 09       		.uleb128 0x9
 447 01a0 2E000000 		.4byte	.LVL9
 448 01a4 42030000 		.4byte	0x342
 449 01a8 09       		.uleb128 0x9
 450 01a9 32000000 		.4byte	.LVL10
 451 01ad 4D030000 		.4byte	0x34d
 452 01b1 00       		.byte	0
 453 01b2 08       		.uleb128 0x8
 454 01b3 04020000 		.4byte	.LASF23
 455 01b7 01       		.byte	0x1
 456 01b8 3C       		.byte	0x3c
 457 01b9 00000000 		.4byte	.LFB66
 458 01bd 3A000000 		.4byte	.LFE66-.LFB66
 459 01c1 01       		.uleb128 0x1
 460 01c2 9C       		.byte	0x9c
 461 01c3 45020000 		.4byte	0x245
 462 01c7 0D       		.uleb128 0xd
 463 01c8 25010000 		.4byte	.LASF26
 464 01cc 01       		.byte	0x1
 465 01cd 3C       		.byte	0x3c
 466 01ce 81000000 		.4byte	0x81
 467 01d2 00000000 		.4byte	.LLST0
 468 01d6 0B       		.uleb128 0xb
 469 01d7 16000000 		.4byte	.LVL13
 470 01db 58030000 		.4byte	0x358
 471 01df E9010000 		.4byte	0x1e9
 472 01e3 0C       		.uleb128 0xc
 473 01e4 01       		.uleb128 0x1
 474 01e5 50       		.byte	0x50
 475 01e6 01       		.uleb128 0x1
 476 01e7 30       		.byte	0x30
 477 01e8 00       		.byte	0
 478 01e9 0B       		.uleb128 0xb
ARM GAS  C:\Users\marti\AppData\Local\Temp\ccS1kUGj.s 			page 11


 479 01ea 1C000000 		.4byte	.LVL14
 480 01ee 63030000 		.4byte	0x363
 481 01f2 FC010000 		.4byte	0x1fc
 482 01f6 0C       		.uleb128 0xc
 483 01f7 01       		.uleb128 0x1
 484 01f8 50       		.byte	0x50
 485 01f9 01       		.uleb128 0x1
 486 01fa 30       		.byte	0x30
 487 01fb 00       		.byte	0
 488 01fc 0B       		.uleb128 0xb
 489 01fd 24000000 		.4byte	.LVL17
 490 0201 58030000 		.4byte	0x358
 491 0205 0F020000 		.4byte	0x20f
 492 0209 0C       		.uleb128 0xc
 493 020a 01       		.uleb128 0x1
 494 020b 50       		.byte	0x50
 495 020c 01       		.uleb128 0x1
 496 020d 31       		.byte	0x31
 497 020e 00       		.byte	0
 498 020f 0B       		.uleb128 0xb
 499 0210 2A000000 		.4byte	.LVL18
 500 0214 63030000 		.4byte	0x363
 501 0218 22020000 		.4byte	0x222
 502 021c 0C       		.uleb128 0xc
 503 021d 01       		.uleb128 0x1
 504 021e 50       		.byte	0x50
 505 021f 01       		.uleb128 0x1
 506 0220 30       		.byte	0x30
 507 0221 00       		.byte	0
 508 0222 0B       		.uleb128 0xb
 509 0223 32000000 		.4byte	.LVL21
 510 0227 58030000 		.4byte	0x358
 511 022b 35020000 		.4byte	0x235
 512 022f 0C       		.uleb128 0xc
 513 0230 01       		.uleb128 0x1
 514 0231 50       		.byte	0x50
 515 0232 01       		.uleb128 0x1
 516 0233 31       		.byte	0x31
 517 0234 00       		.byte	0
 518 0235 0E       		.uleb128 0xe
 519 0236 38000000 		.4byte	.LVL22
 520 023a 63030000 		.4byte	0x363
 521 023e 0C       		.uleb128 0xc
 522 023f 01       		.uleb128 0x1
 523 0240 50       		.byte	0x50
 524 0241 01       		.uleb128 0x1
 525 0242 31       		.byte	0x31
 526 0243 00       		.byte	0
 527 0244 00       		.byte	0
 528 0245 08       		.uleb128 0x8
 529 0246 DE010000 		.4byte	.LASF24
 530 024a 01       		.byte	0x1
 531 024b 1A       		.byte	0x1a
 532 024c 00000000 		.4byte	.LFB64
 533 0250 24000000 		.4byte	.LFE64-.LFB64
 534 0254 01       		.uleb128 0x1
 535 0255 9C       		.byte	0x9c
ARM GAS  C:\Users\marti\AppData\Local\Temp\ccS1kUGj.s 			page 12


 536 0256 BD020000 		.4byte	0x2bd
 537 025a 0F       		.uleb128 0xf
 538 025b 13010000 		.4byte	.LASF25
 539 025f 01       		.byte	0x1
 540 0260 1C       		.byte	0x1c
 541 0261 81000000 		.4byte	0x81
 542 0265 53000000 		.4byte	.LLST1
 543 0269 10       		.uleb128 0x10
 544 026a 0A000000 		.4byte	.LBB2
 545 026e 14000000 		.4byte	.LBE2-.LBB2
 546 0272 B3020000 		.4byte	0x2b3
 547 0276 0F       		.uleb128 0xf
 548 0277 25010000 		.4byte	.LASF26
 549 027b 01       		.byte	0x1
 550 027c 1F       		.byte	0x1f
 551 027d 81000000 		.4byte	0x81
 552 0281 71000000 		.4byte	.LLST2
 553 0285 09       		.uleb128 0x9
 554 0286 0E000000 		.4byte	.LVL25
 555 028a 6E030000 		.4byte	0x36e
 556 028e 0B       		.uleb128 0xb
 557 028f 14000000 		.4byte	.LVL27
 558 0293 79030000 		.4byte	0x379
 559 0297 A2020000 		.4byte	0x2a2
 560 029b 0C       		.uleb128 0xc
 561 029c 01       		.uleb128 0x1
 562 029d 50       		.byte	0x50
 563 029e 02       		.uleb128 0x2
 564 029f 75       		.byte	0x75
 565 02a0 00       		.sleb128 0
 566 02a1 00       		.byte	0
 567 02a2 0E       		.uleb128 0xe
 568 02a3 1A000000 		.4byte	.LVL28
 569 02a7 B2010000 		.4byte	0x1b2
 570 02ab 0C       		.uleb128 0xc
 571 02ac 01       		.uleb128 0x1
 572 02ad 50       		.byte	0x50
 573 02ae 02       		.uleb128 0x2
 574 02af 75       		.byte	0x75
 575 02b0 00       		.sleb128 0
 576 02b1 00       		.byte	0
 577 02b2 00       		.byte	0
 578 02b3 09       		.uleb128 0x9
 579 02b4 06000000 		.4byte	.LVL23
 580 02b8 84030000 		.4byte	0x384
 581 02bc 00       		.byte	0
 582 02bd 11       		.uleb128 0x11
 583 02be 22020000 		.4byte	.LASF27
 584 02c2 04       		.byte	0x4
 585 02c3 1207     		.2byte	0x712
 586 02c5 C9020000 		.4byte	0x2c9
 587 02c9 12       		.uleb128 0x12
 588 02ca 8C000000 		.4byte	0x8c
 589 02ce 13       		.uleb128 0x13
 590 02cf 26000000 		.4byte	.LASF28
 591 02d3 05       		.byte	0x5
 592 02d4 13       		.byte	0x13
ARM GAS  C:\Users\marti\AppData\Local\Temp\ccS1kUGj.s 			page 13


 593 02d5 BA000000 		.4byte	0xba
 594 02d9 05       		.uleb128 0x5
 595 02da 03       		.byte	0x3
 596 02db 00000000 		.4byte	currentState
 597 02df 14       		.uleb128 0x14
 598 02e0 D7000000 		.4byte	.LASF29
 599 02e4 D7000000 		.4byte	.LASF29
 600 02e8 06       		.byte	0x6
 601 02e9 5E       		.byte	0x5e
 602 02ea 14       		.uleb128 0x14
 603 02eb 0E000000 		.4byte	.LASF30
 604 02ef 0E000000 		.4byte	.LASF30
 605 02f3 05       		.byte	0x5
 606 02f4 20       		.byte	0x20
 607 02f5 14       		.uleb128 0x14
 608 02f6 17020000 		.4byte	.LASF31
 609 02fa 17020000 		.4byte	.LASF31
 610 02fe 07       		.byte	0x7
 611 02ff 54       		.byte	0x54
 612 0300 14       		.uleb128 0x14
 613 0301 41030000 		.4byte	.LASF32
 614 0305 41030000 		.4byte	.LASF32
 615 0309 07       		.byte	0x7
 616 030a 8B       		.byte	0x8b
 617 030b 14       		.uleb128 0x14
 618 030c D4020000 		.4byte	.LASF33
 619 0310 D4020000 		.4byte	.LASF33
 620 0314 08       		.byte	0x8
 621 0315 1C       		.byte	0x1c
 622 0316 14       		.uleb128 0x14
 623 0317 50030000 		.4byte	.LASF34
 624 031b 50030000 		.4byte	.LASF34
 625 031f 09       		.byte	0x9
 626 0320 18       		.byte	0x18
 627 0321 14       		.uleb128 0x14
 628 0322 BC020000 		.4byte	.LASF35
 629 0326 BC020000 		.4byte	.LASF35
 630 032a 0A       		.byte	0xa
 631 032b 13       		.byte	0x13
 632 032c 14       		.uleb128 0x14
 633 032d 5E030000 		.4byte	.LASF36
 634 0331 5E030000 		.4byte	.LASF36
 635 0335 0B       		.byte	0xb
 636 0336 76       		.byte	0x76
 637 0337 14       		.uleb128 0x14
 638 0338 48020000 		.4byte	.LASF37
 639 033c 48020000 		.4byte	.LASF37
 640 0340 0C       		.byte	0xc
 641 0341 18       		.byte	0x18
 642 0342 14       		.uleb128 0x14
 643 0343 AA020000 		.4byte	.LASF38
 644 0347 AA020000 		.4byte	.LASF38
 645 034b 0A       		.byte	0xa
 646 034c 19       		.byte	0x19
 647 034d 14       		.uleb128 0x14
 648 034e 03010000 		.4byte	.LASF39
 649 0352 03010000 		.4byte	.LASF39
ARM GAS  C:\Users\marti\AppData\Local\Temp\ccS1kUGj.s 			page 14


 650 0356 05       		.byte	0x5
 651 0357 1E       		.byte	0x1e
 652 0358 14       		.uleb128 0x14
 653 0359 FB020000 		.4byte	.LASF40
 654 035d FB020000 		.4byte	.LASF40
 655 0361 05       		.byte	0x5
 656 0362 19       		.byte	0x19
 657 0363 14       		.uleb128 0x14
 658 0364 CE010000 		.4byte	.LASF41
 659 0368 CE010000 		.4byte	.LASF41
 660 036c 05       		.byte	0x5
 661 036d 1A       		.byte	0x1a
 662 036e 14       		.uleb128 0x14
 663 036f 80020000 		.4byte	.LASF42
 664 0373 80020000 		.4byte	.LASF42
 665 0377 07       		.byte	0x7
 666 0378 6F       		.byte	0x6f
 667 0379 14       		.uleb128 0x14
 668 037a 3D000000 		.4byte	.LASF43
 669 037e 3D000000 		.4byte	.LASF43
 670 0382 07       		.byte	0x7
 671 0383 88       		.byte	0x88
 672 0384 14       		.uleb128 0x14
 673 0385 0B030000 		.4byte	.LASF44
 674 0389 0B030000 		.4byte	.LASF44
 675 038d 07       		.byte	0x7
 676 038e 73       		.byte	0x73
 677 038f 00       		.byte	0
 678              		.section	.debug_abbrev,"",%progbits
 679              	.Ldebug_abbrev0:
 680 0000 01       		.uleb128 0x1
 681 0001 11       		.uleb128 0x11
 682 0002 01       		.byte	0x1
 683 0003 25       		.uleb128 0x25
 684 0004 0E       		.uleb128 0xe
 685 0005 13       		.uleb128 0x13
 686 0006 0B       		.uleb128 0xb
 687 0007 03       		.uleb128 0x3
 688 0008 0E       		.uleb128 0xe
 689 0009 1B       		.uleb128 0x1b
 690 000a 0E       		.uleb128 0xe
 691 000b 55       		.uleb128 0x55
 692 000c 17       		.uleb128 0x17
 693 000d 11       		.uleb128 0x11
 694 000e 01       		.uleb128 0x1
 695 000f 10       		.uleb128 0x10
 696 0010 17       		.uleb128 0x17
 697 0011 00       		.byte	0
 698 0012 00       		.byte	0
 699 0013 02       		.uleb128 0x2
 700 0014 24       		.uleb128 0x24
 701 0015 00       		.byte	0
 702 0016 0B       		.uleb128 0xb
 703 0017 0B       		.uleb128 0xb
 704 0018 3E       		.uleb128 0x3e
 705 0019 0B       		.uleb128 0xb
 706 001a 03       		.uleb128 0x3
ARM GAS  C:\Users\marti\AppData\Local\Temp\ccS1kUGj.s 			page 15


 707 001b 0E       		.uleb128 0xe
 708 001c 00       		.byte	0
 709 001d 00       		.byte	0
 710 001e 03       		.uleb128 0x3
 711 001f 16       		.uleb128 0x16
 712 0020 00       		.byte	0
 713 0021 03       		.uleb128 0x3
 714 0022 0E       		.uleb128 0xe
 715 0023 3A       		.uleb128 0x3a
 716 0024 0B       		.uleb128 0xb
 717 0025 3B       		.uleb128 0x3b
 718 0026 0B       		.uleb128 0xb
 719 0027 49       		.uleb128 0x49
 720 0028 13       		.uleb128 0x13
 721 0029 00       		.byte	0
 722 002a 00       		.byte	0
 723 002b 04       		.uleb128 0x4
 724 002c 24       		.uleb128 0x24
 725 002d 00       		.byte	0
 726 002e 0B       		.uleb128 0xb
 727 002f 0B       		.uleb128 0xb
 728 0030 3E       		.uleb128 0x3e
 729 0031 0B       		.uleb128 0xb
 730 0032 03       		.uleb128 0x3
 731 0033 08       		.uleb128 0x8
 732 0034 00       		.byte	0
 733 0035 00       		.byte	0
 734 0036 05       		.uleb128 0x5
 735 0037 04       		.uleb128 0x4
 736 0038 01       		.byte	0x1
 737 0039 03       		.uleb128 0x3
 738 003a 0E       		.uleb128 0xe
 739 003b 0B       		.uleb128 0xb
 740 003c 0B       		.uleb128 0xb
 741 003d 49       		.uleb128 0x49
 742 003e 13       		.uleb128 0x13
 743 003f 3A       		.uleb128 0x3a
 744 0040 0B       		.uleb128 0xb
 745 0041 3B       		.uleb128 0x3b
 746 0042 0B       		.uleb128 0xb
 747 0043 01       		.uleb128 0x1
 748 0044 13       		.uleb128 0x13
 749 0045 00       		.byte	0
 750 0046 00       		.byte	0
 751 0047 06       		.uleb128 0x6
 752 0048 28       		.uleb128 0x28
 753 0049 00       		.byte	0
 754 004a 03       		.uleb128 0x3
 755 004b 0E       		.uleb128 0xe
 756 004c 1C       		.uleb128 0x1c
 757 004d 0B       		.uleb128 0xb
 758 004e 00       		.byte	0
 759 004f 00       		.byte	0
 760 0050 07       		.uleb128 0x7
 761 0051 28       		.uleb128 0x28
 762 0052 00       		.byte	0
 763 0053 03       		.uleb128 0x3
ARM GAS  C:\Users\marti\AppData\Local\Temp\ccS1kUGj.s 			page 16


 764 0054 08       		.uleb128 0x8
 765 0055 1C       		.uleb128 0x1c
 766 0056 0B       		.uleb128 0xb
 767 0057 00       		.byte	0
 768 0058 00       		.byte	0
 769 0059 08       		.uleb128 0x8
 770 005a 2E       		.uleb128 0x2e
 771 005b 01       		.byte	0x1
 772 005c 3F       		.uleb128 0x3f
 773 005d 19       		.uleb128 0x19
 774 005e 03       		.uleb128 0x3
 775 005f 0E       		.uleb128 0xe
 776 0060 3A       		.uleb128 0x3a
 777 0061 0B       		.uleb128 0xb
 778 0062 3B       		.uleb128 0x3b
 779 0063 0B       		.uleb128 0xb
 780 0064 27       		.uleb128 0x27
 781 0065 19       		.uleb128 0x19
 782 0066 11       		.uleb128 0x11
 783 0067 01       		.uleb128 0x1
 784 0068 12       		.uleb128 0x12
 785 0069 06       		.uleb128 0x6
 786 006a 40       		.uleb128 0x40
 787 006b 18       		.uleb128 0x18
 788 006c 9742     		.uleb128 0x2117
 789 006e 19       		.uleb128 0x19
 790 006f 01       		.uleb128 0x1
 791 0070 13       		.uleb128 0x13
 792 0071 00       		.byte	0
 793 0072 00       		.byte	0
 794 0073 09       		.uleb128 0x9
 795 0074 898201   		.uleb128 0x4109
 796 0077 00       		.byte	0
 797 0078 11       		.uleb128 0x11
 798 0079 01       		.uleb128 0x1
 799 007a 31       		.uleb128 0x31
 800 007b 13       		.uleb128 0x13
 801 007c 00       		.byte	0
 802 007d 00       		.byte	0
 803 007e 0A       		.uleb128 0xa
 804 007f 2E       		.uleb128 0x2e
 805 0080 01       		.byte	0x1
 806 0081 3F       		.uleb128 0x3f
 807 0082 19       		.uleb128 0x19
 808 0083 03       		.uleb128 0x3
 809 0084 0E       		.uleb128 0xe
 810 0085 3A       		.uleb128 0x3a
 811 0086 0B       		.uleb128 0xb
 812 0087 3B       		.uleb128 0x3b
 813 0088 0B       		.uleb128 0xb
 814 0089 27       		.uleb128 0x27
 815 008a 19       		.uleb128 0x19
 816 008b 49       		.uleb128 0x49
 817 008c 13       		.uleb128 0x13
 818 008d 8701     		.uleb128 0x87
 819 008f 19       		.uleb128 0x19
 820 0090 11       		.uleb128 0x11
ARM GAS  C:\Users\marti\AppData\Local\Temp\ccS1kUGj.s 			page 17


 821 0091 01       		.uleb128 0x1
 822 0092 12       		.uleb128 0x12
 823 0093 06       		.uleb128 0x6
 824 0094 40       		.uleb128 0x40
 825 0095 18       		.uleb128 0x18
 826 0096 9742     		.uleb128 0x2117
 827 0098 19       		.uleb128 0x19
 828 0099 01       		.uleb128 0x1
 829 009a 13       		.uleb128 0x13
 830 009b 00       		.byte	0
 831 009c 00       		.byte	0
 832 009d 0B       		.uleb128 0xb
 833 009e 898201   		.uleb128 0x4109
 834 00a1 01       		.byte	0x1
 835 00a2 11       		.uleb128 0x11
 836 00a3 01       		.uleb128 0x1
 837 00a4 31       		.uleb128 0x31
 838 00a5 13       		.uleb128 0x13
 839 00a6 01       		.uleb128 0x1
 840 00a7 13       		.uleb128 0x13
 841 00a8 00       		.byte	0
 842 00a9 00       		.byte	0
 843 00aa 0C       		.uleb128 0xc
 844 00ab 8A8201   		.uleb128 0x410a
 845 00ae 00       		.byte	0
 846 00af 02       		.uleb128 0x2
 847 00b0 18       		.uleb128 0x18
 848 00b1 9142     		.uleb128 0x2111
 849 00b3 18       		.uleb128 0x18
 850 00b4 00       		.byte	0
 851 00b5 00       		.byte	0
 852 00b6 0D       		.uleb128 0xd
 853 00b7 05       		.uleb128 0x5
 854 00b8 00       		.byte	0
 855 00b9 03       		.uleb128 0x3
 856 00ba 0E       		.uleb128 0xe
 857 00bb 3A       		.uleb128 0x3a
 858 00bc 0B       		.uleb128 0xb
 859 00bd 3B       		.uleb128 0x3b
 860 00be 0B       		.uleb128 0xb
 861 00bf 49       		.uleb128 0x49
 862 00c0 13       		.uleb128 0x13
 863 00c1 02       		.uleb128 0x2
 864 00c2 17       		.uleb128 0x17
 865 00c3 00       		.byte	0
 866 00c4 00       		.byte	0
 867 00c5 0E       		.uleb128 0xe
 868 00c6 898201   		.uleb128 0x4109
 869 00c9 01       		.byte	0x1
 870 00ca 11       		.uleb128 0x11
 871 00cb 01       		.uleb128 0x1
 872 00cc 31       		.uleb128 0x31
 873 00cd 13       		.uleb128 0x13
 874 00ce 00       		.byte	0
 875 00cf 00       		.byte	0
 876 00d0 0F       		.uleb128 0xf
 877 00d1 34       		.uleb128 0x34
ARM GAS  C:\Users\marti\AppData\Local\Temp\ccS1kUGj.s 			page 18


 878 00d2 00       		.byte	0
 879 00d3 03       		.uleb128 0x3
 880 00d4 0E       		.uleb128 0xe
 881 00d5 3A       		.uleb128 0x3a
 882 00d6 0B       		.uleb128 0xb
 883 00d7 3B       		.uleb128 0x3b
 884 00d8 0B       		.uleb128 0xb
 885 00d9 49       		.uleb128 0x49
 886 00da 13       		.uleb128 0x13
 887 00db 02       		.uleb128 0x2
 888 00dc 17       		.uleb128 0x17
 889 00dd 00       		.byte	0
 890 00de 00       		.byte	0
 891 00df 10       		.uleb128 0x10
 892 00e0 0B       		.uleb128 0xb
 893 00e1 01       		.byte	0x1
 894 00e2 11       		.uleb128 0x11
 895 00e3 01       		.uleb128 0x1
 896 00e4 12       		.uleb128 0x12
 897 00e5 06       		.uleb128 0x6
 898 00e6 01       		.uleb128 0x1
 899 00e7 13       		.uleb128 0x13
 900 00e8 00       		.byte	0
 901 00e9 00       		.byte	0
 902 00ea 11       		.uleb128 0x11
 903 00eb 34       		.uleb128 0x34
 904 00ec 00       		.byte	0
 905 00ed 03       		.uleb128 0x3
 906 00ee 0E       		.uleb128 0xe
 907 00ef 3A       		.uleb128 0x3a
 908 00f0 0B       		.uleb128 0xb
 909 00f1 3B       		.uleb128 0x3b
 910 00f2 05       		.uleb128 0x5
 911 00f3 49       		.uleb128 0x49
 912 00f4 13       		.uleb128 0x13
 913 00f5 3F       		.uleb128 0x3f
 914 00f6 19       		.uleb128 0x19
 915 00f7 3C       		.uleb128 0x3c
 916 00f8 19       		.uleb128 0x19
 917 00f9 00       		.byte	0
 918 00fa 00       		.byte	0
 919 00fb 12       		.uleb128 0x12
 920 00fc 35       		.uleb128 0x35
 921 00fd 00       		.byte	0
 922 00fe 49       		.uleb128 0x49
 923 00ff 13       		.uleb128 0x13
 924 0100 00       		.byte	0
 925 0101 00       		.byte	0
 926 0102 13       		.uleb128 0x13
 927 0103 34       		.uleb128 0x34
 928 0104 00       		.byte	0
 929 0105 03       		.uleb128 0x3
 930 0106 0E       		.uleb128 0xe
 931 0107 3A       		.uleb128 0x3a
 932 0108 0B       		.uleb128 0xb
 933 0109 3B       		.uleb128 0x3b
 934 010a 0B       		.uleb128 0xb
ARM GAS  C:\Users\marti\AppData\Local\Temp\ccS1kUGj.s 			page 19


 935 010b 49       		.uleb128 0x49
 936 010c 13       		.uleb128 0x13
 937 010d 3F       		.uleb128 0x3f
 938 010e 19       		.uleb128 0x19
 939 010f 02       		.uleb128 0x2
 940 0110 18       		.uleb128 0x18
 941 0111 00       		.byte	0
 942 0112 00       		.byte	0
 943 0113 14       		.uleb128 0x14
 944 0114 2E       		.uleb128 0x2e
 945 0115 00       		.byte	0
 946 0116 3F       		.uleb128 0x3f
 947 0117 19       		.uleb128 0x19
 948 0118 3C       		.uleb128 0x3c
 949 0119 19       		.uleb128 0x19
 950 011a 6E       		.uleb128 0x6e
 951 011b 0E       		.uleb128 0xe
 952 011c 03       		.uleb128 0x3
 953 011d 0E       		.uleb128 0xe
 954 011e 3A       		.uleb128 0x3a
 955 011f 0B       		.uleb128 0xb
 956 0120 3B       		.uleb128 0x3b
 957 0121 0B       		.uleb128 0xb
 958 0122 00       		.byte	0
 959 0123 00       		.byte	0
 960 0124 00       		.byte	0
 961              		.section	.debug_loc,"",%progbits
 962              	.Ldebug_loc0:
 963              	.LLST0:
 964 0000 00000000 		.4byte	.LVL11
 965 0004 12000000 		.4byte	.LVL12
 966 0008 0100     		.2byte	0x1
 967 000a 50       		.byte	0x50
 968 000b 12000000 		.4byte	.LVL12
 969 000f 1E000000 		.4byte	.LVL15
 970 0013 0400     		.2byte	0x4
 971 0015 F3       		.byte	0xf3
 972 0016 01       		.uleb128 0x1
 973 0017 50       		.byte	0x50
 974 0018 9F       		.byte	0x9f
 975 0019 1E000000 		.4byte	.LVL15
 976 001d 20000000 		.4byte	.LVL16
 977 0021 0100     		.2byte	0x1
 978 0023 50       		.byte	0x50
 979 0024 20000000 		.4byte	.LVL16
 980 0028 2C000000 		.4byte	.LVL19
 981 002c 0400     		.2byte	0x4
 982 002e F3       		.byte	0xf3
 983 002f 01       		.uleb128 0x1
 984 0030 50       		.byte	0x50
 985 0031 9F       		.byte	0x9f
 986 0032 2C000000 		.4byte	.LVL19
 987 0036 2E000000 		.4byte	.LVL20
 988 003a 0100     		.2byte	0x1
 989 003c 50       		.byte	0x50
 990 003d 2E000000 		.4byte	.LVL20
 991 0041 3A000000 		.4byte	.LFE66
ARM GAS  C:\Users\marti\AppData\Local\Temp\ccS1kUGj.s 			page 20


 992 0045 0400     		.2byte	0x4
 993 0047 F3       		.byte	0xf3
 994 0048 01       		.uleb128 0x1
 995 0049 50       		.byte	0x50
 996 004a 9F       		.byte	0x9f
 997 004b 00000000 		.4byte	0
 998 004f 00000000 		.4byte	0
 999              	.LLST1:
 1000 0053 08000000 		.4byte	.LVL24
 1001 0057 1C000000 		.4byte	.LVL29
 1002 005b 0100     		.2byte	0x1
 1003 005d 54       		.byte	0x54
 1004 005e 1E000000 		.4byte	.LVL30
 1005 0062 24000000 		.4byte	.LFE64
 1006 0066 0100     		.2byte	0x1
 1007 0068 54       		.byte	0x54
 1008 0069 00000000 		.4byte	0
 1009 006d 00000000 		.4byte	0
 1010              	.LLST2:
 1011 0071 10000000 		.4byte	.LVL26
 1012 0075 1E000000 		.4byte	.LVL30
 1013 0079 0100     		.2byte	0x1
 1014 007b 55       		.byte	0x55
 1015 007c 00000000 		.4byte	0
 1016 0080 00000000 		.4byte	0
 1017              		.section	.debug_aranges,"",%progbits
 1018 0000 34000000 		.4byte	0x34
 1019 0004 0200     		.2byte	0x2
 1020 0006 00000000 		.4byte	.Ldebug_info0
 1021 000a 04       		.byte	0x4
 1022 000b 00       		.byte	0
 1023 000c 0000     		.2byte	0
 1024 000e 0000     		.2byte	0
 1025 0010 00000000 		.4byte	.LFB63
 1026 0014 0C000000 		.4byte	.LFE63-.LFB63
 1027 0018 00000000 		.4byte	.LFB65
 1028 001c 40000000 		.4byte	.LFE65-.LFB65
 1029 0020 00000000 		.4byte	.LFB66
 1030 0024 3A000000 		.4byte	.LFE66-.LFB66
 1031 0028 00000000 		.4byte	.LFB64
 1032 002c 24000000 		.4byte	.LFE64-.LFB64
 1033 0030 00000000 		.4byte	0
 1034 0034 00000000 		.4byte	0
 1035              		.section	.debug_ranges,"",%progbits
 1036              	.Ldebug_ranges0:
 1037 0000 00000000 		.4byte	.LFB63
 1038 0004 0C000000 		.4byte	.LFE63
 1039 0008 00000000 		.4byte	.LFB65
 1040 000c 40000000 		.4byte	.LFE65
 1041 0010 00000000 		.4byte	.LFB66
 1042 0014 3A000000 		.4byte	.LFE66
 1043 0018 00000000 		.4byte	.LFB64
 1044 001c 24000000 		.4byte	.LFE64
 1045 0020 00000000 		.4byte	0
 1046 0024 00000000 		.4byte	0
 1047              		.section	.debug_line,"",%progbits
 1048              	.Ldebug_line0:
ARM GAS  C:\Users\marti\AppData\Local\Temp\ccS1kUGj.s 			page 21


 1049 0000 0F020000 		.section	.debug_str,"MS",%progbits,1
 1049      0200A401 
 1049      00000201 
 1049      FB0E0D00 
 1049      01010101 
 1050              	.LASF8:
 1051 0000 6C6F6E67 		.ascii	"long long int\000"
 1051      206C6F6E 
 1051      6720696E 
 1051      7400
 1052              	.LASF30:
 1053 000e 496E7465 		.ascii	"Interrupt_LED\000"
 1053      72727570 
 1053      745F4C45 
 1053      4400
 1054              	.LASF4:
 1055 001c 5F5F7569 		.ascii	"__uint8_t\000"
 1055      6E74385F 
 1055      7400
 1056              	.LASF28:
 1057 0026 63757272 		.ascii	"currentState\000"
 1057      656E7453 
 1057      74617465 
 1057      00
 1058              	.LASF48:
 1059 0033 47616D65 		.ascii	"GameState\000"
 1059      53746174 
 1059      6500
 1060              	.LASF43:
 1061 003d 55415254 		.ascii	"UART_WriteTxData\000"
 1061      5F577269 
 1061      74655478 
 1061      44617461 
 1061      00
 1062              	.LASF5:
 1063 004e 5F5F696E 		.ascii	"__int32_t\000"
 1063      7433325F 
 1063      7400
 1064              	.LASF47:
 1065 0058 433A5C55 		.ascii	"C:\\Users\\marti\\OneDrive\\Dokumenter\\3 semester "
 1065      73657273 
 1065      5C6D6172 
 1065      74695C4F 
 1065      6E654472 
 1066 0086 7265706F 		.ascii	"repos\\player_side_app\\integration\\integration\\i"
 1066      735C706C 
 1066      61796572 
 1066      5F736964 
 1066      655F6170 
 1067 00b5 6E746567 		.ascii	"ntegration_controller-light.cydsn\000"
 1067      72617469 
 1067      6F6E5F63 
 1067      6F6E7472 
 1067      6F6C6C65 
 1068              	.LASF29:
 1069 00d7 54696D65 		.ascii	"Timer_ReadStatusRegister\000"
 1069      725F5265 
ARM GAS  C:\Users\marti\AppData\Local\Temp\ccS1kUGj.s 			page 22


 1069      61645374 
 1069      61747573 
 1069      52656769 
 1070              	.LASF3:
 1071 00f0 73686F72 		.ascii	"short unsigned int\000"
 1071      7420756E 
 1071      7369676E 
 1071      65642069 
 1071      6E7400
 1072              	.LASF39:
 1073 0103 436F6E74 		.ascii	"Controller\000"
 1073      726F6C6C 
 1073      657200
 1074              	.LASF18:
 1075 010e 49444C45 		.ascii	"IDLE\000"
 1075      00
 1076              	.LASF25:
 1077 0113 62797465 		.ascii	"bytesToRead\000"
 1077      73546F52 
 1077      65616400 
 1078              	.LASF13:
 1079 011f 666C6F61 		.ascii	"float\000"
 1079      7400
 1080              	.LASF26:
 1081 0125 62797465 		.ascii	"byteReceived\000"
 1081      52656365 
 1081      69766564 
 1081      00
 1082              	.LASF1:
 1083 0132 756E7369 		.ascii	"unsigned char\000"
 1083      676E6564 
 1083      20636861 
 1083      7200
 1084              	.LASF45:
 1085 0140 474E5520 		.ascii	"GNU C11 5.4.1 20160609 (release) [ARM/embedded-5-br"
 1085      43313120 
 1085      352E342E 
 1085      31203230 
 1085      31363036 
 1086 0173 616E6368 		.ascii	"anch revision 237715] -mcpu=cortex-m3 -mthumb -g -O"
 1086      20726576 
 1086      6973696F 
 1086      6E203233 
 1086      37373135 
 1087 01a6 67202D66 		.ascii	"g -ffunction-sections -ffat-lto-objects\000"
 1087      66756E63 
 1087      74696F6E 
 1087      2D736563 
 1087      74696F6E 
 1088              	.LASF41:
 1089 01ce 75706461 		.ascii	"updateHitStatus\000"
 1089      74654869 
 1089      74537461 
 1089      74757300 
 1090              	.LASF24:
 1091 01de 4953525F 		.ascii	"ISR_UART_rx_handler\000"
 1091      55415254 
ARM GAS  C:\Users\marti\AppData\Local\Temp\ccS1kUGj.s 			page 23


 1091      5F72785F 
 1091      68616E64 
 1091      6C657200 
 1092              	.LASF7:
 1093 01f2 6C6F6E67 		.ascii	"long unsigned int\000"
 1093      20756E73 
 1093      69676E65 
 1093      6420696E 
 1093      7400
 1094              	.LASF23:
 1095 0204 68616E64 		.ascii	"handleByteReceived\000"
 1095      6C654279 
 1095      74655265 
 1095      63656976 
 1095      656400
 1096              	.LASF31:
 1097 0217 55415254 		.ascii	"UART_Start\000"
 1097      5F537461 
 1097      727400
 1098              	.LASF27:
 1099 0222 49544D5F 		.ascii	"ITM_RxBuffer\000"
 1099      52784275 
 1099      66666572 
 1099      00
 1100              	.LASF20:
 1101 022f 504C4159 		.ascii	"PLAYING\000"
 1101      494E4700 
 1102              	.LASF21:
 1103 0237 4C4F5354 		.ascii	"LOST\000"
 1103      00
 1104              	.LASF14:
 1105 023c 646F7562 		.ascii	"double\000"
 1105      6C6500
 1106              	.LASF49:
 1107 0243 6D61696E 		.ascii	"main\000"
 1107      00
 1108              	.LASF37:
 1109 0248 6973725F 		.ascii	"isr_StartEx\000"
 1109      53746172 
 1109      74457800 
 1110              	.LASF10:
 1111 0254 756E7369 		.ascii	"unsigned int\000"
 1111      676E6564 
 1111      20696E74 
 1111      00
 1112              	.LASF9:
 1113 0261 6C6F6E67 		.ascii	"long long unsigned int\000"
 1113      206C6F6E 
 1113      6720756E 
 1113      7369676E 
 1113      65642069 
 1114              	.LASF11:
 1115 0278 75696E74 		.ascii	"uint8_t\000"
 1115      385F7400 
 1116              	.LASF42:
 1117 0280 55415254 		.ascii	"UART_ReadRxData\000"
 1117      5F526561 
ARM GAS  C:\Users\marti\AppData\Local\Temp\ccS1kUGj.s 			page 24


 1117      64527844 
 1117      61746100 
 1118              	.LASF12:
 1119 0290 696E7433 		.ascii	"int32_t\000"
 1119      325F7400 
 1120              	.LASF17:
 1121 0298 73697A65 		.ascii	"sizetype\000"
 1121      74797065 
 1121      00
 1122              	.LASF19:
 1123 02a1 53544152 		.ascii	"STARTING\000"
 1123      54494E47 
 1123      00
 1124              	.LASF38:
 1125 02aa 5250695F 		.ascii	"RPi_IF_handleData\000"
 1125      49465F68 
 1125      616E646C 
 1125      65446174 
 1125      6100
 1126              	.LASF35:
 1127 02bc 5250495F 		.ascii	"RPI_IF_init\000"
 1127      49465F69 
 1127      6E697400 
 1128              	.LASF46:
 1129 02c8 6D61696E 		.ascii	"main.c\000"
 1129      2E6300
 1130              	.LASF15:
 1131 02cf 63686172 		.ascii	"char\000"
 1131      00
 1132              	.LASF33:
 1133 02d4 696E6974 		.ascii	"initShiftRegPWM\000"
 1133      53686966 
 1133      74526567 
 1133      50574D00 
 1134              	.LASF2:
 1135 02e4 73686F72 		.ascii	"short int\000"
 1135      7420696E 
 1135      7400
 1136              	.LASF22:
 1137 02ee 626C696E 		.ascii	"blinking_LED\000"
 1137      6B696E67 
 1137      5F4C4544 
 1137      00
 1138              	.LASF40:
 1139 02fb 75706461 		.ascii	"updateCupStatus\000"
 1139      74654375 
 1139      70537461 
 1139      74757300 
 1140              	.LASF44:
 1141 030b 55415254 		.ascii	"UART_GetRxBufferSize\000"
 1141      5F476574 
 1141      52784275 
 1141      66666572 
 1141      53697A65 
 1142              	.LASF6:
 1143 0320 6C6F6E67 		.ascii	"long int\000"
 1143      20696E74 
ARM GAS  C:\Users\marti\AppData\Local\Temp\ccS1kUGj.s 			page 25


 1143      00
 1144              	.LASF16:
 1145 0329 6C6F6E67 		.ascii	"long double\000"
 1145      20646F75 
 1145      626C6500 
 1146              	.LASF0:
 1147 0335 7369676E 		.ascii	"signed char\000"
 1147      65642063 
 1147      68617200 
 1148              	.LASF32:
 1149 0341 55415254 		.ascii	"UART_PutString\000"
 1149      5F507574 
 1149      53747269 
 1149      6E6700
 1150              	.LASF34:
 1151 0350 6973725F 		.ascii	"isr_1_StartEx\000"
 1151      315F5374 
 1151      61727445 
 1151      7800
 1152              	.LASF36:
 1153 035e 43794465 		.ascii	"CyDelay\000"
 1153      6C617900 
 1154              		.ident	"GCC: (GNU Tools for ARM Embedded Processors) 5.4.1 20160609 (release) [ARM/embedded-5-bran
