ARM GAS  C:\Users\marti\AppData\Local\Temp\ccbrWpyB.s 			page 1


   1              		.syntax unified
   2              		.cpu cortex-m3
   3              		.fpu softvfp
   4              		.eabi_attribute 20, 1
   5              		.eabi_attribute 21, 1
   6              		.eabi_attribute 23, 3
   7              		.eabi_attribute 24, 1
   8              		.eabi_attribute 25, 1
   9              		.eabi_attribute 26, 1
  10              		.eabi_attribute 30, 1
  11              		.eabi_attribute 34, 1
  12              		.eabi_attribute 18, 4
  13              		.thumb
  14              		.syntax unified
  15              		.file	"ShiftRegPWM.c"
  16              		.text
  17              	.Ltext0:
  18              		.cfi_sections	.debug_frame
  19              		.section	.text.initShiftRegPWM,"ax",%progbits
  20              		.align	2
  21              		.global	initShiftRegPWM
  22              		.thumb
  23              		.thumb_func
  24              		.type	initShiftRegPWM, %function
  25              	initShiftRegPWM:
  26              	.LFB63:
  27              		.file 1 "ShiftRegPWM.c"
   1:ShiftRegPWM.c **** /* ========================================
   2:ShiftRegPWM.c ****  *
   3:ShiftRegPWM.c ****  * Copyright YOUR COMPANY, THE YEAR
   4:ShiftRegPWM.c ****  * All Rights Reserved
   5:ShiftRegPWM.c ****  * UNPUBLISHED, LICENSED SOFTWARE.
   6:ShiftRegPWM.c ****  *
   7:ShiftRegPWM.c ****  * CONFIDENTIAL AND PROPRIETARY INFORMATION
   8:ShiftRegPWM.c ****  * WHICH IS THE PROPERTY OF your company.
   9:ShiftRegPWM.c ****  *
  10:ShiftRegPWM.c ****  * ========================================
  11:ShiftRegPWM.c **** */
  12:ShiftRegPWM.c **** #include "ShiftRegPWM.h"
  13:ShiftRegPWM.c **** 
  14:ShiftRegPWM.c **** volatile uint8_t time = 0;
  15:ShiftRegPWM.c **** volatile uint8_t shiftRegData[RESOLUTION*SHIFT_REGISTERS] = {0};
  16:ShiftRegPWM.c **** 
  17:ShiftRegPWM.c **** void initShiftRegPWM()
  18:ShiftRegPWM.c **** {
  28              		.loc 1 18 0
  29              		.cfi_startproc
  30              		@ args = 0, pretend = 0, frame = 0
  31              		@ frame_needed = 0, uses_anonymous_args = 0
  32 0000 08B5     		push	{r3, lr}
  33              		.cfi_def_cfa_offset 8
  34              		.cfi_offset 3, -8
  35              		.cfi_offset 14, -4
  19:ShiftRegPWM.c ****     isr_update_leds_StartEx(updater_handler);
  36              		.loc 1 19 0
  37 0002 0448     		ldr	r0, .L3
  38 0004 FFF7FEFF 		bl	isr_update_leds_StartEx
ARM GAS  C:\Users\marti\AppData\Local\Temp\ccbrWpyB.s 			page 2


  39              	.LVL0:
  20:ShiftRegPWM.c ****     SPIM_led_control_Start();
  40              		.loc 1 20 0
  41 0008 FFF7FEFF 		bl	SPIM_led_control_Start
  42              	.LVL1:
  21:ShiftRegPWM.c ****     Timer_led_updater_Start();
  43              		.loc 1 21 0
  44 000c FFF7FEFF 		bl	Timer_led_updater_Start
  45              	.LVL2:
  46 0010 08BD     		pop	{r3, pc}
  47              	.L4:
  48 0012 00BF     		.align	2
  49              	.L3:
  50 0014 00000000 		.word	updater_handler
  51              		.cfi_endproc
  52              	.LFE63:
  53              		.size	initShiftRegPWM, .-initShiftRegPWM
  54              		.global	__aeabi_i2d
  55              		.global	__aeabi_ddiv
  56              		.global	__aeabi_dmul
  57              		.global	__aeabi_d2uiz
  58              		.section	.text.setPin,"ax",%progbits
  59              		.align	2
  60              		.global	setPin
  61              		.thumb
  62              		.thumb_func
  63              		.type	setPin, %function
  64              	setPin:
  65              	.LFB64:
  22:ShiftRegPWM.c **** }
  23:ShiftRegPWM.c **** 
  24:ShiftRegPWM.c **** void setPin(uint8_t pin, uint8_t value)
  25:ShiftRegPWM.c **** {
  66              		.loc 1 25 0
  67              		.cfi_startproc
  68              		@ args = 0, pretend = 0, frame = 0
  69              		@ frame_needed = 0, uses_anonymous_args = 0
  70              	.LVL3:
  71 0000 F8B5     		push	{r3, r4, r5, r6, r7, lr}
  72              		.cfi_def_cfa_offset 24
  73              		.cfi_offset 3, -24
  74              		.cfi_offset 4, -20
  75              		.cfi_offset 5, -16
  76              		.cfi_offset 6, -12
  77              		.cfi_offset 7, -8
  78              		.cfi_offset 14, -4
  79 0002 0546     		mov	r5, r0
  26:ShiftRegPWM.c ****     value = (uint8_t) (value / 255.0 * RESOLUTION); //Scale value
  80              		.loc 1 26 0
  81 0004 0846     		mov	r0, r1
  82              	.LVL4:
  83 0006 FFF7FEFF 		bl	__aeabi_i2d
  84              	.LVL5:
  85 000a 15A3     		adr	r3, .L9
  86 000c D3E90023 		ldrd	r2, [r3]
  87 0010 FFF7FEFF 		bl	__aeabi_ddiv
  88              	.LVL6:
ARM GAS  C:\Users\marti\AppData\Local\Temp\ccbrWpyB.s 			page 3


  89 0014 12A3     		adr	r3, .L9
  90 0016 D3E90023 		ldrd	r2, [r3]
  91 001a FFF7FEFF 		bl	__aeabi_dmul
  92              	.LVL7:
  93 001e FFF7FEFF 		bl	__aeabi_d2uiz
  94              	.LVL8:
  95 0022 C0B2     		uxtb	r0, r0
  96              	.LVL9:
  27:ShiftRegPWM.c ****     uint8_t shiftRegister = pin / 8; //8 pins per shift register
  97              		.loc 1 27 0
  98 0024 4FEAD50E 		lsr	lr, r5, #3
  99              	.LVL10:
 100              	.LBB2:
  28:ShiftRegPWM.c ****     for (int t = 0; t < RESOLUTION; ++t)
 101              		.loc 1 28 0
 102 0028 0024     		movs	r4, #0
 103 002a 15E0     		b	.L6
 104              	.LVL11:
 105              	.L7:
  29:ShiftRegPWM.c ****     {
  30:ShiftRegPWM.c ****       // set (pin % 8)th bit to (value > t)
  31:ShiftRegPWM.c ****       shiftRegData[t + shiftRegister * RESOLUTION] ^= (-(value > t) ^ shiftRegData[t + shiftRegiste
 106              		.loc 1 31 0 discriminator 3
 107 002c 8442     		cmp	r4, r0
 108 002e 4FF0FF33 		mov	r3, #-1
 109 0032 A8BF     		it	ge
 110 0034 0023     		movge	r3, #0
 111 0036 CEEB0E21 		rsb	r1, lr, lr, lsl #8
 112 003a 2144     		add	r1, r1, r4
 113 003c 0A4E     		ldr	r6, .L9+8
 114 003e 775C     		ldrb	r7, [r6, r1]	@ zero_extendqisi2
 115 0040 5F40     		eors	r7, r7, r3
 116 0042 05F00703 		and	r3, r5, #7
 117 0046 0122     		movs	r2, #1
 118 0048 02FA03F3 		lsl	r3, r2, r3
 119 004c 3B40     		ands	r3, r3, r7
 120 004e 725C     		ldrb	r2, [r6, r1]	@ zero_extendqisi2
 121 0050 5340     		eors	r3, r3, r2
 122 0052 DBB2     		uxtb	r3, r3
 123 0054 7354     		strb	r3, [r6, r1]
  28:ShiftRegPWM.c ****     for (int t = 0; t < RESOLUTION; ++t)
 124              		.loc 1 28 0 discriminator 3
 125 0056 0134     		adds	r4, r4, #1
 126              	.LVL12:
 127              	.L6:
  28:ShiftRegPWM.c ****     for (int t = 0; t < RESOLUTION; ++t)
 128              		.loc 1 28 0 is_stmt 0 discriminator 1
 129 0058 FE2C     		cmp	r4, #254
 130 005a E7DD     		ble	.L7
 131              	.LBE2:
  32:ShiftRegPWM.c ****     }
  33:ShiftRegPWM.c **** }
 132              		.loc 1 33 0 is_stmt 1
 133 005c F8BD     		pop	{r3, r4, r5, r6, r7, pc}
 134              	.LVL13:
 135              	.L10:
 136 005e 00BF     		.align	3
ARM GAS  C:\Users\marti\AppData\Local\Temp\ccbrWpyB.s 			page 4


 137              	.L9:
 138 0060 00000000 		.word	0
 139 0064 00E06F40 		.word	1081073664
 140 0068 00000000 		.word	.LANCHOR0
 141              		.cfi_endproc
 142              	.LFE64:
 143              		.size	setPin, .-setPin
 144              		.section	.text.toggleLatchShiftReg,"ax",%progbits
 145              		.align	2
 146              		.global	toggleLatchShiftReg
 147              		.thumb
 148              		.thumb_func
 149              		.type	toggleLatchShiftReg, %function
 150              	toggleLatchShiftReg:
 151              	.LFB67:
  34:ShiftRegPWM.c **** 
  35:ShiftRegPWM.c **** CY_ISR(updater_handler)
  36:ShiftRegPWM.c **** {
  37:ShiftRegPWM.c ****     update();
  38:ShiftRegPWM.c **** }                   
  39:ShiftRegPWM.c **** 
  40:ShiftRegPWM.c **** void update()
  41:ShiftRegPWM.c **** {
  42:ShiftRegPWM.c ****     for (int i = SHIFT_REGISTERS - 1; i >= 0; i--)
  43:ShiftRegPWM.c ****     {
  44:ShiftRegPWM.c ****       SPIM_led_control_WriteTxData(shiftRegData[time + i * RESOLUTION]);
  45:ShiftRegPWM.c ****     }
  46:ShiftRegPWM.c ****     toggleLatchShiftReg();
  47:ShiftRegPWM.c ****     
  48:ShiftRegPWM.c ****     if (++time == RESOLUTION) {
  49:ShiftRegPWM.c ****       time = 0;
  50:ShiftRegPWM.c ****     }
  51:ShiftRegPWM.c ****     Timer_led_updater_ReadStatusRegister();
  52:ShiftRegPWM.c **** }
  53:ShiftRegPWM.c **** 
  54:ShiftRegPWM.c **** void toggleLatchShiftReg()
  55:ShiftRegPWM.c **** {
 152              		.loc 1 55 0
 153              		.cfi_startproc
 154              		@ args = 0, pretend = 0, frame = 0
 155              		@ frame_needed = 0, uses_anonymous_args = 0
 156 0000 08B5     		push	{r3, lr}
 157              		.cfi_def_cfa_offset 8
 158              		.cfi_offset 3, -8
 159              		.cfi_offset 14, -4
  56:ShiftRegPWM.c ****     Pin_latch_Write(0);
 160              		.loc 1 56 0
 161 0002 0020     		movs	r0, #0
 162 0004 FFF7FEFF 		bl	Pin_latch_Write
 163              	.LVL14:
  57:ShiftRegPWM.c ****     Pin_latch_Write(1);
 164              		.loc 1 57 0
 165 0008 0120     		movs	r0, #1
 166 000a FFF7FEFF 		bl	Pin_latch_Write
 167              	.LVL15:
 168 000e 08BD     		pop	{r3, pc}
 169              		.cfi_endproc
ARM GAS  C:\Users\marti\AppData\Local\Temp\ccbrWpyB.s 			page 5


 170              	.LFE67:
 171              		.size	toggleLatchShiftReg, .-toggleLatchShiftReg
 172              		.section	.text.update,"ax",%progbits
 173              		.align	2
 174              		.global	update
 175              		.thumb
 176              		.thumb_func
 177              		.type	update, %function
 178              	update:
 179              	.LFB66:
  41:ShiftRegPWM.c ****     for (int i = SHIFT_REGISTERS - 1; i >= 0; i--)
 180              		.loc 1 41 0
 181              		.cfi_startproc
 182              		@ args = 0, pretend = 0, frame = 0
 183              		@ frame_needed = 0, uses_anonymous_args = 0
 184 0000 10B5     		push	{r4, lr}
 185              		.cfi_def_cfa_offset 8
 186              		.cfi_offset 4, -8
 187              		.cfi_offset 14, -4
 188              	.LVL16:
 189              	.LBB3:
  42:ShiftRegPWM.c ****     {
 190              		.loc 1 42 0
 191 0002 0024     		movs	r4, #0
 192 0004 09E0     		b	.L14
 193              	.LVL17:
 194              	.L15:
  44:ShiftRegPWM.c ****     }
 195              		.loc 1 44 0 discriminator 3
 196 0006 0F4A     		ldr	r2, .L18
 197 0008 92F8FF10 		ldrb	r1, [r2, #255]	@ zero_extendqisi2
 198 000c C4EB0423 		rsb	r3, r4, r4, lsl #8
 199 0010 0B44     		add	r3, r3, r1
 200 0012 D05C     		ldrb	r0, [r2, r3]	@ zero_extendqisi2
 201 0014 FFF7FEFF 		bl	SPIM_led_control_WriteTxData
 202              	.LVL18:
  42:ShiftRegPWM.c ****     {
 203              		.loc 1 42 0 discriminator 3
 204 0018 013C     		subs	r4, r4, #1
 205              	.LVL19:
 206              	.L14:
  42:ShiftRegPWM.c ****     {
 207              		.loc 1 42 0 is_stmt 0 discriminator 1
 208 001a 002C     		cmp	r4, #0
 209 001c F3DA     		bge	.L15
 210              	.LBE3:
  46:ShiftRegPWM.c ****     
 211              		.loc 1 46 0 is_stmt 1
 212 001e FFF7FEFF 		bl	toggleLatchShiftReg
 213              	.LVL20:
  48:ShiftRegPWM.c ****       time = 0;
 214              		.loc 1 48 0
 215 0022 084A     		ldr	r2, .L18
 216 0024 92F8FF30 		ldrb	r3, [r2, #255]	@ zero_extendqisi2
 217 0028 0133     		adds	r3, r3, #1
 218 002a DBB2     		uxtb	r3, r3
 219 002c 82F8FF30 		strb	r3, [r2, #255]
ARM GAS  C:\Users\marti\AppData\Local\Temp\ccbrWpyB.s 			page 6


 220 0030 FF2B     		cmp	r3, #255
 221 0032 03D1     		bne	.L16
  49:ShiftRegPWM.c ****     }
 222              		.loc 1 49 0
 223 0034 0022     		movs	r2, #0
 224 0036 034B     		ldr	r3, .L18
 225 0038 83F8FF20 		strb	r2, [r3, #255]
 226              	.L16:
  51:ShiftRegPWM.c **** }
 227              		.loc 1 51 0
 228 003c FFF7FEFF 		bl	Timer_led_updater_ReadStatusRegister
 229              	.LVL21:
 230 0040 10BD     		pop	{r4, pc}
 231              	.LVL22:
 232              	.L19:
 233 0042 00BF     		.align	2
 234              	.L18:
 235 0044 00000000 		.word	.LANCHOR0
 236              		.cfi_endproc
 237              	.LFE66:
 238              		.size	update, .-update
 239              		.section	.text.updater_handler,"ax",%progbits
 240              		.align	2
 241              		.global	updater_handler
 242              		.thumb
 243              		.thumb_func
 244              		.type	updater_handler, %function
 245              	updater_handler:
 246              	.LFB65:
  36:ShiftRegPWM.c ****     update();
 247              		.loc 1 36 0
 248              		.cfi_startproc
 249              		@ args = 0, pretend = 0, frame = 0
 250              		@ frame_needed = 0, uses_anonymous_args = 0
 251 0000 08B5     		push	{r3, lr}
 252              		.cfi_def_cfa_offset 8
 253              		.cfi_offset 3, -8
 254              		.cfi_offset 14, -4
  37:ShiftRegPWM.c **** }                   
 255              		.loc 1 37 0
 256 0002 FFF7FEFF 		bl	update
 257              	.LVL23:
 258 0006 08BD     		pop	{r3, pc}
 259              		.cfi_endproc
 260              	.LFE65:
 261              		.size	updater_handler, .-updater_handler
 262              		.global	shiftRegData
 263              		.global	time
 264              		.bss
 265              		.align	2
 266              		.set	.LANCHOR0,. + 0
 267              		.type	shiftRegData, %object
 268              		.size	shiftRegData, 255
 269              	shiftRegData:
 270 0000 00000000 		.space	255
 270      00000000 
 270      00000000 
ARM GAS  C:\Users\marti\AppData\Local\Temp\ccbrWpyB.s 			page 7


 270      00000000 
 270      00000000 
 271              		.type	time, %object
 272              		.size	time, 1
 273              	time:
 274 00ff 00       		.space	1
 275              		.text
 276              	.Letext0:
 277              		.file 2 "c:\\program files (x86)\\cypress\\psoc creator\\4.2\\psoc creator\\import\\gnu\\arm\\5.4.
 278              		.file 3 "c:\\program files (x86)\\cypress\\psoc creator\\4.2\\psoc creator\\import\\gnu\\arm\\5.4.
 279              		.file 4 "Generated_Source\\PSoC5/core_cm3.h"
 280              		.file 5 "Generated_Source\\PSoC5/isr_update_leds.h"
 281              		.file 6 "Generated_Source\\PSoC5/SPIM_led_control.h"
 282              		.file 7 "Generated_Source\\PSoC5/Timer_led_updater.h"
 283              		.file 8 "Generated_Source\\PSoC5/Pin_latch.h"
 284              		.section	.debug_info,"",%progbits
 285              	.Ldebug_info0:
 286 0000 80020000 		.4byte	0x280
 287 0004 0400     		.2byte	0x4
 288 0006 00000000 		.4byte	.Ldebug_abbrev0
 289 000a 04       		.byte	0x4
 290 000b 01       		.uleb128 0x1
 291 000c F1000000 		.4byte	.LASF34
 292 0010 0C       		.byte	0xc
 293 0011 00000000 		.4byte	.LASF35
 294 0015 40000000 		.4byte	.LASF36
 295 0019 00000000 		.4byte	.Ldebug_ranges0+0
 296 001d 00000000 		.4byte	0
 297 0021 00000000 		.4byte	.Ldebug_line0
 298 0025 02       		.uleb128 0x2
 299 0026 01       		.byte	0x1
 300 0027 06       		.byte	0x6
 301 0028 EC020000 		.4byte	.LASF0
 302 002c 03       		.uleb128 0x3
 303 002d 26000000 		.4byte	.LASF4
 304 0031 02       		.byte	0x2
 305 0032 1D       		.byte	0x1d
 306 0033 37000000 		.4byte	0x37
 307 0037 02       		.uleb128 0x2
 308 0038 01       		.byte	0x1
 309 0039 08       		.byte	0x8
 310 003a E3000000 		.4byte	.LASF1
 311 003e 02       		.uleb128 0x2
 312 003f 02       		.byte	0x2
 313 0040 05       		.byte	0x5
 314 0041 CD020000 		.4byte	.LASF2
 315 0045 02       		.uleb128 0x2
 316 0046 02       		.byte	0x2
 317 0047 07       		.byte	0x7
 318 0048 A1010000 		.4byte	.LASF3
 319 004c 03       		.uleb128 0x3
 320 004d 36000000 		.4byte	.LASF5
 321 0051 02       		.byte	0x2
 322 0052 3F       		.byte	0x3f
 323 0053 57000000 		.4byte	0x57
 324 0057 02       		.uleb128 0x2
 325 0058 04       		.byte	0x4
ARM GAS  C:\Users\marti\AppData\Local\Temp\ccbrWpyB.s 			page 8


 326 0059 05       		.byte	0x5
 327 005a D7020000 		.4byte	.LASF6
 328 005e 02       		.uleb128 0x2
 329 005f 04       		.byte	0x4
 330 0060 07       		.byte	0x7
 331 0061 8F010000 		.4byte	.LASF7
 332 0065 02       		.uleb128 0x2
 333 0066 08       		.byte	0x8
 334 0067 05       		.byte	0x5
 335 0068 69020000 		.4byte	.LASF8
 336 006c 02       		.uleb128 0x2
 337 006d 08       		.byte	0x8
 338 006e 07       		.byte	0x7
 339 006f 20020000 		.4byte	.LASF9
 340 0073 04       		.uleb128 0x4
 341 0074 04       		.byte	0x4
 342 0075 05       		.byte	0x5
 343 0076 696E7400 		.ascii	"int\000"
 344 007a 02       		.uleb128 0x2
 345 007b 04       		.byte	0x4
 346 007c 07       		.byte	0x7
 347 007d FB010000 		.4byte	.LASF10
 348 0081 03       		.uleb128 0x3
 349 0082 37020000 		.4byte	.LASF11
 350 0086 03       		.byte	0x3
 351 0087 18       		.byte	0x18
 352 0088 2C000000 		.4byte	0x2c
 353 008c 03       		.uleb128 0x3
 354 008d 44020000 		.4byte	.LASF12
 355 0091 03       		.byte	0x3
 356 0092 2C       		.byte	0x2c
 357 0093 4C000000 		.4byte	0x4c
 358 0097 02       		.uleb128 0x2
 359 0098 04       		.byte	0x4
 360 0099 04       		.byte	0x4
 361 009a C6000000 		.4byte	.LASF13
 362 009e 02       		.uleb128 0x2
 363 009f 08       		.byte	0x8
 364 00a0 04       		.byte	0x4
 365 00a1 CF010000 		.4byte	.LASF14
 366 00a5 02       		.uleb128 0x2
 367 00a6 01       		.byte	0x1
 368 00a7 08       		.byte	0x8
 369 00a8 77020000 		.4byte	.LASF15
 370 00ac 02       		.uleb128 0x2
 371 00ad 08       		.byte	0x8
 372 00ae 04       		.byte	0x4
 373 00af E0020000 		.4byte	.LASF16
 374 00b3 02       		.uleb128 0x2
 375 00b4 04       		.byte	0x4
 376 00b5 07       		.byte	0x7
 377 00b6 4C020000 		.4byte	.LASF17
 378 00ba 05       		.uleb128 0x5
 379 00bb 81000000 		.4byte	0x81
 380 00bf 06       		.uleb128 0x6
 381 00c0 A0020000 		.4byte	.LASF20
 382 00c4 01       		.byte	0x1
ARM GAS  C:\Users\marti\AppData\Local\Temp\ccbrWpyB.s 			page 9


 383 00c5 11       		.byte	0x11
 384 00c6 00000000 		.4byte	.LFB63
 385 00ca 18000000 		.4byte	.LFE63-.LFB63
 386 00ce 01       		.uleb128 0x1
 387 00cf 9C       		.byte	0x9c
 388 00d0 FE000000 		.4byte	0xfe
 389 00d4 07       		.uleb128 0x7
 390 00d5 08000000 		.4byte	.LVL0
 391 00d9 41020000 		.4byte	0x241
 392 00dd EB000000 		.4byte	0xeb
 393 00e1 08       		.uleb128 0x8
 394 00e2 01       		.uleb128 0x1
 395 00e3 50       		.byte	0x50
 396 00e4 05       		.uleb128 0x5
 397 00e5 03       		.byte	0x3
 398 00e6 00000000 		.4byte	updater_handler
 399 00ea 00       		.byte	0
 400 00eb 09       		.uleb128 0x9
 401 00ec 0C000000 		.4byte	.LVL1
 402 00f0 4C020000 		.4byte	0x24c
 403 00f4 09       		.uleb128 0x9
 404 00f5 10000000 		.4byte	.LVL2
 405 00f9 57020000 		.4byte	0x257
 406 00fd 00       		.byte	0
 407 00fe 0A       		.uleb128 0xa
 408 00ff 7C020000 		.4byte	.LASF23
 409 0103 01       		.byte	0x1
 410 0104 18       		.byte	0x18
 411 0105 00000000 		.4byte	.LFB64
 412 0109 6C000000 		.4byte	.LFE64-.LFB64
 413 010d 01       		.uleb128 0x1
 414 010e 9C       		.byte	0x9c
 415 010f 56010000 		.4byte	0x156
 416 0113 0B       		.uleb128 0xb
 417 0114 70696E00 		.ascii	"pin\000"
 418 0118 01       		.byte	0x1
 419 0119 18       		.byte	0x18
 420 011a 81000000 		.4byte	0x81
 421 011e 00000000 		.4byte	.LLST0
 422 0122 0C       		.uleb128 0xc
 423 0123 30000000 		.4byte	.LASF18
 424 0127 01       		.byte	0x1
 425 0128 18       		.byte	0x18
 426 0129 81000000 		.4byte	0x81
 427 012d 21000000 		.4byte	.LLST1
 428 0131 0D       		.uleb128 0xd
 429 0132 B4010000 		.4byte	.LASF19
 430 0136 01       		.byte	0x1
 431 0137 1B       		.byte	0x1b
 432 0138 81000000 		.4byte	0x81
 433 013c 01       		.uleb128 0x1
 434 013d 5E       		.byte	0x5e
 435 013e 0E       		.uleb128 0xe
 436 013f 28000000 		.4byte	.LBB2
 437 0143 34000000 		.4byte	.LBE2-.LBB2
 438 0147 0F       		.uleb128 0xf
 439 0148 7400     		.ascii	"t\000"
ARM GAS  C:\Users\marti\AppData\Local\Temp\ccbrWpyB.s 			page 10


 440 014a 01       		.byte	0x1
 441 014b 1C       		.byte	0x1c
 442 014c 73000000 		.4byte	0x73
 443 0150 4D000000 		.4byte	.LLST2
 444 0154 00       		.byte	0
 445 0155 00       		.byte	0
 446 0156 06       		.uleb128 0x6
 447 0157 55020000 		.4byte	.LASF21
 448 015b 01       		.byte	0x1
 449 015c 36       		.byte	0x36
 450 015d 00000000 		.4byte	.LFB67
 451 0161 10000000 		.4byte	.LFE67-.LFB67
 452 0165 01       		.uleb128 0x1
 453 0166 9C       		.byte	0x9c
 454 0167 8E010000 		.4byte	0x18e
 455 016b 07       		.uleb128 0x7
 456 016c 08000000 		.4byte	.LVL14
 457 0170 62020000 		.4byte	0x262
 458 0174 7E010000 		.4byte	0x17e
 459 0178 08       		.uleb128 0x8
 460 0179 01       		.uleb128 0x1
 461 017a 50       		.byte	0x50
 462 017b 01       		.uleb128 0x1
 463 017c 30       		.byte	0x30
 464 017d 00       		.byte	0
 465 017e 10       		.uleb128 0x10
 466 017f 0E000000 		.4byte	.LVL15
 467 0183 62020000 		.4byte	0x262
 468 0187 08       		.uleb128 0x8
 469 0188 01       		.uleb128 0x1
 470 0189 50       		.byte	0x50
 471 018a 01       		.uleb128 0x1
 472 018b 31       		.byte	0x31
 473 018c 00       		.byte	0
 474 018d 00       		.byte	0
 475 018e 06       		.uleb128 0x6
 476 018f BF000000 		.4byte	.LASF22
 477 0193 01       		.byte	0x1
 478 0194 28       		.byte	0x28
 479 0195 00000000 		.4byte	.LFB66
 480 0199 48000000 		.4byte	.LFE66-.LFB66
 481 019d 01       		.uleb128 0x1
 482 019e 9C       		.byte	0x9c
 483 019f DA010000 		.4byte	0x1da
 484 01a3 11       		.uleb128 0x11
 485 01a4 02000000 		.4byte	.LBB3
 486 01a8 1C000000 		.4byte	.LBE3-.LBB3
 487 01ac C7010000 		.4byte	0x1c7
 488 01b0 0F       		.uleb128 0xf
 489 01b1 6900     		.ascii	"i\000"
 490 01b3 01       		.byte	0x1
 491 01b4 2A       		.byte	0x2a
 492 01b5 73000000 		.4byte	0x73
 493 01b9 6C000000 		.4byte	.LLST3
 494 01bd 09       		.uleb128 0x9
 495 01be 18000000 		.4byte	.LVL18
 496 01c2 6D020000 		.4byte	0x26d
ARM GAS  C:\Users\marti\AppData\Local\Temp\ccbrWpyB.s 			page 11


 497 01c6 00       		.byte	0
 498 01c7 09       		.uleb128 0x9
 499 01c8 22000000 		.4byte	.LVL20
 500 01cc 56010000 		.4byte	0x156
 501 01d0 09       		.uleb128 0x9
 502 01d1 40000000 		.4byte	.LVL21
 503 01d5 78020000 		.4byte	0x278
 504 01d9 00       		.byte	0
 505 01da 12       		.uleb128 0x12
 506 01db BD020000 		.4byte	.LASF24
 507 01df 01       		.byte	0x1
 508 01e0 23       		.byte	0x23
 509 01e1 00000000 		.4byte	.LFB65
 510 01e5 08000000 		.4byte	.LFE65-.LFB65
 511 01e9 01       		.uleb128 0x1
 512 01ea 9C       		.byte	0x9c
 513 01eb F9010000 		.4byte	0x1f9
 514 01ef 09       		.uleb128 0x9
 515 01f0 06000000 		.4byte	.LVL23
 516 01f4 8E010000 		.4byte	0x18e
 517 01f8 00       		.byte	0
 518 01f9 13       		.uleb128 0x13
 519 01fa B0020000 		.4byte	.LASF25
 520 01fe 04       		.byte	0x4
 521 01ff 1207     		.2byte	0x712
 522 0201 05020000 		.4byte	0x205
 523 0205 05       		.uleb128 0x5
 524 0206 8C000000 		.4byte	0x8c
 525 020a 14       		.uleb128 0x14
 526 020b 3F020000 		.4byte	.LASF26
 527 020f 01       		.byte	0x1
 528 0210 0E       		.byte	0xe
 529 0211 BA000000 		.4byte	0xba
 530 0215 05       		.uleb128 0x5
 531 0216 03       		.byte	0x3
 532 0217 00000000 		.4byte	time
 533 021b 15       		.uleb128 0x15
 534 021c BA000000 		.4byte	0xba
 535 0220 2B020000 		.4byte	0x22b
 536 0224 16       		.uleb128 0x16
 537 0225 B3000000 		.4byte	0xb3
 538 0229 FE       		.byte	0xfe
 539 022a 00       		.byte	0
 540 022b 14       		.uleb128 0x14
 541 022c C2010000 		.4byte	.LASF27
 542 0230 01       		.byte	0x1
 543 0231 0F       		.byte	0xf
 544 0232 3C020000 		.4byte	0x23c
 545 0236 05       		.uleb128 0x5
 546 0237 03       		.byte	0x3
 547 0238 00000000 		.4byte	shiftRegData
 548 023c 05       		.uleb128 0x5
 549 023d 1B020000 		.4byte	0x21b
 550 0241 17       		.uleb128 0x17
 551 0242 0E000000 		.4byte	.LASF28
 552 0246 0E000000 		.4byte	.LASF28
 553 024a 05       		.byte	0x5
ARM GAS  C:\Users\marti\AppData\Local\Temp\ccbrWpyB.s 			page 12


 554 024b 18       		.byte	0x18
 555 024c 17       		.uleb128 0x17
 556 024d CC000000 		.4byte	.LASF29
 557 0251 CC000000 		.4byte	.LASF29
 558 0255 06       		.byte	0x6
 559 0256 4D       		.byte	0x4d
 560 0257 17       		.uleb128 0x17
 561 0258 08020000 		.4byte	.LASF30
 562 025c 08020000 		.4byte	.LASF30
 563 0260 07       		.byte	0x7
 564 0261 5A       		.byte	0x5a
 565 0262 17       		.uleb128 0x17
 566 0263 7F010000 		.4byte	.LASF31
 567 0267 7F010000 		.4byte	.LASF31
 568 026b 08       		.byte	0x8
 569 026c 26       		.byte	0x26
 570 026d 17       		.uleb128 0x17
 571 026e 83020000 		.4byte	.LASF32
 572 0272 83020000 		.4byte	.LASF32
 573 0276 06       		.byte	0x6
 574 0277 5E       		.byte	0x5e
 575 0278 17       		.uleb128 0x17
 576 0279 D6010000 		.4byte	.LASF33
 577 027d D6010000 		.4byte	.LASF33
 578 0281 07       		.byte	0x7
 579 0282 5E       		.byte	0x5e
 580 0283 00       		.byte	0
 581              		.section	.debug_abbrev,"",%progbits
 582              	.Ldebug_abbrev0:
 583 0000 01       		.uleb128 0x1
 584 0001 11       		.uleb128 0x11
 585 0002 01       		.byte	0x1
 586 0003 25       		.uleb128 0x25
 587 0004 0E       		.uleb128 0xe
 588 0005 13       		.uleb128 0x13
 589 0006 0B       		.uleb128 0xb
 590 0007 03       		.uleb128 0x3
 591 0008 0E       		.uleb128 0xe
 592 0009 1B       		.uleb128 0x1b
 593 000a 0E       		.uleb128 0xe
 594 000b 55       		.uleb128 0x55
 595 000c 17       		.uleb128 0x17
 596 000d 11       		.uleb128 0x11
 597 000e 01       		.uleb128 0x1
 598 000f 10       		.uleb128 0x10
 599 0010 17       		.uleb128 0x17
 600 0011 00       		.byte	0
 601 0012 00       		.byte	0
 602 0013 02       		.uleb128 0x2
 603 0014 24       		.uleb128 0x24
 604 0015 00       		.byte	0
 605 0016 0B       		.uleb128 0xb
 606 0017 0B       		.uleb128 0xb
 607 0018 3E       		.uleb128 0x3e
 608 0019 0B       		.uleb128 0xb
 609 001a 03       		.uleb128 0x3
 610 001b 0E       		.uleb128 0xe
ARM GAS  C:\Users\marti\AppData\Local\Temp\ccbrWpyB.s 			page 13


 611 001c 00       		.byte	0
 612 001d 00       		.byte	0
 613 001e 03       		.uleb128 0x3
 614 001f 16       		.uleb128 0x16
 615 0020 00       		.byte	0
 616 0021 03       		.uleb128 0x3
 617 0022 0E       		.uleb128 0xe
 618 0023 3A       		.uleb128 0x3a
 619 0024 0B       		.uleb128 0xb
 620 0025 3B       		.uleb128 0x3b
 621 0026 0B       		.uleb128 0xb
 622 0027 49       		.uleb128 0x49
 623 0028 13       		.uleb128 0x13
 624 0029 00       		.byte	0
 625 002a 00       		.byte	0
 626 002b 04       		.uleb128 0x4
 627 002c 24       		.uleb128 0x24
 628 002d 00       		.byte	0
 629 002e 0B       		.uleb128 0xb
 630 002f 0B       		.uleb128 0xb
 631 0030 3E       		.uleb128 0x3e
 632 0031 0B       		.uleb128 0xb
 633 0032 03       		.uleb128 0x3
 634 0033 08       		.uleb128 0x8
 635 0034 00       		.byte	0
 636 0035 00       		.byte	0
 637 0036 05       		.uleb128 0x5
 638 0037 35       		.uleb128 0x35
 639 0038 00       		.byte	0
 640 0039 49       		.uleb128 0x49
 641 003a 13       		.uleb128 0x13
 642 003b 00       		.byte	0
 643 003c 00       		.byte	0
 644 003d 06       		.uleb128 0x6
 645 003e 2E       		.uleb128 0x2e
 646 003f 01       		.byte	0x1
 647 0040 3F       		.uleb128 0x3f
 648 0041 19       		.uleb128 0x19
 649 0042 03       		.uleb128 0x3
 650 0043 0E       		.uleb128 0xe
 651 0044 3A       		.uleb128 0x3a
 652 0045 0B       		.uleb128 0xb
 653 0046 3B       		.uleb128 0x3b
 654 0047 0B       		.uleb128 0xb
 655 0048 11       		.uleb128 0x11
 656 0049 01       		.uleb128 0x1
 657 004a 12       		.uleb128 0x12
 658 004b 06       		.uleb128 0x6
 659 004c 40       		.uleb128 0x40
 660 004d 18       		.uleb128 0x18
 661 004e 9742     		.uleb128 0x2117
 662 0050 19       		.uleb128 0x19
 663 0051 01       		.uleb128 0x1
 664 0052 13       		.uleb128 0x13
 665 0053 00       		.byte	0
 666 0054 00       		.byte	0
 667 0055 07       		.uleb128 0x7
ARM GAS  C:\Users\marti\AppData\Local\Temp\ccbrWpyB.s 			page 14


 668 0056 898201   		.uleb128 0x4109
 669 0059 01       		.byte	0x1
 670 005a 11       		.uleb128 0x11
 671 005b 01       		.uleb128 0x1
 672 005c 31       		.uleb128 0x31
 673 005d 13       		.uleb128 0x13
 674 005e 01       		.uleb128 0x1
 675 005f 13       		.uleb128 0x13
 676 0060 00       		.byte	0
 677 0061 00       		.byte	0
 678 0062 08       		.uleb128 0x8
 679 0063 8A8201   		.uleb128 0x410a
 680 0066 00       		.byte	0
 681 0067 02       		.uleb128 0x2
 682 0068 18       		.uleb128 0x18
 683 0069 9142     		.uleb128 0x2111
 684 006b 18       		.uleb128 0x18
 685 006c 00       		.byte	0
 686 006d 00       		.byte	0
 687 006e 09       		.uleb128 0x9
 688 006f 898201   		.uleb128 0x4109
 689 0072 00       		.byte	0
 690 0073 11       		.uleb128 0x11
 691 0074 01       		.uleb128 0x1
 692 0075 31       		.uleb128 0x31
 693 0076 13       		.uleb128 0x13
 694 0077 00       		.byte	0
 695 0078 00       		.byte	0
 696 0079 0A       		.uleb128 0xa
 697 007a 2E       		.uleb128 0x2e
 698 007b 01       		.byte	0x1
 699 007c 3F       		.uleb128 0x3f
 700 007d 19       		.uleb128 0x19
 701 007e 03       		.uleb128 0x3
 702 007f 0E       		.uleb128 0xe
 703 0080 3A       		.uleb128 0x3a
 704 0081 0B       		.uleb128 0xb
 705 0082 3B       		.uleb128 0x3b
 706 0083 0B       		.uleb128 0xb
 707 0084 27       		.uleb128 0x27
 708 0085 19       		.uleb128 0x19
 709 0086 11       		.uleb128 0x11
 710 0087 01       		.uleb128 0x1
 711 0088 12       		.uleb128 0x12
 712 0089 06       		.uleb128 0x6
 713 008a 40       		.uleb128 0x40
 714 008b 18       		.uleb128 0x18
 715 008c 9642     		.uleb128 0x2116
 716 008e 19       		.uleb128 0x19
 717 008f 01       		.uleb128 0x1
 718 0090 13       		.uleb128 0x13
 719 0091 00       		.byte	0
 720 0092 00       		.byte	0
 721 0093 0B       		.uleb128 0xb
 722 0094 05       		.uleb128 0x5
 723 0095 00       		.byte	0
 724 0096 03       		.uleb128 0x3
ARM GAS  C:\Users\marti\AppData\Local\Temp\ccbrWpyB.s 			page 15


 725 0097 08       		.uleb128 0x8
 726 0098 3A       		.uleb128 0x3a
 727 0099 0B       		.uleb128 0xb
 728 009a 3B       		.uleb128 0x3b
 729 009b 0B       		.uleb128 0xb
 730 009c 49       		.uleb128 0x49
 731 009d 13       		.uleb128 0x13
 732 009e 02       		.uleb128 0x2
 733 009f 17       		.uleb128 0x17
 734 00a0 00       		.byte	0
 735 00a1 00       		.byte	0
 736 00a2 0C       		.uleb128 0xc
 737 00a3 05       		.uleb128 0x5
 738 00a4 00       		.byte	0
 739 00a5 03       		.uleb128 0x3
 740 00a6 0E       		.uleb128 0xe
 741 00a7 3A       		.uleb128 0x3a
 742 00a8 0B       		.uleb128 0xb
 743 00a9 3B       		.uleb128 0x3b
 744 00aa 0B       		.uleb128 0xb
 745 00ab 49       		.uleb128 0x49
 746 00ac 13       		.uleb128 0x13
 747 00ad 02       		.uleb128 0x2
 748 00ae 17       		.uleb128 0x17
 749 00af 00       		.byte	0
 750 00b0 00       		.byte	0
 751 00b1 0D       		.uleb128 0xd
 752 00b2 34       		.uleb128 0x34
 753 00b3 00       		.byte	0
 754 00b4 03       		.uleb128 0x3
 755 00b5 0E       		.uleb128 0xe
 756 00b6 3A       		.uleb128 0x3a
 757 00b7 0B       		.uleb128 0xb
 758 00b8 3B       		.uleb128 0x3b
 759 00b9 0B       		.uleb128 0xb
 760 00ba 49       		.uleb128 0x49
 761 00bb 13       		.uleb128 0x13
 762 00bc 02       		.uleb128 0x2
 763 00bd 18       		.uleb128 0x18
 764 00be 00       		.byte	0
 765 00bf 00       		.byte	0
 766 00c0 0E       		.uleb128 0xe
 767 00c1 0B       		.uleb128 0xb
 768 00c2 01       		.byte	0x1
 769 00c3 11       		.uleb128 0x11
 770 00c4 01       		.uleb128 0x1
 771 00c5 12       		.uleb128 0x12
 772 00c6 06       		.uleb128 0x6
 773 00c7 00       		.byte	0
 774 00c8 00       		.byte	0
 775 00c9 0F       		.uleb128 0xf
 776 00ca 34       		.uleb128 0x34
 777 00cb 00       		.byte	0
 778 00cc 03       		.uleb128 0x3
 779 00cd 08       		.uleb128 0x8
 780 00ce 3A       		.uleb128 0x3a
 781 00cf 0B       		.uleb128 0xb
ARM GAS  C:\Users\marti\AppData\Local\Temp\ccbrWpyB.s 			page 16


 782 00d0 3B       		.uleb128 0x3b
 783 00d1 0B       		.uleb128 0xb
 784 00d2 49       		.uleb128 0x49
 785 00d3 13       		.uleb128 0x13
 786 00d4 02       		.uleb128 0x2
 787 00d5 17       		.uleb128 0x17
 788 00d6 00       		.byte	0
 789 00d7 00       		.byte	0
 790 00d8 10       		.uleb128 0x10
 791 00d9 898201   		.uleb128 0x4109
 792 00dc 01       		.byte	0x1
 793 00dd 11       		.uleb128 0x11
 794 00de 01       		.uleb128 0x1
 795 00df 31       		.uleb128 0x31
 796 00e0 13       		.uleb128 0x13
 797 00e1 00       		.byte	0
 798 00e2 00       		.byte	0
 799 00e3 11       		.uleb128 0x11
 800 00e4 0B       		.uleb128 0xb
 801 00e5 01       		.byte	0x1
 802 00e6 11       		.uleb128 0x11
 803 00e7 01       		.uleb128 0x1
 804 00e8 12       		.uleb128 0x12
 805 00e9 06       		.uleb128 0x6
 806 00ea 01       		.uleb128 0x1
 807 00eb 13       		.uleb128 0x13
 808 00ec 00       		.byte	0
 809 00ed 00       		.byte	0
 810 00ee 12       		.uleb128 0x12
 811 00ef 2E       		.uleb128 0x2e
 812 00f0 01       		.byte	0x1
 813 00f1 3F       		.uleb128 0x3f
 814 00f2 19       		.uleb128 0x19
 815 00f3 03       		.uleb128 0x3
 816 00f4 0E       		.uleb128 0xe
 817 00f5 3A       		.uleb128 0x3a
 818 00f6 0B       		.uleb128 0xb
 819 00f7 3B       		.uleb128 0x3b
 820 00f8 0B       		.uleb128 0xb
 821 00f9 27       		.uleb128 0x27
 822 00fa 19       		.uleb128 0x19
 823 00fb 11       		.uleb128 0x11
 824 00fc 01       		.uleb128 0x1
 825 00fd 12       		.uleb128 0x12
 826 00fe 06       		.uleb128 0x6
 827 00ff 40       		.uleb128 0x40
 828 0100 18       		.uleb128 0x18
 829 0101 9742     		.uleb128 0x2117
 830 0103 19       		.uleb128 0x19
 831 0104 01       		.uleb128 0x1
 832 0105 13       		.uleb128 0x13
 833 0106 00       		.byte	0
 834 0107 00       		.byte	0
 835 0108 13       		.uleb128 0x13
 836 0109 34       		.uleb128 0x34
 837 010a 00       		.byte	0
 838 010b 03       		.uleb128 0x3
ARM GAS  C:\Users\marti\AppData\Local\Temp\ccbrWpyB.s 			page 17


 839 010c 0E       		.uleb128 0xe
 840 010d 3A       		.uleb128 0x3a
 841 010e 0B       		.uleb128 0xb
 842 010f 3B       		.uleb128 0x3b
 843 0110 05       		.uleb128 0x5
 844 0111 49       		.uleb128 0x49
 845 0112 13       		.uleb128 0x13
 846 0113 3F       		.uleb128 0x3f
 847 0114 19       		.uleb128 0x19
 848 0115 3C       		.uleb128 0x3c
 849 0116 19       		.uleb128 0x19
 850 0117 00       		.byte	0
 851 0118 00       		.byte	0
 852 0119 14       		.uleb128 0x14
 853 011a 34       		.uleb128 0x34
 854 011b 00       		.byte	0
 855 011c 03       		.uleb128 0x3
 856 011d 0E       		.uleb128 0xe
 857 011e 3A       		.uleb128 0x3a
 858 011f 0B       		.uleb128 0xb
 859 0120 3B       		.uleb128 0x3b
 860 0121 0B       		.uleb128 0xb
 861 0122 49       		.uleb128 0x49
 862 0123 13       		.uleb128 0x13
 863 0124 3F       		.uleb128 0x3f
 864 0125 19       		.uleb128 0x19
 865 0126 02       		.uleb128 0x2
 866 0127 18       		.uleb128 0x18
 867 0128 00       		.byte	0
 868 0129 00       		.byte	0
 869 012a 15       		.uleb128 0x15
 870 012b 01       		.uleb128 0x1
 871 012c 01       		.byte	0x1
 872 012d 49       		.uleb128 0x49
 873 012e 13       		.uleb128 0x13
 874 012f 01       		.uleb128 0x1
 875 0130 13       		.uleb128 0x13
 876 0131 00       		.byte	0
 877 0132 00       		.byte	0
 878 0133 16       		.uleb128 0x16
 879 0134 21       		.uleb128 0x21
 880 0135 00       		.byte	0
 881 0136 49       		.uleb128 0x49
 882 0137 13       		.uleb128 0x13
 883 0138 2F       		.uleb128 0x2f
 884 0139 0B       		.uleb128 0xb
 885 013a 00       		.byte	0
 886 013b 00       		.byte	0
 887 013c 17       		.uleb128 0x17
 888 013d 2E       		.uleb128 0x2e
 889 013e 00       		.byte	0
 890 013f 3F       		.uleb128 0x3f
 891 0140 19       		.uleb128 0x19
 892 0141 3C       		.uleb128 0x3c
 893 0142 19       		.uleb128 0x19
 894 0143 6E       		.uleb128 0x6e
 895 0144 0E       		.uleb128 0xe
ARM GAS  C:\Users\marti\AppData\Local\Temp\ccbrWpyB.s 			page 18


 896 0145 03       		.uleb128 0x3
 897 0146 0E       		.uleb128 0xe
 898 0147 3A       		.uleb128 0x3a
 899 0148 0B       		.uleb128 0xb
 900 0149 3B       		.uleb128 0x3b
 901 014a 0B       		.uleb128 0xb
 902 014b 00       		.byte	0
 903 014c 00       		.byte	0
 904 014d 00       		.byte	0
 905              		.section	.debug_loc,"",%progbits
 906              	.Ldebug_loc0:
 907              	.LLST0:
 908 0000 00000000 		.4byte	.LVL3
 909 0004 06000000 		.4byte	.LVL4
 910 0008 0100     		.2byte	0x1
 911 000a 50       		.byte	0x50
 912 000b 06000000 		.4byte	.LVL4
 913 000f 6C000000 		.4byte	.LFE64
 914 0013 0400     		.2byte	0x4
 915 0015 F3       		.byte	0xf3
 916 0016 01       		.uleb128 0x1
 917 0017 50       		.byte	0x50
 918 0018 9F       		.byte	0x9f
 919 0019 00000000 		.4byte	0
 920 001d 00000000 		.4byte	0
 921              	.LLST1:
 922 0021 00000000 		.4byte	.LVL3
 923 0025 09000000 		.4byte	.LVL5-1
 924 0029 0100     		.2byte	0x1
 925 002b 51       		.byte	0x51
 926 002c 09000000 		.4byte	.LVL5-1
 927 0030 24000000 		.4byte	.LVL9
 928 0034 0400     		.2byte	0x4
 929 0036 F3       		.byte	0xf3
 930 0037 01       		.uleb128 0x1
 931 0038 51       		.byte	0x51
 932 0039 9F       		.byte	0x9f
 933 003a 24000000 		.4byte	.LVL9
 934 003e 6C000000 		.4byte	.LFE64
 935 0042 0100     		.2byte	0x1
 936 0044 50       		.byte	0x50
 937 0045 00000000 		.4byte	0
 938 0049 00000000 		.4byte	0
 939              	.LLST2:
 940 004d 28000000 		.4byte	.LVL10
 941 0051 2C000000 		.4byte	.LVL11
 942 0055 0200     		.2byte	0x2
 943 0057 30       		.byte	0x30
 944 0058 9F       		.byte	0x9f
 945 0059 2C000000 		.4byte	.LVL11
 946 005d 5E000000 		.4byte	.LVL13
 947 0061 0100     		.2byte	0x1
 948 0063 54       		.byte	0x54
 949 0064 00000000 		.4byte	0
 950 0068 00000000 		.4byte	0
 951              	.LLST3:
 952 006c 02000000 		.4byte	.LVL16
ARM GAS  C:\Users\marti\AppData\Local\Temp\ccbrWpyB.s 			page 19


 953 0070 06000000 		.4byte	.LVL17
 954 0074 0200     		.2byte	0x2
 955 0076 30       		.byte	0x30
 956 0077 9F       		.byte	0x9f
 957 0078 06000000 		.4byte	.LVL17
 958 007c 42000000 		.4byte	.LVL22
 959 0080 0100     		.2byte	0x1
 960 0082 54       		.byte	0x54
 961 0083 00000000 		.4byte	0
 962 0087 00000000 		.4byte	0
 963              		.section	.debug_aranges,"",%progbits
 964 0000 3C000000 		.4byte	0x3c
 965 0004 0200     		.2byte	0x2
 966 0006 00000000 		.4byte	.Ldebug_info0
 967 000a 04       		.byte	0x4
 968 000b 00       		.byte	0
 969 000c 0000     		.2byte	0
 970 000e 0000     		.2byte	0
 971 0010 00000000 		.4byte	.LFB63
 972 0014 18000000 		.4byte	.LFE63-.LFB63
 973 0018 00000000 		.4byte	.LFB64
 974 001c 6C000000 		.4byte	.LFE64-.LFB64
 975 0020 00000000 		.4byte	.LFB67
 976 0024 10000000 		.4byte	.LFE67-.LFB67
 977 0028 00000000 		.4byte	.LFB66
 978 002c 48000000 		.4byte	.LFE66-.LFB66
 979 0030 00000000 		.4byte	.LFB65
 980 0034 08000000 		.4byte	.LFE65-.LFB65
 981 0038 00000000 		.4byte	0
 982 003c 00000000 		.4byte	0
 983              		.section	.debug_ranges,"",%progbits
 984              	.Ldebug_ranges0:
 985 0000 00000000 		.4byte	.LFB63
 986 0004 18000000 		.4byte	.LFE63
 987 0008 00000000 		.4byte	.LFB64
 988 000c 6C000000 		.4byte	.LFE64
 989 0010 00000000 		.4byte	.LFB67
 990 0014 10000000 		.4byte	.LFE67
 991 0018 00000000 		.4byte	.LFB66
 992 001c 48000000 		.4byte	.LFE66
 993 0020 00000000 		.4byte	.LFB65
 994 0024 08000000 		.4byte	.LFE65
 995 0028 00000000 		.4byte	0
 996 002c 00000000 		.4byte	0
 997              		.section	.debug_line,"",%progbits
 998              	.Ldebug_line0:
 999 0000 1A020000 		.section	.debug_str,"MS",%progbits,1
 999      02009701 
 999      00000201 
 999      FB0E0D00 
 999      01010101 
 1000              	.LASF35:
 1001 0000 53686966 		.ascii	"ShiftRegPWM.c\000"
 1001      74526567 
 1001      50574D2E 
 1001      6300
 1002              	.LASF28:
ARM GAS  C:\Users\marti\AppData\Local\Temp\ccbrWpyB.s 			page 20


 1003 000e 6973725F 		.ascii	"isr_update_leds_StartEx\000"
 1003      75706461 
 1003      74655F6C 
 1003      6564735F 
 1003      53746172 
 1004              	.LASF4:
 1005 0026 5F5F7569 		.ascii	"__uint8_t\000"
 1005      6E74385F 
 1005      7400
 1006              	.LASF18:
 1007 0030 76616C75 		.ascii	"value\000"
 1007      6500
 1008              	.LASF5:
 1009 0036 5F5F696E 		.ascii	"__int32_t\000"
 1009      7433325F 
 1009      7400
 1010              	.LASF36:
 1011 0040 433A5C55 		.ascii	"C:\\Users\\marti\\OneDrive\\Dokumenter\\3 semester "
 1011      73657273 
 1011      5C6D6172 
 1011      74695C4F 
 1011      6E654472 
 1012 006e 7265706F 		.ascii	"repos\\player_side_app\\integration\\integration\\i"
 1012      735C706C 
 1012      61796572 
 1012      5F736964 
 1012      655F6170 
 1013 009d 6E746567 		.ascii	"ntegration_controller-light.cydsn\000"
 1013      72617469 
 1013      6F6E5F63 
 1013      6F6E7472 
 1013      6F6C6C65 
 1014              	.LASF22:
 1015 00bf 75706461 		.ascii	"update\000"
 1015      746500
 1016              	.LASF13:
 1017 00c6 666C6F61 		.ascii	"float\000"
 1017      7400
 1018              	.LASF29:
 1019 00cc 5350494D 		.ascii	"SPIM_led_control_Start\000"
 1019      5F6C6564 
 1019      5F636F6E 
 1019      74726F6C 
 1019      5F537461 
 1020              	.LASF1:
 1021 00e3 756E7369 		.ascii	"unsigned char\000"
 1021      676E6564 
 1021      20636861 
 1021      7200
 1022              	.LASF34:
 1023 00f1 474E5520 		.ascii	"GNU C11 5.4.1 20160609 (release) [ARM/embedded-5-br"
 1023      43313120 
 1023      352E342E 
 1023      31203230 
 1023      31363036 
 1024 0124 616E6368 		.ascii	"anch revision 237715] -mcpu=cortex-m3 -mthumb -g -O"
 1024      20726576 
ARM GAS  C:\Users\marti\AppData\Local\Temp\ccbrWpyB.s 			page 21


 1024      6973696F 
 1024      6E203233 
 1024      37373135 
 1025 0157 67202D66 		.ascii	"g -ffunction-sections -ffat-lto-objects\000"
 1025      66756E63 
 1025      74696F6E 
 1025      2D736563 
 1025      74696F6E 
 1026              	.LASF31:
 1027 017f 50696E5F 		.ascii	"Pin_latch_Write\000"
 1027      6C617463 
 1027      685F5772 
 1027      69746500 
 1028              	.LASF7:
 1029 018f 6C6F6E67 		.ascii	"long unsigned int\000"
 1029      20756E73 
 1029      69676E65 
 1029      6420696E 
 1029      7400
 1030              	.LASF3:
 1031 01a1 73686F72 		.ascii	"short unsigned int\000"
 1031      7420756E 
 1031      7369676E 
 1031      65642069 
 1031      6E7400
 1032              	.LASF19:
 1033 01b4 73686966 		.ascii	"shiftRegister\000"
 1033      74526567 
 1033      69737465 
 1033      7200
 1034              	.LASF27:
 1035 01c2 73686966 		.ascii	"shiftRegData\000"
 1035      74526567 
 1035      44617461 
 1035      00
 1036              	.LASF14:
 1037 01cf 646F7562 		.ascii	"double\000"
 1037      6C6500
 1038              	.LASF33:
 1039 01d6 54696D65 		.ascii	"Timer_led_updater_ReadStatusRegister\000"
 1039      725F6C65 
 1039      645F7570 
 1039      64617465 
 1039      725F5265 
 1040              	.LASF10:
 1041 01fb 756E7369 		.ascii	"unsigned int\000"
 1041      676E6564 
 1041      20696E74 
 1041      00
 1042              	.LASF30:
 1043 0208 54696D65 		.ascii	"Timer_led_updater_Start\000"
 1043      725F6C65 
 1043      645F7570 
 1043      64617465 
 1043      725F5374 
 1044              	.LASF9:
 1045 0220 6C6F6E67 		.ascii	"long long unsigned int\000"
ARM GAS  C:\Users\marti\AppData\Local\Temp\ccbrWpyB.s 			page 22


 1045      206C6F6E 
 1045      6720756E 
 1045      7369676E 
 1045      65642069 
 1046              	.LASF11:
 1047 0237 75696E74 		.ascii	"uint8_t\000"
 1047      385F7400 
 1048              	.LASF26:
 1049 023f 74696D65 		.ascii	"time\000"
 1049      00
 1050              	.LASF12:
 1051 0244 696E7433 		.ascii	"int32_t\000"
 1051      325F7400 
 1052              	.LASF17:
 1053 024c 73697A65 		.ascii	"sizetype\000"
 1053      74797065 
 1053      00
 1054              	.LASF21:
 1055 0255 746F6767 		.ascii	"toggleLatchShiftReg\000"
 1055      6C654C61 
 1055      74636853 
 1055      68696674 
 1055      52656700 
 1056              	.LASF8:
 1057 0269 6C6F6E67 		.ascii	"long long int\000"
 1057      206C6F6E 
 1057      6720696E 
 1057      7400
 1058              	.LASF15:
 1059 0277 63686172 		.ascii	"char\000"
 1059      00
 1060              	.LASF23:
 1061 027c 73657450 		.ascii	"setPin\000"
 1061      696E00
 1062              	.LASF32:
 1063 0283 5350494D 		.ascii	"SPIM_led_control_WriteTxData\000"
 1063      5F6C6564 
 1063      5F636F6E 
 1063      74726F6C 
 1063      5F577269 
 1064              	.LASF20:
 1065 02a0 696E6974 		.ascii	"initShiftRegPWM\000"
 1065      53686966 
 1065      74526567 
 1065      50574D00 
 1066              	.LASF25:
 1067 02b0 49544D5F 		.ascii	"ITM_RxBuffer\000"
 1067      52784275 
 1067      66666572 
 1067      00
 1068              	.LASF24:
 1069 02bd 75706461 		.ascii	"updater_handler\000"
 1069      7465725F 
 1069      68616E64 
 1069      6C657200 
 1070              	.LASF2:
 1071 02cd 73686F72 		.ascii	"short int\000"
ARM GAS  C:\Users\marti\AppData\Local\Temp\ccbrWpyB.s 			page 23


 1071      7420696E 
 1071      7400
 1072              	.LASF6:
 1073 02d7 6C6F6E67 		.ascii	"long int\000"
 1073      20696E74 
 1073      00
 1074              	.LASF16:
 1075 02e0 6C6F6E67 		.ascii	"long double\000"
 1075      20646F75 
 1075      626C6500 
 1076              	.LASF0:
 1077 02ec 7369676E 		.ascii	"signed char\000"
 1077      65642063 
 1077      68617200 
 1078              		.ident	"GCC: (GNU Tools for ARM Embedded Processors) 5.4.1 20160609 (release) [ARM/embedded-5-bran
