ARM GAS  C:\Users\marti\AppData\Local\Temp\ccfSPzre.s 			page 1


   1              		.syntax unified
   2              		.cpu cortex-m3
   3              		.fpu softvfp
   4              		.eabi_attribute 20, 1
   5              		.eabi_attribute 21, 1
   6              		.eabi_attribute 23, 3
   7              		.eabi_attribute 24, 1
   8              		.eabi_attribute 25, 1
   9              		.eabi_attribute 26, 1
  10              		.eabi_attribute 30, 1
  11              		.eabi_attribute 34, 1
  12              		.eabi_attribute 18, 4
  13              		.thumb
  14              		.syntax unified
  15              		.file	"SPIM_led_control_PM.c"
  16              		.text
  17              	.Ltext0:
  18              		.cfi_sections	.debug_frame
  19              		.section	.text.SPIM_led_control_SaveConfig,"ax",%progbits
  20              		.align	2
  21              		.global	SPIM_led_control_SaveConfig
  22              		.thumb
  23              		.thumb_func
  24              		.type	SPIM_led_control_SaveConfig, %function
  25              	SPIM_led_control_SaveConfig:
  26              	.LFB0:
  27              		.file 1 "Generated_Source\\PSoC5\\SPIM_led_control_PM.c"
   1:Generated_Source\PSoC5/SPIM_led_control_PM.c **** /*******************************************************************************
   2:Generated_Source\PSoC5/SPIM_led_control_PM.c **** * File Name: SPIM_led_control_PM.c
   3:Generated_Source\PSoC5/SPIM_led_control_PM.c **** * Version 2.50
   4:Generated_Source\PSoC5/SPIM_led_control_PM.c **** *
   5:Generated_Source\PSoC5/SPIM_led_control_PM.c **** * Description:
   6:Generated_Source\PSoC5/SPIM_led_control_PM.c **** *  This file contains the setup, control and status commands to support
   7:Generated_Source\PSoC5/SPIM_led_control_PM.c **** *  component operations in low power mode.
   8:Generated_Source\PSoC5/SPIM_led_control_PM.c **** *
   9:Generated_Source\PSoC5/SPIM_led_control_PM.c **** * Note:
  10:Generated_Source\PSoC5/SPIM_led_control_PM.c **** *
  11:Generated_Source\PSoC5/SPIM_led_control_PM.c **** ********************************************************************************
  12:Generated_Source\PSoC5/SPIM_led_control_PM.c **** * Copyright 2008-2015, Cypress Semiconductor Corporation.  All rights reserved.
  13:Generated_Source\PSoC5/SPIM_led_control_PM.c **** * You may use this file only in accordance with the license, terms, conditions,
  14:Generated_Source\PSoC5/SPIM_led_control_PM.c **** * disclaimers, and limitations in the end user license agreement accompanying
  15:Generated_Source\PSoC5/SPIM_led_control_PM.c **** * the software package with which this file was provided.
  16:Generated_Source\PSoC5/SPIM_led_control_PM.c **** *******************************************************************************/
  17:Generated_Source\PSoC5/SPIM_led_control_PM.c **** 
  18:Generated_Source\PSoC5/SPIM_led_control_PM.c **** #include "SPIM_led_control_PVT.h"
  19:Generated_Source\PSoC5/SPIM_led_control_PM.c **** 
  20:Generated_Source\PSoC5/SPIM_led_control_PM.c **** static SPIM_led_control_BACKUP_STRUCT SPIM_led_control_backup =
  21:Generated_Source\PSoC5/SPIM_led_control_PM.c **** {
  22:Generated_Source\PSoC5/SPIM_led_control_PM.c ****     SPIM_led_control_DISABLED,
  23:Generated_Source\PSoC5/SPIM_led_control_PM.c ****     SPIM_led_control_BITCTR_INIT,
  24:Generated_Source\PSoC5/SPIM_led_control_PM.c **** };
  25:Generated_Source\PSoC5/SPIM_led_control_PM.c **** 
  26:Generated_Source\PSoC5/SPIM_led_control_PM.c **** 
  27:Generated_Source\PSoC5/SPIM_led_control_PM.c **** /*******************************************************************************
  28:Generated_Source\PSoC5/SPIM_led_control_PM.c **** * Function Name: SPIM_led_control_SaveConfig
  29:Generated_Source\PSoC5/SPIM_led_control_PM.c **** ********************************************************************************
  30:Generated_Source\PSoC5/SPIM_led_control_PM.c **** *
ARM GAS  C:\Users\marti\AppData\Local\Temp\ccfSPzre.s 			page 2


  31:Generated_Source\PSoC5/SPIM_led_control_PM.c **** * Summary:
  32:Generated_Source\PSoC5/SPIM_led_control_PM.c **** *  Empty function. Included for consistency with other components.
  33:Generated_Source\PSoC5/SPIM_led_control_PM.c **** *
  34:Generated_Source\PSoC5/SPIM_led_control_PM.c **** * Parameters:
  35:Generated_Source\PSoC5/SPIM_led_control_PM.c **** *  None.
  36:Generated_Source\PSoC5/SPIM_led_control_PM.c **** *
  37:Generated_Source\PSoC5/SPIM_led_control_PM.c **** * Return:
  38:Generated_Source\PSoC5/SPIM_led_control_PM.c **** *  None.
  39:Generated_Source\PSoC5/SPIM_led_control_PM.c **** *
  40:Generated_Source\PSoC5/SPIM_led_control_PM.c **** *******************************************************************************/
  41:Generated_Source\PSoC5/SPIM_led_control_PM.c **** void SPIM_led_control_SaveConfig(void) 
  42:Generated_Source\PSoC5/SPIM_led_control_PM.c **** {
  28              		.loc 1 42 0
  29              		.cfi_startproc
  30              		@ args = 0, pretend = 0, frame = 0
  31              		@ frame_needed = 0, uses_anonymous_args = 0
  32              		@ link register save eliminated.
  33 0000 7047     		bx	lr
  34              		.cfi_endproc
  35              	.LFE0:
  36              		.size	SPIM_led_control_SaveConfig, .-SPIM_led_control_SaveConfig
  37 0002 00BF     		.section	.text.SPIM_led_control_RestoreConfig,"ax",%progbits
  38              		.align	2
  39              		.global	SPIM_led_control_RestoreConfig
  40              		.thumb
  41              		.thumb_func
  42              		.type	SPIM_led_control_RestoreConfig, %function
  43              	SPIM_led_control_RestoreConfig:
  44              	.LFB1:
  43:Generated_Source\PSoC5/SPIM_led_control_PM.c **** 
  44:Generated_Source\PSoC5/SPIM_led_control_PM.c **** }
  45:Generated_Source\PSoC5/SPIM_led_control_PM.c **** 
  46:Generated_Source\PSoC5/SPIM_led_control_PM.c **** 
  47:Generated_Source\PSoC5/SPIM_led_control_PM.c **** /*******************************************************************************
  48:Generated_Source\PSoC5/SPIM_led_control_PM.c **** * Function Name: SPIM_led_control_RestoreConfig
  49:Generated_Source\PSoC5/SPIM_led_control_PM.c **** ********************************************************************************
  50:Generated_Source\PSoC5/SPIM_led_control_PM.c **** *
  51:Generated_Source\PSoC5/SPIM_led_control_PM.c **** * Summary:
  52:Generated_Source\PSoC5/SPIM_led_control_PM.c **** *  Empty function. Included for consistency with other components.
  53:Generated_Source\PSoC5/SPIM_led_control_PM.c **** *
  54:Generated_Source\PSoC5/SPIM_led_control_PM.c **** * Parameters:
  55:Generated_Source\PSoC5/SPIM_led_control_PM.c **** *  None.
  56:Generated_Source\PSoC5/SPIM_led_control_PM.c **** *
  57:Generated_Source\PSoC5/SPIM_led_control_PM.c **** * Return:
  58:Generated_Source\PSoC5/SPIM_led_control_PM.c **** *  None.
  59:Generated_Source\PSoC5/SPIM_led_control_PM.c **** *
  60:Generated_Source\PSoC5/SPIM_led_control_PM.c **** *******************************************************************************/
  61:Generated_Source\PSoC5/SPIM_led_control_PM.c **** void SPIM_led_control_RestoreConfig(void) 
  62:Generated_Source\PSoC5/SPIM_led_control_PM.c **** {
  45              		.loc 1 62 0
  46              		.cfi_startproc
  47              		@ args = 0, pretend = 0, frame = 0
  48              		@ frame_needed = 0, uses_anonymous_args = 0
  49              		@ link register save eliminated.
  50 0000 7047     		bx	lr
  51              		.cfi_endproc
  52              	.LFE1:
ARM GAS  C:\Users\marti\AppData\Local\Temp\ccfSPzre.s 			page 3


  53              		.size	SPIM_led_control_RestoreConfig, .-SPIM_led_control_RestoreConfig
  54 0002 00BF     		.section	.text.SPIM_led_control_Sleep,"ax",%progbits
  55              		.align	2
  56              		.global	SPIM_led_control_Sleep
  57              		.thumb
  58              		.thumb_func
  59              		.type	SPIM_led_control_Sleep, %function
  60              	SPIM_led_control_Sleep:
  61              	.LFB2:
  63:Generated_Source\PSoC5/SPIM_led_control_PM.c **** 
  64:Generated_Source\PSoC5/SPIM_led_control_PM.c **** }
  65:Generated_Source\PSoC5/SPIM_led_control_PM.c **** 
  66:Generated_Source\PSoC5/SPIM_led_control_PM.c **** 
  67:Generated_Source\PSoC5/SPIM_led_control_PM.c **** /*******************************************************************************
  68:Generated_Source\PSoC5/SPIM_led_control_PM.c **** * Function Name: SPIM_led_control_Sleep
  69:Generated_Source\PSoC5/SPIM_led_control_PM.c **** ********************************************************************************
  70:Generated_Source\PSoC5/SPIM_led_control_PM.c **** *
  71:Generated_Source\PSoC5/SPIM_led_control_PM.c **** * Summary:
  72:Generated_Source\PSoC5/SPIM_led_control_PM.c **** *  Prepare SPIM Component goes to sleep.
  73:Generated_Source\PSoC5/SPIM_led_control_PM.c **** *
  74:Generated_Source\PSoC5/SPIM_led_control_PM.c **** * Parameters:
  75:Generated_Source\PSoC5/SPIM_led_control_PM.c **** *  None.
  76:Generated_Source\PSoC5/SPIM_led_control_PM.c **** *
  77:Generated_Source\PSoC5/SPIM_led_control_PM.c **** * Return:
  78:Generated_Source\PSoC5/SPIM_led_control_PM.c **** *  None.
  79:Generated_Source\PSoC5/SPIM_led_control_PM.c **** *
  80:Generated_Source\PSoC5/SPIM_led_control_PM.c **** * Global Variables:
  81:Generated_Source\PSoC5/SPIM_led_control_PM.c **** *  SPIM_led_control_backup - modified when non-retention registers are saved.
  82:Generated_Source\PSoC5/SPIM_led_control_PM.c **** *
  83:Generated_Source\PSoC5/SPIM_led_control_PM.c **** * Reentrant:
  84:Generated_Source\PSoC5/SPIM_led_control_PM.c **** *  No.
  85:Generated_Source\PSoC5/SPIM_led_control_PM.c **** *
  86:Generated_Source\PSoC5/SPIM_led_control_PM.c **** *******************************************************************************/
  87:Generated_Source\PSoC5/SPIM_led_control_PM.c **** void SPIM_led_control_Sleep(void) 
  88:Generated_Source\PSoC5/SPIM_led_control_PM.c **** {
  62              		.loc 1 88 0
  63              		.cfi_startproc
  64              		@ args = 0, pretend = 0, frame = 0
  65              		@ frame_needed = 0, uses_anonymous_args = 0
  66              		.loc 1 88 0
  67 0000 08B5     		push	{r3, lr}
  68              		.cfi_def_cfa_offset 8
  69              		.cfi_offset 3, -8
  70              		.cfi_offset 14, -4
  89:Generated_Source\PSoC5/SPIM_led_control_PM.c ****     /* Save components enable state */
  90:Generated_Source\PSoC5/SPIM_led_control_PM.c ****     SPIM_led_control_backup.enableState = ((uint8) SPIM_led_control_IS_ENABLED);
  71              		.loc 1 90 0
  72 0002 044B     		ldr	r3, .L5
  73 0004 1B78     		ldrb	r3, [r3]	@ zero_extendqisi2
  74 0006 C3F30013 		ubfx	r3, r3, #4, #1
  75 000a 034A     		ldr	r2, .L5+4
  76 000c 1370     		strb	r3, [r2]
  91:Generated_Source\PSoC5/SPIM_led_control_PM.c **** 
  92:Generated_Source\PSoC5/SPIM_led_control_PM.c ****     SPIM_led_control_Stop();
  77              		.loc 1 92 0
  78 000e FFF7FEFF 		bl	SPIM_led_control_Stop
  79              	.LVL0:
ARM GAS  C:\Users\marti\AppData\Local\Temp\ccfSPzre.s 			page 4


  80 0012 08BD     		pop	{r3, pc}
  81              	.L6:
  82              		.align	2
  83              	.L5:
  84 0014 98650040 		.word	1073767832
  85 0018 00000000 		.word	.LANCHOR0
  86              		.cfi_endproc
  87              	.LFE2:
  88              		.size	SPIM_led_control_Sleep, .-SPIM_led_control_Sleep
  89              		.section	.text.SPIM_led_control_Wakeup,"ax",%progbits
  90              		.align	2
  91              		.global	SPIM_led_control_Wakeup
  92              		.thumb
  93              		.thumb_func
  94              		.type	SPIM_led_control_Wakeup, %function
  95              	SPIM_led_control_Wakeup:
  96              	.LFB3:
  93:Generated_Source\PSoC5/SPIM_led_control_PM.c **** }
  94:Generated_Source\PSoC5/SPIM_led_control_PM.c **** 
  95:Generated_Source\PSoC5/SPIM_led_control_PM.c **** 
  96:Generated_Source\PSoC5/SPIM_led_control_PM.c **** /*******************************************************************************
  97:Generated_Source\PSoC5/SPIM_led_control_PM.c **** * Function Name: SPIM_led_control_Wakeup
  98:Generated_Source\PSoC5/SPIM_led_control_PM.c **** ********************************************************************************
  99:Generated_Source\PSoC5/SPIM_led_control_PM.c **** *
 100:Generated_Source\PSoC5/SPIM_led_control_PM.c **** * Summary:
 101:Generated_Source\PSoC5/SPIM_led_control_PM.c **** *  Prepare SPIM Component to wake up.
 102:Generated_Source\PSoC5/SPIM_led_control_PM.c **** *
 103:Generated_Source\PSoC5/SPIM_led_control_PM.c **** * Parameters:
 104:Generated_Source\PSoC5/SPIM_led_control_PM.c **** *  None.
 105:Generated_Source\PSoC5/SPIM_led_control_PM.c **** *
 106:Generated_Source\PSoC5/SPIM_led_control_PM.c **** * Return:
 107:Generated_Source\PSoC5/SPIM_led_control_PM.c **** *  None.
 108:Generated_Source\PSoC5/SPIM_led_control_PM.c **** *
 109:Generated_Source\PSoC5/SPIM_led_control_PM.c **** * Global Variables:
 110:Generated_Source\PSoC5/SPIM_led_control_PM.c **** *  SPIM_led_control_backup - used when non-retention registers are restored.
 111:Generated_Source\PSoC5/SPIM_led_control_PM.c **** *  SPIM_led_control_txBufferWrite - modified every function call - resets to
 112:Generated_Source\PSoC5/SPIM_led_control_PM.c **** *  zero.
 113:Generated_Source\PSoC5/SPIM_led_control_PM.c **** *  SPIM_led_control_txBufferRead - modified every function call - resets to
 114:Generated_Source\PSoC5/SPIM_led_control_PM.c **** *  zero.
 115:Generated_Source\PSoC5/SPIM_led_control_PM.c **** *  SPIM_led_control_rxBufferWrite - modified every function call - resets to
 116:Generated_Source\PSoC5/SPIM_led_control_PM.c **** *  zero.
 117:Generated_Source\PSoC5/SPIM_led_control_PM.c **** *  SPIM_led_control_rxBufferRead - modified every function call - resets to
 118:Generated_Source\PSoC5/SPIM_led_control_PM.c **** *  zero.
 119:Generated_Source\PSoC5/SPIM_led_control_PM.c **** *
 120:Generated_Source\PSoC5/SPIM_led_control_PM.c **** * Reentrant:
 121:Generated_Source\PSoC5/SPIM_led_control_PM.c **** *  No.
 122:Generated_Source\PSoC5/SPIM_led_control_PM.c **** *
 123:Generated_Source\PSoC5/SPIM_led_control_PM.c **** *******************************************************************************/
 124:Generated_Source\PSoC5/SPIM_led_control_PM.c **** void SPIM_led_control_Wakeup(void) 
 125:Generated_Source\PSoC5/SPIM_led_control_PM.c **** {
  97              		.loc 1 125 0
  98              		.cfi_startproc
  99              		@ args = 0, pretend = 0, frame = 0
 100              		@ frame_needed = 0, uses_anonymous_args = 0
 101 0000 08B5     		push	{r3, lr}
 102              		.cfi_def_cfa_offset 8
 103              		.cfi_offset 3, -8
ARM GAS  C:\Users\marti\AppData\Local\Temp\ccfSPzre.s 			page 5


 104              		.cfi_offset 14, -4
 126:Generated_Source\PSoC5/SPIM_led_control_PM.c ****     #if(SPIM_led_control_RX_SOFTWARE_BUF_ENABLED)
 127:Generated_Source\PSoC5/SPIM_led_control_PM.c ****         SPIM_led_control_rxBufferFull  = 0u;
 128:Generated_Source\PSoC5/SPIM_led_control_PM.c ****         SPIM_led_control_rxBufferRead  = 0u;
 129:Generated_Source\PSoC5/SPIM_led_control_PM.c ****         SPIM_led_control_rxBufferWrite = 0u;
 130:Generated_Source\PSoC5/SPIM_led_control_PM.c ****     #endif /* (SPIM_led_control_RX_SOFTWARE_BUF_ENABLED) */
 131:Generated_Source\PSoC5/SPIM_led_control_PM.c **** 
 132:Generated_Source\PSoC5/SPIM_led_control_PM.c ****     #if(SPIM_led_control_TX_SOFTWARE_BUF_ENABLED)
 133:Generated_Source\PSoC5/SPIM_led_control_PM.c ****         SPIM_led_control_txBufferFull  = 0u;
 105              		.loc 1 133 0
 106 0002 0023     		movs	r3, #0
 107 0004 064A     		ldr	r2, .L10
 108 0006 1370     		strb	r3, [r2]
 134:Generated_Source\PSoC5/SPIM_led_control_PM.c ****         SPIM_led_control_txBufferRead  = 0u;
 109              		.loc 1 134 0
 110 0008 064A     		ldr	r2, .L10+4
 111 000a 1370     		strb	r3, [r2]
 135:Generated_Source\PSoC5/SPIM_led_control_PM.c ****         SPIM_led_control_txBufferWrite = 0u;
 112              		.loc 1 135 0
 113 000c 064A     		ldr	r2, .L10+8
 114 000e 1370     		strb	r3, [r2]
 136:Generated_Source\PSoC5/SPIM_led_control_PM.c ****     #endif /* (SPIM_led_control_TX_SOFTWARE_BUF_ENABLED) */
 137:Generated_Source\PSoC5/SPIM_led_control_PM.c **** 
 138:Generated_Source\PSoC5/SPIM_led_control_PM.c ****     /* Clear any data from the RX and TX FIFO */
 139:Generated_Source\PSoC5/SPIM_led_control_PM.c ****     SPIM_led_control_ClearFIFO();
 115              		.loc 1 139 0
 116 0010 FFF7FEFF 		bl	SPIM_led_control_ClearFIFO
 117              	.LVL1:
 140:Generated_Source\PSoC5/SPIM_led_control_PM.c **** 
 141:Generated_Source\PSoC5/SPIM_led_control_PM.c ****     /* Restore components block enable state */
 142:Generated_Source\PSoC5/SPIM_led_control_PM.c ****     if(0u != SPIM_led_control_backup.enableState)
 118              		.loc 1 142 0
 119 0014 054B     		ldr	r3, .L10+12
 120 0016 1B78     		ldrb	r3, [r3]	@ zero_extendqisi2
 121 0018 0BB1     		cbz	r3, .L7
 143:Generated_Source\PSoC5/SPIM_led_control_PM.c ****     {
 144:Generated_Source\PSoC5/SPIM_led_control_PM.c ****         SPIM_led_control_Enable();
 122              		.loc 1 144 0
 123 001a FFF7FEFF 		bl	SPIM_led_control_Enable
 124              	.LVL2:
 125              	.L7:
 126 001e 08BD     		pop	{r3, pc}
 127              	.L11:
 128              		.align	2
 129              	.L10:
 130 0020 00000000 		.word	SPIM_led_control_txBufferFull
 131 0024 00000000 		.word	SPIM_led_control_txBufferRead
 132 0028 00000000 		.word	SPIM_led_control_txBufferWrite
 133 002c 00000000 		.word	.LANCHOR0
 134              		.cfi_endproc
 135              	.LFE3:
 136              		.size	SPIM_led_control_Wakeup, .-SPIM_led_control_Wakeup
 137              		.data
 138              		.align	2
 139              		.set	.LANCHOR0,. + 0
 140              		.type	SPIM_led_control_backup, %object
 141              		.size	SPIM_led_control_backup, 2
ARM GAS  C:\Users\marti\AppData\Local\Temp\ccfSPzre.s 			page 6


 142              	SPIM_led_control_backup:
 143 0000 00       		.byte	0
 144 0001 0F       		.byte	15
 145              		.text
 146              	.Letext0:
 147              		.file 2 "Generated_Source\\PSoC5\\cytypes.h"
 148              		.file 3 "Generated_Source\\PSoC5\\SPIM_led_control.h"
 149              		.file 4 "Generated_Source\\PSoC5\\SPIM_led_control_PVT.h"
 150              		.section	.debug_info,"",%progbits
 151              	.Ldebug_info0:
 152 0000 90010000 		.4byte	0x190
 153 0004 0400     		.2byte	0x4
 154 0006 00000000 		.4byte	.Ldebug_abbrev0
 155 000a 04       		.byte	0x4
 156 000b 01       		.uleb128 0x1
 157 000c 5B010000 		.4byte	.LASF29
 158 0010 0C       		.byte	0xc
 159 0011 1F000000 		.4byte	.LASF30
 160 0015 4C000000 		.4byte	.LASF31
 161 0019 00000000 		.4byte	.Ldebug_ranges0+0
 162 001d 00000000 		.4byte	0
 163 0021 00000000 		.4byte	.Ldebug_line0
 164 0025 02       		.uleb128 0x2
 165 0026 01       		.byte	0x1
 166 0027 06       		.byte	0x6
 167 0028 28030000 		.4byte	.LASF0
 168 002c 02       		.uleb128 0x2
 169 002d 01       		.byte	0x1
 170 002e 08       		.byte	0x8
 171 002f 4D010000 		.4byte	.LASF1
 172 0033 02       		.uleb128 0x2
 173 0034 02       		.byte	0x2
 174 0035 05       		.byte	0x5
 175 0036 FD020000 		.4byte	.LASF2
 176 003a 02       		.uleb128 0x2
 177 003b 02       		.byte	0x2
 178 003c 07       		.byte	0x7
 179 003d CB000000 		.4byte	.LASF3
 180 0041 02       		.uleb128 0x2
 181 0042 04       		.byte	0x4
 182 0043 05       		.byte	0x5
 183 0044 07030000 		.4byte	.LASF4
 184 0048 02       		.uleb128 0x2
 185 0049 04       		.byte	0x4
 186 004a 07       		.byte	0x7
 187 004b EE010000 		.4byte	.LASF5
 188 004f 02       		.uleb128 0x2
 189 0050 08       		.byte	0x8
 190 0051 05       		.byte	0x5
 191 0052 EA020000 		.4byte	.LASF6
 192 0056 02       		.uleb128 0x2
 193 0057 08       		.byte	0x8
 194 0058 07       		.byte	0x7
 195 0059 96020000 		.4byte	.LASF7
 196 005d 03       		.uleb128 0x3
 197 005e 04       		.byte	0x4
 198 005f 05       		.byte	0x5
ARM GAS  C:\Users\marti\AppData\Local\Temp\ccfSPzre.s 			page 7


 199 0060 696E7400 		.ascii	"int\000"
 200 0064 02       		.uleb128 0x2
 201 0065 04       		.byte	0x4
 202 0066 07       		.byte	0x7
 203 0067 89020000 		.4byte	.LASF8
 204 006b 04       		.uleb128 0x4
 205 006c 00020000 		.4byte	.LASF12
 206 0070 02       		.byte	0x2
 207 0071 E401     		.2byte	0x1e4
 208 0073 2C000000 		.4byte	0x2c
 209 0077 02       		.uleb128 0x2
 210 0078 04       		.byte	0x4
 211 0079 04       		.byte	0x4
 212 007a 2F010000 		.4byte	.LASF9
 213 007e 02       		.uleb128 0x2
 214 007f 08       		.byte	0x8
 215 0080 04       		.byte	0x4
 216 0081 58020000 		.4byte	.LASF10
 217 0085 02       		.uleb128 0x2
 218 0086 01       		.byte	0x1
 219 0087 08       		.byte	0x8
 220 0088 F8020000 		.4byte	.LASF11
 221 008c 04       		.uleb128 0x4
 222 008d E9010000 		.4byte	.LASF13
 223 0091 02       		.byte	0x2
 224 0092 8E02     		.2byte	0x28e
 225 0094 98000000 		.4byte	0x98
 226 0098 05       		.uleb128 0x5
 227 0099 6B000000 		.4byte	0x6b
 228 009d 02       		.uleb128 0x2
 229 009e 08       		.byte	0x8
 230 009f 04       		.byte	0x4
 231 00a0 1C030000 		.4byte	.LASF14
 232 00a4 02       		.uleb128 0x2
 233 00a5 04       		.byte	0x4
 234 00a6 07       		.byte	0x7
 235 00a7 E1020000 		.4byte	.LASF15
 236 00ab 06       		.uleb128 0x6
 237 00ac 02       		.byte	0x2
 238 00ad 03       		.byte	0x3
 239 00ae 40       		.byte	0x40
 240 00af CC000000 		.4byte	0xcc
 241 00b3 07       		.uleb128 0x7
 242 00b4 10030000 		.4byte	.LASF16
 243 00b8 03       		.byte	0x3
 244 00b9 42       		.byte	0x42
 245 00ba 6B000000 		.4byte	0x6b
 246 00be 00       		.byte	0
 247 00bf 07       		.uleb128 0x7
 248 00c0 7E020000 		.4byte	.LASF17
 249 00c4 03       		.byte	0x3
 250 00c5 43       		.byte	0x43
 251 00c6 6B000000 		.4byte	0x6b
 252 00ca 01       		.byte	0x1
 253 00cb 00       		.byte	0
 254 00cc 08       		.uleb128 0x8
 255 00cd DE000000 		.4byte	.LASF18
ARM GAS  C:\Users\marti\AppData\Local\Temp\ccfSPzre.s 			page 8


 256 00d1 03       		.byte	0x3
 257 00d2 44       		.byte	0x44
 258 00d3 AB000000 		.4byte	0xab
 259 00d7 09       		.uleb128 0x9
 260 00d8 AD020000 		.4byte	.LASF19
 261 00dc 01       		.byte	0x1
 262 00dd 29       		.byte	0x29
 263 00de 00000000 		.4byte	.LFB0
 264 00e2 02000000 		.4byte	.LFE0-.LFB0
 265 00e6 01       		.uleb128 0x1
 266 00e7 9C       		.byte	0x9c
 267 00e8 09       		.uleb128 0x9
 268 00e9 5F020000 		.4byte	.LASF20
 269 00ed 01       		.byte	0x1
 270 00ee 3D       		.byte	0x3d
 271 00ef 00000000 		.4byte	.LFB1
 272 00f3 02000000 		.4byte	.LFE1-.LFB1
 273 00f7 01       		.uleb128 0x1
 274 00f8 9C       		.byte	0x9c
 275 00f9 0A       		.uleb128 0xa
 276 00fa FD000000 		.4byte	.LASF21
 277 00fe 01       		.byte	0x1
 278 00ff 57       		.byte	0x57
 279 0100 00000000 		.4byte	.LFB2
 280 0104 1C000000 		.4byte	.LFE2-.LFB2
 281 0108 01       		.uleb128 0x1
 282 0109 9C       		.byte	0x9c
 283 010a 18010000 		.4byte	0x118
 284 010e 0B       		.uleb128 0xb
 285 010f 12000000 		.4byte	.LVL0
 286 0113 72010000 		.4byte	0x172
 287 0117 00       		.byte	0
 288 0118 0A       		.uleb128 0xa
 289 0119 35010000 		.4byte	.LASF22
 290 011d 01       		.byte	0x1
 291 011e 7C       		.byte	0x7c
 292 011f 00000000 		.4byte	.LFB3
 293 0123 30000000 		.4byte	.LFE3-.LFB3
 294 0127 01       		.uleb128 0x1
 295 0128 9C       		.byte	0x9c
 296 0129 40010000 		.4byte	0x140
 297 012d 0B       		.uleb128 0xb
 298 012e 14000000 		.4byte	.LVL1
 299 0132 7D010000 		.4byte	0x17d
 300 0136 0B       		.uleb128 0xb
 301 0137 1E000000 		.4byte	.LVL2
 302 013b 88010000 		.4byte	0x188
 303 013f 00       		.byte	0
 304 0140 0C       		.uleb128 0xc
 305 0141 34030000 		.4byte	.LASF32
 306 0145 01       		.byte	0x1
 307 0146 14       		.byte	0x14
 308 0147 CC000000 		.4byte	0xcc
 309 014b 05       		.uleb128 0x5
 310 014c 03       		.byte	0x3
 311 014d 00000000 		.4byte	SPIM_led_control_backup
 312 0151 0D       		.uleb128 0xd
ARM GAS  C:\Users\marti\AppData\Local\Temp\ccfSPzre.s 			page 9


 313 0152 06020000 		.4byte	.LASF23
 314 0156 04       		.byte	0x4
 315 0157 26       		.byte	0x26
 316 0158 98000000 		.4byte	0x98
 317 015c 0D       		.uleb128 0xd
 318 015d 00000000 		.4byte	.LASF24
 319 0161 04       		.byte	0x4
 320 0162 27       		.byte	0x27
 321 0163 98000000 		.4byte	0x98
 322 0167 0D       		.uleb128 0xd
 323 0168 24020000 		.4byte	.LASF25
 324 016c 04       		.byte	0x4
 325 016d 28       		.byte	0x28
 326 016e 98000000 		.4byte	0x98
 327 0172 0E       		.uleb128 0xe
 328 0173 42020000 		.4byte	.LASF26
 329 0177 42020000 		.4byte	.LASF26
 330 017b 03       		.byte	0x3
 331 017c 4E       		.byte	0x4e
 332 017d 0E       		.uleb128 0xe
 333 017e 14010000 		.4byte	.LASF27
 334 0182 14010000 		.4byte	.LASF27
 335 0186 03       		.byte	0x3
 336 0187 66       		.byte	0x66
 337 0188 0E       		.uleb128 0xe
 338 0189 C9020000 		.4byte	.LASF28
 339 018d C9020000 		.4byte	.LASF28
 340 0191 03       		.byte	0x3
 341 0192 4C       		.byte	0x4c
 342 0193 00       		.byte	0
 343              		.section	.debug_abbrev,"",%progbits
 344              	.Ldebug_abbrev0:
 345 0000 01       		.uleb128 0x1
 346 0001 11       		.uleb128 0x11
 347 0002 01       		.byte	0x1
 348 0003 25       		.uleb128 0x25
 349 0004 0E       		.uleb128 0xe
 350 0005 13       		.uleb128 0x13
 351 0006 0B       		.uleb128 0xb
 352 0007 03       		.uleb128 0x3
 353 0008 0E       		.uleb128 0xe
 354 0009 1B       		.uleb128 0x1b
 355 000a 0E       		.uleb128 0xe
 356 000b 55       		.uleb128 0x55
 357 000c 17       		.uleb128 0x17
 358 000d 11       		.uleb128 0x11
 359 000e 01       		.uleb128 0x1
 360 000f 10       		.uleb128 0x10
 361 0010 17       		.uleb128 0x17
 362 0011 00       		.byte	0
 363 0012 00       		.byte	0
 364 0013 02       		.uleb128 0x2
 365 0014 24       		.uleb128 0x24
 366 0015 00       		.byte	0
 367 0016 0B       		.uleb128 0xb
 368 0017 0B       		.uleb128 0xb
 369 0018 3E       		.uleb128 0x3e
ARM GAS  C:\Users\marti\AppData\Local\Temp\ccfSPzre.s 			page 10


 370 0019 0B       		.uleb128 0xb
 371 001a 03       		.uleb128 0x3
 372 001b 0E       		.uleb128 0xe
 373 001c 00       		.byte	0
 374 001d 00       		.byte	0
 375 001e 03       		.uleb128 0x3
 376 001f 24       		.uleb128 0x24
 377 0020 00       		.byte	0
 378 0021 0B       		.uleb128 0xb
 379 0022 0B       		.uleb128 0xb
 380 0023 3E       		.uleb128 0x3e
 381 0024 0B       		.uleb128 0xb
 382 0025 03       		.uleb128 0x3
 383 0026 08       		.uleb128 0x8
 384 0027 00       		.byte	0
 385 0028 00       		.byte	0
 386 0029 04       		.uleb128 0x4
 387 002a 16       		.uleb128 0x16
 388 002b 00       		.byte	0
 389 002c 03       		.uleb128 0x3
 390 002d 0E       		.uleb128 0xe
 391 002e 3A       		.uleb128 0x3a
 392 002f 0B       		.uleb128 0xb
 393 0030 3B       		.uleb128 0x3b
 394 0031 05       		.uleb128 0x5
 395 0032 49       		.uleb128 0x49
 396 0033 13       		.uleb128 0x13
 397 0034 00       		.byte	0
 398 0035 00       		.byte	0
 399 0036 05       		.uleb128 0x5
 400 0037 35       		.uleb128 0x35
 401 0038 00       		.byte	0
 402 0039 49       		.uleb128 0x49
 403 003a 13       		.uleb128 0x13
 404 003b 00       		.byte	0
 405 003c 00       		.byte	0
 406 003d 06       		.uleb128 0x6
 407 003e 13       		.uleb128 0x13
 408 003f 01       		.byte	0x1
 409 0040 0B       		.uleb128 0xb
 410 0041 0B       		.uleb128 0xb
 411 0042 3A       		.uleb128 0x3a
 412 0043 0B       		.uleb128 0xb
 413 0044 3B       		.uleb128 0x3b
 414 0045 0B       		.uleb128 0xb
 415 0046 01       		.uleb128 0x1
 416 0047 13       		.uleb128 0x13
 417 0048 00       		.byte	0
 418 0049 00       		.byte	0
 419 004a 07       		.uleb128 0x7
 420 004b 0D       		.uleb128 0xd
 421 004c 00       		.byte	0
 422 004d 03       		.uleb128 0x3
 423 004e 0E       		.uleb128 0xe
 424 004f 3A       		.uleb128 0x3a
 425 0050 0B       		.uleb128 0xb
 426 0051 3B       		.uleb128 0x3b
ARM GAS  C:\Users\marti\AppData\Local\Temp\ccfSPzre.s 			page 11


 427 0052 0B       		.uleb128 0xb
 428 0053 49       		.uleb128 0x49
 429 0054 13       		.uleb128 0x13
 430 0055 38       		.uleb128 0x38
 431 0056 0B       		.uleb128 0xb
 432 0057 00       		.byte	0
 433 0058 00       		.byte	0
 434 0059 08       		.uleb128 0x8
 435 005a 16       		.uleb128 0x16
 436 005b 00       		.byte	0
 437 005c 03       		.uleb128 0x3
 438 005d 0E       		.uleb128 0xe
 439 005e 3A       		.uleb128 0x3a
 440 005f 0B       		.uleb128 0xb
 441 0060 3B       		.uleb128 0x3b
 442 0061 0B       		.uleb128 0xb
 443 0062 49       		.uleb128 0x49
 444 0063 13       		.uleb128 0x13
 445 0064 00       		.byte	0
 446 0065 00       		.byte	0
 447 0066 09       		.uleb128 0x9
 448 0067 2E       		.uleb128 0x2e
 449 0068 00       		.byte	0
 450 0069 3F       		.uleb128 0x3f
 451 006a 19       		.uleb128 0x19
 452 006b 03       		.uleb128 0x3
 453 006c 0E       		.uleb128 0xe
 454 006d 3A       		.uleb128 0x3a
 455 006e 0B       		.uleb128 0xb
 456 006f 3B       		.uleb128 0x3b
 457 0070 0B       		.uleb128 0xb
 458 0071 27       		.uleb128 0x27
 459 0072 19       		.uleb128 0x19
 460 0073 11       		.uleb128 0x11
 461 0074 01       		.uleb128 0x1
 462 0075 12       		.uleb128 0x12
 463 0076 06       		.uleb128 0x6
 464 0077 40       		.uleb128 0x40
 465 0078 18       		.uleb128 0x18
 466 0079 9742     		.uleb128 0x2117
 467 007b 19       		.uleb128 0x19
 468 007c 00       		.byte	0
 469 007d 00       		.byte	0
 470 007e 0A       		.uleb128 0xa
 471 007f 2E       		.uleb128 0x2e
 472 0080 01       		.byte	0x1
 473 0081 3F       		.uleb128 0x3f
 474 0082 19       		.uleb128 0x19
 475 0083 03       		.uleb128 0x3
 476 0084 0E       		.uleb128 0xe
 477 0085 3A       		.uleb128 0x3a
 478 0086 0B       		.uleb128 0xb
 479 0087 3B       		.uleb128 0x3b
 480 0088 0B       		.uleb128 0xb
 481 0089 27       		.uleb128 0x27
 482 008a 19       		.uleb128 0x19
 483 008b 11       		.uleb128 0x11
ARM GAS  C:\Users\marti\AppData\Local\Temp\ccfSPzre.s 			page 12


 484 008c 01       		.uleb128 0x1
 485 008d 12       		.uleb128 0x12
 486 008e 06       		.uleb128 0x6
 487 008f 40       		.uleb128 0x40
 488 0090 18       		.uleb128 0x18
 489 0091 9742     		.uleb128 0x2117
 490 0093 19       		.uleb128 0x19
 491 0094 01       		.uleb128 0x1
 492 0095 13       		.uleb128 0x13
 493 0096 00       		.byte	0
 494 0097 00       		.byte	0
 495 0098 0B       		.uleb128 0xb
 496 0099 898201   		.uleb128 0x4109
 497 009c 00       		.byte	0
 498 009d 11       		.uleb128 0x11
 499 009e 01       		.uleb128 0x1
 500 009f 31       		.uleb128 0x31
 501 00a0 13       		.uleb128 0x13
 502 00a1 00       		.byte	0
 503 00a2 00       		.byte	0
 504 00a3 0C       		.uleb128 0xc
 505 00a4 34       		.uleb128 0x34
 506 00a5 00       		.byte	0
 507 00a6 03       		.uleb128 0x3
 508 00a7 0E       		.uleb128 0xe
 509 00a8 3A       		.uleb128 0x3a
 510 00a9 0B       		.uleb128 0xb
 511 00aa 3B       		.uleb128 0x3b
 512 00ab 0B       		.uleb128 0xb
 513 00ac 49       		.uleb128 0x49
 514 00ad 13       		.uleb128 0x13
 515 00ae 02       		.uleb128 0x2
 516 00af 18       		.uleb128 0x18
 517 00b0 00       		.byte	0
 518 00b1 00       		.byte	0
 519 00b2 0D       		.uleb128 0xd
 520 00b3 34       		.uleb128 0x34
 521 00b4 00       		.byte	0
 522 00b5 03       		.uleb128 0x3
 523 00b6 0E       		.uleb128 0xe
 524 00b7 3A       		.uleb128 0x3a
 525 00b8 0B       		.uleb128 0xb
 526 00b9 3B       		.uleb128 0x3b
 527 00ba 0B       		.uleb128 0xb
 528 00bb 49       		.uleb128 0x49
 529 00bc 13       		.uleb128 0x13
 530 00bd 3F       		.uleb128 0x3f
 531 00be 19       		.uleb128 0x19
 532 00bf 3C       		.uleb128 0x3c
 533 00c0 19       		.uleb128 0x19
 534 00c1 00       		.byte	0
 535 00c2 00       		.byte	0
 536 00c3 0E       		.uleb128 0xe
 537 00c4 2E       		.uleb128 0x2e
 538 00c5 00       		.byte	0
 539 00c6 3F       		.uleb128 0x3f
 540 00c7 19       		.uleb128 0x19
ARM GAS  C:\Users\marti\AppData\Local\Temp\ccfSPzre.s 			page 13


 541 00c8 3C       		.uleb128 0x3c
 542 00c9 19       		.uleb128 0x19
 543 00ca 6E       		.uleb128 0x6e
 544 00cb 0E       		.uleb128 0xe
 545 00cc 03       		.uleb128 0x3
 546 00cd 0E       		.uleb128 0xe
 547 00ce 3A       		.uleb128 0x3a
 548 00cf 0B       		.uleb128 0xb
 549 00d0 3B       		.uleb128 0x3b
 550 00d1 0B       		.uleb128 0xb
 551 00d2 00       		.byte	0
 552 00d3 00       		.byte	0
 553 00d4 00       		.byte	0
 554              		.section	.debug_aranges,"",%progbits
 555 0000 34000000 		.4byte	0x34
 556 0004 0200     		.2byte	0x2
 557 0006 00000000 		.4byte	.Ldebug_info0
 558 000a 04       		.byte	0x4
 559 000b 00       		.byte	0
 560 000c 0000     		.2byte	0
 561 000e 0000     		.2byte	0
 562 0010 00000000 		.4byte	.LFB0
 563 0014 02000000 		.4byte	.LFE0-.LFB0
 564 0018 00000000 		.4byte	.LFB1
 565 001c 02000000 		.4byte	.LFE1-.LFB1
 566 0020 00000000 		.4byte	.LFB2
 567 0024 1C000000 		.4byte	.LFE2-.LFB2
 568 0028 00000000 		.4byte	.LFB3
 569 002c 30000000 		.4byte	.LFE3-.LFB3
 570 0030 00000000 		.4byte	0
 571 0034 00000000 		.4byte	0
 572              		.section	.debug_ranges,"",%progbits
 573              	.Ldebug_ranges0:
 574 0000 00000000 		.4byte	.LFB0
 575 0004 02000000 		.4byte	.LFE0
 576 0008 00000000 		.4byte	.LFB1
 577 000c 02000000 		.4byte	.LFE1
 578 0010 00000000 		.4byte	.LFB2
 579 0014 1C000000 		.4byte	.LFE2
 580 0018 00000000 		.4byte	.LFB3
 581 001c 30000000 		.4byte	.LFE3
 582 0020 00000000 		.4byte	0
 583 0024 00000000 		.4byte	0
 584              		.section	.debug_line,"",%progbits
 585              	.Ldebug_line0:
 586 0000 CD000000 		.section	.debug_str,"MS",%progbits,1
 586      02008000 
 586      00000201 
 586      FB0E0D00 
 586      01010101 
 587              	.LASF24:
 588 0000 5350494D 		.ascii	"SPIM_led_control_txBufferWrite\000"
 588      5F6C6564 
 588      5F636F6E 
 588      74726F6C 
 588      5F747842 
 589              	.LASF30:
ARM GAS  C:\Users\marti\AppData\Local\Temp\ccfSPzre.s 			page 14


 590 001f 47656E65 		.ascii	"Generated_Source\\PSoC5\\SPIM_led_control_PM.c\000"
 590      72617465 
 590      645F536F 
 590      75726365 
 590      5C50536F 
 591              	.LASF31:
 592 004c 433A5C55 		.ascii	"C:\\Users\\marti\\OneDrive\\Dokumenter\\3 semester "
 592      73657273 
 592      5C6D6172 
 592      74695C4F 
 592      6E654472 
 593 007a 7265706F 		.ascii	"repos\\player_side_app\\integration\\integration\\i"
 593      735C706C 
 593      61796572 
 593      5F736964 
 593      655F6170 
 594 00a9 6E746567 		.ascii	"ntegration_controller-light.cydsn\000"
 594      72617469 
 594      6F6E5F63 
 594      6F6E7472 
 594      6F6C6C65 
 595              	.LASF3:
 596 00cb 73686F72 		.ascii	"short unsigned int\000"
 596      7420756E 
 596      7369676E 
 596      65642069 
 596      6E7400
 597              	.LASF18:
 598 00de 5350494D 		.ascii	"SPIM_led_control_BACKUP_STRUCT\000"
 598      5F6C6564 
 598      5F636F6E 
 598      74726F6C 
 598      5F424143 
 599              	.LASF21:
 600 00fd 5350494D 		.ascii	"SPIM_led_control_Sleep\000"
 600      5F6C6564 
 600      5F636F6E 
 600      74726F6C 
 600      5F536C65 
 601              	.LASF27:
 602 0114 5350494D 		.ascii	"SPIM_led_control_ClearFIFO\000"
 602      5F6C6564 
 602      5F636F6E 
 602      74726F6C 
 602      5F436C65 
 603              	.LASF9:
 604 012f 666C6F61 		.ascii	"float\000"
 604      7400
 605              	.LASF22:
 606 0135 5350494D 		.ascii	"SPIM_led_control_Wakeup\000"
 606      5F6C6564 
 606      5F636F6E 
 606      74726F6C 
 606      5F57616B 
 607              	.LASF1:
 608 014d 756E7369 		.ascii	"unsigned char\000"
 608      676E6564 
ARM GAS  C:\Users\marti\AppData\Local\Temp\ccfSPzre.s 			page 15


 608      20636861 
 608      7200
 609              	.LASF29:
 610 015b 474E5520 		.ascii	"GNU C11 5.4.1 20160609 (release) [ARM/embedded-5-br"
 610      43313120 
 610      352E342E 
 610      31203230 
 610      31363036 
 611 018e 616E6368 		.ascii	"anch revision 237715] -mcpu=cortex-m3 -mthumb -g -O"
 611      20726576 
 611      6973696F 
 611      6E203233 
 611      37373135 
 612 01c1 67202D66 		.ascii	"g -ffunction-sections -ffat-lto-objects\000"
 612      66756E63 
 612      74696F6E 
 612      2D736563 
 612      74696F6E 
 613              	.LASF13:
 614 01e9 72656738 		.ascii	"reg8\000"
 614      00
 615              	.LASF5:
 616 01ee 6C6F6E67 		.ascii	"long unsigned int\000"
 616      20756E73 
 616      69676E65 
 616      6420696E 
 616      7400
 617              	.LASF12:
 618 0200 75696E74 		.ascii	"uint8\000"
 618      3800
 619              	.LASF23:
 620 0206 5350494D 		.ascii	"SPIM_led_control_txBufferRead\000"
 620      5F6C6564 
 620      5F636F6E 
 620      74726F6C 
 620      5F747842 
 621              	.LASF25:
 622 0224 5350494D 		.ascii	"SPIM_led_control_txBufferFull\000"
 622      5F6C6564 
 622      5F636F6E 
 622      74726F6C 
 622      5F747842 
 623              	.LASF26:
 624 0242 5350494D 		.ascii	"SPIM_led_control_Stop\000"
 624      5F6C6564 
 624      5F636F6E 
 624      74726F6C 
 624      5F53746F 
 625              	.LASF10:
 626 0258 646F7562 		.ascii	"double\000"
 626      6C6500
 627              	.LASF20:
 628 025f 5350494D 		.ascii	"SPIM_led_control_RestoreConfig\000"
 628      5F6C6564 
 628      5F636F6E 
 628      74726F6C 
 628      5F526573 
ARM GAS  C:\Users\marti\AppData\Local\Temp\ccfSPzre.s 			page 16


 629              	.LASF17:
 630 027e 636E7472 		.ascii	"cntrPeriod\000"
 630      50657269 
 630      6F6400
 631              	.LASF8:
 632 0289 756E7369 		.ascii	"unsigned int\000"
 632      676E6564 
 632      20696E74 
 632      00
 633              	.LASF7:
 634 0296 6C6F6E67 		.ascii	"long long unsigned int\000"
 634      206C6F6E 
 634      6720756E 
 634      7369676E 
 634      65642069 
 635              	.LASF19:
 636 02ad 5350494D 		.ascii	"SPIM_led_control_SaveConfig\000"
 636      5F6C6564 
 636      5F636F6E 
 636      74726F6C 
 636      5F536176 
 637              	.LASF28:
 638 02c9 5350494D 		.ascii	"SPIM_led_control_Enable\000"
 638      5F6C6564 
 638      5F636F6E 
 638      74726F6C 
 638      5F456E61 
 639              	.LASF15:
 640 02e1 73697A65 		.ascii	"sizetype\000"
 640      74797065 
 640      00
 641              	.LASF6:
 642 02ea 6C6F6E67 		.ascii	"long long int\000"
 642      206C6F6E 
 642      6720696E 
 642      7400
 643              	.LASF11:
 644 02f8 63686172 		.ascii	"char\000"
 644      00
 645              	.LASF2:
 646 02fd 73686F72 		.ascii	"short int\000"
 646      7420696E 
 646      7400
 647              	.LASF4:
 648 0307 6C6F6E67 		.ascii	"long int\000"
 648      20696E74 
 648      00
 649              	.LASF16:
 650 0310 656E6162 		.ascii	"enableState\000"
 650      6C655374 
 650      61746500 
 651              	.LASF14:
 652 031c 6C6F6E67 		.ascii	"long double\000"
 652      20646F75 
 652      626C6500 
 653              	.LASF0:
 654 0328 7369676E 		.ascii	"signed char\000"
ARM GAS  C:\Users\marti\AppData\Local\Temp\ccfSPzre.s 			page 17


 654      65642063 
 654      68617200 
 655              	.LASF32:
 656 0334 5350494D 		.ascii	"SPIM_led_control_backup\000"
 656      5F6C6564 
 656      5F636F6E 
 656      74726F6C 
 656      5F626163 
 657              		.ident	"GCC: (GNU Tools for ARM Embedded Processors) 5.4.1 20160609 (release) [ARM/embedded-5-bran
