--------------- Clean Started: 12/11/2018 12:54:27 Project: CupSensor_IF, Configuration: ARM GCC 5.4-2016-q2-update Debug ---------------
Deleting file ".\CortexM3\ARM_GCC_541\Debug\main.o"
Deleting file ".\CortexM3\ARM_GCC_541\Debug\CupSensor_IF.o"
Deleting file ".\CortexM3\ARM_GCC_541\Debug\cyfitter_cfg.o"
Deleting file ".\CortexM3\ARM_GCC_541\Debug\cymetadata.o"
Deleting file ".\CortexM3\ARM_GCC_541\Debug\cy_em_eeprom.o"
Deleting file ".\CortexM3\ARM_GCC_541\Debug\Cm3Start.o"
Deleting file ".\CortexM3\ARM_GCC_541\Debug\CyBootAsmGnu.o"
Deleting file ".\CortexM3\ARM_GCC_541\Debug\CyDmac.o"
Deleting file ".\CortexM3\ARM_GCC_541\Debug\CyFlash.o"
Deleting file ".\CortexM3\ARM_GCC_541\Debug\CyLib.o"
Deleting file ".\CortexM3\ARM_GCC_541\Debug\cyPm.o"
Deleting file ".\CortexM3\ARM_GCC_541\Debug\CySpc.o"
Deleting file ".\CortexM3\ARM_GCC_541\Debug\cyutils.o"
Deleting file ".\CortexM3\ARM_GCC_541\Debug\photodiodes.o"
Deleting file ".\CortexM3\ARM_GCC_541\Debug\leds.o"
Deleting file ".\CortexM3\ARM_GCC_541\Debug\dacOut.o"
Deleting file ".\CortexM3\ARM_GCC_541\Debug\UART.o"
Deleting file ".\CortexM3\ARM_GCC_541\Debug\UART_PM.o"
Deleting file ".\CortexM3\ARM_GCC_541\Debug\UART_INT.o"
Deleting file ".\CortexM3\ARM_GCC_541\Debug\UART_BOOT.o"
Deleting file ".\CortexM3\ARM_GCC_541\Debug\UART_IntClock.o"
Deleting file ".\CortexM3\ARM_GCC_541\Debug\Test_time_pin.o"
Deleting file ".\CortexM3\ARM_GCC_541\Debug\RED_pin.o"
Deleting file ".\CortexM3\ARM_GCC_541\Debug\GREEN_pin.o"
Deleting file ".\CortexM3\ARM_GCC_541\Debug\BLUE_pin.o"
Deleting file ".\CortexM3\ARM_GCC_541\Debug\CupSensor_CupSensor.o"
Deleting file ".\CortexM3\ARM_GCC_541\Debug\CupSensor_CircularBuffer.o"
Deleting file ".\CortexM3\ARM_GCC_541\Debug\CupSensor_CupSensorUnit.o"
Deleting file ".\CortexM3\ARM_GCC_541\Debug\CupSensor_DMA_ADC_dma.o"
Deleting file ".\CortexM3\ARM_GCC_541\Debug\CupSensor_TIA.o"
Deleting file ".\CortexM3\ARM_GCC_541\Debug\CupSensor_TIA_PM.o"
Deleting file ".\CortexM3\ARM_GCC_541\Debug\CupSensor_Control_Reg_Led.o"
Deleting file ".\CortexM3\ARM_GCC_541\Debug\CupSensor_Control_Reg_Led_PM.o"
Deleting file ".\CortexM3\ARM_GCC_541\Debug\CupSensor_VDAC8.o"
Deleting file ".\CortexM3\ARM_GCC_541\Debug\CupSensor_VDAC8_PM.o"
Deleting file ".\CortexM3\ARM_GCC_541\Debug\CupSensor_ADC_DelSig.o"
Deleting file ".\CortexM3\ARM_GCC_541\Debug\CupSensor_ADC_DelSig_PM.o"
Deleting file ".\CortexM3\ARM_GCC_541\Debug\CupSensor_ADC_DelSig_INT.o"
Deleting file ".\CortexM3\ARM_GCC_541\Debug\CupSensor_ADC_DelSig_Ext_CP_Clk.o"
Deleting file ".\CortexM3\ARM_GCC_541\Debug\CupSensor_ADC_DelSig_Bypass_P03.o"
Deleting file ".\CortexM3\ARM_GCC_541\Debug\CupSensor_ADC_DelSig_IRQ.o"
Deleting file ".\CortexM3\ARM_GCC_541\Debug\CupSensor_ADC_DelSig_theACLK.o"
Deleting file ".\CortexM3\ARM_GCC_541\Debug\CupSensor_isr_DMA.o"
Deleting file ".\CortexM3\ARM_GCC_541\Debug\CupSensor_LED_clock.o"
Deleting file ".\CortexM3\ARM_GCC_541\Debug\CupSensor_IF.hex"
Deleting file ".\CortexM3\ARM_GCC_541\Debug\CupSensor_IF.elf"
Deleting file ".\CortexM3\ARM_GCC_541\Debug\CupSensor_IF.map"
Deleting file ".\CupSensor_IF.cycdx"
Deleting file ".\CupSensor_IF.svd"
Deleting file ".\CupSensor_IF.rpt"
Deleting file ".\CupSensor_IF_timing.html"
Deleting file ".\CortexM3\ARM_GCC_541\Debug\.deps\SOURCE_C__ARM_GCC_GENERIC.P"
Deleting file ".\CortexM3\ARM_GCC_541\Debug\.deps\SOURCE_ASM__ARM_GCC_GENERIC.P"
--------------- Clean Succeeded: 12/11/2018 12:54:27 ---------------
