--------------- Rebuild Started: 11/21/2018 21:49:21 Project: CupSensor_IF, Configuration: ARM GCC 5.4-2016-q2-update Debug ---------------
Deleting file ".\CortexM3\ARM_GCC_541\Debug\main.o"
Deleting file ".\CortexM3\ARM_GCC_541\Debug\cyfitter_cfg.o"
Deleting file ".\CortexM3\ARM_GCC_541\Debug\cymetadata.o"
Deleting file ".\CortexM3\ARM_GCC_541\Debug\CupSensor_1_TIA.o"
Deleting file ".\CortexM3\ARM_GCC_541\Debug\CupSensor_1_TIA_PM.o"
Deleting file ".\CortexM3\ARM_GCC_541\Debug\CupSensor_1_Clock_2.o"
Deleting file ".\CortexM3\ARM_GCC_541\Debug\CupSensor_1_Mixer.o"
Deleting file ".\CortexM3\ARM_GCC_541\Debug\CupSensor_1_Mixer_PM.o"
Deleting file ".\CortexM3\ARM_GCC_541\Debug\CupSensor_1_ADC_DelSig.o"
Deleting file ".\CortexM3\ARM_GCC_541\Debug\CupSensor_1_ADC_DelSig_PM.o"
Deleting file ".\CortexM3\ARM_GCC_541\Debug\CupSensor_1_ADC_DelSig_INT.o"
Deleting file ".\CortexM3\ARM_GCC_541\Debug\CupSensor_1_isr_1.o"
Deleting file ".\CortexM3\ARM_GCC_541\Debug\CupSensor_1_ADC_DelSig_Ext_CP_Clk.o"
Deleting file ".\CortexM3\ARM_GCC_541\Debug\CupSensor_1_ADC_DelSig_IRQ.o"
Deleting file ".\CortexM3\ARM_GCC_541\Debug\cy_em_eeprom.o"
Deleting file ".\CortexM3\ARM_GCC_541\Debug\Cm3Start.o"
Deleting file ".\CortexM3\ARM_GCC_541\Debug\CyBootAsmGnu.o"
Deleting file ".\CortexM3\ARM_GCC_541\Debug\CyDmac.o"
Deleting file ".\CortexM3\ARM_GCC_541\Debug\CyFlash.o"
Deleting file ".\CortexM3\ARM_GCC_541\Debug\CyLib.o"
Deleting file ".\CortexM3\ARM_GCC_541\Debug\cyPm.o"
Deleting file ".\CortexM3\ARM_GCC_541\Debug\CySpc.o"
Deleting file ".\CortexM3\ARM_GCC_541\Debug\cyutils.o"
Deleting file ".\CortexM3\ARM_GCC_541\Debug\CupSensor_1_CupSensor.o"
Deleting file ".\CortexM3\ARM_GCC_541\Debug\CupSensor_1_CupSensorUnit.o"
Deleting file ".\CortexM3\ARM_GCC_541\Debug\CupSensor_1_CircularBuffer.o"
Deleting file ".\CortexM3\ARM_GCC_541\Debug\CupSensor_1_Control_Reg_Led.o"
Deleting file ".\CortexM3\ARM_GCC_541\Debug\CupSensor_1_Control_Reg_Led_PM.o"
Deleting file ".\CortexM3\ARM_GCC_541\Debug\CupSensor_1_DMA_ADC_dma.o"
Deleting file ".\CortexM3\ARM_GCC_541\Debug\CupSensor_1_DMA_Filter_to_DAC_dma.o"
Deleting file ".\CortexM3\ARM_GCC_541\Debug\CupSensor_1_DMA_Filter_dma.o"
Deleting file ".\CortexM3\ARM_GCC_541\Debug\CupSensor_1_ADC_DelSig_theACLK.o"
Deleting file ".\CortexM3\ARM_GCC_541\Debug\photodiodes.o"
Deleting file ".\CortexM3\ARM_GCC_541\Debug\leds.o"
Deleting file ".\CortexM3\ARM_GCC_541\Debug\dacOut.o"
Deleting file ".\CortexM3\ARM_GCC_541\Debug\CupSensor_1_VDAC8.o"
Deleting file ".\CortexM3\ARM_GCC_541\Debug\CupSensor_1_VDAC8_PM.o"
Deleting file ".\CortexM3\ARM_GCC_541\Debug\CupSensor_1_ADC_DelSig_Bypass_P03.o"
Deleting file ".\CortexM3\ARM_GCC_541\Debug\UART.o"
Deleting file ".\CortexM3\ARM_GCC_541\Debug\UART_PM.o"
Deleting file ".\CortexM3\ARM_GCC_541\Debug\UART_INT.o"
Deleting file ".\CortexM3\ARM_GCC_541\Debug\UART_BOOT.o"
Deleting file ".\CortexM3\ARM_GCC_541\Debug\UART_IntClock.o"
Deleting file ".\CortexM3\ARM_GCC_541\Debug\CupSensor_IF.hex"
Deleting file ".\CortexM3\ARM_GCC_541\Debug\CupSensor_IF.elf"
Deleting file ".\CortexM3\ARM_GCC_541\Debug\CupSensor_IF.map"
Deleting file ".\CupSensor_IF.cycdx"
Deleting file ".\CupSensor_IF.svd"
Deleting file ".\CupSensor_IF.rpt"
Deleting file ".\CupSensor_IF_timing.html"
Deleting file ".\CortexM3\ARM_GCC_541\Debug\.deps\SOURCE_C__ARM_GCC_GENERIC.P"
Deleting file ".\CortexM3\ARM_GCC_541\Debug\.deps\SOURCE_ASM__ARM_GCC_GENERIC.P"
cydsfit.exe -.appdatapath "C:\Users\nikol\AppData\Local\Cypress Semiconductor\PSoC Creator\4.2" -.fdsnotice -.fdswarpdepfile=warp_dependencies.txt -.fdselabdepfile=elab_dependencies.txt -.fdsbldfile=generated_files.txt -.fdsreffile=referenced_files.txt -p "C:\Users\nikol\Documents\git\3. Semester\PRJ3\player_side_app\CupSensor_IF\CupSensor_IF.cydsn\CupSensor_IF.cyprj" -d CY8C5888LTI-LP097 -s "C:\Users\nikol\Documents\git\3. Semester\PRJ3\player_side_app\CupSensor_IF\CupSensor_IF.cydsn\Generated_Source\PSoC5" -- -yv2 -q10 -ygs -o2 -v3 -.fftcfgtype=LE
Elaborating Design...
ADD: fit.M0029: information: Voltage Reference Information: Vref 'Vdda/2' is connected to terminal 'vminus' of '\CupSensor_1:ADC_DelSig:DSM\' but no direct hardware connection exists.
 * C:\Program Files (x86)\Cypress\PSoC Creator\4.2\PSoC Creator\psoc\content\CyComponentLibrary\CyComponentLibrary.cylib\ADC_DelSig_v3_30\PSoC5\ADC_DelSig_v3_30.cysch (Instance:DSM)
 * C:\Users\nikol\Documents\git\3. Semester\PRJ3\player_side_app\CupSensor_IF\CupSensor_IF.cydsn\CupSensor\PSoC5\CY8C5888LTI-LP097\CupSensor.cysch (Instance:vRef_3)
HDL Generation...
Synthesis...
Tech Mapping...
ADD: pft.M0040: information: The following 1 pin(s) will be assigned a location by the fitter: \CupSensor_1:ADC_DelSig:Bypass_P03(0)\
Analog Placement...
Log: apr.M0058: The analog placement iterative improvement is 51% done. (App=cydsfit)
Analog Routing...
Analog Code Generation...
Digital Placement...
Digital Routing...
Bitstream Generation...
Bitstream Verification...
Static timing analysis...
API Generation...
Dependency Generation...
Cleanup...
arm-none-eabi-gcc.exe -mcpu=cortex-m3 -mthumb -I. -IGenerated_Source\PSoC5 -Wa,-alh=.\CortexM3\ARM_GCC_541\Debug/main.lst -g -D DEBUG -D CY_CORE_ID=0 -Wall -ffunction-sections -ffat-lto-objects -Og -c main.c -o .\CortexM3\ARM_GCC_541\Debug\main.o
arm-none-eabi-gcc.exe -mcpu=cortex-m3 -mthumb -I. -IGenerated_Source\PSoC5 -Wa,-alh=.\CortexM3\ARM_GCC_541\Debug/cyfitter_cfg.lst -g -D DEBUG -D CY_CORE_ID=0 -Wall -ffunction-sections -ffat-lto-objects -Og -c Generated_Source\PSoC5\cyfitter_cfg.c -o .\CortexM3\ARM_GCC_541\Debug\cyfitter_cfg.o
arm-none-eabi-gcc.exe -mcpu=cortex-m3 -mthumb -I. -IGenerated_Source\PSoC5 -Wa,-alh=.\CortexM3\ARM_GCC_541\Debug/cymetadata.lst -g -D DEBUG -D CY_CORE_ID=0 -Wall -ffunction-sections -ffat-lto-objects -Og -c Generated_Source\PSoC5\cymetadata.c -o .\CortexM3\ARM_GCC_541\Debug\cymetadata.o
arm-none-eabi-gcc.exe -mcpu=cortex-m3 -mthumb -I. -IGenerated_Source\PSoC5 -Wa,-alh=.\CortexM3\ARM_GCC_541\Debug/CupSensor_1_TIA.lst -g -D DEBUG -D CY_CORE_ID=0 -Wall -ffunction-sections -ffat-lto-objects -Og -c Generated_Source\PSoC5\CupSensor_1_TIA.c -o .\CortexM3\ARM_GCC_541\Debug\CupSensor_1_TIA.o
arm-none-eabi-gcc.exe -mcpu=cortex-m3 -mthumb -I. -IGenerated_Source\PSoC5 -Wa,-alh=.\CortexM3\ARM_GCC_541\Debug/CupSensor_1_TIA_PM.lst -g -D DEBUG -D CY_CORE_ID=0 -Wall -ffunction-sections -ffat-lto-objects -Og -c Generated_Source\PSoC5\CupSensor_1_TIA_PM.c -o .\CortexM3\ARM_GCC_541\Debug\CupSensor_1_TIA_PM.o
arm-none-eabi-gcc.exe -mcpu=cortex-m3 -mthumb -I. -IGenerated_Source\PSoC5 -Wa,-alh=.\CortexM3\ARM_GCC_541\Debug/CupSensor_1_Clock_2.lst -g -D DEBUG -D CY_CORE_ID=0 -Wall -ffunction-sections -ffat-lto-objects -Og -c Generated_Source\PSoC5\CupSensor_1_Clock_2.c -o .\CortexM3\ARM_GCC_541\Debug\CupSensor_1_Clock_2.o
arm-none-eabi-gcc.exe -mcpu=cortex-m3 -mthumb -I. -IGenerated_Source\PSoC5 -Wa,-alh=.\CortexM3\ARM_GCC_541\Debug/CupSensor_1_Mixer.lst -g -D DEBUG -D CY_CORE_ID=0 -Wall -ffunction-sections -ffat-lto-objects -Og -c Generated_Source\PSoC5\CupSensor_1_Mixer.c -o .\CortexM3\ARM_GCC_541\Debug\CupSensor_1_Mixer.o
arm-none-eabi-gcc.exe -mcpu=cortex-m3 -mthumb -I. -IGenerated_Source\PSoC5 -Wa,-alh=.\CortexM3\ARM_GCC_541\Debug/CupSensor_1_Mixer_PM.lst -g -D DEBUG -D CY_CORE_ID=0 -Wall -ffunction-sections -ffat-lto-objects -Og -c Generated_Source\PSoC5\CupSensor_1_Mixer_PM.c -o .\CortexM3\ARM_GCC_541\Debug\CupSensor_1_Mixer_PM.o
arm-none-eabi-gcc.exe -mcpu=cortex-m3 -mthumb -I. -IGenerated_Source\PSoC5 -Wa,-alh=.\CortexM3\ARM_GCC_541\Debug/CupSensor_1_ADC_DelSig.lst -g -D DEBUG -D CY_CORE_ID=0 -Wall -ffunction-sections -ffat-lto-objects -Og -c Generated_Source\PSoC5\CupSensor_1_ADC_DelSig.c -o .\CortexM3\ARM_GCC_541\Debug\CupSensor_1_ADC_DelSig.o
arm-none-eabi-gcc.exe -mcpu=cortex-m3 -mthumb -I. -IGenerated_Source\PSoC5 -Wa,-alh=.\CortexM3\ARM_GCC_541\Debug/CupSensor_1_ADC_DelSig_PM.lst -g -D DEBUG -D CY_CORE_ID=0 -Wall -ffunction-sections -ffat-lto-objects -Og -c Generated_Source\PSoC5\CupSensor_1_ADC_DelSig_PM.c -o .\CortexM3\ARM_GCC_541\Debug\CupSensor_1_ADC_DelSig_PM.o
arm-none-eabi-gcc.exe -mcpu=cortex-m3 -mthumb -I. -IGenerated_Source\PSoC5 -Wa,-alh=.\CortexM3\ARM_GCC_541\Debug/CupSensor_1_ADC_DelSig_INT.lst -g -D DEBUG -D CY_CORE_ID=0 -Wall -ffunction-sections -ffat-lto-objects -Og -c Generated_Source\PSoC5\CupSensor_1_ADC_DelSig_INT.c -o .\CortexM3\ARM_GCC_541\Debug\CupSensor_1_ADC_DelSig_INT.o
arm-none-eabi-gcc.exe -mcpu=cortex-m3 -mthumb -I. -IGenerated_Source\PSoC5 -Wa,-alh=.\CortexM3\ARM_GCC_541\Debug/CupSensor_1_isr_1.lst -g -D DEBUG -D CY_CORE_ID=0 -Wall -ffunction-sections -ffat-lto-objects -Og -c Generated_Source\PSoC5\CupSensor_1_isr_1.c -o .\CortexM3\ARM_GCC_541\Debug\CupSensor_1_isr_1.o
arm-none-eabi-gcc.exe -mcpu=cortex-m3 -mthumb -I. -IGenerated_Source\PSoC5 -Wa,-alh=.\CortexM3\ARM_GCC_541\Debug/CupSensor_1_ADC_DelSig_Ext_CP_Clk.lst -g -D DEBUG -D CY_CORE_ID=0 -Wall -ffunction-sections -ffat-lto-objects -Og -c Generated_Source\PSoC5\CupSensor_1_ADC_DelSig_Ext_CP_Clk.c -o .\CortexM3\ARM_GCC_541\Debug\CupSensor_1_ADC_DelSig_Ext_CP_Clk.o
arm-none-eabi-gcc.exe -mcpu=cortex-m3 -mthumb -I. -IGenerated_Source\PSoC5 -Wa,-alh=.\CortexM3\ARM_GCC_541\Debug/CupSensor_1_ADC_DelSig_IRQ.lst -g -D DEBUG -D CY_CORE_ID=0 -Wall -ffunction-sections -ffat-lto-objects -Og -c Generated_Source\PSoC5\CupSensor_1_ADC_DelSig_IRQ.c -o .\CortexM3\ARM_GCC_541\Debug\CupSensor_1_ADC_DelSig_IRQ.o
arm-none-eabi-gcc.exe -mcpu=cortex-m3 -mthumb -I. -IGenerated_Source\PSoC5 -Wa,-alh=.\CortexM3\ARM_GCC_541\Debug/cy_em_eeprom.lst -g -D DEBUG -D CY_CORE_ID=0 -Wall -ffunction-sections -ffat-lto-objects -Og -c Generated_Source\PSoC5\cy_em_eeprom.c -o .\CortexM3\ARM_GCC_541\Debug\cy_em_eeprom.o
arm-none-eabi-gcc.exe -mcpu=cortex-m3 -mthumb -I. -IGenerated_Source\PSoC5 -Wa,-alh=.\CortexM3\ARM_GCC_541\Debug/Cm3Start.lst -g -D DEBUG -D CY_CORE_ID=0 -Wall -ffunction-sections -ffat-lto-objects -Og -c Generated_Source\PSoC5\Cm3Start.c -o .\CortexM3\ARM_GCC_541\Debug\Cm3Start.o
arm-none-eabi-gcc.exe -mcpu=cortex-m3 -mthumb -I. -IGenerated_Source\PSoC5 -Wa,-alh=.\CortexM3\ARM_GCC_541\Debug/CyDmac.lst -g -D DEBUG -D CY_CORE_ID=0 -Wall -ffunction-sections -ffat-lto-objects -Og -c Generated_Source\PSoC5\CyDmac.c -o .\CortexM3\ARM_GCC_541\Debug\CyDmac.o
arm-none-eabi-gcc.exe -mcpu=cortex-m3 -mthumb -I. -IGenerated_Source\PSoC5 -Wa,-alh=.\CortexM3\ARM_GCC_541\Debug/CyFlash.lst -g -D DEBUG -D CY_CORE_ID=0 -Wall -ffunction-sections -ffat-lto-objects -Og -c Generated_Source\PSoC5\CyFlash.c -o .\CortexM3\ARM_GCC_541\Debug\CyFlash.o
arm-none-eabi-gcc.exe -mcpu=cortex-m3 -mthumb -I. -IGenerated_Source\PSoC5 -Wa,-alh=.\CortexM3\ARM_GCC_541\Debug/CyLib.lst -g -D DEBUG -D CY_CORE_ID=0 -Wall -ffunction-sections -ffat-lto-objects -Og -c Generated_Source\PSoC5\CyLib.c -o .\CortexM3\ARM_GCC_541\Debug\CyLib.o
arm-none-eabi-gcc.exe -mcpu=cortex-m3 -mthumb -I. -IGenerated_Source\PSoC5 -Wa,-alh=.\CortexM3\ARM_GCC_541\Debug/cyPm.lst -g -D DEBUG -D CY_CORE_ID=0 -Wall -ffunction-sections -ffat-lto-objects -Og -c Generated_Source\PSoC5\cyPm.c -o .\CortexM3\ARM_GCC_541\Debug\cyPm.o
arm-none-eabi-gcc.exe -mcpu=cortex-m3 -mthumb -I. -IGenerated_Source\PSoC5 -Wa,-alh=.\CortexM3\ARM_GCC_541\Debug/CySpc.lst -g -D DEBUG -D CY_CORE_ID=0 -Wall -ffunction-sections -ffat-lto-objects -Og -c Generated_Source\PSoC5\CySpc.c -o .\CortexM3\ARM_GCC_541\Debug\CySpc.o
arm-none-eabi-gcc.exe -mcpu=cortex-m3 -mthumb -I. -IGenerated_Source\PSoC5 -Wa,-alh=.\CortexM3\ARM_GCC_541\Debug/cyutils.lst -g -D DEBUG -D CY_CORE_ID=0 -Wall -ffunction-sections -ffat-lto-objects -Og -c Generated_Source\PSoC5\cyutils.c -o .\CortexM3\ARM_GCC_541\Debug\cyutils.o
arm-none-eabi-gcc.exe -mcpu=cortex-m3 -mthumb -I. -IGenerated_Source\PSoC5 -Wa,-alh=.\CortexM3\ARM_GCC_541\Debug/CupSensor_1_CupSensor.lst -g -D DEBUG -D CY_CORE_ID=0 -Wall -ffunction-sections -ffat-lto-objects -Og -c Generated_Source\PSoC5\CupSensor_1_CupSensor.c -o .\CortexM3\ARM_GCC_541\Debug\CupSensor_1_CupSensor.o
Generated_Source\PSoC5\CupSensor_1_CupSensor.c: In function 'newValueInterruptHandler':
Generated_Source\PSoC5\CupSensor_1_CupSensor.c:79:27: warning: format '%d' expects argument of type 'int', but argument 4 has type 'int32_t {aka long int}' [-Wformat=]
     snprintf(buffer, 255, "%d\r\n", V_sample[0]);
                           ^
Generated_Source\PSoC5\CupSensor_1_CupSensor.c:79:27: warning: format '%d' expects argument of type 'int', but argument 4 has type 'int32_t {aka long int}' [-Wformat=]
arm-none-eabi-gcc.exe -mcpu=cortex-m3 -mthumb -I. -IGenerated_Source\PSoC5 -Wa,-alh=.\CortexM3\ARM_GCC_541\Debug/CupSensor_1_CupSensorUnit.lst -g -D DEBUG -D CY_CORE_ID=0 -Wall -ffunction-sections -ffat-lto-objects -Og -c Generated_Source\PSoC5\CupSensor_1_CupSensorUnit.c -o .\CortexM3\ARM_GCC_541\Debug\CupSensor_1_CupSensorUnit.o
Generated_Source\PSoC5\CupSensor_1_CupSensorUnit.c: In function 'CupSensorUnit_updateState':
Generated_Source\PSoC5\CupSensor_1_CupSensorUnit.c:65:9: warning: enumeration value 'VALIDATING_HIT' not handled in switch [-Wswitch]
         switch (sensorUnit->state)
         ^
arm-none-eabi-gcc.exe -mcpu=cortex-m3 -mthumb -I. -IGenerated_Source\PSoC5 -Wa,-alh=.\CortexM3\ARM_GCC_541\Debug/CupSensor_1_CircularBuffer.lst -g -D DEBUG -D CY_CORE_ID=0 -Wall -ffunction-sections -ffat-lto-objects -Og -c Generated_Source\PSoC5\CupSensor_1_CircularBuffer.c -o .\CortexM3\ARM_GCC_541\Debug\CupSensor_1_CircularBuffer.o
arm-none-eabi-gcc.exe -mcpu=cortex-m3 -mthumb -I. -IGenerated_Source\PSoC5 -Wa,-alh=.\CortexM3\ARM_GCC_541\Debug/CupSensor_1_Control_Reg_Led.lst -g -D DEBUG -D CY_CORE_ID=0 -Wall -ffunction-sections -ffat-lto-objects -Og -c Generated_Source\PSoC5\CupSensor_1_Control_Reg_Led.c -o .\CortexM3\ARM_GCC_541\Debug\CupSensor_1_Control_Reg_Led.o
arm-none-eabi-gcc.exe -mcpu=cortex-m3 -mthumb -I. -IGenerated_Source\PSoC5 -Wa,-alh=.\CortexM3\ARM_GCC_541\Debug/CupSensor_1_Control_Reg_Led_PM.lst -g -D DEBUG -D CY_CORE_ID=0 -Wall -ffunction-sections -ffat-lto-objects -Og -c Generated_Source\PSoC5\CupSensor_1_Control_Reg_Led_PM.c -o .\CortexM3\ARM_GCC_541\Debug\CupSensor_1_Control_Reg_Led_PM.o
arm-none-eabi-gcc.exe -mcpu=cortex-m3 -mthumb -I. -IGenerated_Source\PSoC5 -Wa,-alh=.\CortexM3\ARM_GCC_541\Debug/CupSensor_1_DMA_ADC_dma.lst -g -D DEBUG -D CY_CORE_ID=0 -Wall -ffunction-sections -ffat-lto-objects -Og -c Generated_Source\PSoC5\CupSensor_1_DMA_ADC_dma.c -o .\CortexM3\ARM_GCC_541\Debug\CupSensor_1_DMA_ADC_dma.o
arm-none-eabi-gcc.exe -mcpu=cortex-m3 -mthumb -I. -IGenerated_Source\PSoC5 -Wa,-alh=.\CortexM3\ARM_GCC_541\Debug/CupSensor_1_DMA_Filter_to_DAC_dma.lst -g -D DEBUG -D CY_CORE_ID=0 -Wall -ffunction-sections -ffat-lto-objects -Og -c Generated_Source\PSoC5\CupSensor_1_DMA_Filter_to_DAC_dma.c -o .\CortexM3\ARM_GCC_541\Debug\CupSensor_1_DMA_Filter_to_DAC_dma.o
arm-none-eabi-gcc.exe -mcpu=cortex-m3 -mthumb -I. -IGenerated_Source\PSoC5 -Wa,-alh=.\CortexM3\ARM_GCC_541\Debug/CupSensor_1_DMA_Filter_dma.lst -g -D DEBUG -D CY_CORE_ID=0 -Wall -ffunction-sections -ffat-lto-objects -Og -c Generated_Source\PSoC5\CupSensor_1_DMA_Filter_dma.c -o .\CortexM3\ARM_GCC_541\Debug\CupSensor_1_DMA_Filter_dma.o
arm-none-eabi-gcc.exe -mcpu=cortex-m3 -mthumb -I. -IGenerated_Source\PSoC5 -Wa,-alh=.\CortexM3\ARM_GCC_541\Debug/CupSensor_1_ADC_DelSig_theACLK.lst -g -D DEBUG -D CY_CORE_ID=0 -Wall -ffunction-sections -ffat-lto-objects -Og -c Generated_Source\PSoC5\CupSensor_1_ADC_DelSig_theACLK.c -o .\CortexM3\ARM_GCC_541\Debug\CupSensor_1_ADC_DelSig_theACLK.o
arm-none-eabi-gcc.exe -mcpu=cortex-m3 -mthumb -I. -IGenerated_Source\PSoC5 -Wa,-alh=.\CortexM3\ARM_GCC_541\Debug/photodiodes.lst -g -D DEBUG -D CY_CORE_ID=0 -Wall -ffunction-sections -ffat-lto-objects -Og -c Generated_Source\PSoC5\photodiodes.c -o .\CortexM3\ARM_GCC_541\Debug\photodiodes.o
arm-none-eabi-gcc.exe -mcpu=cortex-m3 -mthumb -I. -IGenerated_Source\PSoC5 -Wa,-alh=.\CortexM3\ARM_GCC_541\Debug/leds.lst -g -D DEBUG -D CY_CORE_ID=0 -Wall -ffunction-sections -ffat-lto-objects -Og -c Generated_Source\PSoC5\leds.c -o .\CortexM3\ARM_GCC_541\Debug\leds.o
arm-none-eabi-gcc.exe -mcpu=cortex-m3 -mthumb -I. -IGenerated_Source\PSoC5 -Wa,-alh=.\CortexM3\ARM_GCC_541\Debug/dacOut.lst -g -D DEBUG -D CY_CORE_ID=0 -Wall -ffunction-sections -ffat-lto-objects -Og -c Generated_Source\PSoC5\dacOut.c -o .\CortexM3\ARM_GCC_541\Debug\dacOut.o
arm-none-eabi-gcc.exe -mcpu=cortex-m3 -mthumb -I. -IGenerated_Source\PSoC5 -Wa,-alh=.\CortexM3\ARM_GCC_541\Debug/CupSensor_1_VDAC8.lst -g -D DEBUG -D CY_CORE_ID=0 -Wall -ffunction-sections -ffat-lto-objects -Og -c Generated_Source\PSoC5\CupSensor_1_VDAC8.c -o .\CortexM3\ARM_GCC_541\Debug\CupSensor_1_VDAC8.o
arm-none-eabi-gcc.exe -mcpu=cortex-m3 -mthumb -I. -IGenerated_Source\PSoC5 -Wa,-alh=.\CortexM3\ARM_GCC_541\Debug/CupSensor_1_VDAC8_PM.lst -g -D DEBUG -D CY_CORE_ID=0 -Wall -ffunction-sections -ffat-lto-objects -Og -c Generated_Source\PSoC5\CupSensor_1_VDAC8_PM.c -o .\CortexM3\ARM_GCC_541\Debug\CupSensor_1_VDAC8_PM.o
arm-none-eabi-gcc.exe -mcpu=cortex-m3 -mthumb -I. -IGenerated_Source\PSoC5 -Wa,-alh=.\CortexM3\ARM_GCC_541\Debug/CupSensor_1_ADC_DelSig_Bypass_P03.lst -g -D DEBUG -D CY_CORE_ID=0 -Wall -ffunction-sections -ffat-lto-objects -Og -c Generated_Source\PSoC5\CupSensor_1_ADC_DelSig_Bypass_P03.c -o .\CortexM3\ARM_GCC_541\Debug\CupSensor_1_ADC_DelSig_Bypass_P03.o
arm-none-eabi-gcc.exe -mcpu=cortex-m3 -mthumb -I. -IGenerated_Source\PSoC5 -Wa,-alh=.\CortexM3\ARM_GCC_541\Debug/UART.lst -g -D DEBUG -D CY_CORE_ID=0 -Wall -ffunction-sections -ffat-lto-objects -Og -c Generated_Source\PSoC5\UART.c -o .\CortexM3\ARM_GCC_541\Debug\UART.o
arm-none-eabi-gcc.exe -mcpu=cortex-m3 -mthumb -I. -IGenerated_Source\PSoC5 -Wa,-alh=.\CortexM3\ARM_GCC_541\Debug/UART_PM.lst -g -D DEBUG -D CY_CORE_ID=0 -Wall -ffunction-sections -ffat-lto-objects -Og -c Generated_Source\PSoC5\UART_PM.c -o .\CortexM3\ARM_GCC_541\Debug\UART_PM.o
arm-none-eabi-gcc.exe -mcpu=cortex-m3 -mthumb -I. -IGenerated_Source\PSoC5 -Wa,-alh=.\CortexM3\ARM_GCC_541\Debug/UART_INT.lst -g -D DEBUG -D CY_CORE_ID=0 -Wall -ffunction-sections -ffat-lto-objects -Og -c Generated_Source\PSoC5\UART_INT.c -o .\CortexM3\ARM_GCC_541\Debug\UART_INT.o
arm-none-eabi-gcc.exe -mcpu=cortex-m3 -mthumb -I. -IGenerated_Source\PSoC5 -Wa,-alh=.\CortexM3\ARM_GCC_541\Debug/UART_BOOT.lst -g -D DEBUG -D CY_CORE_ID=0 -Wall -ffunction-sections -ffat-lto-objects -Og -c Generated_Source\PSoC5\UART_BOOT.c -o .\CortexM3\ARM_GCC_541\Debug\UART_BOOT.o
arm-none-eabi-gcc.exe -mcpu=cortex-m3 -mthumb -I. -IGenerated_Source\PSoC5 -Wa,-alh=.\CortexM3\ARM_GCC_541\Debug/UART_IntClock.lst -g -D DEBUG -D CY_CORE_ID=0 -Wall -ffunction-sections -ffat-lto-objects -Og -c Generated_Source\PSoC5\UART_IntClock.c -o .\CortexM3\ARM_GCC_541\Debug\UART_IntClock.o
arm-none-eabi-as.exe -mcpu=cortex-m3 -mthumb -I. -IGenerated_Source\PSoC5 -alh=.\CortexM3\ARM_GCC_541\Debug/CyBootAsmGnu.lst -g -W -o .\CortexM3\ARM_GCC_541\Debug\CyBootAsmGnu.o Generated_Source\PSoC5\CyBootAsmGnu.s
arm-none-eabi-ar.exe -rs .\CortexM3\ARM_GCC_541\Debug\CupSensor_IF.a .\CortexM3\ARM_GCC_541\Debug\CupSensor_1_TIA.o .\CortexM3\ARM_GCC_541\Debug\CupSensor_1_TIA_PM.o .\CortexM3\ARM_GCC_541\Debug\CupSensor_1_Clock_2.o .\CortexM3\ARM_GCC_541\Debug\CupSensor_1_Mixer.o .\CortexM3\ARM_GCC_541\Debug\CupSensor_1_Mixer_PM.o .\CortexM3\ARM_GCC_541\Debug\CupSensor_1_ADC_DelSig.o .\CortexM3\ARM_GCC_541\Debug\CupSensor_1_ADC_DelSig_PM.o .\CortexM3\ARM_GCC_541\Debug\CupSensor_1_ADC_DelSig_INT.o .\CortexM3\ARM_GCC_541\Debug\CupSensor_1_isr_1.o .\CortexM3\ARM_GCC_541\Debug\CupSensor_1_ADC_DelSig_Ext_CP_Clk.o .\CortexM3\ARM_GCC_541\Debug\CupSensor_1_ADC_DelSig_IRQ.o .\CortexM3\ARM_GCC_541\Debug\cy_em_eeprom.o .\CortexM3\ARM_GCC_541\Debug\CyDmac.o .\CortexM3\ARM_GCC_541\Debug\CyFlash.o .\CortexM3\ARM_GCC_541\Debug\CyLib.o .\CortexM3\ARM_GCC_541\Debug\cyPm.o .\CortexM3\ARM_GCC_541\Debug\CySpc.o .\CortexM3\ARM_GCC_541\Debug\cyutils.o .\CortexM3\ARM_GCC_541\Debug\CupSensor_1_CupSensor.o .\CortexM3\ARM_GCC_541\Debug\CupSensor_1_CupSensorUnit.o .\CortexM3\ARM_GCC_541\Debug\CupSensor_1_CircularBuffer.o .\CortexM3\ARM_GCC_541\Debug\CupSensor_1_Control_Reg_Led.o .\CortexM3\ARM_GCC_541\Debug\CupSensor_1_Control_Reg_Led_PM.o .\CortexM3\ARM_GCC_541\Debug\CupSensor_1_DMA_ADC_dma.o .\CortexM3\ARM_GCC_541\Debug\CupSensor_1_DMA_Filter_to_DAC_dma.o .\CortexM3\ARM_GCC_541\Debug\CupSensor_1_DMA_Filter_dma.o .\CortexM3\ARM_GCC_541\Debug\CupSensor_1_ADC_DelSig_theACLK.o .\CortexM3\ARM_GCC_541\Debug\photodiodes.o .\CortexM3\ARM_GCC_541\Debug\leds.o .\CortexM3\ARM_GCC_541\Debug\dacOut.o .\CortexM3\ARM_GCC_541\Debug\CupSensor_1_VDAC8.o .\CortexM3\ARM_GCC_541\Debug\CupSensor_1_VDAC8_PM.o .\CortexM3\ARM_GCC_541\Debug\CupSensor_1_ADC_DelSig_Bypass_P03.o .\CortexM3\ARM_GCC_541\Debug\UART.o .\CortexM3\ARM_GCC_541\Debug\UART_PM.o .\CortexM3\ARM_GCC_541\Debug\UART_INT.o .\CortexM3\ARM_GCC_541\Debug\UART_BOOT.o .\CortexM3\ARM_GCC_541\Debug\UART_IntClock.o .\CortexM3\ARM_GCC_541\Debug\CyBootAsmGnu.o
arm-none-eabi-ar.exe: creating .\CortexM3\ARM_GCC_541\Debug\CupSensor_IF.a
arm-none-eabi-gcc.exe -Wl,--start-group -o "C:\Users\nikol\Documents\git\3. Semester\PRJ3\player_side_app\CupSensor_IF\CupSensor_IF.cydsn\CortexM3\ARM_GCC_541\Debug\CupSensor_IF.elf" .\CortexM3\ARM_GCC_541\Debug\main.o .\CortexM3\ARM_GCC_541\Debug\cyfitter_cfg.o .\CortexM3\ARM_GCC_541\Debug\cymetadata.o .\CortexM3\ARM_GCC_541\Debug\Cm3Start.o .\CortexM3\ARM_GCC_541\Debug\CupSensor_IF.a "C:\Program Files (x86)\Cypress\PSoC Creator\4.2\PSoC Creator\psoc\content\cycomponentlibrary\CyComponentLibrary.cylib\CortexM3\ARM_GCC_541\Debug\CyComponentLibrary.a" -mcpu=cortex-m3 -mthumb -L Generated_Source\PSoC5 -Wl,-Map,.\CortexM3\ARM_GCC_541\Debug/CupSensor_IF.map -T Generated_Source\PSoC5\cm3gcc.ld -specs=nano.specs -Wl,--gc-sections -g -ffunction-sections -Og -ffat-lto-objects -Wl,--end-group
cyelftool.exe -C "C:\Users\nikol\Documents\git\3. Semester\PRJ3\player_side_app\CupSensor_IF\CupSensor_IF.cydsn\CortexM3\ARM_GCC_541\Debug\CupSensor_IF.elf" --flash_row_size 256 --flash_size 262144 --flash_offset 0x00000000
No ELF section .cychecksum found, creating one
Application checksum calculated and stored in ELF section .cychecksum
Checksum calculated and stored in ELF section .cymeta
cyelftool.exe -S "C:\Users\nikol\Documents\git\3. Semester\PRJ3\player_side_app\CupSensor_IF\CupSensor_IF.cydsn\CortexM3\ARM_GCC_541\Debug\CupSensor_IF.elf"
Flash used: 19912 of 262144 bytes (7,6 %).
SRAM used: 15473 of 65536 bytes (23,6 %). Stack: 2048 bytes. Heap: 128 bytes.
--------------- Rebuild Succeeded: 11/21/2018 21:50:01 ---------------
